ARM GAS  /var/folders/wl/rshn8xbx1dsfj1zgryf4g1240000gn/T//ccF4xMdO.s 			page 1


   1              		.cpu cortex-m7
   2              		.eabi_attribute 28, 1
   3              		.eabi_attribute 20, 1
   4              		.eabi_attribute 21, 1
   5              		.eabi_attribute 23, 3
   6              		.eabi_attribute 24, 1
   7              		.eabi_attribute 25, 1
   8              		.eabi_attribute 26, 1
   9              		.eabi_attribute 30, 2
  10              		.eabi_attribute 34, 1
  11              		.eabi_attribute 18, 4
  12              		.file	"arm_lms_norm_f32.c"
  13              		.text
  14              	.Ltext0:
  15              		.cfi_sections	.debug_frame
  16              		.section	.text.arm_lms_norm_f32,"ax",%progbits
  17              		.align	1
  18              		.p2align 2,,3
  19              		.global	arm_lms_norm_f32
  20              		.arch armv7e-m
  21              		.syntax unified
  22              		.thumb
  23              		.thumb_func
  24              		.fpu fpv5-d16
  26              	arm_lms_norm_f32:
  27              	.LVL0:
  28              	.LFB145:
  29              		.file 1 ".//Libraries/CMSIS/DSP/Source/FilteringFunctions/arm_lms_norm_f32.c"
   1:.//Libraries/CMSIS/DSP/Source/FilteringFunctions/arm_lms_norm_f32.c **** /* ----------------------------------------------------------------------
   2:.//Libraries/CMSIS/DSP/Source/FilteringFunctions/arm_lms_norm_f32.c ****  * Project:      CMSIS DSP Library
   3:.//Libraries/CMSIS/DSP/Source/FilteringFunctions/arm_lms_norm_f32.c ****  * Title:        arm_lms_norm_f32.c
   4:.//Libraries/CMSIS/DSP/Source/FilteringFunctions/arm_lms_norm_f32.c ****  * Description:  Processing function for the floating-point NLMS filter
   5:.//Libraries/CMSIS/DSP/Source/FilteringFunctions/arm_lms_norm_f32.c ****  *
   6:.//Libraries/CMSIS/DSP/Source/FilteringFunctions/arm_lms_norm_f32.c ****  * $Date:        18. March 2019
   7:.//Libraries/CMSIS/DSP/Source/FilteringFunctions/arm_lms_norm_f32.c ****  * $Revision:    V1.6.0
   8:.//Libraries/CMSIS/DSP/Source/FilteringFunctions/arm_lms_norm_f32.c ****  *
   9:.//Libraries/CMSIS/DSP/Source/FilteringFunctions/arm_lms_norm_f32.c ****  * Target Processor: Cortex-M cores
  10:.//Libraries/CMSIS/DSP/Source/FilteringFunctions/arm_lms_norm_f32.c ****  * -------------------------------------------------------------------- */
  11:.//Libraries/CMSIS/DSP/Source/FilteringFunctions/arm_lms_norm_f32.c **** /*
  12:.//Libraries/CMSIS/DSP/Source/FilteringFunctions/arm_lms_norm_f32.c ****  * Copyright (C) 2010-2019 ARM Limited or its affiliates. All rights reserved.
  13:.//Libraries/CMSIS/DSP/Source/FilteringFunctions/arm_lms_norm_f32.c ****  *
  14:.//Libraries/CMSIS/DSP/Source/FilteringFunctions/arm_lms_norm_f32.c ****  * SPDX-License-Identifier: Apache-2.0
  15:.//Libraries/CMSIS/DSP/Source/FilteringFunctions/arm_lms_norm_f32.c ****  *
  16:.//Libraries/CMSIS/DSP/Source/FilteringFunctions/arm_lms_norm_f32.c ****  * Licensed under the Apache License, Version 2.0 (the License); you may
  17:.//Libraries/CMSIS/DSP/Source/FilteringFunctions/arm_lms_norm_f32.c ****  * not use this file except in compliance with the License.
  18:.//Libraries/CMSIS/DSP/Source/FilteringFunctions/arm_lms_norm_f32.c ****  * You may obtain a copy of the License at
  19:.//Libraries/CMSIS/DSP/Source/FilteringFunctions/arm_lms_norm_f32.c ****  *
  20:.//Libraries/CMSIS/DSP/Source/FilteringFunctions/arm_lms_norm_f32.c ****  * www.apache.org/licenses/LICENSE-2.0
  21:.//Libraries/CMSIS/DSP/Source/FilteringFunctions/arm_lms_norm_f32.c ****  *
  22:.//Libraries/CMSIS/DSP/Source/FilteringFunctions/arm_lms_norm_f32.c ****  * Unless required by applicable law or agreed to in writing, software
  23:.//Libraries/CMSIS/DSP/Source/FilteringFunctions/arm_lms_norm_f32.c ****  * distributed under the License is distributed on an AS IS BASIS, WITHOUT
  24:.//Libraries/CMSIS/DSP/Source/FilteringFunctions/arm_lms_norm_f32.c ****  * WARRANTIES OR CONDITIONS OF ANY KIND, either express or implied.
  25:.//Libraries/CMSIS/DSP/Source/FilteringFunctions/arm_lms_norm_f32.c ****  * See the License for the specific language governing permissions and
  26:.//Libraries/CMSIS/DSP/Source/FilteringFunctions/arm_lms_norm_f32.c ****  * limitations under the License.
  27:.//Libraries/CMSIS/DSP/Source/FilteringFunctions/arm_lms_norm_f32.c ****  */
  28:.//Libraries/CMSIS/DSP/Source/FilteringFunctions/arm_lms_norm_f32.c **** 
  29:.//Libraries/CMSIS/DSP/Source/FilteringFunctions/arm_lms_norm_f32.c **** #include "arm_math.h"
ARM GAS  /var/folders/wl/rshn8xbx1dsfj1zgryf4g1240000gn/T//ccF4xMdO.s 			page 2


  30:.//Libraries/CMSIS/DSP/Source/FilteringFunctions/arm_lms_norm_f32.c **** 
  31:.//Libraries/CMSIS/DSP/Source/FilteringFunctions/arm_lms_norm_f32.c **** /**
  32:.//Libraries/CMSIS/DSP/Source/FilteringFunctions/arm_lms_norm_f32.c ****   @ingroup groupFilters
  33:.//Libraries/CMSIS/DSP/Source/FilteringFunctions/arm_lms_norm_f32.c ****  */
  34:.//Libraries/CMSIS/DSP/Source/FilteringFunctions/arm_lms_norm_f32.c **** 
  35:.//Libraries/CMSIS/DSP/Source/FilteringFunctions/arm_lms_norm_f32.c **** /**
  36:.//Libraries/CMSIS/DSP/Source/FilteringFunctions/arm_lms_norm_f32.c ****   @defgroup LMS_NORM Normalized LMS Filters
  37:.//Libraries/CMSIS/DSP/Source/FilteringFunctions/arm_lms_norm_f32.c **** 
  38:.//Libraries/CMSIS/DSP/Source/FilteringFunctions/arm_lms_norm_f32.c ****   This set of functions implements a commonly used adaptive filter.
  39:.//Libraries/CMSIS/DSP/Source/FilteringFunctions/arm_lms_norm_f32.c ****   It is related to the Least Mean Square (LMS) adaptive filter and includes an additional normaliza
  40:.//Libraries/CMSIS/DSP/Source/FilteringFunctions/arm_lms_norm_f32.c ****   factor which increases the adaptation rate of the filter.
  41:.//Libraries/CMSIS/DSP/Source/FilteringFunctions/arm_lms_norm_f32.c ****   The CMSIS DSP Library contains normalized LMS filter functions that operate on Q15, Q31, and floa
  42:.//Libraries/CMSIS/DSP/Source/FilteringFunctions/arm_lms_norm_f32.c **** 
  43:.//Libraries/CMSIS/DSP/Source/FilteringFunctions/arm_lms_norm_f32.c ****   A normalized least mean square (NLMS) filter consists of two components as shown below.
  44:.//Libraries/CMSIS/DSP/Source/FilteringFunctions/arm_lms_norm_f32.c ****   The first component is a standard transversal or FIR filter.
  45:.//Libraries/CMSIS/DSP/Source/FilteringFunctions/arm_lms_norm_f32.c ****   The second component is a coefficient update mechanism.
  46:.//Libraries/CMSIS/DSP/Source/FilteringFunctions/arm_lms_norm_f32.c ****   The NLMS filter has two input signals.
  47:.//Libraries/CMSIS/DSP/Source/FilteringFunctions/arm_lms_norm_f32.c ****   The "input" feeds the FIR filter while the "reference input" corresponds to the desired output of
  48:.//Libraries/CMSIS/DSP/Source/FilteringFunctions/arm_lms_norm_f32.c ****   That is, the FIR filter coefficients are updated so that the output of the FIR filter matches the
  49:.//Libraries/CMSIS/DSP/Source/FilteringFunctions/arm_lms_norm_f32.c ****   The filter coefficient update mechanism is based on the difference between the FIR filter output 
  50:.//Libraries/CMSIS/DSP/Source/FilteringFunctions/arm_lms_norm_f32.c ****   This "error signal" tends towards zero as the filter adapts.
  51:.//Libraries/CMSIS/DSP/Source/FilteringFunctions/arm_lms_norm_f32.c ****   The NLMS processing functions accept the input and reference input signals and generate the filte
  52:.//Libraries/CMSIS/DSP/Source/FilteringFunctions/arm_lms_norm_f32.c ****   \image html LMS.gif "Internal structure of the NLMS adaptive filter"
  53:.//Libraries/CMSIS/DSP/Source/FilteringFunctions/arm_lms_norm_f32.c **** 
  54:.//Libraries/CMSIS/DSP/Source/FilteringFunctions/arm_lms_norm_f32.c ****   The functions operate on blocks of data and each call to the function processes
  55:.//Libraries/CMSIS/DSP/Source/FilteringFunctions/arm_lms_norm_f32.c ****   <code>blockSize</code> samples through the filter.
  56:.//Libraries/CMSIS/DSP/Source/FilteringFunctions/arm_lms_norm_f32.c ****   <code>pSrc</code> points to input signal, <code>pRef</code> points to reference signal,
  57:.//Libraries/CMSIS/DSP/Source/FilteringFunctions/arm_lms_norm_f32.c ****   <code>pOut</code> points to output signal and <code>pErr</code> points to error signal.
  58:.//Libraries/CMSIS/DSP/Source/FilteringFunctions/arm_lms_norm_f32.c ****   All arrays contain <code>blockSize</code> values.
  59:.//Libraries/CMSIS/DSP/Source/FilteringFunctions/arm_lms_norm_f32.c **** 
  60:.//Libraries/CMSIS/DSP/Source/FilteringFunctions/arm_lms_norm_f32.c ****   The functions operate on a block-by-block basis.
  61:.//Libraries/CMSIS/DSP/Source/FilteringFunctions/arm_lms_norm_f32.c ****   Internally, the filter coefficients <code>b[n]</code> are updated on a sample-by-sample basis.
  62:.//Libraries/CMSIS/DSP/Source/FilteringFunctions/arm_lms_norm_f32.c ****   The convergence of the LMS filter is slower compared to the normalized LMS algorithm.
  63:.//Libraries/CMSIS/DSP/Source/FilteringFunctions/arm_lms_norm_f32.c **** 
  64:.//Libraries/CMSIS/DSP/Source/FilteringFunctions/arm_lms_norm_f32.c ****  @par            Algorithm
  65:.//Libraries/CMSIS/DSP/Source/FilteringFunctions/arm_lms_norm_f32.c ****                    The output signal <code>y[n]</code> is computed by a standard FIR filter:
  66:.//Libraries/CMSIS/DSP/Source/FilteringFunctions/arm_lms_norm_f32.c ****   <pre>
  67:.//Libraries/CMSIS/DSP/Source/FilteringFunctions/arm_lms_norm_f32.c ****       y[n] = b[0] * x[n] + b[1] * x[n-1] + b[2] * x[n-2] + ...+ b[numTaps-1] * x[n-numTaps+1]
  68:.//Libraries/CMSIS/DSP/Source/FilteringFunctions/arm_lms_norm_f32.c ****   </pre>
  69:.//Libraries/CMSIS/DSP/Source/FilteringFunctions/arm_lms_norm_f32.c **** 
  70:.//Libraries/CMSIS/DSP/Source/FilteringFunctions/arm_lms_norm_f32.c ****  @par
  71:.//Libraries/CMSIS/DSP/Source/FilteringFunctions/arm_lms_norm_f32.c ****                    The error signal equals the difference between the reference signal <code>d[n]</
  72:.//Libraries/CMSIS/DSP/Source/FilteringFunctions/arm_lms_norm_f32.c ****   <pre>
  73:.//Libraries/CMSIS/DSP/Source/FilteringFunctions/arm_lms_norm_f32.c ****       e[n] = d[n] - y[n].
  74:.//Libraries/CMSIS/DSP/Source/FilteringFunctions/arm_lms_norm_f32.c ****   </pre>
  75:.//Libraries/CMSIS/DSP/Source/FilteringFunctions/arm_lms_norm_f32.c **** 
  76:.//Libraries/CMSIS/DSP/Source/FilteringFunctions/arm_lms_norm_f32.c ****  @par
  77:.//Libraries/CMSIS/DSP/Source/FilteringFunctions/arm_lms_norm_f32.c ****                    After each sample of the error signal is computed the instanteous energy of the 
  78:.//Libraries/CMSIS/DSP/Source/FilteringFunctions/arm_lms_norm_f32.c ****   <pre>
  79:.//Libraries/CMSIS/DSP/Source/FilteringFunctions/arm_lms_norm_f32.c ****      E = x[n]^2 + x[n-1]^2 + ... + x[n-numTaps+1]^2.
  80:.//Libraries/CMSIS/DSP/Source/FilteringFunctions/arm_lms_norm_f32.c ****   </pre>
  81:.//Libraries/CMSIS/DSP/Source/FilteringFunctions/arm_lms_norm_f32.c ****                    The filter coefficients <code>b[k]</code> are then updated on a sample-by-sample
  82:.//Libraries/CMSIS/DSP/Source/FilteringFunctions/arm_lms_norm_f32.c ****   <pre>
  83:.//Libraries/CMSIS/DSP/Source/FilteringFunctions/arm_lms_norm_f32.c ****       b[k] = b[k] + e[n] * (mu/E) * x[n-k],  for k=0, 1, ..., numTaps-1
  84:.//Libraries/CMSIS/DSP/Source/FilteringFunctions/arm_lms_norm_f32.c ****   </pre>
  85:.//Libraries/CMSIS/DSP/Source/FilteringFunctions/arm_lms_norm_f32.c ****                    where <code>mu</code> is the step size and controls the rate of coefficient conv
  86:.//Libraries/CMSIS/DSP/Source/FilteringFunctions/arm_lms_norm_f32.c ****  @par
ARM GAS  /var/folders/wl/rshn8xbx1dsfj1zgryf4g1240000gn/T//ccF4xMdO.s 			page 3


  87:.//Libraries/CMSIS/DSP/Source/FilteringFunctions/arm_lms_norm_f32.c ****                    In the APIs, <code>pCoeffs</code> points to a coefficient array of size <code>nu
  88:.//Libraries/CMSIS/DSP/Source/FilteringFunctions/arm_lms_norm_f32.c ****                    Coefficients are stored in time reversed order.
  89:.//Libraries/CMSIS/DSP/Source/FilteringFunctions/arm_lms_norm_f32.c ****  @par
  90:.//Libraries/CMSIS/DSP/Source/FilteringFunctions/arm_lms_norm_f32.c ****   <pre>
  91:.//Libraries/CMSIS/DSP/Source/FilteringFunctions/arm_lms_norm_f32.c ****      {b[numTaps-1], b[numTaps-2], b[N-2], ..., b[1], b[0]}
  92:.//Libraries/CMSIS/DSP/Source/FilteringFunctions/arm_lms_norm_f32.c ****   </pre>
  93:.//Libraries/CMSIS/DSP/Source/FilteringFunctions/arm_lms_norm_f32.c ****  @par
  94:.//Libraries/CMSIS/DSP/Source/FilteringFunctions/arm_lms_norm_f32.c ****                    <code>pState</code> points to a state array of size <code>numTaps + blockSize - 
  95:.//Libraries/CMSIS/DSP/Source/FilteringFunctions/arm_lms_norm_f32.c ****                    Samples in the state buffer are stored in the order:
  96:.//Libraries/CMSIS/DSP/Source/FilteringFunctions/arm_lms_norm_f32.c ****  @par
  97:.//Libraries/CMSIS/DSP/Source/FilteringFunctions/arm_lms_norm_f32.c ****   <pre>
  98:.//Libraries/CMSIS/DSP/Source/FilteringFunctions/arm_lms_norm_f32.c ****      {x[n-numTaps+1], x[n-numTaps], x[n-numTaps-1], x[n-numTaps-2]....x[0], x[1], ..., x[blockSize-
  99:.//Libraries/CMSIS/DSP/Source/FilteringFunctions/arm_lms_norm_f32.c ****   </pre>
 100:.//Libraries/CMSIS/DSP/Source/FilteringFunctions/arm_lms_norm_f32.c ****  @par
 101:.//Libraries/CMSIS/DSP/Source/FilteringFunctions/arm_lms_norm_f32.c ****                    Note that the length of the state buffer exceeds the length of the coefficient a
 102:.//Libraries/CMSIS/DSP/Source/FilteringFunctions/arm_lms_norm_f32.c ****                    The increased state buffer length allows circular addressing, which is tradition
 103:.//Libraries/CMSIS/DSP/Source/FilteringFunctions/arm_lms_norm_f32.c ****                    to be avoided and yields a significant speed improvement.
 104:.//Libraries/CMSIS/DSP/Source/FilteringFunctions/arm_lms_norm_f32.c ****                    The state variables are updated after each block of data is processed.
 105:.//Libraries/CMSIS/DSP/Source/FilteringFunctions/arm_lms_norm_f32.c **** 
 106:.//Libraries/CMSIS/DSP/Source/FilteringFunctions/arm_lms_norm_f32.c ****  @par            Instance Structure
 107:.//Libraries/CMSIS/DSP/Source/FilteringFunctions/arm_lms_norm_f32.c ****                    The coefficients and state variables for a filter are stored together in an inst
 108:.//Libraries/CMSIS/DSP/Source/FilteringFunctions/arm_lms_norm_f32.c ****                    A separate instance structure must be defined for each filter and
 109:.//Libraries/CMSIS/DSP/Source/FilteringFunctions/arm_lms_norm_f32.c ****                    coefficient and state arrays cannot be shared among instances.
 110:.//Libraries/CMSIS/DSP/Source/FilteringFunctions/arm_lms_norm_f32.c ****                    There are separate instance structure declarations for each of the 3 supported d
 111:.//Libraries/CMSIS/DSP/Source/FilteringFunctions/arm_lms_norm_f32.c **** 
 112:.//Libraries/CMSIS/DSP/Source/FilteringFunctions/arm_lms_norm_f32.c ****  @par            Initialization Functions
 113:.//Libraries/CMSIS/DSP/Source/FilteringFunctions/arm_lms_norm_f32.c ****                    There is also an associated initialization function for each data type.
 114:.//Libraries/CMSIS/DSP/Source/FilteringFunctions/arm_lms_norm_f32.c ****                    The initialization function performs the following operations:
 115:.//Libraries/CMSIS/DSP/Source/FilteringFunctions/arm_lms_norm_f32.c ****                    - Sets the values of the internal structure fields.
 116:.//Libraries/CMSIS/DSP/Source/FilteringFunctions/arm_lms_norm_f32.c ****                    - Zeros out the values in the state buffer.
 117:.//Libraries/CMSIS/DSP/Source/FilteringFunctions/arm_lms_norm_f32.c ****                    To do this manually without calling the init function, assign the follow subfiel
 118:.//Libraries/CMSIS/DSP/Source/FilteringFunctions/arm_lms_norm_f32.c ****                    numTaps, pCoeffs, mu, energy, x0, pState. Also set all of the values in pState t
 119:.//Libraries/CMSIS/DSP/Source/FilteringFunctions/arm_lms_norm_f32.c ****                    For Q7, Q15, and Q31 the following fields must also be initialized;
 120:.//Libraries/CMSIS/DSP/Source/FilteringFunctions/arm_lms_norm_f32.c ****                    recipTable, postShift
 121:.//Libraries/CMSIS/DSP/Source/FilteringFunctions/arm_lms_norm_f32.c ****  @par
 122:.//Libraries/CMSIS/DSP/Source/FilteringFunctions/arm_lms_norm_f32.c ****                    Instance structure cannot be placed into a const data section and it is recommen
 123:.//Libraries/CMSIS/DSP/Source/FilteringFunctions/arm_lms_norm_f32.c ****  @par            Fixed-Point Behavior
 124:.//Libraries/CMSIS/DSP/Source/FilteringFunctions/arm_lms_norm_f32.c ****                    Care must be taken when using the Q15 and Q31 versions of the normalised LMS fil
 125:.//Libraries/CMSIS/DSP/Source/FilteringFunctions/arm_lms_norm_f32.c ****                    The following issues must be considered:
 126:.//Libraries/CMSIS/DSP/Source/FilteringFunctions/arm_lms_norm_f32.c ****                    - Scaling of coefficients
 127:.//Libraries/CMSIS/DSP/Source/FilteringFunctions/arm_lms_norm_f32.c ****                    - Overflow and saturation
 128:.//Libraries/CMSIS/DSP/Source/FilteringFunctions/arm_lms_norm_f32.c **** 
 129:.//Libraries/CMSIS/DSP/Source/FilteringFunctions/arm_lms_norm_f32.c ****  @par            Scaling of Coefficients
 130:.//Libraries/CMSIS/DSP/Source/FilteringFunctions/arm_lms_norm_f32.c ****                    Filter coefficients are represented as fractional values and
 131:.//Libraries/CMSIS/DSP/Source/FilteringFunctions/arm_lms_norm_f32.c ****                    coefficients are restricted to lie in the range <code>[-1 +1)</code>.
 132:.//Libraries/CMSIS/DSP/Source/FilteringFunctions/arm_lms_norm_f32.c ****                    The fixed-point functions have an additional scaling parameter <code>postShift</
 133:.//Libraries/CMSIS/DSP/Source/FilteringFunctions/arm_lms_norm_f32.c ****                    At the output of the filter's accumulator is a shift register which shifts the r
 134:.//Libraries/CMSIS/DSP/Source/FilteringFunctions/arm_lms_norm_f32.c ****                    This essentially scales the filter coefficients by <code>2^postShift</code> and
 135:.//Libraries/CMSIS/DSP/Source/FilteringFunctions/arm_lms_norm_f32.c ****                    allows the filter coefficients to exceed the range <code>[+1 -1)</code>.
 136:.//Libraries/CMSIS/DSP/Source/FilteringFunctions/arm_lms_norm_f32.c ****                    The value of <code>postShift</code> is set by the user based on the expected gai
 137:.//Libraries/CMSIS/DSP/Source/FilteringFunctions/arm_lms_norm_f32.c **** 
 138:.//Libraries/CMSIS/DSP/Source/FilteringFunctions/arm_lms_norm_f32.c ****  @par            Overflow and Saturation
 139:.//Libraries/CMSIS/DSP/Source/FilteringFunctions/arm_lms_norm_f32.c ****                    Overflow and saturation behavior of the fixed-point Q15 and Q31 versions are
 140:.//Libraries/CMSIS/DSP/Source/FilteringFunctions/arm_lms_norm_f32.c ****                    described separately as part of the function specific documentation below.
 141:.//Libraries/CMSIS/DSP/Source/FilteringFunctions/arm_lms_norm_f32.c ****  */
 142:.//Libraries/CMSIS/DSP/Source/FilteringFunctions/arm_lms_norm_f32.c **** 
 143:.//Libraries/CMSIS/DSP/Source/FilteringFunctions/arm_lms_norm_f32.c **** /**
ARM GAS  /var/folders/wl/rshn8xbx1dsfj1zgryf4g1240000gn/T//ccF4xMdO.s 			page 4


 144:.//Libraries/CMSIS/DSP/Source/FilteringFunctions/arm_lms_norm_f32.c ****   @addtogroup LMS_NORM
 145:.//Libraries/CMSIS/DSP/Source/FilteringFunctions/arm_lms_norm_f32.c ****   @{
 146:.//Libraries/CMSIS/DSP/Source/FilteringFunctions/arm_lms_norm_f32.c ****  */
 147:.//Libraries/CMSIS/DSP/Source/FilteringFunctions/arm_lms_norm_f32.c **** 
 148:.//Libraries/CMSIS/DSP/Source/FilteringFunctions/arm_lms_norm_f32.c **** /**
 149:.//Libraries/CMSIS/DSP/Source/FilteringFunctions/arm_lms_norm_f32.c ****   @brief         Processing function for floating-point normalized LMS filter.
 150:.//Libraries/CMSIS/DSP/Source/FilteringFunctions/arm_lms_norm_f32.c ****   @param[in]     S         points to an instance of the floating-point normalized LMS filter struct
 151:.//Libraries/CMSIS/DSP/Source/FilteringFunctions/arm_lms_norm_f32.c ****   @param[in]     pSrc      points to the block of input data
 152:.//Libraries/CMSIS/DSP/Source/FilteringFunctions/arm_lms_norm_f32.c ****   @param[in]     pRef      points to the block of reference data
 153:.//Libraries/CMSIS/DSP/Source/FilteringFunctions/arm_lms_norm_f32.c ****   @param[out]    pOut      points to the block of output data
 154:.//Libraries/CMSIS/DSP/Source/FilteringFunctions/arm_lms_norm_f32.c ****   @param[out]    pErr      points to the block of error data
 155:.//Libraries/CMSIS/DSP/Source/FilteringFunctions/arm_lms_norm_f32.c ****   @param[in]     blockSize number of samples to process
 156:.//Libraries/CMSIS/DSP/Source/FilteringFunctions/arm_lms_norm_f32.c ****   @return        none
 157:.//Libraries/CMSIS/DSP/Source/FilteringFunctions/arm_lms_norm_f32.c ****  */
 158:.//Libraries/CMSIS/DSP/Source/FilteringFunctions/arm_lms_norm_f32.c **** 
 159:.//Libraries/CMSIS/DSP/Source/FilteringFunctions/arm_lms_norm_f32.c **** #if defined(ARM_MATH_NEON)
 160:.//Libraries/CMSIS/DSP/Source/FilteringFunctions/arm_lms_norm_f32.c **** void arm_lms_norm_f32(
 161:.//Libraries/CMSIS/DSP/Source/FilteringFunctions/arm_lms_norm_f32.c ****   arm_lms_norm_instance_f32 * S,
 162:.//Libraries/CMSIS/DSP/Source/FilteringFunctions/arm_lms_norm_f32.c ****   const float32_t * pSrc,
 163:.//Libraries/CMSIS/DSP/Source/FilteringFunctions/arm_lms_norm_f32.c ****   float32_t * pRef,
 164:.//Libraries/CMSIS/DSP/Source/FilteringFunctions/arm_lms_norm_f32.c ****   float32_t * pOut,
 165:.//Libraries/CMSIS/DSP/Source/FilteringFunctions/arm_lms_norm_f32.c ****   float32_t * pErr,
 166:.//Libraries/CMSIS/DSP/Source/FilteringFunctions/arm_lms_norm_f32.c ****   uint32_t blockSize)
 167:.//Libraries/CMSIS/DSP/Source/FilteringFunctions/arm_lms_norm_f32.c **** {
 168:.//Libraries/CMSIS/DSP/Source/FilteringFunctions/arm_lms_norm_f32.c ****   float32_t *pState = S->pState;                 /* State pointer */
 169:.//Libraries/CMSIS/DSP/Source/FilteringFunctions/arm_lms_norm_f32.c ****   float32_t *pCoeffs = S->pCoeffs;               /* Coefficient pointer */
 170:.//Libraries/CMSIS/DSP/Source/FilteringFunctions/arm_lms_norm_f32.c ****   float32_t *pStateCurnt;                        /* Points to the current sample of the state */
 171:.//Libraries/CMSIS/DSP/Source/FilteringFunctions/arm_lms_norm_f32.c ****   float32_t *px, *pb;                            /* Temporary pointers for state and coefficient bu
 172:.//Libraries/CMSIS/DSP/Source/FilteringFunctions/arm_lms_norm_f32.c ****   float32_t mu = S->mu;                          /* Adaptive factor */
 173:.//Libraries/CMSIS/DSP/Source/FilteringFunctions/arm_lms_norm_f32.c ****   uint32_t numTaps = S->numTaps;                 /* Number of filter coefficients in the filter */
 174:.//Libraries/CMSIS/DSP/Source/FilteringFunctions/arm_lms_norm_f32.c ****   uint32_t tapCnt, blkCnt;                       /* Loop counters */
 175:.//Libraries/CMSIS/DSP/Source/FilteringFunctions/arm_lms_norm_f32.c ****   float32_t energy;                              /* Energy of the input */
 176:.//Libraries/CMSIS/DSP/Source/FilteringFunctions/arm_lms_norm_f32.c ****   float32_t sum, e, d;                           /* accumulator, error, reference data sample */
 177:.//Libraries/CMSIS/DSP/Source/FilteringFunctions/arm_lms_norm_f32.c ****   float32_t w, x0, in;                           /* weight factor, temporary variable to hold input
 178:.//Libraries/CMSIS/DSP/Source/FilteringFunctions/arm_lms_norm_f32.c **** 
 179:.//Libraries/CMSIS/DSP/Source/FilteringFunctions/arm_lms_norm_f32.c ****   float32x4_t tempV, sumV, xV, bV;
 180:.//Libraries/CMSIS/DSP/Source/FilteringFunctions/arm_lms_norm_f32.c ****   float32x2_t tempV2;
 181:.//Libraries/CMSIS/DSP/Source/FilteringFunctions/arm_lms_norm_f32.c **** 
 182:.//Libraries/CMSIS/DSP/Source/FilteringFunctions/arm_lms_norm_f32.c ****   /* Initializations of error,  difference, Coefficient update */
 183:.//Libraries/CMSIS/DSP/Source/FilteringFunctions/arm_lms_norm_f32.c ****   e = 0.0f;
 184:.//Libraries/CMSIS/DSP/Source/FilteringFunctions/arm_lms_norm_f32.c ****   d = 0.0f;
 185:.//Libraries/CMSIS/DSP/Source/FilteringFunctions/arm_lms_norm_f32.c ****   w = 0.0f;
 186:.//Libraries/CMSIS/DSP/Source/FilteringFunctions/arm_lms_norm_f32.c **** 
 187:.//Libraries/CMSIS/DSP/Source/FilteringFunctions/arm_lms_norm_f32.c ****   energy = S->energy;
 188:.//Libraries/CMSIS/DSP/Source/FilteringFunctions/arm_lms_norm_f32.c ****   x0 = S->x0;
 189:.//Libraries/CMSIS/DSP/Source/FilteringFunctions/arm_lms_norm_f32.c **** 
 190:.//Libraries/CMSIS/DSP/Source/FilteringFunctions/arm_lms_norm_f32.c ****   /* S->pState points to buffer which contains previous frame (numTaps - 1) samples */
 191:.//Libraries/CMSIS/DSP/Source/FilteringFunctions/arm_lms_norm_f32.c ****   /* pStateCurnt points to the location where the new input data should be written */
 192:.//Libraries/CMSIS/DSP/Source/FilteringFunctions/arm_lms_norm_f32.c ****   pStateCurnt = &(S->pState[(numTaps - 1U)]);
 193:.//Libraries/CMSIS/DSP/Source/FilteringFunctions/arm_lms_norm_f32.c **** 
 194:.//Libraries/CMSIS/DSP/Source/FilteringFunctions/arm_lms_norm_f32.c ****   /* Loop over blockSize number of values */
 195:.//Libraries/CMSIS/DSP/Source/FilteringFunctions/arm_lms_norm_f32.c ****   blkCnt = blockSize;
 196:.//Libraries/CMSIS/DSP/Source/FilteringFunctions/arm_lms_norm_f32.c **** 
 197:.//Libraries/CMSIS/DSP/Source/FilteringFunctions/arm_lms_norm_f32.c ****   while (blkCnt > 0U)
 198:.//Libraries/CMSIS/DSP/Source/FilteringFunctions/arm_lms_norm_f32.c ****   {
 199:.//Libraries/CMSIS/DSP/Source/FilteringFunctions/arm_lms_norm_f32.c ****     /* Copy the new input sample into the state buffer */
 200:.//Libraries/CMSIS/DSP/Source/FilteringFunctions/arm_lms_norm_f32.c ****     *pStateCurnt++ = *pSrc;
ARM GAS  /var/folders/wl/rshn8xbx1dsfj1zgryf4g1240000gn/T//ccF4xMdO.s 			page 5


 201:.//Libraries/CMSIS/DSP/Source/FilteringFunctions/arm_lms_norm_f32.c **** 
 202:.//Libraries/CMSIS/DSP/Source/FilteringFunctions/arm_lms_norm_f32.c ****     /* Initialize pState pointer */
 203:.//Libraries/CMSIS/DSP/Source/FilteringFunctions/arm_lms_norm_f32.c ****     px = pState;
 204:.//Libraries/CMSIS/DSP/Source/FilteringFunctions/arm_lms_norm_f32.c **** 
 205:.//Libraries/CMSIS/DSP/Source/FilteringFunctions/arm_lms_norm_f32.c ****     /* Initialize coeff pointer */
 206:.//Libraries/CMSIS/DSP/Source/FilteringFunctions/arm_lms_norm_f32.c ****     pb = (pCoeffs);
 207:.//Libraries/CMSIS/DSP/Source/FilteringFunctions/arm_lms_norm_f32.c **** 
 208:.//Libraries/CMSIS/DSP/Source/FilteringFunctions/arm_lms_norm_f32.c ****     /* Read the sample from input buffer */
 209:.//Libraries/CMSIS/DSP/Source/FilteringFunctions/arm_lms_norm_f32.c ****     in = *pSrc++;
 210:.//Libraries/CMSIS/DSP/Source/FilteringFunctions/arm_lms_norm_f32.c **** 
 211:.//Libraries/CMSIS/DSP/Source/FilteringFunctions/arm_lms_norm_f32.c ****     /* Update the energy calculation */
 212:.//Libraries/CMSIS/DSP/Source/FilteringFunctions/arm_lms_norm_f32.c ****     energy -= x0 * x0;
 213:.//Libraries/CMSIS/DSP/Source/FilteringFunctions/arm_lms_norm_f32.c ****     energy += in * in;
 214:.//Libraries/CMSIS/DSP/Source/FilteringFunctions/arm_lms_norm_f32.c **** 
 215:.//Libraries/CMSIS/DSP/Source/FilteringFunctions/arm_lms_norm_f32.c ****     /* Set the accumulator to zero */
 216:.//Libraries/CMSIS/DSP/Source/FilteringFunctions/arm_lms_norm_f32.c ****     sum = 0.0f;
 217:.//Libraries/CMSIS/DSP/Source/FilteringFunctions/arm_lms_norm_f32.c ****     sumV = vdupq_n_f32(0.0);
 218:.//Libraries/CMSIS/DSP/Source/FilteringFunctions/arm_lms_norm_f32.c **** 
 219:.//Libraries/CMSIS/DSP/Source/FilteringFunctions/arm_lms_norm_f32.c ****     /* Process 4 taps at a time. */
 220:.//Libraries/CMSIS/DSP/Source/FilteringFunctions/arm_lms_norm_f32.c ****     tapCnt = numTaps >> 2;
 221:.//Libraries/CMSIS/DSP/Source/FilteringFunctions/arm_lms_norm_f32.c **** 
 222:.//Libraries/CMSIS/DSP/Source/FilteringFunctions/arm_lms_norm_f32.c ****     while (tapCnt > 0U)
 223:.//Libraries/CMSIS/DSP/Source/FilteringFunctions/arm_lms_norm_f32.c ****     {
 224:.//Libraries/CMSIS/DSP/Source/FilteringFunctions/arm_lms_norm_f32.c ****       /* Perform the multiply-accumulate */
 225:.//Libraries/CMSIS/DSP/Source/FilteringFunctions/arm_lms_norm_f32.c ****       xV = vld1q_f32(px);
 226:.//Libraries/CMSIS/DSP/Source/FilteringFunctions/arm_lms_norm_f32.c ****       bV = vld1q_f32(pb);
 227:.//Libraries/CMSIS/DSP/Source/FilteringFunctions/arm_lms_norm_f32.c ****       sumV = vmlaq_f32(sumV, xV, bV);
 228:.//Libraries/CMSIS/DSP/Source/FilteringFunctions/arm_lms_norm_f32.c **** 
 229:.//Libraries/CMSIS/DSP/Source/FilteringFunctions/arm_lms_norm_f32.c ****       px += 4; 
 230:.//Libraries/CMSIS/DSP/Source/FilteringFunctions/arm_lms_norm_f32.c ****       pb += 4;
 231:.//Libraries/CMSIS/DSP/Source/FilteringFunctions/arm_lms_norm_f32.c **** 
 232:.//Libraries/CMSIS/DSP/Source/FilteringFunctions/arm_lms_norm_f32.c ****       /* Decrement the loop counter */
 233:.//Libraries/CMSIS/DSP/Source/FilteringFunctions/arm_lms_norm_f32.c ****       tapCnt--;
 234:.//Libraries/CMSIS/DSP/Source/FilteringFunctions/arm_lms_norm_f32.c ****     }
 235:.//Libraries/CMSIS/DSP/Source/FilteringFunctions/arm_lms_norm_f32.c ****     tempV2 = vpadd_f32(vget_low_f32(sumV),vget_high_f32(sumV));
 236:.//Libraries/CMSIS/DSP/Source/FilteringFunctions/arm_lms_norm_f32.c ****     sum = tempV2[0] + tempV2[1];
 237:.//Libraries/CMSIS/DSP/Source/FilteringFunctions/arm_lms_norm_f32.c **** 
 238:.//Libraries/CMSIS/DSP/Source/FilteringFunctions/arm_lms_norm_f32.c ****     /* If the filter length is not a multiple of 4, compute the remaining filter taps */
 239:.//Libraries/CMSIS/DSP/Source/FilteringFunctions/arm_lms_norm_f32.c ****     tapCnt = numTaps % 0x4U;
 240:.//Libraries/CMSIS/DSP/Source/FilteringFunctions/arm_lms_norm_f32.c **** 
 241:.//Libraries/CMSIS/DSP/Source/FilteringFunctions/arm_lms_norm_f32.c ****     while (tapCnt > 0U)
 242:.//Libraries/CMSIS/DSP/Source/FilteringFunctions/arm_lms_norm_f32.c ****     {
 243:.//Libraries/CMSIS/DSP/Source/FilteringFunctions/arm_lms_norm_f32.c ****       /* Perform the multiply-accumulate */
 244:.//Libraries/CMSIS/DSP/Source/FilteringFunctions/arm_lms_norm_f32.c ****       sum += (*px++) * (*pb++);
 245:.//Libraries/CMSIS/DSP/Source/FilteringFunctions/arm_lms_norm_f32.c **** 
 246:.//Libraries/CMSIS/DSP/Source/FilteringFunctions/arm_lms_norm_f32.c ****       /* Decrement the loop counter */
 247:.//Libraries/CMSIS/DSP/Source/FilteringFunctions/arm_lms_norm_f32.c ****       tapCnt--;
 248:.//Libraries/CMSIS/DSP/Source/FilteringFunctions/arm_lms_norm_f32.c ****     }
 249:.//Libraries/CMSIS/DSP/Source/FilteringFunctions/arm_lms_norm_f32.c **** 
 250:.//Libraries/CMSIS/DSP/Source/FilteringFunctions/arm_lms_norm_f32.c ****     /* The result in the accumulator, store in the destination buffer. */
 251:.//Libraries/CMSIS/DSP/Source/FilteringFunctions/arm_lms_norm_f32.c ****     *pOut++ = sum;
 252:.//Libraries/CMSIS/DSP/Source/FilteringFunctions/arm_lms_norm_f32.c **** 
 253:.//Libraries/CMSIS/DSP/Source/FilteringFunctions/arm_lms_norm_f32.c ****     /* Compute and store error */
 254:.//Libraries/CMSIS/DSP/Source/FilteringFunctions/arm_lms_norm_f32.c ****     d = (float32_t) (*pRef++);
 255:.//Libraries/CMSIS/DSP/Source/FilteringFunctions/arm_lms_norm_f32.c ****     e = d - sum;
 256:.//Libraries/CMSIS/DSP/Source/FilteringFunctions/arm_lms_norm_f32.c ****     *pErr++ = e;
 257:.//Libraries/CMSIS/DSP/Source/FilteringFunctions/arm_lms_norm_f32.c **** 
ARM GAS  /var/folders/wl/rshn8xbx1dsfj1zgryf4g1240000gn/T//ccF4xMdO.s 			page 6


 258:.//Libraries/CMSIS/DSP/Source/FilteringFunctions/arm_lms_norm_f32.c ****     /* Calculation of Weighting factor for updating filter coefficients */
 259:.//Libraries/CMSIS/DSP/Source/FilteringFunctions/arm_lms_norm_f32.c ****     /* epsilon value 0.000000119209289f */
 260:.//Libraries/CMSIS/DSP/Source/FilteringFunctions/arm_lms_norm_f32.c ****     w = (e * mu) / (energy + 0.000000119209289f);
 261:.//Libraries/CMSIS/DSP/Source/FilteringFunctions/arm_lms_norm_f32.c **** 
 262:.//Libraries/CMSIS/DSP/Source/FilteringFunctions/arm_lms_norm_f32.c ****     /* Initialize pState pointer */
 263:.//Libraries/CMSIS/DSP/Source/FilteringFunctions/arm_lms_norm_f32.c ****     px = pState;
 264:.//Libraries/CMSIS/DSP/Source/FilteringFunctions/arm_lms_norm_f32.c **** 
 265:.//Libraries/CMSIS/DSP/Source/FilteringFunctions/arm_lms_norm_f32.c ****     /* Initialize coeff pointer */
 266:.//Libraries/CMSIS/DSP/Source/FilteringFunctions/arm_lms_norm_f32.c ****     pb = (pCoeffs);
 267:.//Libraries/CMSIS/DSP/Source/FilteringFunctions/arm_lms_norm_f32.c **** 
 268:.//Libraries/CMSIS/DSP/Source/FilteringFunctions/arm_lms_norm_f32.c ****     /* Process 4 taps at a time. */
 269:.//Libraries/CMSIS/DSP/Source/FilteringFunctions/arm_lms_norm_f32.c ****     tapCnt = numTaps >> 2;
 270:.//Libraries/CMSIS/DSP/Source/FilteringFunctions/arm_lms_norm_f32.c **** 
 271:.//Libraries/CMSIS/DSP/Source/FilteringFunctions/arm_lms_norm_f32.c ****     /* Update filter coefficients */
 272:.//Libraries/CMSIS/DSP/Source/FilteringFunctions/arm_lms_norm_f32.c ****     while (tapCnt > 0U)
 273:.//Libraries/CMSIS/DSP/Source/FilteringFunctions/arm_lms_norm_f32.c ****     {
 274:.//Libraries/CMSIS/DSP/Source/FilteringFunctions/arm_lms_norm_f32.c ****       /* Perform the multiply-accumulate */
 275:.//Libraries/CMSIS/DSP/Source/FilteringFunctions/arm_lms_norm_f32.c ****       xV = vld1q_f32(px);
 276:.//Libraries/CMSIS/DSP/Source/FilteringFunctions/arm_lms_norm_f32.c ****       bV = vld1q_f32(pb);
 277:.//Libraries/CMSIS/DSP/Source/FilteringFunctions/arm_lms_norm_f32.c ****       px += 4;
 278:.//Libraries/CMSIS/DSP/Source/FilteringFunctions/arm_lms_norm_f32.c ****       bV = vmlaq_n_f32(bV,xV,w);
 279:.//Libraries/CMSIS/DSP/Source/FilteringFunctions/arm_lms_norm_f32.c **** 
 280:.//Libraries/CMSIS/DSP/Source/FilteringFunctions/arm_lms_norm_f32.c ****       vst1q_f32(pb,bV); 
 281:.//Libraries/CMSIS/DSP/Source/FilteringFunctions/arm_lms_norm_f32.c ****       pb += 4;
 282:.//Libraries/CMSIS/DSP/Source/FilteringFunctions/arm_lms_norm_f32.c **** 
 283:.//Libraries/CMSIS/DSP/Source/FilteringFunctions/arm_lms_norm_f32.c **** 
 284:.//Libraries/CMSIS/DSP/Source/FilteringFunctions/arm_lms_norm_f32.c ****       /* Decrement the loop counter */
 285:.//Libraries/CMSIS/DSP/Source/FilteringFunctions/arm_lms_norm_f32.c ****       tapCnt--;
 286:.//Libraries/CMSIS/DSP/Source/FilteringFunctions/arm_lms_norm_f32.c ****     }
 287:.//Libraries/CMSIS/DSP/Source/FilteringFunctions/arm_lms_norm_f32.c **** 
 288:.//Libraries/CMSIS/DSP/Source/FilteringFunctions/arm_lms_norm_f32.c ****     /* If the filter length is not a multiple of 4, compute the remaining filter taps */
 289:.//Libraries/CMSIS/DSP/Source/FilteringFunctions/arm_lms_norm_f32.c ****     tapCnt = numTaps % 0x4U;
 290:.//Libraries/CMSIS/DSP/Source/FilteringFunctions/arm_lms_norm_f32.c **** 
 291:.//Libraries/CMSIS/DSP/Source/FilteringFunctions/arm_lms_norm_f32.c ****     while (tapCnt > 0U)
 292:.//Libraries/CMSIS/DSP/Source/FilteringFunctions/arm_lms_norm_f32.c ****     {
 293:.//Libraries/CMSIS/DSP/Source/FilteringFunctions/arm_lms_norm_f32.c ****       /* Perform the multiply-accumulate */
 294:.//Libraries/CMSIS/DSP/Source/FilteringFunctions/arm_lms_norm_f32.c ****       *pb += w * (*px++);
 295:.//Libraries/CMSIS/DSP/Source/FilteringFunctions/arm_lms_norm_f32.c ****       pb++;
 296:.//Libraries/CMSIS/DSP/Source/FilteringFunctions/arm_lms_norm_f32.c **** 
 297:.//Libraries/CMSIS/DSP/Source/FilteringFunctions/arm_lms_norm_f32.c ****       /* Decrement the loop counter */
 298:.//Libraries/CMSIS/DSP/Source/FilteringFunctions/arm_lms_norm_f32.c ****       tapCnt--;
 299:.//Libraries/CMSIS/DSP/Source/FilteringFunctions/arm_lms_norm_f32.c ****     }
 300:.//Libraries/CMSIS/DSP/Source/FilteringFunctions/arm_lms_norm_f32.c **** 
 301:.//Libraries/CMSIS/DSP/Source/FilteringFunctions/arm_lms_norm_f32.c ****     x0 = *pState;
 302:.//Libraries/CMSIS/DSP/Source/FilteringFunctions/arm_lms_norm_f32.c **** 
 303:.//Libraries/CMSIS/DSP/Source/FilteringFunctions/arm_lms_norm_f32.c ****     /* Advance state pointer by 1 for the next sample */
 304:.//Libraries/CMSIS/DSP/Source/FilteringFunctions/arm_lms_norm_f32.c ****     pState = pState + 1;
 305:.//Libraries/CMSIS/DSP/Source/FilteringFunctions/arm_lms_norm_f32.c **** 
 306:.//Libraries/CMSIS/DSP/Source/FilteringFunctions/arm_lms_norm_f32.c ****     /* Decrement the loop counter */
 307:.//Libraries/CMSIS/DSP/Source/FilteringFunctions/arm_lms_norm_f32.c ****     blkCnt--;
 308:.//Libraries/CMSIS/DSP/Source/FilteringFunctions/arm_lms_norm_f32.c ****   }
 309:.//Libraries/CMSIS/DSP/Source/FilteringFunctions/arm_lms_norm_f32.c **** 
 310:.//Libraries/CMSIS/DSP/Source/FilteringFunctions/arm_lms_norm_f32.c ****   S->energy = energy;
 311:.//Libraries/CMSIS/DSP/Source/FilteringFunctions/arm_lms_norm_f32.c ****   S->x0 = x0;
 312:.//Libraries/CMSIS/DSP/Source/FilteringFunctions/arm_lms_norm_f32.c **** 
 313:.//Libraries/CMSIS/DSP/Source/FilteringFunctions/arm_lms_norm_f32.c ****   /* Processing is complete. Now copy the last numTaps - 1 samples to the
 314:.//Libraries/CMSIS/DSP/Source/FilteringFunctions/arm_lms_norm_f32.c ****      satrt of the state buffer. This prepares the state buffer for the
ARM GAS  /var/folders/wl/rshn8xbx1dsfj1zgryf4g1240000gn/T//ccF4xMdO.s 			page 7


 315:.//Libraries/CMSIS/DSP/Source/FilteringFunctions/arm_lms_norm_f32.c ****      next function call. */
 316:.//Libraries/CMSIS/DSP/Source/FilteringFunctions/arm_lms_norm_f32.c **** 
 317:.//Libraries/CMSIS/DSP/Source/FilteringFunctions/arm_lms_norm_f32.c ****   /* Points to the start of the pState buffer */
 318:.//Libraries/CMSIS/DSP/Source/FilteringFunctions/arm_lms_norm_f32.c ****   pStateCurnt = S->pState;
 319:.//Libraries/CMSIS/DSP/Source/FilteringFunctions/arm_lms_norm_f32.c **** 
 320:.//Libraries/CMSIS/DSP/Source/FilteringFunctions/arm_lms_norm_f32.c ****   /* Process 4 taps at a time for (numTaps - 1U)/4 samples copy */
 321:.//Libraries/CMSIS/DSP/Source/FilteringFunctions/arm_lms_norm_f32.c ****   tapCnt = (numTaps - 1U) >> 2U;
 322:.//Libraries/CMSIS/DSP/Source/FilteringFunctions/arm_lms_norm_f32.c **** 
 323:.//Libraries/CMSIS/DSP/Source/FilteringFunctions/arm_lms_norm_f32.c ****   /* copy data */
 324:.//Libraries/CMSIS/DSP/Source/FilteringFunctions/arm_lms_norm_f32.c ****   while (tapCnt > 0U)
 325:.//Libraries/CMSIS/DSP/Source/FilteringFunctions/arm_lms_norm_f32.c ****   {
 326:.//Libraries/CMSIS/DSP/Source/FilteringFunctions/arm_lms_norm_f32.c ****     tempV = vld1q_f32(pState);
 327:.//Libraries/CMSIS/DSP/Source/FilteringFunctions/arm_lms_norm_f32.c ****     vst1q_f32(pStateCurnt,tempV); 
 328:.//Libraries/CMSIS/DSP/Source/FilteringFunctions/arm_lms_norm_f32.c ****     pState += 4;
 329:.//Libraries/CMSIS/DSP/Source/FilteringFunctions/arm_lms_norm_f32.c ****     pStateCurnt += 4;
 330:.//Libraries/CMSIS/DSP/Source/FilteringFunctions/arm_lms_norm_f32.c **** 
 331:.//Libraries/CMSIS/DSP/Source/FilteringFunctions/arm_lms_norm_f32.c ****     /* Decrement the loop counter */
 332:.//Libraries/CMSIS/DSP/Source/FilteringFunctions/arm_lms_norm_f32.c ****     tapCnt--;
 333:.//Libraries/CMSIS/DSP/Source/FilteringFunctions/arm_lms_norm_f32.c ****   }
 334:.//Libraries/CMSIS/DSP/Source/FilteringFunctions/arm_lms_norm_f32.c **** 
 335:.//Libraries/CMSIS/DSP/Source/FilteringFunctions/arm_lms_norm_f32.c ****   /* Calculate remaining number of copies */
 336:.//Libraries/CMSIS/DSP/Source/FilteringFunctions/arm_lms_norm_f32.c ****   tapCnt = (numTaps - 1U) % 0x4U;
 337:.//Libraries/CMSIS/DSP/Source/FilteringFunctions/arm_lms_norm_f32.c **** 
 338:.//Libraries/CMSIS/DSP/Source/FilteringFunctions/arm_lms_norm_f32.c ****   /* Copy the remaining q31_t data */
 339:.//Libraries/CMSIS/DSP/Source/FilteringFunctions/arm_lms_norm_f32.c ****   while (tapCnt > 0U)
 340:.//Libraries/CMSIS/DSP/Source/FilteringFunctions/arm_lms_norm_f32.c ****   {
 341:.//Libraries/CMSIS/DSP/Source/FilteringFunctions/arm_lms_norm_f32.c ****     *pStateCurnt++ = *pState++;
 342:.//Libraries/CMSIS/DSP/Source/FilteringFunctions/arm_lms_norm_f32.c **** 
 343:.//Libraries/CMSIS/DSP/Source/FilteringFunctions/arm_lms_norm_f32.c ****     /* Decrement the loop counter */
 344:.//Libraries/CMSIS/DSP/Source/FilteringFunctions/arm_lms_norm_f32.c ****     tapCnt--;
 345:.//Libraries/CMSIS/DSP/Source/FilteringFunctions/arm_lms_norm_f32.c ****   }
 346:.//Libraries/CMSIS/DSP/Source/FilteringFunctions/arm_lms_norm_f32.c **** 
 347:.//Libraries/CMSIS/DSP/Source/FilteringFunctions/arm_lms_norm_f32.c **** }
 348:.//Libraries/CMSIS/DSP/Source/FilteringFunctions/arm_lms_norm_f32.c **** #else
 349:.//Libraries/CMSIS/DSP/Source/FilteringFunctions/arm_lms_norm_f32.c **** void arm_lms_norm_f32(
 350:.//Libraries/CMSIS/DSP/Source/FilteringFunctions/arm_lms_norm_f32.c ****         arm_lms_norm_instance_f32 * S,
 351:.//Libraries/CMSIS/DSP/Source/FilteringFunctions/arm_lms_norm_f32.c ****   const float32_t * pSrc,
 352:.//Libraries/CMSIS/DSP/Source/FilteringFunctions/arm_lms_norm_f32.c ****         float32_t * pRef,
 353:.//Libraries/CMSIS/DSP/Source/FilteringFunctions/arm_lms_norm_f32.c ****         float32_t * pOut,
 354:.//Libraries/CMSIS/DSP/Source/FilteringFunctions/arm_lms_norm_f32.c ****         float32_t * pErr,
 355:.//Libraries/CMSIS/DSP/Source/FilteringFunctions/arm_lms_norm_f32.c ****         uint32_t blockSize)
 356:.//Libraries/CMSIS/DSP/Source/FilteringFunctions/arm_lms_norm_f32.c **** {
  30              		.loc 1 356 1 view -0
  31              		.cfi_startproc
  32              		@ args = 8, pretend = 0, frame = 0
  33              		@ frame_needed = 0, uses_anonymous_args = 0
  34              		.loc 1 356 1 is_stmt 0 view .LVU1
  35 0000 2DE9F04F 		push	{r4, r5, r6, r7, r8, r9, r10, fp, lr}
  36              	.LCFI0:
  37              		.cfi_def_cfa_offset 36
  38              		.cfi_offset 4, -36
  39              		.cfi_offset 5, -32
  40              		.cfi_offset 6, -28
  41              		.cfi_offset 7, -24
  42              		.cfi_offset 8, -20
  43              		.cfi_offset 9, -16
  44              		.cfi_offset 10, -12
ARM GAS  /var/folders/wl/rshn8xbx1dsfj1zgryf4g1240000gn/T//ccF4xMdO.s 			page 8


  45              		.cfi_offset 11, -8
  46              		.cfi_offset 14, -4
 357:.//Libraries/CMSIS/DSP/Source/FilteringFunctions/arm_lms_norm_f32.c ****         float32_t *pState = S->pState;                 /* State pointer */
 358:.//Libraries/CMSIS/DSP/Source/FilteringFunctions/arm_lms_norm_f32.c ****         float32_t *pCoeffs = S->pCoeffs;               /* Coefficient pointer */
 359:.//Libraries/CMSIS/DSP/Source/FilteringFunctions/arm_lms_norm_f32.c ****         float32_t *pStateCurnt;                        /* Points to the current sample of the state
 360:.//Libraries/CMSIS/DSP/Source/FilteringFunctions/arm_lms_norm_f32.c ****         float32_t *px, *pb;                            /* Temporary pointers for state and coeffici
 361:.//Libraries/CMSIS/DSP/Source/FilteringFunctions/arm_lms_norm_f32.c ****         float32_t mu = S->mu;                          /* Adaptive factor */
 362:.//Libraries/CMSIS/DSP/Source/FilteringFunctions/arm_lms_norm_f32.c ****         float32_t acc, e;                              /* Accumulator, error */
 363:.//Libraries/CMSIS/DSP/Source/FilteringFunctions/arm_lms_norm_f32.c ****         float32_t w;                                   /* Weight factor */
 364:.//Libraries/CMSIS/DSP/Source/FilteringFunctions/arm_lms_norm_f32.c ****         uint32_t numTaps = S->numTaps;                 /* Number of filter coefficients in the filt
 365:.//Libraries/CMSIS/DSP/Source/FilteringFunctions/arm_lms_norm_f32.c ****         uint32_t tapCnt, blkCnt;                       /* Loop counters */
 366:.//Libraries/CMSIS/DSP/Source/FilteringFunctions/arm_lms_norm_f32.c ****         float32_t energy;                              /* Energy of the input */
 367:.//Libraries/CMSIS/DSP/Source/FilteringFunctions/arm_lms_norm_f32.c ****         float32_t x0, in;                              /* Temporary variable to hold input sample a
 368:.//Libraries/CMSIS/DSP/Source/FilteringFunctions/arm_lms_norm_f32.c **** 
 369:.//Libraries/CMSIS/DSP/Source/FilteringFunctions/arm_lms_norm_f32.c ****   /* Initializations of error,  difference, Coefficient update */
 370:.//Libraries/CMSIS/DSP/Source/FilteringFunctions/arm_lms_norm_f32.c ****   e = 0.0f;
 371:.//Libraries/CMSIS/DSP/Source/FilteringFunctions/arm_lms_norm_f32.c ****   w = 0.0f;
 372:.//Libraries/CMSIS/DSP/Source/FilteringFunctions/arm_lms_norm_f32.c **** 
 373:.//Libraries/CMSIS/DSP/Source/FilteringFunctions/arm_lms_norm_f32.c ****   energy = S->energy;
 374:.//Libraries/CMSIS/DSP/Source/FilteringFunctions/arm_lms_norm_f32.c ****   x0 = S->x0;
 375:.//Libraries/CMSIS/DSP/Source/FilteringFunctions/arm_lms_norm_f32.c **** 
 376:.//Libraries/CMSIS/DSP/Source/FilteringFunctions/arm_lms_norm_f32.c ****   /* S->pState points to buffer which contains previous frame (numTaps - 1) samples */
 377:.//Libraries/CMSIS/DSP/Source/FilteringFunctions/arm_lms_norm_f32.c ****   /* pStateCurnt points to the location where the new input data should be written */
 378:.//Libraries/CMSIS/DSP/Source/FilteringFunctions/arm_lms_norm_f32.c ****   pStateCurnt = &(S->pState[(numTaps - 1U)]);
  47              		.loc 1 378 28 view .LVU2
  48 0004 6FF0404C 		mvn	ip, #-1073741824
 364:.//Libraries/CMSIS/DSP/Source/FilteringFunctions/arm_lms_norm_f32.c ****         uint32_t tapCnt, blkCnt;                       /* Loop counters */
  49              		.loc 1 364 18 view .LVU3
  50 0008 0488     		ldrh	r4, [r0]
 357:.//Libraries/CMSIS/DSP/Source/FilteringFunctions/arm_lms_norm_f32.c ****         float32_t *pState = S->pState;                 /* State pointer */
  51              		.loc 1 357 20 view .LVU4
  52 000a D0F80490 		ldr	r9, [r0, #4]
 357:.//Libraries/CMSIS/DSP/Source/FilteringFunctions/arm_lms_norm_f32.c ****         float32_t *pState = S->pState;                 /* State pointer */
  53              		.loc 1 357 9 is_stmt 1 view .LVU5
  54              	.LVL1:
 358:.//Libraries/CMSIS/DSP/Source/FilteringFunctions/arm_lms_norm_f32.c ****         float32_t *pStateCurnt;                        /* Points to the current sample of the state
  55              		.loc 1 358 9 view .LVU6
  56              		.loc 1 378 28 is_stmt 0 view .LVU7
  57 000e A444     		add	ip, ip, r4
 379:.//Libraries/CMSIS/DSP/Source/FilteringFunctions/arm_lms_norm_f32.c **** 
 380:.//Libraries/CMSIS/DSP/Source/FilteringFunctions/arm_lms_norm_f32.c ****   /* initialise loop count */
 381:.//Libraries/CMSIS/DSP/Source/FilteringFunctions/arm_lms_norm_f32.c ****   blkCnt = blockSize;
 382:.//Libraries/CMSIS/DSP/Source/FilteringFunctions/arm_lms_norm_f32.c **** 
 383:.//Libraries/CMSIS/DSP/Source/FilteringFunctions/arm_lms_norm_f32.c ****   while (blkCnt > 0U)
  58              		.loc 1 383 9 view .LVU8
  59 0010 0A9D     		ldr	r5, [sp, #40]
 358:.//Libraries/CMSIS/DSP/Source/FilteringFunctions/arm_lms_norm_f32.c ****         float32_t *pStateCurnt;                        /* Points to the current sample of the state
  60              		.loc 1 358 20 view .LVU9
  61 0012 D0F808A0 		ldr	r10, [r0, #8]
  62              	.LVL2:
 359:.//Libraries/CMSIS/DSP/Source/FilteringFunctions/arm_lms_norm_f32.c ****         float32_t *px, *pb;                            /* Temporary pointers for state and coeffici
  63              		.loc 1 359 9 is_stmt 1 view .LVU10
 360:.//Libraries/CMSIS/DSP/Source/FilteringFunctions/arm_lms_norm_f32.c ****         float32_t mu = S->mu;                          /* Adaptive factor */
  64              		.loc 1 360 9 view .LVU11
 361:.//Libraries/CMSIS/DSP/Source/FilteringFunctions/arm_lms_norm_f32.c ****         float32_t acc, e;                              /* Accumulator, error */
  65              		.loc 1 361 9 view .LVU12
 378:.//Libraries/CMSIS/DSP/Source/FilteringFunctions/arm_lms_norm_f32.c **** 
ARM GAS  /var/folders/wl/rshn8xbx1dsfj1zgryf4g1240000gn/T//ccF4xMdO.s 			page 9


  66              		.loc 1 378 15 is_stmt 0 view .LVU13
  67 0016 09EB8C08 		add	r8, r9, ip, lsl #2
 361:.//Libraries/CMSIS/DSP/Source/FilteringFunctions/arm_lms_norm_f32.c ****         float32_t acc, e;                              /* Accumulator, error */
  68              		.loc 1 361 19 view .LVU14
  69 001a D0ED035A 		vldr.32	s11, [r0, #12]
  70              	.LVL3:
 362:.//Libraries/CMSIS/DSP/Source/FilteringFunctions/arm_lms_norm_f32.c ****         float32_t w;                                   /* Weight factor */
  71              		.loc 1 362 9 is_stmt 1 view .LVU15
 363:.//Libraries/CMSIS/DSP/Source/FilteringFunctions/arm_lms_norm_f32.c ****         uint32_t numTaps = S->numTaps;                 /* Number of filter coefficients in the filt
  72              		.loc 1 363 9 view .LVU16
 364:.//Libraries/CMSIS/DSP/Source/FilteringFunctions/arm_lms_norm_f32.c ****         uint32_t tapCnt, blkCnt;                       /* Loop counters */
  73              		.loc 1 364 9 view .LVU17
 365:.//Libraries/CMSIS/DSP/Source/FilteringFunctions/arm_lms_norm_f32.c ****         float32_t energy;                              /* Energy of the input */
  74              		.loc 1 365 9 view .LVU18
 366:.//Libraries/CMSIS/DSP/Source/FilteringFunctions/arm_lms_norm_f32.c ****         float32_t x0, in;                              /* Temporary variable to hold input sample a
  75              		.loc 1 366 9 view .LVU19
 367:.//Libraries/CMSIS/DSP/Source/FilteringFunctions/arm_lms_norm_f32.c **** 
  76              		.loc 1 367 9 view .LVU20
 370:.//Libraries/CMSIS/DSP/Source/FilteringFunctions/arm_lms_norm_f32.c ****   w = 0.0f;
  77              		.loc 1 370 3 view .LVU21
 371:.//Libraries/CMSIS/DSP/Source/FilteringFunctions/arm_lms_norm_f32.c **** 
  78              		.loc 1 371 3 view .LVU22
 373:.//Libraries/CMSIS/DSP/Source/FilteringFunctions/arm_lms_norm_f32.c ****   x0 = S->x0;
  79              		.loc 1 373 3 view .LVU23
 373:.//Libraries/CMSIS/DSP/Source/FilteringFunctions/arm_lms_norm_f32.c ****   x0 = S->x0;
  80              		.loc 1 373 10 is_stmt 0 view .LVU24
  81 001e 90ED046A 		vldr.32	s12, [r0, #16]
  82              	.LVL4:
 374:.//Libraries/CMSIS/DSP/Source/FilteringFunctions/arm_lms_norm_f32.c **** 
  83              		.loc 1 374 3 is_stmt 1 view .LVU25
 374:.//Libraries/CMSIS/DSP/Source/FilteringFunctions/arm_lms_norm_f32.c **** 
  84              		.loc 1 374 6 is_stmt 0 view .LVU26
  85 0022 D0ED057A 		vldr.32	s15, [r0, #20]
  86              	.LVL5:
 378:.//Libraries/CMSIS/DSP/Source/FilteringFunctions/arm_lms_norm_f32.c **** 
  87              		.loc 1 378 3 is_stmt 1 view .LVU27
 381:.//Libraries/CMSIS/DSP/Source/FilteringFunctions/arm_lms_norm_f32.c **** 
  88              		.loc 1 381 3 view .LVU28
  89              		.loc 1 383 3 view .LVU29
  90              		.loc 1 383 9 view .LVU30
  91 0026 002D     		cmp	r5, #0
  92 0028 64D0     		beq	.L11
  93 002a 1F1D     		adds	r7, r3, #4
  94 002c 099B     		ldr	r3, [sp, #36]
  95              	.LVL6:
  96              		.loc 1 383 9 is_stmt 0 view .LVU31
  97 002e 0D46     		mov	r5, r1
  98              	.LVL7:
  99              		.loc 1 383 9 view .LVU32
 100 0030 161D     		adds	r6, r2, #4
 101 0032 03F1040C 		add	ip, r3, #4
 102              	.LVL8:
 103              		.loc 1 383 9 view .LVU33
 104 0036 DDF828E0 		ldr	lr, [sp, #40]
 357:.//Libraries/CMSIS/DSP/Source/FilteringFunctions/arm_lms_norm_f32.c ****         float32_t *pCoeffs = S->pCoeffs;               /* Coefficient pointer */
 105              		.loc 1 357 20 view .LVU34
 106 003a 4946     		mov	r1, r9
ARM GAS  /var/folders/wl/rshn8xbx1dsfj1zgryf4g1240000gn/T//ccF4xMdO.s 			page 10


 107              	.LVL9:
 384:.//Libraries/CMSIS/DSP/Source/FilteringFunctions/arm_lms_norm_f32.c ****   {
 385:.//Libraries/CMSIS/DSP/Source/FilteringFunctions/arm_lms_norm_f32.c ****     /* Copy the new input sample into the state buffer */
 386:.//Libraries/CMSIS/DSP/Source/FilteringFunctions/arm_lms_norm_f32.c ****     *pStateCurnt++ = *pSrc;
 387:.//Libraries/CMSIS/DSP/Source/FilteringFunctions/arm_lms_norm_f32.c **** 
 388:.//Libraries/CMSIS/DSP/Source/FilteringFunctions/arm_lms_norm_f32.c ****     /* Initialize pState pointer */
 389:.//Libraries/CMSIS/DSP/Source/FilteringFunctions/arm_lms_norm_f32.c ****     px = pState;
 390:.//Libraries/CMSIS/DSP/Source/FilteringFunctions/arm_lms_norm_f32.c **** 
 391:.//Libraries/CMSIS/DSP/Source/FilteringFunctions/arm_lms_norm_f32.c ****     /* Initialize coefficient pointer */
 392:.//Libraries/CMSIS/DSP/Source/FilteringFunctions/arm_lms_norm_f32.c ****     pb = pCoeffs;
 393:.//Libraries/CMSIS/DSP/Source/FilteringFunctions/arm_lms_norm_f32.c **** 
 394:.//Libraries/CMSIS/DSP/Source/FilteringFunctions/arm_lms_norm_f32.c ****     /* Read the sample from input buffer */
 395:.//Libraries/CMSIS/DSP/Source/FilteringFunctions/arm_lms_norm_f32.c ****     in = *pSrc++;
 396:.//Libraries/CMSIS/DSP/Source/FilteringFunctions/arm_lms_norm_f32.c **** 
 397:.//Libraries/CMSIS/DSP/Source/FilteringFunctions/arm_lms_norm_f32.c ****     /* Update the energy calculation */
 398:.//Libraries/CMSIS/DSP/Source/FilteringFunctions/arm_lms_norm_f32.c ****     energy -= x0 * x0;
 399:.//Libraries/CMSIS/DSP/Source/FilteringFunctions/arm_lms_norm_f32.c ****     energy += in * in;
 400:.//Libraries/CMSIS/DSP/Source/FilteringFunctions/arm_lms_norm_f32.c **** 
 401:.//Libraries/CMSIS/DSP/Source/FilteringFunctions/arm_lms_norm_f32.c ****     /* Set the accumulator to zero */
 402:.//Libraries/CMSIS/DSP/Source/FilteringFunctions/arm_lms_norm_f32.c ****     acc = 0.0f;
 403:.//Libraries/CMSIS/DSP/Source/FilteringFunctions/arm_lms_norm_f32.c **** 
 404:.//Libraries/CMSIS/DSP/Source/FilteringFunctions/arm_lms_norm_f32.c **** #if defined (ARM_MATH_LOOPUNROLL)
 405:.//Libraries/CMSIS/DSP/Source/FilteringFunctions/arm_lms_norm_f32.c **** 
 406:.//Libraries/CMSIS/DSP/Source/FilteringFunctions/arm_lms_norm_f32.c ****     /* Loop unrolling: Compute 4 taps at a time. */
 407:.//Libraries/CMSIS/DSP/Source/FilteringFunctions/arm_lms_norm_f32.c ****     tapCnt = numTaps >> 2U;
 408:.//Libraries/CMSIS/DSP/Source/FilteringFunctions/arm_lms_norm_f32.c **** 
 409:.//Libraries/CMSIS/DSP/Source/FilteringFunctions/arm_lms_norm_f32.c ****     while (tapCnt > 0U)
 410:.//Libraries/CMSIS/DSP/Source/FilteringFunctions/arm_lms_norm_f32.c ****     {
 411:.//Libraries/CMSIS/DSP/Source/FilteringFunctions/arm_lms_norm_f32.c ****       /* Perform the multiply-accumulate */
 412:.//Libraries/CMSIS/DSP/Source/FilteringFunctions/arm_lms_norm_f32.c ****       acc += (*px++) * (*pb++);
 413:.//Libraries/CMSIS/DSP/Source/FilteringFunctions/arm_lms_norm_f32.c **** 
 414:.//Libraries/CMSIS/DSP/Source/FilteringFunctions/arm_lms_norm_f32.c ****       acc += (*px++) * (*pb++);
 415:.//Libraries/CMSIS/DSP/Source/FilteringFunctions/arm_lms_norm_f32.c **** 
 416:.//Libraries/CMSIS/DSP/Source/FilteringFunctions/arm_lms_norm_f32.c ****       acc += (*px++) * (*pb++);
 417:.//Libraries/CMSIS/DSP/Source/FilteringFunctions/arm_lms_norm_f32.c **** 
 418:.//Libraries/CMSIS/DSP/Source/FilteringFunctions/arm_lms_norm_f32.c ****       acc += (*px++) * (*pb++);
 419:.//Libraries/CMSIS/DSP/Source/FilteringFunctions/arm_lms_norm_f32.c **** 
 420:.//Libraries/CMSIS/DSP/Source/FilteringFunctions/arm_lms_norm_f32.c ****       /* Decrement loop counter */
 421:.//Libraries/CMSIS/DSP/Source/FilteringFunctions/arm_lms_norm_f32.c ****       tapCnt--;
 422:.//Libraries/CMSIS/DSP/Source/FilteringFunctions/arm_lms_norm_f32.c ****     }
 423:.//Libraries/CMSIS/DSP/Source/FilteringFunctions/arm_lms_norm_f32.c **** 
 424:.//Libraries/CMSIS/DSP/Source/FilteringFunctions/arm_lms_norm_f32.c ****     /* Loop unrolling: Compute remaining taps */
 425:.//Libraries/CMSIS/DSP/Source/FilteringFunctions/arm_lms_norm_f32.c ****     tapCnt = numTaps % 0x4U;
 426:.//Libraries/CMSIS/DSP/Source/FilteringFunctions/arm_lms_norm_f32.c **** 
 427:.//Libraries/CMSIS/DSP/Source/FilteringFunctions/arm_lms_norm_f32.c **** #else
 428:.//Libraries/CMSIS/DSP/Source/FilteringFunctions/arm_lms_norm_f32.c **** 
 429:.//Libraries/CMSIS/DSP/Source/FilteringFunctions/arm_lms_norm_f32.c ****     /* Initialize tapCnt with number of samples */
 430:.//Libraries/CMSIS/DSP/Source/FilteringFunctions/arm_lms_norm_f32.c ****     tapCnt = numTaps;
 431:.//Libraries/CMSIS/DSP/Source/FilteringFunctions/arm_lms_norm_f32.c **** 
 432:.//Libraries/CMSIS/DSP/Source/FilteringFunctions/arm_lms_norm_f32.c **** #endif /* #if defined (ARM_MATH_LOOPUNROLL) */
 433:.//Libraries/CMSIS/DSP/Source/FilteringFunctions/arm_lms_norm_f32.c **** 
 434:.//Libraries/CMSIS/DSP/Source/FilteringFunctions/arm_lms_norm_f32.c ****     while (tapCnt > 0U)
 435:.//Libraries/CMSIS/DSP/Source/FilteringFunctions/arm_lms_norm_f32.c ****     {
 436:.//Libraries/CMSIS/DSP/Source/FilteringFunctions/arm_lms_norm_f32.c ****       /* Perform the multiply-accumulate */
 437:.//Libraries/CMSIS/DSP/Source/FilteringFunctions/arm_lms_norm_f32.c ****       acc += (*px++) * (*pb++);
 438:.//Libraries/CMSIS/DSP/Source/FilteringFunctions/arm_lms_norm_f32.c **** 
 439:.//Libraries/CMSIS/DSP/Source/FilteringFunctions/arm_lms_norm_f32.c ****       /* Decrement the loop counter */
ARM GAS  /var/folders/wl/rshn8xbx1dsfj1zgryf4g1240000gn/T//ccF4xMdO.s 			page 11


 440:.//Libraries/CMSIS/DSP/Source/FilteringFunctions/arm_lms_norm_f32.c ****       tapCnt--;
 441:.//Libraries/CMSIS/DSP/Source/FilteringFunctions/arm_lms_norm_f32.c ****     }
 442:.//Libraries/CMSIS/DSP/Source/FilteringFunctions/arm_lms_norm_f32.c **** 
 443:.//Libraries/CMSIS/DSP/Source/FilteringFunctions/arm_lms_norm_f32.c ****     /* Store the result from accumulator into the destination buffer. */
 444:.//Libraries/CMSIS/DSP/Source/FilteringFunctions/arm_lms_norm_f32.c ****     *pOut++ = acc;
 108              		.loc 1 444 13 view .LVU35
 109 003c DFED2E4A 		vldr.32	s9, .L22
 445:.//Libraries/CMSIS/DSP/Source/FilteringFunctions/arm_lms_norm_f32.c **** 
 446:.//Libraries/CMSIS/DSP/Source/FilteringFunctions/arm_lms_norm_f32.c ****     /* Compute and store error */
 447:.//Libraries/CMSIS/DSP/Source/FilteringFunctions/arm_lms_norm_f32.c ****     e = (float32_t) *pRef++ - acc;
 448:.//Libraries/CMSIS/DSP/Source/FilteringFunctions/arm_lms_norm_f32.c ****     *pErr++ = e;
 449:.//Libraries/CMSIS/DSP/Source/FilteringFunctions/arm_lms_norm_f32.c **** 
 450:.//Libraries/CMSIS/DSP/Source/FilteringFunctions/arm_lms_norm_f32.c ****     /* Calculation of Weighting factor for updating filter coefficients */
 451:.//Libraries/CMSIS/DSP/Source/FilteringFunctions/arm_lms_norm_f32.c ****     /* epsilon value 0.000000119209289f */
 452:.//Libraries/CMSIS/DSP/Source/FilteringFunctions/arm_lms_norm_f32.c ****     w = (e * mu) / (energy + 0.000000119209289f);
 110              		.loc 1 452 28 view .LVU36
 111 0040 9FED2E5A 		vldr.32	s10, .L22+4
 112              	.LVL10:
 113              	.L7:
 386:.//Libraries/CMSIS/DSP/Source/FilteringFunctions/arm_lms_norm_f32.c **** 
 114              		.loc 1 386 5 is_stmt 1 view .LVU37
 398:.//Libraries/CMSIS/DSP/Source/FilteringFunctions/arm_lms_norm_f32.c ****     energy += in * in;
 115              		.loc 1 398 12 is_stmt 0 view .LVU38
 116 0044 A7EEE76A 		vfms.f32	s12, s15, s15
 117              	.LVL11:
 386:.//Libraries/CMSIS/DSP/Source/FilteringFunctions/arm_lms_norm_f32.c **** 
 118              		.loc 1 386 22 view .LVU39
 119 0048 2B68     		ldr	r3, [r5]	@ float
 386:.//Libraries/CMSIS/DSP/Source/FilteringFunctions/arm_lms_norm_f32.c **** 
 120              		.loc 1 386 20 view .LVU40
 121 004a 48F8043B 		str	r3, [r8], #4	@ float
 389:.//Libraries/CMSIS/DSP/Source/FilteringFunctions/arm_lms_norm_f32.c **** 
 122              		.loc 1 389 5 is_stmt 1 view .LVU41
 123              	.LVL12:
 392:.//Libraries/CMSIS/DSP/Source/FilteringFunctions/arm_lms_norm_f32.c **** 
 124              		.loc 1 392 5 view .LVU42
 395:.//Libraries/CMSIS/DSP/Source/FilteringFunctions/arm_lms_norm_f32.c **** 
 125              		.loc 1 395 5 view .LVU43
 395:.//Libraries/CMSIS/DSP/Source/FilteringFunctions/arm_lms_norm_f32.c **** 
 126              		.loc 1 395 8 is_stmt 0 view .LVU44
 127 004e F5EC017A 		vldmia.32	r5!, {s15}
 128              	.LVL13:
 398:.//Libraries/CMSIS/DSP/Source/FilteringFunctions/arm_lms_norm_f32.c ****     energy += in * in;
 129              		.loc 1 398 5 is_stmt 1 view .LVU45
 399:.//Libraries/CMSIS/DSP/Source/FilteringFunctions/arm_lms_norm_f32.c **** 
 130              		.loc 1 399 5 view .LVU46
 399:.//Libraries/CMSIS/DSP/Source/FilteringFunctions/arm_lms_norm_f32.c **** 
 131              		.loc 1 399 12 is_stmt 0 view .LVU47
 132 0052 A7EEA76A 		vfma.f32	s12, s15, s15
 133              	.LVL14:
 402:.//Libraries/CMSIS/DSP/Source/FilteringFunctions/arm_lms_norm_f32.c **** 
 134              		.loc 1 402 5 is_stmt 1 view .LVU48
 430:.//Libraries/CMSIS/DSP/Source/FilteringFunctions/arm_lms_norm_f32.c **** 
 135              		.loc 1 430 5 view .LVU49
 434:.//Libraries/CMSIS/DSP/Source/FilteringFunctions/arm_lms_norm_f32.c ****     {
 136              		.loc 1 434 5 view .LVU50
 434:.//Libraries/CMSIS/DSP/Source/FilteringFunctions/arm_lms_norm_f32.c ****     {
ARM GAS  /var/folders/wl/rshn8xbx1dsfj1zgryf4g1240000gn/T//ccF4xMdO.s 			page 12


 137              		.loc 1 434 11 view .LVU51
 138 0056 002C     		cmp	r4, #0
 139 0058 45D0     		beq	.L3
 140 005a 2346     		mov	r3, r4
 392:.//Libraries/CMSIS/DSP/Source/FilteringFunctions/arm_lms_norm_f32.c **** 
 141              		.loc 1 392 8 is_stmt 0 view .LVU52
 142 005c D346     		mov	fp, r10
 434:.//Libraries/CMSIS/DSP/Source/FilteringFunctions/arm_lms_norm_f32.c ****     {
 143              		.loc 1 434 11 view .LVU53
 144 005e 0A46     		mov	r2, r1
 402:.//Libraries/CMSIS/DSP/Source/FilteringFunctions/arm_lms_norm_f32.c **** 
 145              		.loc 1 402 9 view .LVU54
 146 0060 DFED257A 		vldr.32	s15, .L22
 147              	.LVL15:
 148              	.L4:
 437:.//Libraries/CMSIS/DSP/Source/FilteringFunctions/arm_lms_norm_f32.c **** 
 149              		.loc 1 437 7 is_stmt 1 view .LVU55
 437:.//Libraries/CMSIS/DSP/Source/FilteringFunctions/arm_lms_norm_f32.c **** 
 150              		.loc 1 437 11 is_stmt 0 view .LVU56
 151 0064 F2EC016A 		vldmia.32	r2!, {s13}
 152              	.LVL16:
 434:.//Libraries/CMSIS/DSP/Source/FilteringFunctions/arm_lms_norm_f32.c ****     {
 153              		.loc 1 434 11 view .LVU57
 154 0068 013B     		subs	r3, r3, #1
 155              	.LVL17:
 437:.//Libraries/CMSIS/DSP/Source/FilteringFunctions/arm_lms_norm_f32.c **** 
 156              		.loc 1 437 11 view .LVU58
 157 006a BBEC017A 		vldmia.32	fp!, {s14}
 158              	.LVL18:
 437:.//Libraries/CMSIS/DSP/Source/FilteringFunctions/arm_lms_norm_f32.c **** 
 159              		.loc 1 437 11 view .LVU59
 160 006e E6EE877A 		vfma.f32	s15, s13, s14
 161              	.LVL19:
 440:.//Libraries/CMSIS/DSP/Source/FilteringFunctions/arm_lms_norm_f32.c ****     }
 162              		.loc 1 440 7 is_stmt 1 view .LVU60
 434:.//Libraries/CMSIS/DSP/Source/FilteringFunctions/arm_lms_norm_f32.c ****     {
 163              		.loc 1 434 11 view .LVU61
 164 0072 F7D1     		bne	.L4
 444:.//Libraries/CMSIS/DSP/Source/FilteringFunctions/arm_lms_norm_f32.c **** 
 165              		.loc 1 444 5 view .LVU62
 166              	.LVL20:
 444:.//Libraries/CMSIS/DSP/Source/FilteringFunctions/arm_lms_norm_f32.c **** 
 167              		.loc 1 444 13 is_stmt 0 view .LVU63
 168 0074 47ED017A 		vstr.32	s15, [r7, #-4]
 169              	.LVL21:
 447:.//Libraries/CMSIS/DSP/Source/FilteringFunctions/arm_lms_norm_f32.c ****     *pErr++ = e;
 170              		.loc 1 447 5 is_stmt 1 view .LVU64
 171              		.loc 1 452 28 is_stmt 0 view .LVU65
 172 0078 76EE056A 		vadd.f32	s13, s12, s10
 447:.//Libraries/CMSIS/DSP/Source/FilteringFunctions/arm_lms_norm_f32.c ****     *pErr++ = e;
 173              		.loc 1 447 7 view .LVU66
 174 007c 16ED017A 		vldr.32	s14, [r6, #-4]
 175              		.loc 1 452 7 view .LVU67
 176 0080 2246     		mov	r2, r4
 177              	.LVL22:
 178              		.loc 1 452 7 view .LVU68
 179 0082 5346     		mov	r3, r10
ARM GAS  /var/folders/wl/rshn8xbx1dsfj1zgryf4g1240000gn/T//ccF4xMdO.s 			page 13


 180 0084 8B46     		mov	fp, r1
 181              	.LVL23:
 447:.//Libraries/CMSIS/DSP/Source/FilteringFunctions/arm_lms_norm_f32.c ****     *pErr++ = e;
 182              		.loc 1 447 7 view .LVU69
 183 0086 77EE677A 		vsub.f32	s15, s14, s15
 184              	.LVL24:
 448:.//Libraries/CMSIS/DSP/Source/FilteringFunctions/arm_lms_norm_f32.c **** 
 185              		.loc 1 448 5 is_stmt 1 view .LVU70
 186              		.loc 1 452 12 is_stmt 0 view .LVU71
 187 008a 27EEA57A 		vmul.f32	s14, s15, s11
 448:.//Libraries/CMSIS/DSP/Source/FilteringFunctions/arm_lms_norm_f32.c **** 
 188              		.loc 1 448 13 view .LVU72
 189 008e 4CED017A 		vstr.32	s15, [ip, #-4]
 190              	.LVL25:
 191              		.loc 1 452 5 is_stmt 1 view .LVU73
 192              		.loc 1 452 7 is_stmt 0 view .LVU74
 193 0092 F0EE667A 		vmov.f32	s15, s13
 194              	.LVL26:
 195              		.loc 1 452 7 view .LVU75
 196 0096 C7EE276A 		vdiv.f32	s13, s14, s15
 197              	.LVL27:
 453:.//Libraries/CMSIS/DSP/Source/FilteringFunctions/arm_lms_norm_f32.c **** 
 454:.//Libraries/CMSIS/DSP/Source/FilteringFunctions/arm_lms_norm_f32.c ****     /* Initialize pState pointer */
 455:.//Libraries/CMSIS/DSP/Source/FilteringFunctions/arm_lms_norm_f32.c ****     px = pState;
 198              		.loc 1 455 5 is_stmt 1 view .LVU76
 456:.//Libraries/CMSIS/DSP/Source/FilteringFunctions/arm_lms_norm_f32.c **** 
 457:.//Libraries/CMSIS/DSP/Source/FilteringFunctions/arm_lms_norm_f32.c ****     /* Initialize coefficient pointer */
 458:.//Libraries/CMSIS/DSP/Source/FilteringFunctions/arm_lms_norm_f32.c ****     pb = pCoeffs;
 199              		.loc 1 458 5 view .LVU77
 459:.//Libraries/CMSIS/DSP/Source/FilteringFunctions/arm_lms_norm_f32.c **** 
 460:.//Libraries/CMSIS/DSP/Source/FilteringFunctions/arm_lms_norm_f32.c **** #if defined (ARM_MATH_LOOPUNROLL)
 461:.//Libraries/CMSIS/DSP/Source/FilteringFunctions/arm_lms_norm_f32.c **** 
 462:.//Libraries/CMSIS/DSP/Source/FilteringFunctions/arm_lms_norm_f32.c ****     /* Loop unrolling: Compute 4 taps at a time. */
 463:.//Libraries/CMSIS/DSP/Source/FilteringFunctions/arm_lms_norm_f32.c ****     tapCnt = numTaps >> 2U;
 464:.//Libraries/CMSIS/DSP/Source/FilteringFunctions/arm_lms_norm_f32.c **** 
 465:.//Libraries/CMSIS/DSP/Source/FilteringFunctions/arm_lms_norm_f32.c ****     /* Update filter coefficients */
 466:.//Libraries/CMSIS/DSP/Source/FilteringFunctions/arm_lms_norm_f32.c ****     while (tapCnt > 0U)
 467:.//Libraries/CMSIS/DSP/Source/FilteringFunctions/arm_lms_norm_f32.c ****     {
 468:.//Libraries/CMSIS/DSP/Source/FilteringFunctions/arm_lms_norm_f32.c ****       /* Perform the multiply-accumulate */
 469:.//Libraries/CMSIS/DSP/Source/FilteringFunctions/arm_lms_norm_f32.c ****       *pb += w * (*px++);
 470:.//Libraries/CMSIS/DSP/Source/FilteringFunctions/arm_lms_norm_f32.c ****       pb++;
 471:.//Libraries/CMSIS/DSP/Source/FilteringFunctions/arm_lms_norm_f32.c **** 
 472:.//Libraries/CMSIS/DSP/Source/FilteringFunctions/arm_lms_norm_f32.c ****       *pb += w * (*px++);
 473:.//Libraries/CMSIS/DSP/Source/FilteringFunctions/arm_lms_norm_f32.c ****       pb++;
 474:.//Libraries/CMSIS/DSP/Source/FilteringFunctions/arm_lms_norm_f32.c **** 
 475:.//Libraries/CMSIS/DSP/Source/FilteringFunctions/arm_lms_norm_f32.c ****       *pb += w * (*px++);
 476:.//Libraries/CMSIS/DSP/Source/FilteringFunctions/arm_lms_norm_f32.c ****       pb++;
 477:.//Libraries/CMSIS/DSP/Source/FilteringFunctions/arm_lms_norm_f32.c **** 
 478:.//Libraries/CMSIS/DSP/Source/FilteringFunctions/arm_lms_norm_f32.c ****       *pb += w * (*px++);
 479:.//Libraries/CMSIS/DSP/Source/FilteringFunctions/arm_lms_norm_f32.c ****       pb++;
 480:.//Libraries/CMSIS/DSP/Source/FilteringFunctions/arm_lms_norm_f32.c **** 
 481:.//Libraries/CMSIS/DSP/Source/FilteringFunctions/arm_lms_norm_f32.c ****       /* Decrement loop counter */
 482:.//Libraries/CMSIS/DSP/Source/FilteringFunctions/arm_lms_norm_f32.c ****       tapCnt--;
 483:.//Libraries/CMSIS/DSP/Source/FilteringFunctions/arm_lms_norm_f32.c ****     }
 484:.//Libraries/CMSIS/DSP/Source/FilteringFunctions/arm_lms_norm_f32.c **** 
 485:.//Libraries/CMSIS/DSP/Source/FilteringFunctions/arm_lms_norm_f32.c ****     /* Loop unrolling: Compute remaining taps */
 486:.//Libraries/CMSIS/DSP/Source/FilteringFunctions/arm_lms_norm_f32.c ****     tapCnt = numTaps % 0x4U;
ARM GAS  /var/folders/wl/rshn8xbx1dsfj1zgryf4g1240000gn/T//ccF4xMdO.s 			page 14


 487:.//Libraries/CMSIS/DSP/Source/FilteringFunctions/arm_lms_norm_f32.c **** 
 488:.//Libraries/CMSIS/DSP/Source/FilteringFunctions/arm_lms_norm_f32.c **** #else
 489:.//Libraries/CMSIS/DSP/Source/FilteringFunctions/arm_lms_norm_f32.c **** 
 490:.//Libraries/CMSIS/DSP/Source/FilteringFunctions/arm_lms_norm_f32.c ****     /* Initialize tapCnt with number of samples */
 491:.//Libraries/CMSIS/DSP/Source/FilteringFunctions/arm_lms_norm_f32.c ****     tapCnt = numTaps;
 200              		.loc 1 491 5 view .LVU78
 492:.//Libraries/CMSIS/DSP/Source/FilteringFunctions/arm_lms_norm_f32.c **** 
 493:.//Libraries/CMSIS/DSP/Source/FilteringFunctions/arm_lms_norm_f32.c **** #endif /* #if defined (ARM_MATH_LOOPUNROLL) */
 494:.//Libraries/CMSIS/DSP/Source/FilteringFunctions/arm_lms_norm_f32.c **** 
 495:.//Libraries/CMSIS/DSP/Source/FilteringFunctions/arm_lms_norm_f32.c ****     while (tapCnt > 0U)
 201              		.loc 1 495 5 view .LVU79
 202              		.loc 1 495 11 view .LVU80
 203              	.L6:
 496:.//Libraries/CMSIS/DSP/Source/FilteringFunctions/arm_lms_norm_f32.c ****     {
 497:.//Libraries/CMSIS/DSP/Source/FilteringFunctions/arm_lms_norm_f32.c ****       /* Perform the multiply-accumulate */
 498:.//Libraries/CMSIS/DSP/Source/FilteringFunctions/arm_lms_norm_f32.c ****       *pb += w * (*px++);
 204              		.loc 1 498 7 view .LVU81
 205              		.loc 1 498 11 is_stmt 0 view .LVU82
 206 009a BBEC017A 		vldmia.32	fp!, {s14}
 207              	.LVL28:
 495:.//Libraries/CMSIS/DSP/Source/FilteringFunctions/arm_lms_norm_f32.c ****     {
 208              		.loc 1 495 11 view .LVU83
 209 009e 013A     		subs	r2, r2, #1
 210              	.LVL29:
 211              		.loc 1 498 11 view .LVU84
 212 00a0 D3ED007A 		vldr.32	s15, [r3]
 213 00a4 E7EE267A 		vfma.f32	s15, s14, s13
 214 00a8 E3EC017A 		vstmia.32	r3!, {s15}
 215              	.LVL30:
 499:.//Libraries/CMSIS/DSP/Source/FilteringFunctions/arm_lms_norm_f32.c ****       pb++;
 216              		.loc 1 499 7 is_stmt 1 view .LVU85
 500:.//Libraries/CMSIS/DSP/Source/FilteringFunctions/arm_lms_norm_f32.c **** 
 501:.//Libraries/CMSIS/DSP/Source/FilteringFunctions/arm_lms_norm_f32.c ****       /* Decrement loop counter */
 502:.//Libraries/CMSIS/DSP/Source/FilteringFunctions/arm_lms_norm_f32.c ****       tapCnt--;
 217              		.loc 1 502 7 view .LVU86
 495:.//Libraries/CMSIS/DSP/Source/FilteringFunctions/arm_lms_norm_f32.c ****     {
 218              		.loc 1 495 11 view .LVU87
 219 00ac F5D1     		bne	.L6
 220              	.LVL31:
 221              	.L10:
 503:.//Libraries/CMSIS/DSP/Source/FilteringFunctions/arm_lms_norm_f32.c ****     }
 504:.//Libraries/CMSIS/DSP/Source/FilteringFunctions/arm_lms_norm_f32.c **** 
 505:.//Libraries/CMSIS/DSP/Source/FilteringFunctions/arm_lms_norm_f32.c ****     x0 = *pState;
 222              		.loc 1 505 5 view .LVU88
 383:.//Libraries/CMSIS/DSP/Source/FilteringFunctions/arm_lms_norm_f32.c ****   {
 223              		.loc 1 383 9 is_stmt 0 view .LVU89
 224 00ae BEF1010E 		subs	lr, lr, #1
 225              	.LVL32:
 383:.//Libraries/CMSIS/DSP/Source/FilteringFunctions/arm_lms_norm_f32.c ****   {
 226              		.loc 1 383 9 view .LVU90
 227 00b2 07F10407 		add	r7, r7, #4
 228              	.LVL33:
 383:.//Libraries/CMSIS/DSP/Source/FilteringFunctions/arm_lms_norm_f32.c ****   {
 229              		.loc 1 383 9 view .LVU91
 230 00b6 06F10406 		add	r6, r6, #4
 231              	.LVL34:
 383:.//Libraries/CMSIS/DSP/Source/FilteringFunctions/arm_lms_norm_f32.c ****   {
ARM GAS  /var/folders/wl/rshn8xbx1dsfj1zgryf4g1240000gn/T//ccF4xMdO.s 			page 15


 232              		.loc 1 383 9 view .LVU92
 233 00ba 0CF1040C 		add	ip, ip, #4
 234              	.LVL35:
 235              		.loc 1 505 8 view .LVU93
 236 00be F1EC017A 		vldmia.32	r1!, {s15}
 237              	.LVL36:
 506:.//Libraries/CMSIS/DSP/Source/FilteringFunctions/arm_lms_norm_f32.c **** 
 507:.//Libraries/CMSIS/DSP/Source/FilteringFunctions/arm_lms_norm_f32.c ****     /* Advance state pointer by 1 for the next sample */
 508:.//Libraries/CMSIS/DSP/Source/FilteringFunctions/arm_lms_norm_f32.c ****     pState = pState + 1;
 238              		.loc 1 508 5 is_stmt 1 view .LVU94
 509:.//Libraries/CMSIS/DSP/Source/FilteringFunctions/arm_lms_norm_f32.c **** 
 510:.//Libraries/CMSIS/DSP/Source/FilteringFunctions/arm_lms_norm_f32.c ****     /* Decrement loop counter */
 511:.//Libraries/CMSIS/DSP/Source/FilteringFunctions/arm_lms_norm_f32.c ****     blkCnt--;
 239              		.loc 1 511 5 view .LVU95
 383:.//Libraries/CMSIS/DSP/Source/FilteringFunctions/arm_lms_norm_f32.c ****   {
 240              		.loc 1 383 9 view .LVU96
 241 00c2 BFD1     		bne	.L7
 242 00c4 0A9B     		ldr	r3, [sp, #40]
 243 00c6 09EB8303 		add	r3, r9, r3, lsl #2
 244              	.LVL37:
 245              	.L2:
 512:.//Libraries/CMSIS/DSP/Source/FilteringFunctions/arm_lms_norm_f32.c ****   }
 513:.//Libraries/CMSIS/DSP/Source/FilteringFunctions/arm_lms_norm_f32.c **** 
 514:.//Libraries/CMSIS/DSP/Source/FilteringFunctions/arm_lms_norm_f32.c ****   /* Save energy and x0 values for the next frame */
 515:.//Libraries/CMSIS/DSP/Source/FilteringFunctions/arm_lms_norm_f32.c ****   S->energy = energy;
 246              		.loc 1 515 3 view .LVU97
 516:.//Libraries/CMSIS/DSP/Source/FilteringFunctions/arm_lms_norm_f32.c ****   S->x0 = x0;
 517:.//Libraries/CMSIS/DSP/Source/FilteringFunctions/arm_lms_norm_f32.c **** 
 518:.//Libraries/CMSIS/DSP/Source/FilteringFunctions/arm_lms_norm_f32.c ****   /* Processing is complete.
 519:.//Libraries/CMSIS/DSP/Source/FilteringFunctions/arm_lms_norm_f32.c ****      Now copy the last numTaps - 1 samples to the start of the state buffer.
 520:.//Libraries/CMSIS/DSP/Source/FilteringFunctions/arm_lms_norm_f32.c ****      This prepares the state buffer for the next function call. */
 521:.//Libraries/CMSIS/DSP/Source/FilteringFunctions/arm_lms_norm_f32.c **** 
 522:.//Libraries/CMSIS/DSP/Source/FilteringFunctions/arm_lms_norm_f32.c ****   /* Points to the start of the pState buffer */
 523:.//Libraries/CMSIS/DSP/Source/FilteringFunctions/arm_lms_norm_f32.c ****   pStateCurnt = S->pState;
 524:.//Libraries/CMSIS/DSP/Source/FilteringFunctions/arm_lms_norm_f32.c **** 
 525:.//Libraries/CMSIS/DSP/Source/FilteringFunctions/arm_lms_norm_f32.c ****   /* copy data */
 526:.//Libraries/CMSIS/DSP/Source/FilteringFunctions/arm_lms_norm_f32.c **** #if defined (ARM_MATH_LOOPUNROLL)
 527:.//Libraries/CMSIS/DSP/Source/FilteringFunctions/arm_lms_norm_f32.c **** 
 528:.//Libraries/CMSIS/DSP/Source/FilteringFunctions/arm_lms_norm_f32.c ****   /* Loop unrolling: Compute 4 taps at a time. */
 529:.//Libraries/CMSIS/DSP/Source/FilteringFunctions/arm_lms_norm_f32.c ****   tapCnt = (numTaps - 1U) >> 2U;
 530:.//Libraries/CMSIS/DSP/Source/FilteringFunctions/arm_lms_norm_f32.c **** 
 531:.//Libraries/CMSIS/DSP/Source/FilteringFunctions/arm_lms_norm_f32.c ****   while (tapCnt > 0U)
 532:.//Libraries/CMSIS/DSP/Source/FilteringFunctions/arm_lms_norm_f32.c ****   {
 533:.//Libraries/CMSIS/DSP/Source/FilteringFunctions/arm_lms_norm_f32.c ****     *pStateCurnt++ = *pState++;
 534:.//Libraries/CMSIS/DSP/Source/FilteringFunctions/arm_lms_norm_f32.c ****     *pStateCurnt++ = *pState++;
 535:.//Libraries/CMSIS/DSP/Source/FilteringFunctions/arm_lms_norm_f32.c ****     *pStateCurnt++ = *pState++;
 536:.//Libraries/CMSIS/DSP/Source/FilteringFunctions/arm_lms_norm_f32.c ****     *pStateCurnt++ = *pState++;
 537:.//Libraries/CMSIS/DSP/Source/FilteringFunctions/arm_lms_norm_f32.c **** 
 538:.//Libraries/CMSIS/DSP/Source/FilteringFunctions/arm_lms_norm_f32.c ****     /* Decrement loop counter */
 539:.//Libraries/CMSIS/DSP/Source/FilteringFunctions/arm_lms_norm_f32.c ****     tapCnt--;
 540:.//Libraries/CMSIS/DSP/Source/FilteringFunctions/arm_lms_norm_f32.c ****   }
 541:.//Libraries/CMSIS/DSP/Source/FilteringFunctions/arm_lms_norm_f32.c **** 
 542:.//Libraries/CMSIS/DSP/Source/FilteringFunctions/arm_lms_norm_f32.c ****   /* Loop unrolling: Compute remaining taps */
 543:.//Libraries/CMSIS/DSP/Source/FilteringFunctions/arm_lms_norm_f32.c ****   tapCnt = (numTaps - 1U) % 0x4U;
 544:.//Libraries/CMSIS/DSP/Source/FilteringFunctions/arm_lms_norm_f32.c **** 
 545:.//Libraries/CMSIS/DSP/Source/FilteringFunctions/arm_lms_norm_f32.c **** #else
 546:.//Libraries/CMSIS/DSP/Source/FilteringFunctions/arm_lms_norm_f32.c **** 
ARM GAS  /var/folders/wl/rshn8xbx1dsfj1zgryf4g1240000gn/T//ccF4xMdO.s 			page 16


 547:.//Libraries/CMSIS/DSP/Source/FilteringFunctions/arm_lms_norm_f32.c ****   /* Initialize tapCnt with number of samples */
 548:.//Libraries/CMSIS/DSP/Source/FilteringFunctions/arm_lms_norm_f32.c ****   tapCnt = (numTaps - 1U);
 549:.//Libraries/CMSIS/DSP/Source/FilteringFunctions/arm_lms_norm_f32.c **** 
 550:.//Libraries/CMSIS/DSP/Source/FilteringFunctions/arm_lms_norm_f32.c **** #endif /* #if defined (ARM_MATH_LOOPUNROLL) */
 551:.//Libraries/CMSIS/DSP/Source/FilteringFunctions/arm_lms_norm_f32.c **** 
 552:.//Libraries/CMSIS/DSP/Source/FilteringFunctions/arm_lms_norm_f32.c ****   while (tapCnt > 0U)
 247              		.loc 1 552 9 is_stmt 0 view .LVU98
 248 00ca 013C     		subs	r4, r4, #1
 249              	.LVL38:
 515:.//Libraries/CMSIS/DSP/Source/FilteringFunctions/arm_lms_norm_f32.c ****   S->x0 = x0;
 250              		.loc 1 515 13 view .LVU99
 251 00cc 80ED046A 		vstr.32	s12, [r0, #16]
 516:.//Libraries/CMSIS/DSP/Source/FilteringFunctions/arm_lms_norm_f32.c ****   S->x0 = x0;
 252              		.loc 1 516 3 is_stmt 1 view .LVU100
 516:.//Libraries/CMSIS/DSP/Source/FilteringFunctions/arm_lms_norm_f32.c ****   S->x0 = x0;
 253              		.loc 1 516 9 is_stmt 0 view .LVU101
 254 00d0 C0ED057A 		vstr.32	s15, [r0, #20]
 523:.//Libraries/CMSIS/DSP/Source/FilteringFunctions/arm_lms_norm_f32.c **** 
 255              		.loc 1 523 3 is_stmt 1 view .LVU102
 256              	.LVL39:
 548:.//Libraries/CMSIS/DSP/Source/FilteringFunctions/arm_lms_norm_f32.c **** 
 257              		.loc 1 548 3 view .LVU103
 258              		.loc 1 552 3 view .LVU104
 259              		.loc 1 552 9 view .LVU105
 260 00d4 05D0     		beq	.L1
 261              	.LVL40:
 262              	.L9:
 553:.//Libraries/CMSIS/DSP/Source/FilteringFunctions/arm_lms_norm_f32.c ****   {
 554:.//Libraries/CMSIS/DSP/Source/FilteringFunctions/arm_lms_norm_f32.c ****     *pStateCurnt++ = *pState++;
 263              		.loc 1 554 5 view .LVU106
 264              		.loc 1 554 22 is_stmt 0 view .LVU107
 265 00d6 53F8042B 		ldr	r2, [r3], #4	@ float
 266              	.LVL41:
 552:.//Libraries/CMSIS/DSP/Source/FilteringFunctions/arm_lms_norm_f32.c ****   {
 267              		.loc 1 552 9 view .LVU108
 268 00da 013C     		subs	r4, r4, #1
 269              	.LVL42:
 270              		.loc 1 554 20 view .LVU109
 271 00dc 49F8042B 		str	r2, [r9], #4	@ float
 555:.//Libraries/CMSIS/DSP/Source/FilteringFunctions/arm_lms_norm_f32.c **** 
 556:.//Libraries/CMSIS/DSP/Source/FilteringFunctions/arm_lms_norm_f32.c ****     /* Decrement loop counter */
 557:.//Libraries/CMSIS/DSP/Source/FilteringFunctions/arm_lms_norm_f32.c ****     tapCnt--;
 272              		.loc 1 557 5 is_stmt 1 view .LVU110
 273              	.LVL43:
 552:.//Libraries/CMSIS/DSP/Source/FilteringFunctions/arm_lms_norm_f32.c ****   {
 274              		.loc 1 552 9 view .LVU111
 275 00e0 F9D1     		bne	.L9
 276              	.LVL44:
 277              	.L1:
 558:.//Libraries/CMSIS/DSP/Source/FilteringFunctions/arm_lms_norm_f32.c ****   }
 559:.//Libraries/CMSIS/DSP/Source/FilteringFunctions/arm_lms_norm_f32.c **** 
 560:.//Libraries/CMSIS/DSP/Source/FilteringFunctions/arm_lms_norm_f32.c **** }
 278              		.loc 1 560 1 is_stmt 0 view .LVU112
 279 00e2 BDE8F08F 		pop	{r4, r5, r6, r7, r8, r9, r10, fp, pc}
 280              	.LVL45:
 281              	.L3:
 444:.//Libraries/CMSIS/DSP/Source/FilteringFunctions/arm_lms_norm_f32.c **** 
ARM GAS  /var/folders/wl/rshn8xbx1dsfj1zgryf4g1240000gn/T//ccF4xMdO.s 			page 17


 282              		.loc 1 444 5 is_stmt 1 view .LVU113
 444:.//Libraries/CMSIS/DSP/Source/FilteringFunctions/arm_lms_norm_f32.c **** 
 283              		.loc 1 444 13 is_stmt 0 view .LVU114
 284 00e6 47ED014A 		vstr.32	s9, [r7, #-4]
 447:.//Libraries/CMSIS/DSP/Source/FilteringFunctions/arm_lms_norm_f32.c ****     *pErr++ = e;
 285              		.loc 1 447 5 is_stmt 1 view .LVU115
 286              	.LVL46:
 447:.//Libraries/CMSIS/DSP/Source/FilteringFunctions/arm_lms_norm_f32.c ****     *pErr++ = e;
 287              		.loc 1 447 9 is_stmt 0 view .LVU116
 288 00ea 56F8043C 		ldr	r3, [r6, #-4]	@ float
 289              	.LVL47:
 448:.//Libraries/CMSIS/DSP/Source/FilteringFunctions/arm_lms_norm_f32.c **** 
 290              		.loc 1 448 5 is_stmt 1 view .LVU117
 448:.//Libraries/CMSIS/DSP/Source/FilteringFunctions/arm_lms_norm_f32.c **** 
 291              		.loc 1 448 13 is_stmt 0 view .LVU118
 292 00ee 4CF8043C 		str	r3, [ip, #-4]	@ float
 452:.//Libraries/CMSIS/DSP/Source/FilteringFunctions/arm_lms_norm_f32.c **** 
 293              		.loc 1 452 5 is_stmt 1 view .LVU119
 455:.//Libraries/CMSIS/DSP/Source/FilteringFunctions/arm_lms_norm_f32.c **** 
 294              		.loc 1 455 5 view .LVU120
 458:.//Libraries/CMSIS/DSP/Source/FilteringFunctions/arm_lms_norm_f32.c **** 
 295              		.loc 1 458 5 view .LVU121
 491:.//Libraries/CMSIS/DSP/Source/FilteringFunctions/arm_lms_norm_f32.c **** 
 296              		.loc 1 491 5 view .LVU122
 297              	.LVL48:
 495:.//Libraries/CMSIS/DSP/Source/FilteringFunctions/arm_lms_norm_f32.c ****     {
 298              		.loc 1 495 5 view .LVU123
 495:.//Libraries/CMSIS/DSP/Source/FilteringFunctions/arm_lms_norm_f32.c ****     {
 299              		.loc 1 495 11 view .LVU124
 300 00f2 DCE7     		b	.L10
 301              	.LVL49:
 302              	.L11:
 357:.//Libraries/CMSIS/DSP/Source/FilteringFunctions/arm_lms_norm_f32.c ****         float32_t *pCoeffs = S->pCoeffs;               /* Coefficient pointer */
 303              		.loc 1 357 20 is_stmt 0 view .LVU125
 304 00f4 4B46     		mov	r3, r9
 305              	.LVL50:
 357:.//Libraries/CMSIS/DSP/Source/FilteringFunctions/arm_lms_norm_f32.c ****         float32_t *pCoeffs = S->pCoeffs;               /* Coefficient pointer */
 306              		.loc 1 357 20 view .LVU126
 307 00f6 E8E7     		b	.L2
 308              	.L23:
 309              		.align	2
 310              	.L22:
 311 00f8 00000000 		.word	0
 312 00fc 00000034 		.word	872415232
 313              		.cfi_endproc
 314              	.LFE145:
 316              		.text
 317              	.Letext0:
 318              		.file 2 "/opt/homebrew/Cellar/arm-none-eabi-gcc/9-2019-q4-major/gcc/arm-none-eabi/include/machine/
 319              		.file 3 "/opt/homebrew/Cellar/arm-none-eabi-gcc/9-2019-q4-major/gcc/arm-none-eabi/include/sys/_std
 320              		.file 4 "/opt/homebrew/Cellar/arm-none-eabi-gcc/9-2019-q4-major/gcc/arm-none-eabi/include/sys/lock
 321              		.file 5 "/opt/homebrew/Cellar/arm-none-eabi-gcc/9-2019-q4-major/gcc/arm-none-eabi/include/sys/_typ
 322              		.file 6 "/opt/homebrew/Cellar/arm-none-eabi-gcc/9-2019-q4-major/gcc/lib/gcc/arm-none-eabi/9.2.1/in
 323              		.file 7 "/opt/homebrew/Cellar/arm-none-eabi-gcc/9-2019-q4-major/gcc/arm-none-eabi/include/sys/reen
 324              		.file 8 "/opt/homebrew/Cellar/arm-none-eabi-gcc/9-2019-q4-major/gcc/arm-none-eabi/include/math.h"
 325              		.file 9 ".//Libraries/CMSIS/DSP/Include/arm_math.h"
ARM GAS  /var/folders/wl/rshn8xbx1dsfj1zgryf4g1240000gn/T//ccF4xMdO.s 			page 18


DEFINED SYMBOLS
                            *ABS*:0000000000000000 arm_lms_norm_f32.c
/var/folders/wl/rshn8xbx1dsfj1zgryf4g1240000gn/T//ccF4xMdO.s:17     .text.arm_lms_norm_f32:0000000000000000 $t
/var/folders/wl/rshn8xbx1dsfj1zgryf4g1240000gn/T//ccF4xMdO.s:26     .text.arm_lms_norm_f32:0000000000000000 arm_lms_norm_f32
/var/folders/wl/rshn8xbx1dsfj1zgryf4g1240000gn/T//ccF4xMdO.s:311    .text.arm_lms_norm_f32:00000000000000f8 $d

NO UNDEFINED SYMBOLS
