ARM GAS  /var/folders/wl/rshn8xbx1dsfj1zgryf4g1240000gn/T//cctFK4rU.s 			page 1


   1              		.cpu cortex-m7
   2              		.eabi_attribute 28, 1
   3              		.eabi_attribute 20, 1
   4              		.eabi_attribute 21, 1
   5              		.eabi_attribute 23, 3
   6              		.eabi_attribute 24, 1
   7              		.eabi_attribute 25, 1
   8              		.eabi_attribute 26, 1
   9              		.eabi_attribute 30, 2
  10              		.eabi_attribute 34, 1
  11              		.eabi_attribute 18, 4
  12              		.file	"arm_mat_trans_q31.c"
  13              		.text
  14              	.Ltext0:
  15              		.cfi_sections	.debug_frame
  16              		.section	.text.arm_mat_trans_q31,"ax",%progbits
  17              		.align	1
  18              		.p2align 2,,3
  19              		.global	arm_mat_trans_q31
  20              		.arch armv7e-m
  21              		.syntax unified
  22              		.thumb
  23              		.thumb_func
  24              		.fpu fpv5-d16
  26              	arm_mat_trans_q31:
  27              	.LVL0:
  28              	.LFB145:
  29              		.file 1 ".//Libraries/CMSIS/DSP/Source/MatrixFunctions/arm_mat_trans_q31.c"
   1:.//Libraries/CMSIS/DSP/Source/MatrixFunctions/arm_mat_trans_q31.c **** /* ----------------------------------------------------------------------
   2:.//Libraries/CMSIS/DSP/Source/MatrixFunctions/arm_mat_trans_q31.c ****  * Project:      CMSIS DSP Library
   3:.//Libraries/CMSIS/DSP/Source/MatrixFunctions/arm_mat_trans_q31.c ****  * Title:        arm_mat_trans_q31.c
   4:.//Libraries/CMSIS/DSP/Source/MatrixFunctions/arm_mat_trans_q31.c ****  * Description:  Q31 matrix transpose
   5:.//Libraries/CMSIS/DSP/Source/MatrixFunctions/arm_mat_trans_q31.c ****  *
   6:.//Libraries/CMSIS/DSP/Source/MatrixFunctions/arm_mat_trans_q31.c ****  * $Date:        18. March 2019
   7:.//Libraries/CMSIS/DSP/Source/MatrixFunctions/arm_mat_trans_q31.c ****  * $Revision:    V1.6.0
   8:.//Libraries/CMSIS/DSP/Source/MatrixFunctions/arm_mat_trans_q31.c ****  *
   9:.//Libraries/CMSIS/DSP/Source/MatrixFunctions/arm_mat_trans_q31.c ****  * Target Processor: Cortex-M cores
  10:.//Libraries/CMSIS/DSP/Source/MatrixFunctions/arm_mat_trans_q31.c ****  * -------------------------------------------------------------------- */
  11:.//Libraries/CMSIS/DSP/Source/MatrixFunctions/arm_mat_trans_q31.c **** /*
  12:.//Libraries/CMSIS/DSP/Source/MatrixFunctions/arm_mat_trans_q31.c ****  * Copyright (C) 2010-2019 ARM Limited or its affiliates. All rights reserved.
  13:.//Libraries/CMSIS/DSP/Source/MatrixFunctions/arm_mat_trans_q31.c ****  *
  14:.//Libraries/CMSIS/DSP/Source/MatrixFunctions/arm_mat_trans_q31.c ****  * SPDX-License-Identifier: Apache-2.0
  15:.//Libraries/CMSIS/DSP/Source/MatrixFunctions/arm_mat_trans_q31.c ****  *
  16:.//Libraries/CMSIS/DSP/Source/MatrixFunctions/arm_mat_trans_q31.c ****  * Licensed under the Apache License, Version 2.0 (the License); you may
  17:.//Libraries/CMSIS/DSP/Source/MatrixFunctions/arm_mat_trans_q31.c ****  * not use this file except in compliance with the License.
  18:.//Libraries/CMSIS/DSP/Source/MatrixFunctions/arm_mat_trans_q31.c ****  * You may obtain a copy of the License at
  19:.//Libraries/CMSIS/DSP/Source/MatrixFunctions/arm_mat_trans_q31.c ****  *
  20:.//Libraries/CMSIS/DSP/Source/MatrixFunctions/arm_mat_trans_q31.c ****  * www.apache.org/licenses/LICENSE-2.0
  21:.//Libraries/CMSIS/DSP/Source/MatrixFunctions/arm_mat_trans_q31.c ****  *
  22:.//Libraries/CMSIS/DSP/Source/MatrixFunctions/arm_mat_trans_q31.c ****  * Unless required by applicable law or agreed to in writing, software
  23:.//Libraries/CMSIS/DSP/Source/MatrixFunctions/arm_mat_trans_q31.c ****  * distributed under the License is distributed on an AS IS BASIS, WITHOUT
  24:.//Libraries/CMSIS/DSP/Source/MatrixFunctions/arm_mat_trans_q31.c ****  * WARRANTIES OR CONDITIONS OF ANY KIND, either express or implied.
  25:.//Libraries/CMSIS/DSP/Source/MatrixFunctions/arm_mat_trans_q31.c ****  * See the License for the specific language governing permissions and
  26:.//Libraries/CMSIS/DSP/Source/MatrixFunctions/arm_mat_trans_q31.c ****  * limitations under the License.
  27:.//Libraries/CMSIS/DSP/Source/MatrixFunctions/arm_mat_trans_q31.c ****  */
  28:.//Libraries/CMSIS/DSP/Source/MatrixFunctions/arm_mat_trans_q31.c **** 
  29:.//Libraries/CMSIS/DSP/Source/MatrixFunctions/arm_mat_trans_q31.c **** #include "arm_math.h"
ARM GAS  /var/folders/wl/rshn8xbx1dsfj1zgryf4g1240000gn/T//cctFK4rU.s 			page 2


  30:.//Libraries/CMSIS/DSP/Source/MatrixFunctions/arm_mat_trans_q31.c **** 
  31:.//Libraries/CMSIS/DSP/Source/MatrixFunctions/arm_mat_trans_q31.c **** /**
  32:.//Libraries/CMSIS/DSP/Source/MatrixFunctions/arm_mat_trans_q31.c ****   @ingroup groupMatrix
  33:.//Libraries/CMSIS/DSP/Source/MatrixFunctions/arm_mat_trans_q31.c ****  */
  34:.//Libraries/CMSIS/DSP/Source/MatrixFunctions/arm_mat_trans_q31.c **** 
  35:.//Libraries/CMSIS/DSP/Source/MatrixFunctions/arm_mat_trans_q31.c **** /**
  36:.//Libraries/CMSIS/DSP/Source/MatrixFunctions/arm_mat_trans_q31.c ****   @addtogroup MatrixTrans
  37:.//Libraries/CMSIS/DSP/Source/MatrixFunctions/arm_mat_trans_q31.c ****   @{
  38:.//Libraries/CMSIS/DSP/Source/MatrixFunctions/arm_mat_trans_q31.c ****  */
  39:.//Libraries/CMSIS/DSP/Source/MatrixFunctions/arm_mat_trans_q31.c **** 
  40:.//Libraries/CMSIS/DSP/Source/MatrixFunctions/arm_mat_trans_q31.c **** /**
  41:.//Libraries/CMSIS/DSP/Source/MatrixFunctions/arm_mat_trans_q31.c ****   @brief         Q31 matrix transpose.
  42:.//Libraries/CMSIS/DSP/Source/MatrixFunctions/arm_mat_trans_q31.c ****   @param[in]     pSrc      points to input matrix
  43:.//Libraries/CMSIS/DSP/Source/MatrixFunctions/arm_mat_trans_q31.c ****   @param[out]    pDst      points to output matrix
  44:.//Libraries/CMSIS/DSP/Source/MatrixFunctions/arm_mat_trans_q31.c ****   @return        execution status
  45:.//Libraries/CMSIS/DSP/Source/MatrixFunctions/arm_mat_trans_q31.c ****                    - \ref ARM_MATH_SUCCESS       : Operation successful
  46:.//Libraries/CMSIS/DSP/Source/MatrixFunctions/arm_mat_trans_q31.c ****                    - \ref ARM_MATH_SIZE_MISMATCH : Matrix size check failed
  47:.//Libraries/CMSIS/DSP/Source/MatrixFunctions/arm_mat_trans_q31.c ****  */
  48:.//Libraries/CMSIS/DSP/Source/MatrixFunctions/arm_mat_trans_q31.c **** 
  49:.//Libraries/CMSIS/DSP/Source/MatrixFunctions/arm_mat_trans_q31.c **** arm_status arm_mat_trans_q31(
  50:.//Libraries/CMSIS/DSP/Source/MatrixFunctions/arm_mat_trans_q31.c ****   const arm_matrix_instance_q31 * pSrc,
  51:.//Libraries/CMSIS/DSP/Source/MatrixFunctions/arm_mat_trans_q31.c ****         arm_matrix_instance_q31 * pDst)
  52:.//Libraries/CMSIS/DSP/Source/MatrixFunctions/arm_mat_trans_q31.c **** {
  30              		.loc 1 52 1 view -0
  31              		.cfi_startproc
  32              		@ args = 0, pretend = 0, frame = 0
  33              		@ frame_needed = 0, uses_anonymous_args = 0
  53:.//Libraries/CMSIS/DSP/Source/MatrixFunctions/arm_mat_trans_q31.c ****   q31_t *pIn = pSrc->pData;                      /* input data matrix pointer */
  34              		.loc 1 53 3 view .LVU1
  52:.//Libraries/CMSIS/DSP/Source/MatrixFunctions/arm_mat_trans_q31.c ****   q31_t *pIn = pSrc->pData;                      /* input data matrix pointer */
  35              		.loc 1 52 1 is_stmt 0 view .LVU2
  36 0000 F0B5     		push	{r4, r5, r6, r7, lr}
  37              	.LCFI0:
  38              		.cfi_def_cfa_offset 20
  39              		.cfi_offset 4, -20
  40              		.cfi_offset 5, -16
  41              		.cfi_offset 6, -12
  42              		.cfi_offset 7, -8
  43              		.cfi_offset 14, -4
  54:.//Libraries/CMSIS/DSP/Source/MatrixFunctions/arm_mat_trans_q31.c ****   q31_t *pOut = pDst->pData;                     /* output data matrix pointer */
  55:.//Libraries/CMSIS/DSP/Source/MatrixFunctions/arm_mat_trans_q31.c ****   q31_t *px;                                     /* Temporary output data matrix pointer */
  56:.//Libraries/CMSIS/DSP/Source/MatrixFunctions/arm_mat_trans_q31.c ****   uint16_t nRows = pSrc->numRows;                /* number of rows */
  57:.//Libraries/CMSIS/DSP/Source/MatrixFunctions/arm_mat_trans_q31.c ****   uint16_t nCols = pSrc->numCols;                /* number of columns */
  58:.//Libraries/CMSIS/DSP/Source/MatrixFunctions/arm_mat_trans_q31.c ****   uint32_t col, row = nRows, i = 0U;             /* Loop counters */
  44              		.loc 1 58 17 view .LVU3
  45 0002 B0F800C0 		ldrh	ip, [r0]
  46 0006 4D68     		ldr	r5, [r1, #4]
  47 0008 4788     		ldrh	r7, [r0, #2]
  59:.//Libraries/CMSIS/DSP/Source/MatrixFunctions/arm_mat_trans_q31.c ****   arm_status status;                             /* status of matrix transpose */
  60:.//Libraries/CMSIS/DSP/Source/MatrixFunctions/arm_mat_trans_q31.c **** 
  61:.//Libraries/CMSIS/DSP/Source/MatrixFunctions/arm_mat_trans_q31.c **** #ifdef ARM_MATH_MATRIX_CHECK
  62:.//Libraries/CMSIS/DSP/Source/MatrixFunctions/arm_mat_trans_q31.c **** 
  63:.//Libraries/CMSIS/DSP/Source/MatrixFunctions/arm_mat_trans_q31.c ****   /* Check for matrix mismatch condition */
  64:.//Libraries/CMSIS/DSP/Source/MatrixFunctions/arm_mat_trans_q31.c ****   if ((pSrc->numRows != pDst->numCols) ||
  65:.//Libraries/CMSIS/DSP/Source/MatrixFunctions/arm_mat_trans_q31.c ****       (pSrc->numCols != pDst->numRows)   )
  66:.//Libraries/CMSIS/DSP/Source/MatrixFunctions/arm_mat_trans_q31.c ****   {
  67:.//Libraries/CMSIS/DSP/Source/MatrixFunctions/arm_mat_trans_q31.c ****     /* Set status as ARM_MATH_SIZE_MISMATCH */
ARM GAS  /var/folders/wl/rshn8xbx1dsfj1zgryf4g1240000gn/T//cctFK4rU.s 			page 3


  68:.//Libraries/CMSIS/DSP/Source/MatrixFunctions/arm_mat_trans_q31.c ****     status = ARM_MATH_SIZE_MISMATCH;
  69:.//Libraries/CMSIS/DSP/Source/MatrixFunctions/arm_mat_trans_q31.c ****   }
  70:.//Libraries/CMSIS/DSP/Source/MatrixFunctions/arm_mat_trans_q31.c ****   else
  71:.//Libraries/CMSIS/DSP/Source/MatrixFunctions/arm_mat_trans_q31.c **** 
  72:.//Libraries/CMSIS/DSP/Source/MatrixFunctions/arm_mat_trans_q31.c **** #endif /* #ifdef ARM_MATH_MATRIX_CHECK */
  73:.//Libraries/CMSIS/DSP/Source/MatrixFunctions/arm_mat_trans_q31.c **** 
  74:.//Libraries/CMSIS/DSP/Source/MatrixFunctions/arm_mat_trans_q31.c ****   {
  75:.//Libraries/CMSIS/DSP/Source/MatrixFunctions/arm_mat_trans_q31.c ****     /* Matrix transpose by exchanging the rows with columns */
  76:.//Libraries/CMSIS/DSP/Source/MatrixFunctions/arm_mat_trans_q31.c ****     /* row loop */
  77:.//Libraries/CMSIS/DSP/Source/MatrixFunctions/arm_mat_trans_q31.c ****     do
  78:.//Libraries/CMSIS/DSP/Source/MatrixFunctions/arm_mat_trans_q31.c ****     {
  79:.//Libraries/CMSIS/DSP/Source/MatrixFunctions/arm_mat_trans_q31.c ****       /* Pointer px is set to starting address of column being processed */
  80:.//Libraries/CMSIS/DSP/Source/MatrixFunctions/arm_mat_trans_q31.c ****       px = pOut + i;
  81:.//Libraries/CMSIS/DSP/Source/MatrixFunctions/arm_mat_trans_q31.c **** 
  82:.//Libraries/CMSIS/DSP/Source/MatrixFunctions/arm_mat_trans_q31.c **** #if defined (ARM_MATH_LOOPUNROLL)
  83:.//Libraries/CMSIS/DSP/Source/MatrixFunctions/arm_mat_trans_q31.c **** 
  84:.//Libraries/CMSIS/DSP/Source/MatrixFunctions/arm_mat_trans_q31.c ****       /* Loop unrolling: Compute 4 outputs at a time */
  85:.//Libraries/CMSIS/DSP/Source/MatrixFunctions/arm_mat_trans_q31.c ****       col = nCols >> 2U;
  86:.//Libraries/CMSIS/DSP/Source/MatrixFunctions/arm_mat_trans_q31.c **** 
  87:.//Libraries/CMSIS/DSP/Source/MatrixFunctions/arm_mat_trans_q31.c ****       while (col > 0U)        /* column loop */
  88:.//Libraries/CMSIS/DSP/Source/MatrixFunctions/arm_mat_trans_q31.c ****       {
  89:.//Libraries/CMSIS/DSP/Source/MatrixFunctions/arm_mat_trans_q31.c ****         /* Read and store input element in destination */
  90:.//Libraries/CMSIS/DSP/Source/MatrixFunctions/arm_mat_trans_q31.c ****         *px = *pIn++;
  91:.//Libraries/CMSIS/DSP/Source/MatrixFunctions/arm_mat_trans_q31.c ****         /* Update pointer px to point to next row of transposed matrix */
  92:.//Libraries/CMSIS/DSP/Source/MatrixFunctions/arm_mat_trans_q31.c ****         px += nRows;
  93:.//Libraries/CMSIS/DSP/Source/MatrixFunctions/arm_mat_trans_q31.c **** 
  94:.//Libraries/CMSIS/DSP/Source/MatrixFunctions/arm_mat_trans_q31.c ****         *px = *pIn++;
  95:.//Libraries/CMSIS/DSP/Source/MatrixFunctions/arm_mat_trans_q31.c ****         px += nRows;
  96:.//Libraries/CMSIS/DSP/Source/MatrixFunctions/arm_mat_trans_q31.c **** 
  97:.//Libraries/CMSIS/DSP/Source/MatrixFunctions/arm_mat_trans_q31.c ****         *px = *pIn++;
  98:.//Libraries/CMSIS/DSP/Source/MatrixFunctions/arm_mat_trans_q31.c ****         px += nRows;
  99:.//Libraries/CMSIS/DSP/Source/MatrixFunctions/arm_mat_trans_q31.c **** 
 100:.//Libraries/CMSIS/DSP/Source/MatrixFunctions/arm_mat_trans_q31.c ****         *px = *pIn++;
 101:.//Libraries/CMSIS/DSP/Source/MatrixFunctions/arm_mat_trans_q31.c ****         px += nRows;
 102:.//Libraries/CMSIS/DSP/Source/MatrixFunctions/arm_mat_trans_q31.c **** 
 103:.//Libraries/CMSIS/DSP/Source/MatrixFunctions/arm_mat_trans_q31.c ****         /* Decrement column loop counter */
 104:.//Libraries/CMSIS/DSP/Source/MatrixFunctions/arm_mat_trans_q31.c ****         col--;
 105:.//Libraries/CMSIS/DSP/Source/MatrixFunctions/arm_mat_trans_q31.c ****       }
 106:.//Libraries/CMSIS/DSP/Source/MatrixFunctions/arm_mat_trans_q31.c **** 
 107:.//Libraries/CMSIS/DSP/Source/MatrixFunctions/arm_mat_trans_q31.c ****       /* Loop unrolling: Compute remaining outputs */
 108:.//Libraries/CMSIS/DSP/Source/MatrixFunctions/arm_mat_trans_q31.c ****       col = nCols % 0x4U;
 109:.//Libraries/CMSIS/DSP/Source/MatrixFunctions/arm_mat_trans_q31.c **** 
 110:.//Libraries/CMSIS/DSP/Source/MatrixFunctions/arm_mat_trans_q31.c **** #else
 111:.//Libraries/CMSIS/DSP/Source/MatrixFunctions/arm_mat_trans_q31.c **** 
 112:.//Libraries/CMSIS/DSP/Source/MatrixFunctions/arm_mat_trans_q31.c ****       /* Initialize col with number of samples */
 113:.//Libraries/CMSIS/DSP/Source/MatrixFunctions/arm_mat_trans_q31.c ****       col = nCols;
 114:.//Libraries/CMSIS/DSP/Source/MatrixFunctions/arm_mat_trans_q31.c **** 
 115:.//Libraries/CMSIS/DSP/Source/MatrixFunctions/arm_mat_trans_q31.c **** #endif /* #if defined (ARM_MATH_LOOPUNROLL) */
 116:.//Libraries/CMSIS/DSP/Source/MatrixFunctions/arm_mat_trans_q31.c **** 
 117:.//Libraries/CMSIS/DSP/Source/MatrixFunctions/arm_mat_trans_q31.c ****       while (col > 0U)
 118:.//Libraries/CMSIS/DSP/Source/MatrixFunctions/arm_mat_trans_q31.c ****       {
 119:.//Libraries/CMSIS/DSP/Source/MatrixFunctions/arm_mat_trans_q31.c ****         /* Read and store input element in destination */
 120:.//Libraries/CMSIS/DSP/Source/MatrixFunctions/arm_mat_trans_q31.c ****         *px = *pIn++;
 121:.//Libraries/CMSIS/DSP/Source/MatrixFunctions/arm_mat_trans_q31.c **** 
 122:.//Libraries/CMSIS/DSP/Source/MatrixFunctions/arm_mat_trans_q31.c ****         /* Update pointer px to point to next row of transposed matrix */
 123:.//Libraries/CMSIS/DSP/Source/MatrixFunctions/arm_mat_trans_q31.c ****         px += nRows;
  48              		.loc 1 123 12 view .LVU4
ARM GAS  /var/folders/wl/rshn8xbx1dsfj1zgryf4g1240000gn/T//cctFK4rU.s 			page 4


  49 000a 4FEA8C04 		lsl	r4, ip, #2
  53:.//Libraries/CMSIS/DSP/Source/MatrixFunctions/arm_mat_trans_q31.c ****   q31_t *pOut = pDst->pData;                     /* output data matrix pointer */
  50              		.loc 1 53 10 view .LVU5
  51 000e 4668     		ldr	r6, [r0, #4]
  52              	.LVL1:
  54:.//Libraries/CMSIS/DSP/Source/MatrixFunctions/arm_mat_trans_q31.c ****   q31_t *pOut = pDst->pData;                     /* output data matrix pointer */
  53              		.loc 1 54 3 is_stmt 1 view .LVU6
  55:.//Libraries/CMSIS/DSP/Source/MatrixFunctions/arm_mat_trans_q31.c ****   uint16_t nRows = pSrc->numRows;                /* number of rows */
  54              		.loc 1 55 3 view .LVU7
  56:.//Libraries/CMSIS/DSP/Source/MatrixFunctions/arm_mat_trans_q31.c ****   uint16_t nCols = pSrc->numCols;                /* number of columns */
  55              		.loc 1 56 3 view .LVU8
  57:.//Libraries/CMSIS/DSP/Source/MatrixFunctions/arm_mat_trans_q31.c ****   uint32_t col, row = nRows, i = 0U;             /* Loop counters */
  56              		.loc 1 57 3 view .LVU9
  58:.//Libraries/CMSIS/DSP/Source/MatrixFunctions/arm_mat_trans_q31.c ****   arm_status status;                             /* status of matrix transpose */
  57              		.loc 1 58 3 view .LVU10
  58:.//Libraries/CMSIS/DSP/Source/MatrixFunctions/arm_mat_trans_q31.c ****   arm_status status;                             /* status of matrix transpose */
  58              		.loc 1 58 3 is_stmt 0 view .LVU11
  59 0010 05EB8C0C 		add	ip, r5, ip, lsl #2
  60 0014 4FEA870E 		lsl	lr, r7, #2
  61              	.LVL2:
  62              	.L4:
  59:.//Libraries/CMSIS/DSP/Source/MatrixFunctions/arm_mat_trans_q31.c **** 
  63              		.loc 1 59 3 is_stmt 1 view .LVU12
  77:.//Libraries/CMSIS/DSP/Source/MatrixFunctions/arm_mat_trans_q31.c ****     {
  64              		.loc 1 77 5 view .LVU13
  80:.//Libraries/CMSIS/DSP/Source/MatrixFunctions/arm_mat_trans_q31.c **** 
  65              		.loc 1 80 7 view .LVU14
  80:.//Libraries/CMSIS/DSP/Source/MatrixFunctions/arm_mat_trans_q31.c **** 
  66              		.loc 1 80 10 is_stmt 0 view .LVU15
  67 0018 2B46     		mov	r3, r5
  68              	.LVL3:
 113:.//Libraries/CMSIS/DSP/Source/MatrixFunctions/arm_mat_trans_q31.c **** 
  69              		.loc 1 113 7 is_stmt 1 view .LVU16
 117:.//Libraries/CMSIS/DSP/Source/MatrixFunctions/arm_mat_trans_q31.c ****       {
  70              		.loc 1 117 7 view .LVU17
 117:.//Libraries/CMSIS/DSP/Source/MatrixFunctions/arm_mat_trans_q31.c ****       {
  71              		.loc 1 117 13 view .LVU18
  72 001a 47B1     		cbz	r7, .L2
  73 001c 3A46     		mov	r2, r7
  74 001e 3146     		mov	r1, r6
  75              	.LVL4:
  76              	.L3:
 120:.//Libraries/CMSIS/DSP/Source/MatrixFunctions/arm_mat_trans_q31.c **** 
  77              		.loc 1 120 9 view .LVU19
 120:.//Libraries/CMSIS/DSP/Source/MatrixFunctions/arm_mat_trans_q31.c **** 
  78              		.loc 1 120 15 is_stmt 0 view .LVU20
  79 0020 51F8040B 		ldr	r0, [r1], #4
  80              	.LVL5:
 117:.//Libraries/CMSIS/DSP/Source/MatrixFunctions/arm_mat_trans_q31.c ****       {
  81              		.loc 1 117 13 view .LVU21
  82 0024 013A     		subs	r2, r2, #1
  83              	.LVL6:
 120:.//Libraries/CMSIS/DSP/Source/MatrixFunctions/arm_mat_trans_q31.c **** 
  84              		.loc 1 120 13 view .LVU22
  85 0026 1860     		str	r0, [r3]
  86              		.loc 1 123 9 is_stmt 1 view .LVU23
  87              		.loc 1 123 12 is_stmt 0 view .LVU24
ARM GAS  /var/folders/wl/rshn8xbx1dsfj1zgryf4g1240000gn/T//cctFK4rU.s 			page 5


  88 0028 2344     		add	r3, r3, r4
  89              	.LVL7:
 124:.//Libraries/CMSIS/DSP/Source/MatrixFunctions/arm_mat_trans_q31.c **** 
 125:.//Libraries/CMSIS/DSP/Source/MatrixFunctions/arm_mat_trans_q31.c ****         /* Decrement column loop counter */
 126:.//Libraries/CMSIS/DSP/Source/MatrixFunctions/arm_mat_trans_q31.c ****         col--;
  90              		.loc 1 126 9 is_stmt 1 view .LVU25
 117:.//Libraries/CMSIS/DSP/Source/MatrixFunctions/arm_mat_trans_q31.c ****       {
  91              		.loc 1 117 13 view .LVU26
  92 002a F9D1     		bne	.L3
  93 002c 7644     		add	r6, r6, lr
  94              	.LVL8:
  95              	.L2:
 127:.//Libraries/CMSIS/DSP/Source/MatrixFunctions/arm_mat_trans_q31.c ****       }
 128:.//Libraries/CMSIS/DSP/Source/MatrixFunctions/arm_mat_trans_q31.c **** 
 129:.//Libraries/CMSIS/DSP/Source/MatrixFunctions/arm_mat_trans_q31.c ****       i++;
  96              		.loc 1 129 7 view .LVU27
 130:.//Libraries/CMSIS/DSP/Source/MatrixFunctions/arm_mat_trans_q31.c **** 
 131:.//Libraries/CMSIS/DSP/Source/MatrixFunctions/arm_mat_trans_q31.c ****       /* Decrement row loop counter */
 132:.//Libraries/CMSIS/DSP/Source/MatrixFunctions/arm_mat_trans_q31.c ****       row--;
  97              		.loc 1 132 7 view .LVU28
 133:.//Libraries/CMSIS/DSP/Source/MatrixFunctions/arm_mat_trans_q31.c **** 
 134:.//Libraries/CMSIS/DSP/Source/MatrixFunctions/arm_mat_trans_q31.c ****     } while (row > 0U);          /* row loop end */
  98              		.loc 1 134 13 view .LVU29
  99 002e 0435     		adds	r5, r5, #4
 100              		.loc 1 134 5 is_stmt 0 view .LVU30
 101 0030 6545     		cmp	r5, ip
 102 0032 F1D1     		bne	.L4
 135:.//Libraries/CMSIS/DSP/Source/MatrixFunctions/arm_mat_trans_q31.c **** 
 136:.//Libraries/CMSIS/DSP/Source/MatrixFunctions/arm_mat_trans_q31.c ****     /* Set status as ARM_MATH_SUCCESS */
 137:.//Libraries/CMSIS/DSP/Source/MatrixFunctions/arm_mat_trans_q31.c ****     status = ARM_MATH_SUCCESS;
 103              		.loc 1 137 5 is_stmt 1 view .LVU31
 104              	.LVL9:
 138:.//Libraries/CMSIS/DSP/Source/MatrixFunctions/arm_mat_trans_q31.c ****   }
 139:.//Libraries/CMSIS/DSP/Source/MatrixFunctions/arm_mat_trans_q31.c **** 
 140:.//Libraries/CMSIS/DSP/Source/MatrixFunctions/arm_mat_trans_q31.c ****   /* Return to application */
 141:.//Libraries/CMSIS/DSP/Source/MatrixFunctions/arm_mat_trans_q31.c ****   return (status);
 105              		.loc 1 141 3 view .LVU32
 142:.//Libraries/CMSIS/DSP/Source/MatrixFunctions/arm_mat_trans_q31.c **** }
 106              		.loc 1 142 1 is_stmt 0 view .LVU33
 107 0034 0020     		movs	r0, #0
 108 0036 F0BD     		pop	{r4, r5, r6, r7, pc}
 109              		.cfi_endproc
 110              	.LFE145:
 112              		.text
 113              	.Letext0:
 114              		.file 2 "/opt/homebrew/Cellar/arm-none-eabi-gcc/9-2019-q4-major/gcc/arm-none-eabi/include/machine/
 115              		.file 3 "/opt/homebrew/Cellar/arm-none-eabi-gcc/9-2019-q4-major/gcc/arm-none-eabi/include/sys/_std
 116              		.file 4 "/opt/homebrew/Cellar/arm-none-eabi-gcc/9-2019-q4-major/gcc/arm-none-eabi/include/sys/lock
 117              		.file 5 "/opt/homebrew/Cellar/arm-none-eabi-gcc/9-2019-q4-major/gcc/arm-none-eabi/include/sys/_typ
 118              		.file 6 "/opt/homebrew/Cellar/arm-none-eabi-gcc/9-2019-q4-major/gcc/lib/gcc/arm-none-eabi/9.2.1/in
 119              		.file 7 "/opt/homebrew/Cellar/arm-none-eabi-gcc/9-2019-q4-major/gcc/arm-none-eabi/include/sys/reen
 120              		.file 8 "/opt/homebrew/Cellar/arm-none-eabi-gcc/9-2019-q4-major/gcc/arm-none-eabi/include/math.h"
 121              		.file 9 ".//Libraries/CMSIS/DSP/Include/arm_math.h"
ARM GAS  /var/folders/wl/rshn8xbx1dsfj1zgryf4g1240000gn/T//cctFK4rU.s 			page 6


DEFINED SYMBOLS
                            *ABS*:0000000000000000 arm_mat_trans_q31.c
/var/folders/wl/rshn8xbx1dsfj1zgryf4g1240000gn/T//cctFK4rU.s:17     .text.arm_mat_trans_q31:0000000000000000 $t
/var/folders/wl/rshn8xbx1dsfj1zgryf4g1240000gn/T//cctFK4rU.s:26     .text.arm_mat_trans_q31:0000000000000000 arm_mat_trans_q31

NO UNDEFINED SYMBOLS
