ARM GAS  /tmp/ccDjuJs3.s 			page 1


   1              		.cpu cortex-m7
   2              		.eabi_attribute 28, 1
   3              		.eabi_attribute 20, 1
   4              		.eabi_attribute 21, 1
   5              		.eabi_attribute 23, 3
   6              		.eabi_attribute 24, 1
   7              		.eabi_attribute 25, 1
   8              		.eabi_attribute 26, 1
   9              		.eabi_attribute 30, 2
  10              		.eabi_attribute 34, 1
  11              		.eabi_attribute 18, 4
  12              		.file	"arm_copy_f32.c"
  13              		.text
  14              	.Ltext0:
  15              		.cfi_sections	.debug_frame
  16              		.section	.text.arm_copy_f32,"ax",%progbits
  17              		.align	1
  18              		.p2align 2,,3
  19              		.global	arm_copy_f32
  20              		.arch armv7e-m
  21              		.syntax unified
  22              		.thumb
  23              		.thumb_func
  24              		.fpu fpv5-d16
  26              	arm_copy_f32:
  27              	.LVL0:
  28              	.LFB145:
  29              		.file 1 "./Libraries/CMSIS/DSP/Source/SupportFunctions/arm_copy_f32.c"
   1:./Libraries/CMSIS/DSP/Source/SupportFunctions/arm_copy_f32.c **** /* ----------------------------------------------------------------------
   2:./Libraries/CMSIS/DSP/Source/SupportFunctions/arm_copy_f32.c ****  * Project:      CMSIS DSP Library
   3:./Libraries/CMSIS/DSP/Source/SupportFunctions/arm_copy_f32.c ****  * Title:        arm_copy_f32.c
   4:./Libraries/CMSIS/DSP/Source/SupportFunctions/arm_copy_f32.c ****  * Description:  Copies the elements of a floating-point vector
   5:./Libraries/CMSIS/DSP/Source/SupportFunctions/arm_copy_f32.c ****  *
   6:./Libraries/CMSIS/DSP/Source/SupportFunctions/arm_copy_f32.c ****  * $Date:        18. March 2019
   7:./Libraries/CMSIS/DSP/Source/SupportFunctions/arm_copy_f32.c ****  * $Revision:    V1.6.0
   8:./Libraries/CMSIS/DSP/Source/SupportFunctions/arm_copy_f32.c ****  *
   9:./Libraries/CMSIS/DSP/Source/SupportFunctions/arm_copy_f32.c ****  * Target Processor: Cortex-M cores
  10:./Libraries/CMSIS/DSP/Source/SupportFunctions/arm_copy_f32.c ****  * -------------------------------------------------------------------- */
  11:./Libraries/CMSIS/DSP/Source/SupportFunctions/arm_copy_f32.c **** /*
  12:./Libraries/CMSIS/DSP/Source/SupportFunctions/arm_copy_f32.c ****  * Copyright (C) 2010-2019 ARM Limited or its affiliates. All rights reserved.
  13:./Libraries/CMSIS/DSP/Source/SupportFunctions/arm_copy_f32.c ****  *
  14:./Libraries/CMSIS/DSP/Source/SupportFunctions/arm_copy_f32.c ****  * SPDX-License-Identifier: Apache-2.0
  15:./Libraries/CMSIS/DSP/Source/SupportFunctions/arm_copy_f32.c ****  *
  16:./Libraries/CMSIS/DSP/Source/SupportFunctions/arm_copy_f32.c ****  * Licensed under the Apache License, Version 2.0 (the License); you may
  17:./Libraries/CMSIS/DSP/Source/SupportFunctions/arm_copy_f32.c ****  * not use this file except in compliance with the License.
  18:./Libraries/CMSIS/DSP/Source/SupportFunctions/arm_copy_f32.c ****  * You may obtain a copy of the License at
  19:./Libraries/CMSIS/DSP/Source/SupportFunctions/arm_copy_f32.c ****  *
  20:./Libraries/CMSIS/DSP/Source/SupportFunctions/arm_copy_f32.c ****  * www.apache.org/licenses/LICENSE-2.0
  21:./Libraries/CMSIS/DSP/Source/SupportFunctions/arm_copy_f32.c ****  *
  22:./Libraries/CMSIS/DSP/Source/SupportFunctions/arm_copy_f32.c ****  * Unless required by applicable law or agreed to in writing, software
  23:./Libraries/CMSIS/DSP/Source/SupportFunctions/arm_copy_f32.c ****  * distributed under the License is distributed on an AS IS BASIS, WITHOUT
  24:./Libraries/CMSIS/DSP/Source/SupportFunctions/arm_copy_f32.c ****  * WARRANTIES OR CONDITIONS OF ANY KIND, either express or implied.
  25:./Libraries/CMSIS/DSP/Source/SupportFunctions/arm_copy_f32.c ****  * See the License for the specific language governing permissions and
  26:./Libraries/CMSIS/DSP/Source/SupportFunctions/arm_copy_f32.c ****  * limitations under the License.
  27:./Libraries/CMSIS/DSP/Source/SupportFunctions/arm_copy_f32.c ****  */
  28:./Libraries/CMSIS/DSP/Source/SupportFunctions/arm_copy_f32.c **** 
  29:./Libraries/CMSIS/DSP/Source/SupportFunctions/arm_copy_f32.c **** #include "arm_math.h"
ARM GAS  /tmp/ccDjuJs3.s 			page 2


  30:./Libraries/CMSIS/DSP/Source/SupportFunctions/arm_copy_f32.c **** 
  31:./Libraries/CMSIS/DSP/Source/SupportFunctions/arm_copy_f32.c **** /**
  32:./Libraries/CMSIS/DSP/Source/SupportFunctions/arm_copy_f32.c ****   @ingroup groupSupport
  33:./Libraries/CMSIS/DSP/Source/SupportFunctions/arm_copy_f32.c ****  */
  34:./Libraries/CMSIS/DSP/Source/SupportFunctions/arm_copy_f32.c **** 
  35:./Libraries/CMSIS/DSP/Source/SupportFunctions/arm_copy_f32.c **** /**
  36:./Libraries/CMSIS/DSP/Source/SupportFunctions/arm_copy_f32.c ****   @defgroup copy Vector Copy
  37:./Libraries/CMSIS/DSP/Source/SupportFunctions/arm_copy_f32.c **** 
  38:./Libraries/CMSIS/DSP/Source/SupportFunctions/arm_copy_f32.c ****   Copies sample by sample from source vector to destination vector.
  39:./Libraries/CMSIS/DSP/Source/SupportFunctions/arm_copy_f32.c **** 
  40:./Libraries/CMSIS/DSP/Source/SupportFunctions/arm_copy_f32.c ****   <pre>
  41:./Libraries/CMSIS/DSP/Source/SupportFunctions/arm_copy_f32.c ****       pDst[n] = pSrc[n];   0 <= n < blockSize.
  42:./Libraries/CMSIS/DSP/Source/SupportFunctions/arm_copy_f32.c ****   </pre>
  43:./Libraries/CMSIS/DSP/Source/SupportFunctions/arm_copy_f32.c **** 
  44:./Libraries/CMSIS/DSP/Source/SupportFunctions/arm_copy_f32.c ****   There are separate functions for floating point, Q31, Q15, and Q7 data types.
  45:./Libraries/CMSIS/DSP/Source/SupportFunctions/arm_copy_f32.c ****  */
  46:./Libraries/CMSIS/DSP/Source/SupportFunctions/arm_copy_f32.c **** 
  47:./Libraries/CMSIS/DSP/Source/SupportFunctions/arm_copy_f32.c **** /**
  48:./Libraries/CMSIS/DSP/Source/SupportFunctions/arm_copy_f32.c ****   @addtogroup copy
  49:./Libraries/CMSIS/DSP/Source/SupportFunctions/arm_copy_f32.c ****   @{
  50:./Libraries/CMSIS/DSP/Source/SupportFunctions/arm_copy_f32.c ****  */
  51:./Libraries/CMSIS/DSP/Source/SupportFunctions/arm_copy_f32.c **** 
  52:./Libraries/CMSIS/DSP/Source/SupportFunctions/arm_copy_f32.c **** /**
  53:./Libraries/CMSIS/DSP/Source/SupportFunctions/arm_copy_f32.c ****   @brief         Copies the elements of a floating-point vector.
  54:./Libraries/CMSIS/DSP/Source/SupportFunctions/arm_copy_f32.c ****   @param[in]     pSrc       points to input vector
  55:./Libraries/CMSIS/DSP/Source/SupportFunctions/arm_copy_f32.c ****   @param[out]    pDst       points to output vector
  56:./Libraries/CMSIS/DSP/Source/SupportFunctions/arm_copy_f32.c ****   @param[in]     blockSize  number of samples in each vector
  57:./Libraries/CMSIS/DSP/Source/SupportFunctions/arm_copy_f32.c ****   @return        none
  58:./Libraries/CMSIS/DSP/Source/SupportFunctions/arm_copy_f32.c ****  */
  59:./Libraries/CMSIS/DSP/Source/SupportFunctions/arm_copy_f32.c **** 
  60:./Libraries/CMSIS/DSP/Source/SupportFunctions/arm_copy_f32.c **** #if defined(ARM_MATH_NEON_EXPERIMENTAL)
  61:./Libraries/CMSIS/DSP/Source/SupportFunctions/arm_copy_f32.c **** void arm_copy_f32(
  62:./Libraries/CMSIS/DSP/Source/SupportFunctions/arm_copy_f32.c ****   const float32_t * pSrc,
  63:./Libraries/CMSIS/DSP/Source/SupportFunctions/arm_copy_f32.c ****   float32_t * pDst,
  64:./Libraries/CMSIS/DSP/Source/SupportFunctions/arm_copy_f32.c ****   uint32_t blockSize)
  65:./Libraries/CMSIS/DSP/Source/SupportFunctions/arm_copy_f32.c **** {
  66:./Libraries/CMSIS/DSP/Source/SupportFunctions/arm_copy_f32.c ****   uint32_t blkCnt;                               /* loop counter */
  67:./Libraries/CMSIS/DSP/Source/SupportFunctions/arm_copy_f32.c **** 
  68:./Libraries/CMSIS/DSP/Source/SupportFunctions/arm_copy_f32.c ****   float32x4_t inV;
  69:./Libraries/CMSIS/DSP/Source/SupportFunctions/arm_copy_f32.c **** 
  70:./Libraries/CMSIS/DSP/Source/SupportFunctions/arm_copy_f32.c ****   blkCnt = blockSize >> 2U;
  71:./Libraries/CMSIS/DSP/Source/SupportFunctions/arm_copy_f32.c **** 
  72:./Libraries/CMSIS/DSP/Source/SupportFunctions/arm_copy_f32.c ****   /* Compute 4 outputs at a time.
  73:./Libraries/CMSIS/DSP/Source/SupportFunctions/arm_copy_f32.c ****    ** a second loop below computes the remaining 1 to 3 samples. */
  74:./Libraries/CMSIS/DSP/Source/SupportFunctions/arm_copy_f32.c ****   while (blkCnt > 0U)
  75:./Libraries/CMSIS/DSP/Source/SupportFunctions/arm_copy_f32.c ****   {
  76:./Libraries/CMSIS/DSP/Source/SupportFunctions/arm_copy_f32.c ****     /* C = A */
  77:./Libraries/CMSIS/DSP/Source/SupportFunctions/arm_copy_f32.c ****     /* Copy and then store the results in the destination buffer */
  78:./Libraries/CMSIS/DSP/Source/SupportFunctions/arm_copy_f32.c ****     inV = vld1q_f32(pSrc);
  79:./Libraries/CMSIS/DSP/Source/SupportFunctions/arm_copy_f32.c ****     vst1q_f32(pDst, inV);
  80:./Libraries/CMSIS/DSP/Source/SupportFunctions/arm_copy_f32.c ****     pSrc += 4;
  81:./Libraries/CMSIS/DSP/Source/SupportFunctions/arm_copy_f32.c ****     pDst += 4;
  82:./Libraries/CMSIS/DSP/Source/SupportFunctions/arm_copy_f32.c **** 
  83:./Libraries/CMSIS/DSP/Source/SupportFunctions/arm_copy_f32.c ****     /* Decrement the loop counter */
  84:./Libraries/CMSIS/DSP/Source/SupportFunctions/arm_copy_f32.c ****     blkCnt--;
  85:./Libraries/CMSIS/DSP/Source/SupportFunctions/arm_copy_f32.c ****   }
  86:./Libraries/CMSIS/DSP/Source/SupportFunctions/arm_copy_f32.c **** 
ARM GAS  /tmp/ccDjuJs3.s 			page 3


  87:./Libraries/CMSIS/DSP/Source/SupportFunctions/arm_copy_f32.c ****   /* If the blockSize is not a multiple of 4, compute any remaining output samples here.
  88:./Libraries/CMSIS/DSP/Source/SupportFunctions/arm_copy_f32.c ****    ** No loop unrolling is used. */
  89:./Libraries/CMSIS/DSP/Source/SupportFunctions/arm_copy_f32.c ****   blkCnt = blockSize & 3;
  90:./Libraries/CMSIS/DSP/Source/SupportFunctions/arm_copy_f32.c **** 
  91:./Libraries/CMSIS/DSP/Source/SupportFunctions/arm_copy_f32.c ****   while (blkCnt > 0U)
  92:./Libraries/CMSIS/DSP/Source/SupportFunctions/arm_copy_f32.c ****   {
  93:./Libraries/CMSIS/DSP/Source/SupportFunctions/arm_copy_f32.c ****     /* C = A */
  94:./Libraries/CMSIS/DSP/Source/SupportFunctions/arm_copy_f32.c ****     /* Copy and then store the results in the destination buffer */
  95:./Libraries/CMSIS/DSP/Source/SupportFunctions/arm_copy_f32.c ****     *pDst++ = *pSrc++;
  96:./Libraries/CMSIS/DSP/Source/SupportFunctions/arm_copy_f32.c **** 
  97:./Libraries/CMSIS/DSP/Source/SupportFunctions/arm_copy_f32.c ****     /* Decrement the loop counter */
  98:./Libraries/CMSIS/DSP/Source/SupportFunctions/arm_copy_f32.c ****     blkCnt--;
  99:./Libraries/CMSIS/DSP/Source/SupportFunctions/arm_copy_f32.c ****   }
 100:./Libraries/CMSIS/DSP/Source/SupportFunctions/arm_copy_f32.c **** }
 101:./Libraries/CMSIS/DSP/Source/SupportFunctions/arm_copy_f32.c **** #else
 102:./Libraries/CMSIS/DSP/Source/SupportFunctions/arm_copy_f32.c **** void arm_copy_f32(
 103:./Libraries/CMSIS/DSP/Source/SupportFunctions/arm_copy_f32.c ****   const float32_t * pSrc,
 104:./Libraries/CMSIS/DSP/Source/SupportFunctions/arm_copy_f32.c ****         float32_t * pDst,
 105:./Libraries/CMSIS/DSP/Source/SupportFunctions/arm_copy_f32.c ****         uint32_t blockSize)
 106:./Libraries/CMSIS/DSP/Source/SupportFunctions/arm_copy_f32.c **** {
  30              		.loc 1 106 1 view -0
  31              		.cfi_startproc
  32              		@ args = 0, pretend = 0, frame = 0
  33              		@ frame_needed = 0, uses_anonymous_args = 0
  34              		@ link register save eliminated.
 107:./Libraries/CMSIS/DSP/Source/SupportFunctions/arm_copy_f32.c ****   uint32_t blkCnt;                               /* Loop counter */
  35              		.loc 1 107 3 view .LVU1
 108:./Libraries/CMSIS/DSP/Source/SupportFunctions/arm_copy_f32.c **** 
 109:./Libraries/CMSIS/DSP/Source/SupportFunctions/arm_copy_f32.c **** #if defined (ARM_MATH_LOOPUNROLL)
 110:./Libraries/CMSIS/DSP/Source/SupportFunctions/arm_copy_f32.c **** 
 111:./Libraries/CMSIS/DSP/Source/SupportFunctions/arm_copy_f32.c ****   /* Loop unrolling: Compute 4 outputs at a time */
 112:./Libraries/CMSIS/DSP/Source/SupportFunctions/arm_copy_f32.c ****   blkCnt = blockSize >> 2U;
 113:./Libraries/CMSIS/DSP/Source/SupportFunctions/arm_copy_f32.c **** 
 114:./Libraries/CMSIS/DSP/Source/SupportFunctions/arm_copy_f32.c ****   while (blkCnt > 0U)
 115:./Libraries/CMSIS/DSP/Source/SupportFunctions/arm_copy_f32.c ****   {
 116:./Libraries/CMSIS/DSP/Source/SupportFunctions/arm_copy_f32.c ****     /* C = A */
 117:./Libraries/CMSIS/DSP/Source/SupportFunctions/arm_copy_f32.c **** 
 118:./Libraries/CMSIS/DSP/Source/SupportFunctions/arm_copy_f32.c ****     /* Copy and store result in destination buffer */
 119:./Libraries/CMSIS/DSP/Source/SupportFunctions/arm_copy_f32.c ****     *pDst++ = *pSrc++;
 120:./Libraries/CMSIS/DSP/Source/SupportFunctions/arm_copy_f32.c ****     *pDst++ = *pSrc++;
 121:./Libraries/CMSIS/DSP/Source/SupportFunctions/arm_copy_f32.c ****     *pDst++ = *pSrc++;
 122:./Libraries/CMSIS/DSP/Source/SupportFunctions/arm_copy_f32.c ****     *pDst++ = *pSrc++;
 123:./Libraries/CMSIS/DSP/Source/SupportFunctions/arm_copy_f32.c **** 
 124:./Libraries/CMSIS/DSP/Source/SupportFunctions/arm_copy_f32.c ****     /* Decrement loop counter */
 125:./Libraries/CMSIS/DSP/Source/SupportFunctions/arm_copy_f32.c ****     blkCnt--;
 126:./Libraries/CMSIS/DSP/Source/SupportFunctions/arm_copy_f32.c ****   }
 127:./Libraries/CMSIS/DSP/Source/SupportFunctions/arm_copy_f32.c **** 
 128:./Libraries/CMSIS/DSP/Source/SupportFunctions/arm_copy_f32.c ****   /* Loop unrolling: Compute remaining outputs */
 129:./Libraries/CMSIS/DSP/Source/SupportFunctions/arm_copy_f32.c ****   blkCnt = blockSize % 0x4U;
 130:./Libraries/CMSIS/DSP/Source/SupportFunctions/arm_copy_f32.c **** 
 131:./Libraries/CMSIS/DSP/Source/SupportFunctions/arm_copy_f32.c **** #else
 132:./Libraries/CMSIS/DSP/Source/SupportFunctions/arm_copy_f32.c **** 
 133:./Libraries/CMSIS/DSP/Source/SupportFunctions/arm_copy_f32.c ****   /* Initialize blkCnt with number of samples */
 134:./Libraries/CMSIS/DSP/Source/SupportFunctions/arm_copy_f32.c ****   blkCnt = blockSize;
  36              		.loc 1 134 3 view .LVU2
 135:./Libraries/CMSIS/DSP/Source/SupportFunctions/arm_copy_f32.c **** 
 136:./Libraries/CMSIS/DSP/Source/SupportFunctions/arm_copy_f32.c **** #endif /* #if defined (ARM_MATH_LOOPUNROLL) */
ARM GAS  /tmp/ccDjuJs3.s 			page 4


 137:./Libraries/CMSIS/DSP/Source/SupportFunctions/arm_copy_f32.c **** 
 138:./Libraries/CMSIS/DSP/Source/SupportFunctions/arm_copy_f32.c ****   while (blkCnt > 0U)
  37              		.loc 1 138 3 view .LVU3
  38              		.loc 1 138 9 view .LVU4
  39 0000 2AB1     		cbz	r2, .L1
  40              	.LVL1:
  41              	.L3:
 139:./Libraries/CMSIS/DSP/Source/SupportFunctions/arm_copy_f32.c ****   {
 140:./Libraries/CMSIS/DSP/Source/SupportFunctions/arm_copy_f32.c ****     /* C = A */
 141:./Libraries/CMSIS/DSP/Source/SupportFunctions/arm_copy_f32.c **** 
 142:./Libraries/CMSIS/DSP/Source/SupportFunctions/arm_copy_f32.c ****     /* Copy and store result in destination buffer */
 143:./Libraries/CMSIS/DSP/Source/SupportFunctions/arm_copy_f32.c ****     *pDst++ = *pSrc++;
  42              		.loc 1 143 5 view .LVU5
  43              		.loc 1 143 15 is_stmt 0 view .LVU6
  44 0002 50F8043B 		ldr	r3, [r0], #4	@ float
  45              	.LVL2:
 138:./Libraries/CMSIS/DSP/Source/SupportFunctions/arm_copy_f32.c ****   {
  46              		.loc 1 138 9 view .LVU7
  47 0006 013A     		subs	r2, r2, #1
  48              	.LVL3:
  49              		.loc 1 143 13 view .LVU8
  50 0008 41F8043B 		str	r3, [r1], #4	@ float
 144:./Libraries/CMSIS/DSP/Source/SupportFunctions/arm_copy_f32.c **** 
 145:./Libraries/CMSIS/DSP/Source/SupportFunctions/arm_copy_f32.c ****     /* Decrement loop counter */
 146:./Libraries/CMSIS/DSP/Source/SupportFunctions/arm_copy_f32.c ****     blkCnt--;
  51              		.loc 1 146 5 is_stmt 1 view .LVU9
  52              	.LVL4:
 138:./Libraries/CMSIS/DSP/Source/SupportFunctions/arm_copy_f32.c ****   {
  53              		.loc 1 138 9 view .LVU10
  54 000c F9D1     		bne	.L3
  55              	.LVL5:
  56              	.L1:
 147:./Libraries/CMSIS/DSP/Source/SupportFunctions/arm_copy_f32.c ****   }
 148:./Libraries/CMSIS/DSP/Source/SupportFunctions/arm_copy_f32.c **** }
  57              		.loc 1 148 1 is_stmt 0 view .LVU11
  58 000e 7047     		bx	lr
  59              		.cfi_endproc
  60              	.LFE145:
  62              		.text
  63              	.Letext0:
  64              		.file 2 "/usr/lib/gcc/arm-none-eabi/9.2.1/include/stdint.h"
  65              		.file 3 "/usr/lib/gcc/arm-none-eabi/9.2.1/include/stddef.h"
  66              		.file 4 "/usr/include/newlib/sys/_types.h"
  67              		.file 5 "/usr/include/newlib/sys/reent.h"
  68              		.file 6 "/usr/include/newlib/sys/lock.h"
  69              		.file 7 "/usr/include/newlib/math.h"
  70              		.file 8 "./Libraries/CMSIS/DSP/Include/arm_math.h"
ARM GAS  /tmp/ccDjuJs3.s 			page 5


DEFINED SYMBOLS
                            *ABS*:0000000000000000 arm_copy_f32.c
     /tmp/ccDjuJs3.s:17     .text.arm_copy_f32:0000000000000000 $t
     /tmp/ccDjuJs3.s:26     .text.arm_copy_f32:0000000000000000 arm_copy_f32

NO UNDEFINED SYMBOLS
