ARM GAS  /tmp/cc2saqqm.s 			page 1


   1              		.cpu cortex-m7
   2              		.eabi_attribute 28, 1
   3              		.eabi_attribute 20, 1
   4              		.eabi_attribute 21, 1
   5              		.eabi_attribute 23, 3
   6              		.eabi_attribute 24, 1
   7              		.eabi_attribute 25, 1
   8              		.eabi_attribute 26, 1
   9              		.eabi_attribute 30, 2
  10              		.eabi_attribute 34, 1
  11              		.eabi_attribute 18, 4
  12              		.file	"arm_lms_norm_init_q31.c"
  13              		.text
  14              	.Ltext0:
  15              		.cfi_sections	.debug_frame
  16              		.section	.text.arm_lms_norm_init_q31,"ax",%progbits
  17              		.align	1
  18              		.p2align 2,,3
  19              		.global	arm_lms_norm_init_q31
  20              		.arch armv7e-m
  21              		.syntax unified
  22              		.thumb
  23              		.thumb_func
  24              		.fpu fpv5-d16
  26              	arm_lms_norm_init_q31:
  27              	.LVL0:
  28              	.LFB145:
  29              		.file 1 "./Libraries/CMSIS/DSP/Source/FilteringFunctions/arm_lms_norm_init_q31.c"
   1:./Libraries/CMSIS/DSP/Source/FilteringFunctions/arm_lms_norm_init_q31.c **** /* ----------------------------------------------------------------------
   2:./Libraries/CMSIS/DSP/Source/FilteringFunctions/arm_lms_norm_init_q31.c ****  * Project:      CMSIS DSP Library
   3:./Libraries/CMSIS/DSP/Source/FilteringFunctions/arm_lms_norm_init_q31.c ****  * Title:        arm_lms_norm_init_q31.c
   4:./Libraries/CMSIS/DSP/Source/FilteringFunctions/arm_lms_norm_init_q31.c ****  * Description:  Q31 NLMS filter initialization function
   5:./Libraries/CMSIS/DSP/Source/FilteringFunctions/arm_lms_norm_init_q31.c ****  *
   6:./Libraries/CMSIS/DSP/Source/FilteringFunctions/arm_lms_norm_init_q31.c ****  * $Date:        18. March 2019
   7:./Libraries/CMSIS/DSP/Source/FilteringFunctions/arm_lms_norm_init_q31.c ****  * $Revision:    V1.6.0
   8:./Libraries/CMSIS/DSP/Source/FilteringFunctions/arm_lms_norm_init_q31.c ****  *
   9:./Libraries/CMSIS/DSP/Source/FilteringFunctions/arm_lms_norm_init_q31.c ****  * Target Processor: Cortex-M cores
  10:./Libraries/CMSIS/DSP/Source/FilteringFunctions/arm_lms_norm_init_q31.c ****  * -------------------------------------------------------------------- */
  11:./Libraries/CMSIS/DSP/Source/FilteringFunctions/arm_lms_norm_init_q31.c **** /*
  12:./Libraries/CMSIS/DSP/Source/FilteringFunctions/arm_lms_norm_init_q31.c ****  * Copyright (C) 2010-2019 ARM Limited or its affiliates. All rights reserved.
  13:./Libraries/CMSIS/DSP/Source/FilteringFunctions/arm_lms_norm_init_q31.c ****  *
  14:./Libraries/CMSIS/DSP/Source/FilteringFunctions/arm_lms_norm_init_q31.c ****  * SPDX-License-Identifier: Apache-2.0
  15:./Libraries/CMSIS/DSP/Source/FilteringFunctions/arm_lms_norm_init_q31.c ****  *
  16:./Libraries/CMSIS/DSP/Source/FilteringFunctions/arm_lms_norm_init_q31.c ****  * Licensed under the Apache License, Version 2.0 (the License); you may
  17:./Libraries/CMSIS/DSP/Source/FilteringFunctions/arm_lms_norm_init_q31.c ****  * not use this file except in compliance with the License.
  18:./Libraries/CMSIS/DSP/Source/FilteringFunctions/arm_lms_norm_init_q31.c ****  * You may obtain a copy of the License at
  19:./Libraries/CMSIS/DSP/Source/FilteringFunctions/arm_lms_norm_init_q31.c ****  *
  20:./Libraries/CMSIS/DSP/Source/FilteringFunctions/arm_lms_norm_init_q31.c ****  * www.apache.org/licenses/LICENSE-2.0
  21:./Libraries/CMSIS/DSP/Source/FilteringFunctions/arm_lms_norm_init_q31.c ****  *
  22:./Libraries/CMSIS/DSP/Source/FilteringFunctions/arm_lms_norm_init_q31.c ****  * Unless required by applicable law or agreed to in writing, software
  23:./Libraries/CMSIS/DSP/Source/FilteringFunctions/arm_lms_norm_init_q31.c ****  * distributed under the License is distributed on an AS IS BASIS, WITHOUT
  24:./Libraries/CMSIS/DSP/Source/FilteringFunctions/arm_lms_norm_init_q31.c ****  * WARRANTIES OR CONDITIONS OF ANY KIND, either express or implied.
  25:./Libraries/CMSIS/DSP/Source/FilteringFunctions/arm_lms_norm_init_q31.c ****  * See the License for the specific language governing permissions and
  26:./Libraries/CMSIS/DSP/Source/FilteringFunctions/arm_lms_norm_init_q31.c ****  * limitations under the License.
  27:./Libraries/CMSIS/DSP/Source/FilteringFunctions/arm_lms_norm_init_q31.c ****  */
  28:./Libraries/CMSIS/DSP/Source/FilteringFunctions/arm_lms_norm_init_q31.c **** 
  29:./Libraries/CMSIS/DSP/Source/FilteringFunctions/arm_lms_norm_init_q31.c **** #include "arm_math.h"
ARM GAS  /tmp/cc2saqqm.s 			page 2


  30:./Libraries/CMSIS/DSP/Source/FilteringFunctions/arm_lms_norm_init_q31.c **** #include "arm_common_tables.h"
  31:./Libraries/CMSIS/DSP/Source/FilteringFunctions/arm_lms_norm_init_q31.c **** 
  32:./Libraries/CMSIS/DSP/Source/FilteringFunctions/arm_lms_norm_init_q31.c **** /**
  33:./Libraries/CMSIS/DSP/Source/FilteringFunctions/arm_lms_norm_init_q31.c ****   @addtogroup LMS_NORM
  34:./Libraries/CMSIS/DSP/Source/FilteringFunctions/arm_lms_norm_init_q31.c ****   @{
  35:./Libraries/CMSIS/DSP/Source/FilteringFunctions/arm_lms_norm_init_q31.c ****  */
  36:./Libraries/CMSIS/DSP/Source/FilteringFunctions/arm_lms_norm_init_q31.c **** 
  37:./Libraries/CMSIS/DSP/Source/FilteringFunctions/arm_lms_norm_init_q31.c **** /**
  38:./Libraries/CMSIS/DSP/Source/FilteringFunctions/arm_lms_norm_init_q31.c ****   @brief         Initialization function for Q31 normalized LMS filter.
  39:./Libraries/CMSIS/DSP/Source/FilteringFunctions/arm_lms_norm_init_q31.c ****   @param[in]     S         points to an instance of the Q31 normalized LMS filter structure.
  40:./Libraries/CMSIS/DSP/Source/FilteringFunctions/arm_lms_norm_init_q31.c ****   @param[in]     numTaps   number of filter coefficients.
  41:./Libraries/CMSIS/DSP/Source/FilteringFunctions/arm_lms_norm_init_q31.c ****   @param[in]     pCoeffs   points to coefficient buffer.
  42:./Libraries/CMSIS/DSP/Source/FilteringFunctions/arm_lms_norm_init_q31.c ****   @param[in]     pState    points to state buffer.
  43:./Libraries/CMSIS/DSP/Source/FilteringFunctions/arm_lms_norm_init_q31.c ****   @param[in]     mu        step size that controls filter coefficient updates.
  44:./Libraries/CMSIS/DSP/Source/FilteringFunctions/arm_lms_norm_init_q31.c ****   @param[in]     blockSize number of samples to process.
  45:./Libraries/CMSIS/DSP/Source/FilteringFunctions/arm_lms_norm_init_q31.c ****   @param[in]     postShift bit shift applied to coefficients.
  46:./Libraries/CMSIS/DSP/Source/FilteringFunctions/arm_lms_norm_init_q31.c ****   @return        none
  47:./Libraries/CMSIS/DSP/Source/FilteringFunctions/arm_lms_norm_init_q31.c **** 
  48:./Libraries/CMSIS/DSP/Source/FilteringFunctions/arm_lms_norm_init_q31.c ****   @par           Details
  49:./Libraries/CMSIS/DSP/Source/FilteringFunctions/arm_lms_norm_init_q31.c ****                    <code>pCoeffs</code> points to the array of filter coefficients stored in time r
  50:./Libraries/CMSIS/DSP/Source/FilteringFunctions/arm_lms_norm_init_q31.c ****   <pre>
  51:./Libraries/CMSIS/DSP/Source/FilteringFunctions/arm_lms_norm_init_q31.c ****      {b[numTaps-1], b[numTaps-2], b[N-2], ..., b[1], b[0]}
  52:./Libraries/CMSIS/DSP/Source/FilteringFunctions/arm_lms_norm_init_q31.c ****   </pre>
  53:./Libraries/CMSIS/DSP/Source/FilteringFunctions/arm_lms_norm_init_q31.c ****                    The initial filter coefficients serve as a starting point for the adaptive filte
  54:./Libraries/CMSIS/DSP/Source/FilteringFunctions/arm_lms_norm_init_q31.c ****                    <code>pState</code> points to an array of length <code>numTaps+blockSize-1</code
  55:./Libraries/CMSIS/DSP/Source/FilteringFunctions/arm_lms_norm_init_q31.c ****                    where <code>blockSize</code> is the number of input samples processed by each ca
  56:./Libraries/CMSIS/DSP/Source/FilteringFunctions/arm_lms_norm_init_q31.c ****  */
  57:./Libraries/CMSIS/DSP/Source/FilteringFunctions/arm_lms_norm_init_q31.c **** 
  58:./Libraries/CMSIS/DSP/Source/FilteringFunctions/arm_lms_norm_init_q31.c **** void arm_lms_norm_init_q31(
  59:./Libraries/CMSIS/DSP/Source/FilteringFunctions/arm_lms_norm_init_q31.c ****         arm_lms_norm_instance_q31 * S,
  60:./Libraries/CMSIS/DSP/Source/FilteringFunctions/arm_lms_norm_init_q31.c ****         uint16_t numTaps,
  61:./Libraries/CMSIS/DSP/Source/FilteringFunctions/arm_lms_norm_init_q31.c ****         q31_t * pCoeffs,
  62:./Libraries/CMSIS/DSP/Source/FilteringFunctions/arm_lms_norm_init_q31.c ****         q31_t * pState,
  63:./Libraries/CMSIS/DSP/Source/FilteringFunctions/arm_lms_norm_init_q31.c ****         q31_t mu,
  64:./Libraries/CMSIS/DSP/Source/FilteringFunctions/arm_lms_norm_init_q31.c ****         uint32_t blockSize,
  65:./Libraries/CMSIS/DSP/Source/FilteringFunctions/arm_lms_norm_init_q31.c ****         uint8_t postShift)
  66:./Libraries/CMSIS/DSP/Source/FilteringFunctions/arm_lms_norm_init_q31.c **** {
  30              		.loc 1 66 1 view -0
  31              		.cfi_startproc
  32              		@ args = 12, pretend = 0, frame = 0
  33              		@ frame_needed = 0, uses_anonymous_args = 0
  67:./Libraries/CMSIS/DSP/Source/FilteringFunctions/arm_lms_norm_init_q31.c ****   /* Assign filter taps */
  68:./Libraries/CMSIS/DSP/Source/FilteringFunctions/arm_lms_norm_init_q31.c ****   S->numTaps = numTaps;
  34              		.loc 1 68 3 view .LVU1
  66:./Libraries/CMSIS/DSP/Source/FilteringFunctions/arm_lms_norm_init_q31.c ****   /* Assign filter taps */
  35              		.loc 1 66 1 is_stmt 0 view .LVU2
  36 0000 70B5     		push	{r4, r5, r6, lr}
  37              	.LCFI0:
  38              		.cfi_def_cfa_offset 16
  39              		.cfi_offset 4, -16
  40              		.cfi_offset 5, -12
  41              		.cfi_offset 6, -8
  42              		.cfi_offset 14, -4
  66:./Libraries/CMSIS/DSP/Source/FilteringFunctions/arm_lms_norm_init_q31.c ****   /* Assign filter taps */
  43              		.loc 1 66 1 view .LVU3
  44 0002 059D     		ldr	r5, [sp, #20]
  45 0004 0446     		mov	r4, r0
ARM GAS  /tmp/cc2saqqm.s 			page 3


  46              		.loc 1 68 14 view .LVU4
  47 0006 0180     		strh	r1, [r0]	@ movhi
  69:./Libraries/CMSIS/DSP/Source/FilteringFunctions/arm_lms_norm_init_q31.c **** 
  70:./Libraries/CMSIS/DSP/Source/FilteringFunctions/arm_lms_norm_init_q31.c ****   /* Assign coefficient pointer */
  71:./Libraries/CMSIS/DSP/Source/FilteringFunctions/arm_lms_norm_init_q31.c ****   S->pCoeffs = pCoeffs;
  48              		.loc 1 71 3 is_stmt 1 view .LVU5
  72:./Libraries/CMSIS/DSP/Source/FilteringFunctions/arm_lms_norm_init_q31.c **** 
  73:./Libraries/CMSIS/DSP/Source/FilteringFunctions/arm_lms_norm_init_q31.c ****   /* Clear state buffer and size is always blockSize + numTaps - 1 */
  74:./Libraries/CMSIS/DSP/Source/FilteringFunctions/arm_lms_norm_init_q31.c ****   memset(pState, 0, (numTaps + (blockSize - 1U)) * sizeof(q31_t));
  49              		.loc 1 74 3 is_stmt 0 view .LVU6
  50 0008 1846     		mov	r0, r3
  51              	.LVL1:
  52              		.loc 1 74 30 view .LVU7
  53 000a 013D     		subs	r5, r5, #1
  71:./Libraries/CMSIS/DSP/Source/FilteringFunctions/arm_lms_norm_init_q31.c **** 
  54              		.loc 1 71 14 view .LVU8
  55 000c A260     		str	r2, [r4, #8]
  56              		.loc 1 74 3 is_stmt 1 view .LVU9
  66:./Libraries/CMSIS/DSP/Source/FilteringFunctions/arm_lms_norm_init_q31.c ****   /* Assign filter taps */
  57              		.loc 1 66 1 is_stmt 0 view .LVU10
  58 000e 9DF81860 		ldrb	r6, [sp, #24]	@ zero_extendqisi2
  59              		.loc 1 74 30 view .LVU11
  60 0012 0D44     		add	r5, r5, r1
  61              		.loc 1 74 3 view .LVU12
  62 0014 0021     		movs	r1, #0
  63              	.LVL2:
  64              		.loc 1 74 3 view .LVU13
  65 0016 AA00     		lsls	r2, r5, #2
  66              	.LVL3:
  66:./Libraries/CMSIS/DSP/Source/FilteringFunctions/arm_lms_norm_init_q31.c ****   /* Assign filter taps */
  67              		.loc 1 66 1 view .LVU14
  68 0018 049D     		ldr	r5, [sp, #16]
  69              		.loc 1 74 3 view .LVU15
  70 001a FFF7FEFF 		bl	memset
  71              	.LVL4:
  75:./Libraries/CMSIS/DSP/Source/FilteringFunctions/arm_lms_norm_init_q31.c **** 
  76:./Libraries/CMSIS/DSP/Source/FilteringFunctions/arm_lms_norm_init_q31.c ****   /* Assign post Shift value applied to coefficients */
  77:./Libraries/CMSIS/DSP/Source/FilteringFunctions/arm_lms_norm_init_q31.c ****   S->postShift = postShift;
  72              		.loc 1 77 3 is_stmt 1 view .LVU16
  78:./Libraries/CMSIS/DSP/Source/FilteringFunctions/arm_lms_norm_init_q31.c **** 
  79:./Libraries/CMSIS/DSP/Source/FilteringFunctions/arm_lms_norm_init_q31.c ****   /* Assign state pointer */
  80:./Libraries/CMSIS/DSP/Source/FilteringFunctions/arm_lms_norm_init_q31.c ****   S->pState = pState;
  81:./Libraries/CMSIS/DSP/Source/FilteringFunctions/arm_lms_norm_init_q31.c **** 
  82:./Libraries/CMSIS/DSP/Source/FilteringFunctions/arm_lms_norm_init_q31.c ****   /* Assign Step size value */
  83:./Libraries/CMSIS/DSP/Source/FilteringFunctions/arm_lms_norm_init_q31.c ****   S->mu = mu;
  84:./Libraries/CMSIS/DSP/Source/FilteringFunctions/arm_lms_norm_init_q31.c **** 
  85:./Libraries/CMSIS/DSP/Source/FilteringFunctions/arm_lms_norm_init_q31.c ****   /* Initialize reciprocal pointer table */
  86:./Libraries/CMSIS/DSP/Source/FilteringFunctions/arm_lms_norm_init_q31.c ****   S->recipTable = (q31_t *) armRecipTableQ31;
  87:./Libraries/CMSIS/DSP/Source/FilteringFunctions/arm_lms_norm_init_q31.c **** 
  88:./Libraries/CMSIS/DSP/Source/FilteringFunctions/arm_lms_norm_init_q31.c ****   /* Initialise Energy to zero */
  89:./Libraries/CMSIS/DSP/Source/FilteringFunctions/arm_lms_norm_init_q31.c ****   S->energy = 0;
  73              		.loc 1 89 13 is_stmt 0 view .LVU17
  74 001e 0022     		movs	r2, #0
  86:./Libraries/CMSIS/DSP/Source/FilteringFunctions/arm_lms_norm_init_q31.c **** 
  75              		.loc 1 86 17 view .LVU18
  76 0020 0349     		ldr	r1, .L4
  77:./Libraries/CMSIS/DSP/Source/FilteringFunctions/arm_lms_norm_init_q31.c **** 
ARM GAS  /tmp/cc2saqqm.s 			page 4


  77              		.loc 1 77 16 view .LVU19
  78 0022 2674     		strb	r6, [r4, #16]
  80:./Libraries/CMSIS/DSP/Source/FilteringFunctions/arm_lms_norm_init_q31.c **** 
  79              		.loc 1 80 3 is_stmt 1 view .LVU20
  80:./Libraries/CMSIS/DSP/Source/FilteringFunctions/arm_lms_norm_init_q31.c **** 
  80              		.loc 1 80 13 is_stmt 0 view .LVU21
  81 0024 6060     		str	r0, [r4, #4]
  83:./Libraries/CMSIS/DSP/Source/FilteringFunctions/arm_lms_norm_init_q31.c **** 
  82              		.loc 1 83 3 is_stmt 1 view .LVU22
  83:./Libraries/CMSIS/DSP/Source/FilteringFunctions/arm_lms_norm_init_q31.c **** 
  83              		.loc 1 83 9 is_stmt 0 view .LVU23
  84 0026 E560     		str	r5, [r4, #12]
  86:./Libraries/CMSIS/DSP/Source/FilteringFunctions/arm_lms_norm_init_q31.c **** 
  85              		.loc 1 86 3 is_stmt 1 view .LVU24
  90:./Libraries/CMSIS/DSP/Source/FilteringFunctions/arm_lms_norm_init_q31.c **** 
  91:./Libraries/CMSIS/DSP/Source/FilteringFunctions/arm_lms_norm_init_q31.c ****   /* Initialise x0 to zero */
  92:./Libraries/CMSIS/DSP/Source/FilteringFunctions/arm_lms_norm_init_q31.c ****   S->x0 = 0;
  86              		.loc 1 92 9 is_stmt 0 view .LVU25
  87 0028 E261     		str	r2, [r4, #28]
  89:./Libraries/CMSIS/DSP/Source/FilteringFunctions/arm_lms_norm_init_q31.c **** 
  88              		.loc 1 89 13 view .LVU26
  89 002a C4E90512 		strd	r1, r2, [r4, #20]
  90              		.loc 1 92 3 is_stmt 1 view .LVU27
  93:./Libraries/CMSIS/DSP/Source/FilteringFunctions/arm_lms_norm_init_q31.c **** }
  91              		.loc 1 93 1 is_stmt 0 view .LVU28
  92 002e 70BD     		pop	{r4, r5, r6, pc}
  93              	.LVL5:
  94              	.L5:
  95              		.loc 1 93 1 view .LVU29
  96              		.align	2
  97              	.L4:
  98 0030 00000000 		.word	armRecipTableQ31
  99              		.cfi_endproc
 100              	.LFE145:
 102              		.text
 103              	.Letext0:
 104              		.file 2 "/usr/lib/gcc/arm-none-eabi/9.2.1/include/stdint.h"
 105              		.file 3 "/usr/lib/gcc/arm-none-eabi/9.2.1/include/stddef.h"
 106              		.file 4 "/usr/include/newlib/sys/_types.h"
 107              		.file 5 "/usr/include/newlib/sys/reent.h"
 108              		.file 6 "/usr/include/newlib/sys/lock.h"
 109              		.file 7 "/usr/include/newlib/math.h"
 110              		.file 8 "./Libraries/CMSIS/DSP/Include/arm_math.h"
 111              		.file 9 "./Libraries/CMSIS/DSP/Include/arm_common_tables.h"
 112              		.file 10 "<built-in>"
ARM GAS  /tmp/cc2saqqm.s 			page 5


DEFINED SYMBOLS
                            *ABS*:0000000000000000 arm_lms_norm_init_q31.c
     /tmp/cc2saqqm.s:17     .text.arm_lms_norm_init_q31:0000000000000000 $t
     /tmp/cc2saqqm.s:26     .text.arm_lms_norm_init_q31:0000000000000000 arm_lms_norm_init_q31
     /tmp/cc2saqqm.s:98     .text.arm_lms_norm_init_q31:0000000000000030 $d

UNDEFINED SYMBOLS
memset
armRecipTableQ31
