ARM GAS  /var/folders/wl/rshn8xbx1dsfj1zgryf4g1240000gn/T//cc5dgRaH.s 			page 1


   1              		.cpu cortex-m7
   2              		.eabi_attribute 28, 1
   3              		.eabi_attribute 20, 1
   4              		.eabi_attribute 21, 1
   5              		.eabi_attribute 23, 3
   6              		.eabi_attribute 24, 1
   7              		.eabi_attribute 25, 1
   8              		.eabi_attribute 26, 1
   9              		.eabi_attribute 30, 2
  10              		.eabi_attribute 34, 1
  11              		.eabi_attribute 18, 4
  12              		.file	"arm_cmplx_mult_real_q31.c"
  13              		.text
  14              	.Ltext0:
  15              		.cfi_sections	.debug_frame
  16              		.section	.text.arm_cmplx_mult_real_q31,"ax",%progbits
  17              		.align	1
  18              		.p2align 2,,3
  19              		.global	arm_cmplx_mult_real_q31
  20              		.arch armv7e-m
  21              		.syntax unified
  22              		.thumb
  23              		.thumb_func
  24              		.fpu fpv5-d16
  26              	arm_cmplx_mult_real_q31:
  27              	.LVL0:
  28              	.LFB145:
  29              		.file 1 ".//Libraries/CMSIS/DSP/Source/ComplexMathFunctions/arm_cmplx_mult_real_q31.c"
   1:.//Libraries/CMSIS/DSP/Source/ComplexMathFunctions/arm_cmplx_mult_real_q31.c **** /* ----------------------------------------------------------------------
   2:.//Libraries/CMSIS/DSP/Source/ComplexMathFunctions/arm_cmplx_mult_real_q31.c ****  * Project:      CMSIS DSP Library
   3:.//Libraries/CMSIS/DSP/Source/ComplexMathFunctions/arm_cmplx_mult_real_q31.c ****  * Title:        arm_cmplx_mult_real_q31.c
   4:.//Libraries/CMSIS/DSP/Source/ComplexMathFunctions/arm_cmplx_mult_real_q31.c ****  * Description:  Q31 complex by real multiplication
   5:.//Libraries/CMSIS/DSP/Source/ComplexMathFunctions/arm_cmplx_mult_real_q31.c ****  *
   6:.//Libraries/CMSIS/DSP/Source/ComplexMathFunctions/arm_cmplx_mult_real_q31.c ****  * $Date:        18. March 2019
   7:.//Libraries/CMSIS/DSP/Source/ComplexMathFunctions/arm_cmplx_mult_real_q31.c ****  * $Revision:    V1.6.0
   8:.//Libraries/CMSIS/DSP/Source/ComplexMathFunctions/arm_cmplx_mult_real_q31.c ****  *
   9:.//Libraries/CMSIS/DSP/Source/ComplexMathFunctions/arm_cmplx_mult_real_q31.c ****  * Target Processor: Cortex-M cores
  10:.//Libraries/CMSIS/DSP/Source/ComplexMathFunctions/arm_cmplx_mult_real_q31.c ****  * -------------------------------------------------------------------- */
  11:.//Libraries/CMSIS/DSP/Source/ComplexMathFunctions/arm_cmplx_mult_real_q31.c **** /*
  12:.//Libraries/CMSIS/DSP/Source/ComplexMathFunctions/arm_cmplx_mult_real_q31.c ****  * Copyright (C) 2010-2019 ARM Limited or its affiliates. All rights reserved.
  13:.//Libraries/CMSIS/DSP/Source/ComplexMathFunctions/arm_cmplx_mult_real_q31.c ****  *
  14:.//Libraries/CMSIS/DSP/Source/ComplexMathFunctions/arm_cmplx_mult_real_q31.c ****  * SPDX-License-Identifier: Apache-2.0
  15:.//Libraries/CMSIS/DSP/Source/ComplexMathFunctions/arm_cmplx_mult_real_q31.c ****  *
  16:.//Libraries/CMSIS/DSP/Source/ComplexMathFunctions/arm_cmplx_mult_real_q31.c ****  * Licensed under the Apache License, Version 2.0 (the License); you may
  17:.//Libraries/CMSIS/DSP/Source/ComplexMathFunctions/arm_cmplx_mult_real_q31.c ****  * not use this file except in compliance with the License.
  18:.//Libraries/CMSIS/DSP/Source/ComplexMathFunctions/arm_cmplx_mult_real_q31.c ****  * You may obtain a copy of the License at
  19:.//Libraries/CMSIS/DSP/Source/ComplexMathFunctions/arm_cmplx_mult_real_q31.c ****  *
  20:.//Libraries/CMSIS/DSP/Source/ComplexMathFunctions/arm_cmplx_mult_real_q31.c ****  * www.apache.org/licenses/LICENSE-2.0
  21:.//Libraries/CMSIS/DSP/Source/ComplexMathFunctions/arm_cmplx_mult_real_q31.c ****  *
  22:.//Libraries/CMSIS/DSP/Source/ComplexMathFunctions/arm_cmplx_mult_real_q31.c ****  * Unless required by applicable law or agreed to in writing, software
  23:.//Libraries/CMSIS/DSP/Source/ComplexMathFunctions/arm_cmplx_mult_real_q31.c ****  * distributed under the License is distributed on an AS IS BASIS, WITHOUT
  24:.//Libraries/CMSIS/DSP/Source/ComplexMathFunctions/arm_cmplx_mult_real_q31.c ****  * WARRANTIES OR CONDITIONS OF ANY KIND, either express or implied.
  25:.//Libraries/CMSIS/DSP/Source/ComplexMathFunctions/arm_cmplx_mult_real_q31.c ****  * See the License for the specific language governing permissions and
  26:.//Libraries/CMSIS/DSP/Source/ComplexMathFunctions/arm_cmplx_mult_real_q31.c ****  * limitations under the License.
  27:.//Libraries/CMSIS/DSP/Source/ComplexMathFunctions/arm_cmplx_mult_real_q31.c ****  */
  28:.//Libraries/CMSIS/DSP/Source/ComplexMathFunctions/arm_cmplx_mult_real_q31.c **** 
  29:.//Libraries/CMSIS/DSP/Source/ComplexMathFunctions/arm_cmplx_mult_real_q31.c **** #include "arm_math.h"
ARM GAS  /var/folders/wl/rshn8xbx1dsfj1zgryf4g1240000gn/T//cc5dgRaH.s 			page 2


  30:.//Libraries/CMSIS/DSP/Source/ComplexMathFunctions/arm_cmplx_mult_real_q31.c **** 
  31:.//Libraries/CMSIS/DSP/Source/ComplexMathFunctions/arm_cmplx_mult_real_q31.c **** /**
  32:.//Libraries/CMSIS/DSP/Source/ComplexMathFunctions/arm_cmplx_mult_real_q31.c ****   @ingroup groupCmplxMath
  33:.//Libraries/CMSIS/DSP/Source/ComplexMathFunctions/arm_cmplx_mult_real_q31.c ****  */
  34:.//Libraries/CMSIS/DSP/Source/ComplexMathFunctions/arm_cmplx_mult_real_q31.c **** 
  35:.//Libraries/CMSIS/DSP/Source/ComplexMathFunctions/arm_cmplx_mult_real_q31.c **** /**
  36:.//Libraries/CMSIS/DSP/Source/ComplexMathFunctions/arm_cmplx_mult_real_q31.c ****   @addtogroup CmplxByRealMult
  37:.//Libraries/CMSIS/DSP/Source/ComplexMathFunctions/arm_cmplx_mult_real_q31.c ****   @{
  38:.//Libraries/CMSIS/DSP/Source/ComplexMathFunctions/arm_cmplx_mult_real_q31.c ****  */
  39:.//Libraries/CMSIS/DSP/Source/ComplexMathFunctions/arm_cmplx_mult_real_q31.c **** 
  40:.//Libraries/CMSIS/DSP/Source/ComplexMathFunctions/arm_cmplx_mult_real_q31.c **** /**
  41:.//Libraries/CMSIS/DSP/Source/ComplexMathFunctions/arm_cmplx_mult_real_q31.c ****   @brief         Q31 complex-by-real multiplication.
  42:.//Libraries/CMSIS/DSP/Source/ComplexMathFunctions/arm_cmplx_mult_real_q31.c ****   @param[in]     pSrcCmplx   points to complex input vector
  43:.//Libraries/CMSIS/DSP/Source/ComplexMathFunctions/arm_cmplx_mult_real_q31.c ****   @param[in]     pSrcReal    points to real input vector
  44:.//Libraries/CMSIS/DSP/Source/ComplexMathFunctions/arm_cmplx_mult_real_q31.c ****   @param[out]    pCmplxDst   points to complex output vector
  45:.//Libraries/CMSIS/DSP/Source/ComplexMathFunctions/arm_cmplx_mult_real_q31.c ****   @param[in]     numSamples  number of samples in each vector
  46:.//Libraries/CMSIS/DSP/Source/ComplexMathFunctions/arm_cmplx_mult_real_q31.c ****   @return        none
  47:.//Libraries/CMSIS/DSP/Source/ComplexMathFunctions/arm_cmplx_mult_real_q31.c **** 
  48:.//Libraries/CMSIS/DSP/Source/ComplexMathFunctions/arm_cmplx_mult_real_q31.c ****   @par           Scaling and Overflow Behavior
  49:.//Libraries/CMSIS/DSP/Source/ComplexMathFunctions/arm_cmplx_mult_real_q31.c ****                    The function uses saturating arithmetic.
  50:.//Libraries/CMSIS/DSP/Source/ComplexMathFunctions/arm_cmplx_mult_real_q31.c ****                    Results outside of the allowable Q31 range[0x80000000 0x7FFFFFFF] are saturated.
  51:.//Libraries/CMSIS/DSP/Source/ComplexMathFunctions/arm_cmplx_mult_real_q31.c ****  */
  52:.//Libraries/CMSIS/DSP/Source/ComplexMathFunctions/arm_cmplx_mult_real_q31.c **** 
  53:.//Libraries/CMSIS/DSP/Source/ComplexMathFunctions/arm_cmplx_mult_real_q31.c **** void arm_cmplx_mult_real_q31(
  54:.//Libraries/CMSIS/DSP/Source/ComplexMathFunctions/arm_cmplx_mult_real_q31.c ****   const q31_t * pSrcCmplx,
  55:.//Libraries/CMSIS/DSP/Source/ComplexMathFunctions/arm_cmplx_mult_real_q31.c ****   const q31_t * pSrcReal,
  56:.//Libraries/CMSIS/DSP/Source/ComplexMathFunctions/arm_cmplx_mult_real_q31.c ****         q31_t * pCmplxDst,
  57:.//Libraries/CMSIS/DSP/Source/ComplexMathFunctions/arm_cmplx_mult_real_q31.c ****         uint32_t numSamples)
  58:.//Libraries/CMSIS/DSP/Source/ComplexMathFunctions/arm_cmplx_mult_real_q31.c **** {
  30              		.loc 1 58 1 view -0
  31              		.cfi_startproc
  32              		@ args = 0, pretend = 0, frame = 0
  33              		@ frame_needed = 0, uses_anonymous_args = 0
  59:.//Libraries/CMSIS/DSP/Source/ComplexMathFunctions/arm_cmplx_mult_real_q31.c ****         uint32_t blkCnt;                               /* Loop counter */
  34              		.loc 1 59 9 view .LVU1
  60:.//Libraries/CMSIS/DSP/Source/ComplexMathFunctions/arm_cmplx_mult_real_q31.c ****         q31_t in;                                      /* Temporary variable */
  35              		.loc 1 60 9 view .LVU2
  61:.//Libraries/CMSIS/DSP/Source/ComplexMathFunctions/arm_cmplx_mult_real_q31.c **** 
  62:.//Libraries/CMSIS/DSP/Source/ComplexMathFunctions/arm_cmplx_mult_real_q31.c **** #if defined (ARM_MATH_LOOPUNROLL)
  63:.//Libraries/CMSIS/DSP/Source/ComplexMathFunctions/arm_cmplx_mult_real_q31.c **** 
  64:.//Libraries/CMSIS/DSP/Source/ComplexMathFunctions/arm_cmplx_mult_real_q31.c ****   /* Loop unrolling: Compute 4 outputs at a time */
  65:.//Libraries/CMSIS/DSP/Source/ComplexMathFunctions/arm_cmplx_mult_real_q31.c ****   blkCnt = numSamples >> 2U;
  66:.//Libraries/CMSIS/DSP/Source/ComplexMathFunctions/arm_cmplx_mult_real_q31.c **** 
  67:.//Libraries/CMSIS/DSP/Source/ComplexMathFunctions/arm_cmplx_mult_real_q31.c ****   while (blkCnt > 0U)
  68:.//Libraries/CMSIS/DSP/Source/ComplexMathFunctions/arm_cmplx_mult_real_q31.c ****   {
  69:.//Libraries/CMSIS/DSP/Source/ComplexMathFunctions/arm_cmplx_mult_real_q31.c ****     /* C[2 * i    ] = A[2 * i    ] * B[i]. */
  70:.//Libraries/CMSIS/DSP/Source/ComplexMathFunctions/arm_cmplx_mult_real_q31.c ****     /* C[2 * i + 1] = A[2 * i + 1] * B[i]. */
  71:.//Libraries/CMSIS/DSP/Source/ComplexMathFunctions/arm_cmplx_mult_real_q31.c **** 
  72:.//Libraries/CMSIS/DSP/Source/ComplexMathFunctions/arm_cmplx_mult_real_q31.c ****     in = *pSrcReal++;
  73:.//Libraries/CMSIS/DSP/Source/ComplexMathFunctions/arm_cmplx_mult_real_q31.c **** #if defined (ARM_MATH_DSP)
  74:.//Libraries/CMSIS/DSP/Source/ComplexMathFunctions/arm_cmplx_mult_real_q31.c ****     /* store saturated result in 1.31 format to destination buffer */
  75:.//Libraries/CMSIS/DSP/Source/ComplexMathFunctions/arm_cmplx_mult_real_q31.c ****     *pCmplxDst++ = (__SSAT((q31_t) (((q63_t) *pSrcCmplx++ * in) >> 32), 31) << 1);
  76:.//Libraries/CMSIS/DSP/Source/ComplexMathFunctions/arm_cmplx_mult_real_q31.c ****     *pCmplxDst++ = (__SSAT((q31_t) (((q63_t) *pSrcCmplx++ * in) >> 32), 31) << 1);
  77:.//Libraries/CMSIS/DSP/Source/ComplexMathFunctions/arm_cmplx_mult_real_q31.c **** #else
  78:.//Libraries/CMSIS/DSP/Source/ComplexMathFunctions/arm_cmplx_mult_real_q31.c ****     /* store result in destination buffer. */
  79:.//Libraries/CMSIS/DSP/Source/ComplexMathFunctions/arm_cmplx_mult_real_q31.c ****     *pCmplxDst++ = (q31_t) clip_q63_to_q31(((q63_t) *pSrcCmplx++ * in) >> 31);
  80:.//Libraries/CMSIS/DSP/Source/ComplexMathFunctions/arm_cmplx_mult_real_q31.c ****     *pCmplxDst++ = (q31_t) clip_q63_to_q31(((q63_t) *pSrcCmplx++ * in) >> 31);
ARM GAS  /var/folders/wl/rshn8xbx1dsfj1zgryf4g1240000gn/T//cc5dgRaH.s 			page 3


  81:.//Libraries/CMSIS/DSP/Source/ComplexMathFunctions/arm_cmplx_mult_real_q31.c **** #endif
  82:.//Libraries/CMSIS/DSP/Source/ComplexMathFunctions/arm_cmplx_mult_real_q31.c **** 
  83:.//Libraries/CMSIS/DSP/Source/ComplexMathFunctions/arm_cmplx_mult_real_q31.c ****     in = *pSrcReal++;
  84:.//Libraries/CMSIS/DSP/Source/ComplexMathFunctions/arm_cmplx_mult_real_q31.c **** #if defined (ARM_MATH_DSP)
  85:.//Libraries/CMSIS/DSP/Source/ComplexMathFunctions/arm_cmplx_mult_real_q31.c ****     *pCmplxDst++ = (__SSAT((q31_t) (((q63_t) *pSrcCmplx++ * in) >> 32), 31) << 1);
  86:.//Libraries/CMSIS/DSP/Source/ComplexMathFunctions/arm_cmplx_mult_real_q31.c ****     *pCmplxDst++ = (__SSAT((q31_t) (((q63_t) *pSrcCmplx++ * in) >> 32), 31) << 1);
  87:.//Libraries/CMSIS/DSP/Source/ComplexMathFunctions/arm_cmplx_mult_real_q31.c **** #else
  88:.//Libraries/CMSIS/DSP/Source/ComplexMathFunctions/arm_cmplx_mult_real_q31.c ****     *pCmplxDst++ = (q31_t) clip_q63_to_q31(((q63_t) *pSrcCmplx++ * in) >> 31);
  89:.//Libraries/CMSIS/DSP/Source/ComplexMathFunctions/arm_cmplx_mult_real_q31.c ****     *pCmplxDst++ = (q31_t) clip_q63_to_q31(((q63_t) *pSrcCmplx++ * in) >> 31);
  90:.//Libraries/CMSIS/DSP/Source/ComplexMathFunctions/arm_cmplx_mult_real_q31.c **** #endif
  91:.//Libraries/CMSIS/DSP/Source/ComplexMathFunctions/arm_cmplx_mult_real_q31.c **** 
  92:.//Libraries/CMSIS/DSP/Source/ComplexMathFunctions/arm_cmplx_mult_real_q31.c ****     in = *pSrcReal++;
  93:.//Libraries/CMSIS/DSP/Source/ComplexMathFunctions/arm_cmplx_mult_real_q31.c **** #if defined (ARM_MATH_DSP)
  94:.//Libraries/CMSIS/DSP/Source/ComplexMathFunctions/arm_cmplx_mult_real_q31.c ****     *pCmplxDst++ = (__SSAT((q31_t) (((q63_t) *pSrcCmplx++ * in) >> 32), 31) << 1);
  95:.//Libraries/CMSIS/DSP/Source/ComplexMathFunctions/arm_cmplx_mult_real_q31.c ****     *pCmplxDst++ = (__SSAT((q31_t) (((q63_t) *pSrcCmplx++ * in) >> 32), 31) << 1);
  96:.//Libraries/CMSIS/DSP/Source/ComplexMathFunctions/arm_cmplx_mult_real_q31.c **** #else
  97:.//Libraries/CMSIS/DSP/Source/ComplexMathFunctions/arm_cmplx_mult_real_q31.c ****     *pCmplxDst++ = (q31_t) clip_q63_to_q31(((q63_t) *pSrcCmplx++ * in) >> 31);
  98:.//Libraries/CMSIS/DSP/Source/ComplexMathFunctions/arm_cmplx_mult_real_q31.c ****     *pCmplxDst++ = (q31_t) clip_q63_to_q31(((q63_t) *pSrcCmplx++ * in) >> 31);
  99:.//Libraries/CMSIS/DSP/Source/ComplexMathFunctions/arm_cmplx_mult_real_q31.c **** #endif
 100:.//Libraries/CMSIS/DSP/Source/ComplexMathFunctions/arm_cmplx_mult_real_q31.c **** 
 101:.//Libraries/CMSIS/DSP/Source/ComplexMathFunctions/arm_cmplx_mult_real_q31.c ****     in = *pSrcReal++;
 102:.//Libraries/CMSIS/DSP/Source/ComplexMathFunctions/arm_cmplx_mult_real_q31.c **** #if defined (ARM_MATH_DSP)
 103:.//Libraries/CMSIS/DSP/Source/ComplexMathFunctions/arm_cmplx_mult_real_q31.c ****     *pCmplxDst++ = (__SSAT((q31_t) (((q63_t) *pSrcCmplx++ * in) >> 32), 31) << 1);
 104:.//Libraries/CMSIS/DSP/Source/ComplexMathFunctions/arm_cmplx_mult_real_q31.c ****     *pCmplxDst++ = (__SSAT((q31_t) (((q63_t) *pSrcCmplx++ * in) >> 32), 31) << 1);
 105:.//Libraries/CMSIS/DSP/Source/ComplexMathFunctions/arm_cmplx_mult_real_q31.c **** #else
 106:.//Libraries/CMSIS/DSP/Source/ComplexMathFunctions/arm_cmplx_mult_real_q31.c ****     *pCmplxDst++ = (q31_t) clip_q63_to_q31(((q63_t) *pSrcCmplx++ * in) >> 31);
 107:.//Libraries/CMSIS/DSP/Source/ComplexMathFunctions/arm_cmplx_mult_real_q31.c ****     *pCmplxDst++ = (q31_t) clip_q63_to_q31(((q63_t) *pSrcCmplx++ * in) >> 31);
 108:.//Libraries/CMSIS/DSP/Source/ComplexMathFunctions/arm_cmplx_mult_real_q31.c **** #endif
 109:.//Libraries/CMSIS/DSP/Source/ComplexMathFunctions/arm_cmplx_mult_real_q31.c **** 
 110:.//Libraries/CMSIS/DSP/Source/ComplexMathFunctions/arm_cmplx_mult_real_q31.c ****     /* Decrement loop counter */
 111:.//Libraries/CMSIS/DSP/Source/ComplexMathFunctions/arm_cmplx_mult_real_q31.c ****     blkCnt--;
 112:.//Libraries/CMSIS/DSP/Source/ComplexMathFunctions/arm_cmplx_mult_real_q31.c ****   }
 113:.//Libraries/CMSIS/DSP/Source/ComplexMathFunctions/arm_cmplx_mult_real_q31.c **** 
 114:.//Libraries/CMSIS/DSP/Source/ComplexMathFunctions/arm_cmplx_mult_real_q31.c ****   /* Loop unrolling: Compute remaining outputs */
 115:.//Libraries/CMSIS/DSP/Source/ComplexMathFunctions/arm_cmplx_mult_real_q31.c ****   blkCnt = numSamples % 0x4U;
 116:.//Libraries/CMSIS/DSP/Source/ComplexMathFunctions/arm_cmplx_mult_real_q31.c **** 
 117:.//Libraries/CMSIS/DSP/Source/ComplexMathFunctions/arm_cmplx_mult_real_q31.c **** #else
 118:.//Libraries/CMSIS/DSP/Source/ComplexMathFunctions/arm_cmplx_mult_real_q31.c **** 
 119:.//Libraries/CMSIS/DSP/Source/ComplexMathFunctions/arm_cmplx_mult_real_q31.c ****   /* Initialize blkCnt with number of samples */
 120:.//Libraries/CMSIS/DSP/Source/ComplexMathFunctions/arm_cmplx_mult_real_q31.c ****   blkCnt = numSamples;
  36              		.loc 1 120 3 view .LVU3
 121:.//Libraries/CMSIS/DSP/Source/ComplexMathFunctions/arm_cmplx_mult_real_q31.c **** 
 122:.//Libraries/CMSIS/DSP/Source/ComplexMathFunctions/arm_cmplx_mult_real_q31.c **** #endif /* #if defined (ARM_MATH_LOOPUNROLL) */
 123:.//Libraries/CMSIS/DSP/Source/ComplexMathFunctions/arm_cmplx_mult_real_q31.c **** 
 124:.//Libraries/CMSIS/DSP/Source/ComplexMathFunctions/arm_cmplx_mult_real_q31.c ****   while (blkCnt > 0U)
  37              		.loc 1 124 3 view .LVU4
  38              		.loc 1 124 9 view .LVU5
  39 0000 FBB1     		cbz	r3, .L9
  40 0002 02F1040C 		add	ip, r2, #4
  58:.//Libraries/CMSIS/DSP/Source/ComplexMathFunctions/arm_cmplx_mult_real_q31.c ****         uint32_t blkCnt;                               /* Loop counter */
  41              		.loc 1 58 1 is_stmt 0 view .LVU6
  42 0006 2DE9F043 		push	{r4, r5, r6, r7, r8, r9, lr}
  43              	.LCFI0:
  44              		.cfi_def_cfa_offset 28
  45              		.cfi_offset 4, -28
  46              		.cfi_offset 5, -24
  47              		.cfi_offset 6, -20
ARM GAS  /var/folders/wl/rshn8xbx1dsfj1zgryf4g1240000gn/T//cc5dgRaH.s 			page 4


  48              		.cfi_offset 7, -16
  49              		.cfi_offset 8, -12
  50              		.cfi_offset 9, -8
  51              		.cfi_offset 14, -4
  52              		.loc 1 124 9 view .LVU7
  53 000a 0024     		movs	r4, #0
  54 000c 00F1040E 		add	lr, r0, #4
  55              	.LVL1:
  56              	.L3:
 125:.//Libraries/CMSIS/DSP/Source/ComplexMathFunctions/arm_cmplx_mult_real_q31.c ****   {
 126:.//Libraries/CMSIS/DSP/Source/ComplexMathFunctions/arm_cmplx_mult_real_q31.c ****     /* C[2 * i    ] = A[2 * i    ] * B[i]. */
 127:.//Libraries/CMSIS/DSP/Source/ComplexMathFunctions/arm_cmplx_mult_real_q31.c ****     /* C[2 * i + 1] = A[2 * i + 1] * B[i]. */
 128:.//Libraries/CMSIS/DSP/Source/ComplexMathFunctions/arm_cmplx_mult_real_q31.c **** 
 129:.//Libraries/CMSIS/DSP/Source/ComplexMathFunctions/arm_cmplx_mult_real_q31.c ****     in = *pSrcReal++;
  57              		.loc 1 129 5 is_stmt 1 view .LVU8
  58              	.LBB2:
 130:.//Libraries/CMSIS/DSP/Source/ComplexMathFunctions/arm_cmplx_mult_real_q31.c **** #if defined (ARM_MATH_DSP)
 131:.//Libraries/CMSIS/DSP/Source/ComplexMathFunctions/arm_cmplx_mult_real_q31.c ****     /* store saturated result in 1.31 format to destination buffer */
 132:.//Libraries/CMSIS/DSP/Source/ComplexMathFunctions/arm_cmplx_mult_real_q31.c ****     *pCmplxDst++ = (__SSAT((q31_t) (((q63_t) *pSrcCmplx++ * in) >> 32), 31) << 1);
  59              		.loc 1 132 21 is_stmt 0 view .LVU9
  60 0010 50F83450 		ldr	r5, [r0, r4, lsl #3]
  61              	.LBE2:
 129:.//Libraries/CMSIS/DSP/Source/ComplexMathFunctions/arm_cmplx_mult_real_q31.c **** #if defined (ARM_MATH_DSP)
  62              		.loc 1 129 8 view .LVU10
  63 0014 51F8046B 		ldr	r6, [r1], #4
  64              	.LVL2:
  65              		.loc 1 132 5 is_stmt 1 view .LVU11
  66              	.LBB3:
  67              		.loc 1 132 21 view .LVU12
  68              		.loc 1 132 21 view .LVU13
  69 0018 86FB0589 		smull	r8, r9, r6, r5
  70              		.syntax unified
  71              	@ 132 ".//Libraries/CMSIS/DSP/Source/ComplexMathFunctions/arm_cmplx_mult_real_q31.c" 1
  72 001c 09F31E05 		ssat r5, #31, r9
  73              	@ 0 "" 2
  74              	.LVL3:
  75              		.loc 1 132 21 view .LVU14
  76              		.loc 1 132 21 is_stmt 0 view .LVU15
  77              		.thumb
  78              		.syntax unified
  79              	.LBE3:
  80              		.loc 1 132 77 view .LVU16
  81 0020 6D00     		lsls	r5, r5, #1
  82              	.LVL4:
  83              		.loc 1 132 18 view .LVU17
  84 0022 42F83450 		str	r5, [r2, r4, lsl #3]
  85              	.LVL5:
 133:.//Libraries/CMSIS/DSP/Source/ComplexMathFunctions/arm_cmplx_mult_real_q31.c ****     *pCmplxDst++ = (__SSAT((q31_t) (((q63_t) *pSrcCmplx++ * in) >> 32), 31) << 1);
  86              		.loc 1 133 5 is_stmt 1 view .LVU18
  87              	.LBB4:
  88              		.loc 1 133 21 view .LVU19
  89              		.loc 1 133 21 view .LVU20
  90 0026 5EF83450 		ldr	r5, [lr, r4, lsl #3]
  91 002a 86FB0567 		smull	r6, r7, r6, r5
  92              	.LVL6:
  93              		.loc 1 133 21 is_stmt 0 view .LVU21
  94              		.syntax unified
ARM GAS  /var/folders/wl/rshn8xbx1dsfj1zgryf4g1240000gn/T//cc5dgRaH.s 			page 5


  95              	@ 133 ".//Libraries/CMSIS/DSP/Source/ComplexMathFunctions/arm_cmplx_mult_real_q31.c" 1
  96 002e 07F31E05 		ssat r5, #31, r7
  97              	@ 0 "" 2
  98              	.LVL7:
  99              		.loc 1 133 21 is_stmt 1 view .LVU22
 100              		.loc 1 133 21 is_stmt 0 view .LVU23
 101              		.thumb
 102              		.syntax unified
 103              	.LBE4:
 104              		.loc 1 133 77 view .LVU24
 105 0032 6D00     		lsls	r5, r5, #1
 106              	.LVL8:
 107              		.loc 1 133 18 view .LVU25
 108 0034 4CF83450 		str	r5, [ip, r4, lsl #3]
 134:.//Libraries/CMSIS/DSP/Source/ComplexMathFunctions/arm_cmplx_mult_real_q31.c **** #else
 135:.//Libraries/CMSIS/DSP/Source/ComplexMathFunctions/arm_cmplx_mult_real_q31.c ****     /* store result in destination buffer. */
 136:.//Libraries/CMSIS/DSP/Source/ComplexMathFunctions/arm_cmplx_mult_real_q31.c ****     *pCmplxDst++ = (q31_t) clip_q63_to_q31(((q63_t) *pSrcCmplx++ * in) >> 31);
 137:.//Libraries/CMSIS/DSP/Source/ComplexMathFunctions/arm_cmplx_mult_real_q31.c ****     *pCmplxDst++ = (q31_t) clip_q63_to_q31(((q63_t) *pSrcCmplx++ * in) >> 31);
 138:.//Libraries/CMSIS/DSP/Source/ComplexMathFunctions/arm_cmplx_mult_real_q31.c **** #endif
 139:.//Libraries/CMSIS/DSP/Source/ComplexMathFunctions/arm_cmplx_mult_real_q31.c **** 
 140:.//Libraries/CMSIS/DSP/Source/ComplexMathFunctions/arm_cmplx_mult_real_q31.c ****     /* Decrement loop counter */
 141:.//Libraries/CMSIS/DSP/Source/ComplexMathFunctions/arm_cmplx_mult_real_q31.c ****     blkCnt--;
 109              		.loc 1 141 5 is_stmt 1 view .LVU26
 110              	.LVL9:
 124:.//Libraries/CMSIS/DSP/Source/ComplexMathFunctions/arm_cmplx_mult_real_q31.c ****   {
 111              		.loc 1 124 9 view .LVU27
 112 0038 0134     		adds	r4, r4, #1
 113              	.LVL10:
 124:.//Libraries/CMSIS/DSP/Source/ComplexMathFunctions/arm_cmplx_mult_real_q31.c ****   {
 114              		.loc 1 124 9 is_stmt 0 view .LVU28
 115 003a A342     		cmp	r3, r4
 116 003c E8D1     		bne	.L3
 142:.//Libraries/CMSIS/DSP/Source/ComplexMathFunctions/arm_cmplx_mult_real_q31.c ****   }
 143:.//Libraries/CMSIS/DSP/Source/ComplexMathFunctions/arm_cmplx_mult_real_q31.c **** 
 144:.//Libraries/CMSIS/DSP/Source/ComplexMathFunctions/arm_cmplx_mult_real_q31.c **** }
 117              		.loc 1 144 1 view .LVU29
 118 003e BDE8F083 		pop	{r4, r5, r6, r7, r8, r9, pc}
 119              	.LVL11:
 120              	.L9:
 121              	.LCFI1:
 122              		.cfi_def_cfa_offset 0
 123              		.cfi_restore 4
 124              		.cfi_restore 5
 125              		.cfi_restore 6
 126              		.cfi_restore 7
 127              		.cfi_restore 8
 128              		.cfi_restore 9
 129              		.cfi_restore 14
 130              		.loc 1 144 1 view .LVU30
 131 0042 7047     		bx	lr
 132              		.cfi_endproc
 133              	.LFE145:
 135              		.text
 136              	.Letext0:
 137              		.file 2 "/opt/homebrew/Cellar/arm-none-eabi-gcc/9-2019-q4-major/gcc/arm-none-eabi/include/machine/
 138              		.file 3 "/opt/homebrew/Cellar/arm-none-eabi-gcc/9-2019-q4-major/gcc/arm-none-eabi/include/sys/_std
 139              		.file 4 "/opt/homebrew/Cellar/arm-none-eabi-gcc/9-2019-q4-major/gcc/arm-none-eabi/include/sys/lock
ARM GAS  /var/folders/wl/rshn8xbx1dsfj1zgryf4g1240000gn/T//cc5dgRaH.s 			page 6


 140              		.file 5 "/opt/homebrew/Cellar/arm-none-eabi-gcc/9-2019-q4-major/gcc/arm-none-eabi/include/sys/_typ
 141              		.file 6 "/opt/homebrew/Cellar/arm-none-eabi-gcc/9-2019-q4-major/gcc/lib/gcc/arm-none-eabi/9.2.1/in
 142              		.file 7 "/opt/homebrew/Cellar/arm-none-eabi-gcc/9-2019-q4-major/gcc/arm-none-eabi/include/sys/reen
 143              		.file 8 "/opt/homebrew/Cellar/arm-none-eabi-gcc/9-2019-q4-major/gcc/arm-none-eabi/include/math.h"
 144              		.file 9 ".//Libraries/CMSIS/DSP/Include/arm_math.h"
ARM GAS  /var/folders/wl/rshn8xbx1dsfj1zgryf4g1240000gn/T//cc5dgRaH.s 			page 7


DEFINED SYMBOLS
                            *ABS*:0000000000000000 arm_cmplx_mult_real_q31.c
/var/folders/wl/rshn8xbx1dsfj1zgryf4g1240000gn/T//cc5dgRaH.s:17     .text.arm_cmplx_mult_real_q31:0000000000000000 $t
/var/folders/wl/rshn8xbx1dsfj1zgryf4g1240000gn/T//cc5dgRaH.s:26     .text.arm_cmplx_mult_real_q31:0000000000000000 arm_cmplx_mult_real_q31

NO UNDEFINED SYMBOLS
