ARM GAS  /var/folders/wl/rshn8xbx1dsfj1zgryf4g1240000gn/T//cch2Wkgt.s 			page 1


   1              		.cpu cortex-m7
   2              		.eabi_attribute 28, 1
   3              		.eabi_attribute 20, 1
   4              		.eabi_attribute 21, 1
   5              		.eabi_attribute 23, 3
   6              		.eabi_attribute 24, 1
   7              		.eabi_attribute 25, 1
   8              		.eabi_attribute 26, 1
   9              		.eabi_attribute 30, 2
  10              		.eabi_attribute 34, 1
  11              		.eabi_attribute 18, 4
  12              		.file	"arm_bitreversal.c"
  13              		.text
  14              	.Ltext0:
  15              		.cfi_sections	.debug_frame
  16              		.section	.text.arm_bitreversal_f32,"ax",%progbits
  17              		.align	1
  18              		.p2align 2,,3
  19              		.global	arm_bitreversal_f32
  20              		.arch armv7e-m
  21              		.syntax unified
  22              		.thumb
  23              		.thumb_func
  24              		.fpu fpv5-d16
  26              	arm_bitreversal_f32:
  27              	.LVL0:
  28              	.LFB145:
  29              		.file 1 ".//Libraries/CMSIS/DSP/Source/TransformFunctions/arm_bitreversal.c"
   1:.//Libraries/CMSIS/DSP/Source/TransformFunctions/arm_bitreversal.c **** /* ----------------------------------------------------------------------
   2:.//Libraries/CMSIS/DSP/Source/TransformFunctions/arm_bitreversal.c ****  * Project:      CMSIS DSP Library
   3:.//Libraries/CMSIS/DSP/Source/TransformFunctions/arm_bitreversal.c ****  * Title:        arm_bitreversal.c
   4:.//Libraries/CMSIS/DSP/Source/TransformFunctions/arm_bitreversal.c ****  * Description:  Bitreversal functions
   5:.//Libraries/CMSIS/DSP/Source/TransformFunctions/arm_bitreversal.c ****  *
   6:.//Libraries/CMSIS/DSP/Source/TransformFunctions/arm_bitreversal.c ****  * $Date:        18. March 2019
   7:.//Libraries/CMSIS/DSP/Source/TransformFunctions/arm_bitreversal.c ****  * $Revision:    V1.6.0
   8:.//Libraries/CMSIS/DSP/Source/TransformFunctions/arm_bitreversal.c ****  *
   9:.//Libraries/CMSIS/DSP/Source/TransformFunctions/arm_bitreversal.c ****  * Target Processor: Cortex-M cores
  10:.//Libraries/CMSIS/DSP/Source/TransformFunctions/arm_bitreversal.c ****  * -------------------------------------------------------------------- */
  11:.//Libraries/CMSIS/DSP/Source/TransformFunctions/arm_bitreversal.c **** /*
  12:.//Libraries/CMSIS/DSP/Source/TransformFunctions/arm_bitreversal.c ****  * Copyright (C) 2010-2019 ARM Limited or its affiliates. All rights reserved.
  13:.//Libraries/CMSIS/DSP/Source/TransformFunctions/arm_bitreversal.c ****  *
  14:.//Libraries/CMSIS/DSP/Source/TransformFunctions/arm_bitreversal.c ****  * SPDX-License-Identifier: Apache-2.0
  15:.//Libraries/CMSIS/DSP/Source/TransformFunctions/arm_bitreversal.c ****  *
  16:.//Libraries/CMSIS/DSP/Source/TransformFunctions/arm_bitreversal.c ****  * Licensed under the Apache License, Version 2.0 (the License); you may
  17:.//Libraries/CMSIS/DSP/Source/TransformFunctions/arm_bitreversal.c ****  * not use this file except in compliance with the License.
  18:.//Libraries/CMSIS/DSP/Source/TransformFunctions/arm_bitreversal.c ****  * You may obtain a copy of the License at
  19:.//Libraries/CMSIS/DSP/Source/TransformFunctions/arm_bitreversal.c ****  *
  20:.//Libraries/CMSIS/DSP/Source/TransformFunctions/arm_bitreversal.c ****  * www.apache.org/licenses/LICENSE-2.0
  21:.//Libraries/CMSIS/DSP/Source/TransformFunctions/arm_bitreversal.c ****  *
  22:.//Libraries/CMSIS/DSP/Source/TransformFunctions/arm_bitreversal.c ****  * Unless required by applicable law or agreed to in writing, software
  23:.//Libraries/CMSIS/DSP/Source/TransformFunctions/arm_bitreversal.c ****  * distributed under the License is distributed on an AS IS BASIS, WITHOUT
  24:.//Libraries/CMSIS/DSP/Source/TransformFunctions/arm_bitreversal.c ****  * WARRANTIES OR CONDITIONS OF ANY KIND, either express or implied.
  25:.//Libraries/CMSIS/DSP/Source/TransformFunctions/arm_bitreversal.c ****  * See the License for the specific language governing permissions and
  26:.//Libraries/CMSIS/DSP/Source/TransformFunctions/arm_bitreversal.c ****  * limitations under the License.
  27:.//Libraries/CMSIS/DSP/Source/TransformFunctions/arm_bitreversal.c ****  */
  28:.//Libraries/CMSIS/DSP/Source/TransformFunctions/arm_bitreversal.c **** 
  29:.//Libraries/CMSIS/DSP/Source/TransformFunctions/arm_bitreversal.c **** #include "arm_math.h"
ARM GAS  /var/folders/wl/rshn8xbx1dsfj1zgryf4g1240000gn/T//cch2Wkgt.s 			page 2


  30:.//Libraries/CMSIS/DSP/Source/TransformFunctions/arm_bitreversal.c **** #include "arm_common_tables.h"
  31:.//Libraries/CMSIS/DSP/Source/TransformFunctions/arm_bitreversal.c **** 
  32:.//Libraries/CMSIS/DSP/Source/TransformFunctions/arm_bitreversal.c **** /**
  33:.//Libraries/CMSIS/DSP/Source/TransformFunctions/arm_bitreversal.c ****   @brief         In-place floating-point bit reversal function.
  34:.//Libraries/CMSIS/DSP/Source/TransformFunctions/arm_bitreversal.c ****   @param[in,out] pSrc         points to in-place floating-point data buffer
  35:.//Libraries/CMSIS/DSP/Source/TransformFunctions/arm_bitreversal.c ****   @param[in]     fftSize      length of FFT
  36:.//Libraries/CMSIS/DSP/Source/TransformFunctions/arm_bitreversal.c ****   @param[in]     bitRevFactor bit reversal modifier that supports different size FFTs with the same
  37:.//Libraries/CMSIS/DSP/Source/TransformFunctions/arm_bitreversal.c ****   @param[in]     pBitRevTab   points to bit reversal table
  38:.//Libraries/CMSIS/DSP/Source/TransformFunctions/arm_bitreversal.c ****   @return        none
  39:.//Libraries/CMSIS/DSP/Source/TransformFunctions/arm_bitreversal.c ****  */
  40:.//Libraries/CMSIS/DSP/Source/TransformFunctions/arm_bitreversal.c **** 
  41:.//Libraries/CMSIS/DSP/Source/TransformFunctions/arm_bitreversal.c **** void arm_bitreversal_f32(
  42:.//Libraries/CMSIS/DSP/Source/TransformFunctions/arm_bitreversal.c ****         float32_t * pSrc,
  43:.//Libraries/CMSIS/DSP/Source/TransformFunctions/arm_bitreversal.c ****         uint16_t fftSize,
  44:.//Libraries/CMSIS/DSP/Source/TransformFunctions/arm_bitreversal.c ****         uint16_t bitRevFactor,
  45:.//Libraries/CMSIS/DSP/Source/TransformFunctions/arm_bitreversal.c ****   const uint16_t * pBitRevTab)
  46:.//Libraries/CMSIS/DSP/Source/TransformFunctions/arm_bitreversal.c **** {
  30              		.loc 1 46 1 view -0
  31              		.cfi_startproc
  32              		@ args = 0, pretend = 0, frame = 24
  33              		@ frame_needed = 0, uses_anonymous_args = 0
  47:.//Libraries/CMSIS/DSP/Source/TransformFunctions/arm_bitreversal.c ****    uint16_t fftLenBy2, fftLenBy2p1;
  34              		.loc 1 47 4 view .LVU1
  48:.//Libraries/CMSIS/DSP/Source/TransformFunctions/arm_bitreversal.c ****    uint16_t i, j;
  35              		.loc 1 48 4 view .LVU2
  49:.//Libraries/CMSIS/DSP/Source/TransformFunctions/arm_bitreversal.c ****    float32_t in;
  36              		.loc 1 49 4 view .LVU3
  50:.//Libraries/CMSIS/DSP/Source/TransformFunctions/arm_bitreversal.c **** 
  51:.//Libraries/CMSIS/DSP/Source/TransformFunctions/arm_bitreversal.c ****    /*  Initializations */
  52:.//Libraries/CMSIS/DSP/Source/TransformFunctions/arm_bitreversal.c ****    j = 0U;
  37              		.loc 1 52 4 view .LVU4
  53:.//Libraries/CMSIS/DSP/Source/TransformFunctions/arm_bitreversal.c ****    fftLenBy2 = fftSize >> 1U;
  38              		.loc 1 53 4 view .LVU5
  46:.//Libraries/CMSIS/DSP/Source/TransformFunctions/arm_bitreversal.c ****    uint16_t fftLenBy2, fftLenBy2p1;
  39              		.loc 1 46 1 is_stmt 0 view .LVU6
  40 0000 2DE9F04F 		push	{r4, r5, r6, r7, r8, r9, r10, fp, lr}
  41              	.LCFI0:
  42              		.cfi_def_cfa_offset 36
  43              		.cfi_offset 4, -36
  44              		.cfi_offset 5, -32
  45              		.cfi_offset 6, -28
  46              		.cfi_offset 7, -24
  47              		.cfi_offset 8, -20
  48              		.cfi_offset 9, -16
  49              		.cfi_offset 10, -12
  50              		.cfi_offset 11, -8
  51              		.cfi_offset 14, -4
  52              		.loc 1 53 14 view .LVU7
  53 0004 4908     		lsrs	r1, r1, #1
  54              	.LVL1:
  46:.//Libraries/CMSIS/DSP/Source/TransformFunctions/arm_bitreversal.c ****    uint16_t fftLenBy2, fftLenBy2p1;
  55              		.loc 1 46 1 view .LVU8
  56 0006 87B0     		sub	sp, sp, #28
  57              	.LCFI1:
  58              		.cfi_def_cfa_offset 64
  54:.//Libraries/CMSIS/DSP/Source/TransformFunctions/arm_bitreversal.c ****    fftLenBy2p1 = (fftSize >> 1U) + 1U;
  55:.//Libraries/CMSIS/DSP/Source/TransformFunctions/arm_bitreversal.c **** 
ARM GAS  /var/folders/wl/rshn8xbx1dsfj1zgryf4g1240000gn/T//cch2Wkgt.s 			page 3


  56:.//Libraries/CMSIS/DSP/Source/TransformFunctions/arm_bitreversal.c ****    /* Bit Reversal Implementation */
  57:.//Libraries/CMSIS/DSP/Source/TransformFunctions/arm_bitreversal.c ****    for (i = 0U; i <= (fftLenBy2 - 2U); i += 2U)
  59              		.loc 1 57 19 view .LVU9
  60 0008 0024     		movs	r4, #0
  58:.//Libraries/CMSIS/DSP/Source/TransformFunctions/arm_bitreversal.c ****    {
  59:.//Libraries/CMSIS/DSP/Source/TransformFunctions/arm_bitreversal.c ****       if (i < j)
  60:.//Libraries/CMSIS/DSP/Source/TransformFunctions/arm_bitreversal.c ****       {
  61:.//Libraries/CMSIS/DSP/Source/TransformFunctions/arm_bitreversal.c ****          /*  pSrc[i] <-> pSrc[j]; */
  62:.//Libraries/CMSIS/DSP/Source/TransformFunctions/arm_bitreversal.c ****          in = pSrc[2U * i];
  63:.//Libraries/CMSIS/DSP/Source/TransformFunctions/arm_bitreversal.c ****          pSrc[2U * i] = pSrc[2U * j];
  64:.//Libraries/CMSIS/DSP/Source/TransformFunctions/arm_bitreversal.c ****          pSrc[2U * j] = in;
  65:.//Libraries/CMSIS/DSP/Source/TransformFunctions/arm_bitreversal.c **** 
  66:.//Libraries/CMSIS/DSP/Source/TransformFunctions/arm_bitreversal.c ****          /*  pSrc[i+1U] <-> pSrc[j+1U] */
  67:.//Libraries/CMSIS/DSP/Source/TransformFunctions/arm_bitreversal.c ****          in = pSrc[(2U * i) + 1U];
  68:.//Libraries/CMSIS/DSP/Source/TransformFunctions/arm_bitreversal.c ****          pSrc[(2U * i) + 1U] = pSrc[(2U * j) + 1U];
  69:.//Libraries/CMSIS/DSP/Source/TransformFunctions/arm_bitreversal.c ****          pSrc[(2U * j) + 1U] = in;
  70:.//Libraries/CMSIS/DSP/Source/TransformFunctions/arm_bitreversal.c **** 
  71:.//Libraries/CMSIS/DSP/Source/TransformFunctions/arm_bitreversal.c ****          /*  pSrc[i+fftLenBy2p1] <-> pSrc[j+fftLenBy2p1] */
  72:.//Libraries/CMSIS/DSP/Source/TransformFunctions/arm_bitreversal.c ****          in = pSrc[2U * (i + fftLenBy2p1)];
  73:.//Libraries/CMSIS/DSP/Source/TransformFunctions/arm_bitreversal.c ****          pSrc[2U * (i + fftLenBy2p1)] = pSrc[2U * (j + fftLenBy2p1)];
  74:.//Libraries/CMSIS/DSP/Source/TransformFunctions/arm_bitreversal.c ****          pSrc[2U * (j + fftLenBy2p1)] = in;
  75:.//Libraries/CMSIS/DSP/Source/TransformFunctions/arm_bitreversal.c **** 
  76:.//Libraries/CMSIS/DSP/Source/TransformFunctions/arm_bitreversal.c ****          /*  pSrc[i+fftLenBy2p1+1U] <-> pSrc[j+fftLenBy2p1+1U] */
  77:.//Libraries/CMSIS/DSP/Source/TransformFunctions/arm_bitreversal.c ****          in = pSrc[(2U * (i + fftLenBy2p1)) + 1U];
  78:.//Libraries/CMSIS/DSP/Source/TransformFunctions/arm_bitreversal.c ****          pSrc[(2U * (i + fftLenBy2p1)) + 1U] =
  79:.//Libraries/CMSIS/DSP/Source/TransformFunctions/arm_bitreversal.c ****          pSrc[(2U * (j + fftLenBy2p1)) + 1U];
  80:.//Libraries/CMSIS/DSP/Source/TransformFunctions/arm_bitreversal.c ****          pSrc[(2U * (j + fftLenBy2p1)) + 1U] = in;
  81:.//Libraries/CMSIS/DSP/Source/TransformFunctions/arm_bitreversal.c **** 
  82:.//Libraries/CMSIS/DSP/Source/TransformFunctions/arm_bitreversal.c ****       }
  83:.//Libraries/CMSIS/DSP/Source/TransformFunctions/arm_bitreversal.c **** 
  84:.//Libraries/CMSIS/DSP/Source/TransformFunctions/arm_bitreversal.c ****       /*  pSrc[i+1U] <-> pSrc[j+1U] */
  85:.//Libraries/CMSIS/DSP/Source/TransformFunctions/arm_bitreversal.c ****       in = pSrc[2U * (i + 1U)];
  86:.//Libraries/CMSIS/DSP/Source/TransformFunctions/arm_bitreversal.c ****       pSrc[2U * (i + 1U)] = pSrc[2U * (j + fftLenBy2)];
  87:.//Libraries/CMSIS/DSP/Source/TransformFunctions/arm_bitreversal.c ****       pSrc[2U * (j + fftLenBy2)] = in;
  88:.//Libraries/CMSIS/DSP/Source/TransformFunctions/arm_bitreversal.c **** 
  89:.//Libraries/CMSIS/DSP/Source/TransformFunctions/arm_bitreversal.c ****       /*  pSrc[i+2U] <-> pSrc[j+2U] */
  90:.//Libraries/CMSIS/DSP/Source/TransformFunctions/arm_bitreversal.c ****       in = pSrc[(2U * (i + 1U)) + 1U];
  91:.//Libraries/CMSIS/DSP/Source/TransformFunctions/arm_bitreversal.c ****       pSrc[(2U * (i + 1U)) + 1U] = pSrc[(2U * (j + fftLenBy2)) + 1U];
  92:.//Libraries/CMSIS/DSP/Source/TransformFunctions/arm_bitreversal.c ****       pSrc[(2U * (j + fftLenBy2)) + 1U] = in;
  93:.//Libraries/CMSIS/DSP/Source/TransformFunctions/arm_bitreversal.c **** 
  94:.//Libraries/CMSIS/DSP/Source/TransformFunctions/arm_bitreversal.c ****       /*  Reading the index for the bit reversal */
  95:.//Libraries/CMSIS/DSP/Source/TransformFunctions/arm_bitreversal.c ****       j = *pBitRevTab;
  96:.//Libraries/CMSIS/DSP/Source/TransformFunctions/arm_bitreversal.c **** 
  97:.//Libraries/CMSIS/DSP/Source/TransformFunctions/arm_bitreversal.c ****       /*  Updating the bit reversal index depending on the fft length  */
  98:.//Libraries/CMSIS/DSP/Source/TransformFunctions/arm_bitreversal.c ****       pBitRevTab += bitRevFactor;
  61              		.loc 1 98 18 view .LVU10
  62 000a 5200     		lsls	r2, r2, #1
  63              	.LVL2:
  54:.//Libraries/CMSIS/DSP/Source/TransformFunctions/arm_bitreversal.c ****    fftLenBy2p1 = (fftSize >> 1U) + 1U;
  64              		.loc 1 54 16 view .LVU11
  65 000c 01F10109 		add	r9, r1, #1
  53:.//Libraries/CMSIS/DSP/Source/TransformFunctions/arm_bitreversal.c ****    fftLenBy2p1 = (fftSize >> 1U) + 1U;
  66              		.loc 1 53 14 view .LVU12
  67 0010 0491     		str	r1, [sp, #16]
  68              	.LVL3:
  54:.//Libraries/CMSIS/DSP/Source/TransformFunctions/arm_bitreversal.c ****    fftLenBy2p1 = (fftSize >> 1U) + 1U;
  69              		.loc 1 54 4 is_stmt 1 view .LVU13
ARM GAS  /var/folders/wl/rshn8xbx1dsfj1zgryf4g1240000gn/T//cch2Wkgt.s 			page 4


  57:.//Libraries/CMSIS/DSP/Source/TransformFunctions/arm_bitreversal.c ****    {
  70              		.loc 1 57 4 view .LVU14
  57:.//Libraries/CMSIS/DSP/Source/TransformFunctions/arm_bitreversal.c ****    {
  71              		.loc 1 57 17 view .LVU15
  72              		.loc 1 98 18 is_stmt 0 view .LVU16
  73 0012 0392     		str	r2, [sp, #12]
  52:.//Libraries/CMSIS/DSP/Source/TransformFunctions/arm_bitreversal.c ****    fftLenBy2 = fftSize >> 1U;
  74              		.loc 1 52 6 view .LVU17
  75 0014 2746     		mov	r7, r4
  57:.//Libraries/CMSIS/DSP/Source/TransformFunctions/arm_bitreversal.c ****    {
  76              		.loc 1 57 33 view .LVU18
  77 0016 8A1E     		subs	r2, r1, #2
  57:.//Libraries/CMSIS/DSP/Source/TransformFunctions/arm_bitreversal.c ****    {
  78              		.loc 1 57 11 view .LVU19
  79 0018 2146     		mov	r1, r4
  80              	.LVL4:
  57:.//Libraries/CMSIS/DSP/Source/TransformFunctions/arm_bitreversal.c ****    {
  81              		.loc 1 57 33 view .LVU20
  82 001a 0592     		str	r2, [sp, #20]
  59:.//Libraries/CMSIS/DSP/Source/TransformFunctions/arm_bitreversal.c ****       {
  83              		.loc 1 59 7 is_stmt 1 view .LVU21
  84              	.LVL5:
  85              	.L2:
  62:.//Libraries/CMSIS/DSP/Source/TransformFunctions/arm_bitreversal.c ****          pSrc[2U * i] = pSrc[2U * j];
  86              		.loc 1 62 10 discriminator 2 view .LVU22
  85:.//Libraries/CMSIS/DSP/Source/TransformFunctions/arm_bitreversal.c ****       pSrc[2U * (i + 1U)] = pSrc[2U * (j + fftLenBy2)];
  87              		.loc 1 85 7 discriminator 2 view .LVU23
  86:.//Libraries/CMSIS/DSP/Source/TransformFunctions/arm_bitreversal.c ****       pSrc[2U * (j + fftLenBy2)] = in;
  88              		.loc 1 86 42 is_stmt 0 discriminator 2 view .LVU24
  89 001c 049A     		ldr	r2, [sp, #16]
  85:.//Libraries/CMSIS/DSP/Source/TransformFunctions/arm_bitreversal.c ****       pSrc[2U * (i + 1U)] = pSrc[2U * (j + fftLenBy2)];
  90              		.loc 1 85 25 discriminator 2 view .LVU25
  91 001e 0134     		adds	r4, r4, #1
  92              		.loc 1 98 18 discriminator 2 view .LVU26
  93 0020 039D     		ldr	r5, [sp, #12]
  57:.//Libraries/CMSIS/DSP/Source/TransformFunctions/arm_bitreversal.c ****    {
  94              		.loc 1 57 42 discriminator 2 view .LVU27
  95 0022 0231     		adds	r1, r1, #2
  86:.//Libraries/CMSIS/DSP/Source/TransformFunctions/arm_bitreversal.c ****       pSrc[2U * (j + fftLenBy2)] = in;
  96              		.loc 1 86 42 discriminator 2 view .LVU28
  97 0024 BA18     		adds	r2, r7, r2
  85:.//Libraries/CMSIS/DSP/Source/TransformFunctions/arm_bitreversal.c ****       pSrc[2U * (i + 1U)] = pSrc[2U * (j + fftLenBy2)];
  98              		.loc 1 85 16 discriminator 2 view .LVU29
  99 0026 00EBC40C 		add	ip, r0, r4, lsl #3
  95:.//Libraries/CMSIS/DSP/Source/TransformFunctions/arm_bitreversal.c **** 
 100              		.loc 1 95 9 discriminator 2 view .LVU30
 101 002a 1F88     		ldrh	r7, [r3]
 102              	.LVL6:
 103              		.loc 1 98 18 discriminator 2 view .LVU31
 104 002c 2B44     		add	r3, r3, r5
 105              	.LVL7:
  86:.//Libraries/CMSIS/DSP/Source/TransformFunctions/arm_bitreversal.c ****       pSrc[2U * (j + fftLenBy2)] = in;
 106              		.loc 1 86 33 discriminator 2 view .LVU32
 107 002e 00EBC205 		add	r5, r0, r2, lsl #3
  85:.//Libraries/CMSIS/DSP/Source/TransformFunctions/arm_bitreversal.c ****       pSrc[2U * (i + 1U)] = pSrc[2U * (j + fftLenBy2)];
 108              		.loc 1 85 10 discriminator 2 view .LVU33
 109 0032 DCF800E0 		ldr	lr, [ip]	@ float
ARM GAS  /var/folders/wl/rshn8xbx1dsfj1zgryf4g1240000gn/T//cch2Wkgt.s 			page 5


 110              	.LVL8:
  86:.//Libraries/CMSIS/DSP/Source/TransformFunctions/arm_bitreversal.c ****       pSrc[2U * (j + fftLenBy2)] = in;
 111              		.loc 1 86 7 is_stmt 1 discriminator 2 view .LVU34
  57:.//Libraries/CMSIS/DSP/Source/TransformFunctions/arm_bitreversal.c ****    {
 112              		.loc 1 57 42 is_stmt 0 discriminator 2 view .LVU35
 113 0036 89B2     		uxth	r1, r1
 114              	.LVL9:
  59:.//Libraries/CMSIS/DSP/Source/TransformFunctions/arm_bitreversal.c ****       {
 115              		.loc 1 59 7 is_stmt 1 discriminator 2 view .LVU36
  90:.//Libraries/CMSIS/DSP/Source/TransformFunctions/arm_bitreversal.c ****       pSrc[(2U * (i + 1U)) + 1U] = pSrc[(2U * (j + fftLenBy2)) + 1U];
 116              		.loc 1 90 16 is_stmt 0 discriminator 2 view .LVU37
 117 0038 6446     		mov	r4, ip
  86:.//Libraries/CMSIS/DSP/Source/TransformFunctions/arm_bitreversal.c ****       pSrc[2U * (j + fftLenBy2)] = in;
 118              		.loc 1 86 33 discriminator 2 view .LVU38
 119 003a D5ED007A 		vldr.32	s15, [r5]
  91:.//Libraries/CMSIS/DSP/Source/TransformFunctions/arm_bitreversal.c ****       pSrc[(2U * (j + fftLenBy2)) + 1U] = in;
 120              		.loc 1 91 40 discriminator 2 view .LVU39
 121 003e 2A46     		mov	r2, r5
  73:.//Libraries/CMSIS/DSP/Source/TransformFunctions/arm_bitreversal.c ****          pSrc[2U * (j + fftLenBy2p1)] = in;
 122              		.loc 1 73 54 discriminator 2 view .LVU40
 123 0040 07EB0906 		add	r6, r7, r9
  63:.//Libraries/CMSIS/DSP/Source/TransformFunctions/arm_bitreversal.c ****          pSrc[2U * j] = in;
 124              		.loc 1 63 29 discriminator 2 view .LVU41
 125 0044 00EBC70B 		add	fp, r0, r7, lsl #3
  86:.//Libraries/CMSIS/DSP/Source/TransformFunctions/arm_bitreversal.c ****       pSrc[2U * (j + fftLenBy2)] = in;
 126              		.loc 1 86 27 discriminator 2 view .LVU42
 127 0048 CCED007A 		vstr.32	s15, [ip]
  87:.//Libraries/CMSIS/DSP/Source/TransformFunctions/arm_bitreversal.c **** 
 128              		.loc 1 87 7 is_stmt 1 discriminator 2 view .LVU43
  67:.//Libraries/CMSIS/DSP/Source/TransformFunctions/arm_bitreversal.c ****          pSrc[(2U * i) + 1U] = pSrc[(2U * j) + 1U];
 129              		.loc 1 67 19 is_stmt 0 discriminator 2 view .LVU44
 130 004c 00EBC10C 		add	ip, r0, r1, lsl #3
  87:.//Libraries/CMSIS/DSP/Source/TransformFunctions/arm_bitreversal.c **** 
 131              		.loc 1 87 34 discriminator 2 view .LVU45
 132 0050 C5F800E0 		str	lr, [r5]	@ float
  90:.//Libraries/CMSIS/DSP/Source/TransformFunctions/arm_bitreversal.c ****       pSrc[(2U * (i + 1U)) + 1U] = pSrc[(2U * (j + fftLenBy2)) + 1U];
 133              		.loc 1 90 7 is_stmt 1 discriminator 2 view .LVU46
  62:.//Libraries/CMSIS/DSP/Source/TransformFunctions/arm_bitreversal.c ****          pSrc[2U * i] = pSrc[2U * j];
 134              		.loc 1 62 19 is_stmt 0 discriminator 2 view .LVU47
 135 0054 00EBC105 		add	r5, r0, r1, lsl #3
  90:.//Libraries/CMSIS/DSP/Source/TransformFunctions/arm_bitreversal.c ****       pSrc[(2U * (i + 1U)) + 1U] = pSrc[(2U * (j + fftLenBy2)) + 1U];
 136              		.loc 1 90 10 discriminator 2 view .LVU48
 137 0058 D4ED017A 		vldr.32	s15, [r4, #4]
 138              	.LVL10:
  91:.//Libraries/CMSIS/DSP/Source/TransformFunctions/arm_bitreversal.c ****       pSrc[(2U * (j + fftLenBy2)) + 1U] = in;
 139              		.loc 1 91 7 is_stmt 1 discriminator 2 view .LVU49
  73:.//Libraries/CMSIS/DSP/Source/TransformFunctions/arm_bitreversal.c ****          pSrc[2U * (j + fftLenBy2p1)] = in;
 140              		.loc 1 73 45 is_stmt 0 discriminator 2 view .LVU50
 141 005c 00EBC60A 		add	r10, r0, r6, lsl #3
  62:.//Libraries/CMSIS/DSP/Source/TransformFunctions/arm_bitreversal.c ****          pSrc[2U * i] = pSrc[2U * j];
 142              		.loc 1 62 19 discriminator 2 view .LVU51
 143 0060 0195     		str	r5, [sp, #4]
  72:.//Libraries/CMSIS/DSP/Source/TransformFunctions/arm_bitreversal.c ****          pSrc[2U * (i + fftLenBy2p1)] = pSrc[2U * (j + fftLenBy2p1)];
 144              		.loc 1 72 28 discriminator 2 view .LVU52
 145 0062 01EB0905 		add	r5, r1, r9
  91:.//Libraries/CMSIS/DSP/Source/TransformFunctions/arm_bitreversal.c ****       pSrc[(2U * (j + fftLenBy2)) + 1U] = in;
 146              		.loc 1 91 40 discriminator 2 view .LVU53
ARM GAS  /var/folders/wl/rshn8xbx1dsfj1zgryf4g1240000gn/T//cch2Wkgt.s 			page 6


 147 0066 92ED017A 		vldr.32	s14, [r2, #4]
  79:.//Libraries/CMSIS/DSP/Source/TransformFunctions/arm_bitreversal.c ****          pSrc[(2U * (j + fftLenBy2p1)) + 1U] = in;
 148              		.loc 1 79 14 discriminator 2 view .LVU54
 149 006a 5646     		mov	r6, r10
  72:.//Libraries/CMSIS/DSP/Source/TransformFunctions/arm_bitreversal.c ****          pSrc[2U * (i + fftLenBy2p1)] = pSrc[2U * (j + fftLenBy2p1)];
 150              		.loc 1 72 19 discriminator 2 view .LVU55
 151 006c 00EBC50E 		add	lr, r0, r5, lsl #3
  68:.//Libraries/CMSIS/DSP/Source/TransformFunctions/arm_bitreversal.c ****          pSrc[(2U * j) + 1U] = in;
 152              		.loc 1 68 36 discriminator 2 view .LVU56
 153 0070 0BF10408 		add	r8, fp, #4
  91:.//Libraries/CMSIS/DSP/Source/TransformFunctions/arm_bitreversal.c ****       pSrc[(2U * (j + fftLenBy2)) + 1U] = in;
 154              		.loc 1 91 34 discriminator 2 view .LVU57
 155 0074 84ED017A 		vstr.32	s14, [r4, #4]
  92:.//Libraries/CMSIS/DSP/Source/TransformFunctions/arm_bitreversal.c **** 
 156              		.loc 1 92 7 is_stmt 1 discriminator 2 view .LVU58
  79:.//Libraries/CMSIS/DSP/Source/TransformFunctions/arm_bitreversal.c ****          pSrc[(2U * (j + fftLenBy2p1)) + 1U] = in;
 157              		.loc 1 79 14 is_stmt 0 discriminator 2 view .LVU59
 158 0078 0436     		adds	r6, r6, #4
  77:.//Libraries/CMSIS/DSP/Source/TransformFunctions/arm_bitreversal.c ****          pSrc[(2U * (i + fftLenBy2p1)) + 1U] =
 159              		.loc 1 77 19 discriminator 2 view .LVU60
 160 007a 7546     		mov	r5, lr
  92:.//Libraries/CMSIS/DSP/Source/TransformFunctions/arm_bitreversal.c **** 
 161              		.loc 1 92 41 discriminator 2 view .LVU61
 162 007c C2ED017A 		vstr.32	s15, [r2, #4]
  95:.//Libraries/CMSIS/DSP/Source/TransformFunctions/arm_bitreversal.c **** 
 163              		.loc 1 95 7 is_stmt 1 discriminator 2 view .LVU62
 164              		.loc 1 98 7 discriminator 2 view .LVU63
  57:.//Libraries/CMSIS/DSP/Source/TransformFunctions/arm_bitreversal.c ****    {
 165              		.loc 1 57 40 discriminator 2 view .LVU64
  57:.//Libraries/CMSIS/DSP/Source/TransformFunctions/arm_bitreversal.c ****    {
 166              		.loc 1 57 17 discriminator 2 view .LVU65
  57:.//Libraries/CMSIS/DSP/Source/TransformFunctions/arm_bitreversal.c ****    {
 167              		.loc 1 57 4 is_stmt 0 discriminator 2 view .LVU66
 168 0080 059A     		ldr	r2, [sp, #20]
  67:.//Libraries/CMSIS/DSP/Source/TransformFunctions/arm_bitreversal.c ****          pSrc[(2U * i) + 1U] = pSrc[(2U * j) + 1U];
 169              		.loc 1 67 19 discriminator 2 view .LVU67
 170 0082 0CF1040C 		add	ip, ip, #4
  77:.//Libraries/CMSIS/DSP/Source/TransformFunctions/arm_bitreversal.c ****          pSrc[(2U * (i + fftLenBy2p1)) + 1U] =
 171              		.loc 1 77 19 discriminator 2 view .LVU68
 172 0086 2C1D     		adds	r4, r5, #4
  57:.//Libraries/CMSIS/DSP/Source/TransformFunctions/arm_bitreversal.c ****    {
 173              		.loc 1 57 4 discriminator 2 view .LVU69
 174 0088 9142     		cmp	r1, r2
  77:.//Libraries/CMSIS/DSP/Source/TransformFunctions/arm_bitreversal.c ****          pSrc[(2U * (i + fftLenBy2p1)) + 1U] =
 175              		.loc 1 77 19 discriminator 2 view .LVU70
 176 008a 0294     		str	r4, [sp, #8]
  57:.//Libraries/CMSIS/DSP/Source/TransformFunctions/arm_bitreversal.c ****    {
 177              		.loc 1 57 19 discriminator 2 view .LVU71
 178 008c 0C46     		mov	r4, r1
  57:.//Libraries/CMSIS/DSP/Source/TransformFunctions/arm_bitreversal.c ****    {
 179              		.loc 1 57 4 discriminator 2 view .LVU72
 180 008e 21D8     		bhi	.L7
  59:.//Libraries/CMSIS/DSP/Source/TransformFunctions/arm_bitreversal.c ****       {
 181              		.loc 1 59 10 view .LVU73
 182 0090 8F42     		cmp	r7, r1
 183 0092 C3D9     		bls	.L2
  62:.//Libraries/CMSIS/DSP/Source/TransformFunctions/arm_bitreversal.c ****          pSrc[2U * i] = pSrc[2U * j];
ARM GAS  /var/folders/wl/rshn8xbx1dsfj1zgryf4g1240000gn/T//cch2Wkgt.s 			page 7


 184              		.loc 1 62 13 view .LVU74
 185 0094 019D     		ldr	r5, [sp, #4]
  63:.//Libraries/CMSIS/DSP/Source/TransformFunctions/arm_bitreversal.c ****          pSrc[2U * j] = in;
 186              		.loc 1 63 29 view .LVU75
 187 0096 DBED007A 		vldr.32	s15, [fp]
 188              	.LVL11:
  62:.//Libraries/CMSIS/DSP/Source/TransformFunctions/arm_bitreversal.c ****          pSrc[2U * i] = pSrc[2U * j];
 189              		.loc 1 62 13 view .LVU76
 190 009a 2A68     		ldr	r2, [r5]	@ float
 191              	.LVL12:
  63:.//Libraries/CMSIS/DSP/Source/TransformFunctions/arm_bitreversal.c ****          pSrc[2U * j] = in;
 192              		.loc 1 63 10 is_stmt 1 view .LVU77
  63:.//Libraries/CMSIS/DSP/Source/TransformFunctions/arm_bitreversal.c ****          pSrc[2U * j] = in;
 193              		.loc 1 63 23 is_stmt 0 view .LVU78
 194 009c C5ED007A 		vstr.32	s15, [r5]
  64:.//Libraries/CMSIS/DSP/Source/TransformFunctions/arm_bitreversal.c **** 
 195              		.loc 1 64 10 is_stmt 1 view .LVU79
  64:.//Libraries/CMSIS/DSP/Source/TransformFunctions/arm_bitreversal.c **** 
 196              		.loc 1 64 23 is_stmt 0 view .LVU80
 197 00a0 CBF80020 		str	r2, [fp]	@ float
  67:.//Libraries/CMSIS/DSP/Source/TransformFunctions/arm_bitreversal.c ****          pSrc[(2U * i) + 1U] = pSrc[(2U * j) + 1U];
 198              		.loc 1 67 10 is_stmt 1 view .LVU81
  67:.//Libraries/CMSIS/DSP/Source/TransformFunctions/arm_bitreversal.c ****          pSrc[(2U * i) + 1U] = pSrc[(2U * j) + 1U];
 199              		.loc 1 67 13 is_stmt 0 view .LVU82
 200 00a4 DCF80020 		ldr	r2, [ip]	@ float
 201              	.LVL13:
  68:.//Libraries/CMSIS/DSP/Source/TransformFunctions/arm_bitreversal.c ****          pSrc[(2U * j) + 1U] = in;
 202              		.loc 1 68 10 is_stmt 1 view .LVU83
  68:.//Libraries/CMSIS/DSP/Source/TransformFunctions/arm_bitreversal.c ****          pSrc[(2U * j) + 1U] = in;
 203              		.loc 1 68 36 is_stmt 0 view .LVU84
 204 00a8 D8F800B0 		ldr	fp, [r8]	@ float
  77:.//Libraries/CMSIS/DSP/Source/TransformFunctions/arm_bitreversal.c ****          pSrc[(2U * (i + fftLenBy2p1)) + 1U] =
 205              		.loc 1 77 13 view .LVU85
 206 00ac 029D     		ldr	r5, [sp, #8]
  68:.//Libraries/CMSIS/DSP/Source/TransformFunctions/arm_bitreversal.c ****          pSrc[(2U * j) + 1U] = in;
 207              		.loc 1 68 30 view .LVU86
 208 00ae CCF800B0 		str	fp, [ip]	@ float
  69:.//Libraries/CMSIS/DSP/Source/TransformFunctions/arm_bitreversal.c **** 
 209              		.loc 1 69 10 is_stmt 1 view .LVU87
  69:.//Libraries/CMSIS/DSP/Source/TransformFunctions/arm_bitreversal.c **** 
 210              		.loc 1 69 30 is_stmt 0 view .LVU88
 211 00b2 C8F80020 		str	r2, [r8]	@ float
  72:.//Libraries/CMSIS/DSP/Source/TransformFunctions/arm_bitreversal.c ****          pSrc[2U * (i + fftLenBy2p1)] = pSrc[2U * (j + fftLenBy2p1)];
 212              		.loc 1 72 10 is_stmt 1 view .LVU89
  72:.//Libraries/CMSIS/DSP/Source/TransformFunctions/arm_bitreversal.c ****          pSrc[2U * (i + fftLenBy2p1)] = pSrc[2U * (j + fftLenBy2p1)];
 213              		.loc 1 72 13 is_stmt 0 view .LVU90
 214 00b6 DEF80020 		ldr	r2, [lr]	@ float
 215              	.LVL14:
  73:.//Libraries/CMSIS/DSP/Source/TransformFunctions/arm_bitreversal.c ****          pSrc[2U * (j + fftLenBy2p1)] = in;
 216              		.loc 1 73 10 is_stmt 1 view .LVU91
  73:.//Libraries/CMSIS/DSP/Source/TransformFunctions/arm_bitreversal.c ****          pSrc[2U * (j + fftLenBy2p1)] = in;
 217              		.loc 1 73 45 is_stmt 0 view .LVU92
 218 00ba DAF800C0 		ldr	ip, [r10]	@ float
  73:.//Libraries/CMSIS/DSP/Source/TransformFunctions/arm_bitreversal.c ****          pSrc[2U * (j + fftLenBy2p1)] = in;
 219              		.loc 1 73 39 view .LVU93
 220 00be CEF800C0 		str	ip, [lr]	@ float
  74:.//Libraries/CMSIS/DSP/Source/TransformFunctions/arm_bitreversal.c **** 
ARM GAS  /var/folders/wl/rshn8xbx1dsfj1zgryf4g1240000gn/T//cch2Wkgt.s 			page 8


 221              		.loc 1 74 10 is_stmt 1 view .LVU94
  74:.//Libraries/CMSIS/DSP/Source/TransformFunctions/arm_bitreversal.c **** 
 222              		.loc 1 74 39 is_stmt 0 view .LVU95
 223 00c2 CAF80020 		str	r2, [r10]	@ float
  77:.//Libraries/CMSIS/DSP/Source/TransformFunctions/arm_bitreversal.c ****          pSrc[(2U * (i + fftLenBy2p1)) + 1U] =
 224              		.loc 1 77 10 is_stmt 1 view .LVU96
  77:.//Libraries/CMSIS/DSP/Source/TransformFunctions/arm_bitreversal.c ****          pSrc[(2U * (i + fftLenBy2p1)) + 1U] =
 225              		.loc 1 77 13 is_stmt 0 view .LVU97
 226 00c6 2A68     		ldr	r2, [r5]	@ float
 227              	.LVL15:
  78:.//Libraries/CMSIS/DSP/Source/TransformFunctions/arm_bitreversal.c ****          pSrc[(2U * (j + fftLenBy2p1)) + 1U];
 228              		.loc 1 78 10 is_stmt 1 view .LVU98
  79:.//Libraries/CMSIS/DSP/Source/TransformFunctions/arm_bitreversal.c ****          pSrc[(2U * (j + fftLenBy2p1)) + 1U] = in;
 229              		.loc 1 79 14 is_stmt 0 view .LVU99
 230 00c8 D6F800C0 		ldr	ip, [r6]	@ float
  78:.//Libraries/CMSIS/DSP/Source/TransformFunctions/arm_bitreversal.c ****          pSrc[(2U * (j + fftLenBy2p1)) + 1U];
 231              		.loc 1 78 46 view .LVU100
 232 00cc C5F800C0 		str	ip, [r5]	@ float
  80:.//Libraries/CMSIS/DSP/Source/TransformFunctions/arm_bitreversal.c **** 
 233              		.loc 1 80 10 is_stmt 1 view .LVU101
  80:.//Libraries/CMSIS/DSP/Source/TransformFunctions/arm_bitreversal.c **** 
 234              		.loc 1 80 46 is_stmt 0 view .LVU102
 235 00d0 3260     		str	r2, [r6]	@ float
 236 00d2 A3E7     		b	.L2
 237              	.LVL16:
 238              	.L7:
  99:.//Libraries/CMSIS/DSP/Source/TransformFunctions/arm_bitreversal.c ****    }
 100:.//Libraries/CMSIS/DSP/Source/TransformFunctions/arm_bitreversal.c **** }
 239              		.loc 1 100 1 view .LVU103
 240 00d4 07B0     		add	sp, sp, #28
 241              	.LCFI2:
 242              		.cfi_def_cfa_offset 36
 243              		@ sp needed
 244 00d6 BDE8F08F 		pop	{r4, r5, r6, r7, r8, r9, r10, fp, pc}
 245              		.loc 1 100 1 view .LVU104
 246              		.cfi_endproc
 247              	.LFE145:
 249 00da 00BF     		.section	.text.arm_bitreversal_q31,"ax",%progbits
 250              		.align	1
 251              		.p2align 2,,3
 252              		.global	arm_bitreversal_q31
 253              		.syntax unified
 254              		.thumb
 255              		.thumb_func
 256              		.fpu fpv5-d16
 258              	arm_bitreversal_q31:
 259              	.LVL17:
 260              	.LFB146:
 101:.//Libraries/CMSIS/DSP/Source/TransformFunctions/arm_bitreversal.c **** 
 102:.//Libraries/CMSIS/DSP/Source/TransformFunctions/arm_bitreversal.c **** 
 103:.//Libraries/CMSIS/DSP/Source/TransformFunctions/arm_bitreversal.c **** /**
 104:.//Libraries/CMSIS/DSP/Source/TransformFunctions/arm_bitreversal.c ****   @brief         In-place Q31 bit reversal function.
 105:.//Libraries/CMSIS/DSP/Source/TransformFunctions/arm_bitreversal.c ****   @param[in,out] pSrc         points to in-place Q31 data buffer.
 106:.//Libraries/CMSIS/DSP/Source/TransformFunctions/arm_bitreversal.c ****   @param[in]     fftLen       length of FFT.
 107:.//Libraries/CMSIS/DSP/Source/TransformFunctions/arm_bitreversal.c ****   @param[in]     bitRevFactor bit reversal modifier that supports different size FFTs with the same
 108:.//Libraries/CMSIS/DSP/Source/TransformFunctions/arm_bitreversal.c ****   @param[in]     pBitRevTab   points to bit reversal table
 109:.//Libraries/CMSIS/DSP/Source/TransformFunctions/arm_bitreversal.c ****   @return        none
ARM GAS  /var/folders/wl/rshn8xbx1dsfj1zgryf4g1240000gn/T//cch2Wkgt.s 			page 9


 110:.//Libraries/CMSIS/DSP/Source/TransformFunctions/arm_bitreversal.c **** */
 111:.//Libraries/CMSIS/DSP/Source/TransformFunctions/arm_bitreversal.c **** 
 112:.//Libraries/CMSIS/DSP/Source/TransformFunctions/arm_bitreversal.c **** void arm_bitreversal_q31(
 113:.//Libraries/CMSIS/DSP/Source/TransformFunctions/arm_bitreversal.c ****         q31_t * pSrc,
 114:.//Libraries/CMSIS/DSP/Source/TransformFunctions/arm_bitreversal.c ****         uint32_t fftLen,
 115:.//Libraries/CMSIS/DSP/Source/TransformFunctions/arm_bitreversal.c ****         uint16_t bitRevFactor,
 116:.//Libraries/CMSIS/DSP/Source/TransformFunctions/arm_bitreversal.c ****   const uint16_t * pBitRevTab)
 117:.//Libraries/CMSIS/DSP/Source/TransformFunctions/arm_bitreversal.c **** {
 261              		.loc 1 117 1 is_stmt 1 view -0
 262              		.cfi_startproc
 263              		@ args = 0, pretend = 0, frame = 16
 264              		@ frame_needed = 0, uses_anonymous_args = 0
 118:.//Libraries/CMSIS/DSP/Source/TransformFunctions/arm_bitreversal.c ****    uint32_t fftLenBy2, fftLenBy2p1, i, j;
 265              		.loc 1 118 4 view .LVU106
 119:.//Libraries/CMSIS/DSP/Source/TransformFunctions/arm_bitreversal.c ****    q31_t in;
 266              		.loc 1 119 4 view .LVU107
 120:.//Libraries/CMSIS/DSP/Source/TransformFunctions/arm_bitreversal.c **** 
 121:.//Libraries/CMSIS/DSP/Source/TransformFunctions/arm_bitreversal.c ****    /*  Initializations      */
 122:.//Libraries/CMSIS/DSP/Source/TransformFunctions/arm_bitreversal.c ****    j = 0U;
 267              		.loc 1 122 4 view .LVU108
 123:.//Libraries/CMSIS/DSP/Source/TransformFunctions/arm_bitreversal.c ****    fftLenBy2 = fftLen / 2U;
 268              		.loc 1 123 4 view .LVU109
 269              		.loc 1 123 14 is_stmt 0 view .LVU110
 270 0000 4908     		lsrs	r1, r1, #1
 271              	.LVL18:
 124:.//Libraries/CMSIS/DSP/Source/TransformFunctions/arm_bitreversal.c ****    fftLenBy2p1 = (fftLen / 2U) + 1U;
 272              		.loc 1 124 4 is_stmt 1 view .LVU111
 117:.//Libraries/CMSIS/DSP/Source/TransformFunctions/arm_bitreversal.c ****    uint32_t fftLenBy2, fftLenBy2p1, i, j;
 273              		.loc 1 117 1 is_stmt 0 view .LVU112
 274 0002 2DE9F04F 		push	{r4, r5, r6, r7, r8, r9, r10, fp, lr}
 275              	.LCFI3:
 276              		.cfi_def_cfa_offset 36
 277              		.cfi_offset 4, -36
 278              		.cfi_offset 5, -32
 279              		.cfi_offset 6, -28
 280              		.cfi_offset 7, -24
 281              		.cfi_offset 8, -20
 282              		.cfi_offset 9, -16
 283              		.cfi_offset 10, -12
 284              		.cfi_offset 11, -8
 285              		.cfi_offset 14, -4
 125:.//Libraries/CMSIS/DSP/Source/TransformFunctions/arm_bitreversal.c **** 
 126:.//Libraries/CMSIS/DSP/Source/TransformFunctions/arm_bitreversal.c ****    /* Bit Reversal Implementation */
 127:.//Libraries/CMSIS/DSP/Source/TransformFunctions/arm_bitreversal.c ****    for (i = 0U; i <= (fftLenBy2 - 2U); i += 2U)
 128:.//Libraries/CMSIS/DSP/Source/TransformFunctions/arm_bitreversal.c ****    {
 129:.//Libraries/CMSIS/DSP/Source/TransformFunctions/arm_bitreversal.c ****       if (i < j)
 130:.//Libraries/CMSIS/DSP/Source/TransformFunctions/arm_bitreversal.c ****       {
 131:.//Libraries/CMSIS/DSP/Source/TransformFunctions/arm_bitreversal.c ****          /*  pSrc[i] <-> pSrc[j]; */
 132:.//Libraries/CMSIS/DSP/Source/TransformFunctions/arm_bitreversal.c ****          in = pSrc[2U * i];
 133:.//Libraries/CMSIS/DSP/Source/TransformFunctions/arm_bitreversal.c ****          pSrc[2U * i] = pSrc[2U * j];
 134:.//Libraries/CMSIS/DSP/Source/TransformFunctions/arm_bitreversal.c ****          pSrc[2U * j] = in;
 135:.//Libraries/CMSIS/DSP/Source/TransformFunctions/arm_bitreversal.c **** 
 136:.//Libraries/CMSIS/DSP/Source/TransformFunctions/arm_bitreversal.c ****          /*  pSrc[i+1U] <-> pSrc[j+1U] */
 137:.//Libraries/CMSIS/DSP/Source/TransformFunctions/arm_bitreversal.c ****          in = pSrc[(2U * i) + 1U];
 138:.//Libraries/CMSIS/DSP/Source/TransformFunctions/arm_bitreversal.c ****          pSrc[(2U * i) + 1U] = pSrc[(2U * j) + 1U];
 139:.//Libraries/CMSIS/DSP/Source/TransformFunctions/arm_bitreversal.c ****          pSrc[(2U * j) + 1U] = in;
 140:.//Libraries/CMSIS/DSP/Source/TransformFunctions/arm_bitreversal.c **** 
ARM GAS  /var/folders/wl/rshn8xbx1dsfj1zgryf4g1240000gn/T//cch2Wkgt.s 			page 10


 141:.//Libraries/CMSIS/DSP/Source/TransformFunctions/arm_bitreversal.c ****          /*  pSrc[i+fftLenBy2p1] <-> pSrc[j+fftLenBy2p1] */
 142:.//Libraries/CMSIS/DSP/Source/TransformFunctions/arm_bitreversal.c ****          in = pSrc[2U * (i + fftLenBy2p1)];
 143:.//Libraries/CMSIS/DSP/Source/TransformFunctions/arm_bitreversal.c ****          pSrc[2U * (i + fftLenBy2p1)] = pSrc[2U * (j + fftLenBy2p1)];
 144:.//Libraries/CMSIS/DSP/Source/TransformFunctions/arm_bitreversal.c ****          pSrc[2U * (j + fftLenBy2p1)] = in;
 145:.//Libraries/CMSIS/DSP/Source/TransformFunctions/arm_bitreversal.c **** 
 146:.//Libraries/CMSIS/DSP/Source/TransformFunctions/arm_bitreversal.c ****          /*  pSrc[i+fftLenBy2p1+1U] <-> pSrc[j+fftLenBy2p1+1U] */
 147:.//Libraries/CMSIS/DSP/Source/TransformFunctions/arm_bitreversal.c ****          in = pSrc[(2U * (i + fftLenBy2p1)) + 1U];
 148:.//Libraries/CMSIS/DSP/Source/TransformFunctions/arm_bitreversal.c ****          pSrc[(2U * (i + fftLenBy2p1)) + 1U] =
 149:.//Libraries/CMSIS/DSP/Source/TransformFunctions/arm_bitreversal.c ****          pSrc[(2U * (j + fftLenBy2p1)) + 1U];
 150:.//Libraries/CMSIS/DSP/Source/TransformFunctions/arm_bitreversal.c ****          pSrc[(2U * (j + fftLenBy2p1)) + 1U] = in;
 151:.//Libraries/CMSIS/DSP/Source/TransformFunctions/arm_bitreversal.c **** 
 152:.//Libraries/CMSIS/DSP/Source/TransformFunctions/arm_bitreversal.c ****       }
 153:.//Libraries/CMSIS/DSP/Source/TransformFunctions/arm_bitreversal.c **** 
 154:.//Libraries/CMSIS/DSP/Source/TransformFunctions/arm_bitreversal.c ****       /*  pSrc[i+1U] <-> pSrc[j+1U] */
 155:.//Libraries/CMSIS/DSP/Source/TransformFunctions/arm_bitreversal.c ****       in = pSrc[2U * (i + 1U)];
 156:.//Libraries/CMSIS/DSP/Source/TransformFunctions/arm_bitreversal.c ****       pSrc[2U * (i + 1U)] = pSrc[2U * (j + fftLenBy2)];
 157:.//Libraries/CMSIS/DSP/Source/TransformFunctions/arm_bitreversal.c ****       pSrc[2U * (j + fftLenBy2)] = in;
 158:.//Libraries/CMSIS/DSP/Source/TransformFunctions/arm_bitreversal.c **** 
 159:.//Libraries/CMSIS/DSP/Source/TransformFunctions/arm_bitreversal.c ****       /*  pSrc[i+2U] <-> pSrc[j+2U] */
 160:.//Libraries/CMSIS/DSP/Source/TransformFunctions/arm_bitreversal.c ****       in = pSrc[(2U * (i + 1U)) + 1U];
 161:.//Libraries/CMSIS/DSP/Source/TransformFunctions/arm_bitreversal.c ****       pSrc[(2U * (i + 1U)) + 1U] = pSrc[(2U * (j + fftLenBy2)) + 1U];
 162:.//Libraries/CMSIS/DSP/Source/TransformFunctions/arm_bitreversal.c ****       pSrc[(2U * (j + fftLenBy2)) + 1U] = in;
 163:.//Libraries/CMSIS/DSP/Source/TransformFunctions/arm_bitreversal.c **** 
 164:.//Libraries/CMSIS/DSP/Source/TransformFunctions/arm_bitreversal.c ****       /*  Reading the index for the bit reversal */
 165:.//Libraries/CMSIS/DSP/Source/TransformFunctions/arm_bitreversal.c ****       j = *pBitRevTab;
 166:.//Libraries/CMSIS/DSP/Source/TransformFunctions/arm_bitreversal.c **** 
 167:.//Libraries/CMSIS/DSP/Source/TransformFunctions/arm_bitreversal.c ****       /*  Updating the bit reversal index depending on the fft length */
 168:.//Libraries/CMSIS/DSP/Source/TransformFunctions/arm_bitreversal.c ****       pBitRevTab += bitRevFactor;
 286              		.loc 1 168 18 view .LVU113
 287 0006 4FEA420B 		lsl	fp, r2, #1
 117:.//Libraries/CMSIS/DSP/Source/TransformFunctions/arm_bitreversal.c ****    uint32_t fftLenBy2, fftLenBy2p1, i, j;
 288              		.loc 1 117 1 view .LVU114
 289 000a 85B0     		sub	sp, sp, #20
 290              	.LCFI4:
 291              		.cfi_def_cfa_offset 56
 124:.//Libraries/CMSIS/DSP/Source/TransformFunctions/arm_bitreversal.c **** 
 292              		.loc 1 124 16 view .LVU115
 293 000c 4A1C     		adds	r2, r1, #1
 294              	.LVL19:
 127:.//Libraries/CMSIS/DSP/Source/TransformFunctions/arm_bitreversal.c ****    {
 295              		.loc 1 127 11 view .LVU116
 296 000e 0027     		movs	r7, #0
 297 0010 0446     		mov	r4, r0
 298 0012 00EBC109 		add	r9, r0, r1, lsl #3
 124:.//Libraries/CMSIS/DSP/Source/TransformFunctions/arm_bitreversal.c **** 
 299              		.loc 1 124 16 view .LVU117
 300 0016 0292     		str	r2, [sp, #8]
 301              	.LVL20:
 127:.//Libraries/CMSIS/DSP/Source/TransformFunctions/arm_bitreversal.c ****    {
 302              		.loc 1 127 4 is_stmt 1 view .LVU118
 127:.//Libraries/CMSIS/DSP/Source/TransformFunctions/arm_bitreversal.c ****    {
 303              		.loc 1 127 17 view .LVU119
 127:.//Libraries/CMSIS/DSP/Source/TransformFunctions/arm_bitreversal.c ****    {
 304              		.loc 1 127 33 is_stmt 0 view .LVU120
 305 0018 8A1E     		subs	r2, r1, #2
 306              	.LVL21:
 122:.//Libraries/CMSIS/DSP/Source/TransformFunctions/arm_bitreversal.c ****    fftLenBy2 = fftLen / 2U;
ARM GAS  /var/folders/wl/rshn8xbx1dsfj1zgryf4g1240000gn/T//cch2Wkgt.s 			page 11


 307              		.loc 1 122 6 view .LVU121
 308 001a 3D46     		mov	r5, r7
 309 001c 8A46     		mov	r10, r1
 127:.//Libraries/CMSIS/DSP/Source/TransformFunctions/arm_bitreversal.c ****    {
 310              		.loc 1 127 33 view .LVU122
 311 001e 0392     		str	r2, [sp, #12]
 129:.//Libraries/CMSIS/DSP/Source/TransformFunctions/arm_bitreversal.c ****       {
 312              		.loc 1 129 7 is_stmt 1 view .LVU123
 313 0020 0193     		str	r3, [sp, #4]
 314 0022 1EE0     		b	.L9
 315              	.LVL22:
 316              	.L11:
 129:.//Libraries/CMSIS/DSP/Source/TransformFunctions/arm_bitreversal.c ****       {
 317              		.loc 1 129 10 is_stmt 0 view .LVU124
 318 0024 BD42     		cmp	r5, r7
 319 0026 19D9     		bls	.L10
 133:.//Libraries/CMSIS/DSP/Source/TransformFunctions/arm_bitreversal.c ****          pSrc[2U * j] = in;
 320              		.loc 1 133 29 view .LVU125
 321 0028 50F83510 		ldr	r1, [r0, r5, lsl #3]
 322              	.LVL23:
 132:.//Libraries/CMSIS/DSP/Source/TransformFunctions/arm_bitreversal.c ****          pSrc[2U * i] = pSrc[2U * j];
 323              		.loc 1 132 13 view .LVU126
 324 002c 2269     		ldr	r2, [r4, #16]
 325              	.LVL24:
 133:.//Libraries/CMSIS/DSP/Source/TransformFunctions/arm_bitreversal.c ****          pSrc[2U * j] = in;
 326              		.loc 1 133 10 is_stmt 1 view .LVU127
 133:.//Libraries/CMSIS/DSP/Source/TransformFunctions/arm_bitreversal.c ****          pSrc[2U * j] = in;
 327              		.loc 1 133 23 is_stmt 0 view .LVU128
 328 002e 2161     		str	r1, [r4, #16]
 134:.//Libraries/CMSIS/DSP/Source/TransformFunctions/arm_bitreversal.c **** 
 329              		.loc 1 134 10 is_stmt 1 view .LVU129
 134:.//Libraries/CMSIS/DSP/Source/TransformFunctions/arm_bitreversal.c **** 
 330              		.loc 1 134 23 is_stmt 0 view .LVU130
 331 0030 40F83520 		str	r2, [r0, r5, lsl #3]
 137:.//Libraries/CMSIS/DSP/Source/TransformFunctions/arm_bitreversal.c ****          pSrc[(2U * i) + 1U] = pSrc[(2U * j) + 1U];
 332              		.loc 1 137 10 is_stmt 1 view .LVU131
 137:.//Libraries/CMSIS/DSP/Source/TransformFunctions/arm_bitreversal.c ****          pSrc[(2U * i) + 1U] = pSrc[(2U * j) + 1U];
 333              		.loc 1 137 13 is_stmt 0 view .LVU132
 334 0034 6269     		ldr	r2, [r4, #20]
 335              	.LVL25:
 138:.//Libraries/CMSIS/DSP/Source/TransformFunctions/arm_bitreversal.c ****          pSrc[(2U * j) + 1U] = in;
 336              		.loc 1 138 10 is_stmt 1 view .LVU133
 138:.//Libraries/CMSIS/DSP/Source/TransformFunctions/arm_bitreversal.c ****          pSrc[(2U * j) + 1U] = in;
 337              		.loc 1 138 36 is_stmt 0 view .LVU134
 338 0036 50F80E10 		ldr	r1, [r0, lr]
 138:.//Libraries/CMSIS/DSP/Source/TransformFunctions/arm_bitreversal.c ****          pSrc[(2U * j) + 1U] = in;
 339              		.loc 1 138 30 view .LVU135
 340 003a 6161     		str	r1, [r4, #20]
 139:.//Libraries/CMSIS/DSP/Source/TransformFunctions/arm_bitreversal.c **** 
 341              		.loc 1 139 10 is_stmt 1 view .LVU136
 139:.//Libraries/CMSIS/DSP/Source/TransformFunctions/arm_bitreversal.c **** 
 342              		.loc 1 139 30 is_stmt 0 view .LVU137
 343 003c 40F80E20 		str	r2, [r0, lr]
 142:.//Libraries/CMSIS/DSP/Source/TransformFunctions/arm_bitreversal.c ****          pSrc[2U * (i + fftLenBy2p1)] = pSrc[2U * (j + fftLenBy2p1)];
 344              		.loc 1 142 10 is_stmt 1 view .LVU138
 143:.//Libraries/CMSIS/DSP/Source/TransformFunctions/arm_bitreversal.c ****          pSrc[2U * (j + fftLenBy2p1)] = in;
 345              		.loc 1 143 45 is_stmt 0 view .LVU139
ARM GAS  /var/folders/wl/rshn8xbx1dsfj1zgryf4g1240000gn/T//cch2Wkgt.s 			page 12


 346 0040 50F83820 		ldr	r2, [r0, r8, lsl #3]
 347              	.LVL26:
 142:.//Libraries/CMSIS/DSP/Source/TransformFunctions/arm_bitreversal.c ****          pSrc[2U * (i + fftLenBy2p1)] = pSrc[2U * (j + fftLenBy2p1)];
 348              		.loc 1 142 13 view .LVU140
 349 0044 D9F81810 		ldr	r1, [r9, #24]
 350              	.LVL27:
 143:.//Libraries/CMSIS/DSP/Source/TransformFunctions/arm_bitreversal.c ****          pSrc[2U * (j + fftLenBy2p1)] = in;
 351              		.loc 1 143 10 is_stmt 1 view .LVU141
 143:.//Libraries/CMSIS/DSP/Source/TransformFunctions/arm_bitreversal.c ****          pSrc[2U * (j + fftLenBy2p1)] = in;
 352              		.loc 1 143 39 is_stmt 0 view .LVU142
 353 0048 C9F81820 		str	r2, [r9, #24]
 144:.//Libraries/CMSIS/DSP/Source/TransformFunctions/arm_bitreversal.c **** 
 354              		.loc 1 144 10 is_stmt 1 view .LVU143
 144:.//Libraries/CMSIS/DSP/Source/TransformFunctions/arm_bitreversal.c **** 
 355              		.loc 1 144 39 is_stmt 0 view .LVU144
 356 004c 40F83810 		str	r1, [r0, r8, lsl #3]
 147:.//Libraries/CMSIS/DSP/Source/TransformFunctions/arm_bitreversal.c ****          pSrc[(2U * (i + fftLenBy2p1)) + 1U] =
 357              		.loc 1 147 10 is_stmt 1 view .LVU145
 147:.//Libraries/CMSIS/DSP/Source/TransformFunctions/arm_bitreversal.c ****          pSrc[(2U * (i + fftLenBy2p1)) + 1U] =
 358              		.loc 1 147 13 is_stmt 0 view .LVU146
 359 0050 D9F81C10 		ldr	r1, [r9, #28]
 360              	.LVL28:
 148:.//Libraries/CMSIS/DSP/Source/TransformFunctions/arm_bitreversal.c ****          pSrc[(2U * (j + fftLenBy2p1)) + 1U];
 361              		.loc 1 148 10 is_stmt 1 view .LVU147
 149:.//Libraries/CMSIS/DSP/Source/TransformFunctions/arm_bitreversal.c ****          pSrc[(2U * (j + fftLenBy2p1)) + 1U] = in;
 362              		.loc 1 149 14 is_stmt 0 view .LVU148
 363 0054 8259     		ldr	r2, [r0, r6]
 148:.//Libraries/CMSIS/DSP/Source/TransformFunctions/arm_bitreversal.c ****          pSrc[(2U * (j + fftLenBy2p1)) + 1U];
 364              		.loc 1 148 46 view .LVU149
 365 0056 C9F81C20 		str	r2, [r9, #28]
 150:.//Libraries/CMSIS/DSP/Source/TransformFunctions/arm_bitreversal.c **** 
 366              		.loc 1 150 10 is_stmt 1 view .LVU150
 150:.//Libraries/CMSIS/DSP/Source/TransformFunctions/arm_bitreversal.c **** 
 367              		.loc 1 150 46 is_stmt 0 view .LVU151
 368 005a 8151     		str	r1, [r0, r6]
 369              	.L10:
 150:.//Libraries/CMSIS/DSP/Source/TransformFunctions/arm_bitreversal.c **** 
 370              		.loc 1 150 46 view .LVU152
 371 005c 1034     		adds	r4, r4, #16
 372 005e 09F11009 		add	r9, r9, #16
 373              	.LVL29:
 374              	.L9:
 132:.//Libraries/CMSIS/DSP/Source/TransformFunctions/arm_bitreversal.c ****          pSrc[2U * i] = pSrc[2U * j];
 375              		.loc 1 132 10 is_stmt 1 discriminator 2 view .LVU153
 155:.//Libraries/CMSIS/DSP/Source/TransformFunctions/arm_bitreversal.c ****       pSrc[2U * (i + 1U)] = pSrc[2U * (j + fftLenBy2)];
 376              		.loc 1 155 7 discriminator 2 view .LVU154
 165:.//Libraries/CMSIS/DSP/Source/TransformFunctions/arm_bitreversal.c **** 
 377              		.loc 1 165 9 is_stmt 0 discriminator 2 view .LVU155
 378 0062 019A     		ldr	r2, [sp, #4]
 156:.//Libraries/CMSIS/DSP/Source/TransformFunctions/arm_bitreversal.c ****       pSrc[2U * (j + fftLenBy2)] = in;
 379              		.loc 1 156 42 discriminator 2 view .LVU156
 380 0064 0AEB050C 		add	ip, r10, r5
 143:.//Libraries/CMSIS/DSP/Source/TransformFunctions/arm_bitreversal.c ****          pSrc[2U * (j + fftLenBy2p1)] = in;
 381              		.loc 1 143 54 discriminator 2 view .LVU157
 382 0068 029B     		ldr	r3, [sp, #8]
 127:.//Libraries/CMSIS/DSP/Source/TransformFunctions/arm_bitreversal.c ****    {
 383              		.loc 1 127 42 discriminator 2 view .LVU158
ARM GAS  /var/folders/wl/rshn8xbx1dsfj1zgryf4g1240000gn/T//cch2Wkgt.s 			page 13


 384 006a 0237     		adds	r7, r7, #2
 165:.//Libraries/CMSIS/DSP/Source/TransformFunctions/arm_bitreversal.c **** 
 385              		.loc 1 165 9 discriminator 2 view .LVU159
 386 006c 1588     		ldrh	r5, [r2]
 156:.//Libraries/CMSIS/DSP/Source/TransformFunctions/arm_bitreversal.c ****       pSrc[2U * (j + fftLenBy2)] = in;
 387              		.loc 1 156 33 discriminator 2 view .LVU160
 388 006e 4FEACC02 		lsl	r2, ip, #3
 389 0072 50F83C60 		ldr	r6, [r0, ip, lsl #3]
 143:.//Libraries/CMSIS/DSP/Source/TransformFunctions/arm_bitreversal.c ****          pSrc[2U * (j + fftLenBy2p1)] = in;
 390              		.loc 1 143 54 discriminator 2 view .LVU161
 391 0076 03EB0508 		add	r8, r3, r5
 392              		.loc 1 168 18 discriminator 2 view .LVU162
 393 007a 019B     		ldr	r3, [sp, #4]
 155:.//Libraries/CMSIS/DSP/Source/TransformFunctions/arm_bitreversal.c ****       pSrc[2U * (i + 1U)] = pSrc[2U * (j + fftLenBy2)];
 394              		.loc 1 155 10 discriminator 2 view .LVU163
 395 007c A168     		ldr	r1, [r4, #8]
 396              	.LVL30:
 156:.//Libraries/CMSIS/DSP/Source/TransformFunctions/arm_bitreversal.c ****       pSrc[2U * (j + fftLenBy2)] = in;
 397              		.loc 1 156 7 is_stmt 1 discriminator 2 view .LVU164
 161:.//Libraries/CMSIS/DSP/Source/TransformFunctions/arm_bitreversal.c ****       pSrc[(2U * (j + fftLenBy2)) + 1U] = in;
 398              		.loc 1 161 40 is_stmt 0 discriminator 2 view .LVU165
 399 007e 0432     		adds	r2, r2, #4
 400              		.loc 1 168 18 discriminator 2 view .LVU166
 401 0080 5B44     		add	r3, r3, fp
 156:.//Libraries/CMSIS/DSP/Source/TransformFunctions/arm_bitreversal.c ****       pSrc[2U * (j + fftLenBy2)] = in;
 402              		.loc 1 156 27 discriminator 2 view .LVU167
 403 0082 A660     		str	r6, [r4, #8]
 157:.//Libraries/CMSIS/DSP/Source/TransformFunctions/arm_bitreversal.c **** 
 404              		.loc 1 157 7 is_stmt 1 discriminator 2 view .LVU168
 157:.//Libraries/CMSIS/DSP/Source/TransformFunctions/arm_bitreversal.c **** 
 405              		.loc 1 157 34 is_stmt 0 discriminator 2 view .LVU169
 406 0084 40F83C10 		str	r1, [r0, ip, lsl #3]
 160:.//Libraries/CMSIS/DSP/Source/TransformFunctions/arm_bitreversal.c ****       pSrc[(2U * (i + 1U)) + 1U] = pSrc[(2U * (j + fftLenBy2)) + 1U];
 407              		.loc 1 160 7 is_stmt 1 discriminator 2 view .LVU170
 133:.//Libraries/CMSIS/DSP/Source/TransformFunctions/arm_bitreversal.c ****          pSrc[2U * j] = in;
 408              		.loc 1 133 29 is_stmt 0 discriminator 2 view .LVU171
 409 0088 4FEAC50E 		lsl	lr, r5, #3
 410              		.loc 1 168 18 discriminator 2 view .LVU172
 411 008c 0193     		str	r3, [sp, #4]
 412              	.LVL31:
 129:.//Libraries/CMSIS/DSP/Source/TransformFunctions/arm_bitreversal.c ****       {
 413              		.loc 1 129 7 is_stmt 1 discriminator 2 view .LVU173
 143:.//Libraries/CMSIS/DSP/Source/TransformFunctions/arm_bitreversal.c ****          pSrc[2U * (j + fftLenBy2p1)] = in;
 414              		.loc 1 143 45 is_stmt 0 discriminator 2 view .LVU174
 415 008e 4FEAC806 		lsl	r6, r8, #3
 161:.//Libraries/CMSIS/DSP/Source/TransformFunctions/arm_bitreversal.c ****       pSrc[(2U * (j + fftLenBy2)) + 1U] = in;
 416              		.loc 1 161 34 discriminator 2 view .LVU175
 417 0092 8358     		ldr	r3, [r0, r2]
 418              	.LVL32:
 138:.//Libraries/CMSIS/DSP/Source/TransformFunctions/arm_bitreversal.c ****          pSrc[(2U * j) + 1U] = in;
 419              		.loc 1 138 36 discriminator 2 view .LVU176
 420 0094 0EF1040E 		add	lr, lr, #4
 160:.//Libraries/CMSIS/DSP/Source/TransformFunctions/arm_bitreversal.c ****       pSrc[(2U * (i + 1U)) + 1U] = pSrc[(2U * (j + fftLenBy2)) + 1U];
 421              		.loc 1 160 10 discriminator 2 view .LVU177
 422 0098 E168     		ldr	r1, [r4, #12]
 423              	.LVL33:
 161:.//Libraries/CMSIS/DSP/Source/TransformFunctions/arm_bitreversal.c ****       pSrc[(2U * (j + fftLenBy2)) + 1U] = in;
ARM GAS  /var/folders/wl/rshn8xbx1dsfj1zgryf4g1240000gn/T//cch2Wkgt.s 			page 14


 424              		.loc 1 161 7 is_stmt 1 discriminator 2 view .LVU178
 149:.//Libraries/CMSIS/DSP/Source/TransformFunctions/arm_bitreversal.c ****          pSrc[(2U * (j + fftLenBy2p1)) + 1U] = in;
 425              		.loc 1 149 14 is_stmt 0 discriminator 2 view .LVU179
 426 009a 0436     		adds	r6, r6, #4
 161:.//Libraries/CMSIS/DSP/Source/TransformFunctions/arm_bitreversal.c ****       pSrc[(2U * (j + fftLenBy2)) + 1U] = in;
 427              		.loc 1 161 34 discriminator 2 view .LVU180
 428 009c E360     		str	r3, [r4, #12]
 162:.//Libraries/CMSIS/DSP/Source/TransformFunctions/arm_bitreversal.c **** 
 429              		.loc 1 162 7 is_stmt 1 discriminator 2 view .LVU181
 127:.//Libraries/CMSIS/DSP/Source/TransformFunctions/arm_bitreversal.c ****    {
 430              		.loc 1 127 4 is_stmt 0 discriminator 2 view .LVU182
 431 009e 039B     		ldr	r3, [sp, #12]
 162:.//Libraries/CMSIS/DSP/Source/TransformFunctions/arm_bitreversal.c **** 
 432              		.loc 1 162 41 discriminator 2 view .LVU183
 433 00a0 8150     		str	r1, [r0, r2]
 165:.//Libraries/CMSIS/DSP/Source/TransformFunctions/arm_bitreversal.c **** 
 434              		.loc 1 165 7 is_stmt 1 discriminator 2 view .LVU184
 435              		.loc 1 168 7 discriminator 2 view .LVU185
 127:.//Libraries/CMSIS/DSP/Source/TransformFunctions/arm_bitreversal.c ****    {
 436              		.loc 1 127 40 discriminator 2 view .LVU186
 127:.//Libraries/CMSIS/DSP/Source/TransformFunctions/arm_bitreversal.c ****    {
 437              		.loc 1 127 17 discriminator 2 view .LVU187
 127:.//Libraries/CMSIS/DSP/Source/TransformFunctions/arm_bitreversal.c ****    {
 438              		.loc 1 127 4 is_stmt 0 discriminator 2 view .LVU188
 439 00a2 9F42     		cmp	r7, r3
 440 00a4 BED9     		bls	.L11
 169:.//Libraries/CMSIS/DSP/Source/TransformFunctions/arm_bitreversal.c ****    }
 170:.//Libraries/CMSIS/DSP/Source/TransformFunctions/arm_bitreversal.c **** }
 441              		.loc 1 170 1 view .LVU189
 442 00a6 05B0     		add	sp, sp, #20
 443              	.LCFI5:
 444              		.cfi_def_cfa_offset 36
 445              		@ sp needed
 446 00a8 BDE8F08F 		pop	{r4, r5, r6, r7, r8, r9, r10, fp, pc}
 447              		.loc 1 170 1 view .LVU190
 448              		.cfi_endproc
 449              	.LFE146:
 451              		.section	.text.arm_bitreversal_q15,"ax",%progbits
 452              		.align	1
 453              		.p2align 2,,3
 454              		.global	arm_bitreversal_q15
 455              		.syntax unified
 456              		.thumb
 457              		.thumb_func
 458              		.fpu fpv5-d16
 460              	arm_bitreversal_q15:
 461              	.LVL34:
 462              	.LFB147:
 171:.//Libraries/CMSIS/DSP/Source/TransformFunctions/arm_bitreversal.c **** 
 172:.//Libraries/CMSIS/DSP/Source/TransformFunctions/arm_bitreversal.c **** 
 173:.//Libraries/CMSIS/DSP/Source/TransformFunctions/arm_bitreversal.c **** 
 174:.//Libraries/CMSIS/DSP/Source/TransformFunctions/arm_bitreversal.c **** /**
 175:.//Libraries/CMSIS/DSP/Source/TransformFunctions/arm_bitreversal.c ****   @brief         In-place Q15 bit reversal function.
 176:.//Libraries/CMSIS/DSP/Source/TransformFunctions/arm_bitreversal.c ****   @param[in,out] pSrc16       points to in-place Q15 data buffer
 177:.//Libraries/CMSIS/DSP/Source/TransformFunctions/arm_bitreversal.c ****   @param[in]     fftLen       length of FFT
 178:.//Libraries/CMSIS/DSP/Source/TransformFunctions/arm_bitreversal.c ****   @param[in]     bitRevFactor bit reversal modifier that supports different size FFTs with the same
 179:.//Libraries/CMSIS/DSP/Source/TransformFunctions/arm_bitreversal.c ****   @param[in]     pBitRevTab   points to bit reversal table
ARM GAS  /var/folders/wl/rshn8xbx1dsfj1zgryf4g1240000gn/T//cch2Wkgt.s 			page 15


 180:.//Libraries/CMSIS/DSP/Source/TransformFunctions/arm_bitreversal.c ****   @return        none
 181:.//Libraries/CMSIS/DSP/Source/TransformFunctions/arm_bitreversal.c **** */
 182:.//Libraries/CMSIS/DSP/Source/TransformFunctions/arm_bitreversal.c **** 
 183:.//Libraries/CMSIS/DSP/Source/TransformFunctions/arm_bitreversal.c **** void arm_bitreversal_q15(
 184:.//Libraries/CMSIS/DSP/Source/TransformFunctions/arm_bitreversal.c ****         q15_t * pSrc16,
 185:.//Libraries/CMSIS/DSP/Source/TransformFunctions/arm_bitreversal.c ****         uint32_t fftLen,
 186:.//Libraries/CMSIS/DSP/Source/TransformFunctions/arm_bitreversal.c ****         uint16_t bitRevFactor,
 187:.//Libraries/CMSIS/DSP/Source/TransformFunctions/arm_bitreversal.c ****   const uint16_t * pBitRevTab)
 188:.//Libraries/CMSIS/DSP/Source/TransformFunctions/arm_bitreversal.c **** {
 463              		.loc 1 188 1 is_stmt 1 view -0
 464              		.cfi_startproc
 465              		@ args = 0, pretend = 0, frame = 0
 466              		@ frame_needed = 0, uses_anonymous_args = 0
 189:.//Libraries/CMSIS/DSP/Source/TransformFunctions/arm_bitreversal.c ****    q31_t *pSrc = (q31_t *) pSrc16;
 467              		.loc 1 189 4 view .LVU192
 190:.//Libraries/CMSIS/DSP/Source/TransformFunctions/arm_bitreversal.c ****    q31_t in;
 191:.//Libraries/CMSIS/DSP/Source/TransformFunctions/arm_bitreversal.c ****    uint32_t fftLenBy2, fftLenBy2p1;
 192:.//Libraries/CMSIS/DSP/Source/TransformFunctions/arm_bitreversal.c ****    uint32_t i, j;
 193:.//Libraries/CMSIS/DSP/Source/TransformFunctions/arm_bitreversal.c **** 
 194:.//Libraries/CMSIS/DSP/Source/TransformFunctions/arm_bitreversal.c ****    /*  Initializations */
 195:.//Libraries/CMSIS/DSP/Source/TransformFunctions/arm_bitreversal.c ****    j = 0U;
 196:.//Libraries/CMSIS/DSP/Source/TransformFunctions/arm_bitreversal.c ****    fftLenBy2 = fftLen / 2U;
 468              		.loc 1 196 14 is_stmt 0 view .LVU193
 469 0000 4908     		lsrs	r1, r1, #1
 470              	.LVL35:
 190:.//Libraries/CMSIS/DSP/Source/TransformFunctions/arm_bitreversal.c ****    q31_t in;
 471              		.loc 1 190 4 is_stmt 1 view .LVU194
 191:.//Libraries/CMSIS/DSP/Source/TransformFunctions/arm_bitreversal.c ****    uint32_t i, j;
 472              		.loc 1 191 4 view .LVU195
 192:.//Libraries/CMSIS/DSP/Source/TransformFunctions/arm_bitreversal.c **** 
 473              		.loc 1 192 4 view .LVU196
 195:.//Libraries/CMSIS/DSP/Source/TransformFunctions/arm_bitreversal.c ****    fftLenBy2 = fftLen / 2U;
 474              		.loc 1 195 4 view .LVU197
 475              		.loc 1 196 4 view .LVU198
 197:.//Libraries/CMSIS/DSP/Source/TransformFunctions/arm_bitreversal.c ****    fftLenBy2p1 = (fftLen / 2U) + 1U;
 476              		.loc 1 197 4 view .LVU199
 188:.//Libraries/CMSIS/DSP/Source/TransformFunctions/arm_bitreversal.c ****    q31_t *pSrc = (q31_t *) pSrc16;
 477              		.loc 1 188 1 is_stmt 0 view .LVU200
 478 0002 2DE9F04F 		push	{r4, r5, r6, r7, r8, r9, r10, fp, lr}
 479              	.LCFI6:
 480              		.cfi_def_cfa_offset 36
 481              		.cfi_offset 4, -36
 482              		.cfi_offset 5, -32
 483              		.cfi_offset 6, -28
 484              		.cfi_offset 7, -24
 485              		.cfi_offset 8, -20
 486              		.cfi_offset 9, -16
 487              		.cfi_offset 10, -12
 488              		.cfi_offset 11, -8
 489              		.cfi_offset 14, -4
 195:.//Libraries/CMSIS/DSP/Source/TransformFunctions/arm_bitreversal.c ****    fftLenBy2 = fftLen / 2U;
 490              		.loc 1 195 6 view .LVU201
 491 0006 0025     		movs	r5, #0
 492              		.loc 1 197 16 view .LVU202
 493 0008 01F1010E 		add	lr, r1, #1
 494              	.LVL36:
 198:.//Libraries/CMSIS/DSP/Source/TransformFunctions/arm_bitreversal.c **** 
ARM GAS  /var/folders/wl/rshn8xbx1dsfj1zgryf4g1240000gn/T//cch2Wkgt.s 			page 16


 199:.//Libraries/CMSIS/DSP/Source/TransformFunctions/arm_bitreversal.c ****    /* Bit Reversal Implementation */
 200:.//Libraries/CMSIS/DSP/Source/TransformFunctions/arm_bitreversal.c ****    for (i = 0U; i <= (fftLenBy2 - 2U); i += 2U)
 495              		.loc 1 200 4 is_stmt 1 view .LVU203
 496              		.loc 1 200 17 view .LVU204
 201:.//Libraries/CMSIS/DSP/Source/TransformFunctions/arm_bitreversal.c ****    {
 202:.//Libraries/CMSIS/DSP/Source/TransformFunctions/arm_bitreversal.c ****       if (i < j)
 203:.//Libraries/CMSIS/DSP/Source/TransformFunctions/arm_bitreversal.c ****       {
 204:.//Libraries/CMSIS/DSP/Source/TransformFunctions/arm_bitreversal.c ****          /*  pSrc[i] <-> pSrc[j]; */
 205:.//Libraries/CMSIS/DSP/Source/TransformFunctions/arm_bitreversal.c ****          /*  pSrc[i+1U] <-> pSrc[j+1U] */
 206:.//Libraries/CMSIS/DSP/Source/TransformFunctions/arm_bitreversal.c ****          in = pSrc[i];
 207:.//Libraries/CMSIS/DSP/Source/TransformFunctions/arm_bitreversal.c ****          pSrc[i] = pSrc[j];
 208:.//Libraries/CMSIS/DSP/Source/TransformFunctions/arm_bitreversal.c ****          pSrc[j] = in;
 209:.//Libraries/CMSIS/DSP/Source/TransformFunctions/arm_bitreversal.c **** 
 210:.//Libraries/CMSIS/DSP/Source/TransformFunctions/arm_bitreversal.c ****          /*  pSrc[i + fftLenBy2p1] <-> pSrc[j + fftLenBy2p1];  */
 211:.//Libraries/CMSIS/DSP/Source/TransformFunctions/arm_bitreversal.c ****          /*  pSrc[i + fftLenBy2p1+1U] <-> pSrc[j + fftLenBy2p1+1U] */
 212:.//Libraries/CMSIS/DSP/Source/TransformFunctions/arm_bitreversal.c ****          in = pSrc[i + fftLenBy2p1];
 213:.//Libraries/CMSIS/DSP/Source/TransformFunctions/arm_bitreversal.c ****          pSrc[i + fftLenBy2p1] = pSrc[j + fftLenBy2p1];
 214:.//Libraries/CMSIS/DSP/Source/TransformFunctions/arm_bitreversal.c ****          pSrc[j + fftLenBy2p1] = in;
 215:.//Libraries/CMSIS/DSP/Source/TransformFunctions/arm_bitreversal.c ****       }
 216:.//Libraries/CMSIS/DSP/Source/TransformFunctions/arm_bitreversal.c **** 
 217:.//Libraries/CMSIS/DSP/Source/TransformFunctions/arm_bitreversal.c ****       /*  pSrc[i+1U] <-> pSrc[j+fftLenBy2];         */
 218:.//Libraries/CMSIS/DSP/Source/TransformFunctions/arm_bitreversal.c ****       /*  pSrc[i+2] <-> pSrc[j+fftLenBy2+1U]  */
 219:.//Libraries/CMSIS/DSP/Source/TransformFunctions/arm_bitreversal.c ****       in = pSrc[i + 1U];
 220:.//Libraries/CMSIS/DSP/Source/TransformFunctions/arm_bitreversal.c ****       pSrc[i + 1U] = pSrc[j + fftLenBy2];
 221:.//Libraries/CMSIS/DSP/Source/TransformFunctions/arm_bitreversal.c ****       pSrc[j + fftLenBy2] = in;
 222:.//Libraries/CMSIS/DSP/Source/TransformFunctions/arm_bitreversal.c **** 
 223:.//Libraries/CMSIS/DSP/Source/TransformFunctions/arm_bitreversal.c ****       /*  Reading the index for the bit reversal */
 224:.//Libraries/CMSIS/DSP/Source/TransformFunctions/arm_bitreversal.c ****       j = *pBitRevTab;
 225:.//Libraries/CMSIS/DSP/Source/TransformFunctions/arm_bitreversal.c **** 
 226:.//Libraries/CMSIS/DSP/Source/TransformFunctions/arm_bitreversal.c ****       /*  Updating the bit reversal index depending on the fft length  */
 227:.//Libraries/CMSIS/DSP/Source/TransformFunctions/arm_bitreversal.c ****       pBitRevTab += bitRevFactor;
 497              		.loc 1 227 18 is_stmt 0 view .LVU205
 498 000c 4FEA420B 		lsl	fp, r2, #1
 200:.//Libraries/CMSIS/DSP/Source/TransformFunctions/arm_bitreversal.c ****    {
 499              		.loc 1 200 33 view .LVU206
 500 0010 A1F10209 		sub	r9, r1, #2
 202:.//Libraries/CMSIS/DSP/Source/TransformFunctions/arm_bitreversal.c ****       {
 501              		.loc 1 202 7 is_stmt 1 view .LVU207
 502 0014 061D     		adds	r6, r0, #4
 503 0016 00EB8E08 		add	r8, r0, lr, lsl #2
 200:.//Libraries/CMSIS/DSP/Source/TransformFunctions/arm_bitreversal.c ****    {
 504              		.loc 1 200 11 is_stmt 0 view .LVU208
 505 001a 2C46     		mov	r4, r5
 506              	.LVL37:
 507              	.L14:
 206:.//Libraries/CMSIS/DSP/Source/TransformFunctions/arm_bitreversal.c ****          pSrc[i] = pSrc[j];
 508              		.loc 1 206 10 is_stmt 1 discriminator 2 view .LVU209
 219:.//Libraries/CMSIS/DSP/Source/TransformFunctions/arm_bitreversal.c ****       pSrc[i + 1U] = pSrc[j + fftLenBy2];
 509              		.loc 1 219 7 discriminator 2 view .LVU210
 220:.//Libraries/CMSIS/DSP/Source/TransformFunctions/arm_bitreversal.c ****       pSrc[j + fftLenBy2] = in;
 510              		.loc 1 220 29 is_stmt 0 discriminator 2 view .LVU211
 511 001c 01EB050A 		add	r10, r1, r5
 219:.//Libraries/CMSIS/DSP/Source/TransformFunctions/arm_bitreversal.c ****       pSrc[i + 1U] = pSrc[j + fftLenBy2];
 512              		.loc 1 219 10 discriminator 2 view .LVU212
 513 0020 56F82470 		ldr	r7, [r6, r4, lsl #2]
 514              	.LVL38:
 220:.//Libraries/CMSIS/DSP/Source/TransformFunctions/arm_bitreversal.c ****       pSrc[j + fftLenBy2] = in;
ARM GAS  /var/folders/wl/rshn8xbx1dsfj1zgryf4g1240000gn/T//cch2Wkgt.s 			page 17


 515              		.loc 1 220 7 is_stmt 1 discriminator 2 view .LVU213
 224:.//Libraries/CMSIS/DSP/Source/TransformFunctions/arm_bitreversal.c **** 
 516              		.loc 1 224 9 is_stmt 0 discriminator 2 view .LVU214
 517 0024 1D88     		ldrh	r5, [r3]
 518              	.LVL39:
 519              		.loc 1 227 18 discriminator 2 view .LVU215
 520 0026 5B44     		add	r3, r3, fp
 521              	.LVL40:
 220:.//Libraries/CMSIS/DSP/Source/TransformFunctions/arm_bitreversal.c ****       pSrc[j + fftLenBy2] = in;
 522              		.loc 1 220 20 discriminator 2 view .LVU216
 523 0028 50F82A20 		ldr	r2, [r0, r10, lsl #2]
 213:.//Libraries/CMSIS/DSP/Source/TransformFunctions/arm_bitreversal.c ****          pSrc[j + fftLenBy2p1] = in;
 524              		.loc 1 213 41 discriminator 2 view .LVU217
 525 002c 0EEB050C 		add	ip, lr, r5
 220:.//Libraries/CMSIS/DSP/Source/TransformFunctions/arm_bitreversal.c ****       pSrc[j + fftLenBy2] = in;
 526              		.loc 1 220 20 discriminator 2 view .LVU218
 527 0030 46F82420 		str	r2, [r6, r4, lsl #2]
 221:.//Libraries/CMSIS/DSP/Source/TransformFunctions/arm_bitreversal.c **** 
 528              		.loc 1 221 7 is_stmt 1 discriminator 2 view .LVU219
 200:.//Libraries/CMSIS/DSP/Source/TransformFunctions/arm_bitreversal.c ****    {
 529              		.loc 1 200 42 is_stmt 0 discriminator 2 view .LVU220
 530 0034 0234     		adds	r4, r4, #2
 531              	.LVL41:
 202:.//Libraries/CMSIS/DSP/Source/TransformFunctions/arm_bitreversal.c ****       {
 532              		.loc 1 202 7 is_stmt 1 discriminator 2 view .LVU221
 221:.//Libraries/CMSIS/DSP/Source/TransformFunctions/arm_bitreversal.c **** 
 533              		.loc 1 221 27 is_stmt 0 discriminator 2 view .LVU222
 534 0036 40F82A70 		str	r7, [r0, r10, lsl #2]
 224:.//Libraries/CMSIS/DSP/Source/TransformFunctions/arm_bitreversal.c **** 
 535              		.loc 1 224 7 is_stmt 1 discriminator 2 view .LVU223
 536              		.loc 1 227 7 discriminator 2 view .LVU224
 200:.//Libraries/CMSIS/DSP/Source/TransformFunctions/arm_bitreversal.c ****    {
 537              		.loc 1 200 40 discriminator 2 view .LVU225
 200:.//Libraries/CMSIS/DSP/Source/TransformFunctions/arm_bitreversal.c ****    {
 538              		.loc 1 200 17 discriminator 2 view .LVU226
 200:.//Libraries/CMSIS/DSP/Source/TransformFunctions/arm_bitreversal.c ****    {
 539              		.loc 1 200 4 is_stmt 0 discriminator 2 view .LVU227
 540 003a 4C45     		cmp	r4, r9
 541 003c 12D8     		bhi	.L18
 202:.//Libraries/CMSIS/DSP/Source/TransformFunctions/arm_bitreversal.c ****       {
 542              		.loc 1 202 10 view .LVU228
 543 003e A542     		cmp	r5, r4
 544 0040 ECD9     		bls	.L14
 206:.//Libraries/CMSIS/DSP/Source/TransformFunctions/arm_bitreversal.c ****          pSrc[i] = pSrc[j];
 545              		.loc 1 206 13 view .LVU229
 546 0042 50F82470 		ldr	r7, [r0, r4, lsl #2]
 547              	.LVL42:
 207:.//Libraries/CMSIS/DSP/Source/TransformFunctions/arm_bitreversal.c ****          pSrc[j] = in;
 548              		.loc 1 207 10 is_stmt 1 view .LVU230
 207:.//Libraries/CMSIS/DSP/Source/TransformFunctions/arm_bitreversal.c ****          pSrc[j] = in;
 549              		.loc 1 207 18 is_stmt 0 view .LVU231
 550 0046 50F82520 		ldr	r2, [r0, r5, lsl #2]
 551 004a 40F82420 		str	r2, [r0, r4, lsl #2]
 208:.//Libraries/CMSIS/DSP/Source/TransformFunctions/arm_bitreversal.c **** 
 552              		.loc 1 208 10 is_stmt 1 view .LVU232
 208:.//Libraries/CMSIS/DSP/Source/TransformFunctions/arm_bitreversal.c **** 
 553              		.loc 1 208 18 is_stmt 0 view .LVU233
ARM GAS  /var/folders/wl/rshn8xbx1dsfj1zgryf4g1240000gn/T//cch2Wkgt.s 			page 18


 554 004e 40F82570 		str	r7, [r0, r5, lsl #2]
 212:.//Libraries/CMSIS/DSP/Source/TransformFunctions/arm_bitreversal.c ****          pSrc[i + fftLenBy2p1] = pSrc[j + fftLenBy2p1];
 555              		.loc 1 212 10 is_stmt 1 view .LVU234
 212:.//Libraries/CMSIS/DSP/Source/TransformFunctions/arm_bitreversal.c ****          pSrc[i + fftLenBy2p1] = pSrc[j + fftLenBy2p1];
 556              		.loc 1 212 13 is_stmt 0 view .LVU235
 557 0052 58F82470 		ldr	r7, [r8, r4, lsl #2]
 558              	.LVL43:
 213:.//Libraries/CMSIS/DSP/Source/TransformFunctions/arm_bitreversal.c ****          pSrc[j + fftLenBy2p1] = in;
 559              		.loc 1 213 10 is_stmt 1 view .LVU236
 213:.//Libraries/CMSIS/DSP/Source/TransformFunctions/arm_bitreversal.c ****          pSrc[j + fftLenBy2p1] = in;
 560              		.loc 1 213 32 is_stmt 0 view .LVU237
 561 0056 50F82C20 		ldr	r2, [r0, ip, lsl #2]
 562 005a 48F82420 		str	r2, [r8, r4, lsl #2]
 214:.//Libraries/CMSIS/DSP/Source/TransformFunctions/arm_bitreversal.c ****       }
 563              		.loc 1 214 10 is_stmt 1 view .LVU238
 214:.//Libraries/CMSIS/DSP/Source/TransformFunctions/arm_bitreversal.c ****       }
 564              		.loc 1 214 32 is_stmt 0 view .LVU239
 565 005e 40F82C70 		str	r7, [r0, ip, lsl #2]
 566 0062 DBE7     		b	.L14
 567              	.L18:
 228:.//Libraries/CMSIS/DSP/Source/TransformFunctions/arm_bitreversal.c ****    }
 229:.//Libraries/CMSIS/DSP/Source/TransformFunctions/arm_bitreversal.c **** }
 568              		.loc 1 229 1 view .LVU240
 569 0064 BDE8F08F 		pop	{r4, r5, r6, r7, r8, r9, r10, fp, pc}
 570              		.loc 1 229 1 view .LVU241
 571              		.cfi_endproc
 572              	.LFE147:
 574              		.text
 575              	.Letext0:
 576              		.file 2 "/opt/homebrew/Cellar/arm-none-eabi-gcc/9-2019-q4-major/gcc/arm-none-eabi/include/machine/
 577              		.file 3 "/opt/homebrew/Cellar/arm-none-eabi-gcc/9-2019-q4-major/gcc/arm-none-eabi/include/sys/_std
 578              		.file 4 "/opt/homebrew/Cellar/arm-none-eabi-gcc/9-2019-q4-major/gcc/arm-none-eabi/include/sys/lock
 579              		.file 5 "/opt/homebrew/Cellar/arm-none-eabi-gcc/9-2019-q4-major/gcc/arm-none-eabi/include/sys/_typ
 580              		.file 6 "/opt/homebrew/Cellar/arm-none-eabi-gcc/9-2019-q4-major/gcc/lib/gcc/arm-none-eabi/9.2.1/in
 581              		.file 7 "/opt/homebrew/Cellar/arm-none-eabi-gcc/9-2019-q4-major/gcc/arm-none-eabi/include/sys/reen
 582              		.file 8 "/opt/homebrew/Cellar/arm-none-eabi-gcc/9-2019-q4-major/gcc/arm-none-eabi/include/math.h"
 583              		.file 9 ".//Libraries/CMSIS/DSP/Include/arm_math.h"
 584              		.file 10 ".//Libraries/CMSIS/DSP/Include/arm_common_tables.h"
ARM GAS  /var/folders/wl/rshn8xbx1dsfj1zgryf4g1240000gn/T//cch2Wkgt.s 			page 19


DEFINED SYMBOLS
                            *ABS*:0000000000000000 arm_bitreversal.c
/var/folders/wl/rshn8xbx1dsfj1zgryf4g1240000gn/T//cch2Wkgt.s:17     .text.arm_bitreversal_f32:0000000000000000 $t
/var/folders/wl/rshn8xbx1dsfj1zgryf4g1240000gn/T//cch2Wkgt.s:26     .text.arm_bitreversal_f32:0000000000000000 arm_bitreversal_f32
/var/folders/wl/rshn8xbx1dsfj1zgryf4g1240000gn/T//cch2Wkgt.s:250    .text.arm_bitreversal_q31:0000000000000000 $t
/var/folders/wl/rshn8xbx1dsfj1zgryf4g1240000gn/T//cch2Wkgt.s:258    .text.arm_bitreversal_q31:0000000000000000 arm_bitreversal_q31
/var/folders/wl/rshn8xbx1dsfj1zgryf4g1240000gn/T//cch2Wkgt.s:452    .text.arm_bitreversal_q15:0000000000000000 $t
/var/folders/wl/rshn8xbx1dsfj1zgryf4g1240000gn/T//cch2Wkgt.s:460    .text.arm_bitreversal_q15:0000000000000000 arm_bitreversal_q15

NO UNDEFINED SYMBOLS
