ARM GAS  /tmp/ccvTsZXT.s 			page 1


   1              		.cpu cortex-m7
   2              		.eabi_attribute 28, 1
   3              		.eabi_attribute 20, 1
   4              		.eabi_attribute 21, 1
   5              		.eabi_attribute 23, 3
   6              		.eabi_attribute 24, 1
   7              		.eabi_attribute 25, 1
   8              		.eabi_attribute 26, 1
   9              		.eabi_attribute 30, 2
  10              		.eabi_attribute 34, 1
  11              		.eabi_attribute 18, 4
  12              		.file	"arm_mat_init_q15.c"
  13              		.text
  14              	.Ltext0:
  15              		.cfi_sections	.debug_frame
  16              		.section	.text.arm_mat_init_q15,"ax",%progbits
  17              		.align	1
  18              		.p2align 2,,3
  19              		.global	arm_mat_init_q15
  20              		.arch armv7e-m
  21              		.syntax unified
  22              		.thumb
  23              		.thumb_func
  24              		.fpu fpv5-d16
  26              	arm_mat_init_q15:
  27              	.LVL0:
  28              	.LFB145:
  29              		.file 1 "./Libraries/CMSIS/DSP/Source/MatrixFunctions/arm_mat_init_q15.c"
   1:./Libraries/CMSIS/DSP/Source/MatrixFunctions/arm_mat_init_q15.c **** /* ----------------------------------------------------------------------
   2:./Libraries/CMSIS/DSP/Source/MatrixFunctions/arm_mat_init_q15.c ****  * Project:      CMSIS DSP Library
   3:./Libraries/CMSIS/DSP/Source/MatrixFunctions/arm_mat_init_q15.c ****  * Title:        arm_mat_init_q15.c
   4:./Libraries/CMSIS/DSP/Source/MatrixFunctions/arm_mat_init_q15.c ****  * Description:  Q15 matrix initialization
   5:./Libraries/CMSIS/DSP/Source/MatrixFunctions/arm_mat_init_q15.c ****  *
   6:./Libraries/CMSIS/DSP/Source/MatrixFunctions/arm_mat_init_q15.c ****  * $Date:        18. March 2019
   7:./Libraries/CMSIS/DSP/Source/MatrixFunctions/arm_mat_init_q15.c ****  * $Revision:    V1.6.0
   8:./Libraries/CMSIS/DSP/Source/MatrixFunctions/arm_mat_init_q15.c ****  *
   9:./Libraries/CMSIS/DSP/Source/MatrixFunctions/arm_mat_init_q15.c ****  * Target Processor: Cortex-M cores
  10:./Libraries/CMSIS/DSP/Source/MatrixFunctions/arm_mat_init_q15.c ****  * -------------------------------------------------------------------- */
  11:./Libraries/CMSIS/DSP/Source/MatrixFunctions/arm_mat_init_q15.c **** /*
  12:./Libraries/CMSIS/DSP/Source/MatrixFunctions/arm_mat_init_q15.c ****  * Copyright (C) 2010-2019 ARM Limited or its affiliates. All rights reserved.
  13:./Libraries/CMSIS/DSP/Source/MatrixFunctions/arm_mat_init_q15.c ****  *
  14:./Libraries/CMSIS/DSP/Source/MatrixFunctions/arm_mat_init_q15.c ****  * SPDX-License-Identifier: Apache-2.0
  15:./Libraries/CMSIS/DSP/Source/MatrixFunctions/arm_mat_init_q15.c ****  *
  16:./Libraries/CMSIS/DSP/Source/MatrixFunctions/arm_mat_init_q15.c ****  * Licensed under the Apache License, Version 2.0 (the License); you may
  17:./Libraries/CMSIS/DSP/Source/MatrixFunctions/arm_mat_init_q15.c ****  * not use this file except in compliance with the License.
  18:./Libraries/CMSIS/DSP/Source/MatrixFunctions/arm_mat_init_q15.c ****  * You may obtain a copy of the License at
  19:./Libraries/CMSIS/DSP/Source/MatrixFunctions/arm_mat_init_q15.c ****  *
  20:./Libraries/CMSIS/DSP/Source/MatrixFunctions/arm_mat_init_q15.c ****  * www.apache.org/licenses/LICENSE-2.0
  21:./Libraries/CMSIS/DSP/Source/MatrixFunctions/arm_mat_init_q15.c ****  *
  22:./Libraries/CMSIS/DSP/Source/MatrixFunctions/arm_mat_init_q15.c ****  * Unless required by applicable law or agreed to in writing, software
  23:./Libraries/CMSIS/DSP/Source/MatrixFunctions/arm_mat_init_q15.c ****  * distributed under the License is distributed on an AS IS BASIS, WITHOUT
  24:./Libraries/CMSIS/DSP/Source/MatrixFunctions/arm_mat_init_q15.c ****  * WARRANTIES OR CONDITIONS OF ANY KIND, either express or implied.
  25:./Libraries/CMSIS/DSP/Source/MatrixFunctions/arm_mat_init_q15.c ****  * See the License for the specific language governing permissions and
  26:./Libraries/CMSIS/DSP/Source/MatrixFunctions/arm_mat_init_q15.c ****  * limitations under the License.
  27:./Libraries/CMSIS/DSP/Source/MatrixFunctions/arm_mat_init_q15.c ****  */
  28:./Libraries/CMSIS/DSP/Source/MatrixFunctions/arm_mat_init_q15.c **** 
  29:./Libraries/CMSIS/DSP/Source/MatrixFunctions/arm_mat_init_q15.c **** #include "arm_math.h"
ARM GAS  /tmp/ccvTsZXT.s 			page 2


  30:./Libraries/CMSIS/DSP/Source/MatrixFunctions/arm_mat_init_q15.c **** 
  31:./Libraries/CMSIS/DSP/Source/MatrixFunctions/arm_mat_init_q15.c **** /**
  32:./Libraries/CMSIS/DSP/Source/MatrixFunctions/arm_mat_init_q15.c ****   @ingroup groupMatrix
  33:./Libraries/CMSIS/DSP/Source/MatrixFunctions/arm_mat_init_q15.c ****  */
  34:./Libraries/CMSIS/DSP/Source/MatrixFunctions/arm_mat_init_q15.c **** 
  35:./Libraries/CMSIS/DSP/Source/MatrixFunctions/arm_mat_init_q15.c **** /**
  36:./Libraries/CMSIS/DSP/Source/MatrixFunctions/arm_mat_init_q15.c ****   @addtogroup MatrixInit
  37:./Libraries/CMSIS/DSP/Source/MatrixFunctions/arm_mat_init_q15.c ****   @{
  38:./Libraries/CMSIS/DSP/Source/MatrixFunctions/arm_mat_init_q15.c ****  */
  39:./Libraries/CMSIS/DSP/Source/MatrixFunctions/arm_mat_init_q15.c **** 
  40:./Libraries/CMSIS/DSP/Source/MatrixFunctions/arm_mat_init_q15.c **** /**
  41:./Libraries/CMSIS/DSP/Source/MatrixFunctions/arm_mat_init_q15.c ****   @brief         Q15 matrix initialization.
  42:./Libraries/CMSIS/DSP/Source/MatrixFunctions/arm_mat_init_q15.c ****   @param[in,out] S         points to an instance of the floating-point matrix structure
  43:./Libraries/CMSIS/DSP/Source/MatrixFunctions/arm_mat_init_q15.c ****   @param[in]     nRows     number of rows in the matrix
  44:./Libraries/CMSIS/DSP/Source/MatrixFunctions/arm_mat_init_q15.c ****   @param[in]     nColumns  number of columns in the matrix
  45:./Libraries/CMSIS/DSP/Source/MatrixFunctions/arm_mat_init_q15.c ****   @param[in]     pData     points to the matrix data array
  46:./Libraries/CMSIS/DSP/Source/MatrixFunctions/arm_mat_init_q15.c ****   @return        none
  47:./Libraries/CMSIS/DSP/Source/MatrixFunctions/arm_mat_init_q15.c ****  */
  48:./Libraries/CMSIS/DSP/Source/MatrixFunctions/arm_mat_init_q15.c **** 
  49:./Libraries/CMSIS/DSP/Source/MatrixFunctions/arm_mat_init_q15.c **** void arm_mat_init_q15(
  50:./Libraries/CMSIS/DSP/Source/MatrixFunctions/arm_mat_init_q15.c ****   arm_matrix_instance_q15 * S,
  51:./Libraries/CMSIS/DSP/Source/MatrixFunctions/arm_mat_init_q15.c ****   uint16_t nRows,
  52:./Libraries/CMSIS/DSP/Source/MatrixFunctions/arm_mat_init_q15.c ****   uint16_t nColumns,
  53:./Libraries/CMSIS/DSP/Source/MatrixFunctions/arm_mat_init_q15.c ****   q15_t * pData)
  54:./Libraries/CMSIS/DSP/Source/MatrixFunctions/arm_mat_init_q15.c **** {
  30              		.loc 1 54 1 view -0
  31              		.cfi_startproc
  32              		@ args = 0, pretend = 0, frame = 0
  33              		@ frame_needed = 0, uses_anonymous_args = 0
  34              		@ link register save eliminated.
  55:./Libraries/CMSIS/DSP/Source/MatrixFunctions/arm_mat_init_q15.c ****   /* Assign Number of Rows */
  56:./Libraries/CMSIS/DSP/Source/MatrixFunctions/arm_mat_init_q15.c ****   S->numRows = nRows;
  35              		.loc 1 56 3 view .LVU1
  36              		.loc 1 56 14 is_stmt 0 view .LVU2
  37 0000 0180     		strh	r1, [r0]	@ movhi
  57:./Libraries/CMSIS/DSP/Source/MatrixFunctions/arm_mat_init_q15.c **** 
  58:./Libraries/CMSIS/DSP/Source/MatrixFunctions/arm_mat_init_q15.c ****   /* Assign Number of Columns */
  59:./Libraries/CMSIS/DSP/Source/MatrixFunctions/arm_mat_init_q15.c ****   S->numCols = nColumns;
  38              		.loc 1 59 3 is_stmt 1 view .LVU3
  39              		.loc 1 59 14 is_stmt 0 view .LVU4
  40 0002 4280     		strh	r2, [r0, #2]	@ movhi
  60:./Libraries/CMSIS/DSP/Source/MatrixFunctions/arm_mat_init_q15.c **** 
  61:./Libraries/CMSIS/DSP/Source/MatrixFunctions/arm_mat_init_q15.c ****   /* Assign Data pointer */
  62:./Libraries/CMSIS/DSP/Source/MatrixFunctions/arm_mat_init_q15.c ****   S->pData = pData;
  41              		.loc 1 62 3 is_stmt 1 view .LVU5
  42              		.loc 1 62 12 is_stmt 0 view .LVU6
  43 0004 4360     		str	r3, [r0, #4]
  63:./Libraries/CMSIS/DSP/Source/MatrixFunctions/arm_mat_init_q15.c **** }
  44              		.loc 1 63 1 view .LVU7
  45 0006 7047     		bx	lr
  46              		.cfi_endproc
  47              	.LFE145:
  49              		.text
  50              	.Letext0:
  51              		.file 2 "/usr/lib/gcc/arm-none-eabi/9.2.1/include/stdint.h"
  52              		.file 3 "/usr/lib/gcc/arm-none-eabi/9.2.1/include/stddef.h"
  53              		.file 4 "/usr/include/newlib/sys/_types.h"
ARM GAS  /tmp/ccvTsZXT.s 			page 3


  54              		.file 5 "/usr/include/newlib/sys/reent.h"
  55              		.file 6 "/usr/include/newlib/sys/lock.h"
  56              		.file 7 "/usr/include/newlib/math.h"
  57              		.file 8 "./Libraries/CMSIS/DSP/Include/arm_math.h"
ARM GAS  /tmp/ccvTsZXT.s 			page 4


DEFINED SYMBOLS
                            *ABS*:0000000000000000 arm_mat_init_q15.c
     /tmp/ccvTsZXT.s:17     .text.arm_mat_init_q15:0000000000000000 $t
     /tmp/ccvTsZXT.s:26     .text.arm_mat_init_q15:0000000000000000 arm_mat_init_q15

NO UNDEFINED SYMBOLS
