ARM GAS  /var/folders/wl/rshn8xbx1dsfj1zgryf4g1240000gn/T//ccCzZmug.s 			page 1


   1              		.cpu cortex-m7
   2              		.eabi_attribute 28, 1
   3              		.eabi_attribute 20, 1
   4              		.eabi_attribute 21, 1
   5              		.eabi_attribute 23, 3
   6              		.eabi_attribute 24, 1
   7              		.eabi_attribute 25, 1
   8              		.eabi_attribute 26, 1
   9              		.eabi_attribute 30, 2
  10              		.eabi_attribute 34, 1
  11              		.eabi_attribute 18, 4
  12              		.file	"arm_cmplx_mult_real_f32.c"
  13              		.text
  14              	.Ltext0:
  15              		.cfi_sections	.debug_frame
  16              		.section	.text.arm_cmplx_mult_real_f32,"ax",%progbits
  17              		.align	1
  18              		.p2align 2,,3
  19              		.global	arm_cmplx_mult_real_f32
  20              		.arch armv7e-m
  21              		.syntax unified
  22              		.thumb
  23              		.thumb_func
  24              		.fpu fpv5-d16
  26              	arm_cmplx_mult_real_f32:
  27              	.LVL0:
  28              	.LFB145:
  29              		.file 1 ".//Libraries/CMSIS/DSP/Source/ComplexMathFunctions/arm_cmplx_mult_real_f32.c"
   1:.//Libraries/CMSIS/DSP/Source/ComplexMathFunctions/arm_cmplx_mult_real_f32.c **** /* ----------------------------------------------------------------------
   2:.//Libraries/CMSIS/DSP/Source/ComplexMathFunctions/arm_cmplx_mult_real_f32.c ****  * Project:      CMSIS DSP Library
   3:.//Libraries/CMSIS/DSP/Source/ComplexMathFunctions/arm_cmplx_mult_real_f32.c ****  * Title:        arm_cmplx_mult_real_f32.c
   4:.//Libraries/CMSIS/DSP/Source/ComplexMathFunctions/arm_cmplx_mult_real_f32.c ****  * Description:  Floating-point complex by real multiplication
   5:.//Libraries/CMSIS/DSP/Source/ComplexMathFunctions/arm_cmplx_mult_real_f32.c ****  *
   6:.//Libraries/CMSIS/DSP/Source/ComplexMathFunctions/arm_cmplx_mult_real_f32.c ****  * $Date:        18. March 2019
   7:.//Libraries/CMSIS/DSP/Source/ComplexMathFunctions/arm_cmplx_mult_real_f32.c ****  * $Revision:    V1.6.0
   8:.//Libraries/CMSIS/DSP/Source/ComplexMathFunctions/arm_cmplx_mult_real_f32.c ****  *
   9:.//Libraries/CMSIS/DSP/Source/ComplexMathFunctions/arm_cmplx_mult_real_f32.c ****  * Target Processor: Cortex-M cores
  10:.//Libraries/CMSIS/DSP/Source/ComplexMathFunctions/arm_cmplx_mult_real_f32.c ****  * -------------------------------------------------------------------- */
  11:.//Libraries/CMSIS/DSP/Source/ComplexMathFunctions/arm_cmplx_mult_real_f32.c **** /*
  12:.//Libraries/CMSIS/DSP/Source/ComplexMathFunctions/arm_cmplx_mult_real_f32.c ****  * Copyright (C) 2010-2019 ARM Limited or its affiliates. All rights reserved.
  13:.//Libraries/CMSIS/DSP/Source/ComplexMathFunctions/arm_cmplx_mult_real_f32.c ****  *
  14:.//Libraries/CMSIS/DSP/Source/ComplexMathFunctions/arm_cmplx_mult_real_f32.c ****  * SPDX-License-Identifier: Apache-2.0
  15:.//Libraries/CMSIS/DSP/Source/ComplexMathFunctions/arm_cmplx_mult_real_f32.c ****  *
  16:.//Libraries/CMSIS/DSP/Source/ComplexMathFunctions/arm_cmplx_mult_real_f32.c ****  * Licensed under the Apache License, Version 2.0 (the License); you may
  17:.//Libraries/CMSIS/DSP/Source/ComplexMathFunctions/arm_cmplx_mult_real_f32.c ****  * not use this file except in compliance with the License.
  18:.//Libraries/CMSIS/DSP/Source/ComplexMathFunctions/arm_cmplx_mult_real_f32.c ****  * You may obtain a copy of the License at
  19:.//Libraries/CMSIS/DSP/Source/ComplexMathFunctions/arm_cmplx_mult_real_f32.c ****  *
  20:.//Libraries/CMSIS/DSP/Source/ComplexMathFunctions/arm_cmplx_mult_real_f32.c ****  * www.apache.org/licenses/LICENSE-2.0
  21:.//Libraries/CMSIS/DSP/Source/ComplexMathFunctions/arm_cmplx_mult_real_f32.c ****  *
  22:.//Libraries/CMSIS/DSP/Source/ComplexMathFunctions/arm_cmplx_mult_real_f32.c ****  * Unless required by applicable law or agreed to in writing, software
  23:.//Libraries/CMSIS/DSP/Source/ComplexMathFunctions/arm_cmplx_mult_real_f32.c ****  * distributed under the License is distributed on an AS IS BASIS, WITHOUT
  24:.//Libraries/CMSIS/DSP/Source/ComplexMathFunctions/arm_cmplx_mult_real_f32.c ****  * WARRANTIES OR CONDITIONS OF ANY KIND, either express or implied.
  25:.//Libraries/CMSIS/DSP/Source/ComplexMathFunctions/arm_cmplx_mult_real_f32.c ****  * See the License for the specific language governing permissions and
  26:.//Libraries/CMSIS/DSP/Source/ComplexMathFunctions/arm_cmplx_mult_real_f32.c ****  * limitations under the License.
  27:.//Libraries/CMSIS/DSP/Source/ComplexMathFunctions/arm_cmplx_mult_real_f32.c ****  */
  28:.//Libraries/CMSIS/DSP/Source/ComplexMathFunctions/arm_cmplx_mult_real_f32.c **** 
  29:.//Libraries/CMSIS/DSP/Source/ComplexMathFunctions/arm_cmplx_mult_real_f32.c **** #include "arm_math.h"
ARM GAS  /var/folders/wl/rshn8xbx1dsfj1zgryf4g1240000gn/T//ccCzZmug.s 			page 2


  30:.//Libraries/CMSIS/DSP/Source/ComplexMathFunctions/arm_cmplx_mult_real_f32.c **** 
  31:.//Libraries/CMSIS/DSP/Source/ComplexMathFunctions/arm_cmplx_mult_real_f32.c **** /**
  32:.//Libraries/CMSIS/DSP/Source/ComplexMathFunctions/arm_cmplx_mult_real_f32.c ****   @ingroup groupCmplxMath
  33:.//Libraries/CMSIS/DSP/Source/ComplexMathFunctions/arm_cmplx_mult_real_f32.c ****  */
  34:.//Libraries/CMSIS/DSP/Source/ComplexMathFunctions/arm_cmplx_mult_real_f32.c **** 
  35:.//Libraries/CMSIS/DSP/Source/ComplexMathFunctions/arm_cmplx_mult_real_f32.c **** /**
  36:.//Libraries/CMSIS/DSP/Source/ComplexMathFunctions/arm_cmplx_mult_real_f32.c ****   @defgroup CmplxByRealMult Complex-by-Real Multiplication
  37:.//Libraries/CMSIS/DSP/Source/ComplexMathFunctions/arm_cmplx_mult_real_f32.c **** 
  38:.//Libraries/CMSIS/DSP/Source/ComplexMathFunctions/arm_cmplx_mult_real_f32.c ****   Multiplies a complex vector by a real vector and generates a complex result.
  39:.//Libraries/CMSIS/DSP/Source/ComplexMathFunctions/arm_cmplx_mult_real_f32.c ****   The data in the complex arrays is stored in an interleaved fashion
  40:.//Libraries/CMSIS/DSP/Source/ComplexMathFunctions/arm_cmplx_mult_real_f32.c ****   (real, imag, real, imag, ...).
  41:.//Libraries/CMSIS/DSP/Source/ComplexMathFunctions/arm_cmplx_mult_real_f32.c ****   The parameter <code>numSamples</code> represents the number of complex
  42:.//Libraries/CMSIS/DSP/Source/ComplexMathFunctions/arm_cmplx_mult_real_f32.c ****   samples processed.  The complex arrays have a total of <code>2*numSamples</code>
  43:.//Libraries/CMSIS/DSP/Source/ComplexMathFunctions/arm_cmplx_mult_real_f32.c ****   real values while the real array has a total of <code>numSamples</code>
  44:.//Libraries/CMSIS/DSP/Source/ComplexMathFunctions/arm_cmplx_mult_real_f32.c ****   real values.
  45:.//Libraries/CMSIS/DSP/Source/ComplexMathFunctions/arm_cmplx_mult_real_f32.c **** 
  46:.//Libraries/CMSIS/DSP/Source/ComplexMathFunctions/arm_cmplx_mult_real_f32.c ****   The underlying algorithm is used:
  47:.//Libraries/CMSIS/DSP/Source/ComplexMathFunctions/arm_cmplx_mult_real_f32.c **** 
  48:.//Libraries/CMSIS/DSP/Source/ComplexMathFunctions/arm_cmplx_mult_real_f32.c ****   <pre>
  49:.//Libraries/CMSIS/DSP/Source/ComplexMathFunctions/arm_cmplx_mult_real_f32.c ****   for (n = 0; n < numSamples; n++) {
  50:.//Libraries/CMSIS/DSP/Source/ComplexMathFunctions/arm_cmplx_mult_real_f32.c ****       pCmplxDst[(2*n)+0] = pSrcCmplx[(2*n)+0] * pSrcReal[n];
  51:.//Libraries/CMSIS/DSP/Source/ComplexMathFunctions/arm_cmplx_mult_real_f32.c ****       pCmplxDst[(2*n)+1] = pSrcCmplx[(2*n)+1] * pSrcReal[n];
  52:.//Libraries/CMSIS/DSP/Source/ComplexMathFunctions/arm_cmplx_mult_real_f32.c ****   }
  53:.//Libraries/CMSIS/DSP/Source/ComplexMathFunctions/arm_cmplx_mult_real_f32.c ****   </pre>
  54:.//Libraries/CMSIS/DSP/Source/ComplexMathFunctions/arm_cmplx_mult_real_f32.c **** 
  55:.//Libraries/CMSIS/DSP/Source/ComplexMathFunctions/arm_cmplx_mult_real_f32.c ****   There are separate functions for floating-point, Q15, and Q31 data types.
  56:.//Libraries/CMSIS/DSP/Source/ComplexMathFunctions/arm_cmplx_mult_real_f32.c ****  */
  57:.//Libraries/CMSIS/DSP/Source/ComplexMathFunctions/arm_cmplx_mult_real_f32.c **** 
  58:.//Libraries/CMSIS/DSP/Source/ComplexMathFunctions/arm_cmplx_mult_real_f32.c **** /**
  59:.//Libraries/CMSIS/DSP/Source/ComplexMathFunctions/arm_cmplx_mult_real_f32.c ****   @addtogroup CmplxByRealMult
  60:.//Libraries/CMSIS/DSP/Source/ComplexMathFunctions/arm_cmplx_mult_real_f32.c ****   @{
  61:.//Libraries/CMSIS/DSP/Source/ComplexMathFunctions/arm_cmplx_mult_real_f32.c ****  */
  62:.//Libraries/CMSIS/DSP/Source/ComplexMathFunctions/arm_cmplx_mult_real_f32.c **** 
  63:.//Libraries/CMSIS/DSP/Source/ComplexMathFunctions/arm_cmplx_mult_real_f32.c **** /**
  64:.//Libraries/CMSIS/DSP/Source/ComplexMathFunctions/arm_cmplx_mult_real_f32.c ****   @brief         Floating-point complex-by-real multiplication.
  65:.//Libraries/CMSIS/DSP/Source/ComplexMathFunctions/arm_cmplx_mult_real_f32.c ****   @param[in]     pSrcCmplx   points to complex input vector
  66:.//Libraries/CMSIS/DSP/Source/ComplexMathFunctions/arm_cmplx_mult_real_f32.c ****   @param[in]     pSrcReal    points to real input vector
  67:.//Libraries/CMSIS/DSP/Source/ComplexMathFunctions/arm_cmplx_mult_real_f32.c ****   @param[out]    pCmplxDst   points to complex output vector
  68:.//Libraries/CMSIS/DSP/Source/ComplexMathFunctions/arm_cmplx_mult_real_f32.c ****   @param[in]     numSamples  number of samples in each vector
  69:.//Libraries/CMSIS/DSP/Source/ComplexMathFunctions/arm_cmplx_mult_real_f32.c ****   @return        none
  70:.//Libraries/CMSIS/DSP/Source/ComplexMathFunctions/arm_cmplx_mult_real_f32.c ****  */
  71:.//Libraries/CMSIS/DSP/Source/ComplexMathFunctions/arm_cmplx_mult_real_f32.c **** 
  72:.//Libraries/CMSIS/DSP/Source/ComplexMathFunctions/arm_cmplx_mult_real_f32.c **** void arm_cmplx_mult_real_f32(
  73:.//Libraries/CMSIS/DSP/Source/ComplexMathFunctions/arm_cmplx_mult_real_f32.c ****   const float32_t * pSrcCmplx,
  74:.//Libraries/CMSIS/DSP/Source/ComplexMathFunctions/arm_cmplx_mult_real_f32.c ****   const float32_t * pSrcReal,
  75:.//Libraries/CMSIS/DSP/Source/ComplexMathFunctions/arm_cmplx_mult_real_f32.c ****         float32_t * pCmplxDst,
  76:.//Libraries/CMSIS/DSP/Source/ComplexMathFunctions/arm_cmplx_mult_real_f32.c ****         uint32_t numSamples)
  77:.//Libraries/CMSIS/DSP/Source/ComplexMathFunctions/arm_cmplx_mult_real_f32.c **** {
  30              		.loc 1 77 1 view -0
  31              		.cfi_startproc
  32              		@ args = 0, pretend = 0, frame = 0
  33              		@ frame_needed = 0, uses_anonymous_args = 0
  34              		@ link register save eliminated.
  78:.//Libraries/CMSIS/DSP/Source/ComplexMathFunctions/arm_cmplx_mult_real_f32.c ****         uint32_t blkCnt;                               /* Loop counter */
  35              		.loc 1 78 9 view .LVU1
  79:.//Libraries/CMSIS/DSP/Source/ComplexMathFunctions/arm_cmplx_mult_real_f32.c ****         float32_t in;                                  /* Temporary variable */
  36              		.loc 1 79 9 view .LVU2
ARM GAS  /var/folders/wl/rshn8xbx1dsfj1zgryf4g1240000gn/T//ccCzZmug.s 			page 3


  80:.//Libraries/CMSIS/DSP/Source/ComplexMathFunctions/arm_cmplx_mult_real_f32.c **** 
  81:.//Libraries/CMSIS/DSP/Source/ComplexMathFunctions/arm_cmplx_mult_real_f32.c **** #if defined(ARM_MATH_NEON)
  82:.//Libraries/CMSIS/DSP/Source/ComplexMathFunctions/arm_cmplx_mult_real_f32.c ****     float32x4_t r;
  83:.//Libraries/CMSIS/DSP/Source/ComplexMathFunctions/arm_cmplx_mult_real_f32.c ****     float32x4x2_t ab,outCplx;
  84:.//Libraries/CMSIS/DSP/Source/ComplexMathFunctions/arm_cmplx_mult_real_f32.c **** 
  85:.//Libraries/CMSIS/DSP/Source/ComplexMathFunctions/arm_cmplx_mult_real_f32.c ****     /* Compute 4 outputs at a time */
  86:.//Libraries/CMSIS/DSP/Source/ComplexMathFunctions/arm_cmplx_mult_real_f32.c ****     blkCnt = numSamples >> 2U;
  87:.//Libraries/CMSIS/DSP/Source/ComplexMathFunctions/arm_cmplx_mult_real_f32.c **** 
  88:.//Libraries/CMSIS/DSP/Source/ComplexMathFunctions/arm_cmplx_mult_real_f32.c ****     while (blkCnt > 0U)
  89:.//Libraries/CMSIS/DSP/Source/ComplexMathFunctions/arm_cmplx_mult_real_f32.c ****     {
  90:.//Libraries/CMSIS/DSP/Source/ComplexMathFunctions/arm_cmplx_mult_real_f32.c ****         ab = vld2q_f32(pSrcCmplx);  // load & separate real/imag pSrcA (de-interleave 2)
  91:.//Libraries/CMSIS/DSP/Source/ComplexMathFunctions/arm_cmplx_mult_real_f32.c ****         r = vld1q_f32(pSrcReal);  // load & separate real/imag pSrcB
  92:.//Libraries/CMSIS/DSP/Source/ComplexMathFunctions/arm_cmplx_mult_real_f32.c **** 
  93:.//Libraries/CMSIS/DSP/Source/ComplexMathFunctions/arm_cmplx_mult_real_f32.c **** 	/* Increment pointers */
  94:.//Libraries/CMSIS/DSP/Source/ComplexMathFunctions/arm_cmplx_mult_real_f32.c ****         pSrcCmplx += 8;
  95:.//Libraries/CMSIS/DSP/Source/ComplexMathFunctions/arm_cmplx_mult_real_f32.c ****         pSrcReal += 4;
  96:.//Libraries/CMSIS/DSP/Source/ComplexMathFunctions/arm_cmplx_mult_real_f32.c **** 
  97:.//Libraries/CMSIS/DSP/Source/ComplexMathFunctions/arm_cmplx_mult_real_f32.c ****         outCplx.val[0] = vmulq_f32(ab.val[0], r);
  98:.//Libraries/CMSIS/DSP/Source/ComplexMathFunctions/arm_cmplx_mult_real_f32.c ****         outCplx.val[1] = vmulq_f32(ab.val[1], r);
  99:.//Libraries/CMSIS/DSP/Source/ComplexMathFunctions/arm_cmplx_mult_real_f32.c **** 
 100:.//Libraries/CMSIS/DSP/Source/ComplexMathFunctions/arm_cmplx_mult_real_f32.c ****         vst2q_f32(pCmplxDst, outCplx);
 101:.//Libraries/CMSIS/DSP/Source/ComplexMathFunctions/arm_cmplx_mult_real_f32.c ****         pCmplxDst += 8;
 102:.//Libraries/CMSIS/DSP/Source/ComplexMathFunctions/arm_cmplx_mult_real_f32.c **** 
 103:.//Libraries/CMSIS/DSP/Source/ComplexMathFunctions/arm_cmplx_mult_real_f32.c ****         blkCnt--;
 104:.//Libraries/CMSIS/DSP/Source/ComplexMathFunctions/arm_cmplx_mult_real_f32.c ****     }
 105:.//Libraries/CMSIS/DSP/Source/ComplexMathFunctions/arm_cmplx_mult_real_f32.c **** 
 106:.//Libraries/CMSIS/DSP/Source/ComplexMathFunctions/arm_cmplx_mult_real_f32.c ****     /* Tail */
 107:.//Libraries/CMSIS/DSP/Source/ComplexMathFunctions/arm_cmplx_mult_real_f32.c ****     blkCnt = numSamples & 3;
 108:.//Libraries/CMSIS/DSP/Source/ComplexMathFunctions/arm_cmplx_mult_real_f32.c **** #else
 109:.//Libraries/CMSIS/DSP/Source/ComplexMathFunctions/arm_cmplx_mult_real_f32.c **** #if defined (ARM_MATH_LOOPUNROLL)
 110:.//Libraries/CMSIS/DSP/Source/ComplexMathFunctions/arm_cmplx_mult_real_f32.c **** 
 111:.//Libraries/CMSIS/DSP/Source/ComplexMathFunctions/arm_cmplx_mult_real_f32.c ****   /* Loop unrolling: Compute 4 outputs at a time */
 112:.//Libraries/CMSIS/DSP/Source/ComplexMathFunctions/arm_cmplx_mult_real_f32.c ****   blkCnt = numSamples >> 2U;
 113:.//Libraries/CMSIS/DSP/Source/ComplexMathFunctions/arm_cmplx_mult_real_f32.c **** 
 114:.//Libraries/CMSIS/DSP/Source/ComplexMathFunctions/arm_cmplx_mult_real_f32.c ****   while (blkCnt > 0U)
 115:.//Libraries/CMSIS/DSP/Source/ComplexMathFunctions/arm_cmplx_mult_real_f32.c ****   {
 116:.//Libraries/CMSIS/DSP/Source/ComplexMathFunctions/arm_cmplx_mult_real_f32.c ****     /* C[2 * i    ] = A[2 * i    ] * B[i]. */
 117:.//Libraries/CMSIS/DSP/Source/ComplexMathFunctions/arm_cmplx_mult_real_f32.c ****     /* C[2 * i + 1] = A[2 * i + 1] * B[i]. */
 118:.//Libraries/CMSIS/DSP/Source/ComplexMathFunctions/arm_cmplx_mult_real_f32.c **** 
 119:.//Libraries/CMSIS/DSP/Source/ComplexMathFunctions/arm_cmplx_mult_real_f32.c ****     in = *pSrcReal++;
 120:.//Libraries/CMSIS/DSP/Source/ComplexMathFunctions/arm_cmplx_mult_real_f32.c ****     /* store result in destination buffer. */
 121:.//Libraries/CMSIS/DSP/Source/ComplexMathFunctions/arm_cmplx_mult_real_f32.c ****     *pCmplxDst++ = *pSrcCmplx++ * in;
 122:.//Libraries/CMSIS/DSP/Source/ComplexMathFunctions/arm_cmplx_mult_real_f32.c ****     *pCmplxDst++ = *pSrcCmplx++ * in;
 123:.//Libraries/CMSIS/DSP/Source/ComplexMathFunctions/arm_cmplx_mult_real_f32.c **** 
 124:.//Libraries/CMSIS/DSP/Source/ComplexMathFunctions/arm_cmplx_mult_real_f32.c ****     in = *pSrcReal++;
 125:.//Libraries/CMSIS/DSP/Source/ComplexMathFunctions/arm_cmplx_mult_real_f32.c ****     *pCmplxDst++ = *pSrcCmplx++ * in;
 126:.//Libraries/CMSIS/DSP/Source/ComplexMathFunctions/arm_cmplx_mult_real_f32.c ****     *pCmplxDst++ = *pSrcCmplx++ * in;
 127:.//Libraries/CMSIS/DSP/Source/ComplexMathFunctions/arm_cmplx_mult_real_f32.c **** 
 128:.//Libraries/CMSIS/DSP/Source/ComplexMathFunctions/arm_cmplx_mult_real_f32.c ****     in = *pSrcReal++;
 129:.//Libraries/CMSIS/DSP/Source/ComplexMathFunctions/arm_cmplx_mult_real_f32.c ****     *pCmplxDst++ = *pSrcCmplx++ * in;
 130:.//Libraries/CMSIS/DSP/Source/ComplexMathFunctions/arm_cmplx_mult_real_f32.c ****     *pCmplxDst++ = *pSrcCmplx++ * in;
 131:.//Libraries/CMSIS/DSP/Source/ComplexMathFunctions/arm_cmplx_mult_real_f32.c **** 
 132:.//Libraries/CMSIS/DSP/Source/ComplexMathFunctions/arm_cmplx_mult_real_f32.c ****     in = *pSrcReal++;
 133:.//Libraries/CMSIS/DSP/Source/ComplexMathFunctions/arm_cmplx_mult_real_f32.c ****     *pCmplxDst++ = *pSrcCmplx++* in;
 134:.//Libraries/CMSIS/DSP/Source/ComplexMathFunctions/arm_cmplx_mult_real_f32.c ****     *pCmplxDst++ = *pSrcCmplx++ * in;
 135:.//Libraries/CMSIS/DSP/Source/ComplexMathFunctions/arm_cmplx_mult_real_f32.c **** 
 136:.//Libraries/CMSIS/DSP/Source/ComplexMathFunctions/arm_cmplx_mult_real_f32.c ****     /* Decrement loop counter */
ARM GAS  /var/folders/wl/rshn8xbx1dsfj1zgryf4g1240000gn/T//ccCzZmug.s 			page 4


 137:.//Libraries/CMSIS/DSP/Source/ComplexMathFunctions/arm_cmplx_mult_real_f32.c ****     blkCnt--;
 138:.//Libraries/CMSIS/DSP/Source/ComplexMathFunctions/arm_cmplx_mult_real_f32.c ****   }
 139:.//Libraries/CMSIS/DSP/Source/ComplexMathFunctions/arm_cmplx_mult_real_f32.c **** 
 140:.//Libraries/CMSIS/DSP/Source/ComplexMathFunctions/arm_cmplx_mult_real_f32.c ****   /* Loop unrolling: Compute remaining outputs */
 141:.//Libraries/CMSIS/DSP/Source/ComplexMathFunctions/arm_cmplx_mult_real_f32.c ****   blkCnt = numSamples % 0x4U;
 142:.//Libraries/CMSIS/DSP/Source/ComplexMathFunctions/arm_cmplx_mult_real_f32.c **** 
 143:.//Libraries/CMSIS/DSP/Source/ComplexMathFunctions/arm_cmplx_mult_real_f32.c **** #else
 144:.//Libraries/CMSIS/DSP/Source/ComplexMathFunctions/arm_cmplx_mult_real_f32.c **** 
 145:.//Libraries/CMSIS/DSP/Source/ComplexMathFunctions/arm_cmplx_mult_real_f32.c ****   /* Initialize blkCnt with number of samples */
 146:.//Libraries/CMSIS/DSP/Source/ComplexMathFunctions/arm_cmplx_mult_real_f32.c ****   blkCnt = numSamples;
  37              		.loc 1 146 3 view .LVU3
 147:.//Libraries/CMSIS/DSP/Source/ComplexMathFunctions/arm_cmplx_mult_real_f32.c **** 
 148:.//Libraries/CMSIS/DSP/Source/ComplexMathFunctions/arm_cmplx_mult_real_f32.c **** #endif /* #if defined (ARM_MATH_LOOPUNROLL) */
 149:.//Libraries/CMSIS/DSP/Source/ComplexMathFunctions/arm_cmplx_mult_real_f32.c **** #endif /* #if defined(ARM_MATH_NEON) */
 150:.//Libraries/CMSIS/DSP/Source/ComplexMathFunctions/arm_cmplx_mult_real_f32.c **** 
 151:.//Libraries/CMSIS/DSP/Source/ComplexMathFunctions/arm_cmplx_mult_real_f32.c ****   while (blkCnt > 0U)
  38              		.loc 1 151 3 view .LVU4
  39              		.loc 1 151 9 view .LVU5
  40 0000 ABB1     		cbz	r3, .L1
  41 0002 0830     		adds	r0, r0, #8
  42              	.LVL1:
  43              		.loc 1 151 9 is_stmt 0 view .LVU6
  44 0004 0832     		adds	r2, r2, #8
  45              	.LVL2:
  46              	.L3:
 152:.//Libraries/CMSIS/DSP/Source/ComplexMathFunctions/arm_cmplx_mult_real_f32.c ****   {
 153:.//Libraries/CMSIS/DSP/Source/ComplexMathFunctions/arm_cmplx_mult_real_f32.c ****     /* C[2 * i    ] = A[2 * i    ] * B[i]. */
 154:.//Libraries/CMSIS/DSP/Source/ComplexMathFunctions/arm_cmplx_mult_real_f32.c ****     /* C[2 * i + 1] = A[2 * i + 1] * B[i]. */
 155:.//Libraries/CMSIS/DSP/Source/ComplexMathFunctions/arm_cmplx_mult_real_f32.c **** 
 156:.//Libraries/CMSIS/DSP/Source/ComplexMathFunctions/arm_cmplx_mult_real_f32.c ****     in = *pSrcReal++;
  47              		.loc 1 156 5 is_stmt 1 view .LVU7
  48              		.loc 1 156 8 is_stmt 0 view .LVU8
  49 0006 F1EC016A 		vldmia.32	r1!, {s13}
  50              	.LVL3:
 157:.//Libraries/CMSIS/DSP/Source/ComplexMathFunctions/arm_cmplx_mult_real_f32.c ****     /* store result in destination buffer. */
 158:.//Libraries/CMSIS/DSP/Source/ComplexMathFunctions/arm_cmplx_mult_real_f32.c ****     *pCmplxDst++ = *pSrcCmplx++ * in;
  51              		.loc 1 158 5 is_stmt 1 view .LVU9
 151:.//Libraries/CMSIS/DSP/Source/ComplexMathFunctions/arm_cmplx_mult_real_f32.c ****   {
  52              		.loc 1 151 9 is_stmt 0 view .LVU10
  53 000a 013B     		subs	r3, r3, #1
  54              	.LVL4:
  55              		.loc 1 158 33 view .LVU11
  56 000c 10ED027A 		vldr.32	s14, [r0, #-8]
  57 0010 02F10802 		add	r2, r2, #8
  58 0014 00F10800 		add	r0, r0, #8
  59              	.LVL5:
  60              		.loc 1 158 33 view .LVU12
  61 0018 27EE267A 		vmul.f32	s14, s14, s13
  62              		.loc 1 158 18 view .LVU13
  63 001c 02ED047A 		vstr.32	s14, [r2, #-16]
 159:.//Libraries/CMSIS/DSP/Source/ComplexMathFunctions/arm_cmplx_mult_real_f32.c ****     *pCmplxDst++ = *pSrcCmplx++ * in;
  64              		.loc 1 159 5 is_stmt 1 view .LVU14
  65              	.LVL6:
  66              		.loc 1 159 33 is_stmt 0 view .LVU15
  67 0020 50ED037A 		vldr.32	s15, [r0, #-12]
  68 0024 67EEA67A 		vmul.f32	s15, s15, s13
  69              		.loc 1 159 18 view .LVU16
ARM GAS  /var/folders/wl/rshn8xbx1dsfj1zgryf4g1240000gn/T//ccCzZmug.s 			page 5


  70 0028 42ED037A 		vstr.32	s15, [r2, #-12]
 160:.//Libraries/CMSIS/DSP/Source/ComplexMathFunctions/arm_cmplx_mult_real_f32.c **** 
 161:.//Libraries/CMSIS/DSP/Source/ComplexMathFunctions/arm_cmplx_mult_real_f32.c ****     /* Decrement loop counter */
 162:.//Libraries/CMSIS/DSP/Source/ComplexMathFunctions/arm_cmplx_mult_real_f32.c ****     blkCnt--;
  71              		.loc 1 162 5 is_stmt 1 view .LVU17
  72              	.LVL7:
 151:.//Libraries/CMSIS/DSP/Source/ComplexMathFunctions/arm_cmplx_mult_real_f32.c ****   {
  73              		.loc 1 151 9 view .LVU18
  74 002c EBD1     		bne	.L3
  75              	.LVL8:
  76              	.L1:
 163:.//Libraries/CMSIS/DSP/Source/ComplexMathFunctions/arm_cmplx_mult_real_f32.c ****   }
 164:.//Libraries/CMSIS/DSP/Source/ComplexMathFunctions/arm_cmplx_mult_real_f32.c **** 
 165:.//Libraries/CMSIS/DSP/Source/ComplexMathFunctions/arm_cmplx_mult_real_f32.c **** }
  77              		.loc 1 165 1 is_stmt 0 view .LVU19
  78 002e 7047     		bx	lr
  79              		.cfi_endproc
  80              	.LFE145:
  82              		.text
  83              	.Letext0:
  84              		.file 2 "/opt/homebrew/Cellar/arm-none-eabi-gcc/9-2019-q4-major/gcc/arm-none-eabi/include/machine/
  85              		.file 3 "/opt/homebrew/Cellar/arm-none-eabi-gcc/9-2019-q4-major/gcc/arm-none-eabi/include/sys/_std
  86              		.file 4 "/opt/homebrew/Cellar/arm-none-eabi-gcc/9-2019-q4-major/gcc/arm-none-eabi/include/sys/lock
  87              		.file 5 "/opt/homebrew/Cellar/arm-none-eabi-gcc/9-2019-q4-major/gcc/arm-none-eabi/include/sys/_typ
  88              		.file 6 "/opt/homebrew/Cellar/arm-none-eabi-gcc/9-2019-q4-major/gcc/lib/gcc/arm-none-eabi/9.2.1/in
  89              		.file 7 "/opt/homebrew/Cellar/arm-none-eabi-gcc/9-2019-q4-major/gcc/arm-none-eabi/include/sys/reen
  90              		.file 8 "/opt/homebrew/Cellar/arm-none-eabi-gcc/9-2019-q4-major/gcc/arm-none-eabi/include/math.h"
  91              		.file 9 ".//Libraries/CMSIS/DSP/Include/arm_math.h"
ARM GAS  /var/folders/wl/rshn8xbx1dsfj1zgryf4g1240000gn/T//ccCzZmug.s 			page 6


DEFINED SYMBOLS
                            *ABS*:0000000000000000 arm_cmplx_mult_real_f32.c
/var/folders/wl/rshn8xbx1dsfj1zgryf4g1240000gn/T//ccCzZmug.s:17     .text.arm_cmplx_mult_real_f32:0000000000000000 $t
/var/folders/wl/rshn8xbx1dsfj1zgryf4g1240000gn/T//ccCzZmug.s:26     .text.arm_cmplx_mult_real_f32:0000000000000000 arm_cmplx_mult_real_f32

NO UNDEFINED SYMBOLS
