ARM GAS  /tmp/cc1Aav3b.s 			page 1


   1              		.cpu cortex-m7
   2              		.eabi_attribute 28, 1
   3              		.eabi_attribute 20, 1
   4              		.eabi_attribute 21, 1
   5              		.eabi_attribute 23, 3
   6              		.eabi_attribute 24, 1
   7              		.eabi_attribute 25, 1
   8              		.eabi_attribute 26, 1
   9              		.eabi_attribute 30, 2
  10              		.eabi_attribute 34, 1
  11              		.eabi_attribute 18, 4
  12              		.file	"arm_cos_q31.c"
  13              		.text
  14              	.Ltext0:
  15              		.cfi_sections	.debug_frame
  16              		.section	.text.arm_cos_q31,"ax",%progbits
  17              		.align	1
  18              		.p2align 2,,3
  19              		.global	arm_cos_q31
  20              		.arch armv7e-m
  21              		.syntax unified
  22              		.thumb
  23              		.thumb_func
  24              		.fpu fpv5-d16
  26              	arm_cos_q31:
  27              	.LVL0:
  28              	.LFB145:
  29              		.file 1 "./Libraries/CMSIS/DSP/Source/FastMathFunctions/arm_cos_q31.c"
   1:./Libraries/CMSIS/DSP/Source/FastMathFunctions/arm_cos_q31.c **** /* ----------------------------------------------------------------------
   2:./Libraries/CMSIS/DSP/Source/FastMathFunctions/arm_cos_q31.c ****  * Project:      CMSIS DSP Library
   3:./Libraries/CMSIS/DSP/Source/FastMathFunctions/arm_cos_q31.c ****  * Title:        arm_cos_q31.c
   4:./Libraries/CMSIS/DSP/Source/FastMathFunctions/arm_cos_q31.c ****  * Description:  Fast cosine calculation for Q31 values
   5:./Libraries/CMSIS/DSP/Source/FastMathFunctions/arm_cos_q31.c ****  *
   6:./Libraries/CMSIS/DSP/Source/FastMathFunctions/arm_cos_q31.c ****  * $Date:        18. March 2019
   7:./Libraries/CMSIS/DSP/Source/FastMathFunctions/arm_cos_q31.c ****  * $Revision:    V1.6.0
   8:./Libraries/CMSIS/DSP/Source/FastMathFunctions/arm_cos_q31.c ****  *
   9:./Libraries/CMSIS/DSP/Source/FastMathFunctions/arm_cos_q31.c ****  * Target Processor: Cortex-M cores
  10:./Libraries/CMSIS/DSP/Source/FastMathFunctions/arm_cos_q31.c ****  * -------------------------------------------------------------------- */
  11:./Libraries/CMSIS/DSP/Source/FastMathFunctions/arm_cos_q31.c **** /*
  12:./Libraries/CMSIS/DSP/Source/FastMathFunctions/arm_cos_q31.c ****  * Copyright (C) 2010-2019 ARM Limited or its affiliates. All rights reserved.
  13:./Libraries/CMSIS/DSP/Source/FastMathFunctions/arm_cos_q31.c ****  *
  14:./Libraries/CMSIS/DSP/Source/FastMathFunctions/arm_cos_q31.c ****  * SPDX-License-Identifier: Apache-2.0
  15:./Libraries/CMSIS/DSP/Source/FastMathFunctions/arm_cos_q31.c ****  *
  16:./Libraries/CMSIS/DSP/Source/FastMathFunctions/arm_cos_q31.c ****  * Licensed under the Apache License, Version 2.0 (the License); you may
  17:./Libraries/CMSIS/DSP/Source/FastMathFunctions/arm_cos_q31.c ****  * not use this file except in compliance with the License.
  18:./Libraries/CMSIS/DSP/Source/FastMathFunctions/arm_cos_q31.c ****  * You may obtain a copy of the License at
  19:./Libraries/CMSIS/DSP/Source/FastMathFunctions/arm_cos_q31.c ****  *
  20:./Libraries/CMSIS/DSP/Source/FastMathFunctions/arm_cos_q31.c ****  * www.apache.org/licenses/LICENSE-2.0
  21:./Libraries/CMSIS/DSP/Source/FastMathFunctions/arm_cos_q31.c ****  *
  22:./Libraries/CMSIS/DSP/Source/FastMathFunctions/arm_cos_q31.c ****  * Unless required by applicable law or agreed to in writing, software
  23:./Libraries/CMSIS/DSP/Source/FastMathFunctions/arm_cos_q31.c ****  * distributed under the License is distributed on an AS IS BASIS, WITHOUT
  24:./Libraries/CMSIS/DSP/Source/FastMathFunctions/arm_cos_q31.c ****  * WARRANTIES OR CONDITIONS OF ANY KIND, either express or implied.
  25:./Libraries/CMSIS/DSP/Source/FastMathFunctions/arm_cos_q31.c ****  * See the License for the specific language governing permissions and
  26:./Libraries/CMSIS/DSP/Source/FastMathFunctions/arm_cos_q31.c ****  * limitations under the License.
  27:./Libraries/CMSIS/DSP/Source/FastMathFunctions/arm_cos_q31.c ****  */
  28:./Libraries/CMSIS/DSP/Source/FastMathFunctions/arm_cos_q31.c **** 
  29:./Libraries/CMSIS/DSP/Source/FastMathFunctions/arm_cos_q31.c **** #include "arm_math.h"
ARM GAS  /tmp/cc1Aav3b.s 			page 2


  30:./Libraries/CMSIS/DSP/Source/FastMathFunctions/arm_cos_q31.c **** #include "arm_common_tables.h"
  31:./Libraries/CMSIS/DSP/Source/FastMathFunctions/arm_cos_q31.c **** 
  32:./Libraries/CMSIS/DSP/Source/FastMathFunctions/arm_cos_q31.c **** /**
  33:./Libraries/CMSIS/DSP/Source/FastMathFunctions/arm_cos_q31.c ****   @ingroup groupFastMath
  34:./Libraries/CMSIS/DSP/Source/FastMathFunctions/arm_cos_q31.c ****  */
  35:./Libraries/CMSIS/DSP/Source/FastMathFunctions/arm_cos_q31.c **** 
  36:./Libraries/CMSIS/DSP/Source/FastMathFunctions/arm_cos_q31.c **** /**
  37:./Libraries/CMSIS/DSP/Source/FastMathFunctions/arm_cos_q31.c ****   @addtogroup cos
  38:./Libraries/CMSIS/DSP/Source/FastMathFunctions/arm_cos_q31.c ****   @{
  39:./Libraries/CMSIS/DSP/Source/FastMathFunctions/arm_cos_q31.c ****  */
  40:./Libraries/CMSIS/DSP/Source/FastMathFunctions/arm_cos_q31.c **** 
  41:./Libraries/CMSIS/DSP/Source/FastMathFunctions/arm_cos_q31.c **** /**
  42:./Libraries/CMSIS/DSP/Source/FastMathFunctions/arm_cos_q31.c ****   @brief         Fast approximation to the trigonometric cosine function for Q31 data.
  43:./Libraries/CMSIS/DSP/Source/FastMathFunctions/arm_cos_q31.c ****   @param[in]     x  Scaled input value in radians
  44:./Libraries/CMSIS/DSP/Source/FastMathFunctions/arm_cos_q31.c ****   @return        cos(x)
  45:./Libraries/CMSIS/DSP/Source/FastMathFunctions/arm_cos_q31.c **** 
  46:./Libraries/CMSIS/DSP/Source/FastMathFunctions/arm_cos_q31.c ****   The Q31 input value is in the range [0 +0.9999] and is mapped to a radian value in the range [0 2
  47:./Libraries/CMSIS/DSP/Source/FastMathFunctions/arm_cos_q31.c ****  */
  48:./Libraries/CMSIS/DSP/Source/FastMathFunctions/arm_cos_q31.c **** 
  49:./Libraries/CMSIS/DSP/Source/FastMathFunctions/arm_cos_q31.c **** q31_t arm_cos_q31(
  50:./Libraries/CMSIS/DSP/Source/FastMathFunctions/arm_cos_q31.c ****   q31_t x)
  51:./Libraries/CMSIS/DSP/Source/FastMathFunctions/arm_cos_q31.c **** {
  30              		.loc 1 51 1 view -0
  31              		.cfi_startproc
  32              		@ args = 0, pretend = 0, frame = 0
  33              		@ frame_needed = 0, uses_anonymous_args = 0
  34              		@ link register save eliminated.
  52:./Libraries/CMSIS/DSP/Source/FastMathFunctions/arm_cos_q31.c ****   q31_t cosVal;                                  /* Temporary input, output variables */
  35              		.loc 1 52 3 view .LVU1
  53:./Libraries/CMSIS/DSP/Source/FastMathFunctions/arm_cos_q31.c ****   int32_t index;                                 /* Index variable */
  36              		.loc 1 53 3 view .LVU2
  54:./Libraries/CMSIS/DSP/Source/FastMathFunctions/arm_cos_q31.c ****   q31_t a, b;                                    /* Two nearest output values */
  37              		.loc 1 54 3 view .LVU3
  55:./Libraries/CMSIS/DSP/Source/FastMathFunctions/arm_cos_q31.c ****   q31_t fract;                                   /* Temporary values for fractional values */
  38              		.loc 1 55 3 view .LVU4
  56:./Libraries/CMSIS/DSP/Source/FastMathFunctions/arm_cos_q31.c **** 
  57:./Libraries/CMSIS/DSP/Source/FastMathFunctions/arm_cos_q31.c ****   /* add 0.25 (pi/2) to read sine table */
  58:./Libraries/CMSIS/DSP/Source/FastMathFunctions/arm_cos_q31.c ****   x = (uint32_t)x + 0x20000000;
  39              		.loc 1 58 3 view .LVU5
  59:./Libraries/CMSIS/DSP/Source/FastMathFunctions/arm_cos_q31.c ****   if (x < 0)
  40              		.loc 1 59 3 view .LVU6
  41              		.loc 1 59 6 is_stmt 0 view .LVU7
  42 0000 10F10053 		adds	r3, r0, #536870912
  43              	.LVL1:
  60:./Libraries/CMSIS/DSP/Source/FastMathFunctions/arm_cos_q31.c ****   { /* convert negative numbers to corresponding positive ones */
  61:./Libraries/CMSIS/DSP/Source/FastMathFunctions/arm_cos_q31.c ****     x = (uint32_t)x + 0x80000000;
  44              		.loc 1 61 5 is_stmt 1 view .LVU8
  45              		.loc 1 61 21 is_stmt 0 view .LVU9
  46 0004 48BF     		it	mi
  47 0006 00F12043 		addmi	r3, r0, #-1610612736
  48              	.LVL2:
  62:./Libraries/CMSIS/DSP/Source/FastMathFunctions/arm_cos_q31.c ****   }
  63:./Libraries/CMSIS/DSP/Source/FastMathFunctions/arm_cos_q31.c **** 
  64:./Libraries/CMSIS/DSP/Source/FastMathFunctions/arm_cos_q31.c ****   /* Calculate the nearest index */
  65:./Libraries/CMSIS/DSP/Source/FastMathFunctions/arm_cos_q31.c ****   index = (uint32_t)x >> FAST_MATH_Q31_SHIFT;
  49              		.loc 1 65 3 is_stmt 1 view .LVU10
  66:./Libraries/CMSIS/DSP/Source/FastMathFunctions/arm_cos_q31.c **** 
ARM GAS  /tmp/cc1Aav3b.s 			page 3


  67:./Libraries/CMSIS/DSP/Source/FastMathFunctions/arm_cos_q31.c ****   /* Calculation of fractional value */
  68:./Libraries/CMSIS/DSP/Source/FastMathFunctions/arm_cos_q31.c ****   fract = (x - (index << FAST_MATH_Q31_SHIFT)) << 9;
  69:./Libraries/CMSIS/DSP/Source/FastMathFunctions/arm_cos_q31.c **** 
  70:./Libraries/CMSIS/DSP/Source/FastMathFunctions/arm_cos_q31.c ****   /* Read two nearest values of input value from the sin table */
  71:./Libraries/CMSIS/DSP/Source/FastMathFunctions/arm_cos_q31.c ****   a = sinTable_q31[index];
  72:./Libraries/CMSIS/DSP/Source/FastMathFunctions/arm_cos_q31.c ****   b = sinTable_q31[index+1];
  73:./Libraries/CMSIS/DSP/Source/FastMathFunctions/arm_cos_q31.c **** 
  74:./Libraries/CMSIS/DSP/Source/FastMathFunctions/arm_cos_q31.c ****   /* Linear interpolation process */
  75:./Libraries/CMSIS/DSP/Source/FastMathFunctions/arm_cos_q31.c ****   cosVal = (q63_t) (0x80000000 - fract) * a >> 32;
  76:./Libraries/CMSIS/DSP/Source/FastMathFunctions/arm_cos_q31.c ****   cosVal = (q31_t) ((((q63_t) cosVal << 32) + ((q63_t) fract * b)) >> 32);
  50              		.loc 1 76 38 is_stmt 0 view .LVU11
  51 000a 0020     		movs	r0, #0
  68:./Libraries/CMSIS/DSP/Source/FastMathFunctions/arm_cos_q31.c **** 
  52              		.loc 1 68 14 view .LVU12
  53 000c C3F31502 		ubfx	r2, r3, #0, #22
  65:./Libraries/CMSIS/DSP/Source/FastMathFunctions/arm_cos_q31.c **** 
  54              		.loc 1 65 23 view .LVU13
  55 0010 9B0D     		lsrs	r3, r3, #22
  56              	.LVL3:
  68:./Libraries/CMSIS/DSP/Source/FastMathFunctions/arm_cos_q31.c **** 
  57              		.loc 1 68 3 is_stmt 1 view .LVU14
  51:./Libraries/CMSIS/DSP/Source/FastMathFunctions/arm_cos_q31.c ****   q31_t cosVal;                                  /* Temporary input, output variables */
  58              		.loc 1 51 1 is_stmt 0 view .LVU15
  59 0012 F0B4     		push	{r4, r5, r6, r7}
  60              	.LCFI0:
  61              		.cfi_def_cfa_offset 16
  62              		.cfi_offset 4, -16
  63              		.cfi_offset 5, -12
  64              		.cfi_offset 6, -8
  65              		.cfi_offset 7, -4
  68:./Libraries/CMSIS/DSP/Source/FastMathFunctions/arm_cos_q31.c **** 
  66              		.loc 1 68 9 view .LVU16
  67 0014 5202     		lsls	r2, r2, #9
  68              	.LVL4:
  71:./Libraries/CMSIS/DSP/Source/FastMathFunctions/arm_cos_q31.c ****   b = sinTable_q31[index+1];
  69              		.loc 1 71 3 is_stmt 1 view .LVU17
  72:./Libraries/CMSIS/DSP/Source/FastMathFunctions/arm_cos_q31.c **** 
  70              		.loc 1 72 3 view .LVU18
  75:./Libraries/CMSIS/DSP/Source/FastMathFunctions/arm_cos_q31.c ****   cosVal = (q31_t) ((((q63_t) cosVal << 32) + ((q63_t) fract * b)) >> 32);
  71              		.loc 1 75 3 view .LVU19
  72              		.loc 1 76 3 view .LVU20
  77:./Libraries/CMSIS/DSP/Source/FastMathFunctions/arm_cos_q31.c **** 
  78:./Libraries/CMSIS/DSP/Source/FastMathFunctions/arm_cos_q31.c ****   /* Return output value */
  79:./Libraries/CMSIS/DSP/Source/FastMathFunctions/arm_cos_q31.c ****   return (cosVal << 1);
  73              		.loc 1 79 3 view .LVU21
  72:./Libraries/CMSIS/DSP/Source/FastMathFunctions/arm_cos_q31.c **** 
  74              		.loc 1 72 5 is_stmt 0 view .LVU22
  75 0016 094D     		ldr	r5, .L5
  76 0018 5E1C     		adds	r6, r3, #1
  75:./Libraries/CMSIS/DSP/Source/FastMathFunctions/arm_cos_q31.c ****   cosVal = (q31_t) ((((q63_t) cosVal << 32) + ((q63_t) fract * b)) >> 32);
  77              		.loc 1 75 41 view .LVU23
  78 001a 55F82340 		ldr	r4, [r5, r3, lsl #2]
  75:./Libraries/CMSIS/DSP/Source/FastMathFunctions/arm_cos_q31.c ****   cosVal = (q31_t) ((((q63_t) cosVal << 32) + ((q63_t) fract * b)) >> 32);
  79              		.loc 1 75 32 view .LVU24
  80 001e C2F10043 		rsb	r3, r2, #-2147483648
  81              	.LVL5:
  76:./Libraries/CMSIS/DSP/Source/FastMathFunctions/arm_cos_q31.c **** 
ARM GAS  /tmp/cc1Aav3b.s 			page 4


  82              		.loc 1 76 45 view .LVU25
  83 0022 55F826C0 		ldr	ip, [r5, r6, lsl #2]
  75:./Libraries/CMSIS/DSP/Source/FastMathFunctions/arm_cos_q31.c ****   cosVal = (q31_t) ((((q63_t) cosVal << 32) + ((q63_t) fract * b)) >> 32);
  84              		.loc 1 75 41 view .LVU26
  85 0026 E717     		asrs	r7, r4, #31
  86 0028 A3FB0445 		umull	r4, r5, r3, r4
  76:./Libraries/CMSIS/DSP/Source/FastMathFunctions/arm_cos_q31.c **** 
  87              		.loc 1 76 38 view .LVU27
  88 002c 03FB0751 		mla	r1, r3, r7, r5
  80:./Libraries/CMSIS/DSP/Source/FastMathFunctions/arm_cos_q31.c **** }
  89              		.loc 1 80 1 view .LVU28
  90 0030 F0BC     		pop	{r4, r5, r6, r7}
  91              	.LCFI1:
  92              		.cfi_restore 7
  93              		.cfi_restore 6
  94              		.cfi_restore 5
  95              		.cfi_restore 4
  96              		.cfi_def_cfa_offset 0
  97              	.LVL6:
  76:./Libraries/CMSIS/DSP/Source/FastMathFunctions/arm_cos_q31.c **** 
  98              		.loc 1 76 45 view .LVU29
  99 0032 CCFB0201 		smlal	r0, r1, ip, r2
 100              		.loc 1 80 1 view .LVU30
 101 0036 4800     		lsls	r0, r1, #1
 102 0038 7047     		bx	lr
 103              	.L6:
 104 003a 00BF     		.align	2
 105              	.L5:
 106 003c 00000000 		.word	sinTable_q31
 107              		.cfi_endproc
 108              	.LFE145:
 110              		.text
 111              	.Letext0:
 112              		.file 2 "/usr/lib/gcc/arm-none-eabi/9.2.1/include/stdint.h"
 113              		.file 3 "/usr/lib/gcc/arm-none-eabi/9.2.1/include/stddef.h"
 114              		.file 4 "/usr/include/newlib/sys/_types.h"
 115              		.file 5 "/usr/include/newlib/sys/reent.h"
 116              		.file 6 "/usr/include/newlib/sys/lock.h"
 117              		.file 7 "/usr/include/newlib/math.h"
 118              		.file 8 "./Libraries/CMSIS/DSP/Include/arm_math.h"
 119              		.file 9 "./Libraries/CMSIS/DSP/Include/arm_common_tables.h"
ARM GAS  /tmp/cc1Aav3b.s 			page 5


DEFINED SYMBOLS
                            *ABS*:0000000000000000 arm_cos_q31.c
     /tmp/cc1Aav3b.s:17     .text.arm_cos_q31:0000000000000000 $t
     /tmp/cc1Aav3b.s:26     .text.arm_cos_q31:0000000000000000 arm_cos_q31
     /tmp/cc1Aav3b.s:106    .text.arm_cos_q31:000000000000003c $d

UNDEFINED SYMBOLS
sinTable_q31
