ARM GAS  /tmp/cc7HBRQt.s 			page 1


   1              		.cpu cortex-m7
   2              		.eabi_attribute 28, 1
   3              		.eabi_attribute 20, 1
   4              		.eabi_attribute 21, 1
   5              		.eabi_attribute 23, 3
   6              		.eabi_attribute 24, 1
   7              		.eabi_attribute 25, 1
   8              		.eabi_attribute 26, 1
   9              		.eabi_attribute 30, 2
  10              		.eabi_attribute 34, 1
  11              		.eabi_attribute 18, 4
  12              		.file	"arm_std_q15.c"
  13              		.text
  14              	.Ltext0:
  15              		.cfi_sections	.debug_frame
  16              		.global	__aeabi_ldivmod
  17              		.section	.text.arm_std_q15,"ax",%progbits
  18              		.align	1
  19              		.p2align 2,,3
  20              		.global	arm_std_q15
  21              		.arch armv7e-m
  22              		.syntax unified
  23              		.thumb
  24              		.thumb_func
  25              		.fpu fpv5-d16
  27              	arm_std_q15:
  28              	.LVL0:
  29              	.LFB145:
  30              		.file 1 "./Libraries/CMSIS/DSP/Source/StatisticsFunctions/arm_std_q15.c"
   1:./Libraries/CMSIS/DSP/Source/StatisticsFunctions/arm_std_q15.c **** /* ----------------------------------------------------------------------
   2:./Libraries/CMSIS/DSP/Source/StatisticsFunctions/arm_std_q15.c ****  * Project:      CMSIS DSP Library
   3:./Libraries/CMSIS/DSP/Source/StatisticsFunctions/arm_std_q15.c ****  * Title:        arm_std_q15.c
   4:./Libraries/CMSIS/DSP/Source/StatisticsFunctions/arm_std_q15.c ****  * Description:  Standard deviation of an array of Q15 vector
   5:./Libraries/CMSIS/DSP/Source/StatisticsFunctions/arm_std_q15.c ****  *
   6:./Libraries/CMSIS/DSP/Source/StatisticsFunctions/arm_std_q15.c ****  * $Date:        18. March 2019
   7:./Libraries/CMSIS/DSP/Source/StatisticsFunctions/arm_std_q15.c ****  * $Revision:    V1.6.0
   8:./Libraries/CMSIS/DSP/Source/StatisticsFunctions/arm_std_q15.c ****  *
   9:./Libraries/CMSIS/DSP/Source/StatisticsFunctions/arm_std_q15.c ****  * Target Processor: Cortex-M cores
  10:./Libraries/CMSIS/DSP/Source/StatisticsFunctions/arm_std_q15.c ****  * -------------------------------------------------------------------- */
  11:./Libraries/CMSIS/DSP/Source/StatisticsFunctions/arm_std_q15.c **** /*
  12:./Libraries/CMSIS/DSP/Source/StatisticsFunctions/arm_std_q15.c ****  * Copyright (C) 2010-2019 ARM Limited or its affiliates. All rights reserved.
  13:./Libraries/CMSIS/DSP/Source/StatisticsFunctions/arm_std_q15.c ****  *
  14:./Libraries/CMSIS/DSP/Source/StatisticsFunctions/arm_std_q15.c ****  * SPDX-License-Identifier: Apache-2.0
  15:./Libraries/CMSIS/DSP/Source/StatisticsFunctions/arm_std_q15.c ****  *
  16:./Libraries/CMSIS/DSP/Source/StatisticsFunctions/arm_std_q15.c ****  * Licensed under the Apache License, Version 2.0 (the License); you may
  17:./Libraries/CMSIS/DSP/Source/StatisticsFunctions/arm_std_q15.c ****  * not use this file except in compliance with the License.
  18:./Libraries/CMSIS/DSP/Source/StatisticsFunctions/arm_std_q15.c ****  * You may obtain a copy of the License at
  19:./Libraries/CMSIS/DSP/Source/StatisticsFunctions/arm_std_q15.c ****  *
  20:./Libraries/CMSIS/DSP/Source/StatisticsFunctions/arm_std_q15.c ****  * www.apache.org/licenses/LICENSE-2.0
  21:./Libraries/CMSIS/DSP/Source/StatisticsFunctions/arm_std_q15.c ****  *
  22:./Libraries/CMSIS/DSP/Source/StatisticsFunctions/arm_std_q15.c ****  * Unless required by applicable law or agreed to in writing, software
  23:./Libraries/CMSIS/DSP/Source/StatisticsFunctions/arm_std_q15.c ****  * distributed under the License is distributed on an AS IS BASIS, WITHOUT
  24:./Libraries/CMSIS/DSP/Source/StatisticsFunctions/arm_std_q15.c ****  * WARRANTIES OR CONDITIONS OF ANY KIND, either express or implied.
  25:./Libraries/CMSIS/DSP/Source/StatisticsFunctions/arm_std_q15.c ****  * See the License for the specific language governing permissions and
  26:./Libraries/CMSIS/DSP/Source/StatisticsFunctions/arm_std_q15.c ****  * limitations under the License.
  27:./Libraries/CMSIS/DSP/Source/StatisticsFunctions/arm_std_q15.c ****  */
  28:./Libraries/CMSIS/DSP/Source/StatisticsFunctions/arm_std_q15.c **** 
ARM GAS  /tmp/cc7HBRQt.s 			page 2


  29:./Libraries/CMSIS/DSP/Source/StatisticsFunctions/arm_std_q15.c **** #include "arm_math.h"
  30:./Libraries/CMSIS/DSP/Source/StatisticsFunctions/arm_std_q15.c **** 
  31:./Libraries/CMSIS/DSP/Source/StatisticsFunctions/arm_std_q15.c **** /**
  32:./Libraries/CMSIS/DSP/Source/StatisticsFunctions/arm_std_q15.c ****   @ingroup groupStats
  33:./Libraries/CMSIS/DSP/Source/StatisticsFunctions/arm_std_q15.c ****  */
  34:./Libraries/CMSIS/DSP/Source/StatisticsFunctions/arm_std_q15.c **** 
  35:./Libraries/CMSIS/DSP/Source/StatisticsFunctions/arm_std_q15.c **** /**
  36:./Libraries/CMSIS/DSP/Source/StatisticsFunctions/arm_std_q15.c ****   @addtogroup STD
  37:./Libraries/CMSIS/DSP/Source/StatisticsFunctions/arm_std_q15.c ****   @{
  38:./Libraries/CMSIS/DSP/Source/StatisticsFunctions/arm_std_q15.c ****  */
  39:./Libraries/CMSIS/DSP/Source/StatisticsFunctions/arm_std_q15.c **** 
  40:./Libraries/CMSIS/DSP/Source/StatisticsFunctions/arm_std_q15.c **** /**
  41:./Libraries/CMSIS/DSP/Source/StatisticsFunctions/arm_std_q15.c ****   @brief         Standard deviation of the elements of a Q15 vector.
  42:./Libraries/CMSIS/DSP/Source/StatisticsFunctions/arm_std_q15.c ****   @param[in]     pSrc       points to the input vector
  43:./Libraries/CMSIS/DSP/Source/StatisticsFunctions/arm_std_q15.c ****   @param[in]     blockSize  number of samples in input vector
  44:./Libraries/CMSIS/DSP/Source/StatisticsFunctions/arm_std_q15.c ****   @param[out]    pResult    standard deviation value returned here
  45:./Libraries/CMSIS/DSP/Source/StatisticsFunctions/arm_std_q15.c ****   @return        none
  46:./Libraries/CMSIS/DSP/Source/StatisticsFunctions/arm_std_q15.c **** 
  47:./Libraries/CMSIS/DSP/Source/StatisticsFunctions/arm_std_q15.c ****   @par           Scaling and Overflow Behavior
  48:./Libraries/CMSIS/DSP/Source/StatisticsFunctions/arm_std_q15.c ****                    The function is implemented using a 64-bit internal accumulator.
  49:./Libraries/CMSIS/DSP/Source/StatisticsFunctions/arm_std_q15.c ****                    The input is represented in 1.15 format.
  50:./Libraries/CMSIS/DSP/Source/StatisticsFunctions/arm_std_q15.c ****                    Intermediate multiplication yields a 2.30 format, and this
  51:./Libraries/CMSIS/DSP/Source/StatisticsFunctions/arm_std_q15.c ****                    result is added without saturation to a 64-bit accumulator in 34.30 format.
  52:./Libraries/CMSIS/DSP/Source/StatisticsFunctions/arm_std_q15.c ****                    With 33 guard bits in the accumulator, there is no risk of overflow, and the
  53:./Libraries/CMSIS/DSP/Source/StatisticsFunctions/arm_std_q15.c ****                    full precision of the intermediate multiplication is preserved.
  54:./Libraries/CMSIS/DSP/Source/StatisticsFunctions/arm_std_q15.c ****                    Finally, the 34.30 result is truncated to 34.15 format by discarding the lower
  55:./Libraries/CMSIS/DSP/Source/StatisticsFunctions/arm_std_q15.c ****                    15 bits, and then saturated to yield a result in 1.15 format.
  56:./Libraries/CMSIS/DSP/Source/StatisticsFunctions/arm_std_q15.c ****  */
  57:./Libraries/CMSIS/DSP/Source/StatisticsFunctions/arm_std_q15.c **** 
  58:./Libraries/CMSIS/DSP/Source/StatisticsFunctions/arm_std_q15.c **** void arm_std_q15(
  59:./Libraries/CMSIS/DSP/Source/StatisticsFunctions/arm_std_q15.c ****   const q15_t * pSrc,
  60:./Libraries/CMSIS/DSP/Source/StatisticsFunctions/arm_std_q15.c ****         uint32_t blockSize,
  61:./Libraries/CMSIS/DSP/Source/StatisticsFunctions/arm_std_q15.c ****         q15_t * pResult)
  62:./Libraries/CMSIS/DSP/Source/StatisticsFunctions/arm_std_q15.c **** {
  31              		.loc 1 62 1 view -0
  32              		.cfi_startproc
  33              		@ args = 0, pretend = 0, frame = 0
  34              		@ frame_needed = 0, uses_anonymous_args = 0
  63:./Libraries/CMSIS/DSP/Source/StatisticsFunctions/arm_std_q15.c ****         uint32_t blkCnt;                               /* Loop counter */
  35              		.loc 1 63 9 view .LVU1
  64:./Libraries/CMSIS/DSP/Source/StatisticsFunctions/arm_std_q15.c ****         q31_t sum = 0;                                 /* Accumulator */
  36              		.loc 1 64 9 view .LVU2
  65:./Libraries/CMSIS/DSP/Source/StatisticsFunctions/arm_std_q15.c ****         q31_t meanOfSquares, squareOfMean;             /* Square of mean and mean of square */
  37              		.loc 1 65 9 view .LVU3
  66:./Libraries/CMSIS/DSP/Source/StatisticsFunctions/arm_std_q15.c ****         q63_t sumOfSquares = 0;                        /* Sum of squares */
  38              		.loc 1 66 9 view .LVU4
  67:./Libraries/CMSIS/DSP/Source/StatisticsFunctions/arm_std_q15.c ****         q15_t in;                                      /* Temporary variable to store input value *
  39              		.loc 1 67 9 view .LVU5
  68:./Libraries/CMSIS/DSP/Source/StatisticsFunctions/arm_std_q15.c **** 
  69:./Libraries/CMSIS/DSP/Source/StatisticsFunctions/arm_std_q15.c **** #if defined (ARM_MATH_LOOPUNROLL) && defined (ARM_MATH_DSP)
  70:./Libraries/CMSIS/DSP/Source/StatisticsFunctions/arm_std_q15.c ****   q31_t in32;                                    /* Temporary variable to store input value */
  71:./Libraries/CMSIS/DSP/Source/StatisticsFunctions/arm_std_q15.c **** #endif
  72:./Libraries/CMSIS/DSP/Source/StatisticsFunctions/arm_std_q15.c **** 
  73:./Libraries/CMSIS/DSP/Source/StatisticsFunctions/arm_std_q15.c ****   if (blockSize <= 1U)
  40              		.loc 1 73 3 view .LVU6
  41              		.loc 1 73 6 is_stmt 0 view .LVU7
  42 0000 0129     		cmp	r1, #1
ARM GAS  /tmp/cc7HBRQt.s 			page 3


  62:./Libraries/CMSIS/DSP/Source/StatisticsFunctions/arm_std_q15.c ****         uint32_t blkCnt;                               /* Loop counter */
  43              		.loc 1 62 1 view .LVU8
  44 0002 2DE9F84F 		push	{r3, r4, r5, r6, r7, r8, r9, r10, fp, lr}
  45              	.LCFI0:
  46              		.cfi_def_cfa_offset 40
  47              		.cfi_offset 3, -40
  48              		.cfi_offset 4, -36
  49              		.cfi_offset 5, -32
  50              		.cfi_offset 6, -28
  51              		.cfi_offset 7, -24
  52              		.cfi_offset 8, -20
  53              		.cfi_offset 9, -16
  54              		.cfi_offset 10, -12
  55              		.cfi_offset 11, -8
  56              		.cfi_offset 14, -4
  62:./Libraries/CMSIS/DSP/Source/StatisticsFunctions/arm_std_q15.c ****         uint32_t blkCnt;                               /* Loop counter */
  57              		.loc 1 62 1 view .LVU9
  58 0006 9246     		mov	r10, r2
  59              		.loc 1 73 6 view .LVU10
  60 0008 27D9     		bls	.L9
  61 000a 0F46     		mov	r7, r1
  62 000c 0D46     		mov	r5, r1
  66:./Libraries/CMSIS/DSP/Source/StatisticsFunctions/arm_std_q15.c ****         q15_t in;                                      /* Temporary variable to store input value *
  63              		.loc 1 66 15 view .LVU11
  64 000e 4FF00008 		mov	r8, #0
  65 0012 4FF00009 		mov	r9, #0
  64:./Libraries/CMSIS/DSP/Source/StatisticsFunctions/arm_std_q15.c ****         q31_t meanOfSquares, squareOfMean;             /* Square of mean and mean of square */
  66              		.loc 1 64 15 view .LVU12
  67 0016 0026     		movs	r6, #0
  68              	.LVL1:
  69              	.L2:
  74:./Libraries/CMSIS/DSP/Source/StatisticsFunctions/arm_std_q15.c ****   {
  75:./Libraries/CMSIS/DSP/Source/StatisticsFunctions/arm_std_q15.c ****     *pResult = 0;
  76:./Libraries/CMSIS/DSP/Source/StatisticsFunctions/arm_std_q15.c ****     return;
  77:./Libraries/CMSIS/DSP/Source/StatisticsFunctions/arm_std_q15.c ****   }
  78:./Libraries/CMSIS/DSP/Source/StatisticsFunctions/arm_std_q15.c **** 
  79:./Libraries/CMSIS/DSP/Source/StatisticsFunctions/arm_std_q15.c **** #if defined (ARM_MATH_LOOPUNROLL)
  80:./Libraries/CMSIS/DSP/Source/StatisticsFunctions/arm_std_q15.c **** 
  81:./Libraries/CMSIS/DSP/Source/StatisticsFunctions/arm_std_q15.c ****   /* Loop unrolling: Compute 4 outputs at a time */
  82:./Libraries/CMSIS/DSP/Source/StatisticsFunctions/arm_std_q15.c ****   blkCnt = blockSize >> 2U;
  83:./Libraries/CMSIS/DSP/Source/StatisticsFunctions/arm_std_q15.c **** 
  84:./Libraries/CMSIS/DSP/Source/StatisticsFunctions/arm_std_q15.c ****   while (blkCnt > 0U)
  85:./Libraries/CMSIS/DSP/Source/StatisticsFunctions/arm_std_q15.c ****   {
  86:./Libraries/CMSIS/DSP/Source/StatisticsFunctions/arm_std_q15.c ****     /* C = A[0] * A[0] + A[1] * A[1] + ... + A[blockSize-1] * A[blockSize-1] */
  87:./Libraries/CMSIS/DSP/Source/StatisticsFunctions/arm_std_q15.c ****     /* C = A[0] + A[1] + ... + A[blockSize-1] */
  88:./Libraries/CMSIS/DSP/Source/StatisticsFunctions/arm_std_q15.c **** 
  89:./Libraries/CMSIS/DSP/Source/StatisticsFunctions/arm_std_q15.c ****     /* Compute sum of squares and store result in a temporary variable, sumOfSquares. */
  90:./Libraries/CMSIS/DSP/Source/StatisticsFunctions/arm_std_q15.c ****     /* Compute sum and store result in a temporary variable, sum. */
  91:./Libraries/CMSIS/DSP/Source/StatisticsFunctions/arm_std_q15.c **** #if defined (ARM_MATH_DSP)
  92:./Libraries/CMSIS/DSP/Source/StatisticsFunctions/arm_std_q15.c ****     in32 = read_q15x2_ia ((q15_t **) &pSrc);
  93:./Libraries/CMSIS/DSP/Source/StatisticsFunctions/arm_std_q15.c ****     sumOfSquares = __SMLALD(in32, in32, sumOfSquares);
  94:./Libraries/CMSIS/DSP/Source/StatisticsFunctions/arm_std_q15.c ****     sum += ((in32 << 16U) >> 16U);
  95:./Libraries/CMSIS/DSP/Source/StatisticsFunctions/arm_std_q15.c ****     sum +=  (in32 >> 16U);
  96:./Libraries/CMSIS/DSP/Source/StatisticsFunctions/arm_std_q15.c **** 
  97:./Libraries/CMSIS/DSP/Source/StatisticsFunctions/arm_std_q15.c ****     in32 = read_q15x2_ia ((q15_t **) &pSrc);
  98:./Libraries/CMSIS/DSP/Source/StatisticsFunctions/arm_std_q15.c ****     sumOfSquares = __SMLALD(in32, in32, sumOfSquares);
  99:./Libraries/CMSIS/DSP/Source/StatisticsFunctions/arm_std_q15.c ****     sum += ((in32 << 16U) >> 16U);
ARM GAS  /tmp/cc7HBRQt.s 			page 4


 100:./Libraries/CMSIS/DSP/Source/StatisticsFunctions/arm_std_q15.c ****     sum +=  (in32 >> 16U);
 101:./Libraries/CMSIS/DSP/Source/StatisticsFunctions/arm_std_q15.c **** #else
 102:./Libraries/CMSIS/DSP/Source/StatisticsFunctions/arm_std_q15.c ****     in = *pSrc++;
 103:./Libraries/CMSIS/DSP/Source/StatisticsFunctions/arm_std_q15.c ****     sumOfSquares += (in * in);
 104:./Libraries/CMSIS/DSP/Source/StatisticsFunctions/arm_std_q15.c ****     sum += in;
 105:./Libraries/CMSIS/DSP/Source/StatisticsFunctions/arm_std_q15.c **** 
 106:./Libraries/CMSIS/DSP/Source/StatisticsFunctions/arm_std_q15.c ****     in = *pSrc++;
 107:./Libraries/CMSIS/DSP/Source/StatisticsFunctions/arm_std_q15.c ****     sumOfSquares += (in * in);
 108:./Libraries/CMSIS/DSP/Source/StatisticsFunctions/arm_std_q15.c ****     sum += in;
 109:./Libraries/CMSIS/DSP/Source/StatisticsFunctions/arm_std_q15.c **** 
 110:./Libraries/CMSIS/DSP/Source/StatisticsFunctions/arm_std_q15.c ****     in = *pSrc++;
 111:./Libraries/CMSIS/DSP/Source/StatisticsFunctions/arm_std_q15.c ****     sumOfSquares += (in * in);
 112:./Libraries/CMSIS/DSP/Source/StatisticsFunctions/arm_std_q15.c ****     sum += in;
 113:./Libraries/CMSIS/DSP/Source/StatisticsFunctions/arm_std_q15.c **** 
 114:./Libraries/CMSIS/DSP/Source/StatisticsFunctions/arm_std_q15.c ****     in = *pSrc++;
 115:./Libraries/CMSIS/DSP/Source/StatisticsFunctions/arm_std_q15.c ****     sumOfSquares += (in * in);
 116:./Libraries/CMSIS/DSP/Source/StatisticsFunctions/arm_std_q15.c ****     sum += in;
 117:./Libraries/CMSIS/DSP/Source/StatisticsFunctions/arm_std_q15.c **** #endif /* #if defined (ARM_MATH_DSP) */
 118:./Libraries/CMSIS/DSP/Source/StatisticsFunctions/arm_std_q15.c **** 
 119:./Libraries/CMSIS/DSP/Source/StatisticsFunctions/arm_std_q15.c ****     /* Decrement loop counter */
 120:./Libraries/CMSIS/DSP/Source/StatisticsFunctions/arm_std_q15.c ****     blkCnt--;
 121:./Libraries/CMSIS/DSP/Source/StatisticsFunctions/arm_std_q15.c ****   }
 122:./Libraries/CMSIS/DSP/Source/StatisticsFunctions/arm_std_q15.c **** 
 123:./Libraries/CMSIS/DSP/Source/StatisticsFunctions/arm_std_q15.c ****   /* Loop unrolling: Compute remaining outputs */
 124:./Libraries/CMSIS/DSP/Source/StatisticsFunctions/arm_std_q15.c ****   blkCnt = blockSize % 0x4U;
 125:./Libraries/CMSIS/DSP/Source/StatisticsFunctions/arm_std_q15.c **** 
 126:./Libraries/CMSIS/DSP/Source/StatisticsFunctions/arm_std_q15.c **** #else
 127:./Libraries/CMSIS/DSP/Source/StatisticsFunctions/arm_std_q15.c **** 
 128:./Libraries/CMSIS/DSP/Source/StatisticsFunctions/arm_std_q15.c ****   /* Initialize blkCnt with number of samples */
 129:./Libraries/CMSIS/DSP/Source/StatisticsFunctions/arm_std_q15.c ****   blkCnt = blockSize;
 130:./Libraries/CMSIS/DSP/Source/StatisticsFunctions/arm_std_q15.c **** 
 131:./Libraries/CMSIS/DSP/Source/StatisticsFunctions/arm_std_q15.c **** #endif /* #if defined (ARM_MATH_LOOPUNROLL) */
 132:./Libraries/CMSIS/DSP/Source/StatisticsFunctions/arm_std_q15.c **** 
 133:./Libraries/CMSIS/DSP/Source/StatisticsFunctions/arm_std_q15.c ****   while (blkCnt > 0U)
 134:./Libraries/CMSIS/DSP/Source/StatisticsFunctions/arm_std_q15.c ****   {
 135:./Libraries/CMSIS/DSP/Source/StatisticsFunctions/arm_std_q15.c ****     /* C = A[0] * A[0] + A[1] * A[1] + ... + A[blockSize-1] * A[blockSize-1] */
 136:./Libraries/CMSIS/DSP/Source/StatisticsFunctions/arm_std_q15.c ****     /* C = A[0] + A[1] + ... + A[blockSize-1] */
 137:./Libraries/CMSIS/DSP/Source/StatisticsFunctions/arm_std_q15.c **** 
 138:./Libraries/CMSIS/DSP/Source/StatisticsFunctions/arm_std_q15.c ****     in = *pSrc++;
  70              		.loc 1 138 5 is_stmt 1 view .LVU13
  71              		.loc 1 138 8 is_stmt 0 view .LVU14
  72 0018 30F9024B 		ldrsh	r4, [r0], #2
  73              	.LVL2:
 139:./Libraries/CMSIS/DSP/Source/StatisticsFunctions/arm_std_q15.c ****     /* Compute sum of squares and store result in a temporary variable, sumOfSquares. */
 140:./Libraries/CMSIS/DSP/Source/StatisticsFunctions/arm_std_q15.c ****     sumOfSquares += (in * in);
  74              		.loc 1 140 5 is_stmt 1 view .LVU15
 133:./Libraries/CMSIS/DSP/Source/StatisticsFunctions/arm_std_q15.c ****   {
  75              		.loc 1 133 9 is_stmt 0 view .LVU16
  76 001c 013D     		subs	r5, r5, #1
  77              	.LVL3:
  78              		.loc 1 140 18 view .LVU17
  79 001e C4FB8489 		smlalbb	r8, r9, r4, r4
  80              	.LVL4:
 141:./Libraries/CMSIS/DSP/Source/StatisticsFunctions/arm_std_q15.c ****     /* Compute sum and store result in a temporary variable, sum. */
 142:./Libraries/CMSIS/DSP/Source/StatisticsFunctions/arm_std_q15.c ****     sum += in;
  81              		.loc 1 142 5 is_stmt 1 view .LVU18
  82              		.loc 1 142 9 is_stmt 0 view .LVU19
ARM GAS  /tmp/cc7HBRQt.s 			page 5


  83 0022 2644     		add	r6, r6, r4
  84              	.LVL5:
 143:./Libraries/CMSIS/DSP/Source/StatisticsFunctions/arm_std_q15.c **** 
 144:./Libraries/CMSIS/DSP/Source/StatisticsFunctions/arm_std_q15.c ****     /* Decrement loop counter */
 145:./Libraries/CMSIS/DSP/Source/StatisticsFunctions/arm_std_q15.c ****     blkCnt--;
  85              		.loc 1 145 5 is_stmt 1 view .LVU20
 133:./Libraries/CMSIS/DSP/Source/StatisticsFunctions/arm_std_q15.c ****   {
  86              		.loc 1 133 9 view .LVU21
  87 0024 F8D1     		bne	.L2
 146:./Libraries/CMSIS/DSP/Source/StatisticsFunctions/arm_std_q15.c ****   }
 147:./Libraries/CMSIS/DSP/Source/StatisticsFunctions/arm_std_q15.c **** 
 148:./Libraries/CMSIS/DSP/Source/StatisticsFunctions/arm_std_q15.c ****   /* Compute Mean of squares and store result in a temporary variable, meanOfSquares. */
 149:./Libraries/CMSIS/DSP/Source/StatisticsFunctions/arm_std_q15.c ****   meanOfSquares = (q31_t) (sumOfSquares / (q63_t)(blockSize - 1U));
  88              		.loc 1 149 3 view .LVU22
  89              		.loc 1 149 61 is_stmt 0 view .LVU23
  90 0026 07F1FF3B 		add	fp, r7, #-1
  91              	.LVL6:
 150:./Libraries/CMSIS/DSP/Source/StatisticsFunctions/arm_std_q15.c **** 
 151:./Libraries/CMSIS/DSP/Source/StatisticsFunctions/arm_std_q15.c ****   /* Compute square of mean */
 152:./Libraries/CMSIS/DSP/Source/StatisticsFunctions/arm_std_q15.c ****   squareOfMean = (q31_t) ((q63_t) sum * sum / (q63_t)(blockSize * (blockSize - 1U)));
  92              		.loc 1 152 3 is_stmt 1 view .LVU24
 153:./Libraries/CMSIS/DSP/Source/StatisticsFunctions/arm_std_q15.c **** 
 154:./Libraries/CMSIS/DSP/Source/StatisticsFunctions/arm_std_q15.c ****   /* mean of squares minus the square of mean. */
 155:./Libraries/CMSIS/DSP/Source/StatisticsFunctions/arm_std_q15.c ****   /* Compute standard deviation and store result in destination */
 156:./Libraries/CMSIS/DSP/Source/StatisticsFunctions/arm_std_q15.c ****   arm_sqrt_q15(__SSAT((meanOfSquares - squareOfMean) >> 15U, 16U), pResult);
  93              		.loc 1 156 3 view .LVU25
  94              	.LBB2:
  95              		.loc 1 156 16 view .LVU26
  96              		.loc 1 156 16 view .LVU27
  97              	.LBE2:
 149:./Libraries/CMSIS/DSP/Source/StatisticsFunctions/arm_std_q15.c **** 
  98              		.loc 1 149 41 is_stmt 0 view .LVU28
  99 002a 2B46     		mov	r3, r5
 100 002c 4046     		mov	r0, r8
 101              	.LVL7:
 149:./Libraries/CMSIS/DSP/Source/StatisticsFunctions/arm_std_q15.c **** 
 102              		.loc 1 149 41 view .LVU29
 103 002e 4946     		mov	r1, r9
 104              	.LVL8:
 149:./Libraries/CMSIS/DSP/Source/StatisticsFunctions/arm_std_q15.c **** 
 105              		.loc 1 149 41 view .LVU30
 106 0030 5A46     		mov	r2, fp
 107              	.LVL9:
 149:./Libraries/CMSIS/DSP/Source/StatisticsFunctions/arm_std_q15.c **** 
 108              		.loc 1 149 41 view .LVU31
 109 0032 FFF7FEFF 		bl	__aeabi_ldivmod
 110              	.LVL10:
 111 0036 0446     		mov	r4, r0
 112              	.LVL11:
 152:./Libraries/CMSIS/DSP/Source/StatisticsFunctions/arm_std_q15.c **** 
 113              		.loc 1 152 45 view .LVU32
 114 0038 07FB0BF2 		mul	r2, r7, fp
 115 003c 2B46     		mov	r3, r5
 116 003e 86FB0601 		smull	r0, r1, r6, r6
 117              	.LVL12:
 152:./Libraries/CMSIS/DSP/Source/StatisticsFunctions/arm_std_q15.c **** 
 118              		.loc 1 152 45 view .LVU33
ARM GAS  /tmp/cc7HBRQt.s 			page 6


 119 0042 FFF7FEFF 		bl	__aeabi_ldivmod
 120              	.LVL13:
 121              	.LBB3:
 122              		.loc 1 156 16 view .LVU34
 123 0046 201A     		subs	r0, r4, r0
 124              	.LBE3:
 125              		.loc 1 156 3 view .LVU35
 126 0048 5146     		mov	r1, r10
 127              	.LBB4:
 128              		.loc 1 156 16 view .LVU36
 129 004a C013     		asrs	r0, r0, #15
 130              		.syntax unified
 131              	@ 156 "./Libraries/CMSIS/DSP/Source/StatisticsFunctions/arm_std_q15.c" 1
 132 004c 00F30F00 		ssat r0, #16, r0
 133              	@ 0 "" 2
 134              	.LVL14:
 135              		.loc 1 156 16 is_stmt 1 view .LVU37
 136              		.thumb
 137              		.syntax unified
 138              	.LBE4:
 157:./Libraries/CMSIS/DSP/Source/StatisticsFunctions/arm_std_q15.c **** }
 139              		.loc 1 157 1 is_stmt 0 view .LVU38
 140 0050 BDE8F84F 		pop	{r3, r4, r5, r6, r7, r8, r9, r10, fp, lr}
 141              	.LCFI1:
 142              		.cfi_remember_state
 143              		.cfi_restore 14
 144              		.cfi_restore 11
 145              		.cfi_restore 10
 146              		.cfi_restore 9
 147              		.cfi_restore 8
 148              		.cfi_restore 7
 149              		.cfi_restore 6
 150              		.cfi_restore 5
 151              		.cfi_restore 4
 152              		.cfi_restore 3
 153              		.cfi_def_cfa_offset 0
 154              	.LVL15:
 156:./Libraries/CMSIS/DSP/Source/StatisticsFunctions/arm_std_q15.c **** }
 155              		.loc 1 156 3 view .LVU39
 156 0054 00B2     		sxth	r0, r0
 157              	.LVL16:
 156:./Libraries/CMSIS/DSP/Source/StatisticsFunctions/arm_std_q15.c **** }
 158              		.loc 1 156 3 view .LVU40
 159 0056 FFF7FEBF 		b	arm_sqrt_q15
 160              	.LVL17:
 161              	.L9:
 162              	.LCFI2:
 163              		.cfi_restore_state
  75:./Libraries/CMSIS/DSP/Source/StatisticsFunctions/arm_std_q15.c ****     return;
 164              		.loc 1 75 5 is_stmt 1 view .LVU41
  75:./Libraries/CMSIS/DSP/Source/StatisticsFunctions/arm_std_q15.c ****     return;
 165              		.loc 1 75 14 is_stmt 0 view .LVU42
 166 005a 0023     		movs	r3, #0
 167 005c 1380     		strh	r3, [r2]	@ movhi
  76:./Libraries/CMSIS/DSP/Source/StatisticsFunctions/arm_std_q15.c ****   }
 168              		.loc 1 76 5 is_stmt 1 view .LVU43
 169              		.loc 1 157 1 is_stmt 0 view .LVU44
ARM GAS  /tmp/cc7HBRQt.s 			page 7


 170 005e BDE8F88F 		pop	{r3, r4, r5, r6, r7, r8, r9, r10, fp, pc}
 171              		.cfi_endproc
 172              	.LFE145:
 174 0062 00BF     		.text
 175              	.Letext0:
 176              		.file 2 "/usr/lib/gcc/arm-none-eabi/9.2.1/include/stdint.h"
 177              		.file 3 "/usr/lib/gcc/arm-none-eabi/9.2.1/include/stddef.h"
 178              		.file 4 "/usr/include/newlib/sys/_types.h"
 179              		.file 5 "/usr/include/newlib/sys/reent.h"
 180              		.file 6 "/usr/include/newlib/sys/lock.h"
 181              		.file 7 "/usr/include/newlib/math.h"
 182              		.file 8 "./Libraries/CMSIS/DSP/Include/arm_math.h"
ARM GAS  /tmp/cc7HBRQt.s 			page 8


DEFINED SYMBOLS
                            *ABS*:0000000000000000 arm_std_q15.c
     /tmp/cc7HBRQt.s:18     .text.arm_std_q15:0000000000000000 $t
     /tmp/cc7HBRQt.s:27     .text.arm_std_q15:0000000000000000 arm_std_q15

UNDEFINED SYMBOLS
__aeabi_ldivmod
arm_sqrt_q15
