ARM GAS  /var/folders/wl/rshn8xbx1dsfj1zgryf4g1240000gn/T//ccKX0LGe.s 			page 1


   1              		.cpu cortex-m7
   2              		.eabi_attribute 28, 1
   3              		.eabi_attribute 20, 1
   4              		.eabi_attribute 21, 1
   5              		.eabi_attribute 23, 3
   6              		.eabi_attribute 24, 1
   7              		.eabi_attribute 25, 1
   8              		.eabi_attribute 26, 1
   9              		.eabi_attribute 30, 2
  10              		.eabi_attribute 34, 1
  11              		.eabi_attribute 18, 4
  12              		.file	"arm_lms_f32.c"
  13              		.text
  14              	.Ltext0:
  15              		.cfi_sections	.debug_frame
  16              		.section	.text.arm_lms_f32,"ax",%progbits
  17              		.align	1
  18              		.p2align 2,,3
  19              		.global	arm_lms_f32
  20              		.arch armv7e-m
  21              		.syntax unified
  22              		.thumb
  23              		.thumb_func
  24              		.fpu fpv5-d16
  26              	arm_lms_f32:
  27              	.LVL0:
  28              	.LFB145:
  29              		.file 1 ".//Libraries/CMSIS/DSP/Source/FilteringFunctions/arm_lms_f32.c"
   1:.//Libraries/CMSIS/DSP/Source/FilteringFunctions/arm_lms_f32.c **** /* ----------------------------------------------------------------------
   2:.//Libraries/CMSIS/DSP/Source/FilteringFunctions/arm_lms_f32.c ****  * Project:      CMSIS DSP Library
   3:.//Libraries/CMSIS/DSP/Source/FilteringFunctions/arm_lms_f32.c ****  * Title:        arm_lms_f32.c
   4:.//Libraries/CMSIS/DSP/Source/FilteringFunctions/arm_lms_f32.c ****  * Description:  Processing function for the floating-point LMS filter
   5:.//Libraries/CMSIS/DSP/Source/FilteringFunctions/arm_lms_f32.c ****  *
   6:.//Libraries/CMSIS/DSP/Source/FilteringFunctions/arm_lms_f32.c ****  * $Date:        18. March 2019
   7:.//Libraries/CMSIS/DSP/Source/FilteringFunctions/arm_lms_f32.c ****  * $Revision:    V1.6.0
   8:.//Libraries/CMSIS/DSP/Source/FilteringFunctions/arm_lms_f32.c ****  *
   9:.//Libraries/CMSIS/DSP/Source/FilteringFunctions/arm_lms_f32.c ****  * Target Processor: Cortex-M cores
  10:.//Libraries/CMSIS/DSP/Source/FilteringFunctions/arm_lms_f32.c ****  * -------------------------------------------------------------------- */
  11:.//Libraries/CMSIS/DSP/Source/FilteringFunctions/arm_lms_f32.c **** /*
  12:.//Libraries/CMSIS/DSP/Source/FilteringFunctions/arm_lms_f32.c ****  * Copyright (C) 2010-2019 ARM Limited or its affiliates. All rights reserved.
  13:.//Libraries/CMSIS/DSP/Source/FilteringFunctions/arm_lms_f32.c ****  *
  14:.//Libraries/CMSIS/DSP/Source/FilteringFunctions/arm_lms_f32.c ****  * SPDX-License-Identifier: Apache-2.0
  15:.//Libraries/CMSIS/DSP/Source/FilteringFunctions/arm_lms_f32.c ****  *
  16:.//Libraries/CMSIS/DSP/Source/FilteringFunctions/arm_lms_f32.c ****  * Licensed under the Apache License, Version 2.0 (the License); you may
  17:.//Libraries/CMSIS/DSP/Source/FilteringFunctions/arm_lms_f32.c ****  * not use this file except in compliance with the License.
  18:.//Libraries/CMSIS/DSP/Source/FilteringFunctions/arm_lms_f32.c ****  * You may obtain a copy of the License at
  19:.//Libraries/CMSIS/DSP/Source/FilteringFunctions/arm_lms_f32.c ****  *
  20:.//Libraries/CMSIS/DSP/Source/FilteringFunctions/arm_lms_f32.c ****  * www.apache.org/licenses/LICENSE-2.0
  21:.//Libraries/CMSIS/DSP/Source/FilteringFunctions/arm_lms_f32.c ****  *
  22:.//Libraries/CMSIS/DSP/Source/FilteringFunctions/arm_lms_f32.c ****  * Unless required by applicable law or agreed to in writing, software
  23:.//Libraries/CMSIS/DSP/Source/FilteringFunctions/arm_lms_f32.c ****  * distributed under the License is distributed on an AS IS BASIS, WITHOUT
  24:.//Libraries/CMSIS/DSP/Source/FilteringFunctions/arm_lms_f32.c ****  * WARRANTIES OR CONDITIONS OF ANY KIND, either express or implied.
  25:.//Libraries/CMSIS/DSP/Source/FilteringFunctions/arm_lms_f32.c ****  * See the License for the specific language governing permissions and
  26:.//Libraries/CMSIS/DSP/Source/FilteringFunctions/arm_lms_f32.c ****  * limitations under the License.
  27:.//Libraries/CMSIS/DSP/Source/FilteringFunctions/arm_lms_f32.c ****  */
  28:.//Libraries/CMSIS/DSP/Source/FilteringFunctions/arm_lms_f32.c **** 
  29:.//Libraries/CMSIS/DSP/Source/FilteringFunctions/arm_lms_f32.c **** #include "arm_math.h"
ARM GAS  /var/folders/wl/rshn8xbx1dsfj1zgryf4g1240000gn/T//ccKX0LGe.s 			page 2


  30:.//Libraries/CMSIS/DSP/Source/FilteringFunctions/arm_lms_f32.c **** 
  31:.//Libraries/CMSIS/DSP/Source/FilteringFunctions/arm_lms_f32.c **** /**
  32:.//Libraries/CMSIS/DSP/Source/FilteringFunctions/arm_lms_f32.c ****   @ingroup groupFilters
  33:.//Libraries/CMSIS/DSP/Source/FilteringFunctions/arm_lms_f32.c ****  */
  34:.//Libraries/CMSIS/DSP/Source/FilteringFunctions/arm_lms_f32.c **** 
  35:.//Libraries/CMSIS/DSP/Source/FilteringFunctions/arm_lms_f32.c **** /**
  36:.//Libraries/CMSIS/DSP/Source/FilteringFunctions/arm_lms_f32.c ****   @defgroup LMS Least Mean Square (LMS) Filters
  37:.//Libraries/CMSIS/DSP/Source/FilteringFunctions/arm_lms_f32.c **** 
  38:.//Libraries/CMSIS/DSP/Source/FilteringFunctions/arm_lms_f32.c ****   LMS filters are a class of adaptive filters that are able to "learn" an unknown transfer function
  39:.//Libraries/CMSIS/DSP/Source/FilteringFunctions/arm_lms_f32.c ****   LMS filters use a gradient descent method in which the filter coefficients are updated based on t
  40:.//Libraries/CMSIS/DSP/Source/FilteringFunctions/arm_lms_f32.c ****   Adaptive filters are often used in communication systems, equalizers, and noise removal.
  41:.//Libraries/CMSIS/DSP/Source/FilteringFunctions/arm_lms_f32.c ****   The CMSIS DSP Library contains LMS filter functions that operate on Q15, Q31, and floating-point 
  42:.//Libraries/CMSIS/DSP/Source/FilteringFunctions/arm_lms_f32.c ****   The library also contains normalized LMS filters in which the filter coefficient adaptation is in
  43:.//Libraries/CMSIS/DSP/Source/FilteringFunctions/arm_lms_f32.c **** 
  44:.//Libraries/CMSIS/DSP/Source/FilteringFunctions/arm_lms_f32.c ****   An LMS filter consists of two components as shown below.
  45:.//Libraries/CMSIS/DSP/Source/FilteringFunctions/arm_lms_f32.c ****   The first component is a standard transversal or FIR filter.
  46:.//Libraries/CMSIS/DSP/Source/FilteringFunctions/arm_lms_f32.c ****   The second component is a coefficient update mechanism.
  47:.//Libraries/CMSIS/DSP/Source/FilteringFunctions/arm_lms_f32.c ****   The LMS filter has two input signals.
  48:.//Libraries/CMSIS/DSP/Source/FilteringFunctions/arm_lms_f32.c ****   The "input" feeds the FIR filter while the "reference input" corresponds to the desired output of
  49:.//Libraries/CMSIS/DSP/Source/FilteringFunctions/arm_lms_f32.c ****   That is, the FIR filter coefficients are updated so that the output of the FIR filter matches the
  50:.//Libraries/CMSIS/DSP/Source/FilteringFunctions/arm_lms_f32.c ****   The filter coefficient update mechanism is based on the difference between the FIR filter output 
  51:.//Libraries/CMSIS/DSP/Source/FilteringFunctions/arm_lms_f32.c ****   This "error signal" tends towards zero as the filter adapts.
  52:.//Libraries/CMSIS/DSP/Source/FilteringFunctions/arm_lms_f32.c ****   The LMS processing functions accept the input and reference input signals and generate the filter
  53:.//Libraries/CMSIS/DSP/Source/FilteringFunctions/arm_lms_f32.c ****   \image html LMS.gif "Internal structure of the Least Mean Square filter"
  54:.//Libraries/CMSIS/DSP/Source/FilteringFunctions/arm_lms_f32.c **** 
  55:.//Libraries/CMSIS/DSP/Source/FilteringFunctions/arm_lms_f32.c ****   The functions operate on blocks of data and each call to the function processes
  56:.//Libraries/CMSIS/DSP/Source/FilteringFunctions/arm_lms_f32.c ****   <code>blockSize</code> samples through the filter.
  57:.//Libraries/CMSIS/DSP/Source/FilteringFunctions/arm_lms_f32.c ****   <code>pSrc</code> points to input signal, <code>pRef</code> points to reference signal,
  58:.//Libraries/CMSIS/DSP/Source/FilteringFunctions/arm_lms_f32.c ****   <code>pOut</code> points to output signal and <code>pErr</code> points to error signal.
  59:.//Libraries/CMSIS/DSP/Source/FilteringFunctions/arm_lms_f32.c ****   All arrays contain <code>blockSize</code> values.
  60:.//Libraries/CMSIS/DSP/Source/FilteringFunctions/arm_lms_f32.c **** 
  61:.//Libraries/CMSIS/DSP/Source/FilteringFunctions/arm_lms_f32.c ****   The functions operate on a block-by-block basis.
  62:.//Libraries/CMSIS/DSP/Source/FilteringFunctions/arm_lms_f32.c ****   Internally, the filter coefficients <code>b[n]</code> are updated on a sample-by-sample basis.
  63:.//Libraries/CMSIS/DSP/Source/FilteringFunctions/arm_lms_f32.c ****   The convergence of the LMS filter is slower compared to the normalized LMS algorithm.
  64:.//Libraries/CMSIS/DSP/Source/FilteringFunctions/arm_lms_f32.c **** 
  65:.//Libraries/CMSIS/DSP/Source/FilteringFunctions/arm_lms_f32.c ****   @par           Algorithm
  66:.//Libraries/CMSIS/DSP/Source/FilteringFunctions/arm_lms_f32.c ****                    The output signal <code>y[n]</code> is computed by a standard FIR filter:
  67:.//Libraries/CMSIS/DSP/Source/FilteringFunctions/arm_lms_f32.c ****   <pre>
  68:.//Libraries/CMSIS/DSP/Source/FilteringFunctions/arm_lms_f32.c ****       y[n] = b[0] * x[n] + b[1] * x[n-1] + b[2] * x[n-2] + ...+ b[numTaps-1] * x[n-numTaps+1]
  69:.//Libraries/CMSIS/DSP/Source/FilteringFunctions/arm_lms_f32.c ****   </pre>
  70:.//Libraries/CMSIS/DSP/Source/FilteringFunctions/arm_lms_f32.c **** 
  71:.//Libraries/CMSIS/DSP/Source/FilteringFunctions/arm_lms_f32.c ****   @par
  72:.//Libraries/CMSIS/DSP/Source/FilteringFunctions/arm_lms_f32.c ****                    The error signal equals the difference between the reference signal <code>d[n]</
  73:.//Libraries/CMSIS/DSP/Source/FilteringFunctions/arm_lms_f32.c ****   <pre>
  74:.//Libraries/CMSIS/DSP/Source/FilteringFunctions/arm_lms_f32.c ****       e[n] = d[n] - y[n].
  75:.//Libraries/CMSIS/DSP/Source/FilteringFunctions/arm_lms_f32.c ****   </pre>
  76:.//Libraries/CMSIS/DSP/Source/FilteringFunctions/arm_lms_f32.c **** 
  77:.//Libraries/CMSIS/DSP/Source/FilteringFunctions/arm_lms_f32.c ****   @par
  78:.//Libraries/CMSIS/DSP/Source/FilteringFunctions/arm_lms_f32.c ****                    After each sample of the error signal is computed, the filter coefficients <code
  79:.//Libraries/CMSIS/DSP/Source/FilteringFunctions/arm_lms_f32.c ****   <pre>
  80:.//Libraries/CMSIS/DSP/Source/FilteringFunctions/arm_lms_f32.c ****       b[k] = b[k] + e[n] * mu * x[n-k],  for k=0, 1, ..., numTaps-1
  81:.//Libraries/CMSIS/DSP/Source/FilteringFunctions/arm_lms_f32.c ****   </pre>
  82:.//Libraries/CMSIS/DSP/Source/FilteringFunctions/arm_lms_f32.c ****                    where <code>mu</code> is the step size and controls the rate of coefficient conv
  83:.//Libraries/CMSIS/DSP/Source/FilteringFunctions/arm_lms_f32.c ****   @par
  84:.//Libraries/CMSIS/DSP/Source/FilteringFunctions/arm_lms_f32.c ****                    In the APIs, <code>pCoeffs</code> points to a coefficient array of size <code>nu
  85:.//Libraries/CMSIS/DSP/Source/FilteringFunctions/arm_lms_f32.c ****                    Coefficients are stored in time reversed order.
  86:.//Libraries/CMSIS/DSP/Source/FilteringFunctions/arm_lms_f32.c ****   @par
ARM GAS  /var/folders/wl/rshn8xbx1dsfj1zgryf4g1240000gn/T//ccKX0LGe.s 			page 3


  87:.//Libraries/CMSIS/DSP/Source/FilteringFunctions/arm_lms_f32.c ****   <pre>
  88:.//Libraries/CMSIS/DSP/Source/FilteringFunctions/arm_lms_f32.c ****      {b[numTaps-1], b[numTaps-2], b[N-2], ..., b[1], b[0]}
  89:.//Libraries/CMSIS/DSP/Source/FilteringFunctions/arm_lms_f32.c ****   </pre>
  90:.//Libraries/CMSIS/DSP/Source/FilteringFunctions/arm_lms_f32.c ****   @par
  91:.//Libraries/CMSIS/DSP/Source/FilteringFunctions/arm_lms_f32.c ****                    <code>pState</code> points to a state array of size <code>numTaps + blockSize - 
  92:.//Libraries/CMSIS/DSP/Source/FilteringFunctions/arm_lms_f32.c ****                    Samples in the state buffer are stored in the order:
  93:.//Libraries/CMSIS/DSP/Source/FilteringFunctions/arm_lms_f32.c ****   @par
  94:.//Libraries/CMSIS/DSP/Source/FilteringFunctions/arm_lms_f32.c ****   <pre>
  95:.//Libraries/CMSIS/DSP/Source/FilteringFunctions/arm_lms_f32.c ****      {x[n-numTaps+1], x[n-numTaps], x[n-numTaps-1], x[n-numTaps-2]....x[0], x[1], ..., x[blockSize-
  96:.//Libraries/CMSIS/DSP/Source/FilteringFunctions/arm_lms_f32.c ****   </pre>
  97:.//Libraries/CMSIS/DSP/Source/FilteringFunctions/arm_lms_f32.c ****   @par
  98:.//Libraries/CMSIS/DSP/Source/FilteringFunctions/arm_lms_f32.c ****                    Note that the length of the state buffer exceeds the length of the coefficient a
  99:.//Libraries/CMSIS/DSP/Source/FilteringFunctions/arm_lms_f32.c ****                    The increased state buffer length allows circular addressing, which is tradition
 100:.//Libraries/CMSIS/DSP/Source/FilteringFunctions/arm_lms_f32.c ****                    to be avoided and yields a significant speed improvement.
 101:.//Libraries/CMSIS/DSP/Source/FilteringFunctions/arm_lms_f32.c ****                    The state variables are updated after each block of data is processed.
 102:.//Libraries/CMSIS/DSP/Source/FilteringFunctions/arm_lms_f32.c ****   @par           Instance Structure
 103:.//Libraries/CMSIS/DSP/Source/FilteringFunctions/arm_lms_f32.c ****                    The coefficients and state variables for a filter are stored together in an inst
 104:.//Libraries/CMSIS/DSP/Source/FilteringFunctions/arm_lms_f32.c ****                    A separate instance structure must be defined for each filter and
 105:.//Libraries/CMSIS/DSP/Source/FilteringFunctions/arm_lms_f32.c ****                    coefficient and state arrays cannot be shared among instances.
 106:.//Libraries/CMSIS/DSP/Source/FilteringFunctions/arm_lms_f32.c ****                    There are separate instance structure declarations for each of the 3 supported d
 107:.//Libraries/CMSIS/DSP/Source/FilteringFunctions/arm_lms_f32.c **** 
 108:.//Libraries/CMSIS/DSP/Source/FilteringFunctions/arm_lms_f32.c ****   @par           Initialization Functions
 109:.//Libraries/CMSIS/DSP/Source/FilteringFunctions/arm_lms_f32.c ****                    There is also an associated initialization function for each data type.
 110:.//Libraries/CMSIS/DSP/Source/FilteringFunctions/arm_lms_f32.c ****                    The initialization function performs the following operations:
 111:.//Libraries/CMSIS/DSP/Source/FilteringFunctions/arm_lms_f32.c ****                    - Sets the values of the internal structure fields.
 112:.//Libraries/CMSIS/DSP/Source/FilteringFunctions/arm_lms_f32.c ****                    - Zeros out the values in the state buffer.
 113:.//Libraries/CMSIS/DSP/Source/FilteringFunctions/arm_lms_f32.c ****                    To do this manually without calling the init function, assign the follow subfiel
 114:.//Libraries/CMSIS/DSP/Source/FilteringFunctions/arm_lms_f32.c ****                    numTaps, pCoeffs, mu, postShift (not for f32), pState. Also set all of the value
 115:.//Libraries/CMSIS/DSP/Source/FilteringFunctions/arm_lms_f32.c **** 
 116:.//Libraries/CMSIS/DSP/Source/FilteringFunctions/arm_lms_f32.c ****   @par
 117:.//Libraries/CMSIS/DSP/Source/FilteringFunctions/arm_lms_f32.c ****                  Use of the initialization function is optional.
 118:.//Libraries/CMSIS/DSP/Source/FilteringFunctions/arm_lms_f32.c ****                  However, if the initialization function is used, then the instance structure canno
 119:.//Libraries/CMSIS/DSP/Source/FilteringFunctions/arm_lms_f32.c ****                  To place an instance structure into a const data section, the instance structure m
 120:.//Libraries/CMSIS/DSP/Source/FilteringFunctions/arm_lms_f32.c ****                  Set the values in the state buffer to zeros before static initialization.
 121:.//Libraries/CMSIS/DSP/Source/FilteringFunctions/arm_lms_f32.c ****                  The code below statically initializes each of the 3 different data type filter ins
 122:.//Libraries/CMSIS/DSP/Source/FilteringFunctions/arm_lms_f32.c ****   <pre>
 123:.//Libraries/CMSIS/DSP/Source/FilteringFunctions/arm_lms_f32.c ****      arm_lms_instance_f32 S = {numTaps, pState, pCoeffs, mu};
 124:.//Libraries/CMSIS/DSP/Source/FilteringFunctions/arm_lms_f32.c ****      arm_lms_instance_q31 S = {numTaps, pState, pCoeffs, mu, postShift};
 125:.//Libraries/CMSIS/DSP/Source/FilteringFunctions/arm_lms_f32.c ****      arm_lms_instance_q15 S = {numTaps, pState, pCoeffs, mu, postShift};
 126:.//Libraries/CMSIS/DSP/Source/FilteringFunctions/arm_lms_f32.c ****   </pre>
 127:.//Libraries/CMSIS/DSP/Source/FilteringFunctions/arm_lms_f32.c ****                  where <code>numTaps</code> is the number of filter coefficients in the filter; <co
 128:.//Libraries/CMSIS/DSP/Source/FilteringFunctions/arm_lms_f32.c ****                  <code>pCoeffs</code> is the address of the coefficient buffer; <code>mu</code> is 
 129:.//Libraries/CMSIS/DSP/Source/FilteringFunctions/arm_lms_f32.c **** 
 130:.//Libraries/CMSIS/DSP/Source/FilteringFunctions/arm_lms_f32.c ****   @par           Fixed-Point Behavior
 131:.//Libraries/CMSIS/DSP/Source/FilteringFunctions/arm_lms_f32.c ****                    Care must be taken when using the Q15 and Q31 versions of the LMS filter.
 132:.//Libraries/CMSIS/DSP/Source/FilteringFunctions/arm_lms_f32.c ****                    The following issues must be considered:
 133:.//Libraries/CMSIS/DSP/Source/FilteringFunctions/arm_lms_f32.c ****                    - Scaling of coefficients
 134:.//Libraries/CMSIS/DSP/Source/FilteringFunctions/arm_lms_f32.c ****                    - Overflow and saturation
 135:.//Libraries/CMSIS/DSP/Source/FilteringFunctions/arm_lms_f32.c **** 
 136:.//Libraries/CMSIS/DSP/Source/FilteringFunctions/arm_lms_f32.c ****   @par           Scaling of Coefficients
 137:.//Libraries/CMSIS/DSP/Source/FilteringFunctions/arm_lms_f32.c ****                    Filter coefficients are represented as fractional values and
 138:.//Libraries/CMSIS/DSP/Source/FilteringFunctions/arm_lms_f32.c ****                    coefficients are restricted to lie in the range <code>[-1 +1)</code>.
 139:.//Libraries/CMSIS/DSP/Source/FilteringFunctions/arm_lms_f32.c ****                    The fixed-point functions have an additional scaling parameter <code>postShift</
 140:.//Libraries/CMSIS/DSP/Source/FilteringFunctions/arm_lms_f32.c ****                    At the output of the filter's accumulator is a shift register which shifts the r
 141:.//Libraries/CMSIS/DSP/Source/FilteringFunctions/arm_lms_f32.c ****                    This essentially scales the filter coefficients by <code>2^postShift</code> and
 142:.//Libraries/CMSIS/DSP/Source/FilteringFunctions/arm_lms_f32.c ****                    allows the filter coefficients to exceed the range <code>[+1 -1)</code>.
 143:.//Libraries/CMSIS/DSP/Source/FilteringFunctions/arm_lms_f32.c ****                    The value of <code>postShift</code> is set by the user based on the expected gai
ARM GAS  /var/folders/wl/rshn8xbx1dsfj1zgryf4g1240000gn/T//ccKX0LGe.s 			page 4


 144:.//Libraries/CMSIS/DSP/Source/FilteringFunctions/arm_lms_f32.c **** 
 145:.//Libraries/CMSIS/DSP/Source/FilteringFunctions/arm_lms_f32.c ****   @par           Overflow and Saturation
 146:.//Libraries/CMSIS/DSP/Source/FilteringFunctions/arm_lms_f32.c ****                    Overflow and saturation behavior of the fixed-point Q15 and Q31 versions are
 147:.//Libraries/CMSIS/DSP/Source/FilteringFunctions/arm_lms_f32.c ****                    described separately as part of the function specific documentation below.
 148:.//Libraries/CMSIS/DSP/Source/FilteringFunctions/arm_lms_f32.c ****  */
 149:.//Libraries/CMSIS/DSP/Source/FilteringFunctions/arm_lms_f32.c **** 
 150:.//Libraries/CMSIS/DSP/Source/FilteringFunctions/arm_lms_f32.c **** /**
 151:.//Libraries/CMSIS/DSP/Source/FilteringFunctions/arm_lms_f32.c ****   @addtogroup LMS
 152:.//Libraries/CMSIS/DSP/Source/FilteringFunctions/arm_lms_f32.c ****   @{
 153:.//Libraries/CMSIS/DSP/Source/FilteringFunctions/arm_lms_f32.c ****  */
 154:.//Libraries/CMSIS/DSP/Source/FilteringFunctions/arm_lms_f32.c **** 
 155:.//Libraries/CMSIS/DSP/Source/FilteringFunctions/arm_lms_f32.c **** /**
 156:.//Libraries/CMSIS/DSP/Source/FilteringFunctions/arm_lms_f32.c ****   @brief         Processing function for floating-point LMS filter.
 157:.//Libraries/CMSIS/DSP/Source/FilteringFunctions/arm_lms_f32.c ****   @param[in]     S          points to an instance of the floating-point LMS filter structure
 158:.//Libraries/CMSIS/DSP/Source/FilteringFunctions/arm_lms_f32.c ****   @param[in]     pSrc       points to the block of input data
 159:.//Libraries/CMSIS/DSP/Source/FilteringFunctions/arm_lms_f32.c ****   @param[in]     pRef       points to the block of reference data
 160:.//Libraries/CMSIS/DSP/Source/FilteringFunctions/arm_lms_f32.c ****   @param[out]    pOut       points to the block of output data
 161:.//Libraries/CMSIS/DSP/Source/FilteringFunctions/arm_lms_f32.c ****   @param[out]    pErr       points to the block of error data
 162:.//Libraries/CMSIS/DSP/Source/FilteringFunctions/arm_lms_f32.c ****   @param[in]     blockSize  number of samples to process
 163:.//Libraries/CMSIS/DSP/Source/FilteringFunctions/arm_lms_f32.c ****   @return        none
 164:.//Libraries/CMSIS/DSP/Source/FilteringFunctions/arm_lms_f32.c ****  */
 165:.//Libraries/CMSIS/DSP/Source/FilteringFunctions/arm_lms_f32.c **** #if defined(ARM_MATH_NEON)
 166:.//Libraries/CMSIS/DSP/Source/FilteringFunctions/arm_lms_f32.c **** void arm_lms_f32(
 167:.//Libraries/CMSIS/DSP/Source/FilteringFunctions/arm_lms_f32.c ****   const arm_lms_instance_f32 * S,
 168:.//Libraries/CMSIS/DSP/Source/FilteringFunctions/arm_lms_f32.c ****   const float32_t * pSrc,
 169:.//Libraries/CMSIS/DSP/Source/FilteringFunctions/arm_lms_f32.c ****   float32_t * pRef,
 170:.//Libraries/CMSIS/DSP/Source/FilteringFunctions/arm_lms_f32.c ****   float32_t * pOut,
 171:.//Libraries/CMSIS/DSP/Source/FilteringFunctions/arm_lms_f32.c ****   float32_t * pErr,
 172:.//Libraries/CMSIS/DSP/Source/FilteringFunctions/arm_lms_f32.c ****   uint32_t blockSize)
 173:.//Libraries/CMSIS/DSP/Source/FilteringFunctions/arm_lms_f32.c **** {
 174:.//Libraries/CMSIS/DSP/Source/FilteringFunctions/arm_lms_f32.c ****   float32_t *pState = S->pState;                 /* State pointer */
 175:.//Libraries/CMSIS/DSP/Source/FilteringFunctions/arm_lms_f32.c ****   float32_t *pCoeffs = S->pCoeffs;               /* Coefficient pointer */
 176:.//Libraries/CMSIS/DSP/Source/FilteringFunctions/arm_lms_f32.c ****   float32_t *pStateCurnt;                        /* Points to the current sample of the state */
 177:.//Libraries/CMSIS/DSP/Source/FilteringFunctions/arm_lms_f32.c ****   float32_t *px, *pb;                            /* Temporary pointers for state and coefficient bu
 178:.//Libraries/CMSIS/DSP/Source/FilteringFunctions/arm_lms_f32.c ****   float32_t mu = S->mu;                          /* Adaptive factor */
 179:.//Libraries/CMSIS/DSP/Source/FilteringFunctions/arm_lms_f32.c ****   uint32_t numTaps = S->numTaps;                 /* Number of filter coefficients in the filter */
 180:.//Libraries/CMSIS/DSP/Source/FilteringFunctions/arm_lms_f32.c ****   uint32_t tapCnt, blkCnt;                       /* Loop counters */
 181:.//Libraries/CMSIS/DSP/Source/FilteringFunctions/arm_lms_f32.c ****   float32_t sum, e, d;                           /* accumulator, error, reference data sample */
 182:.//Libraries/CMSIS/DSP/Source/FilteringFunctions/arm_lms_f32.c ****   float32_t w = 0.0f;                            /* weight factor */
 183:.//Libraries/CMSIS/DSP/Source/FilteringFunctions/arm_lms_f32.c **** 
 184:.//Libraries/CMSIS/DSP/Source/FilteringFunctions/arm_lms_f32.c ****   float32x4_t tempV, sumV, xV, bV;
 185:.//Libraries/CMSIS/DSP/Source/FilteringFunctions/arm_lms_f32.c ****   float32x2_t tempV2;
 186:.//Libraries/CMSIS/DSP/Source/FilteringFunctions/arm_lms_f32.c **** 
 187:.//Libraries/CMSIS/DSP/Source/FilteringFunctions/arm_lms_f32.c ****   e = 0.0f;
 188:.//Libraries/CMSIS/DSP/Source/FilteringFunctions/arm_lms_f32.c ****   d = 0.0f;
 189:.//Libraries/CMSIS/DSP/Source/FilteringFunctions/arm_lms_f32.c **** 
 190:.//Libraries/CMSIS/DSP/Source/FilteringFunctions/arm_lms_f32.c ****   /* S->pState points to state array which contains previous frame (numTaps - 1) samples */
 191:.//Libraries/CMSIS/DSP/Source/FilteringFunctions/arm_lms_f32.c ****   /* pStateCurnt points to the location where the new input data should be written */
 192:.//Libraries/CMSIS/DSP/Source/FilteringFunctions/arm_lms_f32.c ****   pStateCurnt = &(S->pState[(numTaps - 1U)]);
 193:.//Libraries/CMSIS/DSP/Source/FilteringFunctions/arm_lms_f32.c **** 
 194:.//Libraries/CMSIS/DSP/Source/FilteringFunctions/arm_lms_f32.c ****   blkCnt = blockSize;
 195:.//Libraries/CMSIS/DSP/Source/FilteringFunctions/arm_lms_f32.c **** 
 196:.//Libraries/CMSIS/DSP/Source/FilteringFunctions/arm_lms_f32.c ****   while (blkCnt > 0U)
 197:.//Libraries/CMSIS/DSP/Source/FilteringFunctions/arm_lms_f32.c ****   {
 198:.//Libraries/CMSIS/DSP/Source/FilteringFunctions/arm_lms_f32.c ****     /* Copy the new input sample into the state buffer */
 199:.//Libraries/CMSIS/DSP/Source/FilteringFunctions/arm_lms_f32.c ****     *pStateCurnt++ = *pSrc++;
 200:.//Libraries/CMSIS/DSP/Source/FilteringFunctions/arm_lms_f32.c **** 
ARM GAS  /var/folders/wl/rshn8xbx1dsfj1zgryf4g1240000gn/T//ccKX0LGe.s 			page 5


 201:.//Libraries/CMSIS/DSP/Source/FilteringFunctions/arm_lms_f32.c ****     /* Initialize pState pointer */
 202:.//Libraries/CMSIS/DSP/Source/FilteringFunctions/arm_lms_f32.c ****     px = pState;
 203:.//Libraries/CMSIS/DSP/Source/FilteringFunctions/arm_lms_f32.c **** 
 204:.//Libraries/CMSIS/DSP/Source/FilteringFunctions/arm_lms_f32.c ****     /* Initialize coeff pointer */
 205:.//Libraries/CMSIS/DSP/Source/FilteringFunctions/arm_lms_f32.c ****     pb = (pCoeffs);
 206:.//Libraries/CMSIS/DSP/Source/FilteringFunctions/arm_lms_f32.c **** 
 207:.//Libraries/CMSIS/DSP/Source/FilteringFunctions/arm_lms_f32.c ****     /* Set the accumulator to zero */
 208:.//Libraries/CMSIS/DSP/Source/FilteringFunctions/arm_lms_f32.c ****     sum = 0.0f;
 209:.//Libraries/CMSIS/DSP/Source/FilteringFunctions/arm_lms_f32.c ****     sumV = vdupq_n_f32(0.0);
 210:.//Libraries/CMSIS/DSP/Source/FilteringFunctions/arm_lms_f32.c **** 
 211:.//Libraries/CMSIS/DSP/Source/FilteringFunctions/arm_lms_f32.c ****     /* Process 4 taps at a time. */
 212:.//Libraries/CMSIS/DSP/Source/FilteringFunctions/arm_lms_f32.c ****     tapCnt = numTaps >> 2;
 213:.//Libraries/CMSIS/DSP/Source/FilteringFunctions/arm_lms_f32.c **** 
 214:.//Libraries/CMSIS/DSP/Source/FilteringFunctions/arm_lms_f32.c ****     while (tapCnt > 0U)
 215:.//Libraries/CMSIS/DSP/Source/FilteringFunctions/arm_lms_f32.c ****     {
 216:.//Libraries/CMSIS/DSP/Source/FilteringFunctions/arm_lms_f32.c ****       /* Perform the multiply-accumulate */
 217:.//Libraries/CMSIS/DSP/Source/FilteringFunctions/arm_lms_f32.c ****       xV = vld1q_f32(px);
 218:.//Libraries/CMSIS/DSP/Source/FilteringFunctions/arm_lms_f32.c ****       bV = vld1q_f32(pb);
 219:.//Libraries/CMSIS/DSP/Source/FilteringFunctions/arm_lms_f32.c ****       sumV = vmlaq_f32(sumV, xV, bV);
 220:.//Libraries/CMSIS/DSP/Source/FilteringFunctions/arm_lms_f32.c **** 
 221:.//Libraries/CMSIS/DSP/Source/FilteringFunctions/arm_lms_f32.c ****       px += 4; 
 222:.//Libraries/CMSIS/DSP/Source/FilteringFunctions/arm_lms_f32.c ****       pb += 4;
 223:.//Libraries/CMSIS/DSP/Source/FilteringFunctions/arm_lms_f32.c **** 
 224:.//Libraries/CMSIS/DSP/Source/FilteringFunctions/arm_lms_f32.c ****       /* Decrement the loop counter */
 225:.//Libraries/CMSIS/DSP/Source/FilteringFunctions/arm_lms_f32.c ****       tapCnt--;
 226:.//Libraries/CMSIS/DSP/Source/FilteringFunctions/arm_lms_f32.c ****     }
 227:.//Libraries/CMSIS/DSP/Source/FilteringFunctions/arm_lms_f32.c ****     tempV2 = vpadd_f32(vget_low_f32(sumV),vget_high_f32(sumV));
 228:.//Libraries/CMSIS/DSP/Source/FilteringFunctions/arm_lms_f32.c ****     sum = tempV2[0] + tempV2[1];
 229:.//Libraries/CMSIS/DSP/Source/FilteringFunctions/arm_lms_f32.c **** 
 230:.//Libraries/CMSIS/DSP/Source/FilteringFunctions/arm_lms_f32.c **** 
 231:.//Libraries/CMSIS/DSP/Source/FilteringFunctions/arm_lms_f32.c ****     /* If the filter length is not a multiple of 4, compute the remaining filter taps */
 232:.//Libraries/CMSIS/DSP/Source/FilteringFunctions/arm_lms_f32.c ****     tapCnt = numTaps % 0x4U;
 233:.//Libraries/CMSIS/DSP/Source/FilteringFunctions/arm_lms_f32.c **** 
 234:.//Libraries/CMSIS/DSP/Source/FilteringFunctions/arm_lms_f32.c ****     while (tapCnt > 0U)
 235:.//Libraries/CMSIS/DSP/Source/FilteringFunctions/arm_lms_f32.c ****     {
 236:.//Libraries/CMSIS/DSP/Source/FilteringFunctions/arm_lms_f32.c ****       /* Perform the multiply-accumulate */
 237:.//Libraries/CMSIS/DSP/Source/FilteringFunctions/arm_lms_f32.c ****       sum += (*px++) * (*pb++);
 238:.//Libraries/CMSIS/DSP/Source/FilteringFunctions/arm_lms_f32.c **** 
 239:.//Libraries/CMSIS/DSP/Source/FilteringFunctions/arm_lms_f32.c ****       /* Decrement the loop counter */
 240:.//Libraries/CMSIS/DSP/Source/FilteringFunctions/arm_lms_f32.c ****       tapCnt--;
 241:.//Libraries/CMSIS/DSP/Source/FilteringFunctions/arm_lms_f32.c ****     }
 242:.//Libraries/CMSIS/DSP/Source/FilteringFunctions/arm_lms_f32.c **** 
 243:.//Libraries/CMSIS/DSP/Source/FilteringFunctions/arm_lms_f32.c ****     /* The result in the accumulator, store in the destination buffer. */
 244:.//Libraries/CMSIS/DSP/Source/FilteringFunctions/arm_lms_f32.c ****     *pOut++ = sum;
 245:.//Libraries/CMSIS/DSP/Source/FilteringFunctions/arm_lms_f32.c **** 
 246:.//Libraries/CMSIS/DSP/Source/FilteringFunctions/arm_lms_f32.c ****     /* Compute and store error */
 247:.//Libraries/CMSIS/DSP/Source/FilteringFunctions/arm_lms_f32.c ****     d = (float32_t) (*pRef++);
 248:.//Libraries/CMSIS/DSP/Source/FilteringFunctions/arm_lms_f32.c ****     e = d - sum;
 249:.//Libraries/CMSIS/DSP/Source/FilteringFunctions/arm_lms_f32.c ****     *pErr++ = e;
 250:.//Libraries/CMSIS/DSP/Source/FilteringFunctions/arm_lms_f32.c **** 
 251:.//Libraries/CMSIS/DSP/Source/FilteringFunctions/arm_lms_f32.c ****     /* Calculation of Weighting factor for the updating filter coefficients */
 252:.//Libraries/CMSIS/DSP/Source/FilteringFunctions/arm_lms_f32.c ****     w = e * mu;
 253:.//Libraries/CMSIS/DSP/Source/FilteringFunctions/arm_lms_f32.c **** 
 254:.//Libraries/CMSIS/DSP/Source/FilteringFunctions/arm_lms_f32.c ****     /* Initialize pState pointer */
 255:.//Libraries/CMSIS/DSP/Source/FilteringFunctions/arm_lms_f32.c ****     px = pState;
 256:.//Libraries/CMSIS/DSP/Source/FilteringFunctions/arm_lms_f32.c **** 
 257:.//Libraries/CMSIS/DSP/Source/FilteringFunctions/arm_lms_f32.c ****     /* Initialize coeff pointer */
ARM GAS  /var/folders/wl/rshn8xbx1dsfj1zgryf4g1240000gn/T//ccKX0LGe.s 			page 6


 258:.//Libraries/CMSIS/DSP/Source/FilteringFunctions/arm_lms_f32.c ****     pb = (pCoeffs);
 259:.//Libraries/CMSIS/DSP/Source/FilteringFunctions/arm_lms_f32.c **** 
 260:.//Libraries/CMSIS/DSP/Source/FilteringFunctions/arm_lms_f32.c ****     /* Process 4 taps at a time. */
 261:.//Libraries/CMSIS/DSP/Source/FilteringFunctions/arm_lms_f32.c ****     tapCnt = numTaps >> 2;
 262:.//Libraries/CMSIS/DSP/Source/FilteringFunctions/arm_lms_f32.c **** 
 263:.//Libraries/CMSIS/DSP/Source/FilteringFunctions/arm_lms_f32.c ****     /* Update filter coefficients */
 264:.//Libraries/CMSIS/DSP/Source/FilteringFunctions/arm_lms_f32.c ****     while (tapCnt > 0U)
 265:.//Libraries/CMSIS/DSP/Source/FilteringFunctions/arm_lms_f32.c ****     {
 266:.//Libraries/CMSIS/DSP/Source/FilteringFunctions/arm_lms_f32.c ****       /* Perform the multiply-accumulate */
 267:.//Libraries/CMSIS/DSP/Source/FilteringFunctions/arm_lms_f32.c ****       xV = vld1q_f32(px);
 268:.//Libraries/CMSIS/DSP/Source/FilteringFunctions/arm_lms_f32.c ****       bV = vld1q_f32(pb);
 269:.//Libraries/CMSIS/DSP/Source/FilteringFunctions/arm_lms_f32.c ****       px += 4;
 270:.//Libraries/CMSIS/DSP/Source/FilteringFunctions/arm_lms_f32.c ****       bV = vmlaq_n_f32(bV,xV,w);
 271:.//Libraries/CMSIS/DSP/Source/FilteringFunctions/arm_lms_f32.c **** 
 272:.//Libraries/CMSIS/DSP/Source/FilteringFunctions/arm_lms_f32.c ****       vst1q_f32(pb,bV); 
 273:.//Libraries/CMSIS/DSP/Source/FilteringFunctions/arm_lms_f32.c ****       pb += 4;
 274:.//Libraries/CMSIS/DSP/Source/FilteringFunctions/arm_lms_f32.c **** 
 275:.//Libraries/CMSIS/DSP/Source/FilteringFunctions/arm_lms_f32.c **** 
 276:.//Libraries/CMSIS/DSP/Source/FilteringFunctions/arm_lms_f32.c ****       /* Decrement the loop counter */
 277:.//Libraries/CMSIS/DSP/Source/FilteringFunctions/arm_lms_f32.c ****       tapCnt--;
 278:.//Libraries/CMSIS/DSP/Source/FilteringFunctions/arm_lms_f32.c ****     }
 279:.//Libraries/CMSIS/DSP/Source/FilteringFunctions/arm_lms_f32.c **** 
 280:.//Libraries/CMSIS/DSP/Source/FilteringFunctions/arm_lms_f32.c ****     /* If the filter length is not a multiple of 4, compute the remaining filter taps */
 281:.//Libraries/CMSIS/DSP/Source/FilteringFunctions/arm_lms_f32.c ****     tapCnt = numTaps % 0x4U;
 282:.//Libraries/CMSIS/DSP/Source/FilteringFunctions/arm_lms_f32.c **** 
 283:.//Libraries/CMSIS/DSP/Source/FilteringFunctions/arm_lms_f32.c ****     while (tapCnt > 0U)
 284:.//Libraries/CMSIS/DSP/Source/FilteringFunctions/arm_lms_f32.c ****     {
 285:.//Libraries/CMSIS/DSP/Source/FilteringFunctions/arm_lms_f32.c ****       /* Perform the multiply-accumulate */
 286:.//Libraries/CMSIS/DSP/Source/FilteringFunctions/arm_lms_f32.c ****       *pb = *pb + (w * (*px++));
 287:.//Libraries/CMSIS/DSP/Source/FilteringFunctions/arm_lms_f32.c ****       pb++;
 288:.//Libraries/CMSIS/DSP/Source/FilteringFunctions/arm_lms_f32.c **** 
 289:.//Libraries/CMSIS/DSP/Source/FilteringFunctions/arm_lms_f32.c ****       /* Decrement the loop counter */
 290:.//Libraries/CMSIS/DSP/Source/FilteringFunctions/arm_lms_f32.c ****       tapCnt--;
 291:.//Libraries/CMSIS/DSP/Source/FilteringFunctions/arm_lms_f32.c ****     }
 292:.//Libraries/CMSIS/DSP/Source/FilteringFunctions/arm_lms_f32.c **** 
 293:.//Libraries/CMSIS/DSP/Source/FilteringFunctions/arm_lms_f32.c ****     /* Advance state pointer by 1 for the next sample */
 294:.//Libraries/CMSIS/DSP/Source/FilteringFunctions/arm_lms_f32.c ****     pState = pState + 1;
 295:.//Libraries/CMSIS/DSP/Source/FilteringFunctions/arm_lms_f32.c **** 
 296:.//Libraries/CMSIS/DSP/Source/FilteringFunctions/arm_lms_f32.c ****     /* Decrement the loop counter */
 297:.//Libraries/CMSIS/DSP/Source/FilteringFunctions/arm_lms_f32.c ****     blkCnt--;
 298:.//Libraries/CMSIS/DSP/Source/FilteringFunctions/arm_lms_f32.c ****   }
 299:.//Libraries/CMSIS/DSP/Source/FilteringFunctions/arm_lms_f32.c **** 
 300:.//Libraries/CMSIS/DSP/Source/FilteringFunctions/arm_lms_f32.c **** 
 301:.//Libraries/CMSIS/DSP/Source/FilteringFunctions/arm_lms_f32.c ****   /* Processing is complete. Now copy the last numTaps - 1 samples to the
 302:.//Libraries/CMSIS/DSP/Source/FilteringFunctions/arm_lms_f32.c ****      satrt of the state buffer. This prepares the state buffer for the
 303:.//Libraries/CMSIS/DSP/Source/FilteringFunctions/arm_lms_f32.c ****      next function call. */
 304:.//Libraries/CMSIS/DSP/Source/FilteringFunctions/arm_lms_f32.c **** 
 305:.//Libraries/CMSIS/DSP/Source/FilteringFunctions/arm_lms_f32.c ****   /* Points to the start of the pState buffer */
 306:.//Libraries/CMSIS/DSP/Source/FilteringFunctions/arm_lms_f32.c ****   pStateCurnt = S->pState;
 307:.//Libraries/CMSIS/DSP/Source/FilteringFunctions/arm_lms_f32.c **** 
 308:.//Libraries/CMSIS/DSP/Source/FilteringFunctions/arm_lms_f32.c ****   /* Process 4 taps at a time for (numTaps - 1U) samples copy */
 309:.//Libraries/CMSIS/DSP/Source/FilteringFunctions/arm_lms_f32.c ****   tapCnt = (numTaps - 1U) >> 2U;
 310:.//Libraries/CMSIS/DSP/Source/FilteringFunctions/arm_lms_f32.c **** 
 311:.//Libraries/CMSIS/DSP/Source/FilteringFunctions/arm_lms_f32.c ****   /* copy data */
 312:.//Libraries/CMSIS/DSP/Source/FilteringFunctions/arm_lms_f32.c ****   while (tapCnt > 0U)
 313:.//Libraries/CMSIS/DSP/Source/FilteringFunctions/arm_lms_f32.c ****   {
 314:.//Libraries/CMSIS/DSP/Source/FilteringFunctions/arm_lms_f32.c ****     tempV = vld1q_f32(pState);
ARM GAS  /var/folders/wl/rshn8xbx1dsfj1zgryf4g1240000gn/T//ccKX0LGe.s 			page 7


 315:.//Libraries/CMSIS/DSP/Source/FilteringFunctions/arm_lms_f32.c ****     vst1q_f32(pStateCurnt,tempV); 
 316:.//Libraries/CMSIS/DSP/Source/FilteringFunctions/arm_lms_f32.c ****     pState += 4;
 317:.//Libraries/CMSIS/DSP/Source/FilteringFunctions/arm_lms_f32.c ****     pStateCurnt += 4;
 318:.//Libraries/CMSIS/DSP/Source/FilteringFunctions/arm_lms_f32.c **** 
 319:.//Libraries/CMSIS/DSP/Source/FilteringFunctions/arm_lms_f32.c ****     /* Decrement the loop counter */
 320:.//Libraries/CMSIS/DSP/Source/FilteringFunctions/arm_lms_f32.c ****     tapCnt--;
 321:.//Libraries/CMSIS/DSP/Source/FilteringFunctions/arm_lms_f32.c ****   }
 322:.//Libraries/CMSIS/DSP/Source/FilteringFunctions/arm_lms_f32.c **** 
 323:.//Libraries/CMSIS/DSP/Source/FilteringFunctions/arm_lms_f32.c ****   /* Calculate remaining number of copies */
 324:.//Libraries/CMSIS/DSP/Source/FilteringFunctions/arm_lms_f32.c ****   tapCnt = (numTaps - 1U) % 0x4U;
 325:.//Libraries/CMSIS/DSP/Source/FilteringFunctions/arm_lms_f32.c **** 
 326:.//Libraries/CMSIS/DSP/Source/FilteringFunctions/arm_lms_f32.c ****   /* Copy the remaining q31_t data */
 327:.//Libraries/CMSIS/DSP/Source/FilteringFunctions/arm_lms_f32.c ****   while (tapCnt > 0U)
 328:.//Libraries/CMSIS/DSP/Source/FilteringFunctions/arm_lms_f32.c ****   {
 329:.//Libraries/CMSIS/DSP/Source/FilteringFunctions/arm_lms_f32.c ****     *pStateCurnt++ = *pState++;
 330:.//Libraries/CMSIS/DSP/Source/FilteringFunctions/arm_lms_f32.c **** 
 331:.//Libraries/CMSIS/DSP/Source/FilteringFunctions/arm_lms_f32.c ****     /* Decrement the loop counter */
 332:.//Libraries/CMSIS/DSP/Source/FilteringFunctions/arm_lms_f32.c ****     tapCnt--;
 333:.//Libraries/CMSIS/DSP/Source/FilteringFunctions/arm_lms_f32.c ****   }
 334:.//Libraries/CMSIS/DSP/Source/FilteringFunctions/arm_lms_f32.c **** 
 335:.//Libraries/CMSIS/DSP/Source/FilteringFunctions/arm_lms_f32.c **** 
 336:.//Libraries/CMSIS/DSP/Source/FilteringFunctions/arm_lms_f32.c **** }
 337:.//Libraries/CMSIS/DSP/Source/FilteringFunctions/arm_lms_f32.c **** #else
 338:.//Libraries/CMSIS/DSP/Source/FilteringFunctions/arm_lms_f32.c **** void arm_lms_f32(
 339:.//Libraries/CMSIS/DSP/Source/FilteringFunctions/arm_lms_f32.c ****   const arm_lms_instance_f32 * S,
 340:.//Libraries/CMSIS/DSP/Source/FilteringFunctions/arm_lms_f32.c ****   const float32_t * pSrc,
 341:.//Libraries/CMSIS/DSP/Source/FilteringFunctions/arm_lms_f32.c ****         float32_t * pRef,
 342:.//Libraries/CMSIS/DSP/Source/FilteringFunctions/arm_lms_f32.c ****         float32_t * pOut,
 343:.//Libraries/CMSIS/DSP/Source/FilteringFunctions/arm_lms_f32.c ****         float32_t * pErr,
 344:.//Libraries/CMSIS/DSP/Source/FilteringFunctions/arm_lms_f32.c ****         uint32_t blockSize)
 345:.//Libraries/CMSIS/DSP/Source/FilteringFunctions/arm_lms_f32.c **** {       
  30              		.loc 1 345 1 view -0
  31              		.cfi_startproc
  32              		@ args = 8, pretend = 0, frame = 0
  33              		@ frame_needed = 0, uses_anonymous_args = 0
  34              		.loc 1 345 1 is_stmt 0 view .LVU1
  35 0000 2DE9F04F 		push	{r4, r5, r6, r7, r8, r9, r10, fp, lr}
  36              	.LCFI0:
  37              		.cfi_def_cfa_offset 36
  38              		.cfi_offset 4, -36
  39              		.cfi_offset 5, -32
  40              		.cfi_offset 6, -28
  41              		.cfi_offset 7, -24
  42              		.cfi_offset 8, -20
  43              		.cfi_offset 9, -16
  44              		.cfi_offset 10, -12
  45              		.cfi_offset 11, -8
  46              		.cfi_offset 14, -4
 346:.//Libraries/CMSIS/DSP/Source/FilteringFunctions/arm_lms_f32.c ****         float32_t *pState = S->pState;                 /* State pointer */
 347:.//Libraries/CMSIS/DSP/Source/FilteringFunctions/arm_lms_f32.c ****         float32_t *pCoeffs = S->pCoeffs;               /* Coefficient pointer */
 348:.//Libraries/CMSIS/DSP/Source/FilteringFunctions/arm_lms_f32.c ****         float32_t *pStateCurnt;                        /* Points to the current sample of the state
 349:.//Libraries/CMSIS/DSP/Source/FilteringFunctions/arm_lms_f32.c ****         float32_t *px, *pb;                            /* Temporary pointers for state and coeffici
 350:.//Libraries/CMSIS/DSP/Source/FilteringFunctions/arm_lms_f32.c ****         float32_t mu = S->mu;                          /* Adaptive factor */
 351:.//Libraries/CMSIS/DSP/Source/FilteringFunctions/arm_lms_f32.c ****         float32_t acc, e;                              /* Accumulator, error */
 352:.//Libraries/CMSIS/DSP/Source/FilteringFunctions/arm_lms_f32.c ****         float32_t w;                                   /* Weight factor */
 353:.//Libraries/CMSIS/DSP/Source/FilteringFunctions/arm_lms_f32.c ****         uint32_t numTaps = S->numTaps;                 /* Number of filter coefficients in the filt
  47              		.loc 1 353 18 view .LVU2
ARM GAS  /var/folders/wl/rshn8xbx1dsfj1zgryf4g1240000gn/T//ccKX0LGe.s 			page 8


  48 0004 0588     		ldrh	r5, [r0]
 354:.//Libraries/CMSIS/DSP/Source/FilteringFunctions/arm_lms_f32.c ****         uint32_t tapCnt, blkCnt;                       /* Loop counters */
 355:.//Libraries/CMSIS/DSP/Source/FilteringFunctions/arm_lms_f32.c **** 
 356:.//Libraries/CMSIS/DSP/Source/FilteringFunctions/arm_lms_f32.c ****   /* Initializations of error,  difference, Coefficient update */
 357:.//Libraries/CMSIS/DSP/Source/FilteringFunctions/arm_lms_f32.c ****   e = 0.0f;
 358:.//Libraries/CMSIS/DSP/Source/FilteringFunctions/arm_lms_f32.c ****   w = 0.0f;
 359:.//Libraries/CMSIS/DSP/Source/FilteringFunctions/arm_lms_f32.c **** 
 360:.//Libraries/CMSIS/DSP/Source/FilteringFunctions/arm_lms_f32.c ****   /* S->pState points to state array which contains previous frame (numTaps - 1) samples */
 361:.//Libraries/CMSIS/DSP/Source/FilteringFunctions/arm_lms_f32.c ****   /* pStateCurnt points to the location where the new input data should be written */
 362:.//Libraries/CMSIS/DSP/Source/FilteringFunctions/arm_lms_f32.c ****   pStateCurnt = &(S->pState[(numTaps - 1U)]);
  49              		.loc 1 362 28 view .LVU3
  50 0006 6FF04044 		mvn	r4, #-1073741824
 346:.//Libraries/CMSIS/DSP/Source/FilteringFunctions/arm_lms_f32.c ****         float32_t *pState = S->pState;                 /* State pointer */
  51              		.loc 1 346 9 is_stmt 1 view .LVU4
 346:.//Libraries/CMSIS/DSP/Source/FilteringFunctions/arm_lms_f32.c ****         float32_t *pState = S->pState;                 /* State pointer */
  52              		.loc 1 346 20 is_stmt 0 view .LVU5
  53 000a D0F804A0 		ldr	r10, [r0, #4]
  54              	.LVL1:
 347:.//Libraries/CMSIS/DSP/Source/FilteringFunctions/arm_lms_f32.c ****         float32_t *pStateCurnt;                        /* Points to the current sample of the state
  55              		.loc 1 347 9 is_stmt 1 view .LVU6
  56              		.loc 1 362 28 is_stmt 0 view .LVU7
  57 000e 2C44     		add	r4, r4, r5
 347:.//Libraries/CMSIS/DSP/Source/FilteringFunctions/arm_lms_f32.c ****         float32_t *pStateCurnt;                        /* Points to the current sample of the state
  58              		.loc 1 347 20 view .LVU8
  59 0010 D0F808B0 		ldr	fp, [r0, #8]
  60              	.LVL2:
 348:.//Libraries/CMSIS/DSP/Source/FilteringFunctions/arm_lms_f32.c ****         float32_t *px, *pb;                            /* Temporary pointers for state and coeffici
  61              		.loc 1 348 9 is_stmt 1 view .LVU9
 349:.//Libraries/CMSIS/DSP/Source/FilteringFunctions/arm_lms_f32.c ****         float32_t mu = S->mu;                          /* Adaptive factor */
  62              		.loc 1 349 9 view .LVU10
 350:.//Libraries/CMSIS/DSP/Source/FilteringFunctions/arm_lms_f32.c ****         float32_t acc, e;                              /* Accumulator, error */
  63              		.loc 1 350 9 view .LVU11
 350:.//Libraries/CMSIS/DSP/Source/FilteringFunctions/arm_lms_f32.c ****         float32_t acc, e;                              /* Accumulator, error */
  64              		.loc 1 350 19 is_stmt 0 view .LVU12
  65 0014 90ED036A 		vldr.32	s12, [r0, #12]
  66              	.LVL3:
 351:.//Libraries/CMSIS/DSP/Source/FilteringFunctions/arm_lms_f32.c ****         float32_t w;                                   /* Weight factor */
  67              		.loc 1 351 9 is_stmt 1 view .LVU13
 352:.//Libraries/CMSIS/DSP/Source/FilteringFunctions/arm_lms_f32.c ****         uint32_t numTaps = S->numTaps;                 /* Number of filter coefficients in the filt
  68              		.loc 1 352 9 view .LVU14
 353:.//Libraries/CMSIS/DSP/Source/FilteringFunctions/arm_lms_f32.c ****         uint32_t tapCnt, blkCnt;                       /* Loop counters */
  69              		.loc 1 353 9 view .LVU15
 354:.//Libraries/CMSIS/DSP/Source/FilteringFunctions/arm_lms_f32.c **** 
  70              		.loc 1 354 9 view .LVU16
 357:.//Libraries/CMSIS/DSP/Source/FilteringFunctions/arm_lms_f32.c ****   w = 0.0f;
  71              		.loc 1 357 3 view .LVU17
 358:.//Libraries/CMSIS/DSP/Source/FilteringFunctions/arm_lms_f32.c **** 
  72              		.loc 1 358 3 view .LVU18
  73              		.loc 1 362 3 view .LVU19
 363:.//Libraries/CMSIS/DSP/Source/FilteringFunctions/arm_lms_f32.c **** 
 364:.//Libraries/CMSIS/DSP/Source/FilteringFunctions/arm_lms_f32.c ****   /* initialise loop count */
 365:.//Libraries/CMSIS/DSP/Source/FilteringFunctions/arm_lms_f32.c ****   blkCnt = blockSize;
  74              		.loc 1 365 3 view .LVU20
 366:.//Libraries/CMSIS/DSP/Source/FilteringFunctions/arm_lms_f32.c **** 
 367:.//Libraries/CMSIS/DSP/Source/FilteringFunctions/arm_lms_f32.c ****   while (blkCnt > 0U)
  75              		.loc 1 367 3 view .LVU21
  76              		.loc 1 367 9 view .LVU22
ARM GAS  /var/folders/wl/rshn8xbx1dsfj1zgryf4g1240000gn/T//ccKX0LGe.s 			page 9


  77 0018 0A98     		ldr	r0, [sp, #40]
  78              	.LVL4:
 362:.//Libraries/CMSIS/DSP/Source/FilteringFunctions/arm_lms_f32.c **** 
  79              		.loc 1 362 15 is_stmt 0 view .LVU23
  80 001a 0AEB8409 		add	r9, r10, r4, lsl #2
  81              		.loc 1 367 9 view .LVU24
  82 001e 0028     		cmp	r0, #0
  83 0020 51D0     		beq	.L11
  84 0022 03F1040C 		add	ip, r3, #4
  85 0026 099B     		ldr	r3, [sp, #36]
  86              	.LVL5:
  87              		.loc 1 367 9 view .LVU25
  88 0028 171D     		adds	r7, r2, #4
  89 002a 5646     		mov	r6, r10
  90 002c 03F1040E 		add	lr, r3, #4
  91 0030 8046     		mov	r8, r0
 368:.//Libraries/CMSIS/DSP/Source/FilteringFunctions/arm_lms_f32.c ****   {
 369:.//Libraries/CMSIS/DSP/Source/FilteringFunctions/arm_lms_f32.c ****     /* Copy the new input sample into the state buffer */
 370:.//Libraries/CMSIS/DSP/Source/FilteringFunctions/arm_lms_f32.c ****     *pStateCurnt++ = *pSrc++;
 371:.//Libraries/CMSIS/DSP/Source/FilteringFunctions/arm_lms_f32.c **** 
 372:.//Libraries/CMSIS/DSP/Source/FilteringFunctions/arm_lms_f32.c ****     /* Initialize pState pointer */
 373:.//Libraries/CMSIS/DSP/Source/FilteringFunctions/arm_lms_f32.c ****     px = pState;
 374:.//Libraries/CMSIS/DSP/Source/FilteringFunctions/arm_lms_f32.c **** 
 375:.//Libraries/CMSIS/DSP/Source/FilteringFunctions/arm_lms_f32.c ****     /* Initialize coefficient pointer */
 376:.//Libraries/CMSIS/DSP/Source/FilteringFunctions/arm_lms_f32.c ****     pb = pCoeffs;
 377:.//Libraries/CMSIS/DSP/Source/FilteringFunctions/arm_lms_f32.c **** 
 378:.//Libraries/CMSIS/DSP/Source/FilteringFunctions/arm_lms_f32.c ****     /* Set the accumulator to zero */
 379:.//Libraries/CMSIS/DSP/Source/FilteringFunctions/arm_lms_f32.c ****     acc = 0.0f;
 380:.//Libraries/CMSIS/DSP/Source/FilteringFunctions/arm_lms_f32.c **** 
 381:.//Libraries/CMSIS/DSP/Source/FilteringFunctions/arm_lms_f32.c **** #if defined (ARM_MATH_LOOPUNROLL)
 382:.//Libraries/CMSIS/DSP/Source/FilteringFunctions/arm_lms_f32.c **** 
 383:.//Libraries/CMSIS/DSP/Source/FilteringFunctions/arm_lms_f32.c ****     /* Loop unrolling: Compute 4 taps at a time. */
 384:.//Libraries/CMSIS/DSP/Source/FilteringFunctions/arm_lms_f32.c ****     tapCnt = numTaps >> 2U;
 385:.//Libraries/CMSIS/DSP/Source/FilteringFunctions/arm_lms_f32.c **** 
 386:.//Libraries/CMSIS/DSP/Source/FilteringFunctions/arm_lms_f32.c ****     while (tapCnt > 0U)
 387:.//Libraries/CMSIS/DSP/Source/FilteringFunctions/arm_lms_f32.c ****     {
 388:.//Libraries/CMSIS/DSP/Source/FilteringFunctions/arm_lms_f32.c ****       /* Perform the multiply-accumulate */
 389:.//Libraries/CMSIS/DSP/Source/FilteringFunctions/arm_lms_f32.c ****       acc += (*px++) * (*pb++);
 390:.//Libraries/CMSIS/DSP/Source/FilteringFunctions/arm_lms_f32.c **** 
 391:.//Libraries/CMSIS/DSP/Source/FilteringFunctions/arm_lms_f32.c ****       acc += (*px++) * (*pb++);
 392:.//Libraries/CMSIS/DSP/Source/FilteringFunctions/arm_lms_f32.c **** 
 393:.//Libraries/CMSIS/DSP/Source/FilteringFunctions/arm_lms_f32.c ****       acc += (*px++) * (*pb++);
 394:.//Libraries/CMSIS/DSP/Source/FilteringFunctions/arm_lms_f32.c **** 
 395:.//Libraries/CMSIS/DSP/Source/FilteringFunctions/arm_lms_f32.c ****       acc += (*px++) * (*pb++);
 396:.//Libraries/CMSIS/DSP/Source/FilteringFunctions/arm_lms_f32.c **** 
 397:.//Libraries/CMSIS/DSP/Source/FilteringFunctions/arm_lms_f32.c ****       /* Decrement loop counter */
 398:.//Libraries/CMSIS/DSP/Source/FilteringFunctions/arm_lms_f32.c ****       tapCnt--;
 399:.//Libraries/CMSIS/DSP/Source/FilteringFunctions/arm_lms_f32.c ****     }
 400:.//Libraries/CMSIS/DSP/Source/FilteringFunctions/arm_lms_f32.c **** 
 401:.//Libraries/CMSIS/DSP/Source/FilteringFunctions/arm_lms_f32.c ****     /* Loop unrolling: Compute remaining taps */
 402:.//Libraries/CMSIS/DSP/Source/FilteringFunctions/arm_lms_f32.c ****     tapCnt = numTaps % 0x4U;
 403:.//Libraries/CMSIS/DSP/Source/FilteringFunctions/arm_lms_f32.c **** 
 404:.//Libraries/CMSIS/DSP/Source/FilteringFunctions/arm_lms_f32.c **** #else
 405:.//Libraries/CMSIS/DSP/Source/FilteringFunctions/arm_lms_f32.c **** 
 406:.//Libraries/CMSIS/DSP/Source/FilteringFunctions/arm_lms_f32.c ****     /* Initialize tapCnt with number of samples */
 407:.//Libraries/CMSIS/DSP/Source/FilteringFunctions/arm_lms_f32.c ****     tapCnt = numTaps;
 408:.//Libraries/CMSIS/DSP/Source/FilteringFunctions/arm_lms_f32.c **** 
ARM GAS  /var/folders/wl/rshn8xbx1dsfj1zgryf4g1240000gn/T//ccKX0LGe.s 			page 10


 409:.//Libraries/CMSIS/DSP/Source/FilteringFunctions/arm_lms_f32.c **** #endif /* #if defined (ARM_MATH_LOOPUNROLL) */
 410:.//Libraries/CMSIS/DSP/Source/FilteringFunctions/arm_lms_f32.c **** 
 411:.//Libraries/CMSIS/DSP/Source/FilteringFunctions/arm_lms_f32.c ****     while (tapCnt > 0U)
 412:.//Libraries/CMSIS/DSP/Source/FilteringFunctions/arm_lms_f32.c ****     {
 413:.//Libraries/CMSIS/DSP/Source/FilteringFunctions/arm_lms_f32.c ****       /* Perform the multiply-accumulate */
 414:.//Libraries/CMSIS/DSP/Source/FilteringFunctions/arm_lms_f32.c ****       acc += (*px++) * (*pb++);
 415:.//Libraries/CMSIS/DSP/Source/FilteringFunctions/arm_lms_f32.c **** 
 416:.//Libraries/CMSIS/DSP/Source/FilteringFunctions/arm_lms_f32.c ****       /* Decrement the loop counter */
 417:.//Libraries/CMSIS/DSP/Source/FilteringFunctions/arm_lms_f32.c ****       tapCnt--;
 418:.//Libraries/CMSIS/DSP/Source/FilteringFunctions/arm_lms_f32.c ****     }
 419:.//Libraries/CMSIS/DSP/Source/FilteringFunctions/arm_lms_f32.c **** 
 420:.//Libraries/CMSIS/DSP/Source/FilteringFunctions/arm_lms_f32.c ****     /* Store the result from accumulator into the destination buffer. */
 421:.//Libraries/CMSIS/DSP/Source/FilteringFunctions/arm_lms_f32.c ****     *pOut++ = acc;
  92              		.loc 1 421 13 view .LVU26
  93 0032 DFED265A 		vldr.32	s11, .L22
  94              	.LVL6:
  95              	.L7:
 370:.//Libraries/CMSIS/DSP/Source/FilteringFunctions/arm_lms_f32.c **** 
  96              		.loc 1 370 22 view .LVU27
  97 0036 51F8043B 		ldr	r3, [r1], #4	@ float
  98              	.LVL7:
 370:.//Libraries/CMSIS/DSP/Source/FilteringFunctions/arm_lms_f32.c **** 
  99              		.loc 1 370 22 view .LVU28
 100 003a 3046     		mov	r0, r6
 101              	.LVL8:
 370:.//Libraries/CMSIS/DSP/Source/FilteringFunctions/arm_lms_f32.c **** 
 102              		.loc 1 370 5 is_stmt 1 view .LVU29
 370:.//Libraries/CMSIS/DSP/Source/FilteringFunctions/arm_lms_f32.c **** 
 103              		.loc 1 370 20 is_stmt 0 view .LVU30
 104 003c 49F8043B 		str	r3, [r9], #4	@ float
 373:.//Libraries/CMSIS/DSP/Source/FilteringFunctions/arm_lms_f32.c **** 
 105              		.loc 1 373 5 is_stmt 1 view .LVU31
 106              	.LVL9:
 376:.//Libraries/CMSIS/DSP/Source/FilteringFunctions/arm_lms_f32.c **** 
 107              		.loc 1 376 5 view .LVU32
 379:.//Libraries/CMSIS/DSP/Source/FilteringFunctions/arm_lms_f32.c **** 
 108              		.loc 1 379 5 view .LVU33
 407:.//Libraries/CMSIS/DSP/Source/FilteringFunctions/arm_lms_f32.c **** 
 109              		.loc 1 407 5 view .LVU34
 411:.//Libraries/CMSIS/DSP/Source/FilteringFunctions/arm_lms_f32.c ****     {
 110              		.loc 1 411 5 view .LVU35
 411:.//Libraries/CMSIS/DSP/Source/FilteringFunctions/arm_lms_f32.c ****     {
 111              		.loc 1 411 11 view .LVU36
 112 0040 D5B3     		cbz	r5, .L3
 411:.//Libraries/CMSIS/DSP/Source/FilteringFunctions/arm_lms_f32.c ****     {
 113              		.loc 1 411 11 is_stmt 0 view .LVU37
 114 0042 2B46     		mov	r3, r5
 376:.//Libraries/CMSIS/DSP/Source/FilteringFunctions/arm_lms_f32.c **** 
 115              		.loc 1 376 8 view .LVU38
 116 0044 5C46     		mov	r4, fp
 411:.//Libraries/CMSIS/DSP/Source/FilteringFunctions/arm_lms_f32.c ****     {
 117              		.loc 1 411 11 view .LVU39
 118 0046 3246     		mov	r2, r6
 379:.//Libraries/CMSIS/DSP/Source/FilteringFunctions/arm_lms_f32.c **** 
 119              		.loc 1 379 9 view .LVU40
 120 0048 DFED207A 		vldr.32	s15, .L22
 121              	.LVL10:
ARM GAS  /var/folders/wl/rshn8xbx1dsfj1zgryf4g1240000gn/T//ccKX0LGe.s 			page 11


 122              	.L4:
 414:.//Libraries/CMSIS/DSP/Source/FilteringFunctions/arm_lms_f32.c **** 
 123              		.loc 1 414 7 is_stmt 1 view .LVU41
 414:.//Libraries/CMSIS/DSP/Source/FilteringFunctions/arm_lms_f32.c **** 
 124              		.loc 1 414 11 is_stmt 0 view .LVU42
 125 004c F2EC016A 		vldmia.32	r2!, {s13}
 126              	.LVL11:
 411:.//Libraries/CMSIS/DSP/Source/FilteringFunctions/arm_lms_f32.c ****     {
 127              		.loc 1 411 11 view .LVU43
 128 0050 013B     		subs	r3, r3, #1
 129              	.LVL12:
 414:.//Libraries/CMSIS/DSP/Source/FilteringFunctions/arm_lms_f32.c **** 
 130              		.loc 1 414 11 view .LVU44
 131 0052 B4EC017A 		vldmia.32	r4!, {s14}
 132              	.LVL13:
 414:.//Libraries/CMSIS/DSP/Source/FilteringFunctions/arm_lms_f32.c **** 
 133              		.loc 1 414 11 view .LVU45
 134 0056 E6EE877A 		vfma.f32	s15, s13, s14
 135              	.LVL14:
 417:.//Libraries/CMSIS/DSP/Source/FilteringFunctions/arm_lms_f32.c ****     }
 136              		.loc 1 417 7 is_stmt 1 view .LVU46
 411:.//Libraries/CMSIS/DSP/Source/FilteringFunctions/arm_lms_f32.c ****     {
 137              		.loc 1 411 11 view .LVU47
 138 005a F7D1     		bne	.L4
 139              		.loc 1 421 5 view .LVU48
 140              	.LVL15:
 141              		.loc 1 421 13 is_stmt 0 view .LVU49
 142 005c 4CED017A 		vstr.32	s15, [ip, #-4]
 422:.//Libraries/CMSIS/DSP/Source/FilteringFunctions/arm_lms_f32.c **** 
 423:.//Libraries/CMSIS/DSP/Source/FilteringFunctions/arm_lms_f32.c ****     /* Compute and store error */
 424:.//Libraries/CMSIS/DSP/Source/FilteringFunctions/arm_lms_f32.c ****     e = (float32_t) *pRef++ - acc;
 143              		.loc 1 424 5 is_stmt 1 view .LVU50
 144              	.LVL16:
 425:.//Libraries/CMSIS/DSP/Source/FilteringFunctions/arm_lms_f32.c ****     *pErr++ = e;
 426:.//Libraries/CMSIS/DSP/Source/FilteringFunctions/arm_lms_f32.c **** 
 427:.//Libraries/CMSIS/DSP/Source/FilteringFunctions/arm_lms_f32.c ****     /* Calculation of Weighting factor for updating filter coefficients */
 428:.//Libraries/CMSIS/DSP/Source/FilteringFunctions/arm_lms_f32.c ****     w = e * mu;
 145              		.loc 1 428 7 is_stmt 0 view .LVU51
 146 0060 2A46     		mov	r2, r5
 147              	.LVL17:
 424:.//Libraries/CMSIS/DSP/Source/FilteringFunctions/arm_lms_f32.c ****     *pErr++ = e;
 148              		.loc 1 424 7 view .LVU52
 149 0062 57ED016A 		vldr.32	s13, [r7, #-4]
 150              		.loc 1 428 7 view .LVU53
 151 0066 5B46     		mov	r3, fp
 424:.//Libraries/CMSIS/DSP/Source/FilteringFunctions/arm_lms_f32.c ****     *pErr++ = e;
 152              		.loc 1 424 7 view .LVU54
 153 0068 76EEE77A 		vsub.f32	s15, s13, s15
 154              	.LVL18:
 425:.//Libraries/CMSIS/DSP/Source/FilteringFunctions/arm_lms_f32.c ****     *pErr++ = e;
 155              		.loc 1 425 5 is_stmt 1 view .LVU55
 156              		.loc 1 428 7 is_stmt 0 view .LVU56
 157 006c 67EE866A 		vmul.f32	s13, s15, s12
 425:.//Libraries/CMSIS/DSP/Source/FilteringFunctions/arm_lms_f32.c ****     *pErr++ = e;
 158              		.loc 1 425 13 view .LVU57
 159 0070 4EED017A 		vstr.32	s15, [lr, #-4]
 160              	.LVL19:
ARM GAS  /var/folders/wl/rshn8xbx1dsfj1zgryf4g1240000gn/T//ccKX0LGe.s 			page 12


 161              		.loc 1 428 5 is_stmt 1 view .LVU58
 429:.//Libraries/CMSIS/DSP/Source/FilteringFunctions/arm_lms_f32.c **** 
 430:.//Libraries/CMSIS/DSP/Source/FilteringFunctions/arm_lms_f32.c ****     /* Initialize pState pointer */
 431:.//Libraries/CMSIS/DSP/Source/FilteringFunctions/arm_lms_f32.c ****     /* Advance state pointer by 1 for the next sample */
 432:.//Libraries/CMSIS/DSP/Source/FilteringFunctions/arm_lms_f32.c ****     px = pState++;
 162              		.loc 1 432 5 view .LVU59
 433:.//Libraries/CMSIS/DSP/Source/FilteringFunctions/arm_lms_f32.c **** 
 434:.//Libraries/CMSIS/DSP/Source/FilteringFunctions/arm_lms_f32.c ****     /* Initialize coefficient pointer */
 435:.//Libraries/CMSIS/DSP/Source/FilteringFunctions/arm_lms_f32.c ****     pb = pCoeffs;
 163              		.loc 1 435 5 view .LVU60
 436:.//Libraries/CMSIS/DSP/Source/FilteringFunctions/arm_lms_f32.c **** 
 437:.//Libraries/CMSIS/DSP/Source/FilteringFunctions/arm_lms_f32.c **** #if defined (ARM_MATH_LOOPUNROLL)
 438:.//Libraries/CMSIS/DSP/Source/FilteringFunctions/arm_lms_f32.c **** 
 439:.//Libraries/CMSIS/DSP/Source/FilteringFunctions/arm_lms_f32.c ****     /* Loop unrolling: Compute 4 taps at a time. */
 440:.//Libraries/CMSIS/DSP/Source/FilteringFunctions/arm_lms_f32.c ****     tapCnt = numTaps >> 2U;
 441:.//Libraries/CMSIS/DSP/Source/FilteringFunctions/arm_lms_f32.c **** 
 442:.//Libraries/CMSIS/DSP/Source/FilteringFunctions/arm_lms_f32.c ****     /* Update filter coefficients */
 443:.//Libraries/CMSIS/DSP/Source/FilteringFunctions/arm_lms_f32.c ****     while (tapCnt > 0U)
 444:.//Libraries/CMSIS/DSP/Source/FilteringFunctions/arm_lms_f32.c ****     {
 445:.//Libraries/CMSIS/DSP/Source/FilteringFunctions/arm_lms_f32.c ****       /* Perform the multiply-accumulate */
 446:.//Libraries/CMSIS/DSP/Source/FilteringFunctions/arm_lms_f32.c ****       *pb += w * (*px++);
 447:.//Libraries/CMSIS/DSP/Source/FilteringFunctions/arm_lms_f32.c ****       pb++;
 448:.//Libraries/CMSIS/DSP/Source/FilteringFunctions/arm_lms_f32.c **** 
 449:.//Libraries/CMSIS/DSP/Source/FilteringFunctions/arm_lms_f32.c ****       *pb += w * (*px++);
 450:.//Libraries/CMSIS/DSP/Source/FilteringFunctions/arm_lms_f32.c ****       pb++;
 451:.//Libraries/CMSIS/DSP/Source/FilteringFunctions/arm_lms_f32.c **** 
 452:.//Libraries/CMSIS/DSP/Source/FilteringFunctions/arm_lms_f32.c ****       *pb += w * (*px++);
 453:.//Libraries/CMSIS/DSP/Source/FilteringFunctions/arm_lms_f32.c ****       pb++;
 454:.//Libraries/CMSIS/DSP/Source/FilteringFunctions/arm_lms_f32.c **** 
 455:.//Libraries/CMSIS/DSP/Source/FilteringFunctions/arm_lms_f32.c ****       *pb += w * (*px++);
 456:.//Libraries/CMSIS/DSP/Source/FilteringFunctions/arm_lms_f32.c ****       pb++;
 457:.//Libraries/CMSIS/DSP/Source/FilteringFunctions/arm_lms_f32.c **** 
 458:.//Libraries/CMSIS/DSP/Source/FilteringFunctions/arm_lms_f32.c ****       /* Decrement loop counter */
 459:.//Libraries/CMSIS/DSP/Source/FilteringFunctions/arm_lms_f32.c ****       tapCnt--;
 460:.//Libraries/CMSIS/DSP/Source/FilteringFunctions/arm_lms_f32.c ****     }
 461:.//Libraries/CMSIS/DSP/Source/FilteringFunctions/arm_lms_f32.c **** 
 462:.//Libraries/CMSIS/DSP/Source/FilteringFunctions/arm_lms_f32.c ****     /* Loop unrolling: Compute remaining taps */
 463:.//Libraries/CMSIS/DSP/Source/FilteringFunctions/arm_lms_f32.c ****     tapCnt = numTaps % 0x4U;
 464:.//Libraries/CMSIS/DSP/Source/FilteringFunctions/arm_lms_f32.c **** 
 465:.//Libraries/CMSIS/DSP/Source/FilteringFunctions/arm_lms_f32.c **** #else
 466:.//Libraries/CMSIS/DSP/Source/FilteringFunctions/arm_lms_f32.c **** 
 467:.//Libraries/CMSIS/DSP/Source/FilteringFunctions/arm_lms_f32.c ****     /* Initialize tapCnt with number of samples */
 468:.//Libraries/CMSIS/DSP/Source/FilteringFunctions/arm_lms_f32.c ****     tapCnt = numTaps;
 164              		.loc 1 468 5 view .LVU61
 469:.//Libraries/CMSIS/DSP/Source/FilteringFunctions/arm_lms_f32.c **** 
 470:.//Libraries/CMSIS/DSP/Source/FilteringFunctions/arm_lms_f32.c **** #endif /* #if defined (ARM_MATH_LOOPUNROLL) */
 471:.//Libraries/CMSIS/DSP/Source/FilteringFunctions/arm_lms_f32.c **** 
 472:.//Libraries/CMSIS/DSP/Source/FilteringFunctions/arm_lms_f32.c ****     while (tapCnt > 0U)
 165              		.loc 1 472 5 view .LVU62
 166              		.loc 1 472 11 view .LVU63
 167              	.L6:
 473:.//Libraries/CMSIS/DSP/Source/FilteringFunctions/arm_lms_f32.c ****     {
 474:.//Libraries/CMSIS/DSP/Source/FilteringFunctions/arm_lms_f32.c ****       /* Perform the multiply-accumulate */
 475:.//Libraries/CMSIS/DSP/Source/FilteringFunctions/arm_lms_f32.c ****       *pb += w * (*px++);
 168              		.loc 1 475 7 view .LVU64
 169              		.loc 1 475 11 is_stmt 0 view .LVU65
 170 0074 B0EC017A 		vldmia.32	r0!, {s14}
ARM GAS  /var/folders/wl/rshn8xbx1dsfj1zgryf4g1240000gn/T//ccKX0LGe.s 			page 13


 171              	.LVL20:
 472:.//Libraries/CMSIS/DSP/Source/FilteringFunctions/arm_lms_f32.c ****     {
 172              		.loc 1 472 11 view .LVU66
 173 0078 013A     		subs	r2, r2, #1
 174              	.LVL21:
 175              		.loc 1 475 11 view .LVU67
 176 007a D3ED007A 		vldr.32	s15, [r3]
 177 007e E7EE267A 		vfma.f32	s15, s14, s13
 178 0082 E3EC017A 		vstmia.32	r3!, {s15}
 179              	.LVL22:
 476:.//Libraries/CMSIS/DSP/Source/FilteringFunctions/arm_lms_f32.c ****       pb++;
 180              		.loc 1 476 7 is_stmt 1 view .LVU68
 477:.//Libraries/CMSIS/DSP/Source/FilteringFunctions/arm_lms_f32.c **** 
 478:.//Libraries/CMSIS/DSP/Source/FilteringFunctions/arm_lms_f32.c ****       /* Decrement loop counter */
 479:.//Libraries/CMSIS/DSP/Source/FilteringFunctions/arm_lms_f32.c ****       tapCnt--;
 181              		.loc 1 479 7 view .LVU69
 472:.//Libraries/CMSIS/DSP/Source/FilteringFunctions/arm_lms_f32.c ****     {
 182              		.loc 1 472 11 view .LVU70
 183 0086 F5D1     		bne	.L6
 184              	.LVL23:
 185              	.L10:
 480:.//Libraries/CMSIS/DSP/Source/FilteringFunctions/arm_lms_f32.c ****     }
 481:.//Libraries/CMSIS/DSP/Source/FilteringFunctions/arm_lms_f32.c **** 
 482:.//Libraries/CMSIS/DSP/Source/FilteringFunctions/arm_lms_f32.c ****     /* Decrement loop counter */
 483:.//Libraries/CMSIS/DSP/Source/FilteringFunctions/arm_lms_f32.c ****     blkCnt--;
 186              		.loc 1 483 5 view .LVU71
 367:.//Libraries/CMSIS/DSP/Source/FilteringFunctions/arm_lms_f32.c ****   {
 187              		.loc 1 367 9 view .LVU72
 188 0088 B8F10108 		subs	r8, r8, #1
 189              	.LVL24:
 367:.//Libraries/CMSIS/DSP/Source/FilteringFunctions/arm_lms_f32.c ****   {
 190              		.loc 1 367 9 is_stmt 0 view .LVU73
 191 008c 0CF1040C 		add	ip, ip, #4
 192 0090 07F10407 		add	r7, r7, #4
 193 0094 0EF1040E 		add	lr, lr, #4
 194 0098 06F10406 		add	r6, r6, #4
 195 009c CBD1     		bne	.L7
 196 009e 0A9B     		ldr	r3, [sp, #40]
 197 00a0 0AEB8303 		add	r3, r10, r3, lsl #2
 198              	.LVL25:
 199              	.L2:
 484:.//Libraries/CMSIS/DSP/Source/FilteringFunctions/arm_lms_f32.c ****   }
 485:.//Libraries/CMSIS/DSP/Source/FilteringFunctions/arm_lms_f32.c **** 
 486:.//Libraries/CMSIS/DSP/Source/FilteringFunctions/arm_lms_f32.c ****   /* Processing is complete.
 487:.//Libraries/CMSIS/DSP/Source/FilteringFunctions/arm_lms_f32.c ****      Now copy the last numTaps - 1 samples to the start of the state buffer.
 488:.//Libraries/CMSIS/DSP/Source/FilteringFunctions/arm_lms_f32.c ****      This prepares the state buffer for the next function call. */
 489:.//Libraries/CMSIS/DSP/Source/FilteringFunctions/arm_lms_f32.c **** 
 490:.//Libraries/CMSIS/DSP/Source/FilteringFunctions/arm_lms_f32.c ****   /* Points to the start of the pState buffer */
 491:.//Libraries/CMSIS/DSP/Source/FilteringFunctions/arm_lms_f32.c ****   pStateCurnt = S->pState;
 200              		.loc 1 491 3 is_stmt 1 view .LVU74
 492:.//Libraries/CMSIS/DSP/Source/FilteringFunctions/arm_lms_f32.c **** 
 493:.//Libraries/CMSIS/DSP/Source/FilteringFunctions/arm_lms_f32.c ****   /* copy data */
 494:.//Libraries/CMSIS/DSP/Source/FilteringFunctions/arm_lms_f32.c **** #if defined (ARM_MATH_LOOPUNROLL)
 495:.//Libraries/CMSIS/DSP/Source/FilteringFunctions/arm_lms_f32.c **** 
 496:.//Libraries/CMSIS/DSP/Source/FilteringFunctions/arm_lms_f32.c ****   /* Loop unrolling: Compute 4 taps at a time. */
 497:.//Libraries/CMSIS/DSP/Source/FilteringFunctions/arm_lms_f32.c ****   tapCnt = (numTaps - 1U) >> 2U;
 498:.//Libraries/CMSIS/DSP/Source/FilteringFunctions/arm_lms_f32.c **** 
ARM GAS  /var/folders/wl/rshn8xbx1dsfj1zgryf4g1240000gn/T//ccKX0LGe.s 			page 14


 499:.//Libraries/CMSIS/DSP/Source/FilteringFunctions/arm_lms_f32.c ****   while (tapCnt > 0U)
 500:.//Libraries/CMSIS/DSP/Source/FilteringFunctions/arm_lms_f32.c ****   {
 501:.//Libraries/CMSIS/DSP/Source/FilteringFunctions/arm_lms_f32.c ****     *pStateCurnt++ = *pState++;
 502:.//Libraries/CMSIS/DSP/Source/FilteringFunctions/arm_lms_f32.c ****     *pStateCurnt++ = *pState++;
 503:.//Libraries/CMSIS/DSP/Source/FilteringFunctions/arm_lms_f32.c ****     *pStateCurnt++ = *pState++;
 504:.//Libraries/CMSIS/DSP/Source/FilteringFunctions/arm_lms_f32.c ****     *pStateCurnt++ = *pState++;
 505:.//Libraries/CMSIS/DSP/Source/FilteringFunctions/arm_lms_f32.c **** 
 506:.//Libraries/CMSIS/DSP/Source/FilteringFunctions/arm_lms_f32.c ****     /* Decrement loop counter */
 507:.//Libraries/CMSIS/DSP/Source/FilteringFunctions/arm_lms_f32.c ****     tapCnt--;
 508:.//Libraries/CMSIS/DSP/Source/FilteringFunctions/arm_lms_f32.c ****   }
 509:.//Libraries/CMSIS/DSP/Source/FilteringFunctions/arm_lms_f32.c **** 
 510:.//Libraries/CMSIS/DSP/Source/FilteringFunctions/arm_lms_f32.c ****   /* Loop unrolling: Compute remaining taps */
 511:.//Libraries/CMSIS/DSP/Source/FilteringFunctions/arm_lms_f32.c ****   tapCnt = (numTaps - 1U) % 0x4U;
 512:.//Libraries/CMSIS/DSP/Source/FilteringFunctions/arm_lms_f32.c **** 
 513:.//Libraries/CMSIS/DSP/Source/FilteringFunctions/arm_lms_f32.c **** #else
 514:.//Libraries/CMSIS/DSP/Source/FilteringFunctions/arm_lms_f32.c **** 
 515:.//Libraries/CMSIS/DSP/Source/FilteringFunctions/arm_lms_f32.c ****   /* Initialize tapCnt with number of samples */
 516:.//Libraries/CMSIS/DSP/Source/FilteringFunctions/arm_lms_f32.c ****   tapCnt = (numTaps - 1U);
 201              		.loc 1 516 3 view .LVU75
 517:.//Libraries/CMSIS/DSP/Source/FilteringFunctions/arm_lms_f32.c **** 
 518:.//Libraries/CMSIS/DSP/Source/FilteringFunctions/arm_lms_f32.c **** #endif /* #if defined (ARM_MATH_LOOPUNROLL) */
 519:.//Libraries/CMSIS/DSP/Source/FilteringFunctions/arm_lms_f32.c **** 
 520:.//Libraries/CMSIS/DSP/Source/FilteringFunctions/arm_lms_f32.c ****   while (tapCnt > 0U)
 202              		.loc 1 520 3 view .LVU76
 203              		.loc 1 520 9 view .LVU77
 204 00a4 013D     		subs	r5, r5, #1
 205              	.LVL26:
 206              		.loc 1 520 9 is_stmt 0 view .LVU78
 207 00a6 05D0     		beq	.L1
 208              	.LVL27:
 209              	.L9:
 521:.//Libraries/CMSIS/DSP/Source/FilteringFunctions/arm_lms_f32.c ****   {
 522:.//Libraries/CMSIS/DSP/Source/FilteringFunctions/arm_lms_f32.c ****     *pStateCurnt++ = *pState++;
 210              		.loc 1 522 5 is_stmt 1 view .LVU79
 211              		.loc 1 522 22 is_stmt 0 view .LVU80
 212 00a8 53F8042B 		ldr	r2, [r3], #4	@ float
 213              	.LVL28:
 520:.//Libraries/CMSIS/DSP/Source/FilteringFunctions/arm_lms_f32.c ****   {
 214              		.loc 1 520 9 view .LVU81
 215 00ac 013D     		subs	r5, r5, #1
 216              	.LVL29:
 217              		.loc 1 522 20 view .LVU82
 218 00ae 4AF8042B 		str	r2, [r10], #4	@ float
 523:.//Libraries/CMSIS/DSP/Source/FilteringFunctions/arm_lms_f32.c **** 
 524:.//Libraries/CMSIS/DSP/Source/FilteringFunctions/arm_lms_f32.c ****     /* Decrement loop counter */
 525:.//Libraries/CMSIS/DSP/Source/FilteringFunctions/arm_lms_f32.c ****     tapCnt--;
 219              		.loc 1 525 5 is_stmt 1 view .LVU83
 220              	.LVL30:
 520:.//Libraries/CMSIS/DSP/Source/FilteringFunctions/arm_lms_f32.c ****   {
 221              		.loc 1 520 9 view .LVU84
 222 00b2 F9D1     		bne	.L9
 223              	.LVL31:
 224              	.L1:
 526:.//Libraries/CMSIS/DSP/Source/FilteringFunctions/arm_lms_f32.c ****   }
 527:.//Libraries/CMSIS/DSP/Source/FilteringFunctions/arm_lms_f32.c **** 
 528:.//Libraries/CMSIS/DSP/Source/FilteringFunctions/arm_lms_f32.c **** }
 225              		.loc 1 528 1 is_stmt 0 view .LVU85
ARM GAS  /var/folders/wl/rshn8xbx1dsfj1zgryf4g1240000gn/T//ccKX0LGe.s 			page 15


 226 00b4 BDE8F08F 		pop	{r4, r5, r6, r7, r8, r9, r10, fp, pc}
 227              	.LVL32:
 228              	.L3:
 421:.//Libraries/CMSIS/DSP/Source/FilteringFunctions/arm_lms_f32.c **** 
 229              		.loc 1 421 5 is_stmt 1 view .LVU86
 421:.//Libraries/CMSIS/DSP/Source/FilteringFunctions/arm_lms_f32.c **** 
 230              		.loc 1 421 13 is_stmt 0 view .LVU87
 231 00b8 4CED015A 		vstr.32	s11, [ip, #-4]
 424:.//Libraries/CMSIS/DSP/Source/FilteringFunctions/arm_lms_f32.c ****     *pErr++ = e;
 232              		.loc 1 424 5 is_stmt 1 view .LVU88
 233              	.LVL33:
 424:.//Libraries/CMSIS/DSP/Source/FilteringFunctions/arm_lms_f32.c ****     *pErr++ = e;
 234              		.loc 1 424 9 is_stmt 0 view .LVU89
 235 00bc 57F8043C 		ldr	r3, [r7, #-4]	@ float
 236              	.LVL34:
 425:.//Libraries/CMSIS/DSP/Source/FilteringFunctions/arm_lms_f32.c **** 
 237              		.loc 1 425 5 is_stmt 1 view .LVU90
 425:.//Libraries/CMSIS/DSP/Source/FilteringFunctions/arm_lms_f32.c **** 
 238              		.loc 1 425 13 is_stmt 0 view .LVU91
 239 00c0 4EF8043C 		str	r3, [lr, #-4]	@ float
 428:.//Libraries/CMSIS/DSP/Source/FilteringFunctions/arm_lms_f32.c **** 
 240              		.loc 1 428 5 is_stmt 1 view .LVU92
 432:.//Libraries/CMSIS/DSP/Source/FilteringFunctions/arm_lms_f32.c **** 
 241              		.loc 1 432 5 view .LVU93
 242              	.LVL35:
 435:.//Libraries/CMSIS/DSP/Source/FilteringFunctions/arm_lms_f32.c **** 
 243              		.loc 1 435 5 view .LVU94
 468:.//Libraries/CMSIS/DSP/Source/FilteringFunctions/arm_lms_f32.c **** 
 244              		.loc 1 468 5 view .LVU95
 472:.//Libraries/CMSIS/DSP/Source/FilteringFunctions/arm_lms_f32.c ****     {
 245              		.loc 1 472 5 view .LVU96
 472:.//Libraries/CMSIS/DSP/Source/FilteringFunctions/arm_lms_f32.c ****     {
 246              		.loc 1 472 11 view .LVU97
 247 00c4 E0E7     		b	.L10
 248              	.LVL36:
 249              	.L11:
 346:.//Libraries/CMSIS/DSP/Source/FilteringFunctions/arm_lms_f32.c ****         float32_t *pCoeffs = S->pCoeffs;               /* Coefficient pointer */
 250              		.loc 1 346 20 is_stmt 0 view .LVU98
 251 00c6 5346     		mov	r3, r10
 252              	.LVL37:
 346:.//Libraries/CMSIS/DSP/Source/FilteringFunctions/arm_lms_f32.c ****         float32_t *pCoeffs = S->pCoeffs;               /* Coefficient pointer */
 253              		.loc 1 346 20 view .LVU99
 254 00c8 ECE7     		b	.L2
 255              	.L23:
 256 00ca 00BF     		.align	2
 257              	.L22:
 258 00cc 00000000 		.word	0
 259              		.cfi_endproc
 260              	.LFE145:
 262              		.text
 263              	.Letext0:
 264              		.file 2 "/opt/homebrew/Cellar/arm-none-eabi-gcc/9-2019-q4-major/gcc/arm-none-eabi/include/machine/
 265              		.file 3 "/opt/homebrew/Cellar/arm-none-eabi-gcc/9-2019-q4-major/gcc/arm-none-eabi/include/sys/_std
 266              		.file 4 "/opt/homebrew/Cellar/arm-none-eabi-gcc/9-2019-q4-major/gcc/arm-none-eabi/include/sys/lock
 267              		.file 5 "/opt/homebrew/Cellar/arm-none-eabi-gcc/9-2019-q4-major/gcc/arm-none-eabi/include/sys/_typ
 268              		.file 6 "/opt/homebrew/Cellar/arm-none-eabi-gcc/9-2019-q4-major/gcc/lib/gcc/arm-none-eabi/9.2.1/in
 269              		.file 7 "/opt/homebrew/Cellar/arm-none-eabi-gcc/9-2019-q4-major/gcc/arm-none-eabi/include/sys/reen
ARM GAS  /var/folders/wl/rshn8xbx1dsfj1zgryf4g1240000gn/T//ccKX0LGe.s 			page 16


 270              		.file 8 "/opt/homebrew/Cellar/arm-none-eabi-gcc/9-2019-q4-major/gcc/arm-none-eabi/include/math.h"
 271              		.file 9 ".//Libraries/CMSIS/DSP/Include/arm_math.h"
ARM GAS  /var/folders/wl/rshn8xbx1dsfj1zgryf4g1240000gn/T//ccKX0LGe.s 			page 17


DEFINED SYMBOLS
                            *ABS*:0000000000000000 arm_lms_f32.c
/var/folders/wl/rshn8xbx1dsfj1zgryf4g1240000gn/T//ccKX0LGe.s:17     .text.arm_lms_f32:0000000000000000 $t
/var/folders/wl/rshn8xbx1dsfj1zgryf4g1240000gn/T//ccKX0LGe.s:26     .text.arm_lms_f32:0000000000000000 arm_lms_f32
/var/folders/wl/rshn8xbx1dsfj1zgryf4g1240000gn/T//ccKX0LGe.s:258    .text.arm_lms_f32:00000000000000cc $d

NO UNDEFINED SYMBOLS
