ARM GAS  /var/folders/wl/rshn8xbx1dsfj1zgryf4g1240000gn/T//cc6htxXE.s 			page 1


   1              		.cpu cortex-m7
   2              		.eabi_attribute 28, 1
   3              		.eabi_attribute 20, 1
   4              		.eabi_attribute 21, 1
   5              		.eabi_attribute 23, 3
   6              		.eabi_attribute 24, 1
   7              		.eabi_attribute 25, 1
   8              		.eabi_attribute 26, 1
   9              		.eabi_attribute 30, 2
  10              		.eabi_attribute 34, 1
  11              		.eabi_attribute 18, 4
  12              		.file	"arm_q31_to_q15.c"
  13              		.text
  14              	.Ltext0:
  15              		.cfi_sections	.debug_frame
  16              		.section	.text.arm_q31_to_q15,"ax",%progbits
  17              		.align	1
  18              		.p2align 2,,3
  19              		.global	arm_q31_to_q15
  20              		.arch armv7e-m
  21              		.syntax unified
  22              		.thumb
  23              		.thumb_func
  24              		.fpu fpv5-d16
  26              	arm_q31_to_q15:
  27              	.LVL0:
  28              	.LFB145:
  29              		.file 1 ".//Libraries/CMSIS/DSP/Source/SupportFunctions/arm_q31_to_q15.c"
   1:.//Libraries/CMSIS/DSP/Source/SupportFunctions/arm_q31_to_q15.c **** /* ----------------------------------------------------------------------
   2:.//Libraries/CMSIS/DSP/Source/SupportFunctions/arm_q31_to_q15.c ****  * Project:      CMSIS DSP Library
   3:.//Libraries/CMSIS/DSP/Source/SupportFunctions/arm_q31_to_q15.c ****  * Title:        arm_q31_to_q15.c
   4:.//Libraries/CMSIS/DSP/Source/SupportFunctions/arm_q31_to_q15.c ****  * Description:  Converts the elements of the Q31 vector to Q15 vector
   5:.//Libraries/CMSIS/DSP/Source/SupportFunctions/arm_q31_to_q15.c ****  *
   6:.//Libraries/CMSIS/DSP/Source/SupportFunctions/arm_q31_to_q15.c ****  * $Date:        18. March 2019
   7:.//Libraries/CMSIS/DSP/Source/SupportFunctions/arm_q31_to_q15.c ****  * $Revision:    V1.6.0
   8:.//Libraries/CMSIS/DSP/Source/SupportFunctions/arm_q31_to_q15.c ****  *
   9:.//Libraries/CMSIS/DSP/Source/SupportFunctions/arm_q31_to_q15.c ****  * Target Processor: Cortex-M cores
  10:.//Libraries/CMSIS/DSP/Source/SupportFunctions/arm_q31_to_q15.c ****  * -------------------------------------------------------------------- */
  11:.//Libraries/CMSIS/DSP/Source/SupportFunctions/arm_q31_to_q15.c **** /*
  12:.//Libraries/CMSIS/DSP/Source/SupportFunctions/arm_q31_to_q15.c ****  * Copyright (C) 2010-2019 ARM Limited or its affiliates. All rights reserved.
  13:.//Libraries/CMSIS/DSP/Source/SupportFunctions/arm_q31_to_q15.c ****  *
  14:.//Libraries/CMSIS/DSP/Source/SupportFunctions/arm_q31_to_q15.c ****  * SPDX-License-Identifier: Apache-2.0
  15:.//Libraries/CMSIS/DSP/Source/SupportFunctions/arm_q31_to_q15.c ****  *
  16:.//Libraries/CMSIS/DSP/Source/SupportFunctions/arm_q31_to_q15.c ****  * Licensed under the Apache License, Version 2.0 (the License); you may
  17:.//Libraries/CMSIS/DSP/Source/SupportFunctions/arm_q31_to_q15.c ****  * not use this file except in compliance with the License.
  18:.//Libraries/CMSIS/DSP/Source/SupportFunctions/arm_q31_to_q15.c ****  * You may obtain a copy of the License at
  19:.//Libraries/CMSIS/DSP/Source/SupportFunctions/arm_q31_to_q15.c ****  *
  20:.//Libraries/CMSIS/DSP/Source/SupportFunctions/arm_q31_to_q15.c ****  * www.apache.org/licenses/LICENSE-2.0
  21:.//Libraries/CMSIS/DSP/Source/SupportFunctions/arm_q31_to_q15.c ****  *
  22:.//Libraries/CMSIS/DSP/Source/SupportFunctions/arm_q31_to_q15.c ****  * Unless required by applicable law or agreed to in writing, software
  23:.//Libraries/CMSIS/DSP/Source/SupportFunctions/arm_q31_to_q15.c ****  * distributed under the License is distributed on an AS IS BASIS, WITHOUT
  24:.//Libraries/CMSIS/DSP/Source/SupportFunctions/arm_q31_to_q15.c ****  * WARRANTIES OR CONDITIONS OF ANY KIND, either express or implied.
  25:.//Libraries/CMSIS/DSP/Source/SupportFunctions/arm_q31_to_q15.c ****  * See the License for the specific language governing permissions and
  26:.//Libraries/CMSIS/DSP/Source/SupportFunctions/arm_q31_to_q15.c ****  * limitations under the License.
  27:.//Libraries/CMSIS/DSP/Source/SupportFunctions/arm_q31_to_q15.c ****  */
  28:.//Libraries/CMSIS/DSP/Source/SupportFunctions/arm_q31_to_q15.c **** 
  29:.//Libraries/CMSIS/DSP/Source/SupportFunctions/arm_q31_to_q15.c **** #include "arm_math.h"
ARM GAS  /var/folders/wl/rshn8xbx1dsfj1zgryf4g1240000gn/T//cc6htxXE.s 			page 2


  30:.//Libraries/CMSIS/DSP/Source/SupportFunctions/arm_q31_to_q15.c **** 
  31:.//Libraries/CMSIS/DSP/Source/SupportFunctions/arm_q31_to_q15.c **** /**
  32:.//Libraries/CMSIS/DSP/Source/SupportFunctions/arm_q31_to_q15.c ****   @ingroup groupSupport
  33:.//Libraries/CMSIS/DSP/Source/SupportFunctions/arm_q31_to_q15.c ****  */
  34:.//Libraries/CMSIS/DSP/Source/SupportFunctions/arm_q31_to_q15.c **** 
  35:.//Libraries/CMSIS/DSP/Source/SupportFunctions/arm_q31_to_q15.c **** /**
  36:.//Libraries/CMSIS/DSP/Source/SupportFunctions/arm_q31_to_q15.c ****   @addtogroup q31_to_x
  37:.//Libraries/CMSIS/DSP/Source/SupportFunctions/arm_q31_to_q15.c ****   @{
  38:.//Libraries/CMSIS/DSP/Source/SupportFunctions/arm_q31_to_q15.c ****  */
  39:.//Libraries/CMSIS/DSP/Source/SupportFunctions/arm_q31_to_q15.c **** 
  40:.//Libraries/CMSIS/DSP/Source/SupportFunctions/arm_q31_to_q15.c **** /**
  41:.//Libraries/CMSIS/DSP/Source/SupportFunctions/arm_q31_to_q15.c ****   @brief         Converts the elements of the Q31 vector to Q15 vector.
  42:.//Libraries/CMSIS/DSP/Source/SupportFunctions/arm_q31_to_q15.c ****   @param[in]     pSrc       points to the Q31 input vector
  43:.//Libraries/CMSIS/DSP/Source/SupportFunctions/arm_q31_to_q15.c ****   @param[out]    pDst       points to the Q15 output vector
  44:.//Libraries/CMSIS/DSP/Source/SupportFunctions/arm_q31_to_q15.c ****   @param[in]     blockSize  number of samples in each vector
  45:.//Libraries/CMSIS/DSP/Source/SupportFunctions/arm_q31_to_q15.c ****   @return        none
  46:.//Libraries/CMSIS/DSP/Source/SupportFunctions/arm_q31_to_q15.c **** 
  47:.//Libraries/CMSIS/DSP/Source/SupportFunctions/arm_q31_to_q15.c ****   @par           Details
  48:.//Libraries/CMSIS/DSP/Source/SupportFunctions/arm_q31_to_q15.c ****                    The equation used for the conversion process is:
  49:.//Libraries/CMSIS/DSP/Source/SupportFunctions/arm_q31_to_q15.c ****   <pre>
  50:.//Libraries/CMSIS/DSP/Source/SupportFunctions/arm_q31_to_q15.c ****       pDst[n] = (q15_t) pSrc[n] >> 16;   0 <= n < blockSize.
  51:.//Libraries/CMSIS/DSP/Source/SupportFunctions/arm_q31_to_q15.c ****   </pre>
  52:.//Libraries/CMSIS/DSP/Source/SupportFunctions/arm_q31_to_q15.c ****  */
  53:.//Libraries/CMSIS/DSP/Source/SupportFunctions/arm_q31_to_q15.c **** 
  54:.//Libraries/CMSIS/DSP/Source/SupportFunctions/arm_q31_to_q15.c **** void arm_q31_to_q15(
  55:.//Libraries/CMSIS/DSP/Source/SupportFunctions/arm_q31_to_q15.c ****   const q31_t * pSrc,
  56:.//Libraries/CMSIS/DSP/Source/SupportFunctions/arm_q31_to_q15.c ****         q15_t * pDst,
  57:.//Libraries/CMSIS/DSP/Source/SupportFunctions/arm_q31_to_q15.c ****         uint32_t blockSize)
  58:.//Libraries/CMSIS/DSP/Source/SupportFunctions/arm_q31_to_q15.c **** {
  30              		.loc 1 58 1 view -0
  31              		.cfi_startproc
  32              		@ args = 0, pretend = 0, frame = 0
  33              		@ frame_needed = 0, uses_anonymous_args = 0
  34              		@ link register save eliminated.
  59:.//Libraries/CMSIS/DSP/Source/SupportFunctions/arm_q31_to_q15.c ****         uint32_t blkCnt;                               /* Loop counter */
  35              		.loc 1 59 9 view .LVU1
  60:.//Libraries/CMSIS/DSP/Source/SupportFunctions/arm_q31_to_q15.c ****   const q31_t *pIn = pSrc;                             /* Source pointer */
  36              		.loc 1 60 3 view .LVU2
  61:.//Libraries/CMSIS/DSP/Source/SupportFunctions/arm_q31_to_q15.c **** 
  62:.//Libraries/CMSIS/DSP/Source/SupportFunctions/arm_q31_to_q15.c **** #if defined (ARM_MATH_LOOPUNROLL) && defined (ARM_MATH_DSP)
  63:.//Libraries/CMSIS/DSP/Source/SupportFunctions/arm_q31_to_q15.c ****         q31_t in1, in2, in3, in4;
  64:.//Libraries/CMSIS/DSP/Source/SupportFunctions/arm_q31_to_q15.c ****         q31_t out1, out2;
  65:.//Libraries/CMSIS/DSP/Source/SupportFunctions/arm_q31_to_q15.c **** #endif
  66:.//Libraries/CMSIS/DSP/Source/SupportFunctions/arm_q31_to_q15.c **** 
  67:.//Libraries/CMSIS/DSP/Source/SupportFunctions/arm_q31_to_q15.c **** #if defined (ARM_MATH_LOOPUNROLL)
  68:.//Libraries/CMSIS/DSP/Source/SupportFunctions/arm_q31_to_q15.c **** 
  69:.//Libraries/CMSIS/DSP/Source/SupportFunctions/arm_q31_to_q15.c ****   /* Loop unrolling: Compute 4 outputs at a time */
  70:.//Libraries/CMSIS/DSP/Source/SupportFunctions/arm_q31_to_q15.c ****   blkCnt = blockSize >> 2U;
  71:.//Libraries/CMSIS/DSP/Source/SupportFunctions/arm_q31_to_q15.c **** 
  72:.//Libraries/CMSIS/DSP/Source/SupportFunctions/arm_q31_to_q15.c ****   while (blkCnt > 0U)
  73:.//Libraries/CMSIS/DSP/Source/SupportFunctions/arm_q31_to_q15.c ****   {
  74:.//Libraries/CMSIS/DSP/Source/SupportFunctions/arm_q31_to_q15.c ****     /* C = (q15_t) (A >> 16) */
  75:.//Libraries/CMSIS/DSP/Source/SupportFunctions/arm_q31_to_q15.c **** 
  76:.//Libraries/CMSIS/DSP/Source/SupportFunctions/arm_q31_to_q15.c ****     /* Convert from q31 to q15 and store result in destination buffer */
  77:.//Libraries/CMSIS/DSP/Source/SupportFunctions/arm_q31_to_q15.c **** #if defined (ARM_MATH_DSP)
  78:.//Libraries/CMSIS/DSP/Source/SupportFunctions/arm_q31_to_q15.c **** 
  79:.//Libraries/CMSIS/DSP/Source/SupportFunctions/arm_q31_to_q15.c ****     in1 = *pIn++;
ARM GAS  /var/folders/wl/rshn8xbx1dsfj1zgryf4g1240000gn/T//cc6htxXE.s 			page 3


  80:.//Libraries/CMSIS/DSP/Source/SupportFunctions/arm_q31_to_q15.c ****     in2 = *pIn++;
  81:.//Libraries/CMSIS/DSP/Source/SupportFunctions/arm_q31_to_q15.c ****     in3 = *pIn++;
  82:.//Libraries/CMSIS/DSP/Source/SupportFunctions/arm_q31_to_q15.c ****     in4 = *pIn++;
  83:.//Libraries/CMSIS/DSP/Source/SupportFunctions/arm_q31_to_q15.c **** 
  84:.//Libraries/CMSIS/DSP/Source/SupportFunctions/arm_q31_to_q15.c ****     /* pack two higher 16-bit values from two 32-bit values */
  85:.//Libraries/CMSIS/DSP/Source/SupportFunctions/arm_q31_to_q15.c **** #ifndef ARM_MATH_BIG_ENDIAN
  86:.//Libraries/CMSIS/DSP/Source/SupportFunctions/arm_q31_to_q15.c ****     out1 = __PKHTB(in2, in1, 16);
  87:.//Libraries/CMSIS/DSP/Source/SupportFunctions/arm_q31_to_q15.c ****     out2 = __PKHTB(in4, in3, 16);
  88:.//Libraries/CMSIS/DSP/Source/SupportFunctions/arm_q31_to_q15.c **** #else
  89:.//Libraries/CMSIS/DSP/Source/SupportFunctions/arm_q31_to_q15.c ****     out1 = __PKHTB(in1, in2, 16);
  90:.//Libraries/CMSIS/DSP/Source/SupportFunctions/arm_q31_to_q15.c ****     out2 = __PKHTB(in3, in4, 16);
  91:.//Libraries/CMSIS/DSP/Source/SupportFunctions/arm_q31_to_q15.c **** #endif /* #ifdef ARM_MATH_BIG_ENDIAN */
  92:.//Libraries/CMSIS/DSP/Source/SupportFunctions/arm_q31_to_q15.c **** 
  93:.//Libraries/CMSIS/DSP/Source/SupportFunctions/arm_q31_to_q15.c ****     write_q15x2_ia (&pDst, out1);
  94:.//Libraries/CMSIS/DSP/Source/SupportFunctions/arm_q31_to_q15.c ****     write_q15x2_ia (&pDst, out2);
  95:.//Libraries/CMSIS/DSP/Source/SupportFunctions/arm_q31_to_q15.c **** 
  96:.//Libraries/CMSIS/DSP/Source/SupportFunctions/arm_q31_to_q15.c **** #else
  97:.//Libraries/CMSIS/DSP/Source/SupportFunctions/arm_q31_to_q15.c **** 
  98:.//Libraries/CMSIS/DSP/Source/SupportFunctions/arm_q31_to_q15.c ****     *pDst++ = (q15_t) (*pIn++ >> 16);
  99:.//Libraries/CMSIS/DSP/Source/SupportFunctions/arm_q31_to_q15.c ****     *pDst++ = (q15_t) (*pIn++ >> 16);
 100:.//Libraries/CMSIS/DSP/Source/SupportFunctions/arm_q31_to_q15.c ****     *pDst++ = (q15_t) (*pIn++ >> 16);
 101:.//Libraries/CMSIS/DSP/Source/SupportFunctions/arm_q31_to_q15.c ****     *pDst++ = (q15_t) (*pIn++ >> 16);
 102:.//Libraries/CMSIS/DSP/Source/SupportFunctions/arm_q31_to_q15.c **** 
 103:.//Libraries/CMSIS/DSP/Source/SupportFunctions/arm_q31_to_q15.c **** #endif /* #if defined (ARM_MATH_DSP) */
 104:.//Libraries/CMSIS/DSP/Source/SupportFunctions/arm_q31_to_q15.c **** 
 105:.//Libraries/CMSIS/DSP/Source/SupportFunctions/arm_q31_to_q15.c ****     /* Decrement loop counter */
 106:.//Libraries/CMSIS/DSP/Source/SupportFunctions/arm_q31_to_q15.c ****     blkCnt--;
 107:.//Libraries/CMSIS/DSP/Source/SupportFunctions/arm_q31_to_q15.c ****   }
 108:.//Libraries/CMSIS/DSP/Source/SupportFunctions/arm_q31_to_q15.c **** 
 109:.//Libraries/CMSIS/DSP/Source/SupportFunctions/arm_q31_to_q15.c ****   /* Loop unrolling: Compute remaining outputs */
 110:.//Libraries/CMSIS/DSP/Source/SupportFunctions/arm_q31_to_q15.c ****   blkCnt = blockSize % 0x4U;
 111:.//Libraries/CMSIS/DSP/Source/SupportFunctions/arm_q31_to_q15.c **** 
 112:.//Libraries/CMSIS/DSP/Source/SupportFunctions/arm_q31_to_q15.c **** #else
 113:.//Libraries/CMSIS/DSP/Source/SupportFunctions/arm_q31_to_q15.c **** 
 114:.//Libraries/CMSIS/DSP/Source/SupportFunctions/arm_q31_to_q15.c ****   /* Initialize blkCnt with number of samples */
 115:.//Libraries/CMSIS/DSP/Source/SupportFunctions/arm_q31_to_q15.c ****   blkCnt = blockSize;
  37              		.loc 1 115 3 view .LVU3
 116:.//Libraries/CMSIS/DSP/Source/SupportFunctions/arm_q31_to_q15.c **** 
 117:.//Libraries/CMSIS/DSP/Source/SupportFunctions/arm_q31_to_q15.c **** #endif /* #if defined (ARM_MATH_LOOPUNROLL) */
 118:.//Libraries/CMSIS/DSP/Source/SupportFunctions/arm_q31_to_q15.c **** 
 119:.//Libraries/CMSIS/DSP/Source/SupportFunctions/arm_q31_to_q15.c ****   while (blkCnt > 0U)
  38              		.loc 1 119 3 view .LVU4
  39              		.loc 1 119 9 view .LVU5
  40 0000 3AB1     		cbz	r2, .L1
  41              	.LVL1:
  42              	.L3:
 120:.//Libraries/CMSIS/DSP/Source/SupportFunctions/arm_q31_to_q15.c ****   {
 121:.//Libraries/CMSIS/DSP/Source/SupportFunctions/arm_q31_to_q15.c ****     /* C = (q15_t) (A >> 16) */
 122:.//Libraries/CMSIS/DSP/Source/SupportFunctions/arm_q31_to_q15.c **** 
 123:.//Libraries/CMSIS/DSP/Source/SupportFunctions/arm_q31_to_q15.c ****     /* Convert from q31 to q15 and store result in destination buffer */
 124:.//Libraries/CMSIS/DSP/Source/SupportFunctions/arm_q31_to_q15.c ****     *pDst++ = (q15_t) (*pIn++ >> 16);
  43              		.loc 1 124 5 view .LVU6
  44              		.loc 1 124 31 is_stmt 0 view .LVU7
  45 0002 50F8043B 		ldr	r3, [r0], #4
  46              	.LVL2:
 119:.//Libraries/CMSIS/DSP/Source/SupportFunctions/arm_q31_to_q15.c ****   {
  47              		.loc 1 119 9 view .LVU8
ARM GAS  /var/folders/wl/rshn8xbx1dsfj1zgryf4g1240000gn/T//cc6htxXE.s 			page 4


  48 0006 013A     		subs	r2, r2, #1
  49              	.LVL3:
  50              		.loc 1 124 31 view .LVU9
  51 0008 4FEA2343 		asr	r3, r3, #16
  52              		.loc 1 124 15 view .LVU10
  53 000c 21F8023B 		strh	r3, [r1], #2	@ movhi
  54              	.LVL4:
 125:.//Libraries/CMSIS/DSP/Source/SupportFunctions/arm_q31_to_q15.c **** 
 126:.//Libraries/CMSIS/DSP/Source/SupportFunctions/arm_q31_to_q15.c ****     /* Decrement loop counter */
 127:.//Libraries/CMSIS/DSP/Source/SupportFunctions/arm_q31_to_q15.c ****     blkCnt--;
  55              		.loc 1 127 5 is_stmt 1 view .LVU11
 119:.//Libraries/CMSIS/DSP/Source/SupportFunctions/arm_q31_to_q15.c ****   {
  56              		.loc 1 119 9 view .LVU12
  57 0010 F7D1     		bne	.L3
  58              	.L1:
 128:.//Libraries/CMSIS/DSP/Source/SupportFunctions/arm_q31_to_q15.c ****   }
 129:.//Libraries/CMSIS/DSP/Source/SupportFunctions/arm_q31_to_q15.c **** 
 130:.//Libraries/CMSIS/DSP/Source/SupportFunctions/arm_q31_to_q15.c **** }
  59              		.loc 1 130 1 is_stmt 0 view .LVU13
  60 0012 7047     		bx	lr
  61              		.cfi_endproc
  62              	.LFE145:
  64              		.text
  65              	.Letext0:
  66              		.file 2 "/opt/homebrew/Cellar/arm-none-eabi-gcc/9-2019-q4-major/gcc/arm-none-eabi/include/machine/
  67              		.file 3 "/opt/homebrew/Cellar/arm-none-eabi-gcc/9-2019-q4-major/gcc/arm-none-eabi/include/sys/_std
  68              		.file 4 "/opt/homebrew/Cellar/arm-none-eabi-gcc/9-2019-q4-major/gcc/arm-none-eabi/include/sys/lock
  69              		.file 5 "/opt/homebrew/Cellar/arm-none-eabi-gcc/9-2019-q4-major/gcc/arm-none-eabi/include/sys/_typ
  70              		.file 6 "/opt/homebrew/Cellar/arm-none-eabi-gcc/9-2019-q4-major/gcc/lib/gcc/arm-none-eabi/9.2.1/in
  71              		.file 7 "/opt/homebrew/Cellar/arm-none-eabi-gcc/9-2019-q4-major/gcc/arm-none-eabi/include/sys/reen
  72              		.file 8 "/opt/homebrew/Cellar/arm-none-eabi-gcc/9-2019-q4-major/gcc/arm-none-eabi/include/math.h"
  73              		.file 9 ".//Libraries/CMSIS/DSP/Include/arm_math.h"
ARM GAS  /var/folders/wl/rshn8xbx1dsfj1zgryf4g1240000gn/T//cc6htxXE.s 			page 5


DEFINED SYMBOLS
                            *ABS*:0000000000000000 arm_q31_to_q15.c
/var/folders/wl/rshn8xbx1dsfj1zgryf4g1240000gn/T//cc6htxXE.s:17     .text.arm_q31_to_q15:0000000000000000 $t
/var/folders/wl/rshn8xbx1dsfj1zgryf4g1240000gn/T//cc6htxXE.s:26     .text.arm_q31_to_q15:0000000000000000 arm_q31_to_q15

NO UNDEFINED SYMBOLS
