ARM GAS  /var/folders/wl/rshn8xbx1dsfj1zgryf4g1240000gn/T//ccNWtnp5.s 			page 1


   1              		.cpu cortex-m7
   2              		.eabi_attribute 28, 1
   3              		.eabi_attribute 20, 1
   4              		.eabi_attribute 21, 1
   5              		.eabi_attribute 23, 3
   6              		.eabi_attribute 24, 1
   7              		.eabi_attribute 25, 1
   8              		.eabi_attribute 26, 1
   9              		.eabi_attribute 30, 2
  10              		.eabi_attribute 34, 1
  11              		.eabi_attribute 18, 4
  12              		.file	"arm_copy_q7.c"
  13              		.text
  14              	.Ltext0:
  15              		.cfi_sections	.debug_frame
  16              		.section	.text.arm_copy_q7,"ax",%progbits
  17              		.align	1
  18              		.p2align 2,,3
  19              		.global	arm_copy_q7
  20              		.arch armv7e-m
  21              		.syntax unified
  22              		.thumb
  23              		.thumb_func
  24              		.fpu fpv5-d16
  26              	arm_copy_q7:
  27              	.LVL0:
  28              	.LFB145:
  29              		.file 1 ".//Libraries/CMSIS/DSP/Source/SupportFunctions/arm_copy_q7.c"
   1:.//Libraries/CMSIS/DSP/Source/SupportFunctions/arm_copy_q7.c **** /* ----------------------------------------------------------------------
   2:.//Libraries/CMSIS/DSP/Source/SupportFunctions/arm_copy_q7.c ****  * Project:      CMSIS DSP Library
   3:.//Libraries/CMSIS/DSP/Source/SupportFunctions/arm_copy_q7.c ****  * Title:        arm_copy_q7.c
   4:.//Libraries/CMSIS/DSP/Source/SupportFunctions/arm_copy_q7.c ****  * Description:  Copies the elements of a Q7 vector
   5:.//Libraries/CMSIS/DSP/Source/SupportFunctions/arm_copy_q7.c ****  *
   6:.//Libraries/CMSIS/DSP/Source/SupportFunctions/arm_copy_q7.c ****  * $Date:        18. March 2019
   7:.//Libraries/CMSIS/DSP/Source/SupportFunctions/arm_copy_q7.c ****  * $Revision:    V1.6.0
   8:.//Libraries/CMSIS/DSP/Source/SupportFunctions/arm_copy_q7.c ****  *
   9:.//Libraries/CMSIS/DSP/Source/SupportFunctions/arm_copy_q7.c ****  * Target Processor: Cortex-M cores
  10:.//Libraries/CMSIS/DSP/Source/SupportFunctions/arm_copy_q7.c ****  * -------------------------------------------------------------------- */
  11:.//Libraries/CMSIS/DSP/Source/SupportFunctions/arm_copy_q7.c **** /*
  12:.//Libraries/CMSIS/DSP/Source/SupportFunctions/arm_copy_q7.c ****  * Copyright (C) 2010-2019 ARM Limited or its affiliates. All rights reserved.
  13:.//Libraries/CMSIS/DSP/Source/SupportFunctions/arm_copy_q7.c ****  *
  14:.//Libraries/CMSIS/DSP/Source/SupportFunctions/arm_copy_q7.c ****  * SPDX-License-Identifier: Apache-2.0
  15:.//Libraries/CMSIS/DSP/Source/SupportFunctions/arm_copy_q7.c ****  *
  16:.//Libraries/CMSIS/DSP/Source/SupportFunctions/arm_copy_q7.c ****  * Licensed under the Apache License, Version 2.0 (the License); you may
  17:.//Libraries/CMSIS/DSP/Source/SupportFunctions/arm_copy_q7.c ****  * not use this file except in compliance with the License.
  18:.//Libraries/CMSIS/DSP/Source/SupportFunctions/arm_copy_q7.c ****  * You may obtain a copy of the License at
  19:.//Libraries/CMSIS/DSP/Source/SupportFunctions/arm_copy_q7.c ****  *
  20:.//Libraries/CMSIS/DSP/Source/SupportFunctions/arm_copy_q7.c ****  * www.apache.org/licenses/LICENSE-2.0
  21:.//Libraries/CMSIS/DSP/Source/SupportFunctions/arm_copy_q7.c ****  *
  22:.//Libraries/CMSIS/DSP/Source/SupportFunctions/arm_copy_q7.c ****  * Unless required by applicable law or agreed to in writing, software
  23:.//Libraries/CMSIS/DSP/Source/SupportFunctions/arm_copy_q7.c ****  * distributed under the License is distributed on an AS IS BASIS, WITHOUT
  24:.//Libraries/CMSIS/DSP/Source/SupportFunctions/arm_copy_q7.c ****  * WARRANTIES OR CONDITIONS OF ANY KIND, either express or implied.
  25:.//Libraries/CMSIS/DSP/Source/SupportFunctions/arm_copy_q7.c ****  * See the License for the specific language governing permissions and
  26:.//Libraries/CMSIS/DSP/Source/SupportFunctions/arm_copy_q7.c ****  * limitations under the License.
  27:.//Libraries/CMSIS/DSP/Source/SupportFunctions/arm_copy_q7.c ****  */
  28:.//Libraries/CMSIS/DSP/Source/SupportFunctions/arm_copy_q7.c **** 
  29:.//Libraries/CMSIS/DSP/Source/SupportFunctions/arm_copy_q7.c **** #include "arm_math.h"
ARM GAS  /var/folders/wl/rshn8xbx1dsfj1zgryf4g1240000gn/T//ccNWtnp5.s 			page 2


  30:.//Libraries/CMSIS/DSP/Source/SupportFunctions/arm_copy_q7.c **** 
  31:.//Libraries/CMSIS/DSP/Source/SupportFunctions/arm_copy_q7.c **** /**
  32:.//Libraries/CMSIS/DSP/Source/SupportFunctions/arm_copy_q7.c ****   @ingroup groupSupport
  33:.//Libraries/CMSIS/DSP/Source/SupportFunctions/arm_copy_q7.c ****  */
  34:.//Libraries/CMSIS/DSP/Source/SupportFunctions/arm_copy_q7.c **** 
  35:.//Libraries/CMSIS/DSP/Source/SupportFunctions/arm_copy_q7.c **** /**
  36:.//Libraries/CMSIS/DSP/Source/SupportFunctions/arm_copy_q7.c ****   @addtogroup copy
  37:.//Libraries/CMSIS/DSP/Source/SupportFunctions/arm_copy_q7.c ****   @{
  38:.//Libraries/CMSIS/DSP/Source/SupportFunctions/arm_copy_q7.c ****  */
  39:.//Libraries/CMSIS/DSP/Source/SupportFunctions/arm_copy_q7.c **** 
  40:.//Libraries/CMSIS/DSP/Source/SupportFunctions/arm_copy_q7.c **** /**
  41:.//Libraries/CMSIS/DSP/Source/SupportFunctions/arm_copy_q7.c ****   @brief         Copies the elements of a Q7 vector.
  42:.//Libraries/CMSIS/DSP/Source/SupportFunctions/arm_copy_q7.c ****   @param[in]     pSrc       points to input vector
  43:.//Libraries/CMSIS/DSP/Source/SupportFunctions/arm_copy_q7.c ****   @param[out]    pDst       points to output vector
  44:.//Libraries/CMSIS/DSP/Source/SupportFunctions/arm_copy_q7.c ****   @param[in]     blockSize  number of samples in each vector
  45:.//Libraries/CMSIS/DSP/Source/SupportFunctions/arm_copy_q7.c ****   @return        none
  46:.//Libraries/CMSIS/DSP/Source/SupportFunctions/arm_copy_q7.c ****  */
  47:.//Libraries/CMSIS/DSP/Source/SupportFunctions/arm_copy_q7.c **** 
  48:.//Libraries/CMSIS/DSP/Source/SupportFunctions/arm_copy_q7.c **** void arm_copy_q7(
  49:.//Libraries/CMSIS/DSP/Source/SupportFunctions/arm_copy_q7.c ****   const q7_t * pSrc,
  50:.//Libraries/CMSIS/DSP/Source/SupportFunctions/arm_copy_q7.c ****         q7_t * pDst,
  51:.//Libraries/CMSIS/DSP/Source/SupportFunctions/arm_copy_q7.c ****         uint32_t blockSize)
  52:.//Libraries/CMSIS/DSP/Source/SupportFunctions/arm_copy_q7.c **** {
  30              		.loc 1 52 1 view -0
  31              		.cfi_startproc
  32              		@ args = 0, pretend = 0, frame = 0
  33              		@ frame_needed = 0, uses_anonymous_args = 0
  34              		@ link register save eliminated.
  53:.//Libraries/CMSIS/DSP/Source/SupportFunctions/arm_copy_q7.c ****   uint32_t blkCnt;                               /* Loop counter */
  35              		.loc 1 53 3 view .LVU1
  54:.//Libraries/CMSIS/DSP/Source/SupportFunctions/arm_copy_q7.c **** 
  55:.//Libraries/CMSIS/DSP/Source/SupportFunctions/arm_copy_q7.c **** #if defined (ARM_MATH_LOOPUNROLL)
  56:.//Libraries/CMSIS/DSP/Source/SupportFunctions/arm_copy_q7.c **** 
  57:.//Libraries/CMSIS/DSP/Source/SupportFunctions/arm_copy_q7.c ****   /* Loop unrolling: Compute 4 outputs at a time */
  58:.//Libraries/CMSIS/DSP/Source/SupportFunctions/arm_copy_q7.c ****   blkCnt = blockSize >> 2U;
  59:.//Libraries/CMSIS/DSP/Source/SupportFunctions/arm_copy_q7.c **** 
  60:.//Libraries/CMSIS/DSP/Source/SupportFunctions/arm_copy_q7.c ****   while (blkCnt > 0U)
  61:.//Libraries/CMSIS/DSP/Source/SupportFunctions/arm_copy_q7.c ****   {
  62:.//Libraries/CMSIS/DSP/Source/SupportFunctions/arm_copy_q7.c ****     /* C = A */
  63:.//Libraries/CMSIS/DSP/Source/SupportFunctions/arm_copy_q7.c **** 
  64:.//Libraries/CMSIS/DSP/Source/SupportFunctions/arm_copy_q7.c ****     /* read 4 samples at a time */
  65:.//Libraries/CMSIS/DSP/Source/SupportFunctions/arm_copy_q7.c ****     write_q7x4_ia (&pDst, read_q7x4_ia ((q7_t **) &pSrc));
  66:.//Libraries/CMSIS/DSP/Source/SupportFunctions/arm_copy_q7.c **** 
  67:.//Libraries/CMSIS/DSP/Source/SupportFunctions/arm_copy_q7.c ****     /* Decrement loop counter */
  68:.//Libraries/CMSIS/DSP/Source/SupportFunctions/arm_copy_q7.c ****     blkCnt--;
  69:.//Libraries/CMSIS/DSP/Source/SupportFunctions/arm_copy_q7.c ****   }
  70:.//Libraries/CMSIS/DSP/Source/SupportFunctions/arm_copy_q7.c **** 
  71:.//Libraries/CMSIS/DSP/Source/SupportFunctions/arm_copy_q7.c ****   /* Loop unrolling: Compute remaining outputs */
  72:.//Libraries/CMSIS/DSP/Source/SupportFunctions/arm_copy_q7.c ****   blkCnt = blockSize % 0x4U;
  73:.//Libraries/CMSIS/DSP/Source/SupportFunctions/arm_copy_q7.c **** 
  74:.//Libraries/CMSIS/DSP/Source/SupportFunctions/arm_copy_q7.c **** #else
  75:.//Libraries/CMSIS/DSP/Source/SupportFunctions/arm_copy_q7.c **** 
  76:.//Libraries/CMSIS/DSP/Source/SupportFunctions/arm_copy_q7.c ****   /* Initialize blkCnt with number of samples */
  77:.//Libraries/CMSIS/DSP/Source/SupportFunctions/arm_copy_q7.c ****   blkCnt = blockSize;
  36              		.loc 1 77 3 view .LVU2
  78:.//Libraries/CMSIS/DSP/Source/SupportFunctions/arm_copy_q7.c **** 
  79:.//Libraries/CMSIS/DSP/Source/SupportFunctions/arm_copy_q7.c **** #endif /* #if defined (ARM_MATH_LOOPUNROLL) */
ARM GAS  /var/folders/wl/rshn8xbx1dsfj1zgryf4g1240000gn/T//ccNWtnp5.s 			page 3


  80:.//Libraries/CMSIS/DSP/Source/SupportFunctions/arm_copy_q7.c **** 
  81:.//Libraries/CMSIS/DSP/Source/SupportFunctions/arm_copy_q7.c ****   while (blkCnt > 0U)
  37              		.loc 1 81 3 view .LVU3
  38              		.loc 1 81 9 view .LVU4
  39 0000 3AB1     		cbz	r2, .L1
  40 0002 0139     		subs	r1, r1, #1
  41              	.LVL1:
  42              		.loc 1 81 9 is_stmt 0 view .LVU5
  43 0004 0244     		add	r2, r2, r0
  44              	.LVL2:
  45              	.L3:
  82:.//Libraries/CMSIS/DSP/Source/SupportFunctions/arm_copy_q7.c ****   {
  83:.//Libraries/CMSIS/DSP/Source/SupportFunctions/arm_copy_q7.c ****     /* C = A */
  84:.//Libraries/CMSIS/DSP/Source/SupportFunctions/arm_copy_q7.c **** 
  85:.//Libraries/CMSIS/DSP/Source/SupportFunctions/arm_copy_q7.c ****     /* Copy and store result in destination buffer */
  86:.//Libraries/CMSIS/DSP/Source/SupportFunctions/arm_copy_q7.c ****     *pDst++ = *pSrc++;
  46              		.loc 1 86 5 is_stmt 1 view .LVU6
  47              		.loc 1 86 15 is_stmt 0 view .LVU7
  48 0006 10F9013B 		ldrsb	r3, [r0], #1
  49              	.LVL3:
  81:.//Libraries/CMSIS/DSP/Source/SupportFunctions/arm_copy_q7.c ****   {
  50              		.loc 1 81 9 view .LVU8
  51 000a 9042     		cmp	r0, r2
  52              		.loc 1 86 13 view .LVU9
  53 000c 01F8013F 		strb	r3, [r1, #1]!
  87:.//Libraries/CMSIS/DSP/Source/SupportFunctions/arm_copy_q7.c **** 
  88:.//Libraries/CMSIS/DSP/Source/SupportFunctions/arm_copy_q7.c ****     /* Decrement loop counter */
  89:.//Libraries/CMSIS/DSP/Source/SupportFunctions/arm_copy_q7.c ****     blkCnt--;
  54              		.loc 1 89 5 is_stmt 1 view .LVU10
  81:.//Libraries/CMSIS/DSP/Source/SupportFunctions/arm_copy_q7.c ****   {
  55              		.loc 1 81 9 view .LVU11
  56 0010 F9D1     		bne	.L3
  57              	.LVL4:
  58              	.L1:
  90:.//Libraries/CMSIS/DSP/Source/SupportFunctions/arm_copy_q7.c ****   }
  91:.//Libraries/CMSIS/DSP/Source/SupportFunctions/arm_copy_q7.c **** }
  59              		.loc 1 91 1 is_stmt 0 view .LVU12
  60 0012 7047     		bx	lr
  61              		.cfi_endproc
  62              	.LFE145:
  64              		.text
  65              	.Letext0:
  66              		.file 2 "/opt/homebrew/Cellar/arm-none-eabi-gcc/9-2019-q4-major/gcc/arm-none-eabi/include/machine/
  67              		.file 3 "/opt/homebrew/Cellar/arm-none-eabi-gcc/9-2019-q4-major/gcc/arm-none-eabi/include/sys/_std
  68              		.file 4 "/opt/homebrew/Cellar/arm-none-eabi-gcc/9-2019-q4-major/gcc/arm-none-eabi/include/sys/lock
  69              		.file 5 "/opt/homebrew/Cellar/arm-none-eabi-gcc/9-2019-q4-major/gcc/arm-none-eabi/include/sys/_typ
  70              		.file 6 "/opt/homebrew/Cellar/arm-none-eabi-gcc/9-2019-q4-major/gcc/lib/gcc/arm-none-eabi/9.2.1/in
  71              		.file 7 "/opt/homebrew/Cellar/arm-none-eabi-gcc/9-2019-q4-major/gcc/arm-none-eabi/include/sys/reen
  72              		.file 8 "/opt/homebrew/Cellar/arm-none-eabi-gcc/9-2019-q4-major/gcc/arm-none-eabi/include/math.h"
  73              		.file 9 ".//Libraries/CMSIS/DSP/Include/arm_math.h"
ARM GAS  /var/folders/wl/rshn8xbx1dsfj1zgryf4g1240000gn/T//ccNWtnp5.s 			page 4


DEFINED SYMBOLS
                            *ABS*:0000000000000000 arm_copy_q7.c
/var/folders/wl/rshn8xbx1dsfj1zgryf4g1240000gn/T//ccNWtnp5.s:17     .text.arm_copy_q7:0000000000000000 $t
/var/folders/wl/rshn8xbx1dsfj1zgryf4g1240000gn/T//ccNWtnp5.s:26     .text.arm_copy_q7:0000000000000000 arm_copy_q7

NO UNDEFINED SYMBOLS
