ARM GAS  /tmp/ccdC1FmU.s 			page 1


   1              		.cpu cortex-m7
   2              		.eabi_attribute 28, 1
   3              		.eabi_attribute 20, 1
   4              		.eabi_attribute 21, 1
   5              		.eabi_attribute 23, 3
   6              		.eabi_attribute 24, 1
   7              		.eabi_attribute 25, 1
   8              		.eabi_attribute 26, 1
   9              		.eabi_attribute 30, 2
  10              		.eabi_attribute 34, 1
  11              		.eabi_attribute 18, 4
  12              		.file	"arm_q31_to_q7.c"
  13              		.text
  14              	.Ltext0:
  15              		.cfi_sections	.debug_frame
  16              		.section	.text.arm_q31_to_q7,"ax",%progbits
  17              		.align	1
  18              		.p2align 2,,3
  19              		.global	arm_q31_to_q7
  20              		.arch armv7e-m
  21              		.syntax unified
  22              		.thumb
  23              		.thumb_func
  24              		.fpu fpv5-d16
  26              	arm_q31_to_q7:
  27              	.LVL0:
  28              	.LFB145:
  29              		.file 1 "./Libraries/CMSIS/DSP/Source/SupportFunctions/arm_q31_to_q7.c"
   1:./Libraries/CMSIS/DSP/Source/SupportFunctions/arm_q31_to_q7.c **** /* ----------------------------------------------------------------------
   2:./Libraries/CMSIS/DSP/Source/SupportFunctions/arm_q31_to_q7.c ****  * Project:      CMSIS DSP Library
   3:./Libraries/CMSIS/DSP/Source/SupportFunctions/arm_q31_to_q7.c ****  * Title:        arm_q31_to_q7.c
   4:./Libraries/CMSIS/DSP/Source/SupportFunctions/arm_q31_to_q7.c ****  * Description:  Converts the elements of the Q31 vector to Q7 vector
   5:./Libraries/CMSIS/DSP/Source/SupportFunctions/arm_q31_to_q7.c ****  *
   6:./Libraries/CMSIS/DSP/Source/SupportFunctions/arm_q31_to_q7.c ****  * $Date:        18. March 2019
   7:./Libraries/CMSIS/DSP/Source/SupportFunctions/arm_q31_to_q7.c ****  * $Revision:    V1.6.0
   8:./Libraries/CMSIS/DSP/Source/SupportFunctions/arm_q31_to_q7.c ****  *
   9:./Libraries/CMSIS/DSP/Source/SupportFunctions/arm_q31_to_q7.c ****  * Target Processor: Cortex-M cores
  10:./Libraries/CMSIS/DSP/Source/SupportFunctions/arm_q31_to_q7.c ****  * -------------------------------------------------------------------- */
  11:./Libraries/CMSIS/DSP/Source/SupportFunctions/arm_q31_to_q7.c **** /*
  12:./Libraries/CMSIS/DSP/Source/SupportFunctions/arm_q31_to_q7.c ****  * Copyright (C) 2010-2019 ARM Limited or its affiliates. All rights reserved.
  13:./Libraries/CMSIS/DSP/Source/SupportFunctions/arm_q31_to_q7.c ****  *
  14:./Libraries/CMSIS/DSP/Source/SupportFunctions/arm_q31_to_q7.c ****  * SPDX-License-Identifier: Apache-2.0
  15:./Libraries/CMSIS/DSP/Source/SupportFunctions/arm_q31_to_q7.c ****  *
  16:./Libraries/CMSIS/DSP/Source/SupportFunctions/arm_q31_to_q7.c ****  * Licensed under the Apache License, Version 2.0 (the License); you may
  17:./Libraries/CMSIS/DSP/Source/SupportFunctions/arm_q31_to_q7.c ****  * not use this file except in compliance with the License.
  18:./Libraries/CMSIS/DSP/Source/SupportFunctions/arm_q31_to_q7.c ****  * You may obtain a copy of the License at
  19:./Libraries/CMSIS/DSP/Source/SupportFunctions/arm_q31_to_q7.c ****  *
  20:./Libraries/CMSIS/DSP/Source/SupportFunctions/arm_q31_to_q7.c ****  * www.apache.org/licenses/LICENSE-2.0
  21:./Libraries/CMSIS/DSP/Source/SupportFunctions/arm_q31_to_q7.c ****  *
  22:./Libraries/CMSIS/DSP/Source/SupportFunctions/arm_q31_to_q7.c ****  * Unless required by applicable law or agreed to in writing, software
  23:./Libraries/CMSIS/DSP/Source/SupportFunctions/arm_q31_to_q7.c ****  * distributed under the License is distributed on an AS IS BASIS, WITHOUT
  24:./Libraries/CMSIS/DSP/Source/SupportFunctions/arm_q31_to_q7.c ****  * WARRANTIES OR CONDITIONS OF ANY KIND, either express or implied.
  25:./Libraries/CMSIS/DSP/Source/SupportFunctions/arm_q31_to_q7.c ****  * See the License for the specific language governing permissions and
  26:./Libraries/CMSIS/DSP/Source/SupportFunctions/arm_q31_to_q7.c ****  * limitations under the License.
  27:./Libraries/CMSIS/DSP/Source/SupportFunctions/arm_q31_to_q7.c ****  */
  28:./Libraries/CMSIS/DSP/Source/SupportFunctions/arm_q31_to_q7.c **** 
  29:./Libraries/CMSIS/DSP/Source/SupportFunctions/arm_q31_to_q7.c **** #include "arm_math.h"
ARM GAS  /tmp/ccdC1FmU.s 			page 2


  30:./Libraries/CMSIS/DSP/Source/SupportFunctions/arm_q31_to_q7.c **** 
  31:./Libraries/CMSIS/DSP/Source/SupportFunctions/arm_q31_to_q7.c **** /**
  32:./Libraries/CMSIS/DSP/Source/SupportFunctions/arm_q31_to_q7.c ****   @ingroup groupSupport
  33:./Libraries/CMSIS/DSP/Source/SupportFunctions/arm_q31_to_q7.c ****  */
  34:./Libraries/CMSIS/DSP/Source/SupportFunctions/arm_q31_to_q7.c **** 
  35:./Libraries/CMSIS/DSP/Source/SupportFunctions/arm_q31_to_q7.c **** /**
  36:./Libraries/CMSIS/DSP/Source/SupportFunctions/arm_q31_to_q7.c ****   @addtogroup q31_to_x
  37:./Libraries/CMSIS/DSP/Source/SupportFunctions/arm_q31_to_q7.c ****   @{
  38:./Libraries/CMSIS/DSP/Source/SupportFunctions/arm_q31_to_q7.c ****  */
  39:./Libraries/CMSIS/DSP/Source/SupportFunctions/arm_q31_to_q7.c **** 
  40:./Libraries/CMSIS/DSP/Source/SupportFunctions/arm_q31_to_q7.c **** /**
  41:./Libraries/CMSIS/DSP/Source/SupportFunctions/arm_q31_to_q7.c ****   @brief         Converts the elements of the Q31 vector to Q7 vector.
  42:./Libraries/CMSIS/DSP/Source/SupportFunctions/arm_q31_to_q7.c ****   @param[in]     pSrc       points to the Q31 input vector
  43:./Libraries/CMSIS/DSP/Source/SupportFunctions/arm_q31_to_q7.c ****   @param[out]    pDst       points to the Q7 output vector
  44:./Libraries/CMSIS/DSP/Source/SupportFunctions/arm_q31_to_q7.c ****   @param[in]     blockSize  number of samples in each vector
  45:./Libraries/CMSIS/DSP/Source/SupportFunctions/arm_q31_to_q7.c ****   @return        none
  46:./Libraries/CMSIS/DSP/Source/SupportFunctions/arm_q31_to_q7.c **** 
  47:./Libraries/CMSIS/DSP/Source/SupportFunctions/arm_q31_to_q7.c ****   @par           Details
  48:./Libraries/CMSIS/DSP/Source/SupportFunctions/arm_q31_to_q7.c ****                    The equation used for the conversion process is:
  49:./Libraries/CMSIS/DSP/Source/SupportFunctions/arm_q31_to_q7.c ****   <pre>
  50:./Libraries/CMSIS/DSP/Source/SupportFunctions/arm_q31_to_q7.c ****       pDst[n] = (q7_t) pSrc[n] >> 24;   0 <= n < blockSize.
  51:./Libraries/CMSIS/DSP/Source/SupportFunctions/arm_q31_to_q7.c ****   </pre>
  52:./Libraries/CMSIS/DSP/Source/SupportFunctions/arm_q31_to_q7.c ****  */
  53:./Libraries/CMSIS/DSP/Source/SupportFunctions/arm_q31_to_q7.c **** 
  54:./Libraries/CMSIS/DSP/Source/SupportFunctions/arm_q31_to_q7.c **** void arm_q31_to_q7(
  55:./Libraries/CMSIS/DSP/Source/SupportFunctions/arm_q31_to_q7.c ****   const q31_t * pSrc,
  56:./Libraries/CMSIS/DSP/Source/SupportFunctions/arm_q31_to_q7.c ****         q7_t * pDst,
  57:./Libraries/CMSIS/DSP/Source/SupportFunctions/arm_q31_to_q7.c ****         uint32_t blockSize)
  58:./Libraries/CMSIS/DSP/Source/SupportFunctions/arm_q31_to_q7.c **** {
  30              		.loc 1 58 1 view -0
  31              		.cfi_startproc
  32              		@ args = 0, pretend = 0, frame = 0
  33              		@ frame_needed = 0, uses_anonymous_args = 0
  34              		@ link register save eliminated.
  59:./Libraries/CMSIS/DSP/Source/SupportFunctions/arm_q31_to_q7.c ****         uint32_t blkCnt;                               /* Loop counter */
  35              		.loc 1 59 9 view .LVU1
  60:./Libraries/CMSIS/DSP/Source/SupportFunctions/arm_q31_to_q7.c ****   const q31_t *pIn = pSrc;                             /* Source pointer */
  36              		.loc 1 60 3 view .LVU2
  61:./Libraries/CMSIS/DSP/Source/SupportFunctions/arm_q31_to_q7.c **** 
  62:./Libraries/CMSIS/DSP/Source/SupportFunctions/arm_q31_to_q7.c **** #if defined (ARM_MATH_LOOPUNROLL)
  63:./Libraries/CMSIS/DSP/Source/SupportFunctions/arm_q31_to_q7.c **** 
  64:./Libraries/CMSIS/DSP/Source/SupportFunctions/arm_q31_to_q7.c ****   q7_t out1, out2, out3, out4;
  65:./Libraries/CMSIS/DSP/Source/SupportFunctions/arm_q31_to_q7.c **** 
  66:./Libraries/CMSIS/DSP/Source/SupportFunctions/arm_q31_to_q7.c ****   /* Loop unrolling: Compute 4 outputs at a time */
  67:./Libraries/CMSIS/DSP/Source/SupportFunctions/arm_q31_to_q7.c ****   blkCnt = blockSize >> 2U;
  68:./Libraries/CMSIS/DSP/Source/SupportFunctions/arm_q31_to_q7.c **** 
  69:./Libraries/CMSIS/DSP/Source/SupportFunctions/arm_q31_to_q7.c ****   while (blkCnt > 0U)
  70:./Libraries/CMSIS/DSP/Source/SupportFunctions/arm_q31_to_q7.c ****   {
  71:./Libraries/CMSIS/DSP/Source/SupportFunctions/arm_q31_to_q7.c ****     /* C = (q7_t) (A >> 24) */
  72:./Libraries/CMSIS/DSP/Source/SupportFunctions/arm_q31_to_q7.c **** 
  73:./Libraries/CMSIS/DSP/Source/SupportFunctions/arm_q31_to_q7.c ****     /* Convert from q31 to q7 and store result in destination buffer */
  74:./Libraries/CMSIS/DSP/Source/SupportFunctions/arm_q31_to_q7.c **** 
  75:./Libraries/CMSIS/DSP/Source/SupportFunctions/arm_q31_to_q7.c ****     out1 = (q7_t) (*pIn++ >> 24);
  76:./Libraries/CMSIS/DSP/Source/SupportFunctions/arm_q31_to_q7.c ****     out2 = (q7_t) (*pIn++ >> 24);
  77:./Libraries/CMSIS/DSP/Source/SupportFunctions/arm_q31_to_q7.c ****     out3 = (q7_t) (*pIn++ >> 24);
  78:./Libraries/CMSIS/DSP/Source/SupportFunctions/arm_q31_to_q7.c ****     out4 = (q7_t) (*pIn++ >> 24);
  79:./Libraries/CMSIS/DSP/Source/SupportFunctions/arm_q31_to_q7.c ****     write_q7x4_ia (&pDst, __PACKq7(out1, out2, out3, out4));
ARM GAS  /tmp/ccdC1FmU.s 			page 3


  80:./Libraries/CMSIS/DSP/Source/SupportFunctions/arm_q31_to_q7.c **** 
  81:./Libraries/CMSIS/DSP/Source/SupportFunctions/arm_q31_to_q7.c ****     /* Decrement loop counter */
  82:./Libraries/CMSIS/DSP/Source/SupportFunctions/arm_q31_to_q7.c ****     blkCnt--;
  83:./Libraries/CMSIS/DSP/Source/SupportFunctions/arm_q31_to_q7.c ****   }
  84:./Libraries/CMSIS/DSP/Source/SupportFunctions/arm_q31_to_q7.c **** 
  85:./Libraries/CMSIS/DSP/Source/SupportFunctions/arm_q31_to_q7.c ****   /* Loop unrolling: Compute remaining outputs */
  86:./Libraries/CMSIS/DSP/Source/SupportFunctions/arm_q31_to_q7.c ****   blkCnt = blockSize % 0x4U;
  87:./Libraries/CMSIS/DSP/Source/SupportFunctions/arm_q31_to_q7.c **** 
  88:./Libraries/CMSIS/DSP/Source/SupportFunctions/arm_q31_to_q7.c **** #else
  89:./Libraries/CMSIS/DSP/Source/SupportFunctions/arm_q31_to_q7.c **** 
  90:./Libraries/CMSIS/DSP/Source/SupportFunctions/arm_q31_to_q7.c ****   /* Initialize blkCnt with number of samples */
  91:./Libraries/CMSIS/DSP/Source/SupportFunctions/arm_q31_to_q7.c ****   blkCnt = blockSize;
  37              		.loc 1 91 3 view .LVU3
  92:./Libraries/CMSIS/DSP/Source/SupportFunctions/arm_q31_to_q7.c **** 
  93:./Libraries/CMSIS/DSP/Source/SupportFunctions/arm_q31_to_q7.c **** #endif /* #if defined (ARM_MATH_LOOPUNROLL) */
  94:./Libraries/CMSIS/DSP/Source/SupportFunctions/arm_q31_to_q7.c **** 
  95:./Libraries/CMSIS/DSP/Source/SupportFunctions/arm_q31_to_q7.c ****   while (blkCnt > 0U)
  38              		.loc 1 95 3 view .LVU4
  39              		.loc 1 95 9 view .LVU5
  40 0000 3AB1     		cbz	r2, .L1
  41 0002 0A44     		add	r2, r2, r1
  42              	.LVL1:
  43              	.L3:
  96:./Libraries/CMSIS/DSP/Source/SupportFunctions/arm_q31_to_q7.c ****   {
  97:./Libraries/CMSIS/DSP/Source/SupportFunctions/arm_q31_to_q7.c ****     /* C = (q7_t) (A >> 24) */
  98:./Libraries/CMSIS/DSP/Source/SupportFunctions/arm_q31_to_q7.c **** 
  99:./Libraries/CMSIS/DSP/Source/SupportFunctions/arm_q31_to_q7.c ****     /* Convert from q31 to q7 and store result in destination buffer */
 100:./Libraries/CMSIS/DSP/Source/SupportFunctions/arm_q31_to_q7.c ****     *pDst++ = (q7_t) (*pIn++ >> 24);
  44              		.loc 1 100 5 view .LVU6
  45              		.loc 1 100 30 is_stmt 0 view .LVU7
  46 0004 50F8043B 		ldr	r3, [r0], #4
  47              	.LVL2:
  48              		.loc 1 100 30 view .LVU8
  49 0008 1B16     		asrs	r3, r3, #24
  50              		.loc 1 100 15 view .LVU9
  51 000a 01F8013B 		strb	r3, [r1], #1
  52              	.LVL3:
 101:./Libraries/CMSIS/DSP/Source/SupportFunctions/arm_q31_to_q7.c **** 
 102:./Libraries/CMSIS/DSP/Source/SupportFunctions/arm_q31_to_q7.c ****     /* Decrement loop counter */
 103:./Libraries/CMSIS/DSP/Source/SupportFunctions/arm_q31_to_q7.c ****     blkCnt--;
  53              		.loc 1 103 5 is_stmt 1 view .LVU10
  95:./Libraries/CMSIS/DSP/Source/SupportFunctions/arm_q31_to_q7.c ****   {
  54              		.loc 1 95 9 view .LVU11
  55 000e 9142     		cmp	r1, r2
  56 0010 F8D1     		bne	.L3
  57              	.L1:
 104:./Libraries/CMSIS/DSP/Source/SupportFunctions/arm_q31_to_q7.c ****   }
 105:./Libraries/CMSIS/DSP/Source/SupportFunctions/arm_q31_to_q7.c **** 
 106:./Libraries/CMSIS/DSP/Source/SupportFunctions/arm_q31_to_q7.c **** }
  58              		.loc 1 106 1 is_stmt 0 view .LVU12
  59 0012 7047     		bx	lr
  60              		.cfi_endproc
  61              	.LFE145:
  63              		.text
  64              	.Letext0:
  65              		.file 2 "/usr/lib/gcc/arm-none-eabi/9.2.1/include/stdint.h"
  66              		.file 3 "/usr/lib/gcc/arm-none-eabi/9.2.1/include/stddef.h"
ARM GAS  /tmp/ccdC1FmU.s 			page 4


  67              		.file 4 "/usr/include/newlib/sys/_types.h"
  68              		.file 5 "/usr/include/newlib/sys/reent.h"
  69              		.file 6 "/usr/include/newlib/sys/lock.h"
  70              		.file 7 "/usr/include/newlib/math.h"
  71              		.file 8 "./Libraries/CMSIS/DSP/Include/arm_math.h"
ARM GAS  /tmp/ccdC1FmU.s 			page 5


DEFINED SYMBOLS
                            *ABS*:0000000000000000 arm_q31_to_q7.c
     /tmp/ccdC1FmU.s:17     .text.arm_q31_to_q7:0000000000000000 $t
     /tmp/ccdC1FmU.s:26     .text.arm_q31_to_q7:0000000000000000 arm_q31_to_q7

NO UNDEFINED SYMBOLS
