ARM GAS  /tmp/ccsaH62X.s 			page 1


   1              		.cpu cortex-m7
   2              		.eabi_attribute 28, 1
   3              		.eabi_attribute 20, 1
   4              		.eabi_attribute 21, 1
   5              		.eabi_attribute 23, 3
   6              		.eabi_attribute 24, 1
   7              		.eabi_attribute 25, 1
   8              		.eabi_attribute 26, 1
   9              		.eabi_attribute 30, 2
  10              		.eabi_attribute 34, 1
  11              		.eabi_attribute 18, 4
  12              		.file	"arm_biquad_cascade_df2T_f32.c"
  13              		.text
  14              	.Ltext0:
  15              		.cfi_sections	.debug_frame
  16              		.section	.text.arm_biquad_cascade_df2T_f32,"ax",%progbits
  17              		.align	1
  18              		.p2align 2,,3
  19              		.global	arm_biquad_cascade_df2T_f32
  20              		.arch armv7e-m
  21              		.syntax unified
  22              		.thumb
  23              		.thumb_func
  24              		.fpu fpv5-d16
  26              	arm_biquad_cascade_df2T_f32:
  27              	.LVL0:
  28              	.LFB145:
  29              		.file 1 "./Libraries/CMSIS/DSP/Source/FilteringFunctions/arm_biquad_cascade_df2T_f32.c"
   1:./Libraries/CMSIS/DSP/Source/FilteringFunctions/arm_biquad_cascade_df2T_f32.c **** /* ----------------------------------------------------------------------
   2:./Libraries/CMSIS/DSP/Source/FilteringFunctions/arm_biquad_cascade_df2T_f32.c ****  * Project:      CMSIS DSP Library
   3:./Libraries/CMSIS/DSP/Source/FilteringFunctions/arm_biquad_cascade_df2T_f32.c ****  * Title:        arm_biquad_cascade_df2T_f32.c
   4:./Libraries/CMSIS/DSP/Source/FilteringFunctions/arm_biquad_cascade_df2T_f32.c ****  * Description:  Processing function for floating-point transposed direct form II Biquad cascade fi
   5:./Libraries/CMSIS/DSP/Source/FilteringFunctions/arm_biquad_cascade_df2T_f32.c ****  *
   6:./Libraries/CMSIS/DSP/Source/FilteringFunctions/arm_biquad_cascade_df2T_f32.c ****  * $Date:        18. March 2019
   7:./Libraries/CMSIS/DSP/Source/FilteringFunctions/arm_biquad_cascade_df2T_f32.c ****  * $Revision:    V1.6.0
   8:./Libraries/CMSIS/DSP/Source/FilteringFunctions/arm_biquad_cascade_df2T_f32.c ****  *
   9:./Libraries/CMSIS/DSP/Source/FilteringFunctions/arm_biquad_cascade_df2T_f32.c ****  * Target Processor: Cortex-M cores
  10:./Libraries/CMSIS/DSP/Source/FilteringFunctions/arm_biquad_cascade_df2T_f32.c ****  * -------------------------------------------------------------------- */
  11:./Libraries/CMSIS/DSP/Source/FilteringFunctions/arm_biquad_cascade_df2T_f32.c **** /*
  12:./Libraries/CMSIS/DSP/Source/FilteringFunctions/arm_biquad_cascade_df2T_f32.c ****  * Copyright (C) 2010-2019 ARM Limited or its affiliates. All rights reserved.
  13:./Libraries/CMSIS/DSP/Source/FilteringFunctions/arm_biquad_cascade_df2T_f32.c ****  *
  14:./Libraries/CMSIS/DSP/Source/FilteringFunctions/arm_biquad_cascade_df2T_f32.c ****  * SPDX-License-Identifier: Apache-2.0
  15:./Libraries/CMSIS/DSP/Source/FilteringFunctions/arm_biquad_cascade_df2T_f32.c ****  *
  16:./Libraries/CMSIS/DSP/Source/FilteringFunctions/arm_biquad_cascade_df2T_f32.c ****  * Licensed under the Apache License, Version 2.0 (the License); you may
  17:./Libraries/CMSIS/DSP/Source/FilteringFunctions/arm_biquad_cascade_df2T_f32.c ****  * not use this file except in compliance with the License.
  18:./Libraries/CMSIS/DSP/Source/FilteringFunctions/arm_biquad_cascade_df2T_f32.c ****  * You may obtain a copy of the License at
  19:./Libraries/CMSIS/DSP/Source/FilteringFunctions/arm_biquad_cascade_df2T_f32.c ****  *
  20:./Libraries/CMSIS/DSP/Source/FilteringFunctions/arm_biquad_cascade_df2T_f32.c ****  * www.apache.org/licenses/LICENSE-2.0
  21:./Libraries/CMSIS/DSP/Source/FilteringFunctions/arm_biquad_cascade_df2T_f32.c ****  *
  22:./Libraries/CMSIS/DSP/Source/FilteringFunctions/arm_biquad_cascade_df2T_f32.c ****  * Unless required by applicable law or agreed to in writing, software
  23:./Libraries/CMSIS/DSP/Source/FilteringFunctions/arm_biquad_cascade_df2T_f32.c ****  * distributed under the License is distributed on an AS IS BASIS, WITHOUT
  24:./Libraries/CMSIS/DSP/Source/FilteringFunctions/arm_biquad_cascade_df2T_f32.c ****  * WARRANTIES OR CONDITIONS OF ANY KIND, either express or implied.
  25:./Libraries/CMSIS/DSP/Source/FilteringFunctions/arm_biquad_cascade_df2T_f32.c ****  * See the License for the specific language governing permissions and
  26:./Libraries/CMSIS/DSP/Source/FilteringFunctions/arm_biquad_cascade_df2T_f32.c ****  * limitations under the License.
  27:./Libraries/CMSIS/DSP/Source/FilteringFunctions/arm_biquad_cascade_df2T_f32.c ****  */
  28:./Libraries/CMSIS/DSP/Source/FilteringFunctions/arm_biquad_cascade_df2T_f32.c **** 
  29:./Libraries/CMSIS/DSP/Source/FilteringFunctions/arm_biquad_cascade_df2T_f32.c **** #include "arm_math.h"
ARM GAS  /tmp/ccsaH62X.s 			page 2


  30:./Libraries/CMSIS/DSP/Source/FilteringFunctions/arm_biquad_cascade_df2T_f32.c **** 
  31:./Libraries/CMSIS/DSP/Source/FilteringFunctions/arm_biquad_cascade_df2T_f32.c **** /**
  32:./Libraries/CMSIS/DSP/Source/FilteringFunctions/arm_biquad_cascade_df2T_f32.c ****   @ingroup groupFilters
  33:./Libraries/CMSIS/DSP/Source/FilteringFunctions/arm_biquad_cascade_df2T_f32.c **** */
  34:./Libraries/CMSIS/DSP/Source/FilteringFunctions/arm_biquad_cascade_df2T_f32.c **** 
  35:./Libraries/CMSIS/DSP/Source/FilteringFunctions/arm_biquad_cascade_df2T_f32.c **** /**
  36:./Libraries/CMSIS/DSP/Source/FilteringFunctions/arm_biquad_cascade_df2T_f32.c ****   @addtogroup BiquadCascadeDF2T
  37:./Libraries/CMSIS/DSP/Source/FilteringFunctions/arm_biquad_cascade_df2T_f32.c ****   @{
  38:./Libraries/CMSIS/DSP/Source/FilteringFunctions/arm_biquad_cascade_df2T_f32.c ****  */
  39:./Libraries/CMSIS/DSP/Source/FilteringFunctions/arm_biquad_cascade_df2T_f32.c **** 
  40:./Libraries/CMSIS/DSP/Source/FilteringFunctions/arm_biquad_cascade_df2T_f32.c **** /**
  41:./Libraries/CMSIS/DSP/Source/FilteringFunctions/arm_biquad_cascade_df2T_f32.c ****   @brief         Processing function for the floating-point transposed direct form II Biquad cascad
  42:./Libraries/CMSIS/DSP/Source/FilteringFunctions/arm_biquad_cascade_df2T_f32.c ****   @param[in]     S         points to an instance of the filter data structure
  43:./Libraries/CMSIS/DSP/Source/FilteringFunctions/arm_biquad_cascade_df2T_f32.c ****   @param[in]     pSrc      points to the block of input data
  44:./Libraries/CMSIS/DSP/Source/FilteringFunctions/arm_biquad_cascade_df2T_f32.c ****   @param[out]    pDst      points to the block of output data
  45:./Libraries/CMSIS/DSP/Source/FilteringFunctions/arm_biquad_cascade_df2T_f32.c ****   @param[in]     blockSize number of samples to process
  46:./Libraries/CMSIS/DSP/Source/FilteringFunctions/arm_biquad_cascade_df2T_f32.c ****   @return        none
  47:./Libraries/CMSIS/DSP/Source/FilteringFunctions/arm_biquad_cascade_df2T_f32.c ****  */
  48:./Libraries/CMSIS/DSP/Source/FilteringFunctions/arm_biquad_cascade_df2T_f32.c **** 
  49:./Libraries/CMSIS/DSP/Source/FilteringFunctions/arm_biquad_cascade_df2T_f32.c **** #if defined(ARM_MATH_NEON) 
  50:./Libraries/CMSIS/DSP/Source/FilteringFunctions/arm_biquad_cascade_df2T_f32.c **** 
  51:./Libraries/CMSIS/DSP/Source/FilteringFunctions/arm_biquad_cascade_df2T_f32.c **** void arm_biquad_cascade_df2T_f32(
  52:./Libraries/CMSIS/DSP/Source/FilteringFunctions/arm_biquad_cascade_df2T_f32.c ****   const arm_biquad_cascade_df2T_instance_f32 * S,
  53:./Libraries/CMSIS/DSP/Source/FilteringFunctions/arm_biquad_cascade_df2T_f32.c ****   const float32_t * pSrc,
  54:./Libraries/CMSIS/DSP/Source/FilteringFunctions/arm_biquad_cascade_df2T_f32.c ****         float32_t * pDst,
  55:./Libraries/CMSIS/DSP/Source/FilteringFunctions/arm_biquad_cascade_df2T_f32.c ****         uint32_t blockSize)
  56:./Libraries/CMSIS/DSP/Source/FilteringFunctions/arm_biquad_cascade_df2T_f32.c **** {
  57:./Libraries/CMSIS/DSP/Source/FilteringFunctions/arm_biquad_cascade_df2T_f32.c ****    const float32_t *pIn = pSrc;                   /*  source pointer            */
  58:./Libraries/CMSIS/DSP/Source/FilteringFunctions/arm_biquad_cascade_df2T_f32.c ****    float32_t *pOut = pDst;                        /*  destination pointer       */
  59:./Libraries/CMSIS/DSP/Source/FilteringFunctions/arm_biquad_cascade_df2T_f32.c ****    float32_t *pState = S->pState;                 /*  State pointer             */
  60:./Libraries/CMSIS/DSP/Source/FilteringFunctions/arm_biquad_cascade_df2T_f32.c ****    const float32_t *pCoeffs = S->pCoeffs;         /*  coefficient pointer       */
  61:./Libraries/CMSIS/DSP/Source/FilteringFunctions/arm_biquad_cascade_df2T_f32.c ****    float32_t acc1;                                /*  accumulator               */
  62:./Libraries/CMSIS/DSP/Source/FilteringFunctions/arm_biquad_cascade_df2T_f32.c ****    float32_t b0, b1, b2, a1, a2;                  /*  Filter coefficients       */
  63:./Libraries/CMSIS/DSP/Source/FilteringFunctions/arm_biquad_cascade_df2T_f32.c ****    float32_t Xn1;                                 /*  temporary input           */
  64:./Libraries/CMSIS/DSP/Source/FilteringFunctions/arm_biquad_cascade_df2T_f32.c ****    float32_t d1, d2;                              /*  state variables           */
  65:./Libraries/CMSIS/DSP/Source/FilteringFunctions/arm_biquad_cascade_df2T_f32.c ****    uint32_t sample, stageCnt,stage = S->numStages;         /*   loop counters   */
  66:./Libraries/CMSIS/DSP/Source/FilteringFunctions/arm_biquad_cascade_df2T_f32.c **** 
  67:./Libraries/CMSIS/DSP/Source/FilteringFunctions/arm_biquad_cascade_df2T_f32.c **** 
  68:./Libraries/CMSIS/DSP/Source/FilteringFunctions/arm_biquad_cascade_df2T_f32.c ****    float32_t Xn2, Xn3, Xn4;                       /*  Input State variables     */
  69:./Libraries/CMSIS/DSP/Source/FilteringFunctions/arm_biquad_cascade_df2T_f32.c ****    float32_t acc2, acc3, acc4;                    /*  accumulator               */
  70:./Libraries/CMSIS/DSP/Source/FilteringFunctions/arm_biquad_cascade_df2T_f32.c **** 
  71:./Libraries/CMSIS/DSP/Source/FilteringFunctions/arm_biquad_cascade_df2T_f32.c **** 
  72:./Libraries/CMSIS/DSP/Source/FilteringFunctions/arm_biquad_cascade_df2T_f32.c ****    float32_t p0, p1, p2, p3, p4, A1;
  73:./Libraries/CMSIS/DSP/Source/FilteringFunctions/arm_biquad_cascade_df2T_f32.c **** 
  74:./Libraries/CMSIS/DSP/Source/FilteringFunctions/arm_biquad_cascade_df2T_f32.c ****    float32x4_t XnV, YnV;
  75:./Libraries/CMSIS/DSP/Source/FilteringFunctions/arm_biquad_cascade_df2T_f32.c ****    float32x4x2_t dV;
  76:./Libraries/CMSIS/DSP/Source/FilteringFunctions/arm_biquad_cascade_df2T_f32.c ****    float32x4_t zeroV = vdupq_n_f32(0.0);
  77:./Libraries/CMSIS/DSP/Source/FilteringFunctions/arm_biquad_cascade_df2T_f32.c ****    float32x4_t t1,t2,t3,t4,b1V,b2V,a1V,a2V,s;
  78:./Libraries/CMSIS/DSP/Source/FilteringFunctions/arm_biquad_cascade_df2T_f32.c **** 
  79:./Libraries/CMSIS/DSP/Source/FilteringFunctions/arm_biquad_cascade_df2T_f32.c ****    /* Loop unrolling. Compute 4 outputs at a time */
  80:./Libraries/CMSIS/DSP/Source/FilteringFunctions/arm_biquad_cascade_df2T_f32.c ****    stageCnt = stage >> 2;
  81:./Libraries/CMSIS/DSP/Source/FilteringFunctions/arm_biquad_cascade_df2T_f32.c **** 
  82:./Libraries/CMSIS/DSP/Source/FilteringFunctions/arm_biquad_cascade_df2T_f32.c ****    while (stageCnt > 0U)
  83:./Libraries/CMSIS/DSP/Source/FilteringFunctions/arm_biquad_cascade_df2T_f32.c ****    {
  84:./Libraries/CMSIS/DSP/Source/FilteringFunctions/arm_biquad_cascade_df2T_f32.c ****       /* Reading the coefficients */
  85:./Libraries/CMSIS/DSP/Source/FilteringFunctions/arm_biquad_cascade_df2T_f32.c ****       t1 = vld1q_f32(pCoeffs);
  86:./Libraries/CMSIS/DSP/Source/FilteringFunctions/arm_biquad_cascade_df2T_f32.c ****       pCoeffs += 4;
ARM GAS  /tmp/ccsaH62X.s 			page 3


  87:./Libraries/CMSIS/DSP/Source/FilteringFunctions/arm_biquad_cascade_df2T_f32.c **** 
  88:./Libraries/CMSIS/DSP/Source/FilteringFunctions/arm_biquad_cascade_df2T_f32.c ****       t2 = vld1q_f32(pCoeffs);
  89:./Libraries/CMSIS/DSP/Source/FilteringFunctions/arm_biquad_cascade_df2T_f32.c ****       pCoeffs += 4;
  90:./Libraries/CMSIS/DSP/Source/FilteringFunctions/arm_biquad_cascade_df2T_f32.c **** 
  91:./Libraries/CMSIS/DSP/Source/FilteringFunctions/arm_biquad_cascade_df2T_f32.c ****       t3 = vld1q_f32(pCoeffs);
  92:./Libraries/CMSIS/DSP/Source/FilteringFunctions/arm_biquad_cascade_df2T_f32.c ****       pCoeffs += 4;
  93:./Libraries/CMSIS/DSP/Source/FilteringFunctions/arm_biquad_cascade_df2T_f32.c **** 
  94:./Libraries/CMSIS/DSP/Source/FilteringFunctions/arm_biquad_cascade_df2T_f32.c ****       t4 = vld1q_f32(pCoeffs);
  95:./Libraries/CMSIS/DSP/Source/FilteringFunctions/arm_biquad_cascade_df2T_f32.c ****       pCoeffs += 4;
  96:./Libraries/CMSIS/DSP/Source/FilteringFunctions/arm_biquad_cascade_df2T_f32.c **** 
  97:./Libraries/CMSIS/DSP/Source/FilteringFunctions/arm_biquad_cascade_df2T_f32.c ****       b1V = vld1q_f32(pCoeffs);
  98:./Libraries/CMSIS/DSP/Source/FilteringFunctions/arm_biquad_cascade_df2T_f32.c ****       pCoeffs += 4;
  99:./Libraries/CMSIS/DSP/Source/FilteringFunctions/arm_biquad_cascade_df2T_f32.c **** 
 100:./Libraries/CMSIS/DSP/Source/FilteringFunctions/arm_biquad_cascade_df2T_f32.c ****       b2V = vld1q_f32(pCoeffs);
 101:./Libraries/CMSIS/DSP/Source/FilteringFunctions/arm_biquad_cascade_df2T_f32.c ****       pCoeffs += 4;
 102:./Libraries/CMSIS/DSP/Source/FilteringFunctions/arm_biquad_cascade_df2T_f32.c **** 
 103:./Libraries/CMSIS/DSP/Source/FilteringFunctions/arm_biquad_cascade_df2T_f32.c ****       a1V = vld1q_f32(pCoeffs);
 104:./Libraries/CMSIS/DSP/Source/FilteringFunctions/arm_biquad_cascade_df2T_f32.c ****       pCoeffs += 4;
 105:./Libraries/CMSIS/DSP/Source/FilteringFunctions/arm_biquad_cascade_df2T_f32.c **** 
 106:./Libraries/CMSIS/DSP/Source/FilteringFunctions/arm_biquad_cascade_df2T_f32.c ****       a2V = vld1q_f32(pCoeffs);
 107:./Libraries/CMSIS/DSP/Source/FilteringFunctions/arm_biquad_cascade_df2T_f32.c ****       pCoeffs += 4;
 108:./Libraries/CMSIS/DSP/Source/FilteringFunctions/arm_biquad_cascade_df2T_f32.c **** 
 109:./Libraries/CMSIS/DSP/Source/FilteringFunctions/arm_biquad_cascade_df2T_f32.c ****       /* Reading the state values */
 110:./Libraries/CMSIS/DSP/Source/FilteringFunctions/arm_biquad_cascade_df2T_f32.c ****       dV = vld2q_f32(pState);
 111:./Libraries/CMSIS/DSP/Source/FilteringFunctions/arm_biquad_cascade_df2T_f32.c **** 
 112:./Libraries/CMSIS/DSP/Source/FilteringFunctions/arm_biquad_cascade_df2T_f32.c ****       sample = blockSize;
 113:./Libraries/CMSIS/DSP/Source/FilteringFunctions/arm_biquad_cascade_df2T_f32.c ****       
 114:./Libraries/CMSIS/DSP/Source/FilteringFunctions/arm_biquad_cascade_df2T_f32.c ****       while (sample > 0U) {
 115:./Libraries/CMSIS/DSP/Source/FilteringFunctions/arm_biquad_cascade_df2T_f32.c ****          /* y[n] = b0 * x[n] + d1 */
 116:./Libraries/CMSIS/DSP/Source/FilteringFunctions/arm_biquad_cascade_df2T_f32.c ****          /* d1 = b1 * x[n] + a1 * y[n] + d2 */
 117:./Libraries/CMSIS/DSP/Source/FilteringFunctions/arm_biquad_cascade_df2T_f32.c ****          /* d2 = b2 * x[n] + a2 * y[n] */
 118:./Libraries/CMSIS/DSP/Source/FilteringFunctions/arm_biquad_cascade_df2T_f32.c **** 
 119:./Libraries/CMSIS/DSP/Source/FilteringFunctions/arm_biquad_cascade_df2T_f32.c ****          XnV = vdupq_n_f32(*pIn++);
 120:./Libraries/CMSIS/DSP/Source/FilteringFunctions/arm_biquad_cascade_df2T_f32.c **** 
 121:./Libraries/CMSIS/DSP/Source/FilteringFunctions/arm_biquad_cascade_df2T_f32.c ****          s = dV.val[0];
 122:./Libraries/CMSIS/DSP/Source/FilteringFunctions/arm_biquad_cascade_df2T_f32.c ****          YnV = s;
 123:./Libraries/CMSIS/DSP/Source/FilteringFunctions/arm_biquad_cascade_df2T_f32.c **** 
 124:./Libraries/CMSIS/DSP/Source/FilteringFunctions/arm_biquad_cascade_df2T_f32.c ****          s = vextq_f32(zeroV,dV.val[0],3);
 125:./Libraries/CMSIS/DSP/Source/FilteringFunctions/arm_biquad_cascade_df2T_f32.c ****          YnV = vmlaq_f32(YnV, t1, s);
 126:./Libraries/CMSIS/DSP/Source/FilteringFunctions/arm_biquad_cascade_df2T_f32.c **** 
 127:./Libraries/CMSIS/DSP/Source/FilteringFunctions/arm_biquad_cascade_df2T_f32.c ****          s = vextq_f32(zeroV,dV.val[0],2);
 128:./Libraries/CMSIS/DSP/Source/FilteringFunctions/arm_biquad_cascade_df2T_f32.c ****          YnV = vmlaq_f32(YnV, t2, s);
 129:./Libraries/CMSIS/DSP/Source/FilteringFunctions/arm_biquad_cascade_df2T_f32.c **** 
 130:./Libraries/CMSIS/DSP/Source/FilteringFunctions/arm_biquad_cascade_df2T_f32.c ****          s = vextq_f32(zeroV,dV.val[0],1);
 131:./Libraries/CMSIS/DSP/Source/FilteringFunctions/arm_biquad_cascade_df2T_f32.c ****          YnV = vmlaq_f32(YnV, t3, s);
 132:./Libraries/CMSIS/DSP/Source/FilteringFunctions/arm_biquad_cascade_df2T_f32.c **** 
 133:./Libraries/CMSIS/DSP/Source/FilteringFunctions/arm_biquad_cascade_df2T_f32.c ****          YnV = vmlaq_f32(YnV, t4, XnV);
 134:./Libraries/CMSIS/DSP/Source/FilteringFunctions/arm_biquad_cascade_df2T_f32.c **** 
 135:./Libraries/CMSIS/DSP/Source/FilteringFunctions/arm_biquad_cascade_df2T_f32.c ****          s = vextq_f32(XnV,YnV,3);
 136:./Libraries/CMSIS/DSP/Source/FilteringFunctions/arm_biquad_cascade_df2T_f32.c **** 
 137:./Libraries/CMSIS/DSP/Source/FilteringFunctions/arm_biquad_cascade_df2T_f32.c ****          dV.val[0] = vmlaq_f32(dV.val[1], s, b1V);
 138:./Libraries/CMSIS/DSP/Source/FilteringFunctions/arm_biquad_cascade_df2T_f32.c ****          dV.val[0] = vmlaq_f32(dV.val[0], YnV, a1V);
 139:./Libraries/CMSIS/DSP/Source/FilteringFunctions/arm_biquad_cascade_df2T_f32.c **** 
 140:./Libraries/CMSIS/DSP/Source/FilteringFunctions/arm_biquad_cascade_df2T_f32.c ****          dV.val[1] = vmulq_f32(s, b2V);
 141:./Libraries/CMSIS/DSP/Source/FilteringFunctions/arm_biquad_cascade_df2T_f32.c ****          dV.val[1] = vmlaq_f32(dV.val[1], YnV, a2V);
 142:./Libraries/CMSIS/DSP/Source/FilteringFunctions/arm_biquad_cascade_df2T_f32.c **** 
 143:./Libraries/CMSIS/DSP/Source/FilteringFunctions/arm_biquad_cascade_df2T_f32.c ****          *pOut++ = YnV[3];
ARM GAS  /tmp/ccsaH62X.s 			page 4


 144:./Libraries/CMSIS/DSP/Source/FilteringFunctions/arm_biquad_cascade_df2T_f32.c **** 
 145:./Libraries/CMSIS/DSP/Source/FilteringFunctions/arm_biquad_cascade_df2T_f32.c ****          sample--;
 146:./Libraries/CMSIS/DSP/Source/FilteringFunctions/arm_biquad_cascade_df2T_f32.c ****       }
 147:./Libraries/CMSIS/DSP/Source/FilteringFunctions/arm_biquad_cascade_df2T_f32.c ****      
 148:./Libraries/CMSIS/DSP/Source/FilteringFunctions/arm_biquad_cascade_df2T_f32.c ****       /* Store the updated state variables back into the state array */
 149:./Libraries/CMSIS/DSP/Source/FilteringFunctions/arm_biquad_cascade_df2T_f32.c ****       vst2q_f32(pState,dV);
 150:./Libraries/CMSIS/DSP/Source/FilteringFunctions/arm_biquad_cascade_df2T_f32.c ****       pState += 8;
 151:./Libraries/CMSIS/DSP/Source/FilteringFunctions/arm_biquad_cascade_df2T_f32.c **** 
 152:./Libraries/CMSIS/DSP/Source/FilteringFunctions/arm_biquad_cascade_df2T_f32.c ****       /* The current stage input is given as the output to the next stage */
 153:./Libraries/CMSIS/DSP/Source/FilteringFunctions/arm_biquad_cascade_df2T_f32.c ****       pIn = pDst;
 154:./Libraries/CMSIS/DSP/Source/FilteringFunctions/arm_biquad_cascade_df2T_f32.c **** 
 155:./Libraries/CMSIS/DSP/Source/FilteringFunctions/arm_biquad_cascade_df2T_f32.c ****       /*Reset the output working pointer */
 156:./Libraries/CMSIS/DSP/Source/FilteringFunctions/arm_biquad_cascade_df2T_f32.c ****       pOut = pDst;
 157:./Libraries/CMSIS/DSP/Source/FilteringFunctions/arm_biquad_cascade_df2T_f32.c **** 
 158:./Libraries/CMSIS/DSP/Source/FilteringFunctions/arm_biquad_cascade_df2T_f32.c ****       /* decrement the loop counter */
 159:./Libraries/CMSIS/DSP/Source/FilteringFunctions/arm_biquad_cascade_df2T_f32.c ****       stageCnt--;
 160:./Libraries/CMSIS/DSP/Source/FilteringFunctions/arm_biquad_cascade_df2T_f32.c **** 
 161:./Libraries/CMSIS/DSP/Source/FilteringFunctions/arm_biquad_cascade_df2T_f32.c ****    } 
 162:./Libraries/CMSIS/DSP/Source/FilteringFunctions/arm_biquad_cascade_df2T_f32.c **** 
 163:./Libraries/CMSIS/DSP/Source/FilteringFunctions/arm_biquad_cascade_df2T_f32.c ****    /* Tail */
 164:./Libraries/CMSIS/DSP/Source/FilteringFunctions/arm_biquad_cascade_df2T_f32.c ****    stageCnt = stage & 3;
 165:./Libraries/CMSIS/DSP/Source/FilteringFunctions/arm_biquad_cascade_df2T_f32.c ****    
 166:./Libraries/CMSIS/DSP/Source/FilteringFunctions/arm_biquad_cascade_df2T_f32.c ****    while (stageCnt > 0U)
 167:./Libraries/CMSIS/DSP/Source/FilteringFunctions/arm_biquad_cascade_df2T_f32.c ****    {
 168:./Libraries/CMSIS/DSP/Source/FilteringFunctions/arm_biquad_cascade_df2T_f32.c ****       /* Reading the coefficients */
 169:./Libraries/CMSIS/DSP/Source/FilteringFunctions/arm_biquad_cascade_df2T_f32.c ****       b0 = *pCoeffs++;
 170:./Libraries/CMSIS/DSP/Source/FilteringFunctions/arm_biquad_cascade_df2T_f32.c ****       b1 = *pCoeffs++;
 171:./Libraries/CMSIS/DSP/Source/FilteringFunctions/arm_biquad_cascade_df2T_f32.c ****       b2 = *pCoeffs++;
 172:./Libraries/CMSIS/DSP/Source/FilteringFunctions/arm_biquad_cascade_df2T_f32.c ****       a1 = *pCoeffs++;
 173:./Libraries/CMSIS/DSP/Source/FilteringFunctions/arm_biquad_cascade_df2T_f32.c ****       a2 = *pCoeffs++;
 174:./Libraries/CMSIS/DSP/Source/FilteringFunctions/arm_biquad_cascade_df2T_f32.c **** 
 175:./Libraries/CMSIS/DSP/Source/FilteringFunctions/arm_biquad_cascade_df2T_f32.c ****       /*Reading the state values */
 176:./Libraries/CMSIS/DSP/Source/FilteringFunctions/arm_biquad_cascade_df2T_f32.c ****       d1 = pState[0];
 177:./Libraries/CMSIS/DSP/Source/FilteringFunctions/arm_biquad_cascade_df2T_f32.c ****       d2 = pState[1];
 178:./Libraries/CMSIS/DSP/Source/FilteringFunctions/arm_biquad_cascade_df2T_f32.c **** 
 179:./Libraries/CMSIS/DSP/Source/FilteringFunctions/arm_biquad_cascade_df2T_f32.c ****       sample = blockSize;
 180:./Libraries/CMSIS/DSP/Source/FilteringFunctions/arm_biquad_cascade_df2T_f32.c **** 
 181:./Libraries/CMSIS/DSP/Source/FilteringFunctions/arm_biquad_cascade_df2T_f32.c ****       while (sample > 0U)
 182:./Libraries/CMSIS/DSP/Source/FilteringFunctions/arm_biquad_cascade_df2T_f32.c ****       {
 183:./Libraries/CMSIS/DSP/Source/FilteringFunctions/arm_biquad_cascade_df2T_f32.c ****          /* Read the input */
 184:./Libraries/CMSIS/DSP/Source/FilteringFunctions/arm_biquad_cascade_df2T_f32.c ****          Xn1 = *pIn++;
 185:./Libraries/CMSIS/DSP/Source/FilteringFunctions/arm_biquad_cascade_df2T_f32.c **** 
 186:./Libraries/CMSIS/DSP/Source/FilteringFunctions/arm_biquad_cascade_df2T_f32.c ****          /* y[n] = b0 * x[n] + d1 */
 187:./Libraries/CMSIS/DSP/Source/FilteringFunctions/arm_biquad_cascade_df2T_f32.c ****          acc1 = (b0 * Xn1) + d1;
 188:./Libraries/CMSIS/DSP/Source/FilteringFunctions/arm_biquad_cascade_df2T_f32.c **** 
 189:./Libraries/CMSIS/DSP/Source/FilteringFunctions/arm_biquad_cascade_df2T_f32.c ****          /* Store the result in the accumulator in the destination buffer. */
 190:./Libraries/CMSIS/DSP/Source/FilteringFunctions/arm_biquad_cascade_df2T_f32.c ****          *pOut++ = acc1;
 191:./Libraries/CMSIS/DSP/Source/FilteringFunctions/arm_biquad_cascade_df2T_f32.c **** 
 192:./Libraries/CMSIS/DSP/Source/FilteringFunctions/arm_biquad_cascade_df2T_f32.c ****          /* Every time after the output is computed state should be updated. */
 193:./Libraries/CMSIS/DSP/Source/FilteringFunctions/arm_biquad_cascade_df2T_f32.c ****          /* d1 = b1 * x[n] + a1 * y[n] + d2 */
 194:./Libraries/CMSIS/DSP/Source/FilteringFunctions/arm_biquad_cascade_df2T_f32.c ****          d1 = ((b1 * Xn1) + (a1 * acc1)) + d2;
 195:./Libraries/CMSIS/DSP/Source/FilteringFunctions/arm_biquad_cascade_df2T_f32.c **** 
 196:./Libraries/CMSIS/DSP/Source/FilteringFunctions/arm_biquad_cascade_df2T_f32.c ****          /* d2 = b2 * x[n] + a2 * y[n] */
 197:./Libraries/CMSIS/DSP/Source/FilteringFunctions/arm_biquad_cascade_df2T_f32.c ****          d2 = (b2 * Xn1) + (a2 * acc1);
 198:./Libraries/CMSIS/DSP/Source/FilteringFunctions/arm_biquad_cascade_df2T_f32.c **** 
 199:./Libraries/CMSIS/DSP/Source/FilteringFunctions/arm_biquad_cascade_df2T_f32.c ****          /* decrement the loop counter */
 200:./Libraries/CMSIS/DSP/Source/FilteringFunctions/arm_biquad_cascade_df2T_f32.c ****          sample--;
ARM GAS  /tmp/ccsaH62X.s 			page 5


 201:./Libraries/CMSIS/DSP/Source/FilteringFunctions/arm_biquad_cascade_df2T_f32.c ****       }
 202:./Libraries/CMSIS/DSP/Source/FilteringFunctions/arm_biquad_cascade_df2T_f32.c **** 
 203:./Libraries/CMSIS/DSP/Source/FilteringFunctions/arm_biquad_cascade_df2T_f32.c ****       /* Store the updated state variables back into the state array */
 204:./Libraries/CMSIS/DSP/Source/FilteringFunctions/arm_biquad_cascade_df2T_f32.c ****       *pState++ = d1;
 205:./Libraries/CMSIS/DSP/Source/FilteringFunctions/arm_biquad_cascade_df2T_f32.c ****       *pState++ = d2;
 206:./Libraries/CMSIS/DSP/Source/FilteringFunctions/arm_biquad_cascade_df2T_f32.c **** 
 207:./Libraries/CMSIS/DSP/Source/FilteringFunctions/arm_biquad_cascade_df2T_f32.c ****       /* The current stage input is given as the output to the next stage */
 208:./Libraries/CMSIS/DSP/Source/FilteringFunctions/arm_biquad_cascade_df2T_f32.c ****       pIn = pDst;
 209:./Libraries/CMSIS/DSP/Source/FilteringFunctions/arm_biquad_cascade_df2T_f32.c **** 
 210:./Libraries/CMSIS/DSP/Source/FilteringFunctions/arm_biquad_cascade_df2T_f32.c ****       /*Reset the output working pointer */
 211:./Libraries/CMSIS/DSP/Source/FilteringFunctions/arm_biquad_cascade_df2T_f32.c ****       pOut = pDst;
 212:./Libraries/CMSIS/DSP/Source/FilteringFunctions/arm_biquad_cascade_df2T_f32.c **** 
 213:./Libraries/CMSIS/DSP/Source/FilteringFunctions/arm_biquad_cascade_df2T_f32.c ****       /* decrement the loop counter */
 214:./Libraries/CMSIS/DSP/Source/FilteringFunctions/arm_biquad_cascade_df2T_f32.c ****       stageCnt--;
 215:./Libraries/CMSIS/DSP/Source/FilteringFunctions/arm_biquad_cascade_df2T_f32.c ****    }
 216:./Libraries/CMSIS/DSP/Source/FilteringFunctions/arm_biquad_cascade_df2T_f32.c **** }
 217:./Libraries/CMSIS/DSP/Source/FilteringFunctions/arm_biquad_cascade_df2T_f32.c **** #else
 218:./Libraries/CMSIS/DSP/Source/FilteringFunctions/arm_biquad_cascade_df2T_f32.c **** LOW_OPTIMIZATION_ENTER
 219:./Libraries/CMSIS/DSP/Source/FilteringFunctions/arm_biquad_cascade_df2T_f32.c **** void arm_biquad_cascade_df2T_f32(
 220:./Libraries/CMSIS/DSP/Source/FilteringFunctions/arm_biquad_cascade_df2T_f32.c ****   const arm_biquad_cascade_df2T_instance_f32 * S,
 221:./Libraries/CMSIS/DSP/Source/FilteringFunctions/arm_biquad_cascade_df2T_f32.c ****   const float32_t * pSrc,
 222:./Libraries/CMSIS/DSP/Source/FilteringFunctions/arm_biquad_cascade_df2T_f32.c ****         float32_t * pDst,
 223:./Libraries/CMSIS/DSP/Source/FilteringFunctions/arm_biquad_cascade_df2T_f32.c ****         uint32_t blockSize)
 224:./Libraries/CMSIS/DSP/Source/FilteringFunctions/arm_biquad_cascade_df2T_f32.c **** {
  30              		.loc 1 224 1 view -0
  31              		.cfi_startproc
  32              		@ args = 0, pretend = 0, frame = 0
  33              		@ frame_needed = 0, uses_anonymous_args = 0
  34              		@ link register save eliminated.
  35              		.loc 1 224 1 is_stmt 0 view .LVU1
  36 0000 F0B4     		push	{r4, r5, r6, r7}
  37              	.LCFI0:
  38              		.cfi_def_cfa_offset 16
  39              		.cfi_offset 4, -16
  40              		.cfi_offset 5, -12
  41              		.cfi_offset 6, -8
  42              		.cfi_offset 7, -4
 225:./Libraries/CMSIS/DSP/Source/FilteringFunctions/arm_biquad_cascade_df2T_f32.c ****   const float32_t *pIn = pSrc;                         /* Source pointer */
  43              		.loc 1 225 3 is_stmt 1 view .LVU2
  44              	.LVL1:
 226:./Libraries/CMSIS/DSP/Source/FilteringFunctions/arm_biquad_cascade_df2T_f32.c ****         float32_t *pOut = pDst;                        /* Destination pointer */
  45              		.loc 1 226 9 view .LVU3
 227:./Libraries/CMSIS/DSP/Source/FilteringFunctions/arm_biquad_cascade_df2T_f32.c ****         float32_t *pState = S->pState;                 /* State pointer */
  46              		.loc 1 227 9 view .LVU4
 228:./Libraries/CMSIS/DSP/Source/FilteringFunctions/arm_biquad_cascade_df2T_f32.c ****   const float32_t *pCoeffs = S->pCoeffs;               /* Coefficient pointer */
  47              		.loc 1 228 3 view .LVU5
 229:./Libraries/CMSIS/DSP/Source/FilteringFunctions/arm_biquad_cascade_df2T_f32.c ****         float32_t acc1;                                /* Accumulator */
  48              		.loc 1 229 9 view .LVU6
 230:./Libraries/CMSIS/DSP/Source/FilteringFunctions/arm_biquad_cascade_df2T_f32.c ****         float32_t b0, b1, b2, a1, a2;                  /* Filter coefficients */
  49              		.loc 1 230 9 view .LVU7
 231:./Libraries/CMSIS/DSP/Source/FilteringFunctions/arm_biquad_cascade_df2T_f32.c ****         float32_t Xn1;                                 /* Temporary input */
  50              		.loc 1 231 9 view .LVU8
 232:./Libraries/CMSIS/DSP/Source/FilteringFunctions/arm_biquad_cascade_df2T_f32.c ****         float32_t d1, d2;                              /* State variables */
  51              		.loc 1 232 9 view .LVU9
 233:./Libraries/CMSIS/DSP/Source/FilteringFunctions/arm_biquad_cascade_df2T_f32.c ****         uint32_t sample, stage = S->numStages;         /* Loop counters */
  52              		.loc 1 233 9 view .LVU10
  53              		.loc 1 233 26 is_stmt 0 view .LVU11
ARM GAS  /tmp/ccsaH62X.s 			page 6


  54 0002 0778     		ldrb	r7, [r0]	@ zero_extendqisi2
  55              	.LVL2:
  56              		.loc 1 233 26 view .LVU12
  57 0004 8568     		ldr	r5, [r0, #8]
  58 0006 1435     		adds	r5, r5, #20
  59 0008 4668     		ldr	r6, [r0, #4]
  60 000a 0836     		adds	r6, r6, #8
  61              	.LVL3:
  62              	.L4:
 234:./Libraries/CMSIS/DSP/Source/FilteringFunctions/arm_biquad_cascade_df2T_f32.c **** 
 235:./Libraries/CMSIS/DSP/Source/FilteringFunctions/arm_biquad_cascade_df2T_f32.c ****   do
  63              		.loc 1 235 3 is_stmt 1 view .LVU13
 236:./Libraries/CMSIS/DSP/Source/FilteringFunctions/arm_biquad_cascade_df2T_f32.c ****   {
 237:./Libraries/CMSIS/DSP/Source/FilteringFunctions/arm_biquad_cascade_df2T_f32.c ****      /* Reading the coefficients */
 238:./Libraries/CMSIS/DSP/Source/FilteringFunctions/arm_biquad_cascade_df2T_f32.c ****      b0 = pCoeffs[0];
  64              		.loc 1 238 6 view .LVU14
  65              		.loc 1 238 9 is_stmt 0 view .LVU15
  66 000c 55ED055A 		vldr.32	s11, [r5, #-20]
  67              	.LVL4:
 239:./Libraries/CMSIS/DSP/Source/FilteringFunctions/arm_biquad_cascade_df2T_f32.c ****      b1 = pCoeffs[1];
  68              		.loc 1 239 6 is_stmt 1 view .LVU16
  69              		.loc 1 239 9 is_stmt 0 view .LVU17
  70 0010 15ED045A 		vldr.32	s10, [r5, #-16]
  71              	.LVL5:
 240:./Libraries/CMSIS/DSP/Source/FilteringFunctions/arm_biquad_cascade_df2T_f32.c ****      b2 = pCoeffs[2];
  72              		.loc 1 240 6 is_stmt 1 view .LVU18
  73              		.loc 1 240 9 is_stmt 0 view .LVU19
  74 0014 55ED034A 		vldr.32	s9, [r5, #-12]
  75              	.LVL6:
 241:./Libraries/CMSIS/DSP/Source/FilteringFunctions/arm_biquad_cascade_df2T_f32.c ****      a1 = pCoeffs[3];
  76              		.loc 1 241 6 is_stmt 1 view .LVU20
  77              		.loc 1 241 9 is_stmt 0 view .LVU21
  78 0018 15ED024A 		vldr.32	s8, [r5, #-8]
  79              	.LVL7:
 242:./Libraries/CMSIS/DSP/Source/FilteringFunctions/arm_biquad_cascade_df2T_f32.c ****      a2 = pCoeffs[4];
  80              		.loc 1 242 6 is_stmt 1 view .LVU22
  81              		.loc 1 242 9 is_stmt 0 view .LVU23
  82 001c 55ED013A 		vldr.32	s7, [r5, #-4]
  83              	.LVL8:
 243:./Libraries/CMSIS/DSP/Source/FilteringFunctions/arm_biquad_cascade_df2T_f32.c **** 
 244:./Libraries/CMSIS/DSP/Source/FilteringFunctions/arm_biquad_cascade_df2T_f32.c ****      /* Reading the state values */
 245:./Libraries/CMSIS/DSP/Source/FilteringFunctions/arm_biquad_cascade_df2T_f32.c ****      d1 = pState[0];
  84              		.loc 1 245 6 is_stmt 1 view .LVU24
  85 0020 B446     		mov	ip, r6
  86              		.loc 1 245 9 is_stmt 0 view .LVU25
  87 0022 16ED026A 		vldr.32	s12, [r6, #-8]
  88              	.LVL9:
 246:./Libraries/CMSIS/DSP/Source/FilteringFunctions/arm_biquad_cascade_df2T_f32.c ****      d2 = pState[1];
  89              		.loc 1 246 6 is_stmt 1 view .LVU26
  90              		.loc 1 246 9 is_stmt 0 view .LVU27
  91 0026 56ED016A 		vldr.32	s13, [r6, #-4]
  92              	.LVL10:
 247:./Libraries/CMSIS/DSP/Source/FilteringFunctions/arm_biquad_cascade_df2T_f32.c **** 
 248:./Libraries/CMSIS/DSP/Source/FilteringFunctions/arm_biquad_cascade_df2T_f32.c ****      pCoeffs += 5U;
  93              		.loc 1 248 6 is_stmt 1 view .LVU28
 249:./Libraries/CMSIS/DSP/Source/FilteringFunctions/arm_biquad_cascade_df2T_f32.c **** 
 250:./Libraries/CMSIS/DSP/Source/FilteringFunctions/arm_biquad_cascade_df2T_f32.c **** #if defined (ARM_MATH_LOOPUNROLL)
ARM GAS  /tmp/ccsaH62X.s 			page 7


 251:./Libraries/CMSIS/DSP/Source/FilteringFunctions/arm_biquad_cascade_df2T_f32.c **** 
 252:./Libraries/CMSIS/DSP/Source/FilteringFunctions/arm_biquad_cascade_df2T_f32.c ****      /* Loop unrolling: Compute 16 outputs at a time */
 253:./Libraries/CMSIS/DSP/Source/FilteringFunctions/arm_biquad_cascade_df2T_f32.c ****      sample = blockSize >> 4U;
 254:./Libraries/CMSIS/DSP/Source/FilteringFunctions/arm_biquad_cascade_df2T_f32.c **** 
 255:./Libraries/CMSIS/DSP/Source/FilteringFunctions/arm_biquad_cascade_df2T_f32.c ****      while (sample > 0U) {
 256:./Libraries/CMSIS/DSP/Source/FilteringFunctions/arm_biquad_cascade_df2T_f32.c **** 
 257:./Libraries/CMSIS/DSP/Source/FilteringFunctions/arm_biquad_cascade_df2T_f32.c ****        /* y[n] = b0 * x[n] + d1 */
 258:./Libraries/CMSIS/DSP/Source/FilteringFunctions/arm_biquad_cascade_df2T_f32.c ****        /* d1 = b1 * x[n] + a1 * y[n] + d2 */
 259:./Libraries/CMSIS/DSP/Source/FilteringFunctions/arm_biquad_cascade_df2T_f32.c ****        /* d2 = b2 * x[n] + a2 * y[n] */
 260:./Libraries/CMSIS/DSP/Source/FilteringFunctions/arm_biquad_cascade_df2T_f32.c **** 
 261:./Libraries/CMSIS/DSP/Source/FilteringFunctions/arm_biquad_cascade_df2T_f32.c **** /*  1 */
 262:./Libraries/CMSIS/DSP/Source/FilteringFunctions/arm_biquad_cascade_df2T_f32.c ****        Xn1 = *pIn++;
 263:./Libraries/CMSIS/DSP/Source/FilteringFunctions/arm_biquad_cascade_df2T_f32.c **** 
 264:./Libraries/CMSIS/DSP/Source/FilteringFunctions/arm_biquad_cascade_df2T_f32.c ****        acc1 = b0 * Xn1 + d1;
 265:./Libraries/CMSIS/DSP/Source/FilteringFunctions/arm_biquad_cascade_df2T_f32.c **** 
 266:./Libraries/CMSIS/DSP/Source/FilteringFunctions/arm_biquad_cascade_df2T_f32.c ****        d1 = b1 * Xn1 + d2;
 267:./Libraries/CMSIS/DSP/Source/FilteringFunctions/arm_biquad_cascade_df2T_f32.c ****        d1 += a1 * acc1;
 268:./Libraries/CMSIS/DSP/Source/FilteringFunctions/arm_biquad_cascade_df2T_f32.c **** 
 269:./Libraries/CMSIS/DSP/Source/FilteringFunctions/arm_biquad_cascade_df2T_f32.c ****        d2 = b2 * Xn1;
 270:./Libraries/CMSIS/DSP/Source/FilteringFunctions/arm_biquad_cascade_df2T_f32.c ****        d2 += a2 * acc1;
 271:./Libraries/CMSIS/DSP/Source/FilteringFunctions/arm_biquad_cascade_df2T_f32.c **** 
 272:./Libraries/CMSIS/DSP/Source/FilteringFunctions/arm_biquad_cascade_df2T_f32.c ****        *pOut++ = acc1;
 273:./Libraries/CMSIS/DSP/Source/FilteringFunctions/arm_biquad_cascade_df2T_f32.c **** 
 274:./Libraries/CMSIS/DSP/Source/FilteringFunctions/arm_biquad_cascade_df2T_f32.c **** /*  2 */
 275:./Libraries/CMSIS/DSP/Source/FilteringFunctions/arm_biquad_cascade_df2T_f32.c ****          Xn1 = *pIn++;
 276:./Libraries/CMSIS/DSP/Source/FilteringFunctions/arm_biquad_cascade_df2T_f32.c **** 
 277:./Libraries/CMSIS/DSP/Source/FilteringFunctions/arm_biquad_cascade_df2T_f32.c ****         acc1 = b0 * Xn1 + d1;
 278:./Libraries/CMSIS/DSP/Source/FilteringFunctions/arm_biquad_cascade_df2T_f32.c **** 
 279:./Libraries/CMSIS/DSP/Source/FilteringFunctions/arm_biquad_cascade_df2T_f32.c ****         d1 = b1 * Xn1 + d2;
 280:./Libraries/CMSIS/DSP/Source/FilteringFunctions/arm_biquad_cascade_df2T_f32.c ****         d1 += a1 * acc1;
 281:./Libraries/CMSIS/DSP/Source/FilteringFunctions/arm_biquad_cascade_df2T_f32.c **** 
 282:./Libraries/CMSIS/DSP/Source/FilteringFunctions/arm_biquad_cascade_df2T_f32.c ****         d2 = b2 * Xn1;
 283:./Libraries/CMSIS/DSP/Source/FilteringFunctions/arm_biquad_cascade_df2T_f32.c ****         d2 += a2 * acc1;
 284:./Libraries/CMSIS/DSP/Source/FilteringFunctions/arm_biquad_cascade_df2T_f32.c **** 
 285:./Libraries/CMSIS/DSP/Source/FilteringFunctions/arm_biquad_cascade_df2T_f32.c ****         *pOut++ = acc1;
 286:./Libraries/CMSIS/DSP/Source/FilteringFunctions/arm_biquad_cascade_df2T_f32.c **** 
 287:./Libraries/CMSIS/DSP/Source/FilteringFunctions/arm_biquad_cascade_df2T_f32.c **** /*  3 */
 288:./Libraries/CMSIS/DSP/Source/FilteringFunctions/arm_biquad_cascade_df2T_f32.c ****          Xn1 = *pIn++;
 289:./Libraries/CMSIS/DSP/Source/FilteringFunctions/arm_biquad_cascade_df2T_f32.c **** 
 290:./Libraries/CMSIS/DSP/Source/FilteringFunctions/arm_biquad_cascade_df2T_f32.c ****         acc1 = b0 * Xn1 + d1;
 291:./Libraries/CMSIS/DSP/Source/FilteringFunctions/arm_biquad_cascade_df2T_f32.c **** 
 292:./Libraries/CMSIS/DSP/Source/FilteringFunctions/arm_biquad_cascade_df2T_f32.c ****         d1 = b1 * Xn1 + d2;
 293:./Libraries/CMSIS/DSP/Source/FilteringFunctions/arm_biquad_cascade_df2T_f32.c ****         d1 += a1 * acc1;
 294:./Libraries/CMSIS/DSP/Source/FilteringFunctions/arm_biquad_cascade_df2T_f32.c **** 
 295:./Libraries/CMSIS/DSP/Source/FilteringFunctions/arm_biquad_cascade_df2T_f32.c ****         d2 = b2 * Xn1;
 296:./Libraries/CMSIS/DSP/Source/FilteringFunctions/arm_biquad_cascade_df2T_f32.c ****         d2 += a2 * acc1;
 297:./Libraries/CMSIS/DSP/Source/FilteringFunctions/arm_biquad_cascade_df2T_f32.c **** 
 298:./Libraries/CMSIS/DSP/Source/FilteringFunctions/arm_biquad_cascade_df2T_f32.c ****         *pOut++ = acc1;
 299:./Libraries/CMSIS/DSP/Source/FilteringFunctions/arm_biquad_cascade_df2T_f32.c **** 
 300:./Libraries/CMSIS/DSP/Source/FilteringFunctions/arm_biquad_cascade_df2T_f32.c **** /*  4 */
 301:./Libraries/CMSIS/DSP/Source/FilteringFunctions/arm_biquad_cascade_df2T_f32.c ****          Xn1 = *pIn++;
 302:./Libraries/CMSIS/DSP/Source/FilteringFunctions/arm_biquad_cascade_df2T_f32.c **** 
 303:./Libraries/CMSIS/DSP/Source/FilteringFunctions/arm_biquad_cascade_df2T_f32.c ****         acc1 = b0 * Xn1 + d1;
 304:./Libraries/CMSIS/DSP/Source/FilteringFunctions/arm_biquad_cascade_df2T_f32.c **** 
 305:./Libraries/CMSIS/DSP/Source/FilteringFunctions/arm_biquad_cascade_df2T_f32.c ****         d1 = b1 * Xn1 + d2;
 306:./Libraries/CMSIS/DSP/Source/FilteringFunctions/arm_biquad_cascade_df2T_f32.c ****         d1 += a1 * acc1;
 307:./Libraries/CMSIS/DSP/Source/FilteringFunctions/arm_biquad_cascade_df2T_f32.c **** 
ARM GAS  /tmp/ccsaH62X.s 			page 8


 308:./Libraries/CMSIS/DSP/Source/FilteringFunctions/arm_biquad_cascade_df2T_f32.c ****         d2 = b2 * Xn1;
 309:./Libraries/CMSIS/DSP/Source/FilteringFunctions/arm_biquad_cascade_df2T_f32.c ****         d2 += a2 * acc1;
 310:./Libraries/CMSIS/DSP/Source/FilteringFunctions/arm_biquad_cascade_df2T_f32.c **** 
 311:./Libraries/CMSIS/DSP/Source/FilteringFunctions/arm_biquad_cascade_df2T_f32.c ****         *pOut++ = acc1;
 312:./Libraries/CMSIS/DSP/Source/FilteringFunctions/arm_biquad_cascade_df2T_f32.c **** 
 313:./Libraries/CMSIS/DSP/Source/FilteringFunctions/arm_biquad_cascade_df2T_f32.c **** /*  5 */
 314:./Libraries/CMSIS/DSP/Source/FilteringFunctions/arm_biquad_cascade_df2T_f32.c ****          Xn1 = *pIn++;
 315:./Libraries/CMSIS/DSP/Source/FilteringFunctions/arm_biquad_cascade_df2T_f32.c **** 
 316:./Libraries/CMSIS/DSP/Source/FilteringFunctions/arm_biquad_cascade_df2T_f32.c ****         acc1 = b0 * Xn1 + d1;
 317:./Libraries/CMSIS/DSP/Source/FilteringFunctions/arm_biquad_cascade_df2T_f32.c **** 
 318:./Libraries/CMSIS/DSP/Source/FilteringFunctions/arm_biquad_cascade_df2T_f32.c ****         d1 = b1 * Xn1 + d2;
 319:./Libraries/CMSIS/DSP/Source/FilteringFunctions/arm_biquad_cascade_df2T_f32.c ****         d1 += a1 * acc1;
 320:./Libraries/CMSIS/DSP/Source/FilteringFunctions/arm_biquad_cascade_df2T_f32.c **** 
 321:./Libraries/CMSIS/DSP/Source/FilteringFunctions/arm_biquad_cascade_df2T_f32.c ****         d2 = b2 * Xn1;
 322:./Libraries/CMSIS/DSP/Source/FilteringFunctions/arm_biquad_cascade_df2T_f32.c ****         d2 += a2 * acc1;
 323:./Libraries/CMSIS/DSP/Source/FilteringFunctions/arm_biquad_cascade_df2T_f32.c **** 
 324:./Libraries/CMSIS/DSP/Source/FilteringFunctions/arm_biquad_cascade_df2T_f32.c ****         *pOut++ = acc1;
 325:./Libraries/CMSIS/DSP/Source/FilteringFunctions/arm_biquad_cascade_df2T_f32.c **** 
 326:./Libraries/CMSIS/DSP/Source/FilteringFunctions/arm_biquad_cascade_df2T_f32.c **** /*  6 */
 327:./Libraries/CMSIS/DSP/Source/FilteringFunctions/arm_biquad_cascade_df2T_f32.c ****          Xn1 = *pIn++;
 328:./Libraries/CMSIS/DSP/Source/FilteringFunctions/arm_biquad_cascade_df2T_f32.c **** 
 329:./Libraries/CMSIS/DSP/Source/FilteringFunctions/arm_biquad_cascade_df2T_f32.c ****         acc1 = b0 * Xn1 + d1;
 330:./Libraries/CMSIS/DSP/Source/FilteringFunctions/arm_biquad_cascade_df2T_f32.c **** 
 331:./Libraries/CMSIS/DSP/Source/FilteringFunctions/arm_biquad_cascade_df2T_f32.c ****         d1 = b1 * Xn1 + d2;
 332:./Libraries/CMSIS/DSP/Source/FilteringFunctions/arm_biquad_cascade_df2T_f32.c ****         d1 += a1 * acc1;
 333:./Libraries/CMSIS/DSP/Source/FilteringFunctions/arm_biquad_cascade_df2T_f32.c **** 
 334:./Libraries/CMSIS/DSP/Source/FilteringFunctions/arm_biquad_cascade_df2T_f32.c ****         d2 = b2 * Xn1;
 335:./Libraries/CMSIS/DSP/Source/FilteringFunctions/arm_biquad_cascade_df2T_f32.c ****         d2 += a2 * acc1;
 336:./Libraries/CMSIS/DSP/Source/FilteringFunctions/arm_biquad_cascade_df2T_f32.c **** 
 337:./Libraries/CMSIS/DSP/Source/FilteringFunctions/arm_biquad_cascade_df2T_f32.c ****         *pOut++ = acc1;
 338:./Libraries/CMSIS/DSP/Source/FilteringFunctions/arm_biquad_cascade_df2T_f32.c **** 
 339:./Libraries/CMSIS/DSP/Source/FilteringFunctions/arm_biquad_cascade_df2T_f32.c **** /*  7 */
 340:./Libraries/CMSIS/DSP/Source/FilteringFunctions/arm_biquad_cascade_df2T_f32.c ****          Xn1 = *pIn++;
 341:./Libraries/CMSIS/DSP/Source/FilteringFunctions/arm_biquad_cascade_df2T_f32.c **** 
 342:./Libraries/CMSIS/DSP/Source/FilteringFunctions/arm_biquad_cascade_df2T_f32.c ****         acc1 = b0 * Xn1 + d1;
 343:./Libraries/CMSIS/DSP/Source/FilteringFunctions/arm_biquad_cascade_df2T_f32.c **** 
 344:./Libraries/CMSIS/DSP/Source/FilteringFunctions/arm_biquad_cascade_df2T_f32.c ****         d1 = b1 * Xn1 + d2;
 345:./Libraries/CMSIS/DSP/Source/FilteringFunctions/arm_biquad_cascade_df2T_f32.c ****         d1 += a1 * acc1;
 346:./Libraries/CMSIS/DSP/Source/FilteringFunctions/arm_biquad_cascade_df2T_f32.c **** 
 347:./Libraries/CMSIS/DSP/Source/FilteringFunctions/arm_biquad_cascade_df2T_f32.c ****         d2 = b2 * Xn1;
 348:./Libraries/CMSIS/DSP/Source/FilteringFunctions/arm_biquad_cascade_df2T_f32.c ****         d2 += a2 * acc1;
 349:./Libraries/CMSIS/DSP/Source/FilteringFunctions/arm_biquad_cascade_df2T_f32.c **** 
 350:./Libraries/CMSIS/DSP/Source/FilteringFunctions/arm_biquad_cascade_df2T_f32.c ****         *pOut++ = acc1;
 351:./Libraries/CMSIS/DSP/Source/FilteringFunctions/arm_biquad_cascade_df2T_f32.c **** 
 352:./Libraries/CMSIS/DSP/Source/FilteringFunctions/arm_biquad_cascade_df2T_f32.c **** /*  8 */
 353:./Libraries/CMSIS/DSP/Source/FilteringFunctions/arm_biquad_cascade_df2T_f32.c ****          Xn1 = *pIn++;
 354:./Libraries/CMSIS/DSP/Source/FilteringFunctions/arm_biquad_cascade_df2T_f32.c **** 
 355:./Libraries/CMSIS/DSP/Source/FilteringFunctions/arm_biquad_cascade_df2T_f32.c ****         acc1 = b0 * Xn1 + d1;
 356:./Libraries/CMSIS/DSP/Source/FilteringFunctions/arm_biquad_cascade_df2T_f32.c **** 
 357:./Libraries/CMSIS/DSP/Source/FilteringFunctions/arm_biquad_cascade_df2T_f32.c ****         d1 = b1 * Xn1 + d2;
 358:./Libraries/CMSIS/DSP/Source/FilteringFunctions/arm_biquad_cascade_df2T_f32.c ****         d1 += a1 * acc1;
 359:./Libraries/CMSIS/DSP/Source/FilteringFunctions/arm_biquad_cascade_df2T_f32.c **** 
 360:./Libraries/CMSIS/DSP/Source/FilteringFunctions/arm_biquad_cascade_df2T_f32.c ****         d2 = b2 * Xn1;
 361:./Libraries/CMSIS/DSP/Source/FilteringFunctions/arm_biquad_cascade_df2T_f32.c ****         d2 += a2 * acc1;
 362:./Libraries/CMSIS/DSP/Source/FilteringFunctions/arm_biquad_cascade_df2T_f32.c **** 
 363:./Libraries/CMSIS/DSP/Source/FilteringFunctions/arm_biquad_cascade_df2T_f32.c ****         *pOut++ = acc1;
 364:./Libraries/CMSIS/DSP/Source/FilteringFunctions/arm_biquad_cascade_df2T_f32.c **** 
ARM GAS  /tmp/ccsaH62X.s 			page 9


 365:./Libraries/CMSIS/DSP/Source/FilteringFunctions/arm_biquad_cascade_df2T_f32.c **** /*  9 */
 366:./Libraries/CMSIS/DSP/Source/FilteringFunctions/arm_biquad_cascade_df2T_f32.c ****          Xn1 = *pIn++;
 367:./Libraries/CMSIS/DSP/Source/FilteringFunctions/arm_biquad_cascade_df2T_f32.c **** 
 368:./Libraries/CMSIS/DSP/Source/FilteringFunctions/arm_biquad_cascade_df2T_f32.c ****         acc1 = b0 * Xn1 + d1;
 369:./Libraries/CMSIS/DSP/Source/FilteringFunctions/arm_biquad_cascade_df2T_f32.c **** 
 370:./Libraries/CMSIS/DSP/Source/FilteringFunctions/arm_biquad_cascade_df2T_f32.c ****         d1 = b1 * Xn1 + d2;
 371:./Libraries/CMSIS/DSP/Source/FilteringFunctions/arm_biquad_cascade_df2T_f32.c ****         d1 += a1 * acc1;
 372:./Libraries/CMSIS/DSP/Source/FilteringFunctions/arm_biquad_cascade_df2T_f32.c **** 
 373:./Libraries/CMSIS/DSP/Source/FilteringFunctions/arm_biquad_cascade_df2T_f32.c ****         d2 = b2 * Xn1;
 374:./Libraries/CMSIS/DSP/Source/FilteringFunctions/arm_biquad_cascade_df2T_f32.c ****         d2 += a2 * acc1;
 375:./Libraries/CMSIS/DSP/Source/FilteringFunctions/arm_biquad_cascade_df2T_f32.c **** 
 376:./Libraries/CMSIS/DSP/Source/FilteringFunctions/arm_biquad_cascade_df2T_f32.c ****         *pOut++ = acc1;
 377:./Libraries/CMSIS/DSP/Source/FilteringFunctions/arm_biquad_cascade_df2T_f32.c **** 
 378:./Libraries/CMSIS/DSP/Source/FilteringFunctions/arm_biquad_cascade_df2T_f32.c **** /* 10 */
 379:./Libraries/CMSIS/DSP/Source/FilteringFunctions/arm_biquad_cascade_df2T_f32.c ****          Xn1 = *pIn++;
 380:./Libraries/CMSIS/DSP/Source/FilteringFunctions/arm_biquad_cascade_df2T_f32.c **** 
 381:./Libraries/CMSIS/DSP/Source/FilteringFunctions/arm_biquad_cascade_df2T_f32.c ****         acc1 = b0 * Xn1 + d1;
 382:./Libraries/CMSIS/DSP/Source/FilteringFunctions/arm_biquad_cascade_df2T_f32.c **** 
 383:./Libraries/CMSIS/DSP/Source/FilteringFunctions/arm_biquad_cascade_df2T_f32.c ****         d1 = b1 * Xn1 + d2;
 384:./Libraries/CMSIS/DSP/Source/FilteringFunctions/arm_biquad_cascade_df2T_f32.c ****         d1 += a1 * acc1;
 385:./Libraries/CMSIS/DSP/Source/FilteringFunctions/arm_biquad_cascade_df2T_f32.c **** 
 386:./Libraries/CMSIS/DSP/Source/FilteringFunctions/arm_biquad_cascade_df2T_f32.c ****         d2 = b2 * Xn1;
 387:./Libraries/CMSIS/DSP/Source/FilteringFunctions/arm_biquad_cascade_df2T_f32.c ****         d2 += a2 * acc1;
 388:./Libraries/CMSIS/DSP/Source/FilteringFunctions/arm_biquad_cascade_df2T_f32.c **** 
 389:./Libraries/CMSIS/DSP/Source/FilteringFunctions/arm_biquad_cascade_df2T_f32.c ****         *pOut++ = acc1;
 390:./Libraries/CMSIS/DSP/Source/FilteringFunctions/arm_biquad_cascade_df2T_f32.c **** 
 391:./Libraries/CMSIS/DSP/Source/FilteringFunctions/arm_biquad_cascade_df2T_f32.c **** /* 11 */
 392:./Libraries/CMSIS/DSP/Source/FilteringFunctions/arm_biquad_cascade_df2T_f32.c ****          Xn1 = *pIn++;
 393:./Libraries/CMSIS/DSP/Source/FilteringFunctions/arm_biquad_cascade_df2T_f32.c **** 
 394:./Libraries/CMSIS/DSP/Source/FilteringFunctions/arm_biquad_cascade_df2T_f32.c ****         acc1 = b0 * Xn1 + d1;
 395:./Libraries/CMSIS/DSP/Source/FilteringFunctions/arm_biquad_cascade_df2T_f32.c **** 
 396:./Libraries/CMSIS/DSP/Source/FilteringFunctions/arm_biquad_cascade_df2T_f32.c ****         d1 = b1 * Xn1 + d2;
 397:./Libraries/CMSIS/DSP/Source/FilteringFunctions/arm_biquad_cascade_df2T_f32.c ****         d1 += a1 * acc1;
 398:./Libraries/CMSIS/DSP/Source/FilteringFunctions/arm_biquad_cascade_df2T_f32.c **** 
 399:./Libraries/CMSIS/DSP/Source/FilteringFunctions/arm_biquad_cascade_df2T_f32.c ****         d2 = b2 * Xn1;
 400:./Libraries/CMSIS/DSP/Source/FilteringFunctions/arm_biquad_cascade_df2T_f32.c ****         d2 += a2 * acc1;
 401:./Libraries/CMSIS/DSP/Source/FilteringFunctions/arm_biquad_cascade_df2T_f32.c **** 
 402:./Libraries/CMSIS/DSP/Source/FilteringFunctions/arm_biquad_cascade_df2T_f32.c ****         *pOut++ = acc1;
 403:./Libraries/CMSIS/DSP/Source/FilteringFunctions/arm_biquad_cascade_df2T_f32.c **** 
 404:./Libraries/CMSIS/DSP/Source/FilteringFunctions/arm_biquad_cascade_df2T_f32.c **** /* 12 */
 405:./Libraries/CMSIS/DSP/Source/FilteringFunctions/arm_biquad_cascade_df2T_f32.c ****          Xn1 = *pIn++;
 406:./Libraries/CMSIS/DSP/Source/FilteringFunctions/arm_biquad_cascade_df2T_f32.c **** 
 407:./Libraries/CMSIS/DSP/Source/FilteringFunctions/arm_biquad_cascade_df2T_f32.c ****         acc1 = b0 * Xn1 + d1;
 408:./Libraries/CMSIS/DSP/Source/FilteringFunctions/arm_biquad_cascade_df2T_f32.c **** 
 409:./Libraries/CMSIS/DSP/Source/FilteringFunctions/arm_biquad_cascade_df2T_f32.c ****         d1 = b1 * Xn1 + d2;
 410:./Libraries/CMSIS/DSP/Source/FilteringFunctions/arm_biquad_cascade_df2T_f32.c ****         d1 += a1 * acc1;
 411:./Libraries/CMSIS/DSP/Source/FilteringFunctions/arm_biquad_cascade_df2T_f32.c **** 
 412:./Libraries/CMSIS/DSP/Source/FilteringFunctions/arm_biquad_cascade_df2T_f32.c ****         d2 = b2 * Xn1;
 413:./Libraries/CMSIS/DSP/Source/FilteringFunctions/arm_biquad_cascade_df2T_f32.c ****         d2 += a2 * acc1;
 414:./Libraries/CMSIS/DSP/Source/FilteringFunctions/arm_biquad_cascade_df2T_f32.c **** 
 415:./Libraries/CMSIS/DSP/Source/FilteringFunctions/arm_biquad_cascade_df2T_f32.c ****         *pOut++ = acc1;
 416:./Libraries/CMSIS/DSP/Source/FilteringFunctions/arm_biquad_cascade_df2T_f32.c **** 
 417:./Libraries/CMSIS/DSP/Source/FilteringFunctions/arm_biquad_cascade_df2T_f32.c **** /* 13 */
 418:./Libraries/CMSIS/DSP/Source/FilteringFunctions/arm_biquad_cascade_df2T_f32.c ****          Xn1 = *pIn++;
 419:./Libraries/CMSIS/DSP/Source/FilteringFunctions/arm_biquad_cascade_df2T_f32.c **** 
 420:./Libraries/CMSIS/DSP/Source/FilteringFunctions/arm_biquad_cascade_df2T_f32.c ****         acc1 = b0 * Xn1 + d1;
 421:./Libraries/CMSIS/DSP/Source/FilteringFunctions/arm_biquad_cascade_df2T_f32.c **** 
ARM GAS  /tmp/ccsaH62X.s 			page 10


 422:./Libraries/CMSIS/DSP/Source/FilteringFunctions/arm_biquad_cascade_df2T_f32.c ****         d1 = b1 * Xn1 + d2;
 423:./Libraries/CMSIS/DSP/Source/FilteringFunctions/arm_biquad_cascade_df2T_f32.c ****         d1 += a1 * acc1;
 424:./Libraries/CMSIS/DSP/Source/FilteringFunctions/arm_biquad_cascade_df2T_f32.c **** 
 425:./Libraries/CMSIS/DSP/Source/FilteringFunctions/arm_biquad_cascade_df2T_f32.c ****         d2 = b2 * Xn1;
 426:./Libraries/CMSIS/DSP/Source/FilteringFunctions/arm_biquad_cascade_df2T_f32.c ****         d2 += a2 * acc1;
 427:./Libraries/CMSIS/DSP/Source/FilteringFunctions/arm_biquad_cascade_df2T_f32.c **** 
 428:./Libraries/CMSIS/DSP/Source/FilteringFunctions/arm_biquad_cascade_df2T_f32.c ****         *pOut++ = acc1;
 429:./Libraries/CMSIS/DSP/Source/FilteringFunctions/arm_biquad_cascade_df2T_f32.c **** 
 430:./Libraries/CMSIS/DSP/Source/FilteringFunctions/arm_biquad_cascade_df2T_f32.c **** /* 14 */
 431:./Libraries/CMSIS/DSP/Source/FilteringFunctions/arm_biquad_cascade_df2T_f32.c ****          Xn1 = *pIn++;
 432:./Libraries/CMSIS/DSP/Source/FilteringFunctions/arm_biquad_cascade_df2T_f32.c **** 
 433:./Libraries/CMSIS/DSP/Source/FilteringFunctions/arm_biquad_cascade_df2T_f32.c ****         acc1 = b0 * Xn1 + d1;
 434:./Libraries/CMSIS/DSP/Source/FilteringFunctions/arm_biquad_cascade_df2T_f32.c **** 
 435:./Libraries/CMSIS/DSP/Source/FilteringFunctions/arm_biquad_cascade_df2T_f32.c ****         d1 = b1 * Xn1 + d2;
 436:./Libraries/CMSIS/DSP/Source/FilteringFunctions/arm_biquad_cascade_df2T_f32.c ****         d1 += a1 * acc1;
 437:./Libraries/CMSIS/DSP/Source/FilteringFunctions/arm_biquad_cascade_df2T_f32.c **** 
 438:./Libraries/CMSIS/DSP/Source/FilteringFunctions/arm_biquad_cascade_df2T_f32.c ****         d2 = b2 * Xn1;
 439:./Libraries/CMSIS/DSP/Source/FilteringFunctions/arm_biquad_cascade_df2T_f32.c ****         d2 += a2 * acc1;
 440:./Libraries/CMSIS/DSP/Source/FilteringFunctions/arm_biquad_cascade_df2T_f32.c **** 
 441:./Libraries/CMSIS/DSP/Source/FilteringFunctions/arm_biquad_cascade_df2T_f32.c ****         *pOut++ = acc1;
 442:./Libraries/CMSIS/DSP/Source/FilteringFunctions/arm_biquad_cascade_df2T_f32.c **** 
 443:./Libraries/CMSIS/DSP/Source/FilteringFunctions/arm_biquad_cascade_df2T_f32.c **** /* 15 */
 444:./Libraries/CMSIS/DSP/Source/FilteringFunctions/arm_biquad_cascade_df2T_f32.c ****          Xn1 = *pIn++;
 445:./Libraries/CMSIS/DSP/Source/FilteringFunctions/arm_biquad_cascade_df2T_f32.c **** 
 446:./Libraries/CMSIS/DSP/Source/FilteringFunctions/arm_biquad_cascade_df2T_f32.c ****         acc1 = b0 * Xn1 + d1;
 447:./Libraries/CMSIS/DSP/Source/FilteringFunctions/arm_biquad_cascade_df2T_f32.c **** 
 448:./Libraries/CMSIS/DSP/Source/FilteringFunctions/arm_biquad_cascade_df2T_f32.c ****         d1 = b1 * Xn1 + d2;
 449:./Libraries/CMSIS/DSP/Source/FilteringFunctions/arm_biquad_cascade_df2T_f32.c ****         d1 += a1 * acc1;
 450:./Libraries/CMSIS/DSP/Source/FilteringFunctions/arm_biquad_cascade_df2T_f32.c **** 
 451:./Libraries/CMSIS/DSP/Source/FilteringFunctions/arm_biquad_cascade_df2T_f32.c ****         d2 = b2 * Xn1;
 452:./Libraries/CMSIS/DSP/Source/FilteringFunctions/arm_biquad_cascade_df2T_f32.c ****         d2 += a2 * acc1;
 453:./Libraries/CMSIS/DSP/Source/FilteringFunctions/arm_biquad_cascade_df2T_f32.c **** 
 454:./Libraries/CMSIS/DSP/Source/FilteringFunctions/arm_biquad_cascade_df2T_f32.c ****         *pOut++ = acc1;
 455:./Libraries/CMSIS/DSP/Source/FilteringFunctions/arm_biquad_cascade_df2T_f32.c **** 
 456:./Libraries/CMSIS/DSP/Source/FilteringFunctions/arm_biquad_cascade_df2T_f32.c **** /* 16 */
 457:./Libraries/CMSIS/DSP/Source/FilteringFunctions/arm_biquad_cascade_df2T_f32.c ****          Xn1 = *pIn++;
 458:./Libraries/CMSIS/DSP/Source/FilteringFunctions/arm_biquad_cascade_df2T_f32.c **** 
 459:./Libraries/CMSIS/DSP/Source/FilteringFunctions/arm_biquad_cascade_df2T_f32.c ****         acc1 = b0 * Xn1 + d1;
 460:./Libraries/CMSIS/DSP/Source/FilteringFunctions/arm_biquad_cascade_df2T_f32.c **** 
 461:./Libraries/CMSIS/DSP/Source/FilteringFunctions/arm_biquad_cascade_df2T_f32.c ****         d1 = b1 * Xn1 + d2;
 462:./Libraries/CMSIS/DSP/Source/FilteringFunctions/arm_biquad_cascade_df2T_f32.c ****         d1 += a1 * acc1;
 463:./Libraries/CMSIS/DSP/Source/FilteringFunctions/arm_biquad_cascade_df2T_f32.c **** 
 464:./Libraries/CMSIS/DSP/Source/FilteringFunctions/arm_biquad_cascade_df2T_f32.c ****         d2 = b2 * Xn1;
 465:./Libraries/CMSIS/DSP/Source/FilteringFunctions/arm_biquad_cascade_df2T_f32.c ****         d2 += a2 * acc1;
 466:./Libraries/CMSIS/DSP/Source/FilteringFunctions/arm_biquad_cascade_df2T_f32.c **** 
 467:./Libraries/CMSIS/DSP/Source/FilteringFunctions/arm_biquad_cascade_df2T_f32.c ****         *pOut++ = acc1;
 468:./Libraries/CMSIS/DSP/Source/FilteringFunctions/arm_biquad_cascade_df2T_f32.c **** 
 469:./Libraries/CMSIS/DSP/Source/FilteringFunctions/arm_biquad_cascade_df2T_f32.c ****         /* decrement loop counter */
 470:./Libraries/CMSIS/DSP/Source/FilteringFunctions/arm_biquad_cascade_df2T_f32.c ****         sample--;
 471:./Libraries/CMSIS/DSP/Source/FilteringFunctions/arm_biquad_cascade_df2T_f32.c ****       }
 472:./Libraries/CMSIS/DSP/Source/FilteringFunctions/arm_biquad_cascade_df2T_f32.c **** 
 473:./Libraries/CMSIS/DSP/Source/FilteringFunctions/arm_biquad_cascade_df2T_f32.c ****       /* Loop unrolling: Compute remaining outputs */
 474:./Libraries/CMSIS/DSP/Source/FilteringFunctions/arm_biquad_cascade_df2T_f32.c ****       sample = blockSize & 0xFU;
 475:./Libraries/CMSIS/DSP/Source/FilteringFunctions/arm_biquad_cascade_df2T_f32.c **** 
 476:./Libraries/CMSIS/DSP/Source/FilteringFunctions/arm_biquad_cascade_df2T_f32.c **** #else
 477:./Libraries/CMSIS/DSP/Source/FilteringFunctions/arm_biquad_cascade_df2T_f32.c **** 
 478:./Libraries/CMSIS/DSP/Source/FilteringFunctions/arm_biquad_cascade_df2T_f32.c ****       /* Initialize blkCnt with number of samples */
ARM GAS  /tmp/ccsaH62X.s 			page 11


 479:./Libraries/CMSIS/DSP/Source/FilteringFunctions/arm_biquad_cascade_df2T_f32.c ****       sample = blockSize;
  94              		.loc 1 479 7 view .LVU29
 480:./Libraries/CMSIS/DSP/Source/FilteringFunctions/arm_biquad_cascade_df2T_f32.c **** 
 481:./Libraries/CMSIS/DSP/Source/FilteringFunctions/arm_biquad_cascade_df2T_f32.c **** #endif /* #if defined (ARM_MATH_LOOPUNROLL) */
 482:./Libraries/CMSIS/DSP/Source/FilteringFunctions/arm_biquad_cascade_df2T_f32.c **** 
 483:./Libraries/CMSIS/DSP/Source/FilteringFunctions/arm_biquad_cascade_df2T_f32.c ****       while (sample > 0U) {
  95              		.loc 1 483 7 view .LVU30
  96              		.loc 1 483 13 view .LVU31
  97 002a CBB1     		cbz	r3, .L2
 479:./Libraries/CMSIS/DSP/Source/FilteringFunctions/arm_biquad_cascade_df2T_f32.c **** 
  98              		.loc 1 479 14 is_stmt 0 view .LVU32
  99 002c 1846     		mov	r0, r3
 100              		.loc 1 483 13 view .LVU33
 101 002e 1446     		mov	r4, r2
 102              	.LVL11:
 103              	.L3:
 484:./Libraries/CMSIS/DSP/Source/FilteringFunctions/arm_biquad_cascade_df2T_f32.c ****         Xn1 = *pIn++;
 104              		.loc 1 484 9 is_stmt 1 view .LVU34
 105              		.loc 1 484 13 is_stmt 0 view .LVU35
 106 0030 B1EC017A 		vldmia.32	r1!, {s14}
 107              	.LVL12:
 485:./Libraries/CMSIS/DSP/Source/FilteringFunctions/arm_biquad_cascade_df2T_f32.c **** 
 486:./Libraries/CMSIS/DSP/Source/FilteringFunctions/arm_biquad_cascade_df2T_f32.c ****         acc1 = b0 * Xn1 + d1;
 108              		.loc 1 486 9 is_stmt 1 view .LVU36
 109              		.loc 1 486 19 is_stmt 0 view .LVU37
 110 0034 65EE877A 		vmul.f32	s15, s11, s14
 111              		.loc 1 486 14 view .LVU38
 112 0038 77EE867A 		vadd.f32	s15, s15, s12
 113              	.LVL13:
 487:./Libraries/CMSIS/DSP/Source/FilteringFunctions/arm_biquad_cascade_df2T_f32.c **** 
 488:./Libraries/CMSIS/DSP/Source/FilteringFunctions/arm_biquad_cascade_df2T_f32.c ****         d1 = b1 * Xn1 + d2;
 114              		.loc 1 488 9 is_stmt 1 view .LVU39
 115              		.loc 1 488 17 is_stmt 0 view .LVU40
 116 003c 25EE076A 		vmul.f32	s12, s10, s14
 117              	.LVL14:
 118              		.loc 1 488 12 view .LVU41
 119 0040 76EE266A 		vadd.f32	s13, s12, s13
 120              	.LVL15:
 489:./Libraries/CMSIS/DSP/Source/FilteringFunctions/arm_biquad_cascade_df2T_f32.c ****         d1 += a1 * acc1;
 121              		.loc 1 489 9 is_stmt 1 view .LVU42
 122              		.loc 1 489 18 is_stmt 0 view .LVU43
 123 0044 24EE276A 		vmul.f32	s12, s8, s15
 124              		.loc 1 489 12 view .LVU44
 125 0048 36EE266A 		vadd.f32	s12, s12, s13
 126              	.LVL16:
 490:./Libraries/CMSIS/DSP/Source/FilteringFunctions/arm_biquad_cascade_df2T_f32.c **** 
 491:./Libraries/CMSIS/DSP/Source/FilteringFunctions/arm_biquad_cascade_df2T_f32.c ****         d2 = b2 * Xn1;
 127              		.loc 1 491 9 is_stmt 1 view .LVU45
 128              		.loc 1 491 12 is_stmt 0 view .LVU46
 129 004c 24EE877A 		vmul.f32	s14, s9, s14
 130              	.LVL17:
 492:./Libraries/CMSIS/DSP/Source/FilteringFunctions/arm_biquad_cascade_df2T_f32.c ****         d2 += a2 * acc1;
 131              		.loc 1 492 9 is_stmt 1 view .LVU47
 132              		.loc 1 492 18 is_stmt 0 view .LVU48
 133 0050 63EEA76A 		vmul.f32	s13, s7, s15
 134              		.loc 1 492 12 view .LVU49
 135 0054 76EE876A 		vadd.f32	s13, s13, s14
ARM GAS  /tmp/ccsaH62X.s 			page 12


 136              	.LVL18:
 493:./Libraries/CMSIS/DSP/Source/FilteringFunctions/arm_biquad_cascade_df2T_f32.c **** 
 494:./Libraries/CMSIS/DSP/Source/FilteringFunctions/arm_biquad_cascade_df2T_f32.c ****         *pOut++ = acc1;
 137              		.loc 1 494 9 is_stmt 1 view .LVU50
 138              		.loc 1 494 17 is_stmt 0 view .LVU51
 139 0058 E4EC017A 		vstmia.32	r4!, {s15}
 140              	.LVL19:
 495:./Libraries/CMSIS/DSP/Source/FilteringFunctions/arm_biquad_cascade_df2T_f32.c **** 
 496:./Libraries/CMSIS/DSP/Source/FilteringFunctions/arm_biquad_cascade_df2T_f32.c ****         /* decrement loop counter */
 497:./Libraries/CMSIS/DSP/Source/FilteringFunctions/arm_biquad_cascade_df2T_f32.c ****         sample--;
 141              		.loc 1 497 9 is_stmt 1 view .LVU52
 483:./Libraries/CMSIS/DSP/Source/FilteringFunctions/arm_biquad_cascade_df2T_f32.c ****         Xn1 = *pIn++;
 142              		.loc 1 483 13 view .LVU53
 143 005c 0138     		subs	r0, r0, #1
 144              	.LVL20:
 483:./Libraries/CMSIS/DSP/Source/FilteringFunctions/arm_biquad_cascade_df2T_f32.c ****         Xn1 = *pIn++;
 145              		.loc 1 483 13 is_stmt 0 view .LVU54
 146 005e E7D1     		bne	.L3
 147              	.LVL21:
 148              	.L2:
 498:./Libraries/CMSIS/DSP/Source/FilteringFunctions/arm_biquad_cascade_df2T_f32.c ****       }
 499:./Libraries/CMSIS/DSP/Source/FilteringFunctions/arm_biquad_cascade_df2T_f32.c **** 
 500:./Libraries/CMSIS/DSP/Source/FilteringFunctions/arm_biquad_cascade_df2T_f32.c ****       /* Store the updated state variables back into the state array */
 501:./Libraries/CMSIS/DSP/Source/FilteringFunctions/arm_biquad_cascade_df2T_f32.c ****       pState[0] = d1;
 149              		.loc 1 501 7 is_stmt 1 view .LVU55
 150              		.loc 1 501 17 is_stmt 0 view .LVU56
 151 0060 0CED026A 		vstr.32	s12, [ip, #-8]
 502:./Libraries/CMSIS/DSP/Source/FilteringFunctions/arm_biquad_cascade_df2T_f32.c ****       pState[1] = d2;
 152              		.loc 1 502 7 is_stmt 1 view .LVU57
 153              		.loc 1 502 17 is_stmt 0 view .LVU58
 154 0064 4CED016A 		vstr.32	s13, [ip, #-4]
 503:./Libraries/CMSIS/DSP/Source/FilteringFunctions/arm_biquad_cascade_df2T_f32.c **** 
 504:./Libraries/CMSIS/DSP/Source/FilteringFunctions/arm_biquad_cascade_df2T_f32.c ****       pState += 2U;
 155              		.loc 1 504 7 is_stmt 1 view .LVU59
 156              	.LVL22:
 505:./Libraries/CMSIS/DSP/Source/FilteringFunctions/arm_biquad_cascade_df2T_f32.c **** 
 506:./Libraries/CMSIS/DSP/Source/FilteringFunctions/arm_biquad_cascade_df2T_f32.c ****       /* The current stage input is given as the output to the next stage */
 507:./Libraries/CMSIS/DSP/Source/FilteringFunctions/arm_biquad_cascade_df2T_f32.c ****       pIn = pDst;
 157              		.loc 1 507 7 view .LVU60
 508:./Libraries/CMSIS/DSP/Source/FilteringFunctions/arm_biquad_cascade_df2T_f32.c **** 
 509:./Libraries/CMSIS/DSP/Source/FilteringFunctions/arm_biquad_cascade_df2T_f32.c ****       /* Reset the output working pointer */
 510:./Libraries/CMSIS/DSP/Source/FilteringFunctions/arm_biquad_cascade_df2T_f32.c ****       pOut = pDst;
 158              		.loc 1 510 7 view .LVU61
 511:./Libraries/CMSIS/DSP/Source/FilteringFunctions/arm_biquad_cascade_df2T_f32.c **** 
 512:./Libraries/CMSIS/DSP/Source/FilteringFunctions/arm_biquad_cascade_df2T_f32.c ****       /* decrement loop counter */
 513:./Libraries/CMSIS/DSP/Source/FilteringFunctions/arm_biquad_cascade_df2T_f32.c ****       stage--;
 159              		.loc 1 513 7 view .LVU62
 514:./Libraries/CMSIS/DSP/Source/FilteringFunctions/arm_biquad_cascade_df2T_f32.c **** 
 515:./Libraries/CMSIS/DSP/Source/FilteringFunctions/arm_biquad_cascade_df2T_f32.c ****    } while (stage > 0U);
 160              		.loc 1 515 12 view .LVU63
 161 0068 1435     		adds	r5, r5, #20
 162              	.LVL23:
 163              		.loc 1 515 12 is_stmt 0 view .LVU64
 164 006a 0836     		adds	r6, r6, #8
 165              	.LVL24:
 166              		.loc 1 515 4 view .LVU65
 167 006c 013F     		subs	r7, r7, #1
ARM GAS  /tmp/ccsaH62X.s 			page 13


 168              	.LVL25:
 169              		.loc 1 515 4 view .LVU66
 170 006e 01D0     		beq	.L9
 507:./Libraries/CMSIS/DSP/Source/FilteringFunctions/arm_biquad_cascade_df2T_f32.c **** 
 171              		.loc 1 507 11 view .LVU67
 172 0070 1146     		mov	r1, r2
 173 0072 CBE7     		b	.L4
 174              	.L9:
 516:./Libraries/CMSIS/DSP/Source/FilteringFunctions/arm_biquad_cascade_df2T_f32.c **** 
 517:./Libraries/CMSIS/DSP/Source/FilteringFunctions/arm_biquad_cascade_df2T_f32.c **** }
 175              		.loc 1 517 1 view .LVU68
 176 0074 F0BC     		pop	{r4, r5, r6, r7}
 177              	.LCFI1:
 178              		.cfi_restore 7
 179              		.cfi_restore 6
 180              		.cfi_restore 5
 181              		.cfi_restore 4
 182              		.cfi_def_cfa_offset 0
 183              	.LVL26:
 184              		.loc 1 517 1 view .LVU69
 185 0076 7047     		bx	lr
 186              		.cfi_endproc
 187              	.LFE145:
 189              		.text
 190              	.Letext0:
 191              		.file 2 "/usr/lib/gcc/arm-none-eabi/9.2.1/include/stdint.h"
 192              		.file 3 "/usr/lib/gcc/arm-none-eabi/9.2.1/include/stddef.h"
 193              		.file 4 "/usr/include/newlib/sys/_types.h"
 194              		.file 5 "/usr/include/newlib/sys/reent.h"
 195              		.file 6 "/usr/include/newlib/sys/lock.h"
 196              		.file 7 "/usr/include/newlib/math.h"
 197              		.file 8 "./Libraries/CMSIS/DSP/Include/arm_math.h"
ARM GAS  /tmp/ccsaH62X.s 			page 14


DEFINED SYMBOLS
                            *ABS*:0000000000000000 arm_biquad_cascade_df2T_f32.c
     /tmp/ccsaH62X.s:17     .text.arm_biquad_cascade_df2T_f32:0000000000000000 $t
     /tmp/ccsaH62X.s:26     .text.arm_biquad_cascade_df2T_f32:0000000000000000 arm_biquad_cascade_df2T_f32

NO UNDEFINED SYMBOLS
