ARM GAS  /tmp/ccGywiqT.s 			page 1


   1              		.cpu cortex-m7
   2              		.eabi_attribute 28, 1
   3              		.eabi_attribute 20, 1
   4              		.eabi_attribute 21, 1
   5              		.eabi_attribute 23, 3
   6              		.eabi_attribute 24, 1
   7              		.eabi_attribute 25, 1
   8              		.eabi_attribute 26, 1
   9              		.eabi_attribute 30, 2
  10              		.eabi_attribute 34, 1
  11              		.eabi_attribute 18, 4
  12              		.file	"arm_lms_init_q15.c"
  13              		.text
  14              	.Ltext0:
  15              		.cfi_sections	.debug_frame
  16              		.section	.text.arm_lms_init_q15,"ax",%progbits
  17              		.align	1
  18              		.p2align 2,,3
  19              		.global	arm_lms_init_q15
  20              		.arch armv7e-m
  21              		.syntax unified
  22              		.thumb
  23              		.thumb_func
  24              		.fpu fpv5-d16
  26              	arm_lms_init_q15:
  27              	.LVL0:
  28              	.LFB145:
  29              		.file 1 "./Libraries/CMSIS/DSP/Source/FilteringFunctions/arm_lms_init_q15.c"
   1:./Libraries/CMSIS/DSP/Source/FilteringFunctions/arm_lms_init_q15.c **** /* ----------------------------------------------------------------------
   2:./Libraries/CMSIS/DSP/Source/FilteringFunctions/arm_lms_init_q15.c ****  * Project:      CMSIS DSP Library
   3:./Libraries/CMSIS/DSP/Source/FilteringFunctions/arm_lms_init_q15.c ****  * Title:        arm_lms_init_q15.c
   4:./Libraries/CMSIS/DSP/Source/FilteringFunctions/arm_lms_init_q15.c ****  * Description:  Q15 LMS filter initialization function
   5:./Libraries/CMSIS/DSP/Source/FilteringFunctions/arm_lms_init_q15.c ****  *
   6:./Libraries/CMSIS/DSP/Source/FilteringFunctions/arm_lms_init_q15.c ****  * $Date:        18. March 2019
   7:./Libraries/CMSIS/DSP/Source/FilteringFunctions/arm_lms_init_q15.c ****  * $Revision:    V1.6.0
   8:./Libraries/CMSIS/DSP/Source/FilteringFunctions/arm_lms_init_q15.c ****  *
   9:./Libraries/CMSIS/DSP/Source/FilteringFunctions/arm_lms_init_q15.c ****  * Target Processor: Cortex-M cores
  10:./Libraries/CMSIS/DSP/Source/FilteringFunctions/arm_lms_init_q15.c ****  * -------------------------------------------------------------------- */
  11:./Libraries/CMSIS/DSP/Source/FilteringFunctions/arm_lms_init_q15.c **** /*
  12:./Libraries/CMSIS/DSP/Source/FilteringFunctions/arm_lms_init_q15.c ****  * Copyright (C) 2010-2019 ARM Limited or its affiliates. All rights reserved.
  13:./Libraries/CMSIS/DSP/Source/FilteringFunctions/arm_lms_init_q15.c ****  *
  14:./Libraries/CMSIS/DSP/Source/FilteringFunctions/arm_lms_init_q15.c ****  * SPDX-License-Identifier: Apache-2.0
  15:./Libraries/CMSIS/DSP/Source/FilteringFunctions/arm_lms_init_q15.c ****  *
  16:./Libraries/CMSIS/DSP/Source/FilteringFunctions/arm_lms_init_q15.c ****  * Licensed under the Apache License, Version 2.0 (the License); you may
  17:./Libraries/CMSIS/DSP/Source/FilteringFunctions/arm_lms_init_q15.c ****  * not use this file except in compliance with the License.
  18:./Libraries/CMSIS/DSP/Source/FilteringFunctions/arm_lms_init_q15.c ****  * You may obtain a copy of the License at
  19:./Libraries/CMSIS/DSP/Source/FilteringFunctions/arm_lms_init_q15.c ****  *
  20:./Libraries/CMSIS/DSP/Source/FilteringFunctions/arm_lms_init_q15.c ****  * www.apache.org/licenses/LICENSE-2.0
  21:./Libraries/CMSIS/DSP/Source/FilteringFunctions/arm_lms_init_q15.c ****  *
  22:./Libraries/CMSIS/DSP/Source/FilteringFunctions/arm_lms_init_q15.c ****  * Unless required by applicable law or agreed to in writing, software
  23:./Libraries/CMSIS/DSP/Source/FilteringFunctions/arm_lms_init_q15.c ****  * distributed under the License is distributed on an AS IS BASIS, WITHOUT
  24:./Libraries/CMSIS/DSP/Source/FilteringFunctions/arm_lms_init_q15.c ****  * WARRANTIES OR CONDITIONS OF ANY KIND, either express or implied.
  25:./Libraries/CMSIS/DSP/Source/FilteringFunctions/arm_lms_init_q15.c ****  * See the License for the specific language governing permissions and
  26:./Libraries/CMSIS/DSP/Source/FilteringFunctions/arm_lms_init_q15.c ****  * limitations under the License.
  27:./Libraries/CMSIS/DSP/Source/FilteringFunctions/arm_lms_init_q15.c ****  */
  28:./Libraries/CMSIS/DSP/Source/FilteringFunctions/arm_lms_init_q15.c **** 
  29:./Libraries/CMSIS/DSP/Source/FilteringFunctions/arm_lms_init_q15.c **** #include "arm_math.h"
ARM GAS  /tmp/ccGywiqT.s 			page 2


  30:./Libraries/CMSIS/DSP/Source/FilteringFunctions/arm_lms_init_q15.c **** 
  31:./Libraries/CMSIS/DSP/Source/FilteringFunctions/arm_lms_init_q15.c **** /**
  32:./Libraries/CMSIS/DSP/Source/FilteringFunctions/arm_lms_init_q15.c ****   @ingroup groupFilters
  33:./Libraries/CMSIS/DSP/Source/FilteringFunctions/arm_lms_init_q15.c ****  */
  34:./Libraries/CMSIS/DSP/Source/FilteringFunctions/arm_lms_init_q15.c **** 
  35:./Libraries/CMSIS/DSP/Source/FilteringFunctions/arm_lms_init_q15.c **** /**
  36:./Libraries/CMSIS/DSP/Source/FilteringFunctions/arm_lms_init_q15.c ****   @addtogroup LMS
  37:./Libraries/CMSIS/DSP/Source/FilteringFunctions/arm_lms_init_q15.c ****   @{
  38:./Libraries/CMSIS/DSP/Source/FilteringFunctions/arm_lms_init_q15.c ****  */
  39:./Libraries/CMSIS/DSP/Source/FilteringFunctions/arm_lms_init_q15.c **** 
  40:./Libraries/CMSIS/DSP/Source/FilteringFunctions/arm_lms_init_q15.c **** /**
  41:./Libraries/CMSIS/DSP/Source/FilteringFunctions/arm_lms_init_q15.c ****   @brief         Initialization function for the Q15 LMS filter.
  42:./Libraries/CMSIS/DSP/Source/FilteringFunctions/arm_lms_init_q15.c ****   @param[in]     S          points to an instance of the Q15 LMS filter structure.
  43:./Libraries/CMSIS/DSP/Source/FilteringFunctions/arm_lms_init_q15.c ****   @param[in]     numTaps    number of filter coefficients.
  44:./Libraries/CMSIS/DSP/Source/FilteringFunctions/arm_lms_init_q15.c ****   @param[in]     pCoeffs    points to coefficient buffer.
  45:./Libraries/CMSIS/DSP/Source/FilteringFunctions/arm_lms_init_q15.c ****   @param[in]     pState     points to state buffer.
  46:./Libraries/CMSIS/DSP/Source/FilteringFunctions/arm_lms_init_q15.c ****   @param[in]     mu         step size that controls filter coefficient updates.
  47:./Libraries/CMSIS/DSP/Source/FilteringFunctions/arm_lms_init_q15.c ****   @param[in]     blockSize  number of samples to process.
  48:./Libraries/CMSIS/DSP/Source/FilteringFunctions/arm_lms_init_q15.c ****   @param[in]     postShift  bit shift applied to coefficients.
  49:./Libraries/CMSIS/DSP/Source/FilteringFunctions/arm_lms_init_q15.c ****   @return        none
  50:./Libraries/CMSIS/DSP/Source/FilteringFunctions/arm_lms_init_q15.c **** 
  51:./Libraries/CMSIS/DSP/Source/FilteringFunctions/arm_lms_init_q15.c ****   @par           Details
  52:./Libraries/CMSIS/DSP/Source/FilteringFunctions/arm_lms_init_q15.c ****                    <code>pCoeffs</code> points to the array of filter coefficients stored in time r
  53:./Libraries/CMSIS/DSP/Source/FilteringFunctions/arm_lms_init_q15.c ****   <pre>
  54:./Libraries/CMSIS/DSP/Source/FilteringFunctions/arm_lms_init_q15.c ****      {b[numTaps-1], b[numTaps-2], b[N-2], ..., b[1], b[0]}
  55:./Libraries/CMSIS/DSP/Source/FilteringFunctions/arm_lms_init_q15.c ****   </pre>
  56:./Libraries/CMSIS/DSP/Source/FilteringFunctions/arm_lms_init_q15.c ****                    The initial filter coefficients serve as a starting point for the adaptive filte
  57:./Libraries/CMSIS/DSP/Source/FilteringFunctions/arm_lms_init_q15.c ****                    <code>pState</code> points to the array of state variables and size of array is
  58:./Libraries/CMSIS/DSP/Source/FilteringFunctions/arm_lms_init_q15.c ****                    <code>numTaps+blockSize-1</code> samples, where <code>blockSize</code> is the nu
  59:./Libraries/CMSIS/DSP/Source/FilteringFunctions/arm_lms_init_q15.c ****                    input samples processed by each call to <code>arm_lms_q15()</code>.
  60:./Libraries/CMSIS/DSP/Source/FilteringFunctions/arm_lms_init_q15.c ****  */
  61:./Libraries/CMSIS/DSP/Source/FilteringFunctions/arm_lms_init_q15.c **** 
  62:./Libraries/CMSIS/DSP/Source/FilteringFunctions/arm_lms_init_q15.c **** void arm_lms_init_q15(
  63:./Libraries/CMSIS/DSP/Source/FilteringFunctions/arm_lms_init_q15.c ****   arm_lms_instance_q15 * S,
  64:./Libraries/CMSIS/DSP/Source/FilteringFunctions/arm_lms_init_q15.c ****   uint16_t numTaps,
  65:./Libraries/CMSIS/DSP/Source/FilteringFunctions/arm_lms_init_q15.c ****   q15_t * pCoeffs,
  66:./Libraries/CMSIS/DSP/Source/FilteringFunctions/arm_lms_init_q15.c ****   q15_t * pState,
  67:./Libraries/CMSIS/DSP/Source/FilteringFunctions/arm_lms_init_q15.c ****   q15_t mu,
  68:./Libraries/CMSIS/DSP/Source/FilteringFunctions/arm_lms_init_q15.c ****   uint32_t blockSize,
  69:./Libraries/CMSIS/DSP/Source/FilteringFunctions/arm_lms_init_q15.c ****   uint32_t postShift)
  70:./Libraries/CMSIS/DSP/Source/FilteringFunctions/arm_lms_init_q15.c **** {
  30              		.loc 1 70 1 view -0
  31              		.cfi_startproc
  32              		@ args = 12, pretend = 0, frame = 0
  33              		@ frame_needed = 0, uses_anonymous_args = 0
  71:./Libraries/CMSIS/DSP/Source/FilteringFunctions/arm_lms_init_q15.c ****   /* Assign filter taps */
  72:./Libraries/CMSIS/DSP/Source/FilteringFunctions/arm_lms_init_q15.c ****   S->numTaps = numTaps;
  34              		.loc 1 72 3 view .LVU1
  70:./Libraries/CMSIS/DSP/Source/FilteringFunctions/arm_lms_init_q15.c ****   /* Assign filter taps */
  35              		.loc 1 70 1 is_stmt 0 view .LVU2
  36 0000 F8B5     		push	{r3, r4, r5, r6, r7, lr}
  37              	.LCFI0:
  38              		.cfi_def_cfa_offset 24
  39              		.cfi_offset 3, -24
  40              		.cfi_offset 4, -20
  41              		.cfi_offset 5, -16
  42              		.cfi_offset 6, -12
ARM GAS  /tmp/ccGywiqT.s 			page 3


  43              		.cfi_offset 7, -8
  44              		.cfi_offset 14, -4
  70:./Libraries/CMSIS/DSP/Source/FilteringFunctions/arm_lms_init_q15.c ****   /* Assign filter taps */
  45              		.loc 1 70 1 view .LVU3
  46 0002 079C     		ldr	r4, [sp, #28]
  47 0004 1746     		mov	r7, r2
  48 0006 BDF91860 		ldrsh	r6, [sp, #24]
  73:./Libraries/CMSIS/DSP/Source/FilteringFunctions/arm_lms_init_q15.c **** 
  74:./Libraries/CMSIS/DSP/Source/FilteringFunctions/arm_lms_init_q15.c ****   /* Assign coefficient pointer */
  75:./Libraries/CMSIS/DSP/Source/FilteringFunctions/arm_lms_init_q15.c ****   S->pCoeffs = pCoeffs;
  76:./Libraries/CMSIS/DSP/Source/FilteringFunctions/arm_lms_init_q15.c **** 
  77:./Libraries/CMSIS/DSP/Source/FilteringFunctions/arm_lms_init_q15.c ****   /* Clear state buffer and size is always blockSize + numTaps - 1 */
  78:./Libraries/CMSIS/DSP/Source/FilteringFunctions/arm_lms_init_q15.c ****   memset(pState, 0, (numTaps + (blockSize - 1U)) * sizeof(q15_t));
  49              		.loc 1 78 30 view .LVU4
  50 000a 651E     		subs	r5, r4, #1
  70:./Libraries/CMSIS/DSP/Source/FilteringFunctions/arm_lms_init_q15.c ****   /* Assign filter taps */
  51              		.loc 1 70 1 view .LVU5
  52 000c 0446     		mov	r4, r0
  53              		.loc 1 78 3 view .LVU6
  54 000e 1846     		mov	r0, r3
  55              	.LVL1:
  56              		.loc 1 78 30 view .LVU7
  57 0010 6A18     		adds	r2, r5, r1
  58              	.LVL2:
  70:./Libraries/CMSIS/DSP/Source/FilteringFunctions/arm_lms_init_q15.c ****   /* Assign filter taps */
  59              		.loc 1 70 1 view .LVU8
  60 0012 089D     		ldr	r5, [sp, #32]
  72:./Libraries/CMSIS/DSP/Source/FilteringFunctions/arm_lms_init_q15.c **** 
  61              		.loc 1 72 14 view .LVU9
  62 0014 2180     		strh	r1, [r4]	@ movhi
  75:./Libraries/CMSIS/DSP/Source/FilteringFunctions/arm_lms_init_q15.c **** 
  63              		.loc 1 75 3 is_stmt 1 view .LVU10
  64              		.loc 1 78 3 is_stmt 0 view .LVU11
  65 0016 0021     		movs	r1, #0
  66              	.LVL3:
  67              		.loc 1 78 3 view .LVU12
  68 0018 5200     		lsls	r2, r2, #1
  75:./Libraries/CMSIS/DSP/Source/FilteringFunctions/arm_lms_init_q15.c **** 
  69              		.loc 1 75 14 view .LVU13
  70 001a A760     		str	r7, [r4, #8]
  71              		.loc 1 78 3 is_stmt 1 view .LVU14
  72 001c FFF7FEFF 		bl	memset
  73              	.LVL4:
  79:./Libraries/CMSIS/DSP/Source/FilteringFunctions/arm_lms_init_q15.c **** 
  80:./Libraries/CMSIS/DSP/Source/FilteringFunctions/arm_lms_init_q15.c ****   /* Assign state pointer */
  81:./Libraries/CMSIS/DSP/Source/FilteringFunctions/arm_lms_init_q15.c ****   S->pState = pState;
  74              		.loc 1 81 3 view .LVU15
  82:./Libraries/CMSIS/DSP/Source/FilteringFunctions/arm_lms_init_q15.c **** 
  83:./Libraries/CMSIS/DSP/Source/FilteringFunctions/arm_lms_init_q15.c ****   /* Assign Step size value */
  84:./Libraries/CMSIS/DSP/Source/FilteringFunctions/arm_lms_init_q15.c ****   S->mu = mu;
  75              		.loc 1 84 9 is_stmt 0 view .LVU16
  76 0020 A681     		strh	r6, [r4, #12]	@ movhi
  81:./Libraries/CMSIS/DSP/Source/FilteringFunctions/arm_lms_init_q15.c **** 
  77              		.loc 1 81 13 view .LVU17
  78 0022 6060     		str	r0, [r4, #4]
  79              		.loc 1 84 3 is_stmt 1 view .LVU18
  85:./Libraries/CMSIS/DSP/Source/FilteringFunctions/arm_lms_init_q15.c **** 
ARM GAS  /tmp/ccGywiqT.s 			page 4


  86:./Libraries/CMSIS/DSP/Source/FilteringFunctions/arm_lms_init_q15.c ****   /* Assign postShift value to be applied */
  87:./Libraries/CMSIS/DSP/Source/FilteringFunctions/arm_lms_init_q15.c ****   S->postShift = postShift;
  80              		.loc 1 87 3 view .LVU19
  81              		.loc 1 87 16 is_stmt 0 view .LVU20
  82 0024 2561     		str	r5, [r4, #16]
  88:./Libraries/CMSIS/DSP/Source/FilteringFunctions/arm_lms_init_q15.c **** }
  83              		.loc 1 88 1 view .LVU21
  84 0026 F8BD     		pop	{r3, r4, r5, r6, r7, pc}
  85              		.loc 1 88 1 view .LVU22
  86              		.cfi_endproc
  87              	.LFE145:
  89              		.text
  90              	.Letext0:
  91              		.file 2 "/usr/lib/gcc/arm-none-eabi/9.2.1/include/stdint.h"
  92              		.file 3 "/usr/lib/gcc/arm-none-eabi/9.2.1/include/stddef.h"
  93              		.file 4 "/usr/include/newlib/sys/_types.h"
  94              		.file 5 "/usr/include/newlib/sys/reent.h"
  95              		.file 6 "/usr/include/newlib/sys/lock.h"
  96              		.file 7 "/usr/include/newlib/math.h"
  97              		.file 8 "./Libraries/CMSIS/DSP/Include/arm_math.h"
  98              		.file 9 "<built-in>"
ARM GAS  /tmp/ccGywiqT.s 			page 5


DEFINED SYMBOLS
                            *ABS*:0000000000000000 arm_lms_init_q15.c
     /tmp/ccGywiqT.s:17     .text.arm_lms_init_q15:0000000000000000 $t
     /tmp/ccGywiqT.s:26     .text.arm_lms_init_q15:0000000000000000 arm_lms_init_q15

UNDEFINED SYMBOLS
memset
