ARM GAS  /tmp/cc63Tnue.s 			page 1


   1              		.cpu cortex-m7
   2              		.eabi_attribute 28, 1
   3              		.eabi_attribute 20, 1
   4              		.eabi_attribute 21, 1
   5              		.eabi_attribute 23, 3
   6              		.eabi_attribute 24, 1
   7              		.eabi_attribute 25, 1
   8              		.eabi_attribute 26, 1
   9              		.eabi_attribute 30, 2
  10              		.eabi_attribute 34, 1
  11              		.eabi_attribute 18, 4
  12              		.file	"arm_q31_to_float.c"
  13              		.text
  14              	.Ltext0:
  15              		.cfi_sections	.debug_frame
  16              		.section	.text.arm_q31_to_float,"ax",%progbits
  17              		.align	1
  18              		.p2align 2,,3
  19              		.global	arm_q31_to_float
  20              		.arch armv7e-m
  21              		.syntax unified
  22              		.thumb
  23              		.thumb_func
  24              		.fpu fpv5-d16
  26              	arm_q31_to_float:
  27              	.LVL0:
  28              	.LFB145:
  29              		.file 1 "./Libraries/CMSIS/DSP/Source/SupportFunctions/arm_q31_to_float.c"
   1:./Libraries/CMSIS/DSP/Source/SupportFunctions/arm_q31_to_float.c **** /* ----------------------------------------------------------------------
   2:./Libraries/CMSIS/DSP/Source/SupportFunctions/arm_q31_to_float.c ****  * Project:      CMSIS DSP Library
   3:./Libraries/CMSIS/DSP/Source/SupportFunctions/arm_q31_to_float.c ****  * Title:        arm_q31_to_float.c
   4:./Libraries/CMSIS/DSP/Source/SupportFunctions/arm_q31_to_float.c ****  * Description:  Converts the elements of the Q31 vector to floating-point vector
   5:./Libraries/CMSIS/DSP/Source/SupportFunctions/arm_q31_to_float.c ****  *
   6:./Libraries/CMSIS/DSP/Source/SupportFunctions/arm_q31_to_float.c ****  * $Date:        18. March 2019
   7:./Libraries/CMSIS/DSP/Source/SupportFunctions/arm_q31_to_float.c ****  * $Revision:    V1.6.0
   8:./Libraries/CMSIS/DSP/Source/SupportFunctions/arm_q31_to_float.c ****  *
   9:./Libraries/CMSIS/DSP/Source/SupportFunctions/arm_q31_to_float.c ****  * Target Processor: Cortex-M cores
  10:./Libraries/CMSIS/DSP/Source/SupportFunctions/arm_q31_to_float.c ****  * -------------------------------------------------------------------- */
  11:./Libraries/CMSIS/DSP/Source/SupportFunctions/arm_q31_to_float.c **** /*
  12:./Libraries/CMSIS/DSP/Source/SupportFunctions/arm_q31_to_float.c ****  * Copyright (C) 2010-2019 ARM Limited or its affiliates. All rights reserved.
  13:./Libraries/CMSIS/DSP/Source/SupportFunctions/arm_q31_to_float.c ****  *
  14:./Libraries/CMSIS/DSP/Source/SupportFunctions/arm_q31_to_float.c ****  * SPDX-License-Identifier: Apache-2.0
  15:./Libraries/CMSIS/DSP/Source/SupportFunctions/arm_q31_to_float.c ****  *
  16:./Libraries/CMSIS/DSP/Source/SupportFunctions/arm_q31_to_float.c ****  * Licensed under the Apache License, Version 2.0 (the License); you may
  17:./Libraries/CMSIS/DSP/Source/SupportFunctions/arm_q31_to_float.c ****  * not use this file except in compliance with the License.
  18:./Libraries/CMSIS/DSP/Source/SupportFunctions/arm_q31_to_float.c ****  * You may obtain a copy of the License at
  19:./Libraries/CMSIS/DSP/Source/SupportFunctions/arm_q31_to_float.c ****  *
  20:./Libraries/CMSIS/DSP/Source/SupportFunctions/arm_q31_to_float.c ****  * www.apache.org/licenses/LICENSE-2.0
  21:./Libraries/CMSIS/DSP/Source/SupportFunctions/arm_q31_to_float.c ****  *
  22:./Libraries/CMSIS/DSP/Source/SupportFunctions/arm_q31_to_float.c ****  * Unless required by applicable law or agreed to in writing, software
  23:./Libraries/CMSIS/DSP/Source/SupportFunctions/arm_q31_to_float.c ****  * distributed under the License is distributed on an AS IS BASIS, WITHOUT
  24:./Libraries/CMSIS/DSP/Source/SupportFunctions/arm_q31_to_float.c ****  * WARRANTIES OR CONDITIONS OF ANY KIND, either express or implied.
  25:./Libraries/CMSIS/DSP/Source/SupportFunctions/arm_q31_to_float.c ****  * See the License for the specific language governing permissions and
  26:./Libraries/CMSIS/DSP/Source/SupportFunctions/arm_q31_to_float.c ****  * limitations under the License.
  27:./Libraries/CMSIS/DSP/Source/SupportFunctions/arm_q31_to_float.c ****  */
  28:./Libraries/CMSIS/DSP/Source/SupportFunctions/arm_q31_to_float.c **** 
  29:./Libraries/CMSIS/DSP/Source/SupportFunctions/arm_q31_to_float.c **** #include "arm_math.h"
ARM GAS  /tmp/cc63Tnue.s 			page 2


  30:./Libraries/CMSIS/DSP/Source/SupportFunctions/arm_q31_to_float.c **** 
  31:./Libraries/CMSIS/DSP/Source/SupportFunctions/arm_q31_to_float.c **** /**
  32:./Libraries/CMSIS/DSP/Source/SupportFunctions/arm_q31_to_float.c ****   @ingroup groupSupport
  33:./Libraries/CMSIS/DSP/Source/SupportFunctions/arm_q31_to_float.c ****  */
  34:./Libraries/CMSIS/DSP/Source/SupportFunctions/arm_q31_to_float.c **** 
  35:./Libraries/CMSIS/DSP/Source/SupportFunctions/arm_q31_to_float.c **** /**
  36:./Libraries/CMSIS/DSP/Source/SupportFunctions/arm_q31_to_float.c ****  * @defgroup q31_to_x  Convert 32-bit Integer value
  37:./Libraries/CMSIS/DSP/Source/SupportFunctions/arm_q31_to_float.c ****  */
  38:./Libraries/CMSIS/DSP/Source/SupportFunctions/arm_q31_to_float.c **** 
  39:./Libraries/CMSIS/DSP/Source/SupportFunctions/arm_q31_to_float.c **** /**
  40:./Libraries/CMSIS/DSP/Source/SupportFunctions/arm_q31_to_float.c ****   @addtogroup q31_to_x
  41:./Libraries/CMSIS/DSP/Source/SupportFunctions/arm_q31_to_float.c ****   @{
  42:./Libraries/CMSIS/DSP/Source/SupportFunctions/arm_q31_to_float.c ****  */
  43:./Libraries/CMSIS/DSP/Source/SupportFunctions/arm_q31_to_float.c **** 
  44:./Libraries/CMSIS/DSP/Source/SupportFunctions/arm_q31_to_float.c **** /**
  45:./Libraries/CMSIS/DSP/Source/SupportFunctions/arm_q31_to_float.c ****   @brief         Converts the elements of the Q31 vector to floating-point vector.
  46:./Libraries/CMSIS/DSP/Source/SupportFunctions/arm_q31_to_float.c ****   @param[in]     pSrc       points to the Q31 input vector
  47:./Libraries/CMSIS/DSP/Source/SupportFunctions/arm_q31_to_float.c ****   @param[out]    pDst       points to the floating-point output vector
  48:./Libraries/CMSIS/DSP/Source/SupportFunctions/arm_q31_to_float.c ****   @param[in]     blockSize  number of samples in each vector
  49:./Libraries/CMSIS/DSP/Source/SupportFunctions/arm_q31_to_float.c ****   @return        none
  50:./Libraries/CMSIS/DSP/Source/SupportFunctions/arm_q31_to_float.c **** 
  51:./Libraries/CMSIS/DSP/Source/SupportFunctions/arm_q31_to_float.c ****   @par           Details
  52:./Libraries/CMSIS/DSP/Source/SupportFunctions/arm_q31_to_float.c ****                    The equation used for the conversion process is:
  53:./Libraries/CMSIS/DSP/Source/SupportFunctions/arm_q31_to_float.c ****   <pre>
  54:./Libraries/CMSIS/DSP/Source/SupportFunctions/arm_q31_to_float.c ****       pDst[n] = (float32_t) pSrc[n] / 2147483648;   0 <= n < blockSize.
  55:./Libraries/CMSIS/DSP/Source/SupportFunctions/arm_q31_to_float.c ****   </pre>
  56:./Libraries/CMSIS/DSP/Source/SupportFunctions/arm_q31_to_float.c ****  */
  57:./Libraries/CMSIS/DSP/Source/SupportFunctions/arm_q31_to_float.c **** 
  58:./Libraries/CMSIS/DSP/Source/SupportFunctions/arm_q31_to_float.c **** #if defined(ARM_MATH_NEON_EXPERIMENTAL)
  59:./Libraries/CMSIS/DSP/Source/SupportFunctions/arm_q31_to_float.c **** void arm_q31_to_float(
  60:./Libraries/CMSIS/DSP/Source/SupportFunctions/arm_q31_to_float.c ****   const q31_t * pSrc,
  61:./Libraries/CMSIS/DSP/Source/SupportFunctions/arm_q31_to_float.c ****         float32_t * pDst,
  62:./Libraries/CMSIS/DSP/Source/SupportFunctions/arm_q31_to_float.c ****         uint32_t blockSize)
  63:./Libraries/CMSIS/DSP/Source/SupportFunctions/arm_q31_to_float.c **** {
  64:./Libraries/CMSIS/DSP/Source/SupportFunctions/arm_q31_to_float.c ****   const q31_t *pIn = pSrc;                             /* Src pointer */
  65:./Libraries/CMSIS/DSP/Source/SupportFunctions/arm_q31_to_float.c ****   uint32_t blkCnt;                               /* loop counter */
  66:./Libraries/CMSIS/DSP/Source/SupportFunctions/arm_q31_to_float.c **** 
  67:./Libraries/CMSIS/DSP/Source/SupportFunctions/arm_q31_to_float.c ****   int32x4_t inV;
  68:./Libraries/CMSIS/DSP/Source/SupportFunctions/arm_q31_to_float.c ****   float32x4_t outV;
  69:./Libraries/CMSIS/DSP/Source/SupportFunctions/arm_q31_to_float.c **** 
  70:./Libraries/CMSIS/DSP/Source/SupportFunctions/arm_q31_to_float.c ****   blkCnt = blockSize >> 2U;
  71:./Libraries/CMSIS/DSP/Source/SupportFunctions/arm_q31_to_float.c **** 
  72:./Libraries/CMSIS/DSP/Source/SupportFunctions/arm_q31_to_float.c ****   /* Compute 4 outputs at a time.
  73:./Libraries/CMSIS/DSP/Source/SupportFunctions/arm_q31_to_float.c ****    ** a second loop below computes the remaining 1 to 3 samples. */
  74:./Libraries/CMSIS/DSP/Source/SupportFunctions/arm_q31_to_float.c ****   while (blkCnt > 0U)
  75:./Libraries/CMSIS/DSP/Source/SupportFunctions/arm_q31_to_float.c ****   {
  76:./Libraries/CMSIS/DSP/Source/SupportFunctions/arm_q31_to_float.c ****     /* C = (float32_t) A / 2147483648 */
  77:./Libraries/CMSIS/DSP/Source/SupportFunctions/arm_q31_to_float.c ****     /* Convert from q31 to float and then store the results in the destination buffer */
  78:./Libraries/CMSIS/DSP/Source/SupportFunctions/arm_q31_to_float.c ****     inV = vld1q_s32(pIn);
  79:./Libraries/CMSIS/DSP/Source/SupportFunctions/arm_q31_to_float.c ****     pIn += 4;
  80:./Libraries/CMSIS/DSP/Source/SupportFunctions/arm_q31_to_float.c **** 
  81:./Libraries/CMSIS/DSP/Source/SupportFunctions/arm_q31_to_float.c ****     outV = vcvtq_n_f32_s32(inV,31);
  82:./Libraries/CMSIS/DSP/Source/SupportFunctions/arm_q31_to_float.c **** 
  83:./Libraries/CMSIS/DSP/Source/SupportFunctions/arm_q31_to_float.c ****     vst1q_f32(pDst, outV);
  84:./Libraries/CMSIS/DSP/Source/SupportFunctions/arm_q31_to_float.c ****     pDst += 4;
  85:./Libraries/CMSIS/DSP/Source/SupportFunctions/arm_q31_to_float.c **** 
  86:./Libraries/CMSIS/DSP/Source/SupportFunctions/arm_q31_to_float.c ****     /* Decrement the loop counter */
ARM GAS  /tmp/cc63Tnue.s 			page 3


  87:./Libraries/CMSIS/DSP/Source/SupportFunctions/arm_q31_to_float.c ****     blkCnt--;
  88:./Libraries/CMSIS/DSP/Source/SupportFunctions/arm_q31_to_float.c ****   }
  89:./Libraries/CMSIS/DSP/Source/SupportFunctions/arm_q31_to_float.c **** 
  90:./Libraries/CMSIS/DSP/Source/SupportFunctions/arm_q31_to_float.c ****   /* If the blockSize is not a multiple of 4, compute any remaining output samples here.
  91:./Libraries/CMSIS/DSP/Source/SupportFunctions/arm_q31_to_float.c ****    ** No loop unrolling is used. */
  92:./Libraries/CMSIS/DSP/Source/SupportFunctions/arm_q31_to_float.c ****   blkCnt = blockSize & 3;
  93:./Libraries/CMSIS/DSP/Source/SupportFunctions/arm_q31_to_float.c **** 
  94:./Libraries/CMSIS/DSP/Source/SupportFunctions/arm_q31_to_float.c **** 
  95:./Libraries/CMSIS/DSP/Source/SupportFunctions/arm_q31_to_float.c ****   while (blkCnt > 0U)
  96:./Libraries/CMSIS/DSP/Source/SupportFunctions/arm_q31_to_float.c ****   {
  97:./Libraries/CMSIS/DSP/Source/SupportFunctions/arm_q31_to_float.c ****     /* C = (float32_t) A / 2147483648 */
  98:./Libraries/CMSIS/DSP/Source/SupportFunctions/arm_q31_to_float.c ****     /* Convert from q31 to float and then store the results in the destination buffer */
  99:./Libraries/CMSIS/DSP/Source/SupportFunctions/arm_q31_to_float.c ****     *pDst++ = ((float32_t) * pIn++ / 2147483648.0f);
 100:./Libraries/CMSIS/DSP/Source/SupportFunctions/arm_q31_to_float.c **** 
 101:./Libraries/CMSIS/DSP/Source/SupportFunctions/arm_q31_to_float.c ****     /* Decrement the loop counter */
 102:./Libraries/CMSIS/DSP/Source/SupportFunctions/arm_q31_to_float.c ****     blkCnt--;
 103:./Libraries/CMSIS/DSP/Source/SupportFunctions/arm_q31_to_float.c ****   }
 104:./Libraries/CMSIS/DSP/Source/SupportFunctions/arm_q31_to_float.c **** }
 105:./Libraries/CMSIS/DSP/Source/SupportFunctions/arm_q31_to_float.c **** #else
 106:./Libraries/CMSIS/DSP/Source/SupportFunctions/arm_q31_to_float.c **** void arm_q31_to_float(
 107:./Libraries/CMSIS/DSP/Source/SupportFunctions/arm_q31_to_float.c ****   const q31_t * pSrc,
 108:./Libraries/CMSIS/DSP/Source/SupportFunctions/arm_q31_to_float.c ****   float32_t * pDst,
 109:./Libraries/CMSIS/DSP/Source/SupportFunctions/arm_q31_to_float.c ****   uint32_t blockSize)
 110:./Libraries/CMSIS/DSP/Source/SupportFunctions/arm_q31_to_float.c **** {
  30              		.loc 1 110 1 view -0
  31              		.cfi_startproc
  32              		@ args = 0, pretend = 0, frame = 0
  33              		@ frame_needed = 0, uses_anonymous_args = 0
  34              		@ link register save eliminated.
 111:./Libraries/CMSIS/DSP/Source/SupportFunctions/arm_q31_to_float.c ****   const q31_t *pIn = pSrc;                             /* Src pointer */
  35              		.loc 1 111 3 view .LVU1
 112:./Libraries/CMSIS/DSP/Source/SupportFunctions/arm_q31_to_float.c ****   uint32_t blkCnt;                               /* loop counter */
  36              		.loc 1 112 3 view .LVU2
 113:./Libraries/CMSIS/DSP/Source/SupportFunctions/arm_q31_to_float.c **** 
 114:./Libraries/CMSIS/DSP/Source/SupportFunctions/arm_q31_to_float.c **** #if defined (ARM_MATH_LOOPUNROLL)
 115:./Libraries/CMSIS/DSP/Source/SupportFunctions/arm_q31_to_float.c **** 
 116:./Libraries/CMSIS/DSP/Source/SupportFunctions/arm_q31_to_float.c ****   /* Loop unrolling */
 117:./Libraries/CMSIS/DSP/Source/SupportFunctions/arm_q31_to_float.c ****   blkCnt = blockSize >> 2U;
 118:./Libraries/CMSIS/DSP/Source/SupportFunctions/arm_q31_to_float.c **** 
 119:./Libraries/CMSIS/DSP/Source/SupportFunctions/arm_q31_to_float.c ****   while (blkCnt > 0U)
 120:./Libraries/CMSIS/DSP/Source/SupportFunctions/arm_q31_to_float.c ****   {
 121:./Libraries/CMSIS/DSP/Source/SupportFunctions/arm_q31_to_float.c ****     /* C = (float32_t) A / 2147483648 */
 122:./Libraries/CMSIS/DSP/Source/SupportFunctions/arm_q31_to_float.c **** 
 123:./Libraries/CMSIS/DSP/Source/SupportFunctions/arm_q31_to_float.c ****     /* Convert from q31 to float and store result in destination buffer */
 124:./Libraries/CMSIS/DSP/Source/SupportFunctions/arm_q31_to_float.c ****     *pDst++ = ((float32_t) *pIn++ / 2147483648.0f);
 125:./Libraries/CMSIS/DSP/Source/SupportFunctions/arm_q31_to_float.c ****     *pDst++ = ((float32_t) *pIn++ / 2147483648.0f);
 126:./Libraries/CMSIS/DSP/Source/SupportFunctions/arm_q31_to_float.c ****     *pDst++ = ((float32_t) *pIn++ / 2147483648.0f);
 127:./Libraries/CMSIS/DSP/Source/SupportFunctions/arm_q31_to_float.c ****     *pDst++ = ((float32_t) *pIn++ / 2147483648.0f);
 128:./Libraries/CMSIS/DSP/Source/SupportFunctions/arm_q31_to_float.c **** 
 129:./Libraries/CMSIS/DSP/Source/SupportFunctions/arm_q31_to_float.c ****     /* Decrement loop counter */
 130:./Libraries/CMSIS/DSP/Source/SupportFunctions/arm_q31_to_float.c ****     blkCnt--;
 131:./Libraries/CMSIS/DSP/Source/SupportFunctions/arm_q31_to_float.c ****   }
 132:./Libraries/CMSIS/DSP/Source/SupportFunctions/arm_q31_to_float.c **** 
 133:./Libraries/CMSIS/DSP/Source/SupportFunctions/arm_q31_to_float.c ****   /* Loop unrolling: Compute remaining outputs */
 134:./Libraries/CMSIS/DSP/Source/SupportFunctions/arm_q31_to_float.c ****   blkCnt = blockSize % 0x4U;
 135:./Libraries/CMSIS/DSP/Source/SupportFunctions/arm_q31_to_float.c **** 
 136:./Libraries/CMSIS/DSP/Source/SupportFunctions/arm_q31_to_float.c **** #else
ARM GAS  /tmp/cc63Tnue.s 			page 4


 137:./Libraries/CMSIS/DSP/Source/SupportFunctions/arm_q31_to_float.c **** 
 138:./Libraries/CMSIS/DSP/Source/SupportFunctions/arm_q31_to_float.c ****   /* Initialize blkCnt with number of samples */
 139:./Libraries/CMSIS/DSP/Source/SupportFunctions/arm_q31_to_float.c ****   blkCnt = blockSize;
  37              		.loc 1 139 3 view .LVU3
 140:./Libraries/CMSIS/DSP/Source/SupportFunctions/arm_q31_to_float.c **** 
 141:./Libraries/CMSIS/DSP/Source/SupportFunctions/arm_q31_to_float.c **** #endif /* #if defined (ARM_MATH_LOOPUNROLL) */
 142:./Libraries/CMSIS/DSP/Source/SupportFunctions/arm_q31_to_float.c **** 
 143:./Libraries/CMSIS/DSP/Source/SupportFunctions/arm_q31_to_float.c ****   while (blkCnt > 0U)
  38              		.loc 1 143 3 view .LVU4
  39              		.loc 1 143 9 view .LVU5
  40 0000 5AB1     		cbz	r2, .L1
 144:./Libraries/CMSIS/DSP/Source/SupportFunctions/arm_q31_to_float.c ****   {
 145:./Libraries/CMSIS/DSP/Source/SupportFunctions/arm_q31_to_float.c ****     /* C = (float32_t) A / 2147483648 */
 146:./Libraries/CMSIS/DSP/Source/SupportFunctions/arm_q31_to_float.c **** 
 147:./Libraries/CMSIS/DSP/Source/SupportFunctions/arm_q31_to_float.c ****     /* Convert from q31 to float and store result in destination buffer */
 148:./Libraries/CMSIS/DSP/Source/SupportFunctions/arm_q31_to_float.c ****     *pDst++ = ((float32_t) *pIn++ / 2147483648.0f);
  41              		.loc 1 148 35 is_stmt 0 view .LVU6
  42 0002 9FED067A 		vldr.32	s14, .L9
  43              	.LVL1:
  44              	.L3:
  45              		.loc 1 148 5 is_stmt 1 view .LVU7
  46              		.loc 1 148 16 is_stmt 0 view .LVU8
  47 0006 F0EC017A 		vldmia.32	r0!, {s15}	@ int
  48              	.LVL2:
 143:./Libraries/CMSIS/DSP/Source/SupportFunctions/arm_q31_to_float.c ****   {
  49              		.loc 1 143 9 view .LVU9
  50 000a 013A     		subs	r2, r2, #1
  51              	.LVL3:
  52              		.loc 1 148 16 view .LVU10
  53 000c F8EEE77A 		vcvt.f32.s32	s15, s15
  54              		.loc 1 148 35 view .LVU11
  55 0010 67EE877A 		vmul.f32	s15, s15, s14
  56              		.loc 1 148 13 view .LVU12
  57 0014 E1EC017A 		vstmia.32	r1!, {s15}
  58              	.LVL4:
 149:./Libraries/CMSIS/DSP/Source/SupportFunctions/arm_q31_to_float.c **** 
 150:./Libraries/CMSIS/DSP/Source/SupportFunctions/arm_q31_to_float.c ****     /* Decrement loop counter */
 151:./Libraries/CMSIS/DSP/Source/SupportFunctions/arm_q31_to_float.c ****     blkCnt--;
  59              		.loc 1 151 5 is_stmt 1 view .LVU13
 143:./Libraries/CMSIS/DSP/Source/SupportFunctions/arm_q31_to_float.c ****   {
  60              		.loc 1 143 9 view .LVU14
  61 0018 F5D1     		bne	.L3
  62              	.L1:
 152:./Libraries/CMSIS/DSP/Source/SupportFunctions/arm_q31_to_float.c ****   }
 153:./Libraries/CMSIS/DSP/Source/SupportFunctions/arm_q31_to_float.c **** 
 154:./Libraries/CMSIS/DSP/Source/SupportFunctions/arm_q31_to_float.c **** }
  63              		.loc 1 154 1 is_stmt 0 view .LVU15
  64 001a 7047     		bx	lr
  65              	.L10:
  66              		.align	2
  67              	.L9:
  68 001c 00000030 		.word	805306368
  69              		.cfi_endproc
  70              	.LFE145:
  72              		.text
  73              	.Letext0:
  74              		.file 2 "/usr/lib/gcc/arm-none-eabi/9.2.1/include/stdint.h"
ARM GAS  /tmp/cc63Tnue.s 			page 5


  75              		.file 3 "/usr/lib/gcc/arm-none-eabi/9.2.1/include/stddef.h"
  76              		.file 4 "/usr/include/newlib/sys/_types.h"
  77              		.file 5 "/usr/include/newlib/sys/reent.h"
  78              		.file 6 "/usr/include/newlib/sys/lock.h"
  79              		.file 7 "/usr/include/newlib/math.h"
  80              		.file 8 "./Libraries/CMSIS/DSP/Include/arm_math.h"
ARM GAS  /tmp/cc63Tnue.s 			page 6


DEFINED SYMBOLS
                            *ABS*:0000000000000000 arm_q31_to_float.c
     /tmp/cc63Tnue.s:17     .text.arm_q31_to_float:0000000000000000 $t
     /tmp/cc63Tnue.s:26     .text.arm_q31_to_float:0000000000000000 arm_q31_to_float
     /tmp/cc63Tnue.s:68     .text.arm_q31_to_float:000000000000001c $d

NO UNDEFINED SYMBOLS
