ARM GAS  /var/folders/wl/rshn8xbx1dsfj1zgryf4g1240000gn/T//cc9Axr1P.s 			page 1


   1              		.cpu cortex-m7
   2              		.eabi_attribute 28, 1
   3              		.eabi_attribute 20, 1
   4              		.eabi_attribute 21, 1
   5              		.eabi_attribute 23, 3
   6              		.eabi_attribute 24, 1
   7              		.eabi_attribute 25, 1
   8              		.eabi_attribute 26, 1
   9              		.eabi_attribute 30, 2
  10              		.eabi_attribute 34, 1
  11              		.eabi_attribute 18, 4
  12              		.file	"arm_fill_f32.c"
  13              		.text
  14              	.Ltext0:
  15              		.cfi_sections	.debug_frame
  16              		.section	.text.arm_fill_f32,"ax",%progbits
  17              		.align	1
  18              		.p2align 2,,3
  19              		.global	arm_fill_f32
  20              		.arch armv7e-m
  21              		.syntax unified
  22              		.thumb
  23              		.thumb_func
  24              		.fpu fpv5-d16
  26              	arm_fill_f32:
  27              	.LVL0:
  28              	.LFB145:
  29              		.file 1 ".//Libraries/CMSIS/DSP/Source/SupportFunctions/arm_fill_f32.c"
   1:.//Libraries/CMSIS/DSP/Source/SupportFunctions/arm_fill_f32.c **** /* ----------------------------------------------------------------------
   2:.//Libraries/CMSIS/DSP/Source/SupportFunctions/arm_fill_f32.c ****  * Project:      CMSIS DSP Library
   3:.//Libraries/CMSIS/DSP/Source/SupportFunctions/arm_fill_f32.c ****  * Title:        arm_fill_f32.c
   4:.//Libraries/CMSIS/DSP/Source/SupportFunctions/arm_fill_f32.c ****  * Description:  Fills a constant value into a floating-point vector
   5:.//Libraries/CMSIS/DSP/Source/SupportFunctions/arm_fill_f32.c ****  *
   6:.//Libraries/CMSIS/DSP/Source/SupportFunctions/arm_fill_f32.c ****  * $Date:        18. March 2019
   7:.//Libraries/CMSIS/DSP/Source/SupportFunctions/arm_fill_f32.c ****  * $Revision:    V1.6.0
   8:.//Libraries/CMSIS/DSP/Source/SupportFunctions/arm_fill_f32.c ****  *
   9:.//Libraries/CMSIS/DSP/Source/SupportFunctions/arm_fill_f32.c ****  * Target Processor: Cortex-M cores
  10:.//Libraries/CMSIS/DSP/Source/SupportFunctions/arm_fill_f32.c ****  * -------------------------------------------------------------------- */
  11:.//Libraries/CMSIS/DSP/Source/SupportFunctions/arm_fill_f32.c **** /*
  12:.//Libraries/CMSIS/DSP/Source/SupportFunctions/arm_fill_f32.c ****  * Copyright (C) 2010-2019 ARM Limited or its affiliates. All rights reserved.
  13:.//Libraries/CMSIS/DSP/Source/SupportFunctions/arm_fill_f32.c ****  *
  14:.//Libraries/CMSIS/DSP/Source/SupportFunctions/arm_fill_f32.c ****  * SPDX-License-Identifier: Apache-2.0
  15:.//Libraries/CMSIS/DSP/Source/SupportFunctions/arm_fill_f32.c ****  *
  16:.//Libraries/CMSIS/DSP/Source/SupportFunctions/arm_fill_f32.c ****  * Licensed under the Apache License, Version 2.0 (the License); you may
  17:.//Libraries/CMSIS/DSP/Source/SupportFunctions/arm_fill_f32.c ****  * not use this file except in compliance with the License.
  18:.//Libraries/CMSIS/DSP/Source/SupportFunctions/arm_fill_f32.c ****  * You may obtain a copy of the License at
  19:.//Libraries/CMSIS/DSP/Source/SupportFunctions/arm_fill_f32.c ****  *
  20:.//Libraries/CMSIS/DSP/Source/SupportFunctions/arm_fill_f32.c ****  * www.apache.org/licenses/LICENSE-2.0
  21:.//Libraries/CMSIS/DSP/Source/SupportFunctions/arm_fill_f32.c ****  *
  22:.//Libraries/CMSIS/DSP/Source/SupportFunctions/arm_fill_f32.c ****  * Unless required by applicable law or agreed to in writing, software
  23:.//Libraries/CMSIS/DSP/Source/SupportFunctions/arm_fill_f32.c ****  * distributed under the License is distributed on an AS IS BASIS, WITHOUT
  24:.//Libraries/CMSIS/DSP/Source/SupportFunctions/arm_fill_f32.c ****  * WARRANTIES OR CONDITIONS OF ANY KIND, either express or implied.
  25:.//Libraries/CMSIS/DSP/Source/SupportFunctions/arm_fill_f32.c ****  * See the License for the specific language governing permissions and
  26:.//Libraries/CMSIS/DSP/Source/SupportFunctions/arm_fill_f32.c ****  * limitations under the License.
  27:.//Libraries/CMSIS/DSP/Source/SupportFunctions/arm_fill_f32.c ****  */
  28:.//Libraries/CMSIS/DSP/Source/SupportFunctions/arm_fill_f32.c **** 
  29:.//Libraries/CMSIS/DSP/Source/SupportFunctions/arm_fill_f32.c **** #include "arm_math.h"
ARM GAS  /var/folders/wl/rshn8xbx1dsfj1zgryf4g1240000gn/T//cc9Axr1P.s 			page 2


  30:.//Libraries/CMSIS/DSP/Source/SupportFunctions/arm_fill_f32.c **** 
  31:.//Libraries/CMSIS/DSP/Source/SupportFunctions/arm_fill_f32.c **** /**
  32:.//Libraries/CMSIS/DSP/Source/SupportFunctions/arm_fill_f32.c ****   @ingroup groupSupport
  33:.//Libraries/CMSIS/DSP/Source/SupportFunctions/arm_fill_f32.c ****  */
  34:.//Libraries/CMSIS/DSP/Source/SupportFunctions/arm_fill_f32.c **** 
  35:.//Libraries/CMSIS/DSP/Source/SupportFunctions/arm_fill_f32.c **** /**
  36:.//Libraries/CMSIS/DSP/Source/SupportFunctions/arm_fill_f32.c ****   @defgroup Fill Vector Fill
  37:.//Libraries/CMSIS/DSP/Source/SupportFunctions/arm_fill_f32.c **** 
  38:.//Libraries/CMSIS/DSP/Source/SupportFunctions/arm_fill_f32.c ****   Fills the destination vector with a constant value.
  39:.//Libraries/CMSIS/DSP/Source/SupportFunctions/arm_fill_f32.c **** 
  40:.//Libraries/CMSIS/DSP/Source/SupportFunctions/arm_fill_f32.c ****   <pre>
  41:.//Libraries/CMSIS/DSP/Source/SupportFunctions/arm_fill_f32.c ****       pDst[n] = value;   0 <= n < blockSize.
  42:.//Libraries/CMSIS/DSP/Source/SupportFunctions/arm_fill_f32.c ****   </pre>
  43:.//Libraries/CMSIS/DSP/Source/SupportFunctions/arm_fill_f32.c **** 
  44:.//Libraries/CMSIS/DSP/Source/SupportFunctions/arm_fill_f32.c ****   There are separate functions for floating point, Q31, Q15, and Q7 data types.
  45:.//Libraries/CMSIS/DSP/Source/SupportFunctions/arm_fill_f32.c ****  */
  46:.//Libraries/CMSIS/DSP/Source/SupportFunctions/arm_fill_f32.c **** 
  47:.//Libraries/CMSIS/DSP/Source/SupportFunctions/arm_fill_f32.c **** /**
  48:.//Libraries/CMSIS/DSP/Source/SupportFunctions/arm_fill_f32.c ****   @addtogroup Fill
  49:.//Libraries/CMSIS/DSP/Source/SupportFunctions/arm_fill_f32.c ****   @{
  50:.//Libraries/CMSIS/DSP/Source/SupportFunctions/arm_fill_f32.c ****  */
  51:.//Libraries/CMSIS/DSP/Source/SupportFunctions/arm_fill_f32.c **** 
  52:.//Libraries/CMSIS/DSP/Source/SupportFunctions/arm_fill_f32.c **** /**
  53:.//Libraries/CMSIS/DSP/Source/SupportFunctions/arm_fill_f32.c ****   @brief         Fills a constant value into a floating-point vector.
  54:.//Libraries/CMSIS/DSP/Source/SupportFunctions/arm_fill_f32.c ****   @param[in]     value      input value to be filled
  55:.//Libraries/CMSIS/DSP/Source/SupportFunctions/arm_fill_f32.c ****   @param[out]    pDst       points to output vector
  56:.//Libraries/CMSIS/DSP/Source/SupportFunctions/arm_fill_f32.c ****   @param[in]     blockSize  number of samples in each vector
  57:.//Libraries/CMSIS/DSP/Source/SupportFunctions/arm_fill_f32.c ****   @return        none
  58:.//Libraries/CMSIS/DSP/Source/SupportFunctions/arm_fill_f32.c ****  */
  59:.//Libraries/CMSIS/DSP/Source/SupportFunctions/arm_fill_f32.c **** 
  60:.//Libraries/CMSIS/DSP/Source/SupportFunctions/arm_fill_f32.c **** #if defined(ARM_MATH_NEON_EXPERIMENTAL)
  61:.//Libraries/CMSIS/DSP/Source/SupportFunctions/arm_fill_f32.c **** void arm_fill_f32(
  62:.//Libraries/CMSIS/DSP/Source/SupportFunctions/arm_fill_f32.c ****   float32_t value,
  63:.//Libraries/CMSIS/DSP/Source/SupportFunctions/arm_fill_f32.c ****   float32_t * pDst,
  64:.//Libraries/CMSIS/DSP/Source/SupportFunctions/arm_fill_f32.c ****   uint32_t blockSize)
  65:.//Libraries/CMSIS/DSP/Source/SupportFunctions/arm_fill_f32.c **** {
  66:.//Libraries/CMSIS/DSP/Source/SupportFunctions/arm_fill_f32.c ****   uint32_t blkCnt;                               /* loop counter */
  67:.//Libraries/CMSIS/DSP/Source/SupportFunctions/arm_fill_f32.c **** 
  68:.//Libraries/CMSIS/DSP/Source/SupportFunctions/arm_fill_f32.c **** 
  69:.//Libraries/CMSIS/DSP/Source/SupportFunctions/arm_fill_f32.c ****   float32x4_t inV = vdupq_n_f32(value);
  70:.//Libraries/CMSIS/DSP/Source/SupportFunctions/arm_fill_f32.c **** 
  71:.//Libraries/CMSIS/DSP/Source/SupportFunctions/arm_fill_f32.c ****   blkCnt = blockSize >> 2U;
  72:.//Libraries/CMSIS/DSP/Source/SupportFunctions/arm_fill_f32.c **** 
  73:.//Libraries/CMSIS/DSP/Source/SupportFunctions/arm_fill_f32.c ****   /* Compute 4 outputs at a time.
  74:.//Libraries/CMSIS/DSP/Source/SupportFunctions/arm_fill_f32.c ****    ** a second loop below computes the remaining 1 to 3 samples. */
  75:.//Libraries/CMSIS/DSP/Source/SupportFunctions/arm_fill_f32.c ****   while (blkCnt > 0U)
  76:.//Libraries/CMSIS/DSP/Source/SupportFunctions/arm_fill_f32.c ****   {
  77:.//Libraries/CMSIS/DSP/Source/SupportFunctions/arm_fill_f32.c ****     /* C = value */
  78:.//Libraries/CMSIS/DSP/Source/SupportFunctions/arm_fill_f32.c ****     /* Fill the value in the destination buffer */
  79:.//Libraries/CMSIS/DSP/Source/SupportFunctions/arm_fill_f32.c ****     vst1q_f32(pDst, inV);
  80:.//Libraries/CMSIS/DSP/Source/SupportFunctions/arm_fill_f32.c ****     pDst += 4;
  81:.//Libraries/CMSIS/DSP/Source/SupportFunctions/arm_fill_f32.c **** 
  82:.//Libraries/CMSIS/DSP/Source/SupportFunctions/arm_fill_f32.c ****     /* Decrement the loop counter */
  83:.//Libraries/CMSIS/DSP/Source/SupportFunctions/arm_fill_f32.c ****     blkCnt--;
  84:.//Libraries/CMSIS/DSP/Source/SupportFunctions/arm_fill_f32.c ****   }
  85:.//Libraries/CMSIS/DSP/Source/SupportFunctions/arm_fill_f32.c **** 
  86:.//Libraries/CMSIS/DSP/Source/SupportFunctions/arm_fill_f32.c ****   /* If the blockSize is not a multiple of 4, compute any remaining output samples here.
ARM GAS  /var/folders/wl/rshn8xbx1dsfj1zgryf4g1240000gn/T//cc9Axr1P.s 			page 3


  87:.//Libraries/CMSIS/DSP/Source/SupportFunctions/arm_fill_f32.c ****    ** No loop unrolling is used. */
  88:.//Libraries/CMSIS/DSP/Source/SupportFunctions/arm_fill_f32.c ****   blkCnt = blockSize & 3;
  89:.//Libraries/CMSIS/DSP/Source/SupportFunctions/arm_fill_f32.c **** 
  90:.//Libraries/CMSIS/DSP/Source/SupportFunctions/arm_fill_f32.c ****   while (blkCnt > 0U)
  91:.//Libraries/CMSIS/DSP/Source/SupportFunctions/arm_fill_f32.c ****   {
  92:.//Libraries/CMSIS/DSP/Source/SupportFunctions/arm_fill_f32.c ****     /* C = value */
  93:.//Libraries/CMSIS/DSP/Source/SupportFunctions/arm_fill_f32.c ****     /* Fill the value in the destination buffer */
  94:.//Libraries/CMSIS/DSP/Source/SupportFunctions/arm_fill_f32.c ****     *pDst++ = value;
  95:.//Libraries/CMSIS/DSP/Source/SupportFunctions/arm_fill_f32.c **** 
  96:.//Libraries/CMSIS/DSP/Source/SupportFunctions/arm_fill_f32.c ****     /* Decrement the loop counter */
  97:.//Libraries/CMSIS/DSP/Source/SupportFunctions/arm_fill_f32.c ****     blkCnt--;
  98:.//Libraries/CMSIS/DSP/Source/SupportFunctions/arm_fill_f32.c ****   }
  99:.//Libraries/CMSIS/DSP/Source/SupportFunctions/arm_fill_f32.c **** }
 100:.//Libraries/CMSIS/DSP/Source/SupportFunctions/arm_fill_f32.c **** #else
 101:.//Libraries/CMSIS/DSP/Source/SupportFunctions/arm_fill_f32.c **** void arm_fill_f32(
 102:.//Libraries/CMSIS/DSP/Source/SupportFunctions/arm_fill_f32.c ****   float32_t value,
 103:.//Libraries/CMSIS/DSP/Source/SupportFunctions/arm_fill_f32.c ****   float32_t * pDst,
 104:.//Libraries/CMSIS/DSP/Source/SupportFunctions/arm_fill_f32.c ****   uint32_t blockSize)
 105:.//Libraries/CMSIS/DSP/Source/SupportFunctions/arm_fill_f32.c **** {
  30              		.loc 1 105 1 view -0
  31              		.cfi_startproc
  32              		@ args = 0, pretend = 0, frame = 0
  33              		@ frame_needed = 0, uses_anonymous_args = 0
  34              		@ link register save eliminated.
 106:.//Libraries/CMSIS/DSP/Source/SupportFunctions/arm_fill_f32.c ****   uint32_t blkCnt;                               /* Loop counter */
  35              		.loc 1 106 3 view .LVU1
 107:.//Libraries/CMSIS/DSP/Source/SupportFunctions/arm_fill_f32.c **** 
 108:.//Libraries/CMSIS/DSP/Source/SupportFunctions/arm_fill_f32.c **** #if defined (ARM_MATH_LOOPUNROLL)
 109:.//Libraries/CMSIS/DSP/Source/SupportFunctions/arm_fill_f32.c **** 
 110:.//Libraries/CMSIS/DSP/Source/SupportFunctions/arm_fill_f32.c ****   /* Loop unrolling: Compute 4 outputs at a time */
 111:.//Libraries/CMSIS/DSP/Source/SupportFunctions/arm_fill_f32.c ****   blkCnt = blockSize >> 2U;
 112:.//Libraries/CMSIS/DSP/Source/SupportFunctions/arm_fill_f32.c **** 
 113:.//Libraries/CMSIS/DSP/Source/SupportFunctions/arm_fill_f32.c ****   while (blkCnt > 0U)
 114:.//Libraries/CMSIS/DSP/Source/SupportFunctions/arm_fill_f32.c ****   {
 115:.//Libraries/CMSIS/DSP/Source/SupportFunctions/arm_fill_f32.c ****     /* C = value */
 116:.//Libraries/CMSIS/DSP/Source/SupportFunctions/arm_fill_f32.c **** 
 117:.//Libraries/CMSIS/DSP/Source/SupportFunctions/arm_fill_f32.c ****     /* Fill value in destination buffer */
 118:.//Libraries/CMSIS/DSP/Source/SupportFunctions/arm_fill_f32.c ****     *pDst++ = value;
 119:.//Libraries/CMSIS/DSP/Source/SupportFunctions/arm_fill_f32.c ****     *pDst++ = value;
 120:.//Libraries/CMSIS/DSP/Source/SupportFunctions/arm_fill_f32.c ****     *pDst++ = value;
 121:.//Libraries/CMSIS/DSP/Source/SupportFunctions/arm_fill_f32.c ****     *pDst++ = value;
 122:.//Libraries/CMSIS/DSP/Source/SupportFunctions/arm_fill_f32.c **** 
 123:.//Libraries/CMSIS/DSP/Source/SupportFunctions/arm_fill_f32.c ****     /* Decrement loop counter */
 124:.//Libraries/CMSIS/DSP/Source/SupportFunctions/arm_fill_f32.c ****     blkCnt--;
 125:.//Libraries/CMSIS/DSP/Source/SupportFunctions/arm_fill_f32.c ****   }
 126:.//Libraries/CMSIS/DSP/Source/SupportFunctions/arm_fill_f32.c **** 
 127:.//Libraries/CMSIS/DSP/Source/SupportFunctions/arm_fill_f32.c ****   /* Loop unrolling: Compute remaining outputs */
 128:.//Libraries/CMSIS/DSP/Source/SupportFunctions/arm_fill_f32.c ****   blkCnt = blockSize % 0x4U;
 129:.//Libraries/CMSIS/DSP/Source/SupportFunctions/arm_fill_f32.c **** 
 130:.//Libraries/CMSIS/DSP/Source/SupportFunctions/arm_fill_f32.c **** #else
 131:.//Libraries/CMSIS/DSP/Source/SupportFunctions/arm_fill_f32.c **** 
 132:.//Libraries/CMSIS/DSP/Source/SupportFunctions/arm_fill_f32.c ****   /* Initialize blkCnt with number of samples */
 133:.//Libraries/CMSIS/DSP/Source/SupportFunctions/arm_fill_f32.c ****   blkCnt = blockSize;
  36              		.loc 1 133 3 view .LVU2
 134:.//Libraries/CMSIS/DSP/Source/SupportFunctions/arm_fill_f32.c **** 
 135:.//Libraries/CMSIS/DSP/Source/SupportFunctions/arm_fill_f32.c **** #endif /* #if defined (ARM_MATH_LOOPUNROLL) */
 136:.//Libraries/CMSIS/DSP/Source/SupportFunctions/arm_fill_f32.c **** 
ARM GAS  /var/folders/wl/rshn8xbx1dsfj1zgryf4g1240000gn/T//cc9Axr1P.s 			page 4


 137:.//Libraries/CMSIS/DSP/Source/SupportFunctions/arm_fill_f32.c ****   while (blkCnt > 0U)
  37              		.loc 1 137 3 view .LVU3
  38              		.loc 1 137 9 view .LVU4
  39 0000 19B1     		cbz	r1, .L1
  40              	.LVL1:
  41              	.L3:
 138:.//Libraries/CMSIS/DSP/Source/SupportFunctions/arm_fill_f32.c ****   {
 139:.//Libraries/CMSIS/DSP/Source/SupportFunctions/arm_fill_f32.c ****     /* C = value */
 140:.//Libraries/CMSIS/DSP/Source/SupportFunctions/arm_fill_f32.c **** 
 141:.//Libraries/CMSIS/DSP/Source/SupportFunctions/arm_fill_f32.c ****     /* Fill value in destination buffer */
 142:.//Libraries/CMSIS/DSP/Source/SupportFunctions/arm_fill_f32.c ****     *pDst++ = value;
  42              		.loc 1 142 5 view .LVU5
 137:.//Libraries/CMSIS/DSP/Source/SupportFunctions/arm_fill_f32.c ****   {
  43              		.loc 1 137 9 is_stmt 0 view .LVU6
  44 0002 0139     		subs	r1, r1, #1
  45              	.LVL2:
  46              		.loc 1 142 13 view .LVU7
  47 0004 A0EC010A 		vstmia.32	r0!, {s0}
  48              	.LVL3:
 143:.//Libraries/CMSIS/DSP/Source/SupportFunctions/arm_fill_f32.c **** 
 144:.//Libraries/CMSIS/DSP/Source/SupportFunctions/arm_fill_f32.c ****     /* Decrement loop counter */
 145:.//Libraries/CMSIS/DSP/Source/SupportFunctions/arm_fill_f32.c ****     blkCnt--;
  49              		.loc 1 145 5 is_stmt 1 view .LVU8
 137:.//Libraries/CMSIS/DSP/Source/SupportFunctions/arm_fill_f32.c ****   {
  50              		.loc 1 137 9 view .LVU9
  51 0008 FBD1     		bne	.L3
  52              	.L1:
 146:.//Libraries/CMSIS/DSP/Source/SupportFunctions/arm_fill_f32.c ****   }
 147:.//Libraries/CMSIS/DSP/Source/SupportFunctions/arm_fill_f32.c **** }
  53              		.loc 1 147 1 is_stmt 0 view .LVU10
  54 000a 7047     		bx	lr
  55              		.cfi_endproc
  56              	.LFE145:
  58              		.text
  59              	.Letext0:
  60              		.file 2 "/opt/homebrew/Cellar/arm-none-eabi-gcc/9-2019-q4-major/gcc/arm-none-eabi/include/machine/
  61              		.file 3 "/opt/homebrew/Cellar/arm-none-eabi-gcc/9-2019-q4-major/gcc/arm-none-eabi/include/sys/_std
  62              		.file 4 "/opt/homebrew/Cellar/arm-none-eabi-gcc/9-2019-q4-major/gcc/arm-none-eabi/include/sys/lock
  63              		.file 5 "/opt/homebrew/Cellar/arm-none-eabi-gcc/9-2019-q4-major/gcc/arm-none-eabi/include/sys/_typ
  64              		.file 6 "/opt/homebrew/Cellar/arm-none-eabi-gcc/9-2019-q4-major/gcc/lib/gcc/arm-none-eabi/9.2.1/in
  65              		.file 7 "/opt/homebrew/Cellar/arm-none-eabi-gcc/9-2019-q4-major/gcc/arm-none-eabi/include/sys/reen
  66              		.file 8 "/opt/homebrew/Cellar/arm-none-eabi-gcc/9-2019-q4-major/gcc/arm-none-eabi/include/math.h"
  67              		.file 9 ".//Libraries/CMSIS/DSP/Include/arm_math.h"
ARM GAS  /var/folders/wl/rshn8xbx1dsfj1zgryf4g1240000gn/T//cc9Axr1P.s 			page 5


DEFINED SYMBOLS
                            *ABS*:0000000000000000 arm_fill_f32.c
/var/folders/wl/rshn8xbx1dsfj1zgryf4g1240000gn/T//cc9Axr1P.s:17     .text.arm_fill_f32:0000000000000000 $t
/var/folders/wl/rshn8xbx1dsfj1zgryf4g1240000gn/T//cc9Axr1P.s:26     .text.arm_fill_f32:0000000000000000 arm_fill_f32

NO UNDEFINED SYMBOLS
