ARM GAS  /tmp/ccPYdwEH.s 			page 1


   1              		.cpu cortex-m7
   2              		.eabi_attribute 28, 1
   3              		.eabi_attribute 20, 1
   4              		.eabi_attribute 21, 1
   5              		.eabi_attribute 23, 3
   6              		.eabi_attribute 24, 1
   7              		.eabi_attribute 25, 1
   8              		.eabi_attribute 26, 1
   9              		.eabi_attribute 30, 2
  10              		.eabi_attribute 34, 1
  11              		.eabi_attribute 18, 4
  12              		.file	"arm_sin_q15.c"
  13              		.text
  14              	.Ltext0:
  15              		.cfi_sections	.debug_frame
  16              		.section	.text.arm_sin_q15,"ax",%progbits
  17              		.align	1
  18              		.p2align 2,,3
  19              		.global	arm_sin_q15
  20              		.arch armv7e-m
  21              		.syntax unified
  22              		.thumb
  23              		.thumb_func
  24              		.fpu fpv5-d16
  26              	arm_sin_q15:
  27              	.LVL0:
  28              	.LFB145:
  29              		.file 1 "./Libraries/CMSIS/DSP/Source/FastMathFunctions/arm_sin_q15.c"
   1:./Libraries/CMSIS/DSP/Source/FastMathFunctions/arm_sin_q15.c **** /* ----------------------------------------------------------------------
   2:./Libraries/CMSIS/DSP/Source/FastMathFunctions/arm_sin_q15.c ****  * Project:      CMSIS DSP Library
   3:./Libraries/CMSIS/DSP/Source/FastMathFunctions/arm_sin_q15.c ****  * Title:        arm_sin_q15.c
   4:./Libraries/CMSIS/DSP/Source/FastMathFunctions/arm_sin_q15.c ****  * Description:  Fast sine calculation for Q15 values
   5:./Libraries/CMSIS/DSP/Source/FastMathFunctions/arm_sin_q15.c ****  *
   6:./Libraries/CMSIS/DSP/Source/FastMathFunctions/arm_sin_q15.c ****  * $Date:        18. March 2019
   7:./Libraries/CMSIS/DSP/Source/FastMathFunctions/arm_sin_q15.c ****  * $Revision:    V1.6.0
   8:./Libraries/CMSIS/DSP/Source/FastMathFunctions/arm_sin_q15.c ****  *
   9:./Libraries/CMSIS/DSP/Source/FastMathFunctions/arm_sin_q15.c ****  * Target Processor: Cortex-M cores
  10:./Libraries/CMSIS/DSP/Source/FastMathFunctions/arm_sin_q15.c ****  * -------------------------------------------------------------------- */
  11:./Libraries/CMSIS/DSP/Source/FastMathFunctions/arm_sin_q15.c **** /*
  12:./Libraries/CMSIS/DSP/Source/FastMathFunctions/arm_sin_q15.c ****  * Copyright (C) 2010-2019 ARM Limited or its affiliates. All rights reserved.
  13:./Libraries/CMSIS/DSP/Source/FastMathFunctions/arm_sin_q15.c ****  *
  14:./Libraries/CMSIS/DSP/Source/FastMathFunctions/arm_sin_q15.c ****  * SPDX-License-Identifier: Apache-2.0
  15:./Libraries/CMSIS/DSP/Source/FastMathFunctions/arm_sin_q15.c ****  *
  16:./Libraries/CMSIS/DSP/Source/FastMathFunctions/arm_sin_q15.c ****  * Licensed under the Apache License, Version 2.0 (the License); you may
  17:./Libraries/CMSIS/DSP/Source/FastMathFunctions/arm_sin_q15.c ****  * not use this file except in compliance with the License.
  18:./Libraries/CMSIS/DSP/Source/FastMathFunctions/arm_sin_q15.c ****  * You may obtain a copy of the License at
  19:./Libraries/CMSIS/DSP/Source/FastMathFunctions/arm_sin_q15.c ****  *
  20:./Libraries/CMSIS/DSP/Source/FastMathFunctions/arm_sin_q15.c ****  * www.apache.org/licenses/LICENSE-2.0
  21:./Libraries/CMSIS/DSP/Source/FastMathFunctions/arm_sin_q15.c ****  *
  22:./Libraries/CMSIS/DSP/Source/FastMathFunctions/arm_sin_q15.c ****  * Unless required by applicable law or agreed to in writing, software
  23:./Libraries/CMSIS/DSP/Source/FastMathFunctions/arm_sin_q15.c ****  * distributed under the License is distributed on an AS IS BASIS, WITHOUT
  24:./Libraries/CMSIS/DSP/Source/FastMathFunctions/arm_sin_q15.c ****  * WARRANTIES OR CONDITIONS OF ANY KIND, either express or implied.
  25:./Libraries/CMSIS/DSP/Source/FastMathFunctions/arm_sin_q15.c ****  * See the License for the specific language governing permissions and
  26:./Libraries/CMSIS/DSP/Source/FastMathFunctions/arm_sin_q15.c ****  * limitations under the License.
  27:./Libraries/CMSIS/DSP/Source/FastMathFunctions/arm_sin_q15.c ****  */
  28:./Libraries/CMSIS/DSP/Source/FastMathFunctions/arm_sin_q15.c **** 
  29:./Libraries/CMSIS/DSP/Source/FastMathFunctions/arm_sin_q15.c **** #include "arm_math.h"
ARM GAS  /tmp/ccPYdwEH.s 			page 2


  30:./Libraries/CMSIS/DSP/Source/FastMathFunctions/arm_sin_q15.c **** #include "arm_common_tables.h"
  31:./Libraries/CMSIS/DSP/Source/FastMathFunctions/arm_sin_q15.c **** 
  32:./Libraries/CMSIS/DSP/Source/FastMathFunctions/arm_sin_q15.c **** /**
  33:./Libraries/CMSIS/DSP/Source/FastMathFunctions/arm_sin_q15.c ****   @ingroup groupFastMath
  34:./Libraries/CMSIS/DSP/Source/FastMathFunctions/arm_sin_q15.c ****  */
  35:./Libraries/CMSIS/DSP/Source/FastMathFunctions/arm_sin_q15.c **** 
  36:./Libraries/CMSIS/DSP/Source/FastMathFunctions/arm_sin_q15.c **** /**
  37:./Libraries/CMSIS/DSP/Source/FastMathFunctions/arm_sin_q15.c ****   @addtogroup sin
  38:./Libraries/CMSIS/DSP/Source/FastMathFunctions/arm_sin_q15.c ****   @{
  39:./Libraries/CMSIS/DSP/Source/FastMathFunctions/arm_sin_q15.c ****  */
  40:./Libraries/CMSIS/DSP/Source/FastMathFunctions/arm_sin_q15.c **** 
  41:./Libraries/CMSIS/DSP/Source/FastMathFunctions/arm_sin_q15.c **** /**
  42:./Libraries/CMSIS/DSP/Source/FastMathFunctions/arm_sin_q15.c ****   @brief         Fast approximation to the trigonometric sine function for Q15 data.
  43:./Libraries/CMSIS/DSP/Source/FastMathFunctions/arm_sin_q15.c ****   @param[in]     x  Scaled input value in radians
  44:./Libraries/CMSIS/DSP/Source/FastMathFunctions/arm_sin_q15.c ****   @return        sin(x)
  45:./Libraries/CMSIS/DSP/Source/FastMathFunctions/arm_sin_q15.c **** 
  46:./Libraries/CMSIS/DSP/Source/FastMathFunctions/arm_sin_q15.c ****   The Q15 input value is in the range [0 +0.9999] and is mapped to a radian value in the range [0 2
  47:./Libraries/CMSIS/DSP/Source/FastMathFunctions/arm_sin_q15.c ****  */
  48:./Libraries/CMSIS/DSP/Source/FastMathFunctions/arm_sin_q15.c **** 
  49:./Libraries/CMSIS/DSP/Source/FastMathFunctions/arm_sin_q15.c **** q15_t arm_sin_q15(
  50:./Libraries/CMSIS/DSP/Source/FastMathFunctions/arm_sin_q15.c ****   q15_t x)
  51:./Libraries/CMSIS/DSP/Source/FastMathFunctions/arm_sin_q15.c **** {
  30              		.loc 1 51 1 view -0
  31              		.cfi_startproc
  32              		@ args = 0, pretend = 0, frame = 0
  33              		@ frame_needed = 0, uses_anonymous_args = 0
  34              		@ link register save eliminated.
  52:./Libraries/CMSIS/DSP/Source/FastMathFunctions/arm_sin_q15.c ****   q15_t sinVal;                                  /* Temporary input, output variables */
  35              		.loc 1 52 3 view .LVU1
  53:./Libraries/CMSIS/DSP/Source/FastMathFunctions/arm_sin_q15.c ****   int32_t index;                                 /* Index variable */
  36              		.loc 1 53 3 view .LVU2
  54:./Libraries/CMSIS/DSP/Source/FastMathFunctions/arm_sin_q15.c ****   q15_t a, b;                                    /* Two nearest output values */
  37              		.loc 1 54 3 view .LVU3
  55:./Libraries/CMSIS/DSP/Source/FastMathFunctions/arm_sin_q15.c ****   q15_t fract;                                   /* Temporary values for fractional values */
  38              		.loc 1 55 3 view .LVU4
  56:./Libraries/CMSIS/DSP/Source/FastMathFunctions/arm_sin_q15.c **** 
  57:./Libraries/CMSIS/DSP/Source/FastMathFunctions/arm_sin_q15.c ****   /* Calculate the nearest index */
  58:./Libraries/CMSIS/DSP/Source/FastMathFunctions/arm_sin_q15.c ****   index = (uint32_t)x >> FAST_MATH_Q15_SHIFT;
  39              		.loc 1 58 3 view .LVU5
  59:./Libraries/CMSIS/DSP/Source/FastMathFunctions/arm_sin_q15.c **** 
  60:./Libraries/CMSIS/DSP/Source/FastMathFunctions/arm_sin_q15.c ****   /* Calculation of fractional value */
  61:./Libraries/CMSIS/DSP/Source/FastMathFunctions/arm_sin_q15.c ****   fract = (x - (index << FAST_MATH_Q15_SHIFT)) << 9;
  40              		.loc 1 61 14 is_stmt 0 view .LVU6
  41 0000 00F03F03 		and	r3, r0, #63
  58:./Libraries/CMSIS/DSP/Source/FastMathFunctions/arm_sin_q15.c **** 
  42              		.loc 1 58 23 view .LVU7
  43 0004 8009     		lsrs	r0, r0, #6
  44              	.LVL1:
  45              		.loc 1 61 3 is_stmt 1 view .LVU8
  62:./Libraries/CMSIS/DSP/Source/FastMathFunctions/arm_sin_q15.c **** 
  63:./Libraries/CMSIS/DSP/Source/FastMathFunctions/arm_sin_q15.c ****   /* Read two nearest values of input value from the sin table */
  64:./Libraries/CMSIS/DSP/Source/FastMathFunctions/arm_sin_q15.c ****   a = sinTable_q15[index];
  65:./Libraries/CMSIS/DSP/Source/FastMathFunctions/arm_sin_q15.c ****   b = sinTable_q15[index+1];
  66:./Libraries/CMSIS/DSP/Source/FastMathFunctions/arm_sin_q15.c **** 
  67:./Libraries/CMSIS/DSP/Source/FastMathFunctions/arm_sin_q15.c ****   /* Linear interpolation process */
  68:./Libraries/CMSIS/DSP/Source/FastMathFunctions/arm_sin_q15.c ****   sinVal = (q31_t) (0x8000 - fract) * a >> 16;
  69:./Libraries/CMSIS/DSP/Source/FastMathFunctions/arm_sin_q15.c ****   sinVal = (q15_t) ((((q31_t) sinVal << 16) + ((q31_t) fract * b)) >> 16);
ARM GAS  /tmp/ccPYdwEH.s 			page 3


  46              		.loc 1 69 38 is_stmt 0 view .LVU9
  47 0006 0B4A     		ldr	r2, .L4
  61:./Libraries/CMSIS/DSP/Source/FastMathFunctions/arm_sin_q15.c **** 
  48              		.loc 1 61 9 view .LVU10
  49 0008 5B02     		lsls	r3, r3, #9
  50              	.LVL2:
  64:./Libraries/CMSIS/DSP/Source/FastMathFunctions/arm_sin_q15.c ****   b = sinTable_q15[index+1];
  51              		.loc 1 64 3 is_stmt 1 view .LVU11
  65:./Libraries/CMSIS/DSP/Source/FastMathFunctions/arm_sin_q15.c **** 
  52              		.loc 1 65 3 view .LVU12
  68:./Libraries/CMSIS/DSP/Source/FastMathFunctions/arm_sin_q15.c ****   sinVal = (q15_t) ((((q31_t) sinVal << 16) + ((q31_t) fract * b)) >> 16);
  53              		.loc 1 68 3 view .LVU13
  54              		.loc 1 69 3 view .LVU14
  70:./Libraries/CMSIS/DSP/Source/FastMathFunctions/arm_sin_q15.c **** 
  71:./Libraries/CMSIS/DSP/Source/FastMathFunctions/arm_sin_q15.c ****   /* Return output value */
  72:./Libraries/CMSIS/DSP/Source/FastMathFunctions/arm_sin_q15.c ****   return (sinVal << 1);
  55              		.loc 1 72 3 view .LVU15
  51:./Libraries/CMSIS/DSP/Source/FastMathFunctions/arm_sin_q15.c ****   q15_t sinVal;                                  /* Temporary input, output variables */
  56              		.loc 1 51 1 is_stmt 0 view .LVU16
  57 000a 30B4     		push	{r4, r5}
  58              	.LCFI0:
  59              		.cfi_def_cfa_offset 8
  60              		.cfi_offset 4, -8
  61              		.cfi_offset 5, -4
  65:./Libraries/CMSIS/DSP/Source/FastMathFunctions/arm_sin_q15.c **** 
  62              		.loc 1 65 5 view .LVU17
  63 000c 0A4C     		ldr	r4, .L4+4
  68:./Libraries/CMSIS/DSP/Source/FastMathFunctions/arm_sin_q15.c ****   sinVal = (q15_t) ((((q31_t) sinVal << 16) + ((q31_t) fract * b)) >> 16);
  64              		.loc 1 68 28 view .LVU18
  65 000e C3F50045 		rsb	r5, r3, #32768
  68:./Libraries/CMSIS/DSP/Source/FastMathFunctions/arm_sin_q15.c ****   sinVal = (q15_t) ((((q31_t) sinVal << 16) + ((q31_t) fract * b)) >> 16);
  66              		.loc 1 68 37 view .LVU19
  67 0012 34F91010 		ldrsh	r1, [r4, r0, lsl #1]
  65:./Libraries/CMSIS/DSP/Source/FastMathFunctions/arm_sin_q15.c **** 
  68              		.loc 1 65 5 view .LVU20
  69 0016 0130     		adds	r0, r0, #1
  70              	.LVL3:
  68:./Libraries/CMSIS/DSP/Source/FastMathFunctions/arm_sin_q15.c ****   sinVal = (q15_t) ((((q31_t) sinVal << 16) + ((q31_t) fract * b)) >> 16);
  71              		.loc 1 68 37 view .LVU21
  72 0018 01FB05F1 		mul	r1, r1, r5
  69:./Libraries/CMSIS/DSP/Source/FastMathFunctions/arm_sin_q15.c **** 
  73              		.loc 1 69 45 view .LVU22
  74 001c 34F81000 		ldrh	r0, [r4, r0, lsl #1]
  75              	.LVL4:
  69:./Libraries/CMSIS/DSP/Source/FastMathFunctions/arm_sin_q15.c **** 
  76              		.loc 1 69 38 view .LVU23
  77 0020 0A40     		ands	r2, r2, r1
  69:./Libraries/CMSIS/DSP/Source/FastMathFunctions/arm_sin_q15.c **** 
  78              		.loc 1 69 45 view .LVU24
  79 0022 13FB0020 		smlabb	r0, r3, r0, r2
  80              		.loc 1 72 18 view .LVU25
  81 0026 40F3CF30 		sbfx	r0, r0, #15, #16
  73:./Libraries/CMSIS/DSP/Source/FastMathFunctions/arm_sin_q15.c **** }
  82              		.loc 1 73 1 view .LVU26
  83 002a 30BC     		pop	{r4, r5}
  84              	.LCFI1:
  85              		.cfi_restore 5
ARM GAS  /tmp/ccPYdwEH.s 			page 4


  86              		.cfi_restore 4
  87              		.cfi_def_cfa_offset 0
  88 002c 20F00100 		bic	r0, r0, #1
  89 0030 7047     		bx	lr
  90              	.L5:
  91 0032 00BF     		.align	2
  92              	.L4:
  93 0034 0000FFFF 		.word	-65536
  94 0038 00000000 		.word	sinTable_q15
  95              		.cfi_endproc
  96              	.LFE145:
  98              		.text
  99              	.Letext0:
 100              		.file 2 "/usr/lib/gcc/arm-none-eabi/9.2.1/include/stdint.h"
 101              		.file 3 "/usr/lib/gcc/arm-none-eabi/9.2.1/include/stddef.h"
 102              		.file 4 "/usr/include/newlib/sys/_types.h"
 103              		.file 5 "/usr/include/newlib/sys/reent.h"
 104              		.file 6 "/usr/include/newlib/sys/lock.h"
 105              		.file 7 "/usr/include/newlib/math.h"
 106              		.file 8 "./Libraries/CMSIS/DSP/Include/arm_math.h"
 107              		.file 9 "./Libraries/CMSIS/DSP/Include/arm_common_tables.h"
ARM GAS  /tmp/ccPYdwEH.s 			page 5


DEFINED SYMBOLS
                            *ABS*:0000000000000000 arm_sin_q15.c
     /tmp/ccPYdwEH.s:17     .text.arm_sin_q15:0000000000000000 $t
     /tmp/ccPYdwEH.s:26     .text.arm_sin_q15:0000000000000000 arm_sin_q15
     /tmp/ccPYdwEH.s:93     .text.arm_sin_q15:0000000000000034 $d

UNDEFINED SYMBOLS
sinTable_q15
