ARM GAS  /tmp/ccJ9E1Ot.s 			page 1


   1              		.cpu cortex-m7
   2              		.eabi_attribute 28, 1
   3              		.eabi_attribute 20, 1
   4              		.eabi_attribute 21, 1
   5              		.eabi_attribute 23, 3
   6              		.eabi_attribute 24, 1
   7              		.eabi_attribute 25, 1
   8              		.eabi_attribute 26, 1
   9              		.eabi_attribute 30, 2
  10              		.eabi_attribute 34, 1
  11              		.eabi_attribute 18, 4
  12              		.file	"arm_correlate_opt_q15.c"
  13              		.text
  14              	.Ltext0:
  15              		.cfi_sections	.debug_frame
  16              		.section	.text.arm_correlate_opt_q15,"ax",%progbits
  17              		.align	1
  18              		.p2align 2,,3
  19              		.global	arm_correlate_opt_q15
  20              		.arch armv7e-m
  21              		.syntax unified
  22              		.thumb
  23              		.thumb_func
  24              		.fpu fpv5-d16
  26              	arm_correlate_opt_q15:
  27              	.LVL0:
  28              	.LFB145:
  29              		.file 1 "./Libraries/CMSIS/DSP/Source/FilteringFunctions/arm_correlate_opt_q15.c"
   1:./Libraries/CMSIS/DSP/Source/FilteringFunctions/arm_correlate_opt_q15.c **** /* ----------------------------------------------------------------------
   2:./Libraries/CMSIS/DSP/Source/FilteringFunctions/arm_correlate_opt_q15.c ****  * Project:      CMSIS DSP Library
   3:./Libraries/CMSIS/DSP/Source/FilteringFunctions/arm_correlate_opt_q15.c ****  * Title:        arm_correlate_opt_q15.c
   4:./Libraries/CMSIS/DSP/Source/FilteringFunctions/arm_correlate_opt_q15.c ****  * Description:  Correlation of Q15 sequences
   5:./Libraries/CMSIS/DSP/Source/FilteringFunctions/arm_correlate_opt_q15.c ****  *
   6:./Libraries/CMSIS/DSP/Source/FilteringFunctions/arm_correlate_opt_q15.c ****  * $Date:        18. March 2019
   7:./Libraries/CMSIS/DSP/Source/FilteringFunctions/arm_correlate_opt_q15.c ****  * $Revision:    V1.6.0
   8:./Libraries/CMSIS/DSP/Source/FilteringFunctions/arm_correlate_opt_q15.c ****  *
   9:./Libraries/CMSIS/DSP/Source/FilteringFunctions/arm_correlate_opt_q15.c ****  * Target Processor: Cortex-M cores
  10:./Libraries/CMSIS/DSP/Source/FilteringFunctions/arm_correlate_opt_q15.c ****  * -------------------------------------------------------------------- */
  11:./Libraries/CMSIS/DSP/Source/FilteringFunctions/arm_correlate_opt_q15.c **** /*
  12:./Libraries/CMSIS/DSP/Source/FilteringFunctions/arm_correlate_opt_q15.c ****  * Copyright (C) 2010-2019 ARM Limited or its affiliates. All rights reserved.
  13:./Libraries/CMSIS/DSP/Source/FilteringFunctions/arm_correlate_opt_q15.c ****  *
  14:./Libraries/CMSIS/DSP/Source/FilteringFunctions/arm_correlate_opt_q15.c ****  * SPDX-License-Identifier: Apache-2.0
  15:./Libraries/CMSIS/DSP/Source/FilteringFunctions/arm_correlate_opt_q15.c ****  *
  16:./Libraries/CMSIS/DSP/Source/FilteringFunctions/arm_correlate_opt_q15.c ****  * Licensed under the Apache License, Version 2.0 (the License); you may
  17:./Libraries/CMSIS/DSP/Source/FilteringFunctions/arm_correlate_opt_q15.c ****  * not use this file except in compliance with the License.
  18:./Libraries/CMSIS/DSP/Source/FilteringFunctions/arm_correlate_opt_q15.c ****  * You may obtain a copy of the License at
  19:./Libraries/CMSIS/DSP/Source/FilteringFunctions/arm_correlate_opt_q15.c ****  *
  20:./Libraries/CMSIS/DSP/Source/FilteringFunctions/arm_correlate_opt_q15.c ****  * www.apache.org/licenses/LICENSE-2.0
  21:./Libraries/CMSIS/DSP/Source/FilteringFunctions/arm_correlate_opt_q15.c ****  *
  22:./Libraries/CMSIS/DSP/Source/FilteringFunctions/arm_correlate_opt_q15.c ****  * Unless required by applicable law or agreed to in writing, software
  23:./Libraries/CMSIS/DSP/Source/FilteringFunctions/arm_correlate_opt_q15.c ****  * distributed under the License is distributed on an AS IS BASIS, WITHOUT
  24:./Libraries/CMSIS/DSP/Source/FilteringFunctions/arm_correlate_opt_q15.c ****  * WARRANTIES OR CONDITIONS OF ANY KIND, either express or implied.
  25:./Libraries/CMSIS/DSP/Source/FilteringFunctions/arm_correlate_opt_q15.c ****  * See the License for the specific language governing permissions and
  26:./Libraries/CMSIS/DSP/Source/FilteringFunctions/arm_correlate_opt_q15.c ****  * limitations under the License.
  27:./Libraries/CMSIS/DSP/Source/FilteringFunctions/arm_correlate_opt_q15.c ****  */
  28:./Libraries/CMSIS/DSP/Source/FilteringFunctions/arm_correlate_opt_q15.c **** 
  29:./Libraries/CMSIS/DSP/Source/FilteringFunctions/arm_correlate_opt_q15.c **** #include "arm_math.h"
ARM GAS  /tmp/ccJ9E1Ot.s 			page 2


  30:./Libraries/CMSIS/DSP/Source/FilteringFunctions/arm_correlate_opt_q15.c **** 
  31:./Libraries/CMSIS/DSP/Source/FilteringFunctions/arm_correlate_opt_q15.c **** /**
  32:./Libraries/CMSIS/DSP/Source/FilteringFunctions/arm_correlate_opt_q15.c ****   @ingroup groupFilters
  33:./Libraries/CMSIS/DSP/Source/FilteringFunctions/arm_correlate_opt_q15.c ****  */
  34:./Libraries/CMSIS/DSP/Source/FilteringFunctions/arm_correlate_opt_q15.c **** 
  35:./Libraries/CMSIS/DSP/Source/FilteringFunctions/arm_correlate_opt_q15.c **** /**
  36:./Libraries/CMSIS/DSP/Source/FilteringFunctions/arm_correlate_opt_q15.c ****   @addtogroup Corr
  37:./Libraries/CMSIS/DSP/Source/FilteringFunctions/arm_correlate_opt_q15.c ****   @{
  38:./Libraries/CMSIS/DSP/Source/FilteringFunctions/arm_correlate_opt_q15.c ****  */
  39:./Libraries/CMSIS/DSP/Source/FilteringFunctions/arm_correlate_opt_q15.c **** 
  40:./Libraries/CMSIS/DSP/Source/FilteringFunctions/arm_correlate_opt_q15.c **** /**
  41:./Libraries/CMSIS/DSP/Source/FilteringFunctions/arm_correlate_opt_q15.c ****   @brief         Correlation of Q15 sequences.
  42:./Libraries/CMSIS/DSP/Source/FilteringFunctions/arm_correlate_opt_q15.c ****   @param[in]     pSrcA      points to the first input sequence
  43:./Libraries/CMSIS/DSP/Source/FilteringFunctions/arm_correlate_opt_q15.c ****   @param[in]     srcALen    length of the first input sequence
  44:./Libraries/CMSIS/DSP/Source/FilteringFunctions/arm_correlate_opt_q15.c ****   @param[in]     pSrcB      points to the second input sequence
  45:./Libraries/CMSIS/DSP/Source/FilteringFunctions/arm_correlate_opt_q15.c ****   @param[in]     srcBLen    length of the second input sequence
  46:./Libraries/CMSIS/DSP/Source/FilteringFunctions/arm_correlate_opt_q15.c ****   @param[out]    pDst       points to the location where the output result is written.  Length 2 * 
  47:./Libraries/CMSIS/DSP/Source/FilteringFunctions/arm_correlate_opt_q15.c ****   @param[in]     pScratch   points to scratch buffer of size max(srcALen, srcBLen) + 2*min(srcALen,
  48:./Libraries/CMSIS/DSP/Source/FilteringFunctions/arm_correlate_opt_q15.c ****   @return        none
  49:./Libraries/CMSIS/DSP/Source/FilteringFunctions/arm_correlate_opt_q15.c **** 
  50:./Libraries/CMSIS/DSP/Source/FilteringFunctions/arm_correlate_opt_q15.c ****   @par           Scaling and Overflow Behavior
  51:./Libraries/CMSIS/DSP/Source/FilteringFunctions/arm_correlate_opt_q15.c ****                    The function is implemented using a 64-bit internal accumulator.
  52:./Libraries/CMSIS/DSP/Source/FilteringFunctions/arm_correlate_opt_q15.c ****                    Both inputs are in 1.15 format and multiplications yield a 2.30 result.
  53:./Libraries/CMSIS/DSP/Source/FilteringFunctions/arm_correlate_opt_q15.c ****                    The 2.30 intermediate results are accumulated in a 64-bit accumulator in 34.30 f
  54:./Libraries/CMSIS/DSP/Source/FilteringFunctions/arm_correlate_opt_q15.c ****                    This approach provides 33 guard bits and there is no risk of overflow.
  55:./Libraries/CMSIS/DSP/Source/FilteringFunctions/arm_correlate_opt_q15.c ****                    The 34.30 result is then truncated to 34.15 format by discarding the low 15 bits
  56:./Libraries/CMSIS/DSP/Source/FilteringFunctions/arm_correlate_opt_q15.c **** 
  57:./Libraries/CMSIS/DSP/Source/FilteringFunctions/arm_correlate_opt_q15.c ****  @remark
  58:./Libraries/CMSIS/DSP/Source/FilteringFunctions/arm_correlate_opt_q15.c ****                    Refer to \ref arm_correlate_fast_q15() for a faster but less precise version of 
  59:./Libraries/CMSIS/DSP/Source/FilteringFunctions/arm_correlate_opt_q15.c ****  */
  60:./Libraries/CMSIS/DSP/Source/FilteringFunctions/arm_correlate_opt_q15.c **** 
  61:./Libraries/CMSIS/DSP/Source/FilteringFunctions/arm_correlate_opt_q15.c **** void arm_correlate_opt_q15(
  62:./Libraries/CMSIS/DSP/Source/FilteringFunctions/arm_correlate_opt_q15.c ****   const q15_t * pSrcA,
  63:./Libraries/CMSIS/DSP/Source/FilteringFunctions/arm_correlate_opt_q15.c ****         uint32_t srcALen,
  64:./Libraries/CMSIS/DSP/Source/FilteringFunctions/arm_correlate_opt_q15.c ****   const q15_t * pSrcB,
  65:./Libraries/CMSIS/DSP/Source/FilteringFunctions/arm_correlate_opt_q15.c ****         uint32_t srcBLen,
  66:./Libraries/CMSIS/DSP/Source/FilteringFunctions/arm_correlate_opt_q15.c ****         q15_t * pDst,
  67:./Libraries/CMSIS/DSP/Source/FilteringFunctions/arm_correlate_opt_q15.c ****         q15_t * pScratch)
  68:./Libraries/CMSIS/DSP/Source/FilteringFunctions/arm_correlate_opt_q15.c **** {
  30              		.loc 1 68 1 view -0
  31              		.cfi_startproc
  32              		@ args = 8, pretend = 0, frame = 16
  33              		@ frame_needed = 0, uses_anonymous_args = 0
  34              		.loc 1 68 1 is_stmt 0 view .LVU1
  35 0000 2DE9F04F 		push	{r4, r5, r6, r7, r8, r9, r10, fp, lr}
  36              	.LCFI0:
  37              		.cfi_def_cfa_offset 36
  38              		.cfi_offset 4, -36
  39              		.cfi_offset 5, -32
  40              		.cfi_offset 6, -28
  41              		.cfi_offset 7, -24
  42              		.cfi_offset 8, -20
  43              		.cfi_offset 9, -16
  44              		.cfi_offset 10, -12
  45              		.cfi_offset 11, -8
  46              		.cfi_offset 14, -4
  69:./Libraries/CMSIS/DSP/Source/FilteringFunctions/arm_correlate_opt_q15.c ****         q63_t acc0;                                    /* Accumulators */
ARM GAS  /tmp/ccJ9E1Ot.s 			page 3


  70:./Libraries/CMSIS/DSP/Source/FilteringFunctions/arm_correlate_opt_q15.c ****         q15_t *pOut = pDst;                            /* Output pointer */
  71:./Libraries/CMSIS/DSP/Source/FilteringFunctions/arm_correlate_opt_q15.c ****         q15_t *pScr1;                                  /* Temporary pointer for scratch1 */
  72:./Libraries/CMSIS/DSP/Source/FilteringFunctions/arm_correlate_opt_q15.c ****   const q15_t *pIn1;                                   /* InputA pointer */
  73:./Libraries/CMSIS/DSP/Source/FilteringFunctions/arm_correlate_opt_q15.c ****   const q15_t *pIn2;                                   /* InputB pointer */
  74:./Libraries/CMSIS/DSP/Source/FilteringFunctions/arm_correlate_opt_q15.c ****   const q15_t *py;                                     /* Intermediate inputB pointer */
  75:./Libraries/CMSIS/DSP/Source/FilteringFunctions/arm_correlate_opt_q15.c ****         uint32_t j, blkCnt, outBlockSize;              /* Loop counter */
  76:./Libraries/CMSIS/DSP/Source/FilteringFunctions/arm_correlate_opt_q15.c ****         int32_t inc = 1;                               /* Output pointer increment */
  77:./Libraries/CMSIS/DSP/Source/FilteringFunctions/arm_correlate_opt_q15.c ****         uint32_t tapCnt;
  78:./Libraries/CMSIS/DSP/Source/FilteringFunctions/arm_correlate_opt_q15.c **** 
  79:./Libraries/CMSIS/DSP/Source/FilteringFunctions/arm_correlate_opt_q15.c **** #if defined (ARM_MATH_LOOPUNROLL)
  80:./Libraries/CMSIS/DSP/Source/FilteringFunctions/arm_correlate_opt_q15.c ****         q63_t acc1, acc2, acc3;                        /* Accumulators */
  81:./Libraries/CMSIS/DSP/Source/FilteringFunctions/arm_correlate_opt_q15.c ****         q31_t x1, x2, x3;                              /* Temporary variables for holding input1 an
  82:./Libraries/CMSIS/DSP/Source/FilteringFunctions/arm_correlate_opt_q15.c ****         q31_t y1, y2;                                  /* State variables */
  83:./Libraries/CMSIS/DSP/Source/FilteringFunctions/arm_correlate_opt_q15.c **** #endif
  84:./Libraries/CMSIS/DSP/Source/FilteringFunctions/arm_correlate_opt_q15.c **** 
  85:./Libraries/CMSIS/DSP/Source/FilteringFunctions/arm_correlate_opt_q15.c ****   /* The algorithm implementation is based on the lengths of the inputs. */
  86:./Libraries/CMSIS/DSP/Source/FilteringFunctions/arm_correlate_opt_q15.c ****   /* srcB is always made to slide across srcA. */
  87:./Libraries/CMSIS/DSP/Source/FilteringFunctions/arm_correlate_opt_q15.c ****   /* So srcBLen is always considered as shorter or equal to srcALen */
  88:./Libraries/CMSIS/DSP/Source/FilteringFunctions/arm_correlate_opt_q15.c ****   /* But CORR(x, y) is reverse of CORR(y, x) */
  89:./Libraries/CMSIS/DSP/Source/FilteringFunctions/arm_correlate_opt_q15.c ****   /* So, when srcBLen > srcALen, output pointer is made to point to the end of the output buffer */
  90:./Libraries/CMSIS/DSP/Source/FilteringFunctions/arm_correlate_opt_q15.c ****   /* and the destination pointer modifier, inc is set to -1 */
  91:./Libraries/CMSIS/DSP/Source/FilteringFunctions/arm_correlate_opt_q15.c ****   /* If srcALen > srcBLen, zero pad has to be done to srcB to make the two inputs of same length */
  92:./Libraries/CMSIS/DSP/Source/FilteringFunctions/arm_correlate_opt_q15.c ****   /* But to improve the performance,
  93:./Libraries/CMSIS/DSP/Source/FilteringFunctions/arm_correlate_opt_q15.c ****    * we include zeroes in the output instead of zero padding either of the the inputs*/
  94:./Libraries/CMSIS/DSP/Source/FilteringFunctions/arm_correlate_opt_q15.c ****   /* If srcALen > srcBLen,
  95:./Libraries/CMSIS/DSP/Source/FilteringFunctions/arm_correlate_opt_q15.c ****    * (srcALen - srcBLen) zeroes has to included in the starting of the output buffer */
  96:./Libraries/CMSIS/DSP/Source/FilteringFunctions/arm_correlate_opt_q15.c ****   /* If srcALen < srcBLen,
  97:./Libraries/CMSIS/DSP/Source/FilteringFunctions/arm_correlate_opt_q15.c ****    * (srcALen - srcBLen) zeroes has to included in the ending of the output buffer */
  98:./Libraries/CMSIS/DSP/Source/FilteringFunctions/arm_correlate_opt_q15.c ****   if (srcALen >= srcBLen)
  47              		.loc 1 98 6 view .LVU2
  48 0004 9942     		cmp	r1, r3
  68:./Libraries/CMSIS/DSP/Source/FilteringFunctions/arm_correlate_opt_q15.c ****         q63_t acc0;                                    /* Accumulators */
  49              		.loc 1 68 1 view .LVU3
  50 0006 85B0     		sub	sp, sp, #20
  51              	.LCFI1:
  52              		.cfi_def_cfa_offset 56
  68:./Libraries/CMSIS/DSP/Source/FilteringFunctions/arm_correlate_opt_q15.c ****         q63_t acc0;                                    /* Accumulators */
  53              		.loc 1 68 1 view .LVU4
  54 0008 0C46     		mov	r4, r1
  55 000a 9A46     		mov	r10, r3
  56 000c 8146     		mov	r9, r0
  57 000e 1646     		mov	r6, r2
  69:./Libraries/CMSIS/DSP/Source/FilteringFunctions/arm_correlate_opt_q15.c ****         q63_t acc0;                                    /* Accumulators */
  58              		.loc 1 69 9 is_stmt 1 view .LVU5
  70:./Libraries/CMSIS/DSP/Source/FilteringFunctions/arm_correlate_opt_q15.c ****         q15_t *pScr1;                                  /* Temporary pointer for scratch1 */
  59              		.loc 1 70 9 view .LVU6
  60              	.LVL1:
  71:./Libraries/CMSIS/DSP/Source/FilteringFunctions/arm_correlate_opt_q15.c ****   const q15_t *pIn1;                                   /* InputA pointer */
  61              		.loc 1 71 9 view .LVU7
  72:./Libraries/CMSIS/DSP/Source/FilteringFunctions/arm_correlate_opt_q15.c ****   const q15_t *pIn2;                                   /* InputB pointer */
  62              		.loc 1 72 3 view .LVU8
  73:./Libraries/CMSIS/DSP/Source/FilteringFunctions/arm_correlate_opt_q15.c ****   const q15_t *py;                                     /* Intermediate inputB pointer */
  63              		.loc 1 73 3 view .LVU9
  74:./Libraries/CMSIS/DSP/Source/FilteringFunctions/arm_correlate_opt_q15.c ****         uint32_t j, blkCnt, outBlockSize;              /* Loop counter */
  64              		.loc 1 74 3 view .LVU10
  75:./Libraries/CMSIS/DSP/Source/FilteringFunctions/arm_correlate_opt_q15.c ****         int32_t inc = 1;                               /* Output pointer increment */
  65              		.loc 1 75 9 view .LVU11
ARM GAS  /tmp/ccJ9E1Ot.s 			page 4


  76:./Libraries/CMSIS/DSP/Source/FilteringFunctions/arm_correlate_opt_q15.c ****         uint32_t tapCnt;
  66              		.loc 1 76 9 view .LVU12
  77:./Libraries/CMSIS/DSP/Source/FilteringFunctions/arm_correlate_opt_q15.c **** 
  67              		.loc 1 77 9 view .LVU13
  68              		.loc 1 98 3 view .LVU14
  68:./Libraries/CMSIS/DSP/Source/FilteringFunctions/arm_correlate_opt_q15.c ****         q63_t acc0;                                    /* Accumulators */
  69              		.loc 1 68 1 is_stmt 0 view .LVU15
  70 0010 0F9D     		ldr	r5, [sp, #60]
  71              		.loc 1 98 6 view .LVU16
  72 0012 69D3     		bcc	.L2
  99:./Libraries/CMSIS/DSP/Source/FilteringFunctions/arm_correlate_opt_q15.c ****   {
 100:./Libraries/CMSIS/DSP/Source/FilteringFunctions/arm_correlate_opt_q15.c ****     /* Initialization of inputA pointer */
 101:./Libraries/CMSIS/DSP/Source/FilteringFunctions/arm_correlate_opt_q15.c ****     pIn1 = pSrcA;
  73              		.loc 1 101 5 is_stmt 1 view .LVU17
  74              	.LVL2:
 102:./Libraries/CMSIS/DSP/Source/FilteringFunctions/arm_correlate_opt_q15.c **** 
 103:./Libraries/CMSIS/DSP/Source/FilteringFunctions/arm_correlate_opt_q15.c ****     /* Initialization of inputB pointer */
 104:./Libraries/CMSIS/DSP/Source/FilteringFunctions/arm_correlate_opt_q15.c ****     pIn2 = pSrcB;
  75              		.loc 1 104 5 view .LVU18
 105:./Libraries/CMSIS/DSP/Source/FilteringFunctions/arm_correlate_opt_q15.c **** 
 106:./Libraries/CMSIS/DSP/Source/FilteringFunctions/arm_correlate_opt_q15.c ****     /* Number of output samples is calculated */
 107:./Libraries/CMSIS/DSP/Source/FilteringFunctions/arm_correlate_opt_q15.c ****     outBlockSize = (srcALen * 2U) - 1U;
  76              		.loc 1 107 5 view .LVU19
 108:./Libraries/CMSIS/DSP/Source/FilteringFunctions/arm_correlate_opt_q15.c **** 
 109:./Libraries/CMSIS/DSP/Source/FilteringFunctions/arm_correlate_opt_q15.c ****     /* When srcALen > srcBLen, zero padding is done to srcB
 110:./Libraries/CMSIS/DSP/Source/FilteringFunctions/arm_correlate_opt_q15.c ****      * to make their lengths equal.
 111:./Libraries/CMSIS/DSP/Source/FilteringFunctions/arm_correlate_opt_q15.c ****      * Instead, (outBlockSize - (srcALen + srcBLen - 1))
 112:./Libraries/CMSIS/DSP/Source/FilteringFunctions/arm_correlate_opt_q15.c ****      * number of output samples are made zero */
 113:./Libraries/CMSIS/DSP/Source/FilteringFunctions/arm_correlate_opt_q15.c ****     j = outBlockSize - (srcALen + (srcBLen - 1U));
  77              		.loc 1 113 7 is_stmt 0 view .LVU20
  78 0014 CF1A     		subs	r7, r1, r3
  76:./Libraries/CMSIS/DSP/Source/FilteringFunctions/arm_correlate_opt_q15.c ****         uint32_t tapCnt;
  79              		.loc 1 76 17 view .LVU21
  80 0016 0123     		movs	r3, #1
  81              	.LVL3:
 107:./Libraries/CMSIS/DSP/Source/FilteringFunctions/arm_correlate_opt_q15.c **** 
  82              		.loc 1 107 29 view .LVU22
  83 0018 4FEA410B 		lsl	fp, r1, #1
  84              	.LVL4:
  85              		.loc 1 113 5 is_stmt 1 view .LVU23
 114:./Libraries/CMSIS/DSP/Source/FilteringFunctions/arm_correlate_opt_q15.c **** 
 115:./Libraries/CMSIS/DSP/Source/FilteringFunctions/arm_correlate_opt_q15.c ****     /* Updating the pointer position to non zero value */
 116:./Libraries/CMSIS/DSP/Source/FilteringFunctions/arm_correlate_opt_q15.c ****     pOut += j;
  86              		.loc 1 116 5 view .LVU24
  76:./Libraries/CMSIS/DSP/Source/FilteringFunctions/arm_correlate_opt_q15.c ****         uint32_t tapCnt;
  87              		.loc 1 76 17 is_stmt 0 view .LVU25
  88 001c 0293     		str	r3, [sp, #8]
  89              		.loc 1 116 10 view .LVU26
  90 001e 0E9B     		ldr	r3, [sp, #56]
  91 0020 03EB4707 		add	r7, r3, r7, lsl #1
  92              	.LVL5:
  93              	.L3:
 117:./Libraries/CMSIS/DSP/Source/FilteringFunctions/arm_correlate_opt_q15.c ****   }
 118:./Libraries/CMSIS/DSP/Source/FilteringFunctions/arm_correlate_opt_q15.c ****   else
 119:./Libraries/CMSIS/DSP/Source/FilteringFunctions/arm_correlate_opt_q15.c ****   {
 120:./Libraries/CMSIS/DSP/Source/FilteringFunctions/arm_correlate_opt_q15.c ****     /* Initialization of inputA pointer */
 121:./Libraries/CMSIS/DSP/Source/FilteringFunctions/arm_correlate_opt_q15.c ****     pIn1 = pSrcB;
ARM GAS  /tmp/ccJ9E1Ot.s 			page 5


 122:./Libraries/CMSIS/DSP/Source/FilteringFunctions/arm_correlate_opt_q15.c **** 
 123:./Libraries/CMSIS/DSP/Source/FilteringFunctions/arm_correlate_opt_q15.c ****     /* Initialization of inputB pointer */
 124:./Libraries/CMSIS/DSP/Source/FilteringFunctions/arm_correlate_opt_q15.c ****     pIn2 = pSrcA;
 125:./Libraries/CMSIS/DSP/Source/FilteringFunctions/arm_correlate_opt_q15.c **** 
 126:./Libraries/CMSIS/DSP/Source/FilteringFunctions/arm_correlate_opt_q15.c ****     /* srcBLen is always considered as shorter or equal to srcALen */
 127:./Libraries/CMSIS/DSP/Source/FilteringFunctions/arm_correlate_opt_q15.c ****     j = srcBLen;
 128:./Libraries/CMSIS/DSP/Source/FilteringFunctions/arm_correlate_opt_q15.c ****     srcBLen = srcALen;
 129:./Libraries/CMSIS/DSP/Source/FilteringFunctions/arm_correlate_opt_q15.c ****     srcALen = j;
 130:./Libraries/CMSIS/DSP/Source/FilteringFunctions/arm_correlate_opt_q15.c **** 
 131:./Libraries/CMSIS/DSP/Source/FilteringFunctions/arm_correlate_opt_q15.c ****     /* CORR(x, y) = Reverse order(CORR(y, x)) */
 132:./Libraries/CMSIS/DSP/Source/FilteringFunctions/arm_correlate_opt_q15.c ****     /* Hence set the destination pointer to point to the last output sample */
 133:./Libraries/CMSIS/DSP/Source/FilteringFunctions/arm_correlate_opt_q15.c ****     pOut = pDst + ((srcALen + srcBLen) - 2U);
 134:./Libraries/CMSIS/DSP/Source/FilteringFunctions/arm_correlate_opt_q15.c **** 
 135:./Libraries/CMSIS/DSP/Source/FilteringFunctions/arm_correlate_opt_q15.c ****     /* Destination address modifier is set to -1 */
 136:./Libraries/CMSIS/DSP/Source/FilteringFunctions/arm_correlate_opt_q15.c ****     inc = -1;
 137:./Libraries/CMSIS/DSP/Source/FilteringFunctions/arm_correlate_opt_q15.c ****   }
 138:./Libraries/CMSIS/DSP/Source/FilteringFunctions/arm_correlate_opt_q15.c **** 
 139:./Libraries/CMSIS/DSP/Source/FilteringFunctions/arm_correlate_opt_q15.c ****   pScr1 = pScratch;
  94              		.loc 1 139 3 is_stmt 1 view .LVU27
 140:./Libraries/CMSIS/DSP/Source/FilteringFunctions/arm_correlate_opt_q15.c **** 
 141:./Libraries/CMSIS/DSP/Source/FilteringFunctions/arm_correlate_opt_q15.c ****   /* Fill (srcBLen - 1U) zeros in scratch buffer */
 142:./Libraries/CMSIS/DSP/Source/FilteringFunctions/arm_correlate_opt_q15.c ****   arm_fill_q15(0, pScr1, (srcBLen - 1U));
  95              		.loc 1 142 3 view .LVU28
  96 0024 0AF1FF38 		add	r8, r10, #-1
  97 0028 2946     		mov	r1, r5
  98 002a 0020     		movs	r0, #0
  99              	.LVL6:
 100              		.loc 1 142 3 is_stmt 0 view .LVU29
 101 002c 4246     		mov	r2, r8
 102 002e FFF7FEFF 		bl	arm_fill_q15
 103              	.LVL7:
 143:./Libraries/CMSIS/DSP/Source/FilteringFunctions/arm_correlate_opt_q15.c **** 
 144:./Libraries/CMSIS/DSP/Source/FilteringFunctions/arm_correlate_opt_q15.c ****   /* Update temporary scratch pointer */
 145:./Libraries/CMSIS/DSP/Source/FilteringFunctions/arm_correlate_opt_q15.c ****   pScr1 += (srcBLen - 1U);
 104              		.loc 1 145 3 is_stmt 1 view .LVU30
 105              		.loc 1 145 9 is_stmt 0 view .LVU31
 106 0032 6FF00041 		mvn	r1, #-2147483648
 146:./Libraries/CMSIS/DSP/Source/FilteringFunctions/arm_correlate_opt_q15.c **** 
 147:./Libraries/CMSIS/DSP/Source/FilteringFunctions/arm_correlate_opt_q15.c ****   /* Copy (srcALen) samples in scratch buffer */
 148:./Libraries/CMSIS/DSP/Source/FilteringFunctions/arm_correlate_opt_q15.c ****   arm_copy_q15(pIn1, pScr1, srcALen);
 107              		.loc 1 148 3 view .LVU32
 108 0036 2246     		mov	r2, r4
 109 0038 4846     		mov	r0, r9
 145:./Libraries/CMSIS/DSP/Source/FilteringFunctions/arm_correlate_opt_q15.c **** 
 110              		.loc 1 145 9 view .LVU33
 111 003a 5144     		add	r1, r1, r10
 149:./Libraries/CMSIS/DSP/Source/FilteringFunctions/arm_correlate_opt_q15.c **** 
 150:./Libraries/CMSIS/DSP/Source/FilteringFunctions/arm_correlate_opt_q15.c ****   /* Update pointers */
 151:./Libraries/CMSIS/DSP/Source/FilteringFunctions/arm_correlate_opt_q15.c ****   pScr1 += srcALen;
 152:./Libraries/CMSIS/DSP/Source/FilteringFunctions/arm_correlate_opt_q15.c **** 
 153:./Libraries/CMSIS/DSP/Source/FilteringFunctions/arm_correlate_opt_q15.c **** 
 154:./Libraries/CMSIS/DSP/Source/FilteringFunctions/arm_correlate_opt_q15.c ****   /* Fill (srcBLen - 1U) zeros at end of scratch buffer */
 155:./Libraries/CMSIS/DSP/Source/FilteringFunctions/arm_correlate_opt_q15.c ****   arm_fill_q15(0, pScr1, (srcBLen - 1U));
 156:./Libraries/CMSIS/DSP/Source/FilteringFunctions/arm_correlate_opt_q15.c **** 
 157:./Libraries/CMSIS/DSP/Source/FilteringFunctions/arm_correlate_opt_q15.c ****   /* Update pointer */
 158:./Libraries/CMSIS/DSP/Source/FilteringFunctions/arm_correlate_opt_q15.c ****   pScr1 += (srcBLen - 1U);
 159:./Libraries/CMSIS/DSP/Source/FilteringFunctions/arm_correlate_opt_q15.c **** 
ARM GAS  /tmp/ccJ9E1Ot.s 			page 6


 160:./Libraries/CMSIS/DSP/Source/FilteringFunctions/arm_correlate_opt_q15.c ****   /* Temporary pointer for scratch2 */
 161:./Libraries/CMSIS/DSP/Source/FilteringFunctions/arm_correlate_opt_q15.c ****   py = pIn2;
 162:./Libraries/CMSIS/DSP/Source/FilteringFunctions/arm_correlate_opt_q15.c **** 
 163:./Libraries/CMSIS/DSP/Source/FilteringFunctions/arm_correlate_opt_q15.c **** 
 164:./Libraries/CMSIS/DSP/Source/FilteringFunctions/arm_correlate_opt_q15.c ****   /* Actual correlation process starts here */
 165:./Libraries/CMSIS/DSP/Source/FilteringFunctions/arm_correlate_opt_q15.c **** #if defined (ARM_MATH_LOOPUNROLL)
 166:./Libraries/CMSIS/DSP/Source/FilteringFunctions/arm_correlate_opt_q15.c **** 
 167:./Libraries/CMSIS/DSP/Source/FilteringFunctions/arm_correlate_opt_q15.c ****   /* Loop unrolling: Compute 4 outputs at a time */
 168:./Libraries/CMSIS/DSP/Source/FilteringFunctions/arm_correlate_opt_q15.c ****   blkCnt = (srcALen + srcBLen - 1U) >> 2;
 169:./Libraries/CMSIS/DSP/Source/FilteringFunctions/arm_correlate_opt_q15.c **** 
 170:./Libraries/CMSIS/DSP/Source/FilteringFunctions/arm_correlate_opt_q15.c ****   while (blkCnt > 0)
 171:./Libraries/CMSIS/DSP/Source/FilteringFunctions/arm_correlate_opt_q15.c ****   {
 172:./Libraries/CMSIS/DSP/Source/FilteringFunctions/arm_correlate_opt_q15.c ****     /* Initialze temporary scratch pointer as scratch1 */
 173:./Libraries/CMSIS/DSP/Source/FilteringFunctions/arm_correlate_opt_q15.c ****     pScr1 = pScratch;
 174:./Libraries/CMSIS/DSP/Source/FilteringFunctions/arm_correlate_opt_q15.c **** 
 175:./Libraries/CMSIS/DSP/Source/FilteringFunctions/arm_correlate_opt_q15.c ****     /* Clear Accumlators */
 176:./Libraries/CMSIS/DSP/Source/FilteringFunctions/arm_correlate_opt_q15.c ****     acc0 = 0;
 177:./Libraries/CMSIS/DSP/Source/FilteringFunctions/arm_correlate_opt_q15.c ****     acc1 = 0;
 178:./Libraries/CMSIS/DSP/Source/FilteringFunctions/arm_correlate_opt_q15.c ****     acc2 = 0;
 179:./Libraries/CMSIS/DSP/Source/FilteringFunctions/arm_correlate_opt_q15.c ****     acc3 = 0;
 180:./Libraries/CMSIS/DSP/Source/FilteringFunctions/arm_correlate_opt_q15.c **** 
 181:./Libraries/CMSIS/DSP/Source/FilteringFunctions/arm_correlate_opt_q15.c ****     /* Read two samples from scratch1 buffer */
 182:./Libraries/CMSIS/DSP/Source/FilteringFunctions/arm_correlate_opt_q15.c ****     x1 = read_q15x2_ia (&pScr1);
 183:./Libraries/CMSIS/DSP/Source/FilteringFunctions/arm_correlate_opt_q15.c **** 
 184:./Libraries/CMSIS/DSP/Source/FilteringFunctions/arm_correlate_opt_q15.c ****     /* Read next two samples from scratch1 buffer */
 185:./Libraries/CMSIS/DSP/Source/FilteringFunctions/arm_correlate_opt_q15.c ****     x2 = read_q15x2_ia (&pScr1);
 186:./Libraries/CMSIS/DSP/Source/FilteringFunctions/arm_correlate_opt_q15.c **** 
 187:./Libraries/CMSIS/DSP/Source/FilteringFunctions/arm_correlate_opt_q15.c ****     tapCnt = (srcBLen) >> 2U;
 188:./Libraries/CMSIS/DSP/Source/FilteringFunctions/arm_correlate_opt_q15.c **** 
 189:./Libraries/CMSIS/DSP/Source/FilteringFunctions/arm_correlate_opt_q15.c ****     while (tapCnt > 0U)
 190:./Libraries/CMSIS/DSP/Source/FilteringFunctions/arm_correlate_opt_q15.c ****     {
 191:./Libraries/CMSIS/DSP/Source/FilteringFunctions/arm_correlate_opt_q15.c ****       /* Read four samples from smaller buffer */
 192:./Libraries/CMSIS/DSP/Source/FilteringFunctions/arm_correlate_opt_q15.c ****       y1 = read_q15x2_ia ((q15_t **) &pIn2);
 193:./Libraries/CMSIS/DSP/Source/FilteringFunctions/arm_correlate_opt_q15.c ****       y2 = read_q15x2_ia ((q15_t **) &pIn2);
 194:./Libraries/CMSIS/DSP/Source/FilteringFunctions/arm_correlate_opt_q15.c **** 
 195:./Libraries/CMSIS/DSP/Source/FilteringFunctions/arm_correlate_opt_q15.c ****       /* multiply and accumlate */
 196:./Libraries/CMSIS/DSP/Source/FilteringFunctions/arm_correlate_opt_q15.c ****       acc0 = __SMLALD(x1, y1, acc0);
 197:./Libraries/CMSIS/DSP/Source/FilteringFunctions/arm_correlate_opt_q15.c ****       acc2 = __SMLALD(x2, y1, acc2);
 198:./Libraries/CMSIS/DSP/Source/FilteringFunctions/arm_correlate_opt_q15.c **** 
 199:./Libraries/CMSIS/DSP/Source/FilteringFunctions/arm_correlate_opt_q15.c ****       /* pack input data */
 200:./Libraries/CMSIS/DSP/Source/FilteringFunctions/arm_correlate_opt_q15.c **** #ifndef ARM_MATH_BIG_ENDIAN
 201:./Libraries/CMSIS/DSP/Source/FilteringFunctions/arm_correlate_opt_q15.c ****       x3 = __PKHBT(x2, x1, 0);
 202:./Libraries/CMSIS/DSP/Source/FilteringFunctions/arm_correlate_opt_q15.c **** #else
 203:./Libraries/CMSIS/DSP/Source/FilteringFunctions/arm_correlate_opt_q15.c ****       x3 = __PKHBT(x1, x2, 0);
 204:./Libraries/CMSIS/DSP/Source/FilteringFunctions/arm_correlate_opt_q15.c **** #endif
 205:./Libraries/CMSIS/DSP/Source/FilteringFunctions/arm_correlate_opt_q15.c **** 
 206:./Libraries/CMSIS/DSP/Source/FilteringFunctions/arm_correlate_opt_q15.c ****       /* multiply and accumlate */
 207:./Libraries/CMSIS/DSP/Source/FilteringFunctions/arm_correlate_opt_q15.c ****       acc1 = __SMLALDX(x3, y1, acc1);
 208:./Libraries/CMSIS/DSP/Source/FilteringFunctions/arm_correlate_opt_q15.c **** 
 209:./Libraries/CMSIS/DSP/Source/FilteringFunctions/arm_correlate_opt_q15.c ****       /* Read next two samples from scratch1 buffer */
 210:./Libraries/CMSIS/DSP/Source/FilteringFunctions/arm_correlate_opt_q15.c ****       x1 = read_q15x2_ia (&pScr1);
 211:./Libraries/CMSIS/DSP/Source/FilteringFunctions/arm_correlate_opt_q15.c **** 
 212:./Libraries/CMSIS/DSP/Source/FilteringFunctions/arm_correlate_opt_q15.c ****       /* multiply and accumlate */
 213:./Libraries/CMSIS/DSP/Source/FilteringFunctions/arm_correlate_opt_q15.c ****       acc0 = __SMLALD(x2, y2, acc0);
 214:./Libraries/CMSIS/DSP/Source/FilteringFunctions/arm_correlate_opt_q15.c ****       acc2 = __SMLALD(x1, y2, acc2);
 215:./Libraries/CMSIS/DSP/Source/FilteringFunctions/arm_correlate_opt_q15.c **** 
 216:./Libraries/CMSIS/DSP/Source/FilteringFunctions/arm_correlate_opt_q15.c ****       /* pack input data */
ARM GAS  /tmp/ccJ9E1Ot.s 			page 7


 217:./Libraries/CMSIS/DSP/Source/FilteringFunctions/arm_correlate_opt_q15.c **** #ifndef ARM_MATH_BIG_ENDIAN
 218:./Libraries/CMSIS/DSP/Source/FilteringFunctions/arm_correlate_opt_q15.c ****       x3 = __PKHBT(x1, x2, 0);
 219:./Libraries/CMSIS/DSP/Source/FilteringFunctions/arm_correlate_opt_q15.c **** #else
 220:./Libraries/CMSIS/DSP/Source/FilteringFunctions/arm_correlate_opt_q15.c ****       x3 = __PKHBT(x2, x1, 0);
 221:./Libraries/CMSIS/DSP/Source/FilteringFunctions/arm_correlate_opt_q15.c **** #endif
 222:./Libraries/CMSIS/DSP/Source/FilteringFunctions/arm_correlate_opt_q15.c **** 
 223:./Libraries/CMSIS/DSP/Source/FilteringFunctions/arm_correlate_opt_q15.c ****       acc3 = __SMLALDX(x3, y1, acc3);
 224:./Libraries/CMSIS/DSP/Source/FilteringFunctions/arm_correlate_opt_q15.c ****       acc1 = __SMLALDX(x3, y2, acc1);
 225:./Libraries/CMSIS/DSP/Source/FilteringFunctions/arm_correlate_opt_q15.c **** 
 226:./Libraries/CMSIS/DSP/Source/FilteringFunctions/arm_correlate_opt_q15.c ****       x2 = read_q15x2_ia (&pScr1);
 227:./Libraries/CMSIS/DSP/Source/FilteringFunctions/arm_correlate_opt_q15.c **** 
 228:./Libraries/CMSIS/DSP/Source/FilteringFunctions/arm_correlate_opt_q15.c **** #ifndef ARM_MATH_BIG_ENDIAN
 229:./Libraries/CMSIS/DSP/Source/FilteringFunctions/arm_correlate_opt_q15.c ****       x3 = __PKHBT(x2, x1, 0);
 230:./Libraries/CMSIS/DSP/Source/FilteringFunctions/arm_correlate_opt_q15.c **** #else
 231:./Libraries/CMSIS/DSP/Source/FilteringFunctions/arm_correlate_opt_q15.c ****       x3 = __PKHBT(x1, x2, 0);
 232:./Libraries/CMSIS/DSP/Source/FilteringFunctions/arm_correlate_opt_q15.c **** #endif
 233:./Libraries/CMSIS/DSP/Source/FilteringFunctions/arm_correlate_opt_q15.c **** 
 234:./Libraries/CMSIS/DSP/Source/FilteringFunctions/arm_correlate_opt_q15.c ****       acc3 = __SMLALDX(x3, y2, acc3);
 235:./Libraries/CMSIS/DSP/Source/FilteringFunctions/arm_correlate_opt_q15.c **** 
 236:./Libraries/CMSIS/DSP/Source/FilteringFunctions/arm_correlate_opt_q15.c ****       /* Decrement loop counter */
 237:./Libraries/CMSIS/DSP/Source/FilteringFunctions/arm_correlate_opt_q15.c ****       tapCnt--;
 238:./Libraries/CMSIS/DSP/Source/FilteringFunctions/arm_correlate_opt_q15.c ****     }
 239:./Libraries/CMSIS/DSP/Source/FilteringFunctions/arm_correlate_opt_q15.c **** 
 240:./Libraries/CMSIS/DSP/Source/FilteringFunctions/arm_correlate_opt_q15.c ****     /* Update scratch pointer for remaining samples of smaller length sequence */
 241:./Libraries/CMSIS/DSP/Source/FilteringFunctions/arm_correlate_opt_q15.c ****     pScr1 -= 4U;
 242:./Libraries/CMSIS/DSP/Source/FilteringFunctions/arm_correlate_opt_q15.c **** 
 243:./Libraries/CMSIS/DSP/Source/FilteringFunctions/arm_correlate_opt_q15.c ****     /* apply same above for remaining samples of smaller length sequence */
 244:./Libraries/CMSIS/DSP/Source/FilteringFunctions/arm_correlate_opt_q15.c ****     tapCnt = (srcBLen) & 3U;
 245:./Libraries/CMSIS/DSP/Source/FilteringFunctions/arm_correlate_opt_q15.c **** 
 246:./Libraries/CMSIS/DSP/Source/FilteringFunctions/arm_correlate_opt_q15.c ****     while (tapCnt > 0U)
 247:./Libraries/CMSIS/DSP/Source/FilteringFunctions/arm_correlate_opt_q15.c ****     {
 248:./Libraries/CMSIS/DSP/Source/FilteringFunctions/arm_correlate_opt_q15.c ****       /* accumlate the results */
 249:./Libraries/CMSIS/DSP/Source/FilteringFunctions/arm_correlate_opt_q15.c ****       acc0 += (*pScr1++ * *pIn2);
 250:./Libraries/CMSIS/DSP/Source/FilteringFunctions/arm_correlate_opt_q15.c ****       acc1 += (*pScr1++ * *pIn2);
 251:./Libraries/CMSIS/DSP/Source/FilteringFunctions/arm_correlate_opt_q15.c ****       acc2 += (*pScr1++ * *pIn2);
 252:./Libraries/CMSIS/DSP/Source/FilteringFunctions/arm_correlate_opt_q15.c ****       acc3 += (*pScr1++ * *pIn2++);
 253:./Libraries/CMSIS/DSP/Source/FilteringFunctions/arm_correlate_opt_q15.c **** 
 254:./Libraries/CMSIS/DSP/Source/FilteringFunctions/arm_correlate_opt_q15.c ****       pScr1 -= 3U;
 255:./Libraries/CMSIS/DSP/Source/FilteringFunctions/arm_correlate_opt_q15.c **** 
 256:./Libraries/CMSIS/DSP/Source/FilteringFunctions/arm_correlate_opt_q15.c ****       /* Decrement loop counter */
 257:./Libraries/CMSIS/DSP/Source/FilteringFunctions/arm_correlate_opt_q15.c ****       tapCnt--;
 258:./Libraries/CMSIS/DSP/Source/FilteringFunctions/arm_correlate_opt_q15.c ****     }
 259:./Libraries/CMSIS/DSP/Source/FilteringFunctions/arm_correlate_opt_q15.c **** 
 260:./Libraries/CMSIS/DSP/Source/FilteringFunctions/arm_correlate_opt_q15.c ****     blkCnt--;
 261:./Libraries/CMSIS/DSP/Source/FilteringFunctions/arm_correlate_opt_q15.c **** 
 262:./Libraries/CMSIS/DSP/Source/FilteringFunctions/arm_correlate_opt_q15.c **** 
 263:./Libraries/CMSIS/DSP/Source/FilteringFunctions/arm_correlate_opt_q15.c ****     /* Store the results in the accumulators in the destination buffer. */
 264:./Libraries/CMSIS/DSP/Source/FilteringFunctions/arm_correlate_opt_q15.c ****     *pOut = (__SSAT(acc0 >> 15U, 16));
 265:./Libraries/CMSIS/DSP/Source/FilteringFunctions/arm_correlate_opt_q15.c ****     pOut += inc;
 266:./Libraries/CMSIS/DSP/Source/FilteringFunctions/arm_correlate_opt_q15.c ****     *pOut = (__SSAT(acc1 >> 15U, 16));
 267:./Libraries/CMSIS/DSP/Source/FilteringFunctions/arm_correlate_opt_q15.c ****     pOut += inc;
 268:./Libraries/CMSIS/DSP/Source/FilteringFunctions/arm_correlate_opt_q15.c ****     *pOut = (__SSAT(acc2 >> 15U, 16));
 269:./Libraries/CMSIS/DSP/Source/FilteringFunctions/arm_correlate_opt_q15.c ****     pOut += inc;
 270:./Libraries/CMSIS/DSP/Source/FilteringFunctions/arm_correlate_opt_q15.c ****     *pOut = (__SSAT(acc3 >> 15U, 16));
 271:./Libraries/CMSIS/DSP/Source/FilteringFunctions/arm_correlate_opt_q15.c ****     pOut += inc;
 272:./Libraries/CMSIS/DSP/Source/FilteringFunctions/arm_correlate_opt_q15.c **** 
 273:./Libraries/CMSIS/DSP/Source/FilteringFunctions/arm_correlate_opt_q15.c ****     /* Initialization of inputB pointer */
ARM GAS  /tmp/ccJ9E1Ot.s 			page 8


 274:./Libraries/CMSIS/DSP/Source/FilteringFunctions/arm_correlate_opt_q15.c ****     pIn2 = py;
 275:./Libraries/CMSIS/DSP/Source/FilteringFunctions/arm_correlate_opt_q15.c **** 
 276:./Libraries/CMSIS/DSP/Source/FilteringFunctions/arm_correlate_opt_q15.c ****     pScratch += 4U;
 277:./Libraries/CMSIS/DSP/Source/FilteringFunctions/arm_correlate_opt_q15.c ****   }
 278:./Libraries/CMSIS/DSP/Source/FilteringFunctions/arm_correlate_opt_q15.c **** 
 279:./Libraries/CMSIS/DSP/Source/FilteringFunctions/arm_correlate_opt_q15.c **** 
 280:./Libraries/CMSIS/DSP/Source/FilteringFunctions/arm_correlate_opt_q15.c ****   /* Loop unrolling: Compute remaining outputs */
 281:./Libraries/CMSIS/DSP/Source/FilteringFunctions/arm_correlate_opt_q15.c ****   blkCnt = (srcALen + srcBLen - 1U) & 0x3;
 282:./Libraries/CMSIS/DSP/Source/FilteringFunctions/arm_correlate_opt_q15.c **** 
 283:./Libraries/CMSIS/DSP/Source/FilteringFunctions/arm_correlate_opt_q15.c **** #else
 284:./Libraries/CMSIS/DSP/Source/FilteringFunctions/arm_correlate_opt_q15.c **** 
 285:./Libraries/CMSIS/DSP/Source/FilteringFunctions/arm_correlate_opt_q15.c ****   /* Initialize blkCnt with number of samples */
 286:./Libraries/CMSIS/DSP/Source/FilteringFunctions/arm_correlate_opt_q15.c ****   blkCnt = (srcALen + srcBLen - 1U);
 112              		.loc 1 286 21 view .LVU34
 113 003c 5444     		add	r4, r4, r10
 114              	.LVL8:
 145:./Libraries/CMSIS/DSP/Source/FilteringFunctions/arm_correlate_opt_q15.c **** 
 115              		.loc 1 145 9 view .LVU35
 116 003e 05EB4101 		add	r1, r5, r1, lsl #1
 117              	.LVL9:
 148:./Libraries/CMSIS/DSP/Source/FilteringFunctions/arm_correlate_opt_q15.c **** 
 118              		.loc 1 148 3 is_stmt 1 view .LVU36
 119 0042 0191     		str	r1, [sp, #4]
 120 0044 FFF7FEFF 		bl	arm_copy_q15
 121              	.LVL10:
 151:./Libraries/CMSIS/DSP/Source/FilteringFunctions/arm_correlate_opt_q15.c **** 
 122              		.loc 1 151 3 view .LVU37
 155:./Libraries/CMSIS/DSP/Source/FilteringFunctions/arm_correlate_opt_q15.c **** 
 123              		.loc 1 155 3 view .LVU38
 124 0048 0199     		ldr	r1, [sp, #4]
 125 004a 4246     		mov	r2, r8
 126 004c 0020     		movs	r0, #0
 127 004e 5944     		add	r1, r1, fp
 128              	.LVL11:
 155:./Libraries/CMSIS/DSP/Source/FilteringFunctions/arm_correlate_opt_q15.c **** 
 129              		.loc 1 155 3 is_stmt 0 view .LVU39
 130 0050 FFF7FEFF 		bl	arm_fill_q15
 131              	.LVL12:
 158:./Libraries/CMSIS/DSP/Source/FilteringFunctions/arm_correlate_opt_q15.c **** 
 132              		.loc 1 158 3 is_stmt 1 view .LVU40
 161:./Libraries/CMSIS/DSP/Source/FilteringFunctions/arm_correlate_opt_q15.c **** 
 133              		.loc 1 161 3 view .LVU41
 134              		.loc 1 286 3 view .LVU42
 287:./Libraries/CMSIS/DSP/Source/FilteringFunctions/arm_correlate_opt_q15.c **** 
 288:./Libraries/CMSIS/DSP/Source/FilteringFunctions/arm_correlate_opt_q15.c **** #endif /* #if defined (ARM_MATH_LOOPUNROLL) */
 289:./Libraries/CMSIS/DSP/Source/FilteringFunctions/arm_correlate_opt_q15.c **** 
 290:./Libraries/CMSIS/DSP/Source/FilteringFunctions/arm_correlate_opt_q15.c ****   /* Calculate correlation for remaining samples of Bigger length sequence */
 291:./Libraries/CMSIS/DSP/Source/FilteringFunctions/arm_correlate_opt_q15.c ****   while (blkCnt > 0)
 135              		.loc 1 291 3 view .LVU43
 136              		.loc 1 291 9 view .LVU44
 137 0054 B4F10108 		subs	r8, r4, #1
 138              	.LVL13:
 139              		.loc 1 291 9 is_stmt 0 view .LVU45
 140 0058 3FD0     		beq	.L1
 292:./Libraries/CMSIS/DSP/Source/FilteringFunctions/arm_correlate_opt_q15.c ****   {
 293:./Libraries/CMSIS/DSP/Source/FilteringFunctions/arm_correlate_opt_q15.c ****     /* Initialze temporary scratch pointer as scratch1 */
 294:./Libraries/CMSIS/DSP/Source/FilteringFunctions/arm_correlate_opt_q15.c ****     pScr1 = pScratch;
ARM GAS  /tmp/ccJ9E1Ot.s 			page 9


 295:./Libraries/CMSIS/DSP/Source/FilteringFunctions/arm_correlate_opt_q15.c **** 
 296:./Libraries/CMSIS/DSP/Source/FilteringFunctions/arm_correlate_opt_q15.c ****     /* Clear Accumlators */
 297:./Libraries/CMSIS/DSP/Source/FilteringFunctions/arm_correlate_opt_q15.c ****     acc0 = 0;
 298:./Libraries/CMSIS/DSP/Source/FilteringFunctions/arm_correlate_opt_q15.c **** 
 299:./Libraries/CMSIS/DSP/Source/FilteringFunctions/arm_correlate_opt_q15.c ****     tapCnt = (srcBLen) >> 1U;
 300:./Libraries/CMSIS/DSP/Source/FilteringFunctions/arm_correlate_opt_q15.c **** 
 301:./Libraries/CMSIS/DSP/Source/FilteringFunctions/arm_correlate_opt_q15.c ****     while (tapCnt > 0U)
 302:./Libraries/CMSIS/DSP/Source/FilteringFunctions/arm_correlate_opt_q15.c ****     {
 303:./Libraries/CMSIS/DSP/Source/FilteringFunctions/arm_correlate_opt_q15.c **** 
 304:./Libraries/CMSIS/DSP/Source/FilteringFunctions/arm_correlate_opt_q15.c ****       /* Read next two samples from scratch1 buffer */
 305:./Libraries/CMSIS/DSP/Source/FilteringFunctions/arm_correlate_opt_q15.c ****       acc0 += (*pScr1++ * *pIn2++);
 306:./Libraries/CMSIS/DSP/Source/FilteringFunctions/arm_correlate_opt_q15.c ****       acc0 += (*pScr1++ * *pIn2++);
 307:./Libraries/CMSIS/DSP/Source/FilteringFunctions/arm_correlate_opt_q15.c **** 
 308:./Libraries/CMSIS/DSP/Source/FilteringFunctions/arm_correlate_opt_q15.c ****       /* Decrement loop counter */
 309:./Libraries/CMSIS/DSP/Source/FilteringFunctions/arm_correlate_opt_q15.c ****       tapCnt--;
 310:./Libraries/CMSIS/DSP/Source/FilteringFunctions/arm_correlate_opt_q15.c ****     }
 311:./Libraries/CMSIS/DSP/Source/FilteringFunctions/arm_correlate_opt_q15.c **** 
 312:./Libraries/CMSIS/DSP/Source/FilteringFunctions/arm_correlate_opt_q15.c ****     tapCnt = (srcBLen) & 1U;
 313:./Libraries/CMSIS/DSP/Source/FilteringFunctions/arm_correlate_opt_q15.c **** 
 314:./Libraries/CMSIS/DSP/Source/FilteringFunctions/arm_correlate_opt_q15.c ****     /* apply same above for remaining samples of smaller length sequence */
 315:./Libraries/CMSIS/DSP/Source/FilteringFunctions/arm_correlate_opt_q15.c ****     while (tapCnt > 0U)
 316:./Libraries/CMSIS/DSP/Source/FilteringFunctions/arm_correlate_opt_q15.c ****     {
 317:./Libraries/CMSIS/DSP/Source/FilteringFunctions/arm_correlate_opt_q15.c ****       /* accumlate the results */
 318:./Libraries/CMSIS/DSP/Source/FilteringFunctions/arm_correlate_opt_q15.c ****       acc0 += (*pScr1++ * *pIn2++);
 319:./Libraries/CMSIS/DSP/Source/FilteringFunctions/arm_correlate_opt_q15.c **** 
 320:./Libraries/CMSIS/DSP/Source/FilteringFunctions/arm_correlate_opt_q15.c ****       /* Decrement loop counter */
 321:./Libraries/CMSIS/DSP/Source/FilteringFunctions/arm_correlate_opt_q15.c ****       tapCnt--;
 322:./Libraries/CMSIS/DSP/Source/FilteringFunctions/arm_correlate_opt_q15.c ****     }
 323:./Libraries/CMSIS/DSP/Source/FilteringFunctions/arm_correlate_opt_q15.c **** 
 324:./Libraries/CMSIS/DSP/Source/FilteringFunctions/arm_correlate_opt_q15.c ****     blkCnt--;
 325:./Libraries/CMSIS/DSP/Source/FilteringFunctions/arm_correlate_opt_q15.c **** 
 326:./Libraries/CMSIS/DSP/Source/FilteringFunctions/arm_correlate_opt_q15.c ****     /* The result is in 2.30 format.  Convert to 1.15 with saturation.
 327:./Libraries/CMSIS/DSP/Source/FilteringFunctions/arm_correlate_opt_q15.c ****        Then store the output in the destination buffer. */
 328:./Libraries/CMSIS/DSP/Source/FilteringFunctions/arm_correlate_opt_q15.c ****     *pOut = (q15_t) (__SSAT((acc0 >> 15), 16));
 329:./Libraries/CMSIS/DSP/Source/FilteringFunctions/arm_correlate_opt_q15.c ****     pOut += inc;
 141              		.loc 1 329 10 view .LVU46
 142 005a 029B     		ldr	r3, [sp, #8]
 299:./Libraries/CMSIS/DSP/Source/FilteringFunctions/arm_correlate_opt_q15.c **** 
 143              		.loc 1 299 12 view .LVU47
 144 005c 4FEA5A0C 		lsr	ip, r10, #1
 145 0060 06F1020E 		add	lr, r6, #2
 146 0064 0235     		adds	r5, r5, #2
 147              	.LVL14:
 148              		.loc 1 329 10 view .LVU48
 149 0066 4FEA4309 		lsl	r9, r3, #1
 150              	.LVL15:
 151              		.loc 1 329 10 view .LVU49
 152 006a 0AF00103 		and	r3, r10, #1
 153 006e 06EB8C02 		add	r2, r6, ip, lsl #2
 154 0072 0293     		str	r3, [sp, #8]
 155              	.LVL16:
 156              		.loc 1 329 10 view .LVU50
 157 0074 4FEA8C03 		lsl	r3, ip, #2
 158 0078 0392     		str	r2, [sp, #12]
 159 007a A3F1020B 		sub	fp, r3, #2
 160              		.loc 1 329 10 view .LVU51
 161 007e 3346     		mov	r3, r6
ARM GAS  /tmp/ccJ9E1Ot.s 			page 10


 162 0080 6646     		mov	r6, ip
 163              	.LVL17:
 164              		.loc 1 329 10 view .LVU52
 165 0082 9C46     		mov	ip, r3
 166              	.LVL18:
 167              	.L8:
 168              		.loc 1 329 10 view .LVU53
 169 0084 AC1E     		subs	r4, r5, #2
 170              	.LVL19:
 294:./Libraries/CMSIS/DSP/Source/FilteringFunctions/arm_correlate_opt_q15.c **** 
 171              		.loc 1 294 5 is_stmt 1 view .LVU54
 297:./Libraries/CMSIS/DSP/Source/FilteringFunctions/arm_correlate_opt_q15.c **** 
 172              		.loc 1 297 5 view .LVU55
 299:./Libraries/CMSIS/DSP/Source/FilteringFunctions/arm_correlate_opt_q15.c **** 
 173              		.loc 1 299 5 view .LVU56
 301:./Libraries/CMSIS/DSP/Source/FilteringFunctions/arm_correlate_opt_q15.c ****     {
 174              		.loc 1 301 5 view .LVU57
 301:./Libraries/CMSIS/DSP/Source/FilteringFunctions/arm_correlate_opt_q15.c ****     {
 175              		.loc 1 301 11 view .LVU58
 176 0086 5EB3     		cbz	r6, .L10
 301:./Libraries/CMSIS/DSP/Source/FilteringFunctions/arm_correlate_opt_q15.c ****     {
 177              		.loc 1 301 11 is_stmt 0 view .LVU59
 178 0088 0023     		movs	r3, #0
 297:./Libraries/CMSIS/DSP/Source/FilteringFunctions/arm_correlate_opt_q15.c **** 
 179              		.loc 1 297 10 view .LVU60
 180 008a 0020     		movs	r0, #0
 181 008c 0021     		movs	r1, #0
 182 008e 0197     		str	r7, [sp, #4]
 183              	.LVL20:
 184              	.L6:
 305:./Libraries/CMSIS/DSP/Source/FilteringFunctions/arm_correlate_opt_q15.c ****       acc0 += (*pScr1++ * *pIn2++);
 185              		.loc 1 305 7 is_stmt 1 view .LVU61
 305:./Libraries/CMSIS/DSP/Source/FilteringFunctions/arm_correlate_opt_q15.c ****       acc0 += (*pScr1++ * *pIn2++);
 186              		.loc 1 305 12 is_stmt 0 view .LVU62
 187 0090 3CF823A0 		ldrh	r10, [ip, r3, lsl #2]
 188 0094 34F82370 		ldrh	r7, [r4, r3, lsl #2]
 306:./Libraries/CMSIS/DSP/Source/FilteringFunctions/arm_correlate_opt_q15.c **** 
 189              		.loc 1 306 12 view .LVU63
 190 0098 35F82320 		ldrh	r2, [r5, r3, lsl #2]
 305:./Libraries/CMSIS/DSP/Source/FilteringFunctions/arm_correlate_opt_q15.c ****       acc0 += (*pScr1++ * *pIn2++);
 191              		.loc 1 305 12 view .LVU64
 192 009c C7FB8A01 		smlalbb	r0, r1, r7, r10
 193              	.LVL21:
 306:./Libraries/CMSIS/DSP/Source/FilteringFunctions/arm_correlate_opt_q15.c **** 
 194              		.loc 1 306 7 is_stmt 1 view .LVU65
 306:./Libraries/CMSIS/DSP/Source/FilteringFunctions/arm_correlate_opt_q15.c **** 
 195              		.loc 1 306 12 is_stmt 0 view .LVU66
 196 00a0 3EF823A0 		ldrh	r10, [lr, r3, lsl #2]
 197 00a4 0133     		adds	r3, r3, #1
 198              	.LVL22:
 306:./Libraries/CMSIS/DSP/Source/FilteringFunctions/arm_correlate_opt_q15.c **** 
 199              		.loc 1 306 12 view .LVU67
 200 00a6 C2FB8A01 		smlalbb	r0, r1, r2, r10
 201              	.LVL23:
 309:./Libraries/CMSIS/DSP/Source/FilteringFunctions/arm_correlate_opt_q15.c ****     }
 202              		.loc 1 309 7 is_stmt 1 view .LVU68
 301:./Libraries/CMSIS/DSP/Source/FilteringFunctions/arm_correlate_opt_q15.c ****     {
ARM GAS  /tmp/ccJ9E1Ot.s 			page 11


 203              		.loc 1 301 11 view .LVU69
 204 00aa 9E42     		cmp	r6, r3
 205 00ac F0D1     		bne	.L6
 206 00ae 019F     		ldr	r7, [sp, #4]
 207 00b0 0BEB0504 		add	r4, fp, r5
 208              	.LVL24:
 306:./Libraries/CMSIS/DSP/Source/FilteringFunctions/arm_correlate_opt_q15.c **** 
 209              		.loc 1 306 32 is_stmt 0 view .LVU70
 210 00b4 039B     		ldr	r3, [sp, #12]
 211              	.LVL25:
 212              	.L5:
 312:./Libraries/CMSIS/DSP/Source/FilteringFunctions/arm_correlate_opt_q15.c **** 
 213              		.loc 1 312 5 is_stmt 1 view .LVU71
 315:./Libraries/CMSIS/DSP/Source/FilteringFunctions/arm_correlate_opt_q15.c ****     {
 214              		.loc 1 315 5 view .LVU72
 315:./Libraries/CMSIS/DSP/Source/FilteringFunctions/arm_correlate_opt_q15.c ****     {
 215              		.loc 1 315 11 view .LVU73
 216 00b6 029A     		ldr	r2, [sp, #8]
 217 00b8 1AB1     		cbz	r2, .L7
 318:./Libraries/CMSIS/DSP/Source/FilteringFunctions/arm_correlate_opt_q15.c **** 
 218              		.loc 1 318 7 view .LVU74
 219              	.LVL26:
 318:./Libraries/CMSIS/DSP/Source/FilteringFunctions/arm_correlate_opt_q15.c **** 
 220              		.loc 1 318 12 is_stmt 0 view .LVU75
 221 00ba 2288     		ldrh	r2, [r4]
 222 00bc 1B88     		ldrh	r3, [r3]
 223              	.LVL27:
 318:./Libraries/CMSIS/DSP/Source/FilteringFunctions/arm_correlate_opt_q15.c **** 
 224              		.loc 1 318 12 view .LVU76
 225 00be C2FB8301 		smlalbb	r0, r1, r2, r3
 226              	.LVL28:
 321:./Libraries/CMSIS/DSP/Source/FilteringFunctions/arm_correlate_opt_q15.c ****     }
 227              		.loc 1 321 7 is_stmt 1 view .LVU77
 315:./Libraries/CMSIS/DSP/Source/FilteringFunctions/arm_correlate_opt_q15.c ****     {
 228              		.loc 1 315 11 view .LVU78
 229              	.L7:
 324:./Libraries/CMSIS/DSP/Source/FilteringFunctions/arm_correlate_opt_q15.c **** 
 230              		.loc 1 324 5 view .LVU79
 328:./Libraries/CMSIS/DSP/Source/FilteringFunctions/arm_correlate_opt_q15.c ****     pOut += inc;
 231              		.loc 1 328 5 view .LVU80
 232              	.LBB2:
 328:./Libraries/CMSIS/DSP/Source/FilteringFunctions/arm_correlate_opt_q15.c ****     pOut += inc;
 233              		.loc 1 328 22 view .LVU81
 328:./Libraries/CMSIS/DSP/Source/FilteringFunctions/arm_correlate_opt_q15.c ****     pOut += inc;
 234              		.loc 1 328 22 view .LVU82
 235 00c2 C30B     		lsrs	r3, r0, #15
 236              	.LBE2:
 291:./Libraries/CMSIS/DSP/Source/FilteringFunctions/arm_correlate_opt_q15.c ****   {
 237              		.loc 1 291 9 is_stmt 0 view .LVU83
 238 00c4 B8F10108 		subs	r8, r8, #1
 239              	.LVL29:
 291:./Libraries/CMSIS/DSP/Source/FilteringFunctions/arm_correlate_opt_q15.c ****   {
 240              		.loc 1 291 9 view .LVU84
 241 00c8 05F10205 		add	r5, r5, #2
 242              	.LVL30:
 243              	.LBB3:
 328:./Libraries/CMSIS/DSP/Source/FilteringFunctions/arm_correlate_opt_q15.c ****     pOut += inc;
ARM GAS  /tmp/ccJ9E1Ot.s 			page 12


 244              		.loc 1 328 22 view .LVU85
 245 00cc 43EA4143 		orr	r3, r3, r1, lsl #17
 246              		.syntax unified
 247              	@ 328 "./Libraries/CMSIS/DSP/Source/FilteringFunctions/arm_correlate_opt_q15.c" 1
 248 00d0 03F30F03 		ssat r3, #16, r3
 249              	@ 0 "" 2
 250              	.LVL31:
 328:./Libraries/CMSIS/DSP/Source/FilteringFunctions/arm_correlate_opt_q15.c ****     pOut += inc;
 251              		.loc 1 328 22 is_stmt 1 view .LVU86
 252              		.thumb
 253              		.syntax unified
 254              	.LBE3:
 328:./Libraries/CMSIS/DSP/Source/FilteringFunctions/arm_correlate_opt_q15.c ****     pOut += inc;
 255              		.loc 1 328 13 is_stmt 0 view .LVU87
 256 00d4 3B80     		strh	r3, [r7]	@ movhi
 257              		.loc 1 329 5 is_stmt 1 view .LVU88
 258              		.loc 1 329 10 is_stmt 0 view .LVU89
 259 00d6 4F44     		add	r7, r7, r9
 260              	.LVL32:
 330:./Libraries/CMSIS/DSP/Source/FilteringFunctions/arm_correlate_opt_q15.c **** 
 331:./Libraries/CMSIS/DSP/Source/FilteringFunctions/arm_correlate_opt_q15.c ****     /* Initialization of inputB pointer */
 332:./Libraries/CMSIS/DSP/Source/FilteringFunctions/arm_correlate_opt_q15.c ****     pIn2 = py;
 261              		.loc 1 332 5 is_stmt 1 view .LVU90
 333:./Libraries/CMSIS/DSP/Source/FilteringFunctions/arm_correlate_opt_q15.c **** 
 334:./Libraries/CMSIS/DSP/Source/FilteringFunctions/arm_correlate_opt_q15.c ****     pScratch += 1U;
 262              		.loc 1 334 5 view .LVU91
 291:./Libraries/CMSIS/DSP/Source/FilteringFunctions/arm_correlate_opt_q15.c ****   {
 263              		.loc 1 291 9 view .LVU92
 264 00d8 D4D1     		bne	.L8
 265              	.LVL33:
 266              	.L1:
 335:./Libraries/CMSIS/DSP/Source/FilteringFunctions/arm_correlate_opt_q15.c ****   }
 336:./Libraries/CMSIS/DSP/Source/FilteringFunctions/arm_correlate_opt_q15.c **** 
 337:./Libraries/CMSIS/DSP/Source/FilteringFunctions/arm_correlate_opt_q15.c **** }
 267              		.loc 1 337 1 is_stmt 0 view .LVU93
 268 00da 05B0     		add	sp, sp, #20
 269              	.LCFI2:
 270              		.cfi_remember_state
 271              		.cfi_def_cfa_offset 36
 272              		@ sp needed
 273 00dc BDE8F08F 		pop	{r4, r5, r6, r7, r8, r9, r10, fp, pc}
 274              	.LVL34:
 275              	.L10:
 276              	.LCFI3:
 277              		.cfi_restore_state
 301:./Libraries/CMSIS/DSP/Source/FilteringFunctions/arm_correlate_opt_q15.c ****     {
 278              		.loc 1 301 11 view .LVU94
 279 00e0 6346     		mov	r3, ip
 297:./Libraries/CMSIS/DSP/Source/FilteringFunctions/arm_correlate_opt_q15.c **** 
 280              		.loc 1 297 10 view .LVU95
 281 00e2 0020     		movs	r0, #0
 282 00e4 0021     		movs	r1, #0
 283 00e6 E6E7     		b	.L5
 284              	.LVL35:
 285              	.L2:
 121:./Libraries/CMSIS/DSP/Source/FilteringFunctions/arm_correlate_opt_q15.c **** 
 286              		.loc 1 121 5 is_stmt 1 view .LVU96
ARM GAS  /tmp/ccJ9E1Ot.s 			page 13


 124:./Libraries/CMSIS/DSP/Source/FilteringFunctions/arm_correlate_opt_q15.c **** 
 287              		.loc 1 124 5 view .LVU97
 127:./Libraries/CMSIS/DSP/Source/FilteringFunctions/arm_correlate_opt_q15.c ****     srcBLen = srcALen;
 288              		.loc 1 127 5 view .LVU98
 128:./Libraries/CMSIS/DSP/Source/FilteringFunctions/arm_correlate_opt_q15.c ****     srcALen = j;
 289              		.loc 1 128 5 view .LVU99
 129:./Libraries/CMSIS/DSP/Source/FilteringFunctions/arm_correlate_opt_q15.c **** 
 290              		.loc 1 129 5 view .LVU100
 133:./Libraries/CMSIS/DSP/Source/FilteringFunctions/arm_correlate_opt_q15.c **** 
 291              		.loc 1 133 5 view .LVU101
 133:./Libraries/CMSIS/DSP/Source/FilteringFunctions/arm_correlate_opt_q15.c **** 
 292              		.loc 1 133 17 is_stmt 0 view .LVU102
 293 00e8 074A     		ldr	r2, .L18
 294              	.LVL36:
 133:./Libraries/CMSIS/DSP/Source/FilteringFunctions/arm_correlate_opt_q15.c **** 
 295              		.loc 1 133 17 view .LVU103
 296 00ea 4FEA430B 		lsl	fp, r3, #1
 121:./Libraries/CMSIS/DSP/Source/FilteringFunctions/arm_correlate_opt_q15.c **** 
 297              		.loc 1 121 10 view .LVU104
 298 00ee B146     		mov	r9, r6
 133:./Libraries/CMSIS/DSP/Source/FilteringFunctions/arm_correlate_opt_q15.c **** 
 299              		.loc 1 133 10 view .LVU105
 300 00f0 5446     		mov	r4, r10
 133:./Libraries/CMSIS/DSP/Source/FilteringFunctions/arm_correlate_opt_q15.c **** 
 301              		.loc 1 133 17 view .LVU106
 302 00f2 1A44     		add	r2, r2, r3
 136:./Libraries/CMSIS/DSP/Source/FilteringFunctions/arm_correlate_opt_q15.c ****   }
 303              		.loc 1 136 9 view .LVU107
 304 00f4 4FF0FF33 		mov	r3, #-1
 305              	.LVL37:
 124:./Libraries/CMSIS/DSP/Source/FilteringFunctions/arm_correlate_opt_q15.c **** 
 306              		.loc 1 124 10 view .LVU108
 307 00f8 0646     		mov	r6, r0
 308              	.LVL38:
 133:./Libraries/CMSIS/DSP/Source/FilteringFunctions/arm_correlate_opt_q15.c **** 
 309              		.loc 1 133 10 view .LVU109
 310 00fa 8A46     		mov	r10, r1
 311              	.LVL39:
 133:./Libraries/CMSIS/DSP/Source/FilteringFunctions/arm_correlate_opt_q15.c **** 
 312              		.loc 1 133 17 view .LVU110
 313 00fc 0A44     		add	r2, r2, r1
 136:./Libraries/CMSIS/DSP/Source/FilteringFunctions/arm_correlate_opt_q15.c ****   }
 314              		.loc 1 136 9 view .LVU111
 315 00fe 0293     		str	r3, [sp, #8]
 133:./Libraries/CMSIS/DSP/Source/FilteringFunctions/arm_correlate_opt_q15.c **** 
 316              		.loc 1 133 10 view .LVU112
 317 0100 0E9B     		ldr	r3, [sp, #56]
 318 0102 03EB4207 		add	r7, r3, r2, lsl #1
 319              	.LVL40:
 136:./Libraries/CMSIS/DSP/Source/FilteringFunctions/arm_correlate_opt_q15.c ****   }
 320              		.loc 1 136 5 is_stmt 1 view .LVU113
 136:./Libraries/CMSIS/DSP/Source/FilteringFunctions/arm_correlate_opt_q15.c ****   }
 321              		.loc 1 136 5 is_stmt 0 view .LVU114
 322 0106 8DE7     		b	.L3
 323              	.L19:
 324              		.align	2
 325              	.L18:
ARM GAS  /tmp/ccJ9E1Ot.s 			page 14


 326 0108 FEFFFF7F 		.word	2147483646
 327              		.cfi_endproc
 328              	.LFE145:
 330              		.text
 331              	.Letext0:
 332              		.file 2 "/usr/lib/gcc/arm-none-eabi/9.2.1/include/stdint.h"
 333              		.file 3 "/usr/lib/gcc/arm-none-eabi/9.2.1/include/stddef.h"
 334              		.file 4 "/usr/include/newlib/sys/_types.h"
 335              		.file 5 "/usr/include/newlib/sys/reent.h"
 336              		.file 6 "/usr/include/newlib/sys/lock.h"
 337              		.file 7 "/usr/include/newlib/math.h"
 338              		.file 8 "./Libraries/CMSIS/DSP/Include/arm_math.h"
ARM GAS  /tmp/ccJ9E1Ot.s 			page 15


DEFINED SYMBOLS
                            *ABS*:0000000000000000 arm_correlate_opt_q15.c
     /tmp/ccJ9E1Ot.s:17     .text.arm_correlate_opt_q15:0000000000000000 $t
     /tmp/ccJ9E1Ot.s:26     .text.arm_correlate_opt_q15:0000000000000000 arm_correlate_opt_q15
     /tmp/ccJ9E1Ot.s:326    .text.arm_correlate_opt_q15:0000000000000108 $d

UNDEFINED SYMBOLS
arm_fill_q15
arm_copy_q15
