ARM GAS  /tmp/cc5hTNzm.s 			page 1


   1              		.cpu cortex-m7
   2              		.eabi_attribute 28, 1
   3              		.eabi_attribute 20, 1
   4              		.eabi_attribute 21, 1
   5              		.eabi_attribute 23, 3
   6              		.eabi_attribute 24, 1
   7              		.eabi_attribute 25, 1
   8              		.eabi_attribute 26, 1
   9              		.eabi_attribute 30, 2
  10              		.eabi_attribute 34, 1
  11              		.eabi_attribute 18, 4
  12              		.file	"arm_fir_init_q7.c"
  13              		.text
  14              	.Ltext0:
  15              		.cfi_sections	.debug_frame
  16              		.section	.text.arm_fir_init_q7,"ax",%progbits
  17              		.align	1
  18              		.p2align 2,,3
  19              		.global	arm_fir_init_q7
  20              		.arch armv7e-m
  21              		.syntax unified
  22              		.thumb
  23              		.thumb_func
  24              		.fpu fpv5-d16
  26              	arm_fir_init_q7:
  27              	.LVL0:
  28              	.LFB145:
  29              		.file 1 "./Libraries/CMSIS/DSP/Source/FilteringFunctions/arm_fir_init_q7.c"
   1:./Libraries/CMSIS/DSP/Source/FilteringFunctions/arm_fir_init_q7.c **** /* ----------------------------------------------------------------------
   2:./Libraries/CMSIS/DSP/Source/FilteringFunctions/arm_fir_init_q7.c ****  * Project:      CMSIS DSP Library
   3:./Libraries/CMSIS/DSP/Source/FilteringFunctions/arm_fir_init_q7.c ****  * Title:        arm_fir_init_q7.c
   4:./Libraries/CMSIS/DSP/Source/FilteringFunctions/arm_fir_init_q7.c ****  * Description:  Q7 FIR filter initialization function
   5:./Libraries/CMSIS/DSP/Source/FilteringFunctions/arm_fir_init_q7.c ****  *
   6:./Libraries/CMSIS/DSP/Source/FilteringFunctions/arm_fir_init_q7.c ****  * $Date:        18. March 2019
   7:./Libraries/CMSIS/DSP/Source/FilteringFunctions/arm_fir_init_q7.c ****  * $Revision:    V1.6.0
   8:./Libraries/CMSIS/DSP/Source/FilteringFunctions/arm_fir_init_q7.c ****  *
   9:./Libraries/CMSIS/DSP/Source/FilteringFunctions/arm_fir_init_q7.c ****  * Target Processor: Cortex-M cores
  10:./Libraries/CMSIS/DSP/Source/FilteringFunctions/arm_fir_init_q7.c ****  * -------------------------------------------------------------------- */
  11:./Libraries/CMSIS/DSP/Source/FilteringFunctions/arm_fir_init_q7.c **** /*
  12:./Libraries/CMSIS/DSP/Source/FilteringFunctions/arm_fir_init_q7.c ****  * Copyright (C) 2010-2019 ARM Limited or its affiliates. All rights reserved.
  13:./Libraries/CMSIS/DSP/Source/FilteringFunctions/arm_fir_init_q7.c ****  *
  14:./Libraries/CMSIS/DSP/Source/FilteringFunctions/arm_fir_init_q7.c ****  * SPDX-License-Identifier: Apache-2.0
  15:./Libraries/CMSIS/DSP/Source/FilteringFunctions/arm_fir_init_q7.c ****  *
  16:./Libraries/CMSIS/DSP/Source/FilteringFunctions/arm_fir_init_q7.c ****  * Licensed under the Apache License, Version 2.0 (the License); you may
  17:./Libraries/CMSIS/DSP/Source/FilteringFunctions/arm_fir_init_q7.c ****  * not use this file except in compliance with the License.
  18:./Libraries/CMSIS/DSP/Source/FilteringFunctions/arm_fir_init_q7.c ****  * You may obtain a copy of the License at
  19:./Libraries/CMSIS/DSP/Source/FilteringFunctions/arm_fir_init_q7.c ****  *
  20:./Libraries/CMSIS/DSP/Source/FilteringFunctions/arm_fir_init_q7.c ****  * www.apache.org/licenses/LICENSE-2.0
  21:./Libraries/CMSIS/DSP/Source/FilteringFunctions/arm_fir_init_q7.c ****  *
  22:./Libraries/CMSIS/DSP/Source/FilteringFunctions/arm_fir_init_q7.c ****  * Unless required by applicable law or agreed to in writing, software
  23:./Libraries/CMSIS/DSP/Source/FilteringFunctions/arm_fir_init_q7.c ****  * distributed under the License is distributed on an AS IS BASIS, WITHOUT
  24:./Libraries/CMSIS/DSP/Source/FilteringFunctions/arm_fir_init_q7.c ****  * WARRANTIES OR CONDITIONS OF ANY KIND, either express or implied.
  25:./Libraries/CMSIS/DSP/Source/FilteringFunctions/arm_fir_init_q7.c ****  * See the License for the specific language governing permissions and
  26:./Libraries/CMSIS/DSP/Source/FilteringFunctions/arm_fir_init_q7.c ****  * limitations under the License.
  27:./Libraries/CMSIS/DSP/Source/FilteringFunctions/arm_fir_init_q7.c ****  */
  28:./Libraries/CMSIS/DSP/Source/FilteringFunctions/arm_fir_init_q7.c **** 
  29:./Libraries/CMSIS/DSP/Source/FilteringFunctions/arm_fir_init_q7.c **** #include "arm_math.h"
ARM GAS  /tmp/cc5hTNzm.s 			page 2


  30:./Libraries/CMSIS/DSP/Source/FilteringFunctions/arm_fir_init_q7.c **** 
  31:./Libraries/CMSIS/DSP/Source/FilteringFunctions/arm_fir_init_q7.c **** /**
  32:./Libraries/CMSIS/DSP/Source/FilteringFunctions/arm_fir_init_q7.c ****   @ingroup groupFilters
  33:./Libraries/CMSIS/DSP/Source/FilteringFunctions/arm_fir_init_q7.c ****  */
  34:./Libraries/CMSIS/DSP/Source/FilteringFunctions/arm_fir_init_q7.c **** 
  35:./Libraries/CMSIS/DSP/Source/FilteringFunctions/arm_fir_init_q7.c **** /**
  36:./Libraries/CMSIS/DSP/Source/FilteringFunctions/arm_fir_init_q7.c ****   @addtogroup FIR
  37:./Libraries/CMSIS/DSP/Source/FilteringFunctions/arm_fir_init_q7.c ****   @{
  38:./Libraries/CMSIS/DSP/Source/FilteringFunctions/arm_fir_init_q7.c ****  */
  39:./Libraries/CMSIS/DSP/Source/FilteringFunctions/arm_fir_init_q7.c **** 
  40:./Libraries/CMSIS/DSP/Source/FilteringFunctions/arm_fir_init_q7.c **** /**
  41:./Libraries/CMSIS/DSP/Source/FilteringFunctions/arm_fir_init_q7.c ****   @brief         Initialization function for the Q7 FIR filter.
  42:./Libraries/CMSIS/DSP/Source/FilteringFunctions/arm_fir_init_q7.c ****   @param[in,out] S          points to an instance of the Q7 FIR filter structure
  43:./Libraries/CMSIS/DSP/Source/FilteringFunctions/arm_fir_init_q7.c ****   @param[in] 	 numTaps    number of filter coefficients in the filter
  44:./Libraries/CMSIS/DSP/Source/FilteringFunctions/arm_fir_init_q7.c ****   @param[in]     pCoeffs    points to the filter coefficients buffer
  45:./Libraries/CMSIS/DSP/Source/FilteringFunctions/arm_fir_init_q7.c ****   @param[in]     pState     points to the state buffer
  46:./Libraries/CMSIS/DSP/Source/FilteringFunctions/arm_fir_init_q7.c ****   @param[in]     blockSize  number of samples processed
  47:./Libraries/CMSIS/DSP/Source/FilteringFunctions/arm_fir_init_q7.c ****   @return        none
  48:./Libraries/CMSIS/DSP/Source/FilteringFunctions/arm_fir_init_q7.c **** 
  49:./Libraries/CMSIS/DSP/Source/FilteringFunctions/arm_fir_init_q7.c ****   @par           Details
  50:./Libraries/CMSIS/DSP/Source/FilteringFunctions/arm_fir_init_q7.c ****                    <code>pCoeffs</code> points to the array of filter coefficients stored in time r
  51:./Libraries/CMSIS/DSP/Source/FilteringFunctions/arm_fir_init_q7.c ****   <pre>
  52:./Libraries/CMSIS/DSP/Source/FilteringFunctions/arm_fir_init_q7.c ****       {b[numTaps-1], b[numTaps-2], b[N-2], ..., b[1], b[0]}
  53:./Libraries/CMSIS/DSP/Source/FilteringFunctions/arm_fir_init_q7.c ****   </pre>
  54:./Libraries/CMSIS/DSP/Source/FilteringFunctions/arm_fir_init_q7.c ****   @par
  55:./Libraries/CMSIS/DSP/Source/FilteringFunctions/arm_fir_init_q7.c ****                    <code>pState</code> points to the array of state variables.
  56:./Libraries/CMSIS/DSP/Source/FilteringFunctions/arm_fir_init_q7.c ****                    <code>pState</code> is of length <code>numTaps+blockSize-1</code> samples, where
  57:./Libraries/CMSIS/DSP/Source/FilteringFunctions/arm_fir_init_q7.c ****  */
  58:./Libraries/CMSIS/DSP/Source/FilteringFunctions/arm_fir_init_q7.c **** 
  59:./Libraries/CMSIS/DSP/Source/FilteringFunctions/arm_fir_init_q7.c **** void arm_fir_init_q7(
  60:./Libraries/CMSIS/DSP/Source/FilteringFunctions/arm_fir_init_q7.c ****         arm_fir_instance_q7 * S,
  61:./Libraries/CMSIS/DSP/Source/FilteringFunctions/arm_fir_init_q7.c ****         uint16_t numTaps,
  62:./Libraries/CMSIS/DSP/Source/FilteringFunctions/arm_fir_init_q7.c ****   const q7_t * pCoeffs,
  63:./Libraries/CMSIS/DSP/Source/FilteringFunctions/arm_fir_init_q7.c ****         q7_t * pState,
  64:./Libraries/CMSIS/DSP/Source/FilteringFunctions/arm_fir_init_q7.c ****         uint32_t blockSize)
  65:./Libraries/CMSIS/DSP/Source/FilteringFunctions/arm_fir_init_q7.c **** {
  30              		.loc 1 65 1 view -0
  31              		.cfi_startproc
  32              		@ args = 4, pretend = 0, frame = 0
  33              		@ frame_needed = 0, uses_anonymous_args = 0
  66:./Libraries/CMSIS/DSP/Source/FilteringFunctions/arm_fir_init_q7.c ****   /* Assign filter taps */
  67:./Libraries/CMSIS/DSP/Source/FilteringFunctions/arm_fir_init_q7.c ****   S->numTaps = numTaps;
  34              		.loc 1 67 3 view .LVU1
  65:./Libraries/CMSIS/DSP/Source/FilteringFunctions/arm_fir_init_q7.c ****   /* Assign filter taps */
  35              		.loc 1 65 1 is_stmt 0 view .LVU2
  36 0000 38B5     		push	{r3, r4, r5, lr}
  37              	.LCFI0:
  38              		.cfi_def_cfa_offset 16
  39              		.cfi_offset 3, -16
  40              		.cfi_offset 4, -12
  41              		.cfi_offset 5, -8
  42              		.cfi_offset 14, -4
  65:./Libraries/CMSIS/DSP/Source/FilteringFunctions/arm_fir_init_q7.c ****   /* Assign filter taps */
  43              		.loc 1 65 1 view .LVU3
  44 0002 049D     		ldr	r5, [sp, #16]
  45 0004 0446     		mov	r4, r0
  46              		.loc 1 67 14 view .LVU4
ARM GAS  /tmp/cc5hTNzm.s 			page 3


  47 0006 0180     		strh	r1, [r0]	@ movhi
  68:./Libraries/CMSIS/DSP/Source/FilteringFunctions/arm_fir_init_q7.c **** 
  69:./Libraries/CMSIS/DSP/Source/FilteringFunctions/arm_fir_init_q7.c ****   /* Assign coefficient pointer */
  70:./Libraries/CMSIS/DSP/Source/FilteringFunctions/arm_fir_init_q7.c ****   S->pCoeffs = pCoeffs;
  48              		.loc 1 70 3 is_stmt 1 view .LVU5
  71:./Libraries/CMSIS/DSP/Source/FilteringFunctions/arm_fir_init_q7.c **** 
  72:./Libraries/CMSIS/DSP/Source/FilteringFunctions/arm_fir_init_q7.c ****   /* Clear state buffer. The size is always (blockSize + numTaps - 1) */
  73:./Libraries/CMSIS/DSP/Source/FilteringFunctions/arm_fir_init_q7.c ****   memset(pState, 0, (numTaps + (blockSize - 1U)) * sizeof(q7_t));
  49              		.loc 1 73 50 is_stmt 0 view .LVU6
  50 0008 013D     		subs	r5, r5, #1
  70:./Libraries/CMSIS/DSP/Source/FilteringFunctions/arm_fir_init_q7.c **** 
  51              		.loc 1 70 14 view .LVU7
  52 000a 8260     		str	r2, [r0, #8]
  53              		.loc 1 73 3 is_stmt 1 view .LVU8
  54 000c 1846     		mov	r0, r3
  55              	.LVL1:
  56              		.loc 1 73 3 is_stmt 0 view .LVU9
  57 000e 6A18     		adds	r2, r5, r1
  58              	.LVL2:
  59              		.loc 1 73 3 view .LVU10
  60 0010 0021     		movs	r1, #0
  61              	.LVL3:
  62              		.loc 1 73 3 view .LVU11
  63 0012 FFF7FEFF 		bl	memset
  64              	.LVL4:
  74:./Libraries/CMSIS/DSP/Source/FilteringFunctions/arm_fir_init_q7.c **** 
  75:./Libraries/CMSIS/DSP/Source/FilteringFunctions/arm_fir_init_q7.c ****   /* Assign state pointer */
  76:./Libraries/CMSIS/DSP/Source/FilteringFunctions/arm_fir_init_q7.c ****   S->pState = pState;
  65              		.loc 1 76 3 is_stmt 1 view .LVU12
  66              		.loc 1 76 13 is_stmt 0 view .LVU13
  67 0016 6060     		str	r0, [r4, #4]
  77:./Libraries/CMSIS/DSP/Source/FilteringFunctions/arm_fir_init_q7.c **** }
  68              		.loc 1 77 1 view .LVU14
  69 0018 38BD     		pop	{r3, r4, r5, pc}
  70              		.loc 1 77 1 view .LVU15
  71              		.cfi_endproc
  72              	.LFE145:
  74 001a 00BF     		.text
  75              	.Letext0:
  76              		.file 2 "/usr/lib/gcc/arm-none-eabi/9.2.1/include/stdint.h"
  77              		.file 3 "/usr/lib/gcc/arm-none-eabi/9.2.1/include/stddef.h"
  78              		.file 4 "/usr/include/newlib/sys/_types.h"
  79              		.file 5 "/usr/include/newlib/sys/reent.h"
  80              		.file 6 "/usr/include/newlib/sys/lock.h"
  81              		.file 7 "/usr/include/newlib/math.h"
  82              		.file 8 "./Libraries/CMSIS/DSP/Include/arm_math.h"
  83              		.file 9 "<built-in>"
ARM GAS  /tmp/cc5hTNzm.s 			page 4


DEFINED SYMBOLS
                            *ABS*:0000000000000000 arm_fir_init_q7.c
     /tmp/cc5hTNzm.s:17     .text.arm_fir_init_q7:0000000000000000 $t
     /tmp/cc5hTNzm.s:26     .text.arm_fir_init_q7:0000000000000000 arm_fir_init_q7

UNDEFINED SYMBOLS
memset
