ARM GAS  /tmp/cci6pRAR.s 			page 1


   1              		.cpu cortex-m7
   2              		.eabi_attribute 28, 1
   3              		.eabi_attribute 20, 1
   4              		.eabi_attribute 21, 1
   5              		.eabi_attribute 23, 3
   6              		.eabi_attribute 24, 1
   7              		.eabi_attribute 25, 1
   8              		.eabi_attribute 26, 1
   9              		.eabi_attribute 30, 2
  10              		.eabi_attribute 34, 1
  11              		.eabi_attribute 18, 4
  12              		.file	"arm_sub_q7.c"
  13              		.text
  14              	.Ltext0:
  15              		.cfi_sections	.debug_frame
  16              		.section	.text.arm_sub_q7,"ax",%progbits
  17              		.align	1
  18              		.p2align 2,,3
  19              		.global	arm_sub_q7
  20              		.arch armv7e-m
  21              		.syntax unified
  22              		.thumb
  23              		.thumb_func
  24              		.fpu fpv5-d16
  26              	arm_sub_q7:
  27              	.LVL0:
  28              	.LFB145:
  29              		.file 1 "./Libraries/CMSIS/DSP/Source/BasicMathFunctions/arm_sub_q7.c"
   1:./Libraries/CMSIS/DSP/Source/BasicMathFunctions/arm_sub_q7.c **** /* ----------------------------------------------------------------------
   2:./Libraries/CMSIS/DSP/Source/BasicMathFunctions/arm_sub_q7.c ****  * Project:      CMSIS DSP Library
   3:./Libraries/CMSIS/DSP/Source/BasicMathFunctions/arm_sub_q7.c ****  * Title:        arm_sub_q7.c
   4:./Libraries/CMSIS/DSP/Source/BasicMathFunctions/arm_sub_q7.c ****  * Description:  Q7 vector subtraction
   5:./Libraries/CMSIS/DSP/Source/BasicMathFunctions/arm_sub_q7.c ****  *
   6:./Libraries/CMSIS/DSP/Source/BasicMathFunctions/arm_sub_q7.c ****  * $Date:        18. March 2019
   7:./Libraries/CMSIS/DSP/Source/BasicMathFunctions/arm_sub_q7.c ****  * $Revision:    V1.6.0
   8:./Libraries/CMSIS/DSP/Source/BasicMathFunctions/arm_sub_q7.c ****  *
   9:./Libraries/CMSIS/DSP/Source/BasicMathFunctions/arm_sub_q7.c ****  * Target Processor: Cortex-M cores
  10:./Libraries/CMSIS/DSP/Source/BasicMathFunctions/arm_sub_q7.c ****  * -------------------------------------------------------------------- */
  11:./Libraries/CMSIS/DSP/Source/BasicMathFunctions/arm_sub_q7.c **** /*
  12:./Libraries/CMSIS/DSP/Source/BasicMathFunctions/arm_sub_q7.c ****  * Copyright (C) 2010-2019 ARM Limited or its affiliates. All rights reserved.
  13:./Libraries/CMSIS/DSP/Source/BasicMathFunctions/arm_sub_q7.c ****  *
  14:./Libraries/CMSIS/DSP/Source/BasicMathFunctions/arm_sub_q7.c ****  * SPDX-License-Identifier: Apache-2.0
  15:./Libraries/CMSIS/DSP/Source/BasicMathFunctions/arm_sub_q7.c ****  *
  16:./Libraries/CMSIS/DSP/Source/BasicMathFunctions/arm_sub_q7.c ****  * Licensed under the Apache License, Version 2.0 (the License); you may
  17:./Libraries/CMSIS/DSP/Source/BasicMathFunctions/arm_sub_q7.c ****  * not use this file except in compliance with the License.
  18:./Libraries/CMSIS/DSP/Source/BasicMathFunctions/arm_sub_q7.c ****  * You may obtain a copy of the License at
  19:./Libraries/CMSIS/DSP/Source/BasicMathFunctions/arm_sub_q7.c ****  *
  20:./Libraries/CMSIS/DSP/Source/BasicMathFunctions/arm_sub_q7.c ****  * www.apache.org/licenses/LICENSE-2.0
  21:./Libraries/CMSIS/DSP/Source/BasicMathFunctions/arm_sub_q7.c ****  *
  22:./Libraries/CMSIS/DSP/Source/BasicMathFunctions/arm_sub_q7.c ****  * Unless required by applicable law or agreed to in writing, software
  23:./Libraries/CMSIS/DSP/Source/BasicMathFunctions/arm_sub_q7.c ****  * distributed under the License is distributed on an AS IS BASIS, WITHOUT
  24:./Libraries/CMSIS/DSP/Source/BasicMathFunctions/arm_sub_q7.c ****  * WARRANTIES OR CONDITIONS OF ANY KIND, either express or implied.
  25:./Libraries/CMSIS/DSP/Source/BasicMathFunctions/arm_sub_q7.c ****  * See the License for the specific language governing permissions and
  26:./Libraries/CMSIS/DSP/Source/BasicMathFunctions/arm_sub_q7.c ****  * limitations under the License.
  27:./Libraries/CMSIS/DSP/Source/BasicMathFunctions/arm_sub_q7.c ****  */
  28:./Libraries/CMSIS/DSP/Source/BasicMathFunctions/arm_sub_q7.c **** 
  29:./Libraries/CMSIS/DSP/Source/BasicMathFunctions/arm_sub_q7.c **** #include "arm_math.h"
ARM GAS  /tmp/cci6pRAR.s 			page 2


  30:./Libraries/CMSIS/DSP/Source/BasicMathFunctions/arm_sub_q7.c **** 
  31:./Libraries/CMSIS/DSP/Source/BasicMathFunctions/arm_sub_q7.c **** /**
  32:./Libraries/CMSIS/DSP/Source/BasicMathFunctions/arm_sub_q7.c ****   @ingroup groupMath
  33:./Libraries/CMSIS/DSP/Source/BasicMathFunctions/arm_sub_q7.c ****  */
  34:./Libraries/CMSIS/DSP/Source/BasicMathFunctions/arm_sub_q7.c **** 
  35:./Libraries/CMSIS/DSP/Source/BasicMathFunctions/arm_sub_q7.c **** /**
  36:./Libraries/CMSIS/DSP/Source/BasicMathFunctions/arm_sub_q7.c ****   @addtogroup BasicSub
  37:./Libraries/CMSIS/DSP/Source/BasicMathFunctions/arm_sub_q7.c ****   @{
  38:./Libraries/CMSIS/DSP/Source/BasicMathFunctions/arm_sub_q7.c ****  */
  39:./Libraries/CMSIS/DSP/Source/BasicMathFunctions/arm_sub_q7.c **** 
  40:./Libraries/CMSIS/DSP/Source/BasicMathFunctions/arm_sub_q7.c **** /**
  41:./Libraries/CMSIS/DSP/Source/BasicMathFunctions/arm_sub_q7.c ****   @brief         Q7 vector subtraction.
  42:./Libraries/CMSIS/DSP/Source/BasicMathFunctions/arm_sub_q7.c ****   @param[in]     pSrcA      points to the first input vector
  43:./Libraries/CMSIS/DSP/Source/BasicMathFunctions/arm_sub_q7.c ****   @param[in]     pSrcB      points to the second input vector
  44:./Libraries/CMSIS/DSP/Source/BasicMathFunctions/arm_sub_q7.c ****   @param[out]    pDst       points to the output vector
  45:./Libraries/CMSIS/DSP/Source/BasicMathFunctions/arm_sub_q7.c ****   @param[in]     blockSize  number of samples in each vector
  46:./Libraries/CMSIS/DSP/Source/BasicMathFunctions/arm_sub_q7.c ****   @return        none
  47:./Libraries/CMSIS/DSP/Source/BasicMathFunctions/arm_sub_q7.c **** 
  48:./Libraries/CMSIS/DSP/Source/BasicMathFunctions/arm_sub_q7.c ****   @par           Scaling and Overflow Behavior
  49:./Libraries/CMSIS/DSP/Source/BasicMathFunctions/arm_sub_q7.c ****                    The function uses saturating arithmetic.
  50:./Libraries/CMSIS/DSP/Source/BasicMathFunctions/arm_sub_q7.c ****                    Results outside of the allowable Q7 range [0x80 0x7F] will be saturated.
  51:./Libraries/CMSIS/DSP/Source/BasicMathFunctions/arm_sub_q7.c ****  */
  52:./Libraries/CMSIS/DSP/Source/BasicMathFunctions/arm_sub_q7.c **** 
  53:./Libraries/CMSIS/DSP/Source/BasicMathFunctions/arm_sub_q7.c **** void arm_sub_q7(
  54:./Libraries/CMSIS/DSP/Source/BasicMathFunctions/arm_sub_q7.c ****   const q7_t * pSrcA,
  55:./Libraries/CMSIS/DSP/Source/BasicMathFunctions/arm_sub_q7.c ****   const q7_t * pSrcB,
  56:./Libraries/CMSIS/DSP/Source/BasicMathFunctions/arm_sub_q7.c ****         q7_t * pDst,
  57:./Libraries/CMSIS/DSP/Source/BasicMathFunctions/arm_sub_q7.c ****         uint32_t blockSize)
  58:./Libraries/CMSIS/DSP/Source/BasicMathFunctions/arm_sub_q7.c **** {
  30              		.loc 1 58 1 view -0
  31              		.cfi_startproc
  32              		@ args = 0, pretend = 0, frame = 0
  33              		@ frame_needed = 0, uses_anonymous_args = 0
  34              		@ link register save eliminated.
  59:./Libraries/CMSIS/DSP/Source/BasicMathFunctions/arm_sub_q7.c ****         uint32_t blkCnt;                               /* Loop counter */
  35              		.loc 1 59 9 view .LVU1
  60:./Libraries/CMSIS/DSP/Source/BasicMathFunctions/arm_sub_q7.c **** 
  61:./Libraries/CMSIS/DSP/Source/BasicMathFunctions/arm_sub_q7.c **** #if defined (ARM_MATH_LOOPUNROLL)
  62:./Libraries/CMSIS/DSP/Source/BasicMathFunctions/arm_sub_q7.c **** 
  63:./Libraries/CMSIS/DSP/Source/BasicMathFunctions/arm_sub_q7.c ****   /* Loop unrolling: Compute 4 outputs at a time */
  64:./Libraries/CMSIS/DSP/Source/BasicMathFunctions/arm_sub_q7.c ****   blkCnt = blockSize >> 2U;
  65:./Libraries/CMSIS/DSP/Source/BasicMathFunctions/arm_sub_q7.c **** 
  66:./Libraries/CMSIS/DSP/Source/BasicMathFunctions/arm_sub_q7.c ****   while (blkCnt > 0U)
  67:./Libraries/CMSIS/DSP/Source/BasicMathFunctions/arm_sub_q7.c ****   {
  68:./Libraries/CMSIS/DSP/Source/BasicMathFunctions/arm_sub_q7.c ****     /* C = A - B */
  69:./Libraries/CMSIS/DSP/Source/BasicMathFunctions/arm_sub_q7.c **** 
  70:./Libraries/CMSIS/DSP/Source/BasicMathFunctions/arm_sub_q7.c **** #if defined (ARM_MATH_DSP)
  71:./Libraries/CMSIS/DSP/Source/BasicMathFunctions/arm_sub_q7.c ****     /* Subtract and store result in destination buffer (4 samples at a time). */
  72:./Libraries/CMSIS/DSP/Source/BasicMathFunctions/arm_sub_q7.c ****     write_q7x4_ia (&pDst, __QSUB8(read_q7x4_ia ((q7_t **) &pSrcA), read_q7x4_ia ((q7_t **) &pSrcB))
  73:./Libraries/CMSIS/DSP/Source/BasicMathFunctions/arm_sub_q7.c **** #else
  74:./Libraries/CMSIS/DSP/Source/BasicMathFunctions/arm_sub_q7.c ****     *pDst++ = (q7_t) __SSAT((q15_t) *pSrcA++ - *pSrcB++, 8);
  75:./Libraries/CMSIS/DSP/Source/BasicMathFunctions/arm_sub_q7.c ****     *pDst++ = (q7_t) __SSAT((q15_t) *pSrcA++ - *pSrcB++, 8);
  76:./Libraries/CMSIS/DSP/Source/BasicMathFunctions/arm_sub_q7.c ****     *pDst++ = (q7_t) __SSAT((q15_t) *pSrcA++ - *pSrcB++, 8);
  77:./Libraries/CMSIS/DSP/Source/BasicMathFunctions/arm_sub_q7.c ****     *pDst++ = (q7_t) __SSAT((q15_t) *pSrcA++ - *pSrcB++, 8);
  78:./Libraries/CMSIS/DSP/Source/BasicMathFunctions/arm_sub_q7.c **** #endif
  79:./Libraries/CMSIS/DSP/Source/BasicMathFunctions/arm_sub_q7.c **** 
  80:./Libraries/CMSIS/DSP/Source/BasicMathFunctions/arm_sub_q7.c ****     /* Decrement loop counter */
ARM GAS  /tmp/cci6pRAR.s 			page 3


  81:./Libraries/CMSIS/DSP/Source/BasicMathFunctions/arm_sub_q7.c ****     blkCnt--;
  82:./Libraries/CMSIS/DSP/Source/BasicMathFunctions/arm_sub_q7.c ****   }
  83:./Libraries/CMSIS/DSP/Source/BasicMathFunctions/arm_sub_q7.c **** 
  84:./Libraries/CMSIS/DSP/Source/BasicMathFunctions/arm_sub_q7.c ****   /* Loop unrolling: Compute remaining outputs */
  85:./Libraries/CMSIS/DSP/Source/BasicMathFunctions/arm_sub_q7.c ****   blkCnt = blockSize % 0x4U;
  86:./Libraries/CMSIS/DSP/Source/BasicMathFunctions/arm_sub_q7.c **** 
  87:./Libraries/CMSIS/DSP/Source/BasicMathFunctions/arm_sub_q7.c **** #else
  88:./Libraries/CMSIS/DSP/Source/BasicMathFunctions/arm_sub_q7.c **** 
  89:./Libraries/CMSIS/DSP/Source/BasicMathFunctions/arm_sub_q7.c ****   /* Initialize blkCnt with number of samples */
  90:./Libraries/CMSIS/DSP/Source/BasicMathFunctions/arm_sub_q7.c ****   blkCnt = blockSize;
  36              		.loc 1 90 3 view .LVU2
  91:./Libraries/CMSIS/DSP/Source/BasicMathFunctions/arm_sub_q7.c **** 
  92:./Libraries/CMSIS/DSP/Source/BasicMathFunctions/arm_sub_q7.c **** #endif /* #if defined (ARM_MATH_LOOPUNROLL) */
  93:./Libraries/CMSIS/DSP/Source/BasicMathFunctions/arm_sub_q7.c **** 
  94:./Libraries/CMSIS/DSP/Source/BasicMathFunctions/arm_sub_q7.c ****   while (blkCnt > 0U)
  37              		.loc 1 94 3 view .LVU3
  38              		.loc 1 94 9 view .LVU4
  39 0000 7BB1     		cbz	r3, .L9
  58:./Libraries/CMSIS/DSP/Source/BasicMathFunctions/arm_sub_q7.c ****         uint32_t blkCnt;                               /* Loop counter */
  40              		.loc 1 58 1 is_stmt 0 view .LVU5
  41 0002 30B4     		push	{r4, r5}
  42              	.LCFI0:
  43              		.cfi_def_cfa_offset 8
  44              		.cfi_offset 4, -8
  45              		.cfi_offset 5, -4
  46 0004 C518     		adds	r5, r0, r3
  47              	.LVL1:
  48              	.L3:
  95:./Libraries/CMSIS/DSP/Source/BasicMathFunctions/arm_sub_q7.c ****   {
  96:./Libraries/CMSIS/DSP/Source/BasicMathFunctions/arm_sub_q7.c ****     /* C = A - B */
  97:./Libraries/CMSIS/DSP/Source/BasicMathFunctions/arm_sub_q7.c **** 
  98:./Libraries/CMSIS/DSP/Source/BasicMathFunctions/arm_sub_q7.c ****     /* Subtract and store result in destination buffer. */
  99:./Libraries/CMSIS/DSP/Source/BasicMathFunctions/arm_sub_q7.c ****     *pDst++ = (q7_t) __SSAT((q15_t) *pSrcA++ - *pSrcB++, 8);
  49              		.loc 1 99 5 is_stmt 1 view .LVU6
  50              	.LBB2:
  51              		.loc 1 99 22 view .LVU7
  52              		.loc 1 99 22 view .LVU8
  53 0006 10F9013B 		ldrsb	r3, [r0], #1
  54              	.LVL2:
  55              		.loc 1 99 22 is_stmt 0 view .LVU9
  56 000a 11F9014B 		ldrsb	r4, [r1], #1
  57              	.LVL3:
  58              		.loc 1 99 22 view .LVU10
  59              	.LBE2:
  94:./Libraries/CMSIS/DSP/Source/BasicMathFunctions/arm_sub_q7.c ****   {
  60              		.loc 1 94 9 view .LVU11
  61 000e A842     		cmp	r0, r5
  62              	.LBB3:
  63              		.loc 1 99 22 view .LVU12
  64 0010 A3EB0403 		sub	r3, r3, r4
  65              	.LVL4:
  66              		.loc 1 99 22 view .LVU13
  67              		.syntax unified
  68              	@ 99 "./Libraries/CMSIS/DSP/Source/BasicMathFunctions/arm_sub_q7.c" 1
  69 0014 03F30703 		ssat r3, #8, r3
  70              	@ 0 "" 2
  71              	.LVL5:
ARM GAS  /tmp/cci6pRAR.s 			page 4


  72              		.loc 1 99 22 is_stmt 1 view .LVU14
  73              		.loc 1 99 22 is_stmt 0 view .LVU15
  74              		.thumb
  75              		.syntax unified
  76              	.LBE3:
  77              		.loc 1 99 15 view .LVU16
  78 0018 02F8013B 		strb	r3, [r2], #1
  79              	.LVL6:
 100:./Libraries/CMSIS/DSP/Source/BasicMathFunctions/arm_sub_q7.c **** 
 101:./Libraries/CMSIS/DSP/Source/BasicMathFunctions/arm_sub_q7.c ****     /* Decrement loop counter */
 102:./Libraries/CMSIS/DSP/Source/BasicMathFunctions/arm_sub_q7.c ****     blkCnt--;
  80              		.loc 1 102 5 is_stmt 1 view .LVU17
  94:./Libraries/CMSIS/DSP/Source/BasicMathFunctions/arm_sub_q7.c ****   {
  81              		.loc 1 94 9 view .LVU18
  82 001c F3D1     		bne	.L3
 103:./Libraries/CMSIS/DSP/Source/BasicMathFunctions/arm_sub_q7.c ****   }
 104:./Libraries/CMSIS/DSP/Source/BasicMathFunctions/arm_sub_q7.c **** 
 105:./Libraries/CMSIS/DSP/Source/BasicMathFunctions/arm_sub_q7.c **** }
  83              		.loc 1 105 1 is_stmt 0 view .LVU19
  84 001e 30BC     		pop	{r4, r5}
  85              	.LCFI1:
  86              		.cfi_restore 5
  87              		.cfi_restore 4
  88              		.cfi_def_cfa_offset 0
  89 0020 7047     		bx	lr
  90              	.LVL7:
  91              	.L9:
  92              		.loc 1 105 1 view .LVU20
  93 0022 7047     		bx	lr
  94              		.cfi_endproc
  95              	.LFE145:
  97              		.text
  98              	.Letext0:
  99              		.file 2 "/usr/lib/gcc/arm-none-eabi/9.2.1/include/stdint.h"
 100              		.file 3 "/usr/lib/gcc/arm-none-eabi/9.2.1/include/stddef.h"
 101              		.file 4 "/usr/include/newlib/sys/_types.h"
 102              		.file 5 "/usr/include/newlib/sys/reent.h"
 103              		.file 6 "/usr/include/newlib/sys/lock.h"
 104              		.file 7 "/usr/include/newlib/math.h"
 105              		.file 8 "./Libraries/CMSIS/DSP/Include/arm_math.h"
ARM GAS  /tmp/cci6pRAR.s 			page 5


DEFINED SYMBOLS
                            *ABS*:0000000000000000 arm_sub_q7.c
     /tmp/cci6pRAR.s:17     .text.arm_sub_q7:0000000000000000 $t
     /tmp/cci6pRAR.s:26     .text.arm_sub_q7:0000000000000000 arm_sub_q7

NO UNDEFINED SYMBOLS
