ARM GAS  /var/folders/wl/rshn8xbx1dsfj1zgryf4g1240000gn/T//ccJoItxT.s 			page 1


   1              		.cpu cortex-m7
   2              		.eabi_attribute 28, 1
   3              		.eabi_attribute 20, 1
   4              		.eabi_attribute 21, 1
   5              		.eabi_attribute 23, 3
   6              		.eabi_attribute 24, 1
   7              		.eabi_attribute 25, 1
   8              		.eabi_attribute 26, 1
   9              		.eabi_attribute 30, 2
  10              		.eabi_attribute 34, 1
  11              		.eabi_attribute 18, 4
  12              		.file	"arm_rms_q15.c"
  13              		.text
  14              	.Ltext0:
  15              		.cfi_sections	.debug_frame
  16              		.global	__aeabi_ldivmod
  17              		.section	.text.arm_rms_q15,"ax",%progbits
  18              		.align	1
  19              		.p2align 2,,3
  20              		.global	arm_rms_q15
  21              		.arch armv7e-m
  22              		.syntax unified
  23              		.thumb
  24              		.thumb_func
  25              		.fpu fpv5-d16
  27              	arm_rms_q15:
  28              	.LVL0:
  29              	.LFB145:
  30              		.file 1 ".//Libraries/CMSIS/DSP/Source/StatisticsFunctions/arm_rms_q15.c"
   1:.//Libraries/CMSIS/DSP/Source/StatisticsFunctions/arm_rms_q15.c **** /* ----------------------------------------------------------------------
   2:.//Libraries/CMSIS/DSP/Source/StatisticsFunctions/arm_rms_q15.c ****  * Project:      CMSIS DSP Library
   3:.//Libraries/CMSIS/DSP/Source/StatisticsFunctions/arm_rms_q15.c ****  * Title:        arm_rms_q15.c
   4:.//Libraries/CMSIS/DSP/Source/StatisticsFunctions/arm_rms_q15.c ****  * Description:  Root Mean Square of the elements of a Q15 vector
   5:.//Libraries/CMSIS/DSP/Source/StatisticsFunctions/arm_rms_q15.c ****  *
   6:.//Libraries/CMSIS/DSP/Source/StatisticsFunctions/arm_rms_q15.c ****  * $Date:        18. March 2019
   7:.//Libraries/CMSIS/DSP/Source/StatisticsFunctions/arm_rms_q15.c ****  * $Revision:    V1.6.0
   8:.//Libraries/CMSIS/DSP/Source/StatisticsFunctions/arm_rms_q15.c ****  *
   9:.//Libraries/CMSIS/DSP/Source/StatisticsFunctions/arm_rms_q15.c ****  * Target Processor: Cortex-M cores
  10:.//Libraries/CMSIS/DSP/Source/StatisticsFunctions/arm_rms_q15.c ****  * -------------------------------------------------------------------- */
  11:.//Libraries/CMSIS/DSP/Source/StatisticsFunctions/arm_rms_q15.c **** /*
  12:.//Libraries/CMSIS/DSP/Source/StatisticsFunctions/arm_rms_q15.c ****  * Copyright (C) 2010-2019 ARM Limited or its affiliates. All rights reserved.
  13:.//Libraries/CMSIS/DSP/Source/StatisticsFunctions/arm_rms_q15.c ****  *
  14:.//Libraries/CMSIS/DSP/Source/StatisticsFunctions/arm_rms_q15.c ****  * SPDX-License-Identifier: Apache-2.0
  15:.//Libraries/CMSIS/DSP/Source/StatisticsFunctions/arm_rms_q15.c ****  *
  16:.//Libraries/CMSIS/DSP/Source/StatisticsFunctions/arm_rms_q15.c ****  * Licensed under the Apache License, Version 2.0 (the License); you may
  17:.//Libraries/CMSIS/DSP/Source/StatisticsFunctions/arm_rms_q15.c ****  * not use this file except in compliance with the License.
  18:.//Libraries/CMSIS/DSP/Source/StatisticsFunctions/arm_rms_q15.c ****  * You may obtain a copy of the License at
  19:.//Libraries/CMSIS/DSP/Source/StatisticsFunctions/arm_rms_q15.c ****  *
  20:.//Libraries/CMSIS/DSP/Source/StatisticsFunctions/arm_rms_q15.c ****  * www.apache.org/licenses/LICENSE-2.0
  21:.//Libraries/CMSIS/DSP/Source/StatisticsFunctions/arm_rms_q15.c ****  *
  22:.//Libraries/CMSIS/DSP/Source/StatisticsFunctions/arm_rms_q15.c ****  * Unless required by applicable law or agreed to in writing, software
  23:.//Libraries/CMSIS/DSP/Source/StatisticsFunctions/arm_rms_q15.c ****  * distributed under the License is distributed on an AS IS BASIS, WITHOUT
  24:.//Libraries/CMSIS/DSP/Source/StatisticsFunctions/arm_rms_q15.c ****  * WARRANTIES OR CONDITIONS OF ANY KIND, either express or implied.
  25:.//Libraries/CMSIS/DSP/Source/StatisticsFunctions/arm_rms_q15.c ****  * See the License for the specific language governing permissions and
  26:.//Libraries/CMSIS/DSP/Source/StatisticsFunctions/arm_rms_q15.c ****  * limitations under the License.
  27:.//Libraries/CMSIS/DSP/Source/StatisticsFunctions/arm_rms_q15.c ****  */
  28:.//Libraries/CMSIS/DSP/Source/StatisticsFunctions/arm_rms_q15.c **** 
ARM GAS  /var/folders/wl/rshn8xbx1dsfj1zgryf4g1240000gn/T//ccJoItxT.s 			page 2


  29:.//Libraries/CMSIS/DSP/Source/StatisticsFunctions/arm_rms_q15.c **** #include "arm_math.h"
  30:.//Libraries/CMSIS/DSP/Source/StatisticsFunctions/arm_rms_q15.c **** 
  31:.//Libraries/CMSIS/DSP/Source/StatisticsFunctions/arm_rms_q15.c **** /**
  32:.//Libraries/CMSIS/DSP/Source/StatisticsFunctions/arm_rms_q15.c ****   @ingroup groupStats
  33:.//Libraries/CMSIS/DSP/Source/StatisticsFunctions/arm_rms_q15.c ****  */
  34:.//Libraries/CMSIS/DSP/Source/StatisticsFunctions/arm_rms_q15.c **** 
  35:.//Libraries/CMSIS/DSP/Source/StatisticsFunctions/arm_rms_q15.c **** /**
  36:.//Libraries/CMSIS/DSP/Source/StatisticsFunctions/arm_rms_q15.c ****   @addtogroup RMS
  37:.//Libraries/CMSIS/DSP/Source/StatisticsFunctions/arm_rms_q15.c ****   @{
  38:.//Libraries/CMSIS/DSP/Source/StatisticsFunctions/arm_rms_q15.c ****  */
  39:.//Libraries/CMSIS/DSP/Source/StatisticsFunctions/arm_rms_q15.c **** 
  40:.//Libraries/CMSIS/DSP/Source/StatisticsFunctions/arm_rms_q15.c **** /**
  41:.//Libraries/CMSIS/DSP/Source/StatisticsFunctions/arm_rms_q15.c ****   @brief         Root Mean Square of the elements of a Q15 vector.
  42:.//Libraries/CMSIS/DSP/Source/StatisticsFunctions/arm_rms_q15.c ****   @param[in]     pSrc       points to the input vector
  43:.//Libraries/CMSIS/DSP/Source/StatisticsFunctions/arm_rms_q15.c ****   @param[in]     blockSize  number of samples in input vector
  44:.//Libraries/CMSIS/DSP/Source/StatisticsFunctions/arm_rms_q15.c ****   @param[out]    pResult    root mean square value returned here
  45:.//Libraries/CMSIS/DSP/Source/StatisticsFunctions/arm_rms_q15.c ****   @return        none
  46:.//Libraries/CMSIS/DSP/Source/StatisticsFunctions/arm_rms_q15.c **** 
  47:.//Libraries/CMSIS/DSP/Source/StatisticsFunctions/arm_rms_q15.c ****   @par           Scaling and Overflow Behavior
  48:.//Libraries/CMSIS/DSP/Source/StatisticsFunctions/arm_rms_q15.c ****                    The function is implemented using a 64-bit internal accumulator.
  49:.//Libraries/CMSIS/DSP/Source/StatisticsFunctions/arm_rms_q15.c ****                    The input is represented in 1.15 format.
  50:.//Libraries/CMSIS/DSP/Source/StatisticsFunctions/arm_rms_q15.c ****                    Intermediate multiplication yields a 2.30 format, and this
  51:.//Libraries/CMSIS/DSP/Source/StatisticsFunctions/arm_rms_q15.c ****                    result is added without saturation to a 64-bit accumulator in 34.30 format.
  52:.//Libraries/CMSIS/DSP/Source/StatisticsFunctions/arm_rms_q15.c ****                    With 33 guard bits in the accumulator, there is no risk of overflow, and the
  53:.//Libraries/CMSIS/DSP/Source/StatisticsFunctions/arm_rms_q15.c ****                    full precision of the intermediate multiplication is preserved.
  54:.//Libraries/CMSIS/DSP/Source/StatisticsFunctions/arm_rms_q15.c ****                    Finally, the 34.30 result is truncated to 34.15 format by discarding the lower
  55:.//Libraries/CMSIS/DSP/Source/StatisticsFunctions/arm_rms_q15.c ****                    15 bits, and then saturated to yield a result in 1.15 format.
  56:.//Libraries/CMSIS/DSP/Source/StatisticsFunctions/arm_rms_q15.c ****  */
  57:.//Libraries/CMSIS/DSP/Source/StatisticsFunctions/arm_rms_q15.c **** 
  58:.//Libraries/CMSIS/DSP/Source/StatisticsFunctions/arm_rms_q15.c **** void arm_rms_q15(
  59:.//Libraries/CMSIS/DSP/Source/StatisticsFunctions/arm_rms_q15.c ****   const q15_t * pSrc,
  60:.//Libraries/CMSIS/DSP/Source/StatisticsFunctions/arm_rms_q15.c ****         uint32_t blockSize,
  61:.//Libraries/CMSIS/DSP/Source/StatisticsFunctions/arm_rms_q15.c ****         q15_t * pResult)
  62:.//Libraries/CMSIS/DSP/Source/StatisticsFunctions/arm_rms_q15.c **** {
  31              		.loc 1 62 1 view -0
  32              		.cfi_startproc
  33              		@ args = 0, pretend = 0, frame = 0
  34              		@ frame_needed = 0, uses_anonymous_args = 0
  63:.//Libraries/CMSIS/DSP/Source/StatisticsFunctions/arm_rms_q15.c ****         uint32_t blkCnt;                               /* Loop counter */
  35              		.loc 1 63 9 view .LVU1
  64:.//Libraries/CMSIS/DSP/Source/StatisticsFunctions/arm_rms_q15.c ****         q63_t sum = 0;                                 /* Temporary result storage */
  36              		.loc 1 64 9 view .LVU2
  65:.//Libraries/CMSIS/DSP/Source/StatisticsFunctions/arm_rms_q15.c ****         q15_t in;                                      /* Temporary variable to store input value *
  37              		.loc 1 65 9 view .LVU3
  66:.//Libraries/CMSIS/DSP/Source/StatisticsFunctions/arm_rms_q15.c **** 
  67:.//Libraries/CMSIS/DSP/Source/StatisticsFunctions/arm_rms_q15.c **** #if defined (ARM_MATH_LOOPUNROLL) && defined (ARM_MATH_DSP)
  68:.//Libraries/CMSIS/DSP/Source/StatisticsFunctions/arm_rms_q15.c ****         q31_t in32;                                    /* Temporary variable to store input value *
  69:.//Libraries/CMSIS/DSP/Source/StatisticsFunctions/arm_rms_q15.c **** #endif
  70:.//Libraries/CMSIS/DSP/Source/StatisticsFunctions/arm_rms_q15.c **** 
  71:.//Libraries/CMSIS/DSP/Source/StatisticsFunctions/arm_rms_q15.c **** #if defined (ARM_MATH_LOOPUNROLL)
  72:.//Libraries/CMSIS/DSP/Source/StatisticsFunctions/arm_rms_q15.c **** 
  73:.//Libraries/CMSIS/DSP/Source/StatisticsFunctions/arm_rms_q15.c ****   /* Loop unrolling: Compute 4 outputs at a time */
  74:.//Libraries/CMSIS/DSP/Source/StatisticsFunctions/arm_rms_q15.c ****   blkCnt = blockSize >> 2U;
  75:.//Libraries/CMSIS/DSP/Source/StatisticsFunctions/arm_rms_q15.c **** 
  76:.//Libraries/CMSIS/DSP/Source/StatisticsFunctions/arm_rms_q15.c ****   while (blkCnt > 0U)
  77:.//Libraries/CMSIS/DSP/Source/StatisticsFunctions/arm_rms_q15.c ****   {
  78:.//Libraries/CMSIS/DSP/Source/StatisticsFunctions/arm_rms_q15.c ****     /* C = A[0] * A[0] + A[1] * A[1] + ... + A[blockSize-1] * A[blockSize-1] */
ARM GAS  /var/folders/wl/rshn8xbx1dsfj1zgryf4g1240000gn/T//ccJoItxT.s 			page 3


  79:.//Libraries/CMSIS/DSP/Source/StatisticsFunctions/arm_rms_q15.c **** 
  80:.//Libraries/CMSIS/DSP/Source/StatisticsFunctions/arm_rms_q15.c ****     /* Compute sum of squares and store result in a temporary variable. */
  81:.//Libraries/CMSIS/DSP/Source/StatisticsFunctions/arm_rms_q15.c **** #if defined (ARM_MATH_DSP)
  82:.//Libraries/CMSIS/DSP/Source/StatisticsFunctions/arm_rms_q15.c ****     in32 = read_q15x2_ia ((q15_t **) &pSrc);
  83:.//Libraries/CMSIS/DSP/Source/StatisticsFunctions/arm_rms_q15.c ****     sum = __SMLALD(in32, in32, sum);
  84:.//Libraries/CMSIS/DSP/Source/StatisticsFunctions/arm_rms_q15.c **** 
  85:.//Libraries/CMSIS/DSP/Source/StatisticsFunctions/arm_rms_q15.c ****     in32 = read_q15x2_ia ((q15_t **) &pSrc);
  86:.//Libraries/CMSIS/DSP/Source/StatisticsFunctions/arm_rms_q15.c ****     sum = __SMLALD(in32, in32, sum);
  87:.//Libraries/CMSIS/DSP/Source/StatisticsFunctions/arm_rms_q15.c **** #else
  88:.//Libraries/CMSIS/DSP/Source/StatisticsFunctions/arm_rms_q15.c ****     in = *pSrc++;
  89:.//Libraries/CMSIS/DSP/Source/StatisticsFunctions/arm_rms_q15.c ****     sum += ((q31_t) in * in);
  90:.//Libraries/CMSIS/DSP/Source/StatisticsFunctions/arm_rms_q15.c **** 
  91:.//Libraries/CMSIS/DSP/Source/StatisticsFunctions/arm_rms_q15.c ****     in = *pSrc++;
  92:.//Libraries/CMSIS/DSP/Source/StatisticsFunctions/arm_rms_q15.c ****     sum += ((q31_t) in * in);
  93:.//Libraries/CMSIS/DSP/Source/StatisticsFunctions/arm_rms_q15.c **** 
  94:.//Libraries/CMSIS/DSP/Source/StatisticsFunctions/arm_rms_q15.c ****     in = *pSrc++;
  95:.//Libraries/CMSIS/DSP/Source/StatisticsFunctions/arm_rms_q15.c ****     sum += ((q31_t) in * in);
  96:.//Libraries/CMSIS/DSP/Source/StatisticsFunctions/arm_rms_q15.c **** 
  97:.//Libraries/CMSIS/DSP/Source/StatisticsFunctions/arm_rms_q15.c ****     in = *pSrc++;
  98:.//Libraries/CMSIS/DSP/Source/StatisticsFunctions/arm_rms_q15.c ****     sum += ((q31_t) in * in);
  99:.//Libraries/CMSIS/DSP/Source/StatisticsFunctions/arm_rms_q15.c **** #endif /* #if defined (ARM_MATH_DSP) */
 100:.//Libraries/CMSIS/DSP/Source/StatisticsFunctions/arm_rms_q15.c **** 
 101:.//Libraries/CMSIS/DSP/Source/StatisticsFunctions/arm_rms_q15.c ****     /* Decrement loop counter */
 102:.//Libraries/CMSIS/DSP/Source/StatisticsFunctions/arm_rms_q15.c ****     blkCnt--;
 103:.//Libraries/CMSIS/DSP/Source/StatisticsFunctions/arm_rms_q15.c ****   }
 104:.//Libraries/CMSIS/DSP/Source/StatisticsFunctions/arm_rms_q15.c **** 
 105:.//Libraries/CMSIS/DSP/Source/StatisticsFunctions/arm_rms_q15.c ****   /* Loop unrolling: Compute remaining outputs */
 106:.//Libraries/CMSIS/DSP/Source/StatisticsFunctions/arm_rms_q15.c ****   blkCnt = blockSize % 0x4U;
 107:.//Libraries/CMSIS/DSP/Source/StatisticsFunctions/arm_rms_q15.c **** 
 108:.//Libraries/CMSIS/DSP/Source/StatisticsFunctions/arm_rms_q15.c **** #else
 109:.//Libraries/CMSIS/DSP/Source/StatisticsFunctions/arm_rms_q15.c **** 
 110:.//Libraries/CMSIS/DSP/Source/StatisticsFunctions/arm_rms_q15.c ****   /* Initialize blkCnt with number of samples */
 111:.//Libraries/CMSIS/DSP/Source/StatisticsFunctions/arm_rms_q15.c ****   blkCnt = blockSize;
  38              		.loc 1 111 3 view .LVU4
 112:.//Libraries/CMSIS/DSP/Source/StatisticsFunctions/arm_rms_q15.c **** 
 113:.//Libraries/CMSIS/DSP/Source/StatisticsFunctions/arm_rms_q15.c **** #endif /* #if defined (ARM_MATH_LOOPUNROLL) */
 114:.//Libraries/CMSIS/DSP/Source/StatisticsFunctions/arm_rms_q15.c **** 
 115:.//Libraries/CMSIS/DSP/Source/StatisticsFunctions/arm_rms_q15.c ****   while (blkCnt > 0U)
  39              		.loc 1 115 3 view .LVU5
  40              		.loc 1 115 9 view .LVU6
  62:.//Libraries/CMSIS/DSP/Source/StatisticsFunctions/arm_rms_q15.c ****         uint32_t blkCnt;                               /* Loop counter */
  41              		.loc 1 62 1 is_stmt 0 view .LVU7
  42 0000 F8B5     		push	{r3, r4, r5, r6, r7, lr}
  43              	.LCFI0:
  44              		.cfi_def_cfa_offset 24
  45              		.cfi_offset 3, -24
  46              		.cfi_offset 4, -20
  47              		.cfi_offset 5, -16
  48              		.cfi_offset 6, -12
  49              		.cfi_offset 7, -8
  50              		.cfi_offset 14, -4
  62:.//Libraries/CMSIS/DSP/Source/StatisticsFunctions/arm_rms_q15.c ****         uint32_t blkCnt;                               /* Loop counter */
  51              		.loc 1 62 1 view .LVU8
  52 0002 1546     		mov	r5, r2
  53              		.loc 1 115 9 view .LVU9
  54 0004 81B1     		cbz	r1, .L2
  55 0006 0B46     		mov	r3, r1
ARM GAS  /var/folders/wl/rshn8xbx1dsfj1zgryf4g1240000gn/T//ccJoItxT.s 			page 4


  64:.//Libraries/CMSIS/DSP/Source/StatisticsFunctions/arm_rms_q15.c ****         q15_t in;                                      /* Temporary variable to store input value *
  56              		.loc 1 64 15 view .LVU10
  57 0008 0026     		movs	r6, #0
  58 000a 0027     		movs	r7, #0
  59              	.LVL1:
  60              	.L3:
 116:.//Libraries/CMSIS/DSP/Source/StatisticsFunctions/arm_rms_q15.c ****   {
 117:.//Libraries/CMSIS/DSP/Source/StatisticsFunctions/arm_rms_q15.c ****     /* C = A[0] * A[0] + A[1] * A[1] + ... + A[blockSize-1] * A[blockSize-1] */
 118:.//Libraries/CMSIS/DSP/Source/StatisticsFunctions/arm_rms_q15.c **** 
 119:.//Libraries/CMSIS/DSP/Source/StatisticsFunctions/arm_rms_q15.c ****     in = *pSrc++;
  61              		.loc 1 119 5 is_stmt 1 view .LVU11
  62              		.loc 1 119 8 is_stmt 0 view .LVU12
  63 000c 30F9024B 		ldrsh	r4, [r0], #2
  64              	.LVL2:
 120:.//Libraries/CMSIS/DSP/Source/StatisticsFunctions/arm_rms_q15.c ****     /* Compute sum of squares and store result in a temporary variable. */
 121:.//Libraries/CMSIS/DSP/Source/StatisticsFunctions/arm_rms_q15.c ****     sum += ((q31_t) in * in);
  65              		.loc 1 121 5 is_stmt 1 view .LVU13
 115:.//Libraries/CMSIS/DSP/Source/StatisticsFunctions/arm_rms_q15.c ****   {
  66              		.loc 1 115 9 is_stmt 0 view .LVU14
  67 0010 013B     		subs	r3, r3, #1
  68              	.LVL3:
  69              		.loc 1 121 9 view .LVU15
  70 0012 C4FB8467 		smlalbb	r6, r7, r4, r4
  71              	.LVL4:
 122:.//Libraries/CMSIS/DSP/Source/StatisticsFunctions/arm_rms_q15.c **** 
 123:.//Libraries/CMSIS/DSP/Source/StatisticsFunctions/arm_rms_q15.c ****     /* Decrement loop counter */
 124:.//Libraries/CMSIS/DSP/Source/StatisticsFunctions/arm_rms_q15.c ****     blkCnt--;
  72              		.loc 1 124 5 is_stmt 1 view .LVU16
 115:.//Libraries/CMSIS/DSP/Source/StatisticsFunctions/arm_rms_q15.c ****   {
  73              		.loc 1 115 9 view .LVU17
  74 0016 F9D1     		bne	.L3
  75 0018 0A46     		mov	r2, r1
  76              	.LVL5:
 115:.//Libraries/CMSIS/DSP/Source/StatisticsFunctions/arm_rms_q15.c ****   {
  77              		.loc 1 115 9 is_stmt 0 view .LVU18
  78 001a 3046     		mov	r0, r6
  79              	.LVL6:
 115:.//Libraries/CMSIS/DSP/Source/StatisticsFunctions/arm_rms_q15.c ****   {
  80              		.loc 1 115 9 view .LVU19
  81 001c 3946     		mov	r1, r7
  82              	.LVL7:
 115:.//Libraries/CMSIS/DSP/Source/StatisticsFunctions/arm_rms_q15.c ****   {
  83              		.loc 1 115 9 view .LVU20
  84 001e FFF7FEFF 		bl	__aeabi_ldivmod
  85              	.LVL8:
 115:.//Libraries/CMSIS/DSP/Source/StatisticsFunctions/arm_rms_q15.c ****   {
  86              		.loc 1 115 9 view .LVU21
  87 0022 C30B     		lsrs	r3, r0, #15
  88 0024 43EA4141 		orr	r1, r3, r1, lsl #17
  89              	.LVL9:
  90              	.L2:
 125:.//Libraries/CMSIS/DSP/Source/StatisticsFunctions/arm_rms_q15.c ****   }
 126:.//Libraries/CMSIS/DSP/Source/StatisticsFunctions/arm_rms_q15.c **** 
 127:.//Libraries/CMSIS/DSP/Source/StatisticsFunctions/arm_rms_q15.c ****   /* Truncating and saturating the accumulator to 1.15 format */
 128:.//Libraries/CMSIS/DSP/Source/StatisticsFunctions/arm_rms_q15.c ****   /* Store result in destination */
 129:.//Libraries/CMSIS/DSP/Source/StatisticsFunctions/arm_rms_q15.c ****   arm_sqrt_q15(__SSAT((sum / (q63_t)blockSize) >> 15, 16), pResult);
  91              		.loc 1 129 3 is_stmt 1 view .LVU22
ARM GAS  /var/folders/wl/rshn8xbx1dsfj1zgryf4g1240000gn/T//ccJoItxT.s 			page 5


  92              	.LBB2:
  93              		.loc 1 129 16 view .LVU23
  94              		.loc 1 129 16 view .LVU24
  95              		.syntax unified
  96              	@ 129 ".//Libraries/CMSIS/DSP/Source/StatisticsFunctions/arm_rms_q15.c" 1
  97 0028 01F30F00 		ssat r0, #16, r1
  98              	@ 0 "" 2
  99              	.LVL10:
 100              		.loc 1 129 16 view .LVU25
 101              		.thumb
 102              		.syntax unified
 103              	.LBE2:
 104              		.loc 1 129 3 is_stmt 0 view .LVU26
 105 002c 2946     		mov	r1, r5
 106 002e 00B2     		sxth	r0, r0
 107              	.LVL11:
 130:.//Libraries/CMSIS/DSP/Source/StatisticsFunctions/arm_rms_q15.c **** }
 108              		.loc 1 130 1 view .LVU27
 109 0030 BDE8F840 		pop	{r3, r4, r5, r6, r7, lr}
 110              	.LCFI1:
 111              		.cfi_restore 14
 112              		.cfi_restore 7
 113              		.cfi_restore 6
 114              		.cfi_restore 5
 115              		.cfi_restore 4
 116              		.cfi_restore 3
 117              		.cfi_def_cfa_offset 0
 118              	.LVL12:
 129:.//Libraries/CMSIS/DSP/Source/StatisticsFunctions/arm_rms_q15.c **** }
 119              		.loc 1 129 3 view .LVU28
 120 0034 FFF7FEBF 		b	arm_sqrt_q15
 121              	.LVL13:
 129:.//Libraries/CMSIS/DSP/Source/StatisticsFunctions/arm_rms_q15.c **** }
 122              		.loc 1 129 3 view .LVU29
 123              		.cfi_endproc
 124              	.LFE145:
 126              		.text
 127              	.Letext0:
 128              		.file 2 "/opt/homebrew/Cellar/arm-none-eabi-gcc/9-2019-q4-major/gcc/arm-none-eabi/include/machine/
 129              		.file 3 "/opt/homebrew/Cellar/arm-none-eabi-gcc/9-2019-q4-major/gcc/arm-none-eabi/include/sys/_std
 130              		.file 4 "/opt/homebrew/Cellar/arm-none-eabi-gcc/9-2019-q4-major/gcc/arm-none-eabi/include/sys/lock
 131              		.file 5 "/opt/homebrew/Cellar/arm-none-eabi-gcc/9-2019-q4-major/gcc/arm-none-eabi/include/sys/_typ
 132              		.file 6 "/opt/homebrew/Cellar/arm-none-eabi-gcc/9-2019-q4-major/gcc/lib/gcc/arm-none-eabi/9.2.1/in
 133              		.file 7 "/opt/homebrew/Cellar/arm-none-eabi-gcc/9-2019-q4-major/gcc/arm-none-eabi/include/sys/reen
 134              		.file 8 "/opt/homebrew/Cellar/arm-none-eabi-gcc/9-2019-q4-major/gcc/arm-none-eabi/include/math.h"
 135              		.file 9 ".//Libraries/CMSIS/DSP/Include/arm_math.h"
ARM GAS  /var/folders/wl/rshn8xbx1dsfj1zgryf4g1240000gn/T//ccJoItxT.s 			page 6


DEFINED SYMBOLS
                            *ABS*:0000000000000000 arm_rms_q15.c
/var/folders/wl/rshn8xbx1dsfj1zgryf4g1240000gn/T//ccJoItxT.s:18     .text.arm_rms_q15:0000000000000000 $t
/var/folders/wl/rshn8xbx1dsfj1zgryf4g1240000gn/T//ccJoItxT.s:27     .text.arm_rms_q15:0000000000000000 arm_rms_q15

UNDEFINED SYMBOLS
__aeabi_ldivmod
arm_sqrt_q15
