ARM GAS  /var/folders/wl/rshn8xbx1dsfj1zgryf4g1240000gn/T//ccauw6tN.s 			page 1


   1              		.cpu cortex-m7
   2              		.eabi_attribute 28, 1
   3              		.eabi_attribute 20, 1
   4              		.eabi_attribute 21, 1
   5              		.eabi_attribute 23, 3
   6              		.eabi_attribute 24, 1
   7              		.eabi_attribute 25, 1
   8              		.eabi_attribute 26, 1
   9              		.eabi_attribute 30, 2
  10              		.eabi_attribute 34, 1
  11              		.eabi_attribute 18, 4
  12              		.file	"arm_fir_sparse_init_q31.c"
  13              		.text
  14              	.Ltext0:
  15              		.cfi_sections	.debug_frame
  16              		.section	.text.arm_fir_sparse_init_q31,"ax",%progbits
  17              		.align	1
  18              		.p2align 2,,3
  19              		.global	arm_fir_sparse_init_q31
  20              		.arch armv7e-m
  21              		.syntax unified
  22              		.thumb
  23              		.thumb_func
  24              		.fpu fpv5-d16
  26              	arm_fir_sparse_init_q31:
  27              	.LVL0:
  28              	.LFB145:
  29              		.file 1 ".//Libraries/CMSIS/DSP/Source/FilteringFunctions/arm_fir_sparse_init_q31.c"
   1:.//Libraries/CMSIS/DSP/Source/FilteringFunctions/arm_fir_sparse_init_q31.c **** /* ----------------------------------------------------------------------
   2:.//Libraries/CMSIS/DSP/Source/FilteringFunctions/arm_fir_sparse_init_q31.c ****  * Project:      CMSIS DSP Library
   3:.//Libraries/CMSIS/DSP/Source/FilteringFunctions/arm_fir_sparse_init_q31.c ****  * Title:        arm_fir_sparse_init_q31.c
   4:.//Libraries/CMSIS/DSP/Source/FilteringFunctions/arm_fir_sparse_init_q31.c ****  * Description:  Q31 sparse FIR filter initialization function
   5:.//Libraries/CMSIS/DSP/Source/FilteringFunctions/arm_fir_sparse_init_q31.c ****  *
   6:.//Libraries/CMSIS/DSP/Source/FilteringFunctions/arm_fir_sparse_init_q31.c ****  * $Date:        18. March 2019
   7:.//Libraries/CMSIS/DSP/Source/FilteringFunctions/arm_fir_sparse_init_q31.c ****  * $Revision:    V1.6.0
   8:.//Libraries/CMSIS/DSP/Source/FilteringFunctions/arm_fir_sparse_init_q31.c ****  *
   9:.//Libraries/CMSIS/DSP/Source/FilteringFunctions/arm_fir_sparse_init_q31.c ****  * Target Processor: Cortex-M cores
  10:.//Libraries/CMSIS/DSP/Source/FilteringFunctions/arm_fir_sparse_init_q31.c ****  * -------------------------------------------------------------------- */
  11:.//Libraries/CMSIS/DSP/Source/FilteringFunctions/arm_fir_sparse_init_q31.c **** /*
  12:.//Libraries/CMSIS/DSP/Source/FilteringFunctions/arm_fir_sparse_init_q31.c ****  * Copyright (C) 2010-2019 ARM Limited or its affiliates. All rights reserved.
  13:.//Libraries/CMSIS/DSP/Source/FilteringFunctions/arm_fir_sparse_init_q31.c ****  *
  14:.//Libraries/CMSIS/DSP/Source/FilteringFunctions/arm_fir_sparse_init_q31.c ****  * SPDX-License-Identifier: Apache-2.0
  15:.//Libraries/CMSIS/DSP/Source/FilteringFunctions/arm_fir_sparse_init_q31.c ****  *
  16:.//Libraries/CMSIS/DSP/Source/FilteringFunctions/arm_fir_sparse_init_q31.c ****  * Licensed under the Apache License, Version 2.0 (the License); you may
  17:.//Libraries/CMSIS/DSP/Source/FilteringFunctions/arm_fir_sparse_init_q31.c ****  * not use this file except in compliance with the License.
  18:.//Libraries/CMSIS/DSP/Source/FilteringFunctions/arm_fir_sparse_init_q31.c ****  * You may obtain a copy of the License at
  19:.//Libraries/CMSIS/DSP/Source/FilteringFunctions/arm_fir_sparse_init_q31.c ****  *
  20:.//Libraries/CMSIS/DSP/Source/FilteringFunctions/arm_fir_sparse_init_q31.c ****  * www.apache.org/licenses/LICENSE-2.0
  21:.//Libraries/CMSIS/DSP/Source/FilteringFunctions/arm_fir_sparse_init_q31.c ****  *
  22:.//Libraries/CMSIS/DSP/Source/FilteringFunctions/arm_fir_sparse_init_q31.c ****  * Unless required by applicable law or agreed to in writing, software
  23:.//Libraries/CMSIS/DSP/Source/FilteringFunctions/arm_fir_sparse_init_q31.c ****  * distributed under the License is distributed on an AS IS BASIS, WITHOUT
  24:.//Libraries/CMSIS/DSP/Source/FilteringFunctions/arm_fir_sparse_init_q31.c ****  * WARRANTIES OR CONDITIONS OF ANY KIND, either express or implied.
  25:.//Libraries/CMSIS/DSP/Source/FilteringFunctions/arm_fir_sparse_init_q31.c ****  * See the License for the specific language governing permissions and
  26:.//Libraries/CMSIS/DSP/Source/FilteringFunctions/arm_fir_sparse_init_q31.c ****  * limitations under the License.
  27:.//Libraries/CMSIS/DSP/Source/FilteringFunctions/arm_fir_sparse_init_q31.c ****  */
  28:.//Libraries/CMSIS/DSP/Source/FilteringFunctions/arm_fir_sparse_init_q31.c **** 
  29:.//Libraries/CMSIS/DSP/Source/FilteringFunctions/arm_fir_sparse_init_q31.c **** #include "arm_math.h"
ARM GAS  /var/folders/wl/rshn8xbx1dsfj1zgryf4g1240000gn/T//ccauw6tN.s 			page 2


  30:.//Libraries/CMSIS/DSP/Source/FilteringFunctions/arm_fir_sparse_init_q31.c **** 
  31:.//Libraries/CMSIS/DSP/Source/FilteringFunctions/arm_fir_sparse_init_q31.c **** /**
  32:.//Libraries/CMSIS/DSP/Source/FilteringFunctions/arm_fir_sparse_init_q31.c ****   @ingroup groupFilters
  33:.//Libraries/CMSIS/DSP/Source/FilteringFunctions/arm_fir_sparse_init_q31.c ****  */
  34:.//Libraries/CMSIS/DSP/Source/FilteringFunctions/arm_fir_sparse_init_q31.c **** 
  35:.//Libraries/CMSIS/DSP/Source/FilteringFunctions/arm_fir_sparse_init_q31.c **** /**
  36:.//Libraries/CMSIS/DSP/Source/FilteringFunctions/arm_fir_sparse_init_q31.c ****   @addtogroup FIR_Sparse
  37:.//Libraries/CMSIS/DSP/Source/FilteringFunctions/arm_fir_sparse_init_q31.c ****   @{
  38:.//Libraries/CMSIS/DSP/Source/FilteringFunctions/arm_fir_sparse_init_q31.c ****  */
  39:.//Libraries/CMSIS/DSP/Source/FilteringFunctions/arm_fir_sparse_init_q31.c **** 
  40:.//Libraries/CMSIS/DSP/Source/FilteringFunctions/arm_fir_sparse_init_q31.c **** /**
  41:.//Libraries/CMSIS/DSP/Source/FilteringFunctions/arm_fir_sparse_init_q31.c ****   @brief         Initialization function for the Q31 sparse FIR filter.
  42:.//Libraries/CMSIS/DSP/Source/FilteringFunctions/arm_fir_sparse_init_q31.c ****   @param[in,out] S          points to an instance of the Q31 sparse FIR structure
  43:.//Libraries/CMSIS/DSP/Source/FilteringFunctions/arm_fir_sparse_init_q31.c ****   @param[in]     numTaps    number of nonzero coefficients in the filter
  44:.//Libraries/CMSIS/DSP/Source/FilteringFunctions/arm_fir_sparse_init_q31.c ****   @param[in]     pCoeffs    points to the array of filter coefficients
  45:.//Libraries/CMSIS/DSP/Source/FilteringFunctions/arm_fir_sparse_init_q31.c ****   @param[in]     pState     points to the state buffer
  46:.//Libraries/CMSIS/DSP/Source/FilteringFunctions/arm_fir_sparse_init_q31.c ****   @param[in]     pTapDelay  points to the array of offset times
  47:.//Libraries/CMSIS/DSP/Source/FilteringFunctions/arm_fir_sparse_init_q31.c ****   @param[in]     maxDelay   maximum offset time supported
  48:.//Libraries/CMSIS/DSP/Source/FilteringFunctions/arm_fir_sparse_init_q31.c ****   @param[in]     blockSize  number of samples that will be processed per block
  49:.//Libraries/CMSIS/DSP/Source/FilteringFunctions/arm_fir_sparse_init_q31.c ****   @return        none
  50:.//Libraries/CMSIS/DSP/Source/FilteringFunctions/arm_fir_sparse_init_q31.c **** 
  51:.//Libraries/CMSIS/DSP/Source/FilteringFunctions/arm_fir_sparse_init_q31.c ****   @par           Details
  52:.//Libraries/CMSIS/DSP/Source/FilteringFunctions/arm_fir_sparse_init_q31.c ****                    <code>pCoeffs</code> holds the filter coefficients and has length <code>numTaps<
  53:.//Libraries/CMSIS/DSP/Source/FilteringFunctions/arm_fir_sparse_init_q31.c ****                    <code>pState</code> holds the filter's state variables and must be of length
  54:.//Libraries/CMSIS/DSP/Source/FilteringFunctions/arm_fir_sparse_init_q31.c ****                    <code>maxDelay + blockSize</code>, where <code>maxDelay</code>
  55:.//Libraries/CMSIS/DSP/Source/FilteringFunctions/arm_fir_sparse_init_q31.c ****                    is the maximum number of delay line values.
  56:.//Libraries/CMSIS/DSP/Source/FilteringFunctions/arm_fir_sparse_init_q31.c ****                    <code>blockSize</code> is the number of words processed by <code>arm_fir_sparse_
  57:.//Libraries/CMSIS/DSP/Source/FilteringFunctions/arm_fir_sparse_init_q31.c ****  */
  58:.//Libraries/CMSIS/DSP/Source/FilteringFunctions/arm_fir_sparse_init_q31.c **** 
  59:.//Libraries/CMSIS/DSP/Source/FilteringFunctions/arm_fir_sparse_init_q31.c **** void arm_fir_sparse_init_q31(
  60:.//Libraries/CMSIS/DSP/Source/FilteringFunctions/arm_fir_sparse_init_q31.c ****         arm_fir_sparse_instance_q31 * S,
  61:.//Libraries/CMSIS/DSP/Source/FilteringFunctions/arm_fir_sparse_init_q31.c ****         uint16_t numTaps,
  62:.//Libraries/CMSIS/DSP/Source/FilteringFunctions/arm_fir_sparse_init_q31.c ****   const q31_t * pCoeffs,
  63:.//Libraries/CMSIS/DSP/Source/FilteringFunctions/arm_fir_sparse_init_q31.c ****         q31_t * pState,
  64:.//Libraries/CMSIS/DSP/Source/FilteringFunctions/arm_fir_sparse_init_q31.c ****         int32_t * pTapDelay,
  65:.//Libraries/CMSIS/DSP/Source/FilteringFunctions/arm_fir_sparse_init_q31.c ****         uint16_t maxDelay,
  66:.//Libraries/CMSIS/DSP/Source/FilteringFunctions/arm_fir_sparse_init_q31.c ****         uint32_t blockSize)
  67:.//Libraries/CMSIS/DSP/Source/FilteringFunctions/arm_fir_sparse_init_q31.c **** {
  30              		.loc 1 67 1 view -0
  31              		.cfi_startproc
  32              		@ args = 12, pretend = 0, frame = 0
  33              		@ frame_needed = 0, uses_anonymous_args = 0
  68:.//Libraries/CMSIS/DSP/Source/FilteringFunctions/arm_fir_sparse_init_q31.c ****   /* Assign filter taps */
  69:.//Libraries/CMSIS/DSP/Source/FilteringFunctions/arm_fir_sparse_init_q31.c ****   S->numTaps = numTaps;
  34              		.loc 1 69 3 view .LVU1
  67:.//Libraries/CMSIS/DSP/Source/FilteringFunctions/arm_fir_sparse_init_q31.c ****   /* Assign filter taps */
  35              		.loc 1 67 1 is_stmt 0 view .LVU2
  36 0000 70B5     		push	{r4, r5, r6, lr}
  37              	.LCFI0:
  38              		.cfi_def_cfa_offset 16
  39              		.cfi_offset 4, -16
  40              		.cfi_offset 5, -12
  41              		.cfi_offset 6, -8
  42              		.cfi_offset 14, -4
  67:.//Libraries/CMSIS/DSP/Source/FilteringFunctions/arm_fir_sparse_init_q31.c ****   /* Assign filter taps */
  43              		.loc 1 67 1 view .LVU3
  44 0002 069D     		ldr	r5, [sp, #24]
ARM GAS  /var/folders/wl/rshn8xbx1dsfj1zgryf4g1240000gn/T//ccauw6tN.s 			page 3


  45 0004 0446     		mov	r4, r0
  46 0006 BDF81460 		ldrh	r6, [sp, #20]
  47              		.loc 1 69 14 view .LVU4
  48 000a 0180     		strh	r1, [r0]	@ movhi
  70:.//Libraries/CMSIS/DSP/Source/FilteringFunctions/arm_fir_sparse_init_q31.c **** 
  71:.//Libraries/CMSIS/DSP/Source/FilteringFunctions/arm_fir_sparse_init_q31.c ****   /* Assign coefficient pointer */
  72:.//Libraries/CMSIS/DSP/Source/FilteringFunctions/arm_fir_sparse_init_q31.c ****   S->pCoeffs = pCoeffs;
  49              		.loc 1 72 3 is_stmt 1 view .LVU5
  73:.//Libraries/CMSIS/DSP/Source/FilteringFunctions/arm_fir_sparse_init_q31.c **** 
  74:.//Libraries/CMSIS/DSP/Source/FilteringFunctions/arm_fir_sparse_init_q31.c ****   /* Assign TapDelay pointer */
  75:.//Libraries/CMSIS/DSP/Source/FilteringFunctions/arm_fir_sparse_init_q31.c ****   S->pTapDelay = pTapDelay;
  76:.//Libraries/CMSIS/DSP/Source/FilteringFunctions/arm_fir_sparse_init_q31.c **** 
  77:.//Libraries/CMSIS/DSP/Source/FilteringFunctions/arm_fir_sparse_init_q31.c ****   /* Assign MaxDelay */
  78:.//Libraries/CMSIS/DSP/Source/FilteringFunctions/arm_fir_sparse_init_q31.c ****   S->maxDelay = maxDelay;
  79:.//Libraries/CMSIS/DSP/Source/FilteringFunctions/arm_fir_sparse_init_q31.c **** 
  80:.//Libraries/CMSIS/DSP/Source/FilteringFunctions/arm_fir_sparse_init_q31.c ****   /* reset the stateIndex to 0 */
  81:.//Libraries/CMSIS/DSP/Source/FilteringFunctions/arm_fir_sparse_init_q31.c ****   S->stateIndex = 0U;
  50              		.loc 1 81 17 is_stmt 0 view .LVU6
  51 000c 0021     		movs	r1, #0
  52              	.LVL1:
  67:.//Libraries/CMSIS/DSP/Source/FilteringFunctions/arm_fir_sparse_init_q31.c ****   /* Assign filter taps */
  53              		.loc 1 67 1 view .LVU7
  54 000e 0498     		ldr	r0, [sp, #16]
  55              	.LVL2:
  82:.//Libraries/CMSIS/DSP/Source/FilteringFunctions/arm_fir_sparse_init_q31.c **** 
  83:.//Libraries/CMSIS/DSP/Source/FilteringFunctions/arm_fir_sparse_init_q31.c ****   /* Clear state buffer and size is always maxDelay + blockSize */
  84:.//Libraries/CMSIS/DSP/Source/FilteringFunctions/arm_fir_sparse_init_q31.c ****   memset(pState, 0, (maxDelay + blockSize) * sizeof(q31_t));
  56              		.loc 1 84 31 view .LVU8
  57 0010 3544     		add	r5, r5, r6
  72:.//Libraries/CMSIS/DSP/Source/FilteringFunctions/arm_fir_sparse_init_q31.c **** 
  58              		.loc 1 72 14 view .LVU9
  59 0012 A260     		str	r2, [r4, #8]
  75:.//Libraries/CMSIS/DSP/Source/FilteringFunctions/arm_fir_sparse_init_q31.c **** 
  60              		.loc 1 75 3 is_stmt 1 view .LVU10
  75:.//Libraries/CMSIS/DSP/Source/FilteringFunctions/arm_fir_sparse_init_q31.c **** 
  61              		.loc 1 75 16 is_stmt 0 view .LVU11
  62 0014 2061     		str	r0, [r4, #16]
  78:.//Libraries/CMSIS/DSP/Source/FilteringFunctions/arm_fir_sparse_init_q31.c **** 
  63              		.loc 1 78 3 is_stmt 1 view .LVU12
  64              		.loc 1 84 3 is_stmt 0 view .LVU13
  65 0016 AA00     		lsls	r2, r5, #2
  66              	.LVL3:
  67              		.loc 1 84 3 view .LVU14
  68 0018 1846     		mov	r0, r3
  78:.//Libraries/CMSIS/DSP/Source/FilteringFunctions/arm_fir_sparse_init_q31.c **** 
  69              		.loc 1 78 15 view .LVU15
  70 001a A681     		strh	r6, [r4, #12]	@ movhi
  81:.//Libraries/CMSIS/DSP/Source/FilteringFunctions/arm_fir_sparse_init_q31.c **** 
  71              		.loc 1 81 3 is_stmt 1 view .LVU16
  81:.//Libraries/CMSIS/DSP/Source/FilteringFunctions/arm_fir_sparse_init_q31.c **** 
  72              		.loc 1 81 17 is_stmt 0 view .LVU17
  73 001c 6180     		strh	r1, [r4, #2]	@ movhi
  74              		.loc 1 84 3 is_stmt 1 view .LVU18
  75 001e FFF7FEFF 		bl	memset
  76              	.LVL4:
  85:.//Libraries/CMSIS/DSP/Source/FilteringFunctions/arm_fir_sparse_init_q31.c **** 
  86:.//Libraries/CMSIS/DSP/Source/FilteringFunctions/arm_fir_sparse_init_q31.c ****   /* Assign state pointer */
ARM GAS  /var/folders/wl/rshn8xbx1dsfj1zgryf4g1240000gn/T//ccauw6tN.s 			page 4


  87:.//Libraries/CMSIS/DSP/Source/FilteringFunctions/arm_fir_sparse_init_q31.c ****   S->pState = pState;
  77              		.loc 1 87 3 view .LVU19
  78              		.loc 1 87 13 is_stmt 0 view .LVU20
  79 0022 6060     		str	r0, [r4, #4]
  88:.//Libraries/CMSIS/DSP/Source/FilteringFunctions/arm_fir_sparse_init_q31.c **** }
  80              		.loc 1 88 1 view .LVU21
  81 0024 70BD     		pop	{r4, r5, r6, pc}
  82              		.loc 1 88 1 view .LVU22
  83              		.cfi_endproc
  84              	.LFE145:
  86 0026 00BF     		.text
  87              	.Letext0:
  88              		.file 2 "/opt/homebrew/Cellar/arm-none-eabi-gcc/9-2019-q4-major/gcc/arm-none-eabi/include/machine/
  89              		.file 3 "/opt/homebrew/Cellar/arm-none-eabi-gcc/9-2019-q4-major/gcc/arm-none-eabi/include/sys/_std
  90              		.file 4 "/opt/homebrew/Cellar/arm-none-eabi-gcc/9-2019-q4-major/gcc/arm-none-eabi/include/sys/lock
  91              		.file 5 "/opt/homebrew/Cellar/arm-none-eabi-gcc/9-2019-q4-major/gcc/arm-none-eabi/include/sys/_typ
  92              		.file 6 "/opt/homebrew/Cellar/arm-none-eabi-gcc/9-2019-q4-major/gcc/lib/gcc/arm-none-eabi/9.2.1/in
  93              		.file 7 "/opt/homebrew/Cellar/arm-none-eabi-gcc/9-2019-q4-major/gcc/arm-none-eabi/include/sys/reen
  94              		.file 8 "/opt/homebrew/Cellar/arm-none-eabi-gcc/9-2019-q4-major/gcc/arm-none-eabi/include/math.h"
  95              		.file 9 ".//Libraries/CMSIS/DSP/Include/arm_math.h"
  96              		.file 10 "<built-in>"
ARM GAS  /var/folders/wl/rshn8xbx1dsfj1zgryf4g1240000gn/T//ccauw6tN.s 			page 5


DEFINED SYMBOLS
                            *ABS*:0000000000000000 arm_fir_sparse_init_q31.c
/var/folders/wl/rshn8xbx1dsfj1zgryf4g1240000gn/T//ccauw6tN.s:17     .text.arm_fir_sparse_init_q31:0000000000000000 $t
/var/folders/wl/rshn8xbx1dsfj1zgryf4g1240000gn/T//ccauw6tN.s:26     .text.arm_fir_sparse_init_q31:0000000000000000 arm_fir_sparse_init_q31

UNDEFINED SYMBOLS
memset
