ARM GAS  /tmp/ccudcvCN.s 			page 1


   1              		.cpu cortex-m7
   2              		.eabi_attribute 28, 1
   3              		.eabi_attribute 20, 1
   4              		.eabi_attribute 21, 1
   5              		.eabi_attribute 23, 3
   6              		.eabi_attribute 24, 1
   7              		.eabi_attribute 25, 1
   8              		.eabi_attribute 26, 1
   9              		.eabi_attribute 30, 2
  10              		.eabi_attribute 34, 1
  11              		.eabi_attribute 18, 4
  12              		.file	"arm_cos_q15.c"
  13              		.text
  14              	.Ltext0:
  15              		.cfi_sections	.debug_frame
  16              		.section	.text.arm_cos_q15,"ax",%progbits
  17              		.align	1
  18              		.p2align 2,,3
  19              		.global	arm_cos_q15
  20              		.arch armv7e-m
  21              		.syntax unified
  22              		.thumb
  23              		.thumb_func
  24              		.fpu fpv5-d16
  26              	arm_cos_q15:
  27              	.LVL0:
  28              	.LFB145:
  29              		.file 1 "./Libraries/CMSIS/DSP/Source/FastMathFunctions/arm_cos_q15.c"
   1:./Libraries/CMSIS/DSP/Source/FastMathFunctions/arm_cos_q15.c **** /* ----------------------------------------------------------------------
   2:./Libraries/CMSIS/DSP/Source/FastMathFunctions/arm_cos_q15.c ****  * Project:      CMSIS DSP Library
   3:./Libraries/CMSIS/DSP/Source/FastMathFunctions/arm_cos_q15.c ****  * Title:        arm_cos_q15.c
   4:./Libraries/CMSIS/DSP/Source/FastMathFunctions/arm_cos_q15.c ****  * Description:  Fast cosine calculation for Q15 values
   5:./Libraries/CMSIS/DSP/Source/FastMathFunctions/arm_cos_q15.c ****  *
   6:./Libraries/CMSIS/DSP/Source/FastMathFunctions/arm_cos_q15.c ****  * $Date:        18. March 2019
   7:./Libraries/CMSIS/DSP/Source/FastMathFunctions/arm_cos_q15.c ****  * $Revision:    V1.6.0
   8:./Libraries/CMSIS/DSP/Source/FastMathFunctions/arm_cos_q15.c ****  *
   9:./Libraries/CMSIS/DSP/Source/FastMathFunctions/arm_cos_q15.c ****  * Target Processor: Cortex-M cores
  10:./Libraries/CMSIS/DSP/Source/FastMathFunctions/arm_cos_q15.c ****  * -------------------------------------------------------------------- */
  11:./Libraries/CMSIS/DSP/Source/FastMathFunctions/arm_cos_q15.c **** /*
  12:./Libraries/CMSIS/DSP/Source/FastMathFunctions/arm_cos_q15.c ****  * Copyright (C) 2010-2019 ARM Limited or its affiliates. All rights reserved.
  13:./Libraries/CMSIS/DSP/Source/FastMathFunctions/arm_cos_q15.c ****  *
  14:./Libraries/CMSIS/DSP/Source/FastMathFunctions/arm_cos_q15.c ****  * SPDX-License-Identifier: Apache-2.0
  15:./Libraries/CMSIS/DSP/Source/FastMathFunctions/arm_cos_q15.c ****  *
  16:./Libraries/CMSIS/DSP/Source/FastMathFunctions/arm_cos_q15.c ****  * Licensed under the Apache License, Version 2.0 (the License); you may
  17:./Libraries/CMSIS/DSP/Source/FastMathFunctions/arm_cos_q15.c ****  * not use this file except in compliance with the License.
  18:./Libraries/CMSIS/DSP/Source/FastMathFunctions/arm_cos_q15.c ****  * You may obtain a copy of the License at
  19:./Libraries/CMSIS/DSP/Source/FastMathFunctions/arm_cos_q15.c ****  *
  20:./Libraries/CMSIS/DSP/Source/FastMathFunctions/arm_cos_q15.c ****  * www.apache.org/licenses/LICENSE-2.0
  21:./Libraries/CMSIS/DSP/Source/FastMathFunctions/arm_cos_q15.c ****  *
  22:./Libraries/CMSIS/DSP/Source/FastMathFunctions/arm_cos_q15.c ****  * Unless required by applicable law or agreed to in writing, software
  23:./Libraries/CMSIS/DSP/Source/FastMathFunctions/arm_cos_q15.c ****  * distributed under the License is distributed on an AS IS BASIS, WITHOUT
  24:./Libraries/CMSIS/DSP/Source/FastMathFunctions/arm_cos_q15.c ****  * WARRANTIES OR CONDITIONS OF ANY KIND, either express or implied.
  25:./Libraries/CMSIS/DSP/Source/FastMathFunctions/arm_cos_q15.c ****  * See the License for the specific language governing permissions and
  26:./Libraries/CMSIS/DSP/Source/FastMathFunctions/arm_cos_q15.c ****  * limitations under the License.
  27:./Libraries/CMSIS/DSP/Source/FastMathFunctions/arm_cos_q15.c ****  */
  28:./Libraries/CMSIS/DSP/Source/FastMathFunctions/arm_cos_q15.c **** 
  29:./Libraries/CMSIS/DSP/Source/FastMathFunctions/arm_cos_q15.c **** #include "arm_math.h"
ARM GAS  /tmp/ccudcvCN.s 			page 2


  30:./Libraries/CMSIS/DSP/Source/FastMathFunctions/arm_cos_q15.c **** #include "arm_common_tables.h"
  31:./Libraries/CMSIS/DSP/Source/FastMathFunctions/arm_cos_q15.c **** 
  32:./Libraries/CMSIS/DSP/Source/FastMathFunctions/arm_cos_q15.c **** /**
  33:./Libraries/CMSIS/DSP/Source/FastMathFunctions/arm_cos_q15.c ****   @ingroup groupFastMath
  34:./Libraries/CMSIS/DSP/Source/FastMathFunctions/arm_cos_q15.c ****  */
  35:./Libraries/CMSIS/DSP/Source/FastMathFunctions/arm_cos_q15.c **** 
  36:./Libraries/CMSIS/DSP/Source/FastMathFunctions/arm_cos_q15.c **** /**
  37:./Libraries/CMSIS/DSP/Source/FastMathFunctions/arm_cos_q15.c ****   @addtogroup cos
  38:./Libraries/CMSIS/DSP/Source/FastMathFunctions/arm_cos_q15.c ****   @{
  39:./Libraries/CMSIS/DSP/Source/FastMathFunctions/arm_cos_q15.c ****  */
  40:./Libraries/CMSIS/DSP/Source/FastMathFunctions/arm_cos_q15.c **** 
  41:./Libraries/CMSIS/DSP/Source/FastMathFunctions/arm_cos_q15.c **** /**
  42:./Libraries/CMSIS/DSP/Source/FastMathFunctions/arm_cos_q15.c ****   @brief         Fast approximation to the trigonometric cosine function for Q15 data.
  43:./Libraries/CMSIS/DSP/Source/FastMathFunctions/arm_cos_q15.c ****   @param[in]     x  Scaled input value in radians
  44:./Libraries/CMSIS/DSP/Source/FastMathFunctions/arm_cos_q15.c ****   @return        cos(x)
  45:./Libraries/CMSIS/DSP/Source/FastMathFunctions/arm_cos_q15.c **** 
  46:./Libraries/CMSIS/DSP/Source/FastMathFunctions/arm_cos_q15.c ****   The Q15 input value is in the range [0 +0.9999] and is mapped to a radian value in the range [0 2
  47:./Libraries/CMSIS/DSP/Source/FastMathFunctions/arm_cos_q15.c ****  */
  48:./Libraries/CMSIS/DSP/Source/FastMathFunctions/arm_cos_q15.c **** 
  49:./Libraries/CMSIS/DSP/Source/FastMathFunctions/arm_cos_q15.c **** q15_t arm_cos_q15(
  50:./Libraries/CMSIS/DSP/Source/FastMathFunctions/arm_cos_q15.c ****   q15_t x)
  51:./Libraries/CMSIS/DSP/Source/FastMathFunctions/arm_cos_q15.c **** {
  30              		.loc 1 51 1 view -0
  31              		.cfi_startproc
  32              		@ args = 0, pretend = 0, frame = 0
  33              		@ frame_needed = 0, uses_anonymous_args = 0
  34              		@ link register save eliminated.
  52:./Libraries/CMSIS/DSP/Source/FastMathFunctions/arm_cos_q15.c ****   q15_t cosVal;                                  /* Temporary input, output variables */
  35              		.loc 1 52 3 view .LVU1
  53:./Libraries/CMSIS/DSP/Source/FastMathFunctions/arm_cos_q15.c ****   int32_t index;                                 /* Index variable */
  36              		.loc 1 53 3 view .LVU2
  54:./Libraries/CMSIS/DSP/Source/FastMathFunctions/arm_cos_q15.c ****   q15_t a, b;                                    /* Two nearest output values */
  37              		.loc 1 54 3 view .LVU3
  55:./Libraries/CMSIS/DSP/Source/FastMathFunctions/arm_cos_q15.c ****   q15_t fract;                                   /* Temporary values for fractional values */
  38              		.loc 1 55 3 view .LVU4
  56:./Libraries/CMSIS/DSP/Source/FastMathFunctions/arm_cos_q15.c **** 
  57:./Libraries/CMSIS/DSP/Source/FastMathFunctions/arm_cos_q15.c ****   /* add 0.25 (pi/2) to read sine table */
  58:./Libraries/CMSIS/DSP/Source/FastMathFunctions/arm_cos_q15.c ****   x = (uint16_t)x + 0x2000;
  39              		.loc 1 58 3 view .LVU5
  40              		.loc 1 58 7 is_stmt 0 view .LVU6
  41 0000 80B2     		uxth	r0, r0
  42              		.loc 1 58 19 view .LVU7
  43 0002 00F50053 		add	r3, r0, #8192
  44              		.loc 1 58 5 view .LVU8
  45 0006 1BB2     		sxth	r3, r3
  46              	.LVL1:
  59:./Libraries/CMSIS/DSP/Source/FastMathFunctions/arm_cos_q15.c ****   if (x < 0)
  47              		.loc 1 59 3 is_stmt 1 view .LVU9
  48              		.loc 1 59 6 is_stmt 0 view .LVU10
  49 0008 002B     		cmp	r3, #0
  51:./Libraries/CMSIS/DSP/Source/FastMathFunctions/arm_cos_q15.c ****   q15_t cosVal;                                  /* Temporary input, output variables */
  50              		.loc 1 51 1 view .LVU11
  51 000a 30B4     		push	{r4, r5}
  52              	.LCFI0:
  53              		.cfi_def_cfa_offset 8
  54              		.cfi_offset 4, -8
  55              		.cfi_offset 5, -4
ARM GAS  /tmp/ccudcvCN.s 			page 3


  56              		.loc 1 59 6 view .LVU12
  57 000c 02DA     		bge	.L2
  60:./Libraries/CMSIS/DSP/Source/FastMathFunctions/arm_cos_q15.c ****   { /* convert negative numbers to corresponding positive ones */
  61:./Libraries/CMSIS/DSP/Source/FastMathFunctions/arm_cos_q15.c ****     x = (uint16_t)x + 0x8000;
  58              		.loc 1 61 5 is_stmt 1 view .LVU13
  59              		.loc 1 61 21 is_stmt 0 view .LVU14
  60 000e A0F5C040 		sub	r0, r0, #24576
  61              		.loc 1 61 7 view .LVU15
  62 0012 03B2     		sxth	r3, r0
  63              	.LVL2:
  64              	.L2:
  62:./Libraries/CMSIS/DSP/Source/FastMathFunctions/arm_cos_q15.c ****   }
  63:./Libraries/CMSIS/DSP/Source/FastMathFunctions/arm_cos_q15.c **** 
  64:./Libraries/CMSIS/DSP/Source/FastMathFunctions/arm_cos_q15.c ****   /* Calculate the nearest index */
  65:./Libraries/CMSIS/DSP/Source/FastMathFunctions/arm_cos_q15.c ****   index = (uint32_t)x >> FAST_MATH_Q15_SHIFT;
  65              		.loc 1 65 3 is_stmt 1 view .LVU16
  66:./Libraries/CMSIS/DSP/Source/FastMathFunctions/arm_cos_q15.c **** 
  67:./Libraries/CMSIS/DSP/Source/FastMathFunctions/arm_cos_q15.c ****   /* Calculation of fractional value */
  68:./Libraries/CMSIS/DSP/Source/FastMathFunctions/arm_cos_q15.c ****   fract = (x - (index << FAST_MATH_Q15_SHIFT)) << 9;
  66              		.loc 1 68 14 is_stmt 0 view .LVU17
  67 0014 03F03F00 		and	r0, r3, #63
  69:./Libraries/CMSIS/DSP/Source/FastMathFunctions/arm_cos_q15.c **** 
  70:./Libraries/CMSIS/DSP/Source/FastMathFunctions/arm_cos_q15.c ****   /* Read two nearest values of input value from the sin table */
  71:./Libraries/CMSIS/DSP/Source/FastMathFunctions/arm_cos_q15.c ****   a = sinTable_q15[index];
  72:./Libraries/CMSIS/DSP/Source/FastMathFunctions/arm_cos_q15.c ****   b = sinTable_q15[index+1];
  68              		.loc 1 72 5 view .LVU18
  69 0018 0A49     		ldr	r1, .L5
  65:./Libraries/CMSIS/DSP/Source/FastMathFunctions/arm_cos_q15.c **** 
  70              		.loc 1 65 23 view .LVU19
  71 001a 9B09     		lsrs	r3, r3, #6
  72              	.LVL3:
  68:./Libraries/CMSIS/DSP/Source/FastMathFunctions/arm_cos_q15.c **** 
  73              		.loc 1 68 3 is_stmt 1 view .LVU20
  68:./Libraries/CMSIS/DSP/Source/FastMathFunctions/arm_cos_q15.c **** 
  74              		.loc 1 68 9 is_stmt 0 view .LVU21
  75 001c 4002     		lsls	r0, r0, #9
  76              	.LVL4:
  71:./Libraries/CMSIS/DSP/Source/FastMathFunctions/arm_cos_q15.c ****   b = sinTable_q15[index+1];
  77              		.loc 1 71 3 is_stmt 1 view .LVU22
  78              		.loc 1 72 3 view .LVU23
  73:./Libraries/CMSIS/DSP/Source/FastMathFunctions/arm_cos_q15.c **** 
  74:./Libraries/CMSIS/DSP/Source/FastMathFunctions/arm_cos_q15.c ****   /* Linear interpolation process */
  75:./Libraries/CMSIS/DSP/Source/FastMathFunctions/arm_cos_q15.c ****   cosVal = (q31_t) (0x8000 - fract) * a >> 16;
  79              		.loc 1 75 3 view .LVU24
  76:./Libraries/CMSIS/DSP/Source/FastMathFunctions/arm_cos_q15.c ****   cosVal = (q15_t) ((((q31_t) cosVal << 16) + ((q31_t) fract * b)) >> 16);
  80              		.loc 1 76 3 view .LVU25
  77:./Libraries/CMSIS/DSP/Source/FastMathFunctions/arm_cos_q15.c **** 
  78:./Libraries/CMSIS/DSP/Source/FastMathFunctions/arm_cos_q15.c ****   /* Return output value */
  79:./Libraries/CMSIS/DSP/Source/FastMathFunctions/arm_cos_q15.c ****   return (cosVal << 1);
  81              		.loc 1 79 3 view .LVU26
  75:./Libraries/CMSIS/DSP/Source/FastMathFunctions/arm_cos_q15.c ****   cosVal = (q15_t) ((((q31_t) cosVal << 16) + ((q31_t) fract * b)) >> 16);
  82              		.loc 1 75 37 is_stmt 0 view .LVU27
  83 001e 31F91320 		ldrsh	r2, [r1, r3, lsl #1]
  72:./Libraries/CMSIS/DSP/Source/FastMathFunctions/arm_cos_q15.c **** 
  84              		.loc 1 72 5 view .LVU28
  85 0022 5D1C     		adds	r5, r3, #1
  86              	.LVL5:
ARM GAS  /tmp/ccudcvCN.s 			page 4


  75:./Libraries/CMSIS/DSP/Source/FastMathFunctions/arm_cos_q15.c ****   cosVal = (q15_t) ((((q31_t) cosVal << 16) + ((q31_t) fract * b)) >> 16);
  87              		.loc 1 75 28 view .LVU29
  88 0024 C0F50044 		rsb	r4, r0, #32768
  76:./Libraries/CMSIS/DSP/Source/FastMathFunctions/arm_cos_q15.c **** 
  89              		.loc 1 76 38 view .LVU30
  90 0028 074B     		ldr	r3, .L5+4
  91              	.LVL6:
  76:./Libraries/CMSIS/DSP/Source/FastMathFunctions/arm_cos_q15.c **** 
  92              		.loc 1 76 45 view .LVU31
  93 002a 31F81510 		ldrh	r1, [r1, r5, lsl #1]
  75:./Libraries/CMSIS/DSP/Source/FastMathFunctions/arm_cos_q15.c ****   cosVal = (q15_t) ((((q31_t) cosVal << 16) + ((q31_t) fract * b)) >> 16);
  94              		.loc 1 75 37 view .LVU32
  95 002e 02FB04F2 		mul	r2, r2, r4
  76:./Libraries/CMSIS/DSP/Source/FastMathFunctions/arm_cos_q15.c **** 
  96              		.loc 1 76 38 view .LVU33
  97 0032 1340     		ands	r3, r3, r2
  76:./Libraries/CMSIS/DSP/Source/FastMathFunctions/arm_cos_q15.c **** 
  98              		.loc 1 76 45 view .LVU34
  99 0034 10FB0130 		smlabb	r0, r0, r1, r3
 100              	.LVL7:
 101              		.loc 1 79 18 view .LVU35
 102 0038 40F3CF30 		sbfx	r0, r0, #15, #16
  80:./Libraries/CMSIS/DSP/Source/FastMathFunctions/arm_cos_q15.c **** }
 103              		.loc 1 80 1 view .LVU36
 104 003c 30BC     		pop	{r4, r5}
 105              	.LCFI1:
 106              		.cfi_restore 5
 107              		.cfi_restore 4
 108              		.cfi_def_cfa_offset 0
 109              	.LVL8:
 110              		.loc 1 80 1 view .LVU37
 111 003e 20F00100 		bic	r0, r0, #1
 112 0042 7047     		bx	lr
 113              	.L6:
 114              		.align	2
 115              	.L5:
 116 0044 00000000 		.word	sinTable_q15
 117 0048 0000FFFF 		.word	-65536
 118              		.cfi_endproc
 119              	.LFE145:
 121              		.text
 122              	.Letext0:
 123              		.file 2 "/usr/lib/gcc/arm-none-eabi/9.2.1/include/stdint.h"
 124              		.file 3 "/usr/lib/gcc/arm-none-eabi/9.2.1/include/stddef.h"
 125              		.file 4 "/usr/include/newlib/sys/_types.h"
 126              		.file 5 "/usr/include/newlib/sys/reent.h"
 127              		.file 6 "/usr/include/newlib/sys/lock.h"
 128              		.file 7 "/usr/include/newlib/math.h"
 129              		.file 8 "./Libraries/CMSIS/DSP/Include/arm_math.h"
 130              		.file 9 "./Libraries/CMSIS/DSP/Include/arm_common_tables.h"
ARM GAS  /tmp/ccudcvCN.s 			page 5


DEFINED SYMBOLS
                            *ABS*:0000000000000000 arm_cos_q15.c
     /tmp/ccudcvCN.s:17     .text.arm_cos_q15:0000000000000000 $t
     /tmp/ccudcvCN.s:26     .text.arm_cos_q15:0000000000000000 arm_cos_q15
     /tmp/ccudcvCN.s:116    .text.arm_cos_q15:0000000000000044 $d

UNDEFINED SYMBOLS
sinTable_q15
