ARM GAS  /var/folders/wl/rshn8xbx1dsfj1zgryf4g1240000gn/T//ccNjyvGq.s 			page 1


   1              		.cpu cortex-m7
   2              		.eabi_attribute 28, 1
   3              		.eabi_attribute 20, 1
   4              		.eabi_attribute 21, 1
   5              		.eabi_attribute 23, 3
   6              		.eabi_attribute 24, 1
   7              		.eabi_attribute 25, 1
   8              		.eabi_attribute 26, 1
   9              		.eabi_attribute 30, 2
  10              		.eabi_attribute 34, 1
  11              		.eabi_attribute 18, 4
  12              		.file	"arm_nntables.c"
  13              		.text
  14              	.Ltext0:
  15              		.cfi_sections	.debug_frame
  16              		.global	tanhHTable_q15
  17              		.global	tanhLTable_q15
  18              		.global	tanhTable_q15
  19              		.global	tanhTable_q7
  20              		.global	sigmoidHTable_q15
  21              		.global	sigmoidLTable_q15
  22              		.global	sigmoidTable_q15
  23              		.global	sigmoidTable_q7
  24              		.section	.rodata.sigmoidHTable_q15,"a"
  25              		.align	2
  28              	sigmoidHTable_q15:
  29 0000 BE70     		.short	28862
  30 0002 9071     		.short	29072
  31 0004 5872     		.short	29272
  32 0006 1673     		.short	29462
  33 0008 CC73     		.short	29644
  34 000a 7874     		.short	29816
  35 000c 1B75     		.short	29979
  36 000e B775     		.short	30135
  37 0010 4A76     		.short	30282
  38 0012 D676     		.short	30422
  39 0014 5B77     		.short	30555
  40 0016 D877     		.short	30680
  41 0018 4F78     		.short	30799
  42 001a C078     		.short	30912
  43 001c 2A79     		.short	31018
  44 001e 8F79     		.short	31119
  45 0020 EE79     		.short	31214
  46 0022 487A     		.short	31304
  47 0024 9D7A     		.short	31389
  48 0026 ED7A     		.short	31469
  49 0028 397B     		.short	31545
  50 002a 807B     		.short	31616
  51 002c C47B     		.short	31684
  52 002e 037C     		.short	31747
  53 0030 3F7C     		.short	31807
  54 0032 787C     		.short	31864
  55 0034 AD7C     		.short	31917
  56 0036 E07C     		.short	31968
  57 0038 0F7D     		.short	32015
  58 003a 3C7D     		.short	32060
  59 003c 667D     		.short	32102
ARM GAS  /var/folders/wl/rshn8xbx1dsfj1zgryf4g1240000gn/T//ccNjyvGq.s 			page 2


  60 003e 8D7D     		.short	32141
  61 0040 B37D     		.short	32179
  62 0042 D67D     		.short	32214
  63 0044 F77D     		.short	32247
  64 0046 167E     		.short	32278
  65 0048 337E     		.short	32307
  66 004a 4F7E     		.short	32335
  67 004c 697E     		.short	32361
  68 004e 817E     		.short	32385
  69 0050 987E     		.short	32408
  70 0052 AE7E     		.short	32430
  71 0054 C27E     		.short	32450
  72 0056 D57E     		.short	32469
  73 0058 E77E     		.short	32487
  74 005a F87E     		.short	32504
  75 005c 087F     		.short	32520
  76 005e 177F     		.short	32535
  77 0060 257F     		.short	32549
  78 0062 327F     		.short	32562
  79 0064 3E7F     		.short	32574
  80 0066 4A7F     		.short	32586
  81 0068 557F     		.short	32597
  82 006a 5F7F     		.short	32607
  83 006c 697F     		.short	32617
  84 006e 727F     		.short	32626
  85 0070 7B7F     		.short	32635
  86 0072 837F     		.short	32643
  87 0074 8A7F     		.short	32650
  88 0076 917F     		.short	32657
  89 0078 987F     		.short	32664
  90 007a 9E7F     		.short	32670
  91 007c A47F     		.short	32676
  92 007e AA7F     		.short	32682
  93 0080 AF7F     		.short	32687
  94 0082 B47F     		.short	32692
  95 0084 B87F     		.short	32696
  96 0086 BD7F     		.short	32701
  97 0088 C17F     		.short	32705
  98 008a C57F     		.short	32709
  99 008c C87F     		.short	32712
 100 008e CC7F     		.short	32716
 101 0090 CF7F     		.short	32719
 102 0092 D27F     		.short	32722
 103 0094 D57F     		.short	32725
 104 0096 D77F     		.short	32727
 105 0098 DA7F     		.short	32730
 106 009a DC7F     		.short	32732
 107 009c DE7F     		.short	32734
 108 009e E07F     		.short	32736
 109 00a0 E27F     		.short	32738
 110 00a2 E47F     		.short	32740
 111 00a4 E67F     		.short	32742
 112 00a6 E77F     		.short	32743
 113 00a8 E97F     		.short	32745
 114 00aa EA7F     		.short	32746
 115 00ac EB7F     		.short	32747
 116 00ae ED7F     		.short	32749
ARM GAS  /var/folders/wl/rshn8xbx1dsfj1zgryf4g1240000gn/T//ccNjyvGq.s 			page 3


 117 00b0 EE7F     		.short	32750
 118 00b2 EF7F     		.short	32751
 119 00b4 F07F     		.short	32752
 120 00b6 F17F     		.short	32753
 121 00b8 F27F     		.short	32754
 122 00ba F37F     		.short	32755
 123 00bc F47F     		.short	32756
 124 00be F47F     		.short	32756
 125 00c0 0B00     		.short	11
 126 00c2 0C00     		.short	12
 127 00c4 0C00     		.short	12
 128 00c6 0D00     		.short	13
 129 00c8 0E00     		.short	14
 130 00ca 0F00     		.short	15
 131 00cc 1000     		.short	16
 132 00ce 1100     		.short	17
 133 00d0 1200     		.short	18
 134 00d2 1300     		.short	19
 135 00d4 1500     		.short	21
 136 00d6 1600     		.short	22
 137 00d8 1700     		.short	23
 138 00da 1900     		.short	25
 139 00dc 1A00     		.short	26
 140 00de 1C00     		.short	28
 141 00e0 1E00     		.short	30
 142 00e2 2000     		.short	32
 143 00e4 2200     		.short	34
 144 00e6 2400     		.short	36
 145 00e8 2600     		.short	38
 146 00ea 2900     		.short	41
 147 00ec 2B00     		.short	43
 148 00ee 2E00     		.short	46
 149 00f0 3100     		.short	49
 150 00f2 3400     		.short	52
 151 00f4 3800     		.short	56
 152 00f6 3B00     		.short	59
 153 00f8 3F00     		.short	63
 154 00fa 4300     		.short	67
 155 00fc 4800     		.short	72
 156 00fe 4C00     		.short	76
 157 0100 5100     		.short	81
 158 0102 5600     		.short	86
 159 0104 5C00     		.short	92
 160 0106 6200     		.short	98
 161 0108 6800     		.short	104
 162 010a 6F00     		.short	111
 163 010c 7600     		.short	118
 164 010e 7D00     		.short	125
 165 0110 8500     		.short	133
 166 0112 8E00     		.short	142
 167 0114 9700     		.short	151
 168 0116 A100     		.short	161
 169 0118 AB00     		.short	171
 170 011a B600     		.short	182
 171 011c C200     		.short	194
 172 011e CE00     		.short	206
 173 0120 DB00     		.short	219
ARM GAS  /var/folders/wl/rshn8xbx1dsfj1zgryf4g1240000gn/T//ccNjyvGq.s 			page 4


 174 0122 E900     		.short	233
 175 0124 F800     		.short	248
 176 0126 0801     		.short	264
 177 0128 1901     		.short	281
 178 012a 2B01     		.short	299
 179 012c 3E01     		.short	318
 180 012e 5201     		.short	338
 181 0130 6801     		.short	360
 182 0132 7F01     		.short	383
 183 0134 9701     		.short	407
 184 0136 B101     		.short	433
 185 0138 CD01     		.short	461
 186 013a EA01     		.short	490
 187 013c 0902     		.short	521
 188 013e 2A02     		.short	554
 189 0140 4D02     		.short	589
 190 0142 7302     		.short	627
 191 0144 9A02     		.short	666
 192 0146 C402     		.short	708
 193 0148 F102     		.short	753
 194 014a 2003     		.short	800
 195 014c 5303     		.short	851
 196 014e 8803     		.short	904
 197 0150 C103     		.short	961
 198 0152 FD03     		.short	1021
 199 0154 3C04     		.short	1084
 200 0156 8004     		.short	1152
 201 0158 C704     		.short	1223
 202 015a 1305     		.short	1299
 203 015c 6305     		.short	1379
 204 015e B805     		.short	1464
 205 0160 1206     		.short	1554
 206 0162 7106     		.short	1649
 207 0164 D606     		.short	1750
 208 0166 4007     		.short	1856
 209 0168 B107     		.short	1969
 210 016a 2808     		.short	2088
 211 016c A508     		.short	2213
 212 016e 2A09     		.short	2346
 213 0170 B609     		.short	2486
 214 0172 490A     		.short	2633
 215 0174 E50A     		.short	2789
 216 0176 880B     		.short	2952
 217 0178 340C     		.short	3124
 218 017a EA0C     		.short	3306
 219 017c A80D     		.short	3496
 220 017e 700E     		.short	3696
 221              		.section	.rodata.sigmoidLTable_q15,"a"
 222              		.align	2
 225              	sigmoidLTable_q15:
 226 0000 0040     		.short	16384
 227 0002 0041     		.short	16640
 228 0004 0042     		.short	16896
 229 0006 FF42     		.short	17151
 230 0008 FF43     		.short	17407
 231 000a FD44     		.short	17661
 232 000c FC45     		.short	17916
ARM GAS  /var/folders/wl/rshn8xbx1dsfj1zgryf4g1240000gn/T//ccNjyvGq.s 			page 5


 233 000e F946     		.short	18169
 234 0010 F547     		.short	18421
 235 0012 F148     		.short	18673
 236 0014 EB49     		.short	18923
 237 0016 E54A     		.short	19173
 238 0018 DC4B     		.short	19420
 239 001a D34C     		.short	19667
 240 001c C84D     		.short	19912
 241 001e BB4E     		.short	20155
 242 0020 AD4F     		.short	20397
 243 0022 9C50     		.short	20636
 244 0024 8A51     		.short	20874
 245 0026 7652     		.short	21110
 246 0028 6053     		.short	21344
 247 002a 4754     		.short	21575
 248 002c 2C55     		.short	21804
 249 002e 0F56     		.short	22031
 250 0030 EF56     		.short	22255
 251 0032 CD57     		.short	22477
 252 0034 A858     		.short	22696
 253 0036 8159     		.short	22913
 254 0038 575A     		.short	23127
 255 003a 2A5B     		.short	23338
 256 003c FB5B     		.short	23547
 257 003e C95C     		.short	23753
 258 0040 935D     		.short	23955
 259 0042 5B5E     		.short	24155
 260 0044 205F     		.short	24352
 261 0046 E25F     		.short	24546
 262 0048 A160     		.short	24737
 263 004a 5D61     		.short	24925
 264 004c 1662     		.short	25110
 265 004e CC62     		.short	25292
 266 0050 7F63     		.short	25471
 267 0052 2E64     		.short	25646
 268 0054 DB64     		.short	25819
 269 0056 8465     		.short	25988
 270 0058 2B66     		.short	26155
 271 005a CE66     		.short	26318
 272 005c 6F67     		.short	26479
 273 005e 0C68     		.short	26636
 274 0060 A668     		.short	26790
 275 0062 3D69     		.short	26941
 276 0064 D269     		.short	27090
 277 0066 636A     		.short	27235
 278 0068 F16A     		.short	27377
 279 006a 7C6B     		.short	27516
 280 006c 056C     		.short	27653
 281 006e 8A6C     		.short	27786
 282 0070 0D6D     		.short	27917
 283 0072 8D6D     		.short	28045
 284 0074 096E     		.short	28169
 285 0076 846E     		.short	28292
 286 0078 FB6E     		.short	28411
 287 007a 706F     		.short	28528
 288 007c E26F     		.short	28642
 289 007e 5170     		.short	28753
ARM GAS  /var/folders/wl/rshn8xbx1dsfj1zgryf4g1240000gn/T//ccNjyvGq.s 			page 6


 290 0080 420F     		.short	3906
 291 0082 AF0F     		.short	4015
 292 0084 1E10     		.short	4126
 293 0086 9010     		.short	4240
 294 0088 0511     		.short	4357
 295 008a 7C11     		.short	4476
 296 008c F711     		.short	4599
 297 008e 7312     		.short	4723
 298 0090 F312     		.short	4851
 299 0092 7613     		.short	4982
 300 0094 FB13     		.short	5115
 301 0096 8414     		.short	5252
 302 0098 0F15     		.short	5391
 303 009a 9D15     		.short	5533
 304 009c 2E16     		.short	5678
 305 009e C316     		.short	5827
 306 00a0 5A17     		.short	5978
 307 00a2 F417     		.short	6132
 308 00a4 9118     		.short	6289
 309 00a6 3219     		.short	6450
 310 00a8 D519     		.short	6613
 311 00aa 7C1A     		.short	6780
 312 00ac 251B     		.short	6949
 313 00ae D21B     		.short	7122
 314 00b0 811C     		.short	7297
 315 00b2 341D     		.short	7476
 316 00b4 EA1D     		.short	7658
 317 00b6 A31E     		.short	7843
 318 00b8 5F1F     		.short	8031
 319 00ba 1E20     		.short	8222
 320 00bc E020     		.short	8416
 321 00be A521     		.short	8613
 322 00c0 6D22     		.short	8813
 323 00c2 3723     		.short	9015
 324 00c4 0524     		.short	9221
 325 00c6 D624     		.short	9430
 326 00c8 A925     		.short	9641
 327 00ca 7F26     		.short	9855
 328 00cc 5827     		.short	10072
 329 00ce 3328     		.short	10291
 330 00d0 1129     		.short	10513
 331 00d2 F129     		.short	10737
 332 00d4 D42A     		.short	10964
 333 00d6 B92B     		.short	11193
 334 00d8 A02C     		.short	11424
 335 00da 8A2D     		.short	11658
 336 00dc 762E     		.short	11894
 337 00de 642F     		.short	12132
 338 00e0 5330     		.short	12371
 339 00e2 4531     		.short	12613
 340 00e4 3832     		.short	12856
 341 00e6 2D33     		.short	13101
 342 00e8 2434     		.short	13348
 343 00ea 1B35     		.short	13595
 344 00ec 1536     		.short	13845
 345 00ee 0F37     		.short	14095
 346 00f0 0B38     		.short	14347
ARM GAS  /var/folders/wl/rshn8xbx1dsfj1zgryf4g1240000gn/T//ccNjyvGq.s 			page 7


 347 00f2 0739     		.short	14599
 348 00f4 043A     		.short	14852
 349 00f6 033B     		.short	15107
 350 00f8 013C     		.short	15361
 351 00fa 013D     		.short	15617
 352 00fc 003E     		.short	15872
 353 00fe 003F     		.short	16128
 354              		.section	.rodata.sigmoidTable_q15,"a"
 355              		.align	2
 358              	sigmoidTable_q15:
 359 0000 0040     		.short	16384
 360 0002 0042     		.short	16896
 361 0004 FF43     		.short	17407
 362 0006 FC45     		.short	17916
 363 0008 F547     		.short	18421
 364 000a EB49     		.short	18923
 365 000c DC4B     		.short	19420
 366 000e C84D     		.short	19912
 367 0010 AD4F     		.short	20397
 368 0012 8A51     		.short	20874
 369 0014 6053     		.short	21344
 370 0016 2C55     		.short	21804
 371 0018 EF56     		.short	22255
 372 001a A858     		.short	22696
 373 001c 575A     		.short	23127
 374 001e FB5B     		.short	23547
 375 0020 935D     		.short	23955
 376 0022 205F     		.short	24352
 377 0024 A160     		.short	24737
 378 0026 1662     		.short	25110
 379 0028 7F63     		.short	25471
 380 002a DB64     		.short	25819
 381 002c 2B66     		.short	26155
 382 002e 6F67     		.short	26479
 383 0030 A668     		.short	26790
 384 0032 D269     		.short	27090
 385 0034 F16A     		.short	27377
 386 0036 056C     		.short	27653
 387 0038 0D6D     		.short	27917
 388 003a 096E     		.short	28169
 389 003c FB6E     		.short	28411
 390 003e E26F     		.short	28642
 391 0040 BE70     		.short	28862
 392 0042 9071     		.short	29072
 393 0044 5872     		.short	29272
 394 0046 1673     		.short	29462
 395 0048 CC73     		.short	29644
 396 004a 7874     		.short	29816
 397 004c 1B75     		.short	29979
 398 004e B775     		.short	30135
 399 0050 4A76     		.short	30282
 400 0052 D676     		.short	30422
 401 0054 5B77     		.short	30555
 402 0056 D877     		.short	30680
 403 0058 4F78     		.short	30799
 404 005a C078     		.short	30912
 405 005c 2A79     		.short	31018
ARM GAS  /var/folders/wl/rshn8xbx1dsfj1zgryf4g1240000gn/T//ccNjyvGq.s 			page 8


 406 005e 8F79     		.short	31119
 407 0060 EE79     		.short	31214
 408 0062 487A     		.short	31304
 409 0064 9D7A     		.short	31389
 410 0066 ED7A     		.short	31469
 411 0068 397B     		.short	31545
 412 006a 807B     		.short	31616
 413 006c C47B     		.short	31684
 414 006e 037C     		.short	31747
 415 0070 3F7C     		.short	31807
 416 0072 787C     		.short	31864
 417 0074 AD7C     		.short	31917
 418 0076 E07C     		.short	31968
 419 0078 0F7D     		.short	32015
 420 007a 3C7D     		.short	32060
 421 007c 667D     		.short	32102
 422 007e 8D7D     		.short	32141
 423 0080 B37D     		.short	32179
 424 0082 D67D     		.short	32214
 425 0084 F77D     		.short	32247
 426 0086 167E     		.short	32278
 427 0088 337E     		.short	32307
 428 008a 4F7E     		.short	32335
 429 008c 697E     		.short	32361
 430 008e 817E     		.short	32385
 431 0090 987E     		.short	32408
 432 0092 AE7E     		.short	32430
 433 0094 C27E     		.short	32450
 434 0096 D57E     		.short	32469
 435 0098 E77E     		.short	32487
 436 009a F87E     		.short	32504
 437 009c 087F     		.short	32520
 438 009e 177F     		.short	32535
 439 00a0 257F     		.short	32549
 440 00a2 327F     		.short	32562
 441 00a4 3E7F     		.short	32574
 442 00a6 4A7F     		.short	32586
 443 00a8 557F     		.short	32597
 444 00aa 5F7F     		.short	32607
 445 00ac 697F     		.short	32617
 446 00ae 727F     		.short	32626
 447 00b0 7B7F     		.short	32635
 448 00b2 837F     		.short	32643
 449 00b4 8A7F     		.short	32650
 450 00b6 917F     		.short	32657
 451 00b8 987F     		.short	32664
 452 00ba 9E7F     		.short	32670
 453 00bc A47F     		.short	32676
 454 00be AA7F     		.short	32682
 455 00c0 AF7F     		.short	32687
 456 00c2 B47F     		.short	32692
 457 00c4 B87F     		.short	32696
 458 00c6 BD7F     		.short	32701
 459 00c8 C17F     		.short	32705
 460 00ca C57F     		.short	32709
 461 00cc C87F     		.short	32712
 462 00ce CC7F     		.short	32716
ARM GAS  /var/folders/wl/rshn8xbx1dsfj1zgryf4g1240000gn/T//ccNjyvGq.s 			page 9


 463 00d0 CF7F     		.short	32719
 464 00d2 D27F     		.short	32722
 465 00d4 D57F     		.short	32725
 466 00d6 D77F     		.short	32727
 467 00d8 DA7F     		.short	32730
 468 00da DC7F     		.short	32732
 469 00dc DE7F     		.short	32734
 470 00de E07F     		.short	32736
 471 00e0 E27F     		.short	32738
 472 00e2 E47F     		.short	32740
 473 00e4 E67F     		.short	32742
 474 00e6 E77F     		.short	32743
 475 00e8 E97F     		.short	32745
 476 00ea EA7F     		.short	32746
 477 00ec EB7F     		.short	32747
 478 00ee ED7F     		.short	32749
 479 00f0 EE7F     		.short	32750
 480 00f2 EF7F     		.short	32751
 481 00f4 F07F     		.short	32752
 482 00f6 F17F     		.short	32753
 483 00f8 F27F     		.short	32754
 484 00fa F37F     		.short	32755
 485 00fc F47F     		.short	32756
 486 00fe F47F     		.short	32756
 487 0100 0B00     		.short	11
 488 0102 0C00     		.short	12
 489 0104 0C00     		.short	12
 490 0106 0D00     		.short	13
 491 0108 0E00     		.short	14
 492 010a 0F00     		.short	15
 493 010c 1000     		.short	16
 494 010e 1100     		.short	17
 495 0110 1200     		.short	18
 496 0112 1300     		.short	19
 497 0114 1500     		.short	21
 498 0116 1600     		.short	22
 499 0118 1700     		.short	23
 500 011a 1900     		.short	25
 501 011c 1A00     		.short	26
 502 011e 1C00     		.short	28
 503 0120 1E00     		.short	30
 504 0122 2000     		.short	32
 505 0124 2200     		.short	34
 506 0126 2400     		.short	36
 507 0128 2600     		.short	38
 508 012a 2900     		.short	41
 509 012c 2B00     		.short	43
 510 012e 2E00     		.short	46
 511 0130 3100     		.short	49
 512 0132 3400     		.short	52
 513 0134 3800     		.short	56
 514 0136 3B00     		.short	59
 515 0138 3F00     		.short	63
 516 013a 4300     		.short	67
 517 013c 4800     		.short	72
 518 013e 4C00     		.short	76
 519 0140 5100     		.short	81
ARM GAS  /var/folders/wl/rshn8xbx1dsfj1zgryf4g1240000gn/T//ccNjyvGq.s 			page 10


 520 0142 5600     		.short	86
 521 0144 5C00     		.short	92
 522 0146 6200     		.short	98
 523 0148 6800     		.short	104
 524 014a 6F00     		.short	111
 525 014c 7600     		.short	118
 526 014e 7D00     		.short	125
 527 0150 8500     		.short	133
 528 0152 8E00     		.short	142
 529 0154 9700     		.short	151
 530 0156 A100     		.short	161
 531 0158 AB00     		.short	171
 532 015a B600     		.short	182
 533 015c C200     		.short	194
 534 015e CE00     		.short	206
 535 0160 DB00     		.short	219
 536 0162 E900     		.short	233
 537 0164 F800     		.short	248
 538 0166 0801     		.short	264
 539 0168 1901     		.short	281
 540 016a 2B01     		.short	299
 541 016c 3E01     		.short	318
 542 016e 5201     		.short	338
 543 0170 6801     		.short	360
 544 0172 7F01     		.short	383
 545 0174 9701     		.short	407
 546 0176 B101     		.short	433
 547 0178 CD01     		.short	461
 548 017a EA01     		.short	490
 549 017c 0902     		.short	521
 550 017e 2A02     		.short	554
 551 0180 4D02     		.short	589
 552 0182 7302     		.short	627
 553 0184 9A02     		.short	666
 554 0186 C402     		.short	708
 555 0188 F102     		.short	753
 556 018a 2003     		.short	800
 557 018c 5303     		.short	851
 558 018e 8803     		.short	904
 559 0190 C103     		.short	961
 560 0192 FD03     		.short	1021
 561 0194 3C04     		.short	1084
 562 0196 8004     		.short	1152
 563 0198 C704     		.short	1223
 564 019a 1305     		.short	1299
 565 019c 6305     		.short	1379
 566 019e B805     		.short	1464
 567 01a0 1206     		.short	1554
 568 01a2 7106     		.short	1649
 569 01a4 D606     		.short	1750
 570 01a6 4007     		.short	1856
 571 01a8 B107     		.short	1969
 572 01aa 2808     		.short	2088
 573 01ac A508     		.short	2213
 574 01ae 2A09     		.short	2346
 575 01b0 B609     		.short	2486
 576 01b2 490A     		.short	2633
ARM GAS  /var/folders/wl/rshn8xbx1dsfj1zgryf4g1240000gn/T//ccNjyvGq.s 			page 11


 577 01b4 E50A     		.short	2789
 578 01b6 880B     		.short	2952
 579 01b8 340C     		.short	3124
 580 01ba EA0C     		.short	3306
 581 01bc A80D     		.short	3496
 582 01be 700E     		.short	3696
 583 01c0 420F     		.short	3906
 584 01c2 1E10     		.short	4126
 585 01c4 0511     		.short	4357
 586 01c6 F711     		.short	4599
 587 01c8 F312     		.short	4851
 588 01ca FB13     		.short	5115
 589 01cc 0F15     		.short	5391
 590 01ce 2E16     		.short	5678
 591 01d0 5A17     		.short	5978
 592 01d2 9118     		.short	6289
 593 01d4 D519     		.short	6613
 594 01d6 251B     		.short	6949
 595 01d8 811C     		.short	7297
 596 01da EA1D     		.short	7658
 597 01dc 5F1F     		.short	8031
 598 01de E020     		.short	8416
 599 01e0 6D22     		.short	8813
 600 01e2 0524     		.short	9221
 601 01e4 A925     		.short	9641
 602 01e6 5827     		.short	10072
 603 01e8 1129     		.short	10513
 604 01ea D42A     		.short	10964
 605 01ec A02C     		.short	11424
 606 01ee 762E     		.short	11894
 607 01f0 5330     		.short	12371
 608 01f2 3832     		.short	12856
 609 01f4 2434     		.short	13348
 610 01f6 1536     		.short	13845
 611 01f8 0B38     		.short	14347
 612 01fa 043A     		.short	14852
 613 01fc 013C     		.short	15361
 614 01fe 003E     		.short	15872
 615              		.section	.rodata.sigmoidTable_q7,"a"
 616              		.align	2
 619              	sigmoidTable_q7:
 620 0000 40424446 		.ascii	"@BDFHJLNPRSUWYZ\\^_abcefgijklmnopqrrsttuvvwwxxyyzzz"
 620      484A4C4E 
 620      50525355 
 620      57595A5C 
 620      5E5F6162 
 621 0032 7B7B7B7C 		.ascii	"{{{|||||}}}}}~~~~~~~~\177\177\177\177\177\177\177\177"
 621      7C7C7C7C 
 621      7D7D7D7D 
 621      7D7E7E7E 
 621      7E7E7E7E 
 622 004f 7F7F7F7F 		.ascii	"\177\177\177\177\177\177\177\177\177\177\177\177\177"
 622      7F7F7F7F 
 622      7F7F7F7F 
 622      7F
 623 005c 7F7F7F7F 		.ascii	"\177\177\177\177\177\177\177\177\177\177\177\177\177"
 623      7F7F7F7F 
ARM GAS  /var/folders/wl/rshn8xbx1dsfj1zgryf4g1240000gn/T//ccNjyvGq.s 			page 12


 623      7F7F7F7F 
 623      7F
 624 0069 7F7F7F7F 		.ascii	"\177\177\177\177\177\177\177\177\177\177\177\177\177"
 624      7F7F7F7F 
 624      7F7F7F7F 
 624      7F
 625 0076 7F7F7F7F 		.ascii	"\177\177\177\177\177\177\177\177\177\177\000\000\000"
 625      7F7F7F7F 
 625      7F7F0000 
 625      00
 626 0083 00000000 		.ascii	"\000\000\000\000\000\000\000\000\000\000\000\000\000"
 626      00000000 
 626      00000000 
 626      00
 627 0090 00000000 		.ascii	"\000\000\000\000\000\000\000\000\000\000\000\000\000"
 627      00000000 
 627      00000000 
 627      00
 628 009d 00000000 		.ascii	"\000\000\000\000\000\000\000\000\000\000\000\001\001"
 628      00000000 
 628      00000001 
 628      01
 629 00aa 01010101 		.ascii	"\001\001\001\001\001\001\001\001\001\001\001\001\001"
 629      01010101 
 629      01010101 
 629      01
 630 00b7 01010102 		.ascii	"\001\001\001\002\002\002\002\002\002\002\002\003\003"
 630      02020202 
 630      02020203 
 630      03
 631 00c4 03030304 		.ascii	"\003\003\003\004\004\004\004\004\005\005\005\006\006"
 631      04040404 
 631      05050506 
 631      06
 632 00d1 06070708 		.ascii	"\006\007\007\010\010\011\011\012\012\013\014\014\015"
 632      0809090A 
 632      0A0B0C0C 
 632      0D
 633 00de 0E0E0F10 		.ascii	"\016\016\017\020\021\022\023\024\025\026\027\031\032"
 633      11121314 
 633      15161719 
 633      1A
 634 00eb 1B1D1E1F 		.ascii	"\033\035\036\037!\"$&')+-.02468:<>"
 634      21222426 
 634      27292B2D 
 634      2E303234 
 634      36383A3C 
 635              		.section	.rodata.tanhHTable_q15,"a"
 636              		.align	2
 639              	tanhHTable_q15:
 640 0000 657B     		.short	31589
 641 0002 EE7B     		.short	31726
 642 0004 667C     		.short	31846
 643 0006 D17C     		.short	31953
 644 0008 307D     		.short	32048
 645 000a 847D     		.short	32132
 646 000c CE7D     		.short	32206
ARM GAS  /var/folders/wl/rshn8xbx1dsfj1zgryf4g1240000gn/T//ccNjyvGq.s 			page 13


 647 000e 0F7E     		.short	32271
 648 0010 497E     		.short	32329
 649 0012 7D7E     		.short	32381
 650 0014 AA7E     		.short	32426
 651 0016 D27E     		.short	32466
 652 0018 F57E     		.short	32501
 653 001a 147F     		.short	32532
 654 001c 307F     		.short	32560
 655 001e 487F     		.short	32584
 656 0020 5E7F     		.short	32606
 657 0022 717F     		.short	32625
 658 0024 827F     		.short	32642
 659 0026 917F     		.short	32657
 660 0028 9E7F     		.short	32670
 661 002a A97F     		.short	32681
 662 002c B37F     		.short	32691
 663 002e BC7F     		.short	32700
 664 0030 C47F     		.short	32708
 665 0032 CB7F     		.short	32715
 666 0034 D17F     		.short	32721
 667 0036 D77F     		.short	32727
 668 0038 DC7F     		.short	32732
 669 003a E07F     		.short	32736
 670 003c E47F     		.short	32740
 671 003e E77F     		.short	32743
 672 0040 EA7F     		.short	32746
 673 0042 ED7F     		.short	32749
 674 0044 EF7F     		.short	32751
 675 0046 F17F     		.short	32753
 676 0048 F37F     		.short	32755
 677 004a F47F     		.short	32756
 678 004c F67F     		.short	32758
 679 004e F77F     		.short	32759
 680 0050 F87F     		.short	32760
 681 0052 F97F     		.short	32761
 682 0054 FA7F     		.short	32762
 683 0056 FA7F     		.short	32762
 684 0058 FB7F     		.short	32763
 685 005a FC7F     		.short	32764
 686 005c FC7F     		.short	32764
 687 005e FD7F     		.short	32765
 688 0060 FD7F     		.short	32765
 689 0062 FD7F     		.short	32765
 690 0064 FE7F     		.short	32766
 691 0066 FE7F     		.short	32766
 692 0068 FE7F     		.short	32766
 693 006a FE7F     		.short	32766
 694 006c FF7F     		.short	32767
 695 006e FF7F     		.short	32767
 696 0070 FF7F     		.short	32767
 697 0072 FF7F     		.short	32767
 698 0074 FF7F     		.short	32767
 699 0076 FF7F     		.short	32767
 700 0078 FF7F     		.short	32767
 701 007a FF7F     		.short	32767
 702 007c FF7F     		.short	32767
 703 007e FF7F     		.short	32767
ARM GAS  /var/folders/wl/rshn8xbx1dsfj1zgryf4g1240000gn/T//ccNjyvGq.s 			page 14


 704 0080 FF7F     		.short	32767
 705 0082 FF7F     		.short	32767
 706 0084 FF7F     		.short	32767
 707 0086 FF7F     		.short	32767
 708 0088 FF7F     		.short	32767
 709 008a FF7F     		.short	32767
 710 008c FF7F     		.short	32767
 711 008e FF7F     		.short	32767
 712 0090 FF7F     		.short	32767
 713 0092 FF7F     		.short	32767
 714 0094 FF7F     		.short	32767
 715 0096 FF7F     		.short	32767
 716 0098 FF7F     		.short	32767
 717 009a FF7F     		.short	32767
 718 009c FF7F     		.short	32767
 719 009e FF7F     		.short	32767
 720 00a0 FF7F     		.short	32767
 721 00a2 FF7F     		.short	32767
 722 00a4 FF7F     		.short	32767
 723 00a6 FF7F     		.short	32767
 724 00a8 FF7F     		.short	32767
 725 00aa FF7F     		.short	32767
 726 00ac FF7F     		.short	32767
 727 00ae FF7F     		.short	32767
 728 00b0 FF7F     		.short	32767
 729 00b2 FF7F     		.short	32767
 730 00b4 FF7F     		.short	32767
 731 00b6 FF7F     		.short	32767
 732 00b8 FF7F     		.short	32767
 733 00ba FF7F     		.short	32767
 734 00bc FF7F     		.short	32767
 735 00be FF7F     		.short	32767
 736 00c0 0080     		.short	-32768
 737 00c2 0080     		.short	-32768
 738 00c4 0080     		.short	-32768
 739 00c6 0080     		.short	-32768
 740 00c8 0080     		.short	-32768
 741 00ca 0080     		.short	-32768
 742 00cc 0080     		.short	-32768
 743 00ce 0080     		.short	-32768
 744 00d0 0080     		.short	-32768
 745 00d2 0080     		.short	-32768
 746 00d4 0080     		.short	-32768
 747 00d6 0080     		.short	-32768
 748 00d8 0080     		.short	-32768
 749 00da 0080     		.short	-32768
 750 00dc 0080     		.short	-32768
 751 00de 0080     		.short	-32768
 752 00e0 0080     		.short	-32768
 753 00e2 0080     		.short	-32768
 754 00e4 0080     		.short	-32768
 755 00e6 0080     		.short	-32768
 756 00e8 0080     		.short	-32768
 757 00ea 0080     		.short	-32768
 758 00ec 0080     		.short	-32768
 759 00ee 0080     		.short	-32768
 760 00f0 0080     		.short	-32768
ARM GAS  /var/folders/wl/rshn8xbx1dsfj1zgryf4g1240000gn/T//ccNjyvGq.s 			page 15


 761 00f2 0080     		.short	-32768
 762 00f4 0080     		.short	-32768
 763 00f6 0080     		.short	-32768
 764 00f8 0080     		.short	-32768
 765 00fa 0080     		.short	-32768
 766 00fc 0080     		.short	-32768
 767 00fe 0080     		.short	-32768
 768 0100 0080     		.short	-32768
 769 0102 0080     		.short	-32768
 770 0104 0180     		.short	-32767
 771 0106 0180     		.short	-32767
 772 0108 0180     		.short	-32767
 773 010a 0180     		.short	-32767
 774 010c 0180     		.short	-32767
 775 010e 0180     		.short	-32767
 776 0110 0180     		.short	-32767
 777 0112 0180     		.short	-32767
 778 0114 0180     		.short	-32767
 779 0116 0280     		.short	-32766
 780 0118 0280     		.short	-32766
 781 011a 0280     		.short	-32766
 782 011c 0280     		.short	-32766
 783 011e 0380     		.short	-32765
 784 0120 0380     		.short	-32765
 785 0122 0380     		.short	-32765
 786 0124 0480     		.short	-32764
 787 0126 0480     		.short	-32764
 788 0128 0580     		.short	-32763
 789 012a 0680     		.short	-32762
 790 012c 0680     		.short	-32762
 791 012e 0780     		.short	-32761
 792 0130 0880     		.short	-32760
 793 0132 0980     		.short	-32759
 794 0134 0A80     		.short	-32758
 795 0136 0C80     		.short	-32756
 796 0138 0D80     		.short	-32755
 797 013a 0F80     		.short	-32753
 798 013c 1180     		.short	-32751
 799 013e 1380     		.short	-32749
 800 0140 1680     		.short	-32746
 801 0142 1980     		.short	-32743
 802 0144 1C80     		.short	-32740
 803 0146 2080     		.short	-32736
 804 0148 2480     		.short	-32732
 805 014a 2980     		.short	-32727
 806 014c 2F80     		.short	-32721
 807 014e 3580     		.short	-32715
 808 0150 3C80     		.short	-32708
 809 0152 4480     		.short	-32700
 810 0154 4D80     		.short	-32691
 811 0156 5780     		.short	-32681
 812 0158 6280     		.short	-32670
 813 015a 6F80     		.short	-32657
 814 015c 7E80     		.short	-32642
 815 015e 8F80     		.short	-32625
 816 0160 A280     		.short	-32606
 817 0162 B880     		.short	-32584
ARM GAS  /var/folders/wl/rshn8xbx1dsfj1zgryf4g1240000gn/T//ccNjyvGq.s 			page 16


 818 0164 D080     		.short	-32560
 819 0166 EC80     		.short	-32532
 820 0168 0B81     		.short	-32501
 821 016a 2E81     		.short	-32466
 822 016c 5681     		.short	-32426
 823 016e 8381     		.short	-32381
 824 0170 B781     		.short	-32329
 825 0172 F181     		.short	-32271
 826 0174 3282     		.short	-32206
 827 0176 7C82     		.short	-32132
 828 0178 D082     		.short	-32048
 829 017a 2F83     		.short	-31953
 830 017c 9A83     		.short	-31846
 831 017e 1284     		.short	-31726
 832              		.section	.rodata.tanhLTable_q15,"a"
 833              		.align	2
 836              	tanhLTable_q15:
 837 0000 0000     		.short	0
 838 0002 0004     		.short	1024
 839 0004 FD07     		.short	2045
 840 0006 F70B     		.short	3063
 841 0008 EB0F     		.short	4075
 842 000a D713     		.short	5079
 843 000c B917     		.short	6073
 844 000e 901B     		.short	7056
 845 0010 591F     		.short	8025
 846 0012 1423     		.short	8980
 847 0014 BF26     		.short	9919
 848 0016 582A     		.short	10840
 849 0018 DF2D     		.short	11743
 850 001a 5131     		.short	12625
 851 001c AE34     		.short	13486
 852 001e F637     		.short	14326
 853 0020 273B     		.short	15143
 854 0022 403E     		.short	15936
 855 0024 4241     		.short	16706
 856 0026 2C44     		.short	17452
 857 0028 FD46     		.short	18173
 858 002a B649     		.short	18870
 859 002c 564C     		.short	19542
 860 002e DD4E     		.short	20189
 861 0030 4D51     		.short	20813
 862 0032 A353     		.short	21411
 863 0034 E255     		.short	21986
 864 0036 0A58     		.short	22538
 865 0038 1A5A     		.short	23066
 866 003a 135C     		.short	23571
 867 003c F65D     		.short	24054
 868 003e C45F     		.short	24516
 869 0040 7C61     		.short	24956
 870 0042 2063     		.short	25376
 871 0044 B064     		.short	25776
 872 0046 2D66     		.short	26157
 873 0048 9767     		.short	26519
 874 004a F068     		.short	26864
 875 004c 376A     		.short	27191
 876 004e 6E6B     		.short	27502
ARM GAS  /var/folders/wl/rshn8xbx1dsfj1zgryf4g1240000gn/T//ccNjyvGq.s 			page 17


 877 0050 956C     		.short	27797
 878 0052 AC6D     		.short	28076
 879 0054 B56E     		.short	28341
 880 0056 B06F     		.short	28592
 881 0058 9E70     		.short	28830
 882 005a 7F71     		.short	29055
 883 005c 5472     		.short	29268
 884 005e 1E73     		.short	29470
 885 0060 DC73     		.short	29660
 886 0062 9074     		.short	29840
 887 0064 3A75     		.short	30010
 888 0066 DA75     		.short	30170
 889 0068 7276     		.short	30322
 890 006a 0177     		.short	30465
 891 006c 8877     		.short	30600
 892 006e 0778     		.short	30727
 893 0070 7F78     		.short	30847
 894 0072 F078     		.short	30960
 895 0074 5B79     		.short	31067
 896 0076 BF79     		.short	31167
 897 0078 1E7A     		.short	31262
 898 007a 777A     		.short	31351
 899 007c CB7A     		.short	31435
 900 007e 1B7B     		.short	31515
 901 0080 9B84     		.short	-31589
 902 0082 E584     		.short	-31515
 903 0084 3585     		.short	-31435
 904 0086 8985     		.short	-31351
 905 0088 E285     		.short	-31262
 906 008a 4186     		.short	-31167
 907 008c A586     		.short	-31067
 908 008e 1087     		.short	-30960
 909 0090 8187     		.short	-30847
 910 0092 F987     		.short	-30727
 911 0094 7888     		.short	-30600
 912 0096 FF88     		.short	-30465
 913 0098 8E89     		.short	-30322
 914 009a 268A     		.short	-30170
 915 009c C68A     		.short	-30010
 916 009e 708B     		.short	-29840
 917 00a0 248C     		.short	-29660
 918 00a2 E28C     		.short	-29470
 919 00a4 AC8D     		.short	-29268
 920 00a6 818E     		.short	-29055
 921 00a8 628F     		.short	-28830
 922 00aa 5090     		.short	-28592
 923 00ac 4B91     		.short	-28341
 924 00ae 5492     		.short	-28076
 925 00b0 6B93     		.short	-27797
 926 00b2 9294     		.short	-27502
 927 00b4 C995     		.short	-27191
 928 00b6 1097     		.short	-26864
 929 00b8 6998     		.short	-26519
 930 00ba D399     		.short	-26157
 931 00bc 509B     		.short	-25776
 932 00be E09C     		.short	-25376
 933 00c0 849E     		.short	-24956
ARM GAS  /var/folders/wl/rshn8xbx1dsfj1zgryf4g1240000gn/T//ccNjyvGq.s 			page 18


 934 00c2 3CA0     		.short	-24516
 935 00c4 0AA2     		.short	-24054
 936 00c6 EDA3     		.short	-23571
 937 00c8 E6A5     		.short	-23066
 938 00ca F6A7     		.short	-22538
 939 00cc 1EAA     		.short	-21986
 940 00ce 5DAC     		.short	-21411
 941 00d0 B3AE     		.short	-20813
 942 00d2 23B1     		.short	-20189
 943 00d4 AAB3     		.short	-19542
 944 00d6 4AB6     		.short	-18870
 945 00d8 03B9     		.short	-18173
 946 00da D4BB     		.short	-17452
 947 00dc BEBE     		.short	-16706
 948 00de C0C1     		.short	-15936
 949 00e0 D9C4     		.short	-15143
 950 00e2 0AC8     		.short	-14326
 951 00e4 52CB     		.short	-13486
 952 00e6 AFCE     		.short	-12625
 953 00e8 21D2     		.short	-11743
 954 00ea A8D5     		.short	-10840
 955 00ec 41D9     		.short	-9919
 956 00ee ECDC     		.short	-8980
 957 00f0 A7E0     		.short	-8025
 958 00f2 70E4     		.short	-7056
 959 00f4 47E8     		.short	-6073
 960 00f6 29EC     		.short	-5079
 961 00f8 15F0     		.short	-4075
 962 00fa 09F4     		.short	-3063
 963 00fc 03F8     		.short	-2045
 964 00fe 00FC     		.short	-1024
 965              		.section	.rodata.tanhTable_q15,"a"
 966              		.align	2
 969              	tanhTable_q15:
 970 0000 0000     		.short	0
 971 0002 FD07     		.short	2045
 972 0004 EB0F     		.short	4075
 973 0006 B917     		.short	6073
 974 0008 591F     		.short	8025
 975 000a BF26     		.short	9919
 976 000c DF2D     		.short	11743
 977 000e AE34     		.short	13486
 978 0010 273B     		.short	15143
 979 0012 4241     		.short	16706
 980 0014 FD46     		.short	18173
 981 0016 564C     		.short	19542
 982 0018 4D51     		.short	20813
 983 001a E255     		.short	21986
 984 001c 1A5A     		.short	23066
 985 001e F65D     		.short	24054
 986 0020 7C61     		.short	24956
 987 0022 B064     		.short	25776
 988 0024 9767     		.short	26519
 989 0026 376A     		.short	27191
 990 0028 956C     		.short	27797
 991 002a B56E     		.short	28341
 992 002c 9E70     		.short	28830
ARM GAS  /var/folders/wl/rshn8xbx1dsfj1zgryf4g1240000gn/T//ccNjyvGq.s 			page 19


 993 002e 5472     		.short	29268
 994 0030 DC73     		.short	29660
 995 0032 3A75     		.short	30010
 996 0034 7276     		.short	30322
 997 0036 8877     		.short	30600
 998 0038 7F78     		.short	30847
 999 003a 5B79     		.short	31067
 1000 003c 1E7A     		.short	31262
 1001 003e CB7A     		.short	31435
 1002 0040 657B     		.short	31589
 1003 0042 EE7B     		.short	31726
 1004 0044 667C     		.short	31846
 1005 0046 D17C     		.short	31953
 1006 0048 307D     		.short	32048
 1007 004a 847D     		.short	32132
 1008 004c CE7D     		.short	32206
 1009 004e 0F7E     		.short	32271
 1010 0050 497E     		.short	32329
 1011 0052 7D7E     		.short	32381
 1012 0054 AA7E     		.short	32426
 1013 0056 D27E     		.short	32466
 1014 0058 F57E     		.short	32501
 1015 005a 147F     		.short	32532
 1016 005c 307F     		.short	32560
 1017 005e 487F     		.short	32584
 1018 0060 5E7F     		.short	32606
 1019 0062 717F     		.short	32625
 1020 0064 827F     		.short	32642
 1021 0066 917F     		.short	32657
 1022 0068 9E7F     		.short	32670
 1023 006a A97F     		.short	32681
 1024 006c B37F     		.short	32691
 1025 006e BC7F     		.short	32700
 1026 0070 C47F     		.short	32708
 1027 0072 CB7F     		.short	32715
 1028 0074 D17F     		.short	32721
 1029 0076 D77F     		.short	32727
 1030 0078 DC7F     		.short	32732
 1031 007a E07F     		.short	32736
 1032 007c E47F     		.short	32740
 1033 007e E77F     		.short	32743
 1034 0080 EA7F     		.short	32746
 1035 0082 ED7F     		.short	32749
 1036 0084 EF7F     		.short	32751
 1037 0086 F17F     		.short	32753
 1038 0088 F37F     		.short	32755
 1039 008a F47F     		.short	32756
 1040 008c F67F     		.short	32758
 1041 008e F77F     		.short	32759
 1042 0090 F87F     		.short	32760
 1043 0092 F97F     		.short	32761
 1044 0094 FA7F     		.short	32762
 1045 0096 FA7F     		.short	32762
 1046 0098 FB7F     		.short	32763
 1047 009a FC7F     		.short	32764
 1048 009c FC7F     		.short	32764
 1049 009e FD7F     		.short	32765
ARM GAS  /var/folders/wl/rshn8xbx1dsfj1zgryf4g1240000gn/T//ccNjyvGq.s 			page 20


 1050 00a0 FD7F     		.short	32765
 1051 00a2 FD7F     		.short	32765
 1052 00a4 FE7F     		.short	32766
 1053 00a6 FE7F     		.short	32766
 1054 00a8 FE7F     		.short	32766
 1055 00aa FE7F     		.short	32766
 1056 00ac FF7F     		.short	32767
 1057 00ae FF7F     		.short	32767
 1058 00b0 FF7F     		.short	32767
 1059 00b2 FF7F     		.short	32767
 1060 00b4 FF7F     		.short	32767
 1061 00b6 FF7F     		.short	32767
 1062 00b8 FF7F     		.short	32767
 1063 00ba FF7F     		.short	32767
 1064 00bc FF7F     		.short	32767
 1065 00be FF7F     		.short	32767
 1066 00c0 FF7F     		.short	32767
 1067 00c2 FF7F     		.short	32767
 1068 00c4 FF7F     		.short	32767
 1069 00c6 FF7F     		.short	32767
 1070 00c8 FF7F     		.short	32767
 1071 00ca FF7F     		.short	32767
 1072 00cc FF7F     		.short	32767
 1073 00ce FF7F     		.short	32767
 1074 00d0 FF7F     		.short	32767
 1075 00d2 FF7F     		.short	32767
 1076 00d4 FF7F     		.short	32767
 1077 00d6 FF7F     		.short	32767
 1078 00d8 FF7F     		.short	32767
 1079 00da FF7F     		.short	32767
 1080 00dc FF7F     		.short	32767
 1081 00de FF7F     		.short	32767
 1082 00e0 FF7F     		.short	32767
 1083 00e2 FF7F     		.short	32767
 1084 00e4 FF7F     		.short	32767
 1085 00e6 FF7F     		.short	32767
 1086 00e8 FF7F     		.short	32767
 1087 00ea FF7F     		.short	32767
 1088 00ec FF7F     		.short	32767
 1089 00ee FF7F     		.short	32767
 1090 00f0 FF7F     		.short	32767
 1091 00f2 FF7F     		.short	32767
 1092 00f4 FF7F     		.short	32767
 1093 00f6 FF7F     		.short	32767
 1094 00f8 FF7F     		.short	32767
 1095 00fa FF7F     		.short	32767
 1096 00fc FF7F     		.short	32767
 1097 00fe FF7F     		.short	32767
 1098 0100 0080     		.short	-32768
 1099 0102 0080     		.short	-32768
 1100 0104 0080     		.short	-32768
 1101 0106 0080     		.short	-32768
 1102 0108 0080     		.short	-32768
 1103 010a 0080     		.short	-32768
 1104 010c 0080     		.short	-32768
 1105 010e 0080     		.short	-32768
 1106 0110 0080     		.short	-32768
ARM GAS  /var/folders/wl/rshn8xbx1dsfj1zgryf4g1240000gn/T//ccNjyvGq.s 			page 21


 1107 0112 0080     		.short	-32768
 1108 0114 0080     		.short	-32768
 1109 0116 0080     		.short	-32768
 1110 0118 0080     		.short	-32768
 1111 011a 0080     		.short	-32768
 1112 011c 0080     		.short	-32768
 1113 011e 0080     		.short	-32768
 1114 0120 0080     		.short	-32768
 1115 0122 0080     		.short	-32768
 1116 0124 0080     		.short	-32768
 1117 0126 0080     		.short	-32768
 1118 0128 0080     		.short	-32768
 1119 012a 0080     		.short	-32768
 1120 012c 0080     		.short	-32768
 1121 012e 0080     		.short	-32768
 1122 0130 0080     		.short	-32768
 1123 0132 0080     		.short	-32768
 1124 0134 0080     		.short	-32768
 1125 0136 0080     		.short	-32768
 1126 0138 0080     		.short	-32768
 1127 013a 0080     		.short	-32768
 1128 013c 0080     		.short	-32768
 1129 013e 0080     		.short	-32768
 1130 0140 0080     		.short	-32768
 1131 0142 0080     		.short	-32768
 1132 0144 0180     		.short	-32767
 1133 0146 0180     		.short	-32767
 1134 0148 0180     		.short	-32767
 1135 014a 0180     		.short	-32767
 1136 014c 0180     		.short	-32767
 1137 014e 0180     		.short	-32767
 1138 0150 0180     		.short	-32767
 1139 0152 0180     		.short	-32767
 1140 0154 0180     		.short	-32767
 1141 0156 0280     		.short	-32766
 1142 0158 0280     		.short	-32766
 1143 015a 0280     		.short	-32766
 1144 015c 0280     		.short	-32766
 1145 015e 0380     		.short	-32765
 1146 0160 0380     		.short	-32765
 1147 0162 0380     		.short	-32765
 1148 0164 0480     		.short	-32764
 1149 0166 0480     		.short	-32764
 1150 0168 0580     		.short	-32763
 1151 016a 0680     		.short	-32762
 1152 016c 0680     		.short	-32762
 1153 016e 0780     		.short	-32761
 1154 0170 0880     		.short	-32760
 1155 0172 0980     		.short	-32759
 1156 0174 0A80     		.short	-32758
 1157 0176 0C80     		.short	-32756
 1158 0178 0D80     		.short	-32755
 1159 017a 0F80     		.short	-32753
 1160 017c 1180     		.short	-32751
 1161 017e 1380     		.short	-32749
 1162 0180 1680     		.short	-32746
 1163 0182 1980     		.short	-32743
ARM GAS  /var/folders/wl/rshn8xbx1dsfj1zgryf4g1240000gn/T//ccNjyvGq.s 			page 22


 1164 0184 1C80     		.short	-32740
 1165 0186 2080     		.short	-32736
 1166 0188 2480     		.short	-32732
 1167 018a 2980     		.short	-32727
 1168 018c 2F80     		.short	-32721
 1169 018e 3580     		.short	-32715
 1170 0190 3C80     		.short	-32708
 1171 0192 4480     		.short	-32700
 1172 0194 4D80     		.short	-32691
 1173 0196 5780     		.short	-32681
 1174 0198 6280     		.short	-32670
 1175 019a 6F80     		.short	-32657
 1176 019c 7E80     		.short	-32642
 1177 019e 8F80     		.short	-32625
 1178 01a0 A280     		.short	-32606
 1179 01a2 B880     		.short	-32584
 1180 01a4 D080     		.short	-32560
 1181 01a6 EC80     		.short	-32532
 1182 01a8 0B81     		.short	-32501
 1183 01aa 2E81     		.short	-32466
 1184 01ac 5681     		.short	-32426
 1185 01ae 8381     		.short	-32381
 1186 01b0 B781     		.short	-32329
 1187 01b2 F181     		.short	-32271
 1188 01b4 3282     		.short	-32206
 1189 01b6 7C82     		.short	-32132
 1190 01b8 D082     		.short	-32048
 1191 01ba 2F83     		.short	-31953
 1192 01bc 9A83     		.short	-31846
 1193 01be 1284     		.short	-31726
 1194 01c0 9B84     		.short	-31589
 1195 01c2 3585     		.short	-31435
 1196 01c4 E285     		.short	-31262
 1197 01c6 A586     		.short	-31067
 1198 01c8 8187     		.short	-30847
 1199 01ca 7888     		.short	-30600
 1200 01cc 8E89     		.short	-30322
 1201 01ce C68A     		.short	-30010
 1202 01d0 248C     		.short	-29660
 1203 01d2 AC8D     		.short	-29268
 1204 01d4 628F     		.short	-28830
 1205 01d6 4B91     		.short	-28341
 1206 01d8 6B93     		.short	-27797
 1207 01da C995     		.short	-27191
 1208 01dc 6998     		.short	-26519
 1209 01de 509B     		.short	-25776
 1210 01e0 849E     		.short	-24956
 1211 01e2 0AA2     		.short	-24054
 1212 01e4 E6A5     		.short	-23066
 1213 01e6 1EAA     		.short	-21986
 1214 01e8 B3AE     		.short	-20813
 1215 01ea AAB3     		.short	-19542
 1216 01ec 03B9     		.short	-18173
 1217 01ee BEBE     		.short	-16706
 1218 01f0 D9C4     		.short	-15143
 1219 01f2 52CB     		.short	-13486
 1220 01f4 21D2     		.short	-11743
ARM GAS  /var/folders/wl/rshn8xbx1dsfj1zgryf4g1240000gn/T//ccNjyvGq.s 			page 23


 1221 01f6 41D9     		.short	-9919
 1222 01f8 A7E0     		.short	-8025
 1223 01fa 47E8     		.short	-6073
 1224 01fc 15F0     		.short	-4075
 1225 01fe 03F8     		.short	-2045
 1226              		.section	.rodata.tanhTable_q7,"a"
 1227              		.align	2
 1230              	tanhTable_q7:
 1231 0000 00081018 		.ascii	"\000\010\020\030\037'.5;AGLQVZ^aehjmoqrtuvxxyz{{||}"
 1231      1F272E35 
 1231      3B41474C 
 1231      51565A5E 
 1231      6165686A 
 1232 0024 7D7E7E7E 		.ascii	"}~~~~~\177\177\177\177\177\177\177\177\177\177\177\177"
 1232      7E7E7F7F 
 1232      7F7F7F7F 
 1232      7F7F7F7F 
 1232      7F7F
 1233 0036 7F7F7F7F 		.ascii	"\177\177\177\177\177\177\177\177\177\177\177\177\177"
 1233      7F7F7F7F 
 1233      7F7F7F7F 
 1233      7F
 1234 0043 7F7F7F7F 		.ascii	"\177\177\177\177\177\177\177\177\177\177\177\177\177"
 1234      7F7F7F7F 
 1234      7F7F7F7F 
 1234      7F
 1235 0050 7F7F7F7F 		.ascii	"\177\177\177\177\177\177\177\177\177\177\177\177\177"
 1235      7F7F7F7F 
 1235      7F7F7F7F 
 1235      7F
 1236 005d 7F7F7F7F 		.ascii	"\177\177\177\177\177\177\177\177\177\177\177\177\177"
 1236      7F7F7F7F 
 1236      7F7F7F7F 
 1236      7F
 1237 006a 7F7F7F7F 		.ascii	"\177\177\177\177\177\177\177\177\177\177\177\177\177"
 1237      7F7F7F7F 
 1237      7F7F7F7F 
 1237      7F
 1238 0077 7F7F7F7F 		.ascii	"\177\177\177\177\177\177\177\177\177\200\200\200\200"
 1238      7F7F7F7F 
 1238      7F808080 
 1238      80
 1239 0084 80808080 		.ascii	"\200\200\200\200\200\200\200\200\200\200\200\200\200"
 1239      80808080 
 1239      80808080 
 1239      80
 1240 0091 80808080 		.ascii	"\200\200\200\200\200\200\200\200\200\200\200\200\200"
 1240      80808080 
 1240      80808080 
 1240      80
 1241 009e 80808080 		.ascii	"\200\200\200\200\200\200\200\200\200\200\200\200\200"
 1241      80808080 
 1241      80808080 
 1241      80
 1242 00ab 80808080 		.ascii	"\200\200\200\200\200\200\200\200\200\200\200\200\200"
 1242      80808080 
 1242      80808080 
ARM GAS  /var/folders/wl/rshn8xbx1dsfj1zgryf4g1240000gn/T//ccNjyvGq.s 			page 24


 1242      80
 1243 00b8 80808080 		.ascii	"\200\200\200\200\200\200\200\200\200\200\200\200\200"
 1243      80808080 
 1243      80808080 
 1243      80
 1244 00c5 80808080 		.ascii	"\200\200\200\200\200\200\200\200\200\200\201\201\201"
 1244      80808080 
 1244      80808181 
 1244      81
 1245 00d2 81818181 		.ascii	"\201\201\201\201\201\202\202\202\202\202\203\203\204"
 1245      81828282 
 1245      82828383 
 1245      84
 1246 00df 84858586 		.ascii	"\204\205\205\206\207\210\210\212\213\214\216\217\221"
 1246      8788888A 
 1246      8B8C8E8F 
 1246      91
 1247 00ec 9396989B 		.ascii	"\223\226\230\233\237\242\246\252\257\264\271\277\305"
 1247      9FA2A6AA 
 1247      AFB4B9BF 
 1247      C5
 1248 00f9 CBD2D9E1 		.ascii	"\313\322\331\341\350\360\370"
 1248      E8F0F8
 1249              		.text
 1250              	.Letext0:
 1251              		.file 1 "/opt/homebrew/Cellar/arm-none-eabi-gcc/9-2019-q4-major/gcc/arm-none-eabi/include/machine/
 1252              		.file 2 "/opt/homebrew/Cellar/arm-none-eabi-gcc/9-2019-q4-major/gcc/arm-none-eabi/include/sys/_std
 1253              		.file 3 "/opt/homebrew/Cellar/arm-none-eabi-gcc/9-2019-q4-major/gcc/arm-none-eabi/include/sys/lock
 1254              		.file 4 "/opt/homebrew/Cellar/arm-none-eabi-gcc/9-2019-q4-major/gcc/arm-none-eabi/include/sys/_typ
 1255              		.file 5 "/opt/homebrew/Cellar/arm-none-eabi-gcc/9-2019-q4-major/gcc/lib/gcc/arm-none-eabi/9.2.1/in
 1256              		.file 6 "/opt/homebrew/Cellar/arm-none-eabi-gcc/9-2019-q4-major/gcc/arm-none-eabi/include/sys/reen
 1257              		.file 7 "/opt/homebrew/Cellar/arm-none-eabi-gcc/9-2019-q4-major/gcc/arm-none-eabi/include/math.h"
 1258              		.file 8 ".//Libraries/CMSIS/DSP/Include/arm_math.h"
 1259              		.file 9 ".//Libraries/CMSIS/DSP/Include/arm_common_tables.h"
 1260              		.file 10 ".//Libraries/CMSIS/NN/Source/NNSupportFunctions/arm_nntables.c"
ARM GAS  /var/folders/wl/rshn8xbx1dsfj1zgryf4g1240000gn/T//ccNjyvGq.s 			page 25


DEFINED SYMBOLS
                            *ABS*:0000000000000000 arm_nntables.c
/var/folders/wl/rshn8xbx1dsfj1zgryf4g1240000gn/T//ccNjyvGq.s:639    .rodata.tanhHTable_q15:0000000000000000 tanhHTable_q15
/var/folders/wl/rshn8xbx1dsfj1zgryf4g1240000gn/T//ccNjyvGq.s:836    .rodata.tanhLTable_q15:0000000000000000 tanhLTable_q15
/var/folders/wl/rshn8xbx1dsfj1zgryf4g1240000gn/T//ccNjyvGq.s:969    .rodata.tanhTable_q15:0000000000000000 tanhTable_q15
/var/folders/wl/rshn8xbx1dsfj1zgryf4g1240000gn/T//ccNjyvGq.s:1230   .rodata.tanhTable_q7:0000000000000000 tanhTable_q7
/var/folders/wl/rshn8xbx1dsfj1zgryf4g1240000gn/T//ccNjyvGq.s:28     .rodata.sigmoidHTable_q15:0000000000000000 sigmoidHTable_q15
/var/folders/wl/rshn8xbx1dsfj1zgryf4g1240000gn/T//ccNjyvGq.s:225    .rodata.sigmoidLTable_q15:0000000000000000 sigmoidLTable_q15
/var/folders/wl/rshn8xbx1dsfj1zgryf4g1240000gn/T//ccNjyvGq.s:358    .rodata.sigmoidTable_q15:0000000000000000 sigmoidTable_q15
/var/folders/wl/rshn8xbx1dsfj1zgryf4g1240000gn/T//ccNjyvGq.s:619    .rodata.sigmoidTable_q7:0000000000000000 sigmoidTable_q7
/var/folders/wl/rshn8xbx1dsfj1zgryf4g1240000gn/T//ccNjyvGq.s:25     .rodata.sigmoidHTable_q15:0000000000000000 $d
/var/folders/wl/rshn8xbx1dsfj1zgryf4g1240000gn/T//ccNjyvGq.s:222    .rodata.sigmoidLTable_q15:0000000000000000 $d
/var/folders/wl/rshn8xbx1dsfj1zgryf4g1240000gn/T//ccNjyvGq.s:355    .rodata.sigmoidTable_q15:0000000000000000 $d
/var/folders/wl/rshn8xbx1dsfj1zgryf4g1240000gn/T//ccNjyvGq.s:616    .rodata.sigmoidTable_q7:0000000000000000 $d
/var/folders/wl/rshn8xbx1dsfj1zgryf4g1240000gn/T//ccNjyvGq.s:636    .rodata.tanhHTable_q15:0000000000000000 $d
/var/folders/wl/rshn8xbx1dsfj1zgryf4g1240000gn/T//ccNjyvGq.s:833    .rodata.tanhLTable_q15:0000000000000000 $d
/var/folders/wl/rshn8xbx1dsfj1zgryf4g1240000gn/T//ccNjyvGq.s:966    .rodata.tanhTable_q15:0000000000000000 $d
/var/folders/wl/rshn8xbx1dsfj1zgryf4g1240000gn/T//ccNjyvGq.s:1227   .rodata.tanhTable_q7:0000000000000000 $d

NO UNDEFINED SYMBOLS
