ARM GAS  /tmp/ccQYVReX.s 			page 1


   1              		.cpu cortex-m7
   2              		.eabi_attribute 28, 1
   3              		.eabi_attribute 20, 1
   4              		.eabi_attribute 21, 1
   5              		.eabi_attribute 23, 3
   6              		.eabi_attribute 24, 1
   7              		.eabi_attribute 25, 1
   8              		.eabi_attribute 26, 1
   9              		.eabi_attribute 30, 2
  10              		.eabi_attribute 34, 1
  11              		.eabi_attribute 18, 4
  12              		.file	"arm_power_q7.c"
  13              		.text
  14              	.Ltext0:
  15              		.cfi_sections	.debug_frame
  16              		.section	.text.arm_power_q7,"ax",%progbits
  17              		.align	1
  18              		.p2align 2,,3
  19              		.global	arm_power_q7
  20              		.arch armv7e-m
  21              		.syntax unified
  22              		.thumb
  23              		.thumb_func
  24              		.fpu fpv5-d16
  26              	arm_power_q7:
  27              	.LVL0:
  28              	.LFB145:
  29              		.file 1 "./Libraries/CMSIS/DSP/Source/StatisticsFunctions/arm_power_q7.c"
   1:./Libraries/CMSIS/DSP/Source/StatisticsFunctions/arm_power_q7.c **** /* ----------------------------------------------------------------------
   2:./Libraries/CMSIS/DSP/Source/StatisticsFunctions/arm_power_q7.c ****  * Project:      CMSIS DSP Library
   3:./Libraries/CMSIS/DSP/Source/StatisticsFunctions/arm_power_q7.c ****  * Title:        arm_power_q7.c
   4:./Libraries/CMSIS/DSP/Source/StatisticsFunctions/arm_power_q7.c ****  * Description:  Sum of the squares of the elements of a Q7 vector
   5:./Libraries/CMSIS/DSP/Source/StatisticsFunctions/arm_power_q7.c ****  *
   6:./Libraries/CMSIS/DSP/Source/StatisticsFunctions/arm_power_q7.c ****  * $Date:        18. March 2019
   7:./Libraries/CMSIS/DSP/Source/StatisticsFunctions/arm_power_q7.c ****  * $Revision:    V1.6.0
   8:./Libraries/CMSIS/DSP/Source/StatisticsFunctions/arm_power_q7.c ****  *
   9:./Libraries/CMSIS/DSP/Source/StatisticsFunctions/arm_power_q7.c ****  * Target Processor: Cortex-M cores
  10:./Libraries/CMSIS/DSP/Source/StatisticsFunctions/arm_power_q7.c ****  * -------------------------------------------------------------------- */
  11:./Libraries/CMSIS/DSP/Source/StatisticsFunctions/arm_power_q7.c **** /*
  12:./Libraries/CMSIS/DSP/Source/StatisticsFunctions/arm_power_q7.c ****  * Copyright (C) 2010-2019 ARM Limited or its affiliates. All rights reserved.
  13:./Libraries/CMSIS/DSP/Source/StatisticsFunctions/arm_power_q7.c ****  *
  14:./Libraries/CMSIS/DSP/Source/StatisticsFunctions/arm_power_q7.c ****  * SPDX-License-Identifier: Apache-2.0
  15:./Libraries/CMSIS/DSP/Source/StatisticsFunctions/arm_power_q7.c ****  *
  16:./Libraries/CMSIS/DSP/Source/StatisticsFunctions/arm_power_q7.c ****  * Licensed under the Apache License, Version 2.0 (the License); you may
  17:./Libraries/CMSIS/DSP/Source/StatisticsFunctions/arm_power_q7.c ****  * not use this file except in compliance with the License.
  18:./Libraries/CMSIS/DSP/Source/StatisticsFunctions/arm_power_q7.c ****  * You may obtain a copy of the License at
  19:./Libraries/CMSIS/DSP/Source/StatisticsFunctions/arm_power_q7.c ****  *
  20:./Libraries/CMSIS/DSP/Source/StatisticsFunctions/arm_power_q7.c ****  * www.apache.org/licenses/LICENSE-2.0
  21:./Libraries/CMSIS/DSP/Source/StatisticsFunctions/arm_power_q7.c ****  *
  22:./Libraries/CMSIS/DSP/Source/StatisticsFunctions/arm_power_q7.c ****  * Unless required by applicable law or agreed to in writing, software
  23:./Libraries/CMSIS/DSP/Source/StatisticsFunctions/arm_power_q7.c ****  * distributed under the License is distributed on an AS IS BASIS, WITHOUT
  24:./Libraries/CMSIS/DSP/Source/StatisticsFunctions/arm_power_q7.c ****  * WARRANTIES OR CONDITIONS OF ANY KIND, either express or implied.
  25:./Libraries/CMSIS/DSP/Source/StatisticsFunctions/arm_power_q7.c ****  * See the License for the specific language governing permissions and
  26:./Libraries/CMSIS/DSP/Source/StatisticsFunctions/arm_power_q7.c ****  * limitations under the License.
  27:./Libraries/CMSIS/DSP/Source/StatisticsFunctions/arm_power_q7.c ****  */
  28:./Libraries/CMSIS/DSP/Source/StatisticsFunctions/arm_power_q7.c **** 
  29:./Libraries/CMSIS/DSP/Source/StatisticsFunctions/arm_power_q7.c **** #include "arm_math.h"
ARM GAS  /tmp/ccQYVReX.s 			page 2


  30:./Libraries/CMSIS/DSP/Source/StatisticsFunctions/arm_power_q7.c **** 
  31:./Libraries/CMSIS/DSP/Source/StatisticsFunctions/arm_power_q7.c **** /**
  32:./Libraries/CMSIS/DSP/Source/StatisticsFunctions/arm_power_q7.c ****   @ingroup groupStats
  33:./Libraries/CMSIS/DSP/Source/StatisticsFunctions/arm_power_q7.c ****  */
  34:./Libraries/CMSIS/DSP/Source/StatisticsFunctions/arm_power_q7.c **** 
  35:./Libraries/CMSIS/DSP/Source/StatisticsFunctions/arm_power_q7.c **** /**
  36:./Libraries/CMSIS/DSP/Source/StatisticsFunctions/arm_power_q7.c ****   @addtogroup power
  37:./Libraries/CMSIS/DSP/Source/StatisticsFunctions/arm_power_q7.c ****   @{
  38:./Libraries/CMSIS/DSP/Source/StatisticsFunctions/arm_power_q7.c ****  */
  39:./Libraries/CMSIS/DSP/Source/StatisticsFunctions/arm_power_q7.c **** 
  40:./Libraries/CMSIS/DSP/Source/StatisticsFunctions/arm_power_q7.c **** /**
  41:./Libraries/CMSIS/DSP/Source/StatisticsFunctions/arm_power_q7.c ****   @brief         Sum of the squares of the elements of a Q7 vector.
  42:./Libraries/CMSIS/DSP/Source/StatisticsFunctions/arm_power_q7.c ****   @param[in]     pSrc       points to the input vector
  43:./Libraries/CMSIS/DSP/Source/StatisticsFunctions/arm_power_q7.c ****   @param[in]     blockSize  number of samples in input vector
  44:./Libraries/CMSIS/DSP/Source/StatisticsFunctions/arm_power_q7.c ****   @param[out]    pResult    sum of the squares value returned here
  45:./Libraries/CMSIS/DSP/Source/StatisticsFunctions/arm_power_q7.c ****   @return        none
  46:./Libraries/CMSIS/DSP/Source/StatisticsFunctions/arm_power_q7.c **** 
  47:./Libraries/CMSIS/DSP/Source/StatisticsFunctions/arm_power_q7.c ****   @par           Scaling and Overflow Behavior
  48:./Libraries/CMSIS/DSP/Source/StatisticsFunctions/arm_power_q7.c ****                    The function is implemented using a 32-bit internal accumulator.
  49:./Libraries/CMSIS/DSP/Source/StatisticsFunctions/arm_power_q7.c ****                    The input is represented in 1.7 format.
  50:./Libraries/CMSIS/DSP/Source/StatisticsFunctions/arm_power_q7.c ****                    Intermediate multiplication yields a 2.14 format, and this
  51:./Libraries/CMSIS/DSP/Source/StatisticsFunctions/arm_power_q7.c ****                    result is added without saturation to an accumulator in 18.14 format.
  52:./Libraries/CMSIS/DSP/Source/StatisticsFunctions/arm_power_q7.c ****                    With 17 guard bits in the accumulator, there is no risk of overflow, and the
  53:./Libraries/CMSIS/DSP/Source/StatisticsFunctions/arm_power_q7.c ****                    full precision of the intermediate multiplication is preserved.
  54:./Libraries/CMSIS/DSP/Source/StatisticsFunctions/arm_power_q7.c ****                    Finally, the return result is in 18.14 format.
  55:./Libraries/CMSIS/DSP/Source/StatisticsFunctions/arm_power_q7.c ****  */
  56:./Libraries/CMSIS/DSP/Source/StatisticsFunctions/arm_power_q7.c **** 
  57:./Libraries/CMSIS/DSP/Source/StatisticsFunctions/arm_power_q7.c **** void arm_power_q7(
  58:./Libraries/CMSIS/DSP/Source/StatisticsFunctions/arm_power_q7.c ****   const q7_t * pSrc,
  59:./Libraries/CMSIS/DSP/Source/StatisticsFunctions/arm_power_q7.c ****         uint32_t blockSize,
  60:./Libraries/CMSIS/DSP/Source/StatisticsFunctions/arm_power_q7.c ****         q31_t * pResult)
  61:./Libraries/CMSIS/DSP/Source/StatisticsFunctions/arm_power_q7.c **** {
  30              		.loc 1 61 1 view -0
  31              		.cfi_startproc
  32              		@ args = 0, pretend = 0, frame = 0
  33              		@ frame_needed = 0, uses_anonymous_args = 0
  34              		@ link register save eliminated.
  62:./Libraries/CMSIS/DSP/Source/StatisticsFunctions/arm_power_q7.c ****         uint32_t blkCnt;                               /* Loop counter */
  35              		.loc 1 62 9 view .LVU1
  63:./Libraries/CMSIS/DSP/Source/StatisticsFunctions/arm_power_q7.c ****         q31_t sum = 0;                                 /* Temporary result storage */
  36              		.loc 1 63 9 view .LVU2
  64:./Libraries/CMSIS/DSP/Source/StatisticsFunctions/arm_power_q7.c ****         q7_t in;                                       /* Temporary variable to store input value *
  37              		.loc 1 64 9 view .LVU3
  65:./Libraries/CMSIS/DSP/Source/StatisticsFunctions/arm_power_q7.c **** 
  66:./Libraries/CMSIS/DSP/Source/StatisticsFunctions/arm_power_q7.c **** #if defined (ARM_MATH_LOOPUNROLL) && defined (ARM_MATH_DSP)
  67:./Libraries/CMSIS/DSP/Source/StatisticsFunctions/arm_power_q7.c ****         q31_t in32;                                    /* Temporary variable to store packed input 
  68:./Libraries/CMSIS/DSP/Source/StatisticsFunctions/arm_power_q7.c ****         q31_t in1, in2;                                /* Temporary variables to store input value 
  69:./Libraries/CMSIS/DSP/Source/StatisticsFunctions/arm_power_q7.c **** #endif
  70:./Libraries/CMSIS/DSP/Source/StatisticsFunctions/arm_power_q7.c **** 
  71:./Libraries/CMSIS/DSP/Source/StatisticsFunctions/arm_power_q7.c **** #if defined (ARM_MATH_LOOPUNROLL)
  72:./Libraries/CMSIS/DSP/Source/StatisticsFunctions/arm_power_q7.c **** 
  73:./Libraries/CMSIS/DSP/Source/StatisticsFunctions/arm_power_q7.c ****   /* Loop unrolling: Compute 4 outputs at a time */
  74:./Libraries/CMSIS/DSP/Source/StatisticsFunctions/arm_power_q7.c ****   blkCnt = blockSize >> 2U;
  75:./Libraries/CMSIS/DSP/Source/StatisticsFunctions/arm_power_q7.c **** 
  76:./Libraries/CMSIS/DSP/Source/StatisticsFunctions/arm_power_q7.c ****   while (blkCnt > 0U)
  77:./Libraries/CMSIS/DSP/Source/StatisticsFunctions/arm_power_q7.c ****   {
  78:./Libraries/CMSIS/DSP/Source/StatisticsFunctions/arm_power_q7.c ****     /* C = A[0] * A[0] + A[1] * A[1] + ... + A[blockSize-1] * A[blockSize-1] */
ARM GAS  /tmp/ccQYVReX.s 			page 3


  79:./Libraries/CMSIS/DSP/Source/StatisticsFunctions/arm_power_q7.c **** 
  80:./Libraries/CMSIS/DSP/Source/StatisticsFunctions/arm_power_q7.c ****     /* Compute Power and store result in a temporary variable, sum. */
  81:./Libraries/CMSIS/DSP/Source/StatisticsFunctions/arm_power_q7.c **** #if defined (ARM_MATH_DSP)
  82:./Libraries/CMSIS/DSP/Source/StatisticsFunctions/arm_power_q7.c ****     in32 = read_q7x4_ia ((q7_t **) &pSrc);
  83:./Libraries/CMSIS/DSP/Source/StatisticsFunctions/arm_power_q7.c **** 
  84:./Libraries/CMSIS/DSP/Source/StatisticsFunctions/arm_power_q7.c ****     in1 = __SXTB16(__ROR(in32, 8));
  85:./Libraries/CMSIS/DSP/Source/StatisticsFunctions/arm_power_q7.c ****     in2 = __SXTB16(in32);
  86:./Libraries/CMSIS/DSP/Source/StatisticsFunctions/arm_power_q7.c **** 
  87:./Libraries/CMSIS/DSP/Source/StatisticsFunctions/arm_power_q7.c ****     /* calculate power and accumulate to accumulator */
  88:./Libraries/CMSIS/DSP/Source/StatisticsFunctions/arm_power_q7.c ****     sum = __SMLAD(in1, in1, sum);
  89:./Libraries/CMSIS/DSP/Source/StatisticsFunctions/arm_power_q7.c ****     sum = __SMLAD(in2, in2, sum);
  90:./Libraries/CMSIS/DSP/Source/StatisticsFunctions/arm_power_q7.c **** #else
  91:./Libraries/CMSIS/DSP/Source/StatisticsFunctions/arm_power_q7.c ****     in = *pSrc++;
  92:./Libraries/CMSIS/DSP/Source/StatisticsFunctions/arm_power_q7.c ****     sum += ((q15_t) in * in);
  93:./Libraries/CMSIS/DSP/Source/StatisticsFunctions/arm_power_q7.c **** 
  94:./Libraries/CMSIS/DSP/Source/StatisticsFunctions/arm_power_q7.c ****     in = *pSrc++;
  95:./Libraries/CMSIS/DSP/Source/StatisticsFunctions/arm_power_q7.c ****     sum += ((q15_t) in * in);
  96:./Libraries/CMSIS/DSP/Source/StatisticsFunctions/arm_power_q7.c **** 
  97:./Libraries/CMSIS/DSP/Source/StatisticsFunctions/arm_power_q7.c ****     in = *pSrc++;
  98:./Libraries/CMSIS/DSP/Source/StatisticsFunctions/arm_power_q7.c ****     sum += ((q15_t) in * in);
  99:./Libraries/CMSIS/DSP/Source/StatisticsFunctions/arm_power_q7.c **** 
 100:./Libraries/CMSIS/DSP/Source/StatisticsFunctions/arm_power_q7.c ****     in = *pSrc++;
 101:./Libraries/CMSIS/DSP/Source/StatisticsFunctions/arm_power_q7.c ****     sum += ((q15_t) in * in);
 102:./Libraries/CMSIS/DSP/Source/StatisticsFunctions/arm_power_q7.c **** #endif /* #if defined (ARM_MATH_DSP) */
 103:./Libraries/CMSIS/DSP/Source/StatisticsFunctions/arm_power_q7.c **** 
 104:./Libraries/CMSIS/DSP/Source/StatisticsFunctions/arm_power_q7.c ****     /* Decrement loop counter */
 105:./Libraries/CMSIS/DSP/Source/StatisticsFunctions/arm_power_q7.c ****     blkCnt--;
 106:./Libraries/CMSIS/DSP/Source/StatisticsFunctions/arm_power_q7.c ****   }
 107:./Libraries/CMSIS/DSP/Source/StatisticsFunctions/arm_power_q7.c **** 
 108:./Libraries/CMSIS/DSP/Source/StatisticsFunctions/arm_power_q7.c ****   /* Loop unrolling: Compute remaining outputs */
 109:./Libraries/CMSIS/DSP/Source/StatisticsFunctions/arm_power_q7.c ****   blkCnt = blockSize % 0x4U;
 110:./Libraries/CMSIS/DSP/Source/StatisticsFunctions/arm_power_q7.c **** 
 111:./Libraries/CMSIS/DSP/Source/StatisticsFunctions/arm_power_q7.c **** #else
 112:./Libraries/CMSIS/DSP/Source/StatisticsFunctions/arm_power_q7.c **** 
 113:./Libraries/CMSIS/DSP/Source/StatisticsFunctions/arm_power_q7.c ****   /* Initialize blkCnt with number of samples */
 114:./Libraries/CMSIS/DSP/Source/StatisticsFunctions/arm_power_q7.c ****   blkCnt = blockSize;
  38              		.loc 1 114 3 view .LVU4
 115:./Libraries/CMSIS/DSP/Source/StatisticsFunctions/arm_power_q7.c **** 
 116:./Libraries/CMSIS/DSP/Source/StatisticsFunctions/arm_power_q7.c **** #endif /* #if defined (ARM_MATH_LOOPUNROLL) */
 117:./Libraries/CMSIS/DSP/Source/StatisticsFunctions/arm_power_q7.c **** 
 118:./Libraries/CMSIS/DSP/Source/StatisticsFunctions/arm_power_q7.c ****   while (blkCnt > 0U)
  39              		.loc 1 118 3 view .LVU5
  40              		.loc 1 118 9 view .LVU6
  41 0000 61B1     		cbz	r1, .L7
  61:./Libraries/CMSIS/DSP/Source/StatisticsFunctions/arm_power_q7.c ****         uint32_t blkCnt;                               /* Loop counter */
  42              		.loc 1 61 1 is_stmt 0 view .LVU7
  43 0002 10B4     		push	{r4}
  44              	.LCFI0:
  45              		.cfi_def_cfa_offset 4
  46              		.cfi_offset 4, -4
  47 0004 4418     		adds	r4, r0, r1
  63:./Libraries/CMSIS/DSP/Source/StatisticsFunctions/arm_power_q7.c ****         q7_t in;                                       /* Temporary variable to store input value *
  48              		.loc 1 63 15 view .LVU8
  49 0006 0021     		movs	r1, #0
  50              	.LVL1:
  51              	.L3:
 119:./Libraries/CMSIS/DSP/Source/StatisticsFunctions/arm_power_q7.c ****   {
ARM GAS  /tmp/ccQYVReX.s 			page 4


 120:./Libraries/CMSIS/DSP/Source/StatisticsFunctions/arm_power_q7.c ****     /* C = A[0] * A[0] + A[1] * A[1] + ... + A[blockSize-1] * A[blockSize-1] */
 121:./Libraries/CMSIS/DSP/Source/StatisticsFunctions/arm_power_q7.c **** 
 122:./Libraries/CMSIS/DSP/Source/StatisticsFunctions/arm_power_q7.c ****     /* Compute Power and store result in a temporary variable, sum. */
 123:./Libraries/CMSIS/DSP/Source/StatisticsFunctions/arm_power_q7.c ****     in = *pSrc++;
  52              		.loc 1 123 5 is_stmt 1 view .LVU9
  53              		.loc 1 123 8 is_stmt 0 view .LVU10
  54 0008 10F9013B 		ldrsb	r3, [r0], #1
  55              	.LVL2:
 124:./Libraries/CMSIS/DSP/Source/StatisticsFunctions/arm_power_q7.c ****     sum += ((q15_t) in * in);
  56              		.loc 1 124 5 is_stmt 1 view .LVU11
  57              		.loc 1 124 9 is_stmt 0 view .LVU12
  58 000c 13FB0311 		smlabb	r1, r3, r3, r1
  59              	.LVL3:
 125:./Libraries/CMSIS/DSP/Source/StatisticsFunctions/arm_power_q7.c **** 
 126:./Libraries/CMSIS/DSP/Source/StatisticsFunctions/arm_power_q7.c ****     /* Decrement loop counter */
 127:./Libraries/CMSIS/DSP/Source/StatisticsFunctions/arm_power_q7.c ****     blkCnt--;
  60              		.loc 1 127 5 is_stmt 1 view .LVU13
 118:./Libraries/CMSIS/DSP/Source/StatisticsFunctions/arm_power_q7.c ****   {
  61              		.loc 1 118 9 view .LVU14
  62 0010 A042     		cmp	r0, r4
  63 0012 F9D1     		bne	.L3
 128:./Libraries/CMSIS/DSP/Source/StatisticsFunctions/arm_power_q7.c ****   }
 129:./Libraries/CMSIS/DSP/Source/StatisticsFunctions/arm_power_q7.c **** 
 130:./Libraries/CMSIS/DSP/Source/StatisticsFunctions/arm_power_q7.c ****   /* Store result in 18.14 format */
 131:./Libraries/CMSIS/DSP/Source/StatisticsFunctions/arm_power_q7.c ****   *pResult = sum;
  64              		.loc 1 131 3 view .LVU15
 132:./Libraries/CMSIS/DSP/Source/StatisticsFunctions/arm_power_q7.c **** }
  65              		.loc 1 132 1 is_stmt 0 view .LVU16
  66 0014 5DF8044B 		ldr	r4, [sp], #4
  67              	.LCFI1:
  68              		.cfi_restore 4
  69              		.cfi_def_cfa_offset 0
 131:./Libraries/CMSIS/DSP/Source/StatisticsFunctions/arm_power_q7.c **** }
  70              		.loc 1 131 12 view .LVU17
  71 0018 1160     		str	r1, [r2]
  72              		.loc 1 132 1 view .LVU18
  73 001a 7047     		bx	lr
  74              	.LVL4:
  75              	.L7:
 131:./Libraries/CMSIS/DSP/Source/StatisticsFunctions/arm_power_q7.c **** }
  76              		.loc 1 131 3 is_stmt 1 view .LVU19
 131:./Libraries/CMSIS/DSP/Source/StatisticsFunctions/arm_power_q7.c **** }
  77              		.loc 1 131 12 is_stmt 0 view .LVU20
  78 001c 1160     		str	r1, [r2]
  79 001e 7047     		bx	lr
  80              		.cfi_endproc
  81              	.LFE145:
  83              		.text
  84              	.Letext0:
  85              		.file 2 "/usr/lib/gcc/arm-none-eabi/9.2.1/include/stdint.h"
  86              		.file 3 "/usr/lib/gcc/arm-none-eabi/9.2.1/include/stddef.h"
  87              		.file 4 "/usr/include/newlib/sys/_types.h"
  88              		.file 5 "/usr/include/newlib/sys/reent.h"
  89              		.file 6 "/usr/include/newlib/sys/lock.h"
  90              		.file 7 "/usr/include/newlib/math.h"
  91              		.file 8 "./Libraries/CMSIS/DSP/Include/arm_math.h"
ARM GAS  /tmp/ccQYVReX.s 			page 5


DEFINED SYMBOLS
                            *ABS*:0000000000000000 arm_power_q7.c
     /tmp/ccQYVReX.s:17     .text.arm_power_q7:0000000000000000 $t
     /tmp/ccQYVReX.s:26     .text.arm_power_q7:0000000000000000 arm_power_q7

NO UNDEFINED SYMBOLS
