ARM GAS  /tmp/ccrgQwP2.s 			page 1


   1              		.cpu cortex-m7
   2              		.eabi_attribute 28, 1
   3              		.eabi_attribute 20, 1
   4              		.eabi_attribute 21, 1
   5              		.eabi_attribute 23, 3
   6              		.eabi_attribute 24, 1
   7              		.eabi_attribute 25, 1
   8              		.eabi_attribute 26, 1
   9              		.eabi_attribute 30, 2
  10              		.eabi_attribute 34, 1
  11              		.eabi_attribute 18, 4
  12              		.file	"arm_q15_to_q7.c"
  13              		.text
  14              	.Ltext0:
  15              		.cfi_sections	.debug_frame
  16              		.section	.text.arm_q15_to_q7,"ax",%progbits
  17              		.align	1
  18              		.p2align 2,,3
  19              		.global	arm_q15_to_q7
  20              		.arch armv7e-m
  21              		.syntax unified
  22              		.thumb
  23              		.thumb_func
  24              		.fpu fpv5-d16
  26              	arm_q15_to_q7:
  27              	.LVL0:
  28              	.LFB145:
  29              		.file 1 "./Libraries/CMSIS/DSP/Source/SupportFunctions/arm_q15_to_q7.c"
   1:./Libraries/CMSIS/DSP/Source/SupportFunctions/arm_q15_to_q7.c **** /* ----------------------------------------------------------------------
   2:./Libraries/CMSIS/DSP/Source/SupportFunctions/arm_q15_to_q7.c ****  * Project:      CMSIS DSP Library
   3:./Libraries/CMSIS/DSP/Source/SupportFunctions/arm_q15_to_q7.c ****  * Title:        arm_q15_to_q7.c
   4:./Libraries/CMSIS/DSP/Source/SupportFunctions/arm_q15_to_q7.c ****  * Description:  Converts the elements of the Q15 vector to Q7 vector
   5:./Libraries/CMSIS/DSP/Source/SupportFunctions/arm_q15_to_q7.c ****  *
   6:./Libraries/CMSIS/DSP/Source/SupportFunctions/arm_q15_to_q7.c ****  * $Date:        18. March 2019
   7:./Libraries/CMSIS/DSP/Source/SupportFunctions/arm_q15_to_q7.c ****  * $Revision:    V1.6.0
   8:./Libraries/CMSIS/DSP/Source/SupportFunctions/arm_q15_to_q7.c ****  *
   9:./Libraries/CMSIS/DSP/Source/SupportFunctions/arm_q15_to_q7.c ****  * Target Processor: Cortex-M cores
  10:./Libraries/CMSIS/DSP/Source/SupportFunctions/arm_q15_to_q7.c ****  * -------------------------------------------------------------------- */
  11:./Libraries/CMSIS/DSP/Source/SupportFunctions/arm_q15_to_q7.c **** /*
  12:./Libraries/CMSIS/DSP/Source/SupportFunctions/arm_q15_to_q7.c ****  * Copyright (C) 2010-2019 ARM Limited or its affiliates. All rights reserved.
  13:./Libraries/CMSIS/DSP/Source/SupportFunctions/arm_q15_to_q7.c ****  *
  14:./Libraries/CMSIS/DSP/Source/SupportFunctions/arm_q15_to_q7.c ****  * SPDX-License-Identifier: Apache-2.0
  15:./Libraries/CMSIS/DSP/Source/SupportFunctions/arm_q15_to_q7.c ****  *
  16:./Libraries/CMSIS/DSP/Source/SupportFunctions/arm_q15_to_q7.c ****  * Licensed under the Apache License, Version 2.0 (the License); you may
  17:./Libraries/CMSIS/DSP/Source/SupportFunctions/arm_q15_to_q7.c ****  * not use this file except in compliance with the License.
  18:./Libraries/CMSIS/DSP/Source/SupportFunctions/arm_q15_to_q7.c ****  * You may obtain a copy of the License at
  19:./Libraries/CMSIS/DSP/Source/SupportFunctions/arm_q15_to_q7.c ****  *
  20:./Libraries/CMSIS/DSP/Source/SupportFunctions/arm_q15_to_q7.c ****  * www.apache.org/licenses/LICENSE-2.0
  21:./Libraries/CMSIS/DSP/Source/SupportFunctions/arm_q15_to_q7.c ****  *
  22:./Libraries/CMSIS/DSP/Source/SupportFunctions/arm_q15_to_q7.c ****  * Unless required by applicable law or agreed to in writing, software
  23:./Libraries/CMSIS/DSP/Source/SupportFunctions/arm_q15_to_q7.c ****  * distributed under the License is distributed on an AS IS BASIS, WITHOUT
  24:./Libraries/CMSIS/DSP/Source/SupportFunctions/arm_q15_to_q7.c ****  * WARRANTIES OR CONDITIONS OF ANY KIND, either express or implied.
  25:./Libraries/CMSIS/DSP/Source/SupportFunctions/arm_q15_to_q7.c ****  * See the License for the specific language governing permissions and
  26:./Libraries/CMSIS/DSP/Source/SupportFunctions/arm_q15_to_q7.c ****  * limitations under the License.
  27:./Libraries/CMSIS/DSP/Source/SupportFunctions/arm_q15_to_q7.c ****  */
  28:./Libraries/CMSIS/DSP/Source/SupportFunctions/arm_q15_to_q7.c **** 
  29:./Libraries/CMSIS/DSP/Source/SupportFunctions/arm_q15_to_q7.c **** #include "arm_math.h"
ARM GAS  /tmp/ccrgQwP2.s 			page 2


  30:./Libraries/CMSIS/DSP/Source/SupportFunctions/arm_q15_to_q7.c **** 
  31:./Libraries/CMSIS/DSP/Source/SupportFunctions/arm_q15_to_q7.c **** /**
  32:./Libraries/CMSIS/DSP/Source/SupportFunctions/arm_q15_to_q7.c ****   @ingroup groupSupport
  33:./Libraries/CMSIS/DSP/Source/SupportFunctions/arm_q15_to_q7.c ****  */
  34:./Libraries/CMSIS/DSP/Source/SupportFunctions/arm_q15_to_q7.c **** 
  35:./Libraries/CMSIS/DSP/Source/SupportFunctions/arm_q15_to_q7.c **** /**
  36:./Libraries/CMSIS/DSP/Source/SupportFunctions/arm_q15_to_q7.c ****   @addtogroup q15_to_x
  37:./Libraries/CMSIS/DSP/Source/SupportFunctions/arm_q15_to_q7.c ****   @{
  38:./Libraries/CMSIS/DSP/Source/SupportFunctions/arm_q15_to_q7.c ****  */
  39:./Libraries/CMSIS/DSP/Source/SupportFunctions/arm_q15_to_q7.c **** 
  40:./Libraries/CMSIS/DSP/Source/SupportFunctions/arm_q15_to_q7.c **** /**
  41:./Libraries/CMSIS/DSP/Source/SupportFunctions/arm_q15_to_q7.c ****   @brief         Converts the elements of the Q15 vector to Q7 vector.
  42:./Libraries/CMSIS/DSP/Source/SupportFunctions/arm_q15_to_q7.c ****   @param[in]     pSrc       points to the Q15 input vector
  43:./Libraries/CMSIS/DSP/Source/SupportFunctions/arm_q15_to_q7.c ****   @param[out]    pDst       points to the Q7 output vector
  44:./Libraries/CMSIS/DSP/Source/SupportFunctions/arm_q15_to_q7.c ****   @param[in]     blockSize  number of samples in each vector
  45:./Libraries/CMSIS/DSP/Source/SupportFunctions/arm_q15_to_q7.c ****   @return        none
  46:./Libraries/CMSIS/DSP/Source/SupportFunctions/arm_q15_to_q7.c **** 
  47:./Libraries/CMSIS/DSP/Source/SupportFunctions/arm_q15_to_q7.c ****   @par           Details
  48:./Libraries/CMSIS/DSP/Source/SupportFunctions/arm_q15_to_q7.c ****                    The equation used for the conversion process is:
  49:./Libraries/CMSIS/DSP/Source/SupportFunctions/arm_q15_to_q7.c ****   <pre>
  50:./Libraries/CMSIS/DSP/Source/SupportFunctions/arm_q15_to_q7.c ****       pDst[n] = (q7_t) pSrc[n] >> 8;   0 <= n < blockSize.
  51:./Libraries/CMSIS/DSP/Source/SupportFunctions/arm_q15_to_q7.c ****   </pre>
  52:./Libraries/CMSIS/DSP/Source/SupportFunctions/arm_q15_to_q7.c ****  */
  53:./Libraries/CMSIS/DSP/Source/SupportFunctions/arm_q15_to_q7.c **** 
  54:./Libraries/CMSIS/DSP/Source/SupportFunctions/arm_q15_to_q7.c **** void arm_q15_to_q7(
  55:./Libraries/CMSIS/DSP/Source/SupportFunctions/arm_q15_to_q7.c ****   const q15_t * pSrc,
  56:./Libraries/CMSIS/DSP/Source/SupportFunctions/arm_q15_to_q7.c ****         q7_t * pDst,
  57:./Libraries/CMSIS/DSP/Source/SupportFunctions/arm_q15_to_q7.c ****         uint32_t blockSize)
  58:./Libraries/CMSIS/DSP/Source/SupportFunctions/arm_q15_to_q7.c **** {
  30              		.loc 1 58 1 view -0
  31              		.cfi_startproc
  32              		@ args = 0, pretend = 0, frame = 0
  33              		@ frame_needed = 0, uses_anonymous_args = 0
  34              		@ link register save eliminated.
  59:./Libraries/CMSIS/DSP/Source/SupportFunctions/arm_q15_to_q7.c ****         uint32_t blkCnt;                               /* Loop counter */
  35              		.loc 1 59 9 view .LVU1
  60:./Libraries/CMSIS/DSP/Source/SupportFunctions/arm_q15_to_q7.c ****   const q15_t *pIn = pSrc;                             /* Source pointer */
  36              		.loc 1 60 3 view .LVU2
  61:./Libraries/CMSIS/DSP/Source/SupportFunctions/arm_q15_to_q7.c **** 
  62:./Libraries/CMSIS/DSP/Source/SupportFunctions/arm_q15_to_q7.c **** #if defined (ARM_MATH_LOOPUNROLL) && defined (ARM_MATH_DSP)
  63:./Libraries/CMSIS/DSP/Source/SupportFunctions/arm_q15_to_q7.c ****         q31_t in1, in2;
  64:./Libraries/CMSIS/DSP/Source/SupportFunctions/arm_q15_to_q7.c ****         q31_t out1, out2;
  65:./Libraries/CMSIS/DSP/Source/SupportFunctions/arm_q15_to_q7.c **** #endif
  66:./Libraries/CMSIS/DSP/Source/SupportFunctions/arm_q15_to_q7.c **** 
  67:./Libraries/CMSIS/DSP/Source/SupportFunctions/arm_q15_to_q7.c **** #if defined (ARM_MATH_LOOPUNROLL)
  68:./Libraries/CMSIS/DSP/Source/SupportFunctions/arm_q15_to_q7.c **** 
  69:./Libraries/CMSIS/DSP/Source/SupportFunctions/arm_q15_to_q7.c ****   /* Loop unrolling: Compute 4 outputs at a time */
  70:./Libraries/CMSIS/DSP/Source/SupportFunctions/arm_q15_to_q7.c ****   blkCnt = blockSize >> 2U;
  71:./Libraries/CMSIS/DSP/Source/SupportFunctions/arm_q15_to_q7.c **** 
  72:./Libraries/CMSIS/DSP/Source/SupportFunctions/arm_q15_to_q7.c ****   while (blkCnt > 0U)
  73:./Libraries/CMSIS/DSP/Source/SupportFunctions/arm_q15_to_q7.c ****   {
  74:./Libraries/CMSIS/DSP/Source/SupportFunctions/arm_q15_to_q7.c ****     /* C = (q7_t) A >> 8 */
  75:./Libraries/CMSIS/DSP/Source/SupportFunctions/arm_q15_to_q7.c **** 
  76:./Libraries/CMSIS/DSP/Source/SupportFunctions/arm_q15_to_q7.c ****     /* Convert from q15 to q7 and store result in destination buffer */
  77:./Libraries/CMSIS/DSP/Source/SupportFunctions/arm_q15_to_q7.c **** #if defined (ARM_MATH_DSP)
  78:./Libraries/CMSIS/DSP/Source/SupportFunctions/arm_q15_to_q7.c **** 
  79:./Libraries/CMSIS/DSP/Source/SupportFunctions/arm_q15_to_q7.c ****     in1 = read_q15x2_ia ((q15_t **) &pIn);
ARM GAS  /tmp/ccrgQwP2.s 			page 3


  80:./Libraries/CMSIS/DSP/Source/SupportFunctions/arm_q15_to_q7.c ****     in2 = read_q15x2_ia ((q15_t **) &pIn);
  81:./Libraries/CMSIS/DSP/Source/SupportFunctions/arm_q15_to_q7.c **** 
  82:./Libraries/CMSIS/DSP/Source/SupportFunctions/arm_q15_to_q7.c **** #ifndef ARM_MATH_BIG_ENDIAN
  83:./Libraries/CMSIS/DSP/Source/SupportFunctions/arm_q15_to_q7.c **** 
  84:./Libraries/CMSIS/DSP/Source/SupportFunctions/arm_q15_to_q7.c ****     out1 = __PKHTB(in2, in1, 16);
  85:./Libraries/CMSIS/DSP/Source/SupportFunctions/arm_q15_to_q7.c ****     out2 = __PKHBT(in2, in1, 16);
  86:./Libraries/CMSIS/DSP/Source/SupportFunctions/arm_q15_to_q7.c **** 
  87:./Libraries/CMSIS/DSP/Source/SupportFunctions/arm_q15_to_q7.c **** #else
  88:./Libraries/CMSIS/DSP/Source/SupportFunctions/arm_q15_to_q7.c **** 
  89:./Libraries/CMSIS/DSP/Source/SupportFunctions/arm_q15_to_q7.c ****     out1 = __PKHTB(in1, in2, 16);
  90:./Libraries/CMSIS/DSP/Source/SupportFunctions/arm_q15_to_q7.c ****     out2 = __PKHBT(in1, in2, 16);
  91:./Libraries/CMSIS/DSP/Source/SupportFunctions/arm_q15_to_q7.c **** 
  92:./Libraries/CMSIS/DSP/Source/SupportFunctions/arm_q15_to_q7.c **** #endif /* #ifndef ARM_MATH_BIG_ENDIAN */
  93:./Libraries/CMSIS/DSP/Source/SupportFunctions/arm_q15_to_q7.c **** 
  94:./Libraries/CMSIS/DSP/Source/SupportFunctions/arm_q15_to_q7.c ****     /* rotate packed value by 24 */
  95:./Libraries/CMSIS/DSP/Source/SupportFunctions/arm_q15_to_q7.c ****     out2 = ((uint32_t) out2 << 8) | ((uint32_t) out2 >> 24);
  96:./Libraries/CMSIS/DSP/Source/SupportFunctions/arm_q15_to_q7.c **** 
  97:./Libraries/CMSIS/DSP/Source/SupportFunctions/arm_q15_to_q7.c ****     /* anding with 0xff00ff00 to get two 8 bit values */
  98:./Libraries/CMSIS/DSP/Source/SupportFunctions/arm_q15_to_q7.c ****     out1 = out1 & 0xFF00FF00;
  99:./Libraries/CMSIS/DSP/Source/SupportFunctions/arm_q15_to_q7.c ****     /* anding with 0x00ff00ff to get two 8 bit values */
 100:./Libraries/CMSIS/DSP/Source/SupportFunctions/arm_q15_to_q7.c ****     out2 = out2 & 0x00FF00FF;
 101:./Libraries/CMSIS/DSP/Source/SupportFunctions/arm_q15_to_q7.c **** 
 102:./Libraries/CMSIS/DSP/Source/SupportFunctions/arm_q15_to_q7.c ****     /* oring two values(contains two 8 bit values) to get four packed 8 bit values */
 103:./Libraries/CMSIS/DSP/Source/SupportFunctions/arm_q15_to_q7.c ****     out1 = out1 | out2;
 104:./Libraries/CMSIS/DSP/Source/SupportFunctions/arm_q15_to_q7.c **** 
 105:./Libraries/CMSIS/DSP/Source/SupportFunctions/arm_q15_to_q7.c ****     /* store 4 samples at a time to destiantion buffer */
 106:./Libraries/CMSIS/DSP/Source/SupportFunctions/arm_q15_to_q7.c ****     write_q7x4_ia (&pDst, out1);
 107:./Libraries/CMSIS/DSP/Source/SupportFunctions/arm_q15_to_q7.c **** 
 108:./Libraries/CMSIS/DSP/Source/SupportFunctions/arm_q15_to_q7.c **** #else
 109:./Libraries/CMSIS/DSP/Source/SupportFunctions/arm_q15_to_q7.c **** 
 110:./Libraries/CMSIS/DSP/Source/SupportFunctions/arm_q15_to_q7.c ****     *pDst++ = (q7_t) (*pIn++ >> 8);
 111:./Libraries/CMSIS/DSP/Source/SupportFunctions/arm_q15_to_q7.c ****     *pDst++ = (q7_t) (*pIn++ >> 8);
 112:./Libraries/CMSIS/DSP/Source/SupportFunctions/arm_q15_to_q7.c ****     *pDst++ = (q7_t) (*pIn++ >> 8);
 113:./Libraries/CMSIS/DSP/Source/SupportFunctions/arm_q15_to_q7.c ****     *pDst++ = (q7_t) (*pIn++ >> 8);
 114:./Libraries/CMSIS/DSP/Source/SupportFunctions/arm_q15_to_q7.c **** 
 115:./Libraries/CMSIS/DSP/Source/SupportFunctions/arm_q15_to_q7.c **** #endif /* #if defined (ARM_MATH_DSP) */
 116:./Libraries/CMSIS/DSP/Source/SupportFunctions/arm_q15_to_q7.c **** 
 117:./Libraries/CMSIS/DSP/Source/SupportFunctions/arm_q15_to_q7.c ****     /* Decrement loop counter */
 118:./Libraries/CMSIS/DSP/Source/SupportFunctions/arm_q15_to_q7.c ****     blkCnt--;
 119:./Libraries/CMSIS/DSP/Source/SupportFunctions/arm_q15_to_q7.c ****   }
 120:./Libraries/CMSIS/DSP/Source/SupportFunctions/arm_q15_to_q7.c **** 
 121:./Libraries/CMSIS/DSP/Source/SupportFunctions/arm_q15_to_q7.c ****   /* Loop unrolling: Compute remaining outputs */
 122:./Libraries/CMSIS/DSP/Source/SupportFunctions/arm_q15_to_q7.c ****   blkCnt = blockSize % 0x4U;
 123:./Libraries/CMSIS/DSP/Source/SupportFunctions/arm_q15_to_q7.c **** 
 124:./Libraries/CMSIS/DSP/Source/SupportFunctions/arm_q15_to_q7.c **** #else
 125:./Libraries/CMSIS/DSP/Source/SupportFunctions/arm_q15_to_q7.c **** 
 126:./Libraries/CMSIS/DSP/Source/SupportFunctions/arm_q15_to_q7.c ****   /* Initialize blkCnt with number of samples */
 127:./Libraries/CMSIS/DSP/Source/SupportFunctions/arm_q15_to_q7.c ****   blkCnt = blockSize;
  37              		.loc 1 127 3 view .LVU3
 128:./Libraries/CMSIS/DSP/Source/SupportFunctions/arm_q15_to_q7.c **** 
 129:./Libraries/CMSIS/DSP/Source/SupportFunctions/arm_q15_to_q7.c **** #endif /* #if defined (ARM_MATH_LOOPUNROLL) */
 130:./Libraries/CMSIS/DSP/Source/SupportFunctions/arm_q15_to_q7.c **** 
 131:./Libraries/CMSIS/DSP/Source/SupportFunctions/arm_q15_to_q7.c ****   while (blkCnt > 0U)
  38              		.loc 1 131 3 view .LVU4
  39              		.loc 1 131 9 view .LVU5
  40 0000 3AB1     		cbz	r2, .L1
  41 0002 0A44     		add	r2, r2, r1
ARM GAS  /tmp/ccrgQwP2.s 			page 4


  42              	.LVL1:
  43              	.L3:
 132:./Libraries/CMSIS/DSP/Source/SupportFunctions/arm_q15_to_q7.c ****   {
 133:./Libraries/CMSIS/DSP/Source/SupportFunctions/arm_q15_to_q7.c ****     /* C = (q7_t) A >> 8 */
 134:./Libraries/CMSIS/DSP/Source/SupportFunctions/arm_q15_to_q7.c **** 
 135:./Libraries/CMSIS/DSP/Source/SupportFunctions/arm_q15_to_q7.c ****     /* Convert from q15 to q7 and store result in destination buffer */
 136:./Libraries/CMSIS/DSP/Source/SupportFunctions/arm_q15_to_q7.c ****     *pDst++ = (q7_t) (*pIn++ >> 8);
  44              		.loc 1 136 5 view .LVU6
  45              		.loc 1 136 15 is_stmt 0 view .LVU7
  46 0004 30F9023B 		ldrsh	r3, [r0], #2
  47              	.LVL2:
  48              		.loc 1 136 15 view .LVU8
  49 0008 1B12     		asrs	r3, r3, #8
  50 000a 01F8013B 		strb	r3, [r1], #1
  51              	.LVL3:
 137:./Libraries/CMSIS/DSP/Source/SupportFunctions/arm_q15_to_q7.c **** 
 138:./Libraries/CMSIS/DSP/Source/SupportFunctions/arm_q15_to_q7.c ****     /* Decrement loop counter */
 139:./Libraries/CMSIS/DSP/Source/SupportFunctions/arm_q15_to_q7.c ****     blkCnt--;
  52              		.loc 1 139 5 is_stmt 1 view .LVU9
 131:./Libraries/CMSIS/DSP/Source/SupportFunctions/arm_q15_to_q7.c ****   {
  53              		.loc 1 131 9 view .LVU10
  54 000e 9142     		cmp	r1, r2
  55 0010 F8D1     		bne	.L3
  56              	.L1:
 140:./Libraries/CMSIS/DSP/Source/SupportFunctions/arm_q15_to_q7.c ****   }
 141:./Libraries/CMSIS/DSP/Source/SupportFunctions/arm_q15_to_q7.c **** 
 142:./Libraries/CMSIS/DSP/Source/SupportFunctions/arm_q15_to_q7.c **** }
  57              		.loc 1 142 1 is_stmt 0 view .LVU11
  58 0012 7047     		bx	lr
  59              		.cfi_endproc
  60              	.LFE145:
  62              		.text
  63              	.Letext0:
  64              		.file 2 "/usr/lib/gcc/arm-none-eabi/9.2.1/include/stdint.h"
  65              		.file 3 "/usr/lib/gcc/arm-none-eabi/9.2.1/include/stddef.h"
  66              		.file 4 "/usr/include/newlib/sys/_types.h"
  67              		.file 5 "/usr/include/newlib/sys/reent.h"
  68              		.file 6 "/usr/include/newlib/sys/lock.h"
  69              		.file 7 "/usr/include/newlib/math.h"
  70              		.file 8 "./Libraries/CMSIS/DSP/Include/arm_math.h"
ARM GAS  /tmp/ccrgQwP2.s 			page 5


DEFINED SYMBOLS
                            *ABS*:0000000000000000 arm_q15_to_q7.c
     /tmp/ccrgQwP2.s:17     .text.arm_q15_to_q7:0000000000000000 $t
     /tmp/ccrgQwP2.s:26     .text.arm_q15_to_q7:0000000000000000 arm_q15_to_q7

NO UNDEFINED SYMBOLS
