ARM GAS  /var/folders/wl/rshn8xbx1dsfj1zgryf4g1240000gn/T//ccl8CtG8.s 			page 1


   1              		.cpu cortex-m7
   2              		.eabi_attribute 28, 1
   3              		.eabi_attribute 20, 1
   4              		.eabi_attribute 21, 1
   5              		.eabi_attribute 23, 3
   6              		.eabi_attribute 24, 1
   7              		.eabi_attribute 25, 1
   8              		.eabi_attribute 26, 1
   9              		.eabi_attribute 30, 2
  10              		.eabi_attribute 34, 1
  11              		.eabi_attribute 18, 4
  12              		.file	"arm_fir_interpolate_init_q31.c"
  13              		.text
  14              	.Ltext0:
  15              		.cfi_sections	.debug_frame
  16              		.section	.text.arm_fir_interpolate_init_q31,"ax",%progbits
  17              		.align	1
  18              		.p2align 2,,3
  19              		.global	arm_fir_interpolate_init_q31
  20              		.arch armv7e-m
  21              		.syntax unified
  22              		.thumb
  23              		.thumb_func
  24              		.fpu fpv5-d16
  26              	arm_fir_interpolate_init_q31:
  27              	.LVL0:
  28              	.LFB145:
  29              		.file 1 ".//Libraries/CMSIS/DSP/Source/FilteringFunctions/arm_fir_interpolate_init_q31.c"
   1:.//Libraries/CMSIS/DSP/Source/FilteringFunctions/arm_fir_interpolate_init_q31.c **** /* ----------------------------------------------------------------------
   2:.//Libraries/CMSIS/DSP/Source/FilteringFunctions/arm_fir_interpolate_init_q31.c ****  * Project:      CMSIS DSP Library
   3:.//Libraries/CMSIS/DSP/Source/FilteringFunctions/arm_fir_interpolate_init_q31.c ****  * Title:        arm_fir_interpolate_init_q31.c
   4:.//Libraries/CMSIS/DSP/Source/FilteringFunctions/arm_fir_interpolate_init_q31.c ****  * Description:  Q31 FIR interpolator initialization function
   5:.//Libraries/CMSIS/DSP/Source/FilteringFunctions/arm_fir_interpolate_init_q31.c ****  *
   6:.//Libraries/CMSIS/DSP/Source/FilteringFunctions/arm_fir_interpolate_init_q31.c ****  * $Date:        18. March 2019
   7:.//Libraries/CMSIS/DSP/Source/FilteringFunctions/arm_fir_interpolate_init_q31.c ****  * $Revision:    V1.6.0
   8:.//Libraries/CMSIS/DSP/Source/FilteringFunctions/arm_fir_interpolate_init_q31.c ****  *
   9:.//Libraries/CMSIS/DSP/Source/FilteringFunctions/arm_fir_interpolate_init_q31.c ****  * Target Processor: Cortex-M cores
  10:.//Libraries/CMSIS/DSP/Source/FilteringFunctions/arm_fir_interpolate_init_q31.c ****  * -------------------------------------------------------------------- */
  11:.//Libraries/CMSIS/DSP/Source/FilteringFunctions/arm_fir_interpolate_init_q31.c **** /*
  12:.//Libraries/CMSIS/DSP/Source/FilteringFunctions/arm_fir_interpolate_init_q31.c ****  * Copyright (C) 2010-2019 ARM Limited or its affiliates. All rights reserved.
  13:.//Libraries/CMSIS/DSP/Source/FilteringFunctions/arm_fir_interpolate_init_q31.c ****  *
  14:.//Libraries/CMSIS/DSP/Source/FilteringFunctions/arm_fir_interpolate_init_q31.c ****  * SPDX-License-Identifier: Apache-2.0
  15:.//Libraries/CMSIS/DSP/Source/FilteringFunctions/arm_fir_interpolate_init_q31.c ****  *
  16:.//Libraries/CMSIS/DSP/Source/FilteringFunctions/arm_fir_interpolate_init_q31.c ****  * Licensed under the Apache License, Version 2.0 (the License); you may
  17:.//Libraries/CMSIS/DSP/Source/FilteringFunctions/arm_fir_interpolate_init_q31.c ****  * not use this file except in compliance with the License.
  18:.//Libraries/CMSIS/DSP/Source/FilteringFunctions/arm_fir_interpolate_init_q31.c ****  * You may obtain a copy of the License at
  19:.//Libraries/CMSIS/DSP/Source/FilteringFunctions/arm_fir_interpolate_init_q31.c ****  *
  20:.//Libraries/CMSIS/DSP/Source/FilteringFunctions/arm_fir_interpolate_init_q31.c ****  * www.apache.org/licenses/LICENSE-2.0
  21:.//Libraries/CMSIS/DSP/Source/FilteringFunctions/arm_fir_interpolate_init_q31.c ****  *
  22:.//Libraries/CMSIS/DSP/Source/FilteringFunctions/arm_fir_interpolate_init_q31.c ****  * Unless required by applicable law or agreed to in writing, software
  23:.//Libraries/CMSIS/DSP/Source/FilteringFunctions/arm_fir_interpolate_init_q31.c ****  * distributed under the License is distributed on an AS IS BASIS, WITHOUT
  24:.//Libraries/CMSIS/DSP/Source/FilteringFunctions/arm_fir_interpolate_init_q31.c ****  * WARRANTIES OR CONDITIONS OF ANY KIND, either express or implied.
  25:.//Libraries/CMSIS/DSP/Source/FilteringFunctions/arm_fir_interpolate_init_q31.c ****  * See the License for the specific language governing permissions and
  26:.//Libraries/CMSIS/DSP/Source/FilteringFunctions/arm_fir_interpolate_init_q31.c ****  * limitations under the License.
  27:.//Libraries/CMSIS/DSP/Source/FilteringFunctions/arm_fir_interpolate_init_q31.c ****  */
  28:.//Libraries/CMSIS/DSP/Source/FilteringFunctions/arm_fir_interpolate_init_q31.c **** 
  29:.//Libraries/CMSIS/DSP/Source/FilteringFunctions/arm_fir_interpolate_init_q31.c **** #include "arm_math.h"
ARM GAS  /var/folders/wl/rshn8xbx1dsfj1zgryf4g1240000gn/T//ccl8CtG8.s 			page 2


  30:.//Libraries/CMSIS/DSP/Source/FilteringFunctions/arm_fir_interpolate_init_q31.c **** 
  31:.//Libraries/CMSIS/DSP/Source/FilteringFunctions/arm_fir_interpolate_init_q31.c **** /**
  32:.//Libraries/CMSIS/DSP/Source/FilteringFunctions/arm_fir_interpolate_init_q31.c ****   @ingroup groupFilters
  33:.//Libraries/CMSIS/DSP/Source/FilteringFunctions/arm_fir_interpolate_init_q31.c ****  */
  34:.//Libraries/CMSIS/DSP/Source/FilteringFunctions/arm_fir_interpolate_init_q31.c **** 
  35:.//Libraries/CMSIS/DSP/Source/FilteringFunctions/arm_fir_interpolate_init_q31.c **** /**
  36:.//Libraries/CMSIS/DSP/Source/FilteringFunctions/arm_fir_interpolate_init_q31.c ****   @addtogroup FIR_Interpolate
  37:.//Libraries/CMSIS/DSP/Source/FilteringFunctions/arm_fir_interpolate_init_q31.c ****   @{
  38:.//Libraries/CMSIS/DSP/Source/FilteringFunctions/arm_fir_interpolate_init_q31.c ****  */
  39:.//Libraries/CMSIS/DSP/Source/FilteringFunctions/arm_fir_interpolate_init_q31.c **** 
  40:.//Libraries/CMSIS/DSP/Source/FilteringFunctions/arm_fir_interpolate_init_q31.c **** /**
  41:.//Libraries/CMSIS/DSP/Source/FilteringFunctions/arm_fir_interpolate_init_q31.c ****   @brief         Initialization function for the Q31 FIR interpolator.
  42:.//Libraries/CMSIS/DSP/Source/FilteringFunctions/arm_fir_interpolate_init_q31.c ****   @param[in,out] S         points to an instance of the Q31 FIR interpolator structure
  43:.//Libraries/CMSIS/DSP/Source/FilteringFunctions/arm_fir_interpolate_init_q31.c ****   @param[in]     L         upsample factor
  44:.//Libraries/CMSIS/DSP/Source/FilteringFunctions/arm_fir_interpolate_init_q31.c ****   @param[in]     numTaps   number of filter coefficients in the filter
  45:.//Libraries/CMSIS/DSP/Source/FilteringFunctions/arm_fir_interpolate_init_q31.c ****   @param[in]     pCoeffs   points to the filter coefficient buffer
  46:.//Libraries/CMSIS/DSP/Source/FilteringFunctions/arm_fir_interpolate_init_q31.c ****   @param[in]     pState    points to the state buffer
  47:.//Libraries/CMSIS/DSP/Source/FilteringFunctions/arm_fir_interpolate_init_q31.c ****   @param[in]     blockSize number of input samples to process per call
  48:.//Libraries/CMSIS/DSP/Source/FilteringFunctions/arm_fir_interpolate_init_q31.c ****   @return        execution status
  49:.//Libraries/CMSIS/DSP/Source/FilteringFunctions/arm_fir_interpolate_init_q31.c ****                    - \ref ARM_MATH_SUCCESS        : Operation successful
  50:.//Libraries/CMSIS/DSP/Source/FilteringFunctions/arm_fir_interpolate_init_q31.c ****                    - \ref ARM_MATH_ARGUMENT_ERROR : filter length <code>numTaps</code> is not a mul
  51:.//Libraries/CMSIS/DSP/Source/FilteringFunctions/arm_fir_interpolate_init_q31.c ****  
  52:.//Libraries/CMSIS/DSP/Source/FilteringFunctions/arm_fir_interpolate_init_q31.c ****   @par           Details
  53:.//Libraries/CMSIS/DSP/Source/FilteringFunctions/arm_fir_interpolate_init_q31.c ****                    <code>pCoeffs</code> points to the array of filter coefficients stored in time r
  54:.//Libraries/CMSIS/DSP/Source/FilteringFunctions/arm_fir_interpolate_init_q31.c ****   <pre>
  55:.//Libraries/CMSIS/DSP/Source/FilteringFunctions/arm_fir_interpolate_init_q31.c ****       {b[numTaps-1], b[numTaps-2], b[numTaps-2], ..., b[1], b[0]}
  56:.//Libraries/CMSIS/DSP/Source/FilteringFunctions/arm_fir_interpolate_init_q31.c ****   </pre>
  57:.//Libraries/CMSIS/DSP/Source/FilteringFunctions/arm_fir_interpolate_init_q31.c ****                    The length of the filter <code>numTaps</code> must be a multiple of the interpol
  58:.//Libraries/CMSIS/DSP/Source/FilteringFunctions/arm_fir_interpolate_init_q31.c ****   @par
  59:.//Libraries/CMSIS/DSP/Source/FilteringFunctions/arm_fir_interpolate_init_q31.c ****                    <code>pState</code> points to the array of state variables.
  60:.//Libraries/CMSIS/DSP/Source/FilteringFunctions/arm_fir_interpolate_init_q31.c ****                    <code>pState</code> is of length <code>(numTaps/L)+blockSize-1</code> words
  61:.//Libraries/CMSIS/DSP/Source/FilteringFunctions/arm_fir_interpolate_init_q31.c ****                    where <code>blockSize</code> is the number of input samples processed by each ca
  62:.//Libraries/CMSIS/DSP/Source/FilteringFunctions/arm_fir_interpolate_init_q31.c ****  */
  63:.//Libraries/CMSIS/DSP/Source/FilteringFunctions/arm_fir_interpolate_init_q31.c **** 
  64:.//Libraries/CMSIS/DSP/Source/FilteringFunctions/arm_fir_interpolate_init_q31.c **** arm_status arm_fir_interpolate_init_q31(
  65:.//Libraries/CMSIS/DSP/Source/FilteringFunctions/arm_fir_interpolate_init_q31.c ****         arm_fir_interpolate_instance_q31 * S,
  66:.//Libraries/CMSIS/DSP/Source/FilteringFunctions/arm_fir_interpolate_init_q31.c ****         uint8_t L,
  67:.//Libraries/CMSIS/DSP/Source/FilteringFunctions/arm_fir_interpolate_init_q31.c ****         uint16_t numTaps,
  68:.//Libraries/CMSIS/DSP/Source/FilteringFunctions/arm_fir_interpolate_init_q31.c ****   const q31_t * pCoeffs,
  69:.//Libraries/CMSIS/DSP/Source/FilteringFunctions/arm_fir_interpolate_init_q31.c ****         q31_t * pState,
  70:.//Libraries/CMSIS/DSP/Source/FilteringFunctions/arm_fir_interpolate_init_q31.c ****         uint32_t blockSize)
  71:.//Libraries/CMSIS/DSP/Source/FilteringFunctions/arm_fir_interpolate_init_q31.c **** {
  30              		.loc 1 71 1 view -0
  31              		.cfi_startproc
  32              		@ args = 8, pretend = 0, frame = 0
  33              		@ frame_needed = 0, uses_anonymous_args = 0
  72:.//Libraries/CMSIS/DSP/Source/FilteringFunctions/arm_fir_interpolate_init_q31.c ****   arm_status status;
  34              		.loc 1 72 3 view .LVU1
  73:.//Libraries/CMSIS/DSP/Source/FilteringFunctions/arm_fir_interpolate_init_q31.c **** 
  74:.//Libraries/CMSIS/DSP/Source/FilteringFunctions/arm_fir_interpolate_init_q31.c ****   /* The filter length must be a multiple of the interpolation factor */
  75:.//Libraries/CMSIS/DSP/Source/FilteringFunctions/arm_fir_interpolate_init_q31.c ****   if ((numTaps % L) != 0U)
  35              		.loc 1 75 3 view .LVU2
  71:.//Libraries/CMSIS/DSP/Source/FilteringFunctions/arm_fir_interpolate_init_q31.c ****   arm_status status;
  36              		.loc 1 71 1 is_stmt 0 view .LVU3
  37 0000 70B5     		push	{r4, r5, r6, lr}
  38              	.LCFI0:
  39              		.cfi_def_cfa_offset 16
ARM GAS  /var/folders/wl/rshn8xbx1dsfj1zgryf4g1240000gn/T//ccl8CtG8.s 			page 3


  40              		.cfi_offset 4, -16
  41              		.cfi_offset 5, -12
  42              		.cfi_offset 6, -8
  43              		.cfi_offset 14, -4
  71:.//Libraries/CMSIS/DSP/Source/FilteringFunctions/arm_fir_interpolate_init_q31.c ****   arm_status status;
  44              		.loc 1 71 1 view .LVU4
  45 0002 0546     		mov	r5, r0
  46 0004 049E     		ldr	r6, [sp, #16]
  47              		.loc 1 75 16 view .LVU5
  48 0006 B2FBF1F0 		udiv	r0, r2, r1
  49              	.LVL1:
  50              		.loc 1 75 16 view .LVU6
  51 000a 01FB1024 		mls	r4, r1, r0, r2
  52              		.loc 1 75 6 view .LVU7
  53 000e 6CB9     		cbnz	r4, .L3
  76:.//Libraries/CMSIS/DSP/Source/FilteringFunctions/arm_fir_interpolate_init_q31.c ****   {
  77:.//Libraries/CMSIS/DSP/Source/FilteringFunctions/arm_fir_interpolate_init_q31.c ****     /* Set status as ARM_MATH_LENGTH_ERROR */
  78:.//Libraries/CMSIS/DSP/Source/FilteringFunctions/arm_fir_interpolate_init_q31.c ****     status = ARM_MATH_LENGTH_ERROR;
  79:.//Libraries/CMSIS/DSP/Source/FilteringFunctions/arm_fir_interpolate_init_q31.c ****   }
  80:.//Libraries/CMSIS/DSP/Source/FilteringFunctions/arm_fir_interpolate_init_q31.c ****   else
  81:.//Libraries/CMSIS/DSP/Source/FilteringFunctions/arm_fir_interpolate_init_q31.c ****   {
  82:.//Libraries/CMSIS/DSP/Source/FilteringFunctions/arm_fir_interpolate_init_q31.c ****     /* Assign coefficient pointer */
  83:.//Libraries/CMSIS/DSP/Source/FilteringFunctions/arm_fir_interpolate_init_q31.c ****     S->pCoeffs = pCoeffs;
  54              		.loc 1 83 5 is_stmt 1 view .LVU8
  84:.//Libraries/CMSIS/DSP/Source/FilteringFunctions/arm_fir_interpolate_init_q31.c **** 
  85:.//Libraries/CMSIS/DSP/Source/FilteringFunctions/arm_fir_interpolate_init_q31.c ****     /* Assign Interpolation factor */
  86:.//Libraries/CMSIS/DSP/Source/FilteringFunctions/arm_fir_interpolate_init_q31.c ****     S->L = L;
  87:.//Libraries/CMSIS/DSP/Source/FilteringFunctions/arm_fir_interpolate_init_q31.c **** 
  88:.//Libraries/CMSIS/DSP/Source/FilteringFunctions/arm_fir_interpolate_init_q31.c ****     /* Assign polyPhaseLength */
  89:.//Libraries/CMSIS/DSP/Source/FilteringFunctions/arm_fir_interpolate_init_q31.c ****     S->phaseLength = numTaps / L;
  90:.//Libraries/CMSIS/DSP/Source/FilteringFunctions/arm_fir_interpolate_init_q31.c **** 
  91:.//Libraries/CMSIS/DSP/Source/FilteringFunctions/arm_fir_interpolate_init_q31.c ****     /* Clear state buffer and size of buffer is always phaseLength + blockSize - 1 */
  92:.//Libraries/CMSIS/DSP/Source/FilteringFunctions/arm_fir_interpolate_init_q31.c ****     memset(pState, 0, (blockSize + ((uint32_t) S->phaseLength - 1U)) * sizeof(q31_t));
  55              		.loc 1 92 34 is_stmt 0 view .LVU9
  56 0010 059A     		ldr	r2, [sp, #20]
  57              	.LVL2:
  86:.//Libraries/CMSIS/DSP/Source/FilteringFunctions/arm_fir_interpolate_init_q31.c **** 
  58              		.loc 1 86 10 view .LVU10
  59 0012 2970     		strb	r1, [r5]
  60              		.loc 1 92 5 view .LVU11
  61 0014 2146     		mov	r1, r4
  62              	.LVL3:
  63              		.loc 1 92 34 view .LVU12
  64 0016 013A     		subs	r2, r2, #1
  89:.//Libraries/CMSIS/DSP/Source/FilteringFunctions/arm_fir_interpolate_init_q31.c **** 
  65              		.loc 1 89 20 view .LVU13
  66 0018 6880     		strh	r0, [r5, #2]	@ movhi
  83:.//Libraries/CMSIS/DSP/Source/FilteringFunctions/arm_fir_interpolate_init_q31.c **** 
  67              		.loc 1 83 16 view .LVU14
  68 001a 6B60     		str	r3, [r5, #4]
  86:.//Libraries/CMSIS/DSP/Source/FilteringFunctions/arm_fir_interpolate_init_q31.c **** 
  69              		.loc 1 86 5 is_stmt 1 view .LVU15
  89:.//Libraries/CMSIS/DSP/Source/FilteringFunctions/arm_fir_interpolate_init_q31.c **** 
  70              		.loc 1 89 5 view .LVU16
  71              		.loc 1 92 5 view .LVU17
  72              		.loc 1 92 34 is_stmt 0 view .LVU18
  73 001c 0244     		add	r2, r2, r0
ARM GAS  /var/folders/wl/rshn8xbx1dsfj1zgryf4g1240000gn/T//ccl8CtG8.s 			page 4


  74              		.loc 1 92 5 view .LVU19
  75 001e 3046     		mov	r0, r6
  76 0020 9200     		lsls	r2, r2, #2
  77 0022 FFF7FEFF 		bl	memset
  78              	.LVL4:
  93:.//Libraries/CMSIS/DSP/Source/FilteringFunctions/arm_fir_interpolate_init_q31.c **** 
  94:.//Libraries/CMSIS/DSP/Source/FilteringFunctions/arm_fir_interpolate_init_q31.c ****     /* Assign state pointer */
  95:.//Libraries/CMSIS/DSP/Source/FilteringFunctions/arm_fir_interpolate_init_q31.c ****     S->pState = pState;
  79              		.loc 1 95 5 is_stmt 1 view .LVU20
  96:.//Libraries/CMSIS/DSP/Source/FilteringFunctions/arm_fir_interpolate_init_q31.c **** 
  97:.//Libraries/CMSIS/DSP/Source/FilteringFunctions/arm_fir_interpolate_init_q31.c ****     status = ARM_MATH_SUCCESS;
  80              		.loc 1 97 12 is_stmt 0 view .LVU21
  81 0026 2046     		mov	r0, r4
  95:.//Libraries/CMSIS/DSP/Source/FilteringFunctions/arm_fir_interpolate_init_q31.c **** 
  82              		.loc 1 95 15 view .LVU22
  83 0028 AE60     		str	r6, [r5, #8]
  84              		.loc 1 97 5 is_stmt 1 view .LVU23
  85              	.LVL5:
  98:.//Libraries/CMSIS/DSP/Source/FilteringFunctions/arm_fir_interpolate_init_q31.c ****   }
  99:.//Libraries/CMSIS/DSP/Source/FilteringFunctions/arm_fir_interpolate_init_q31.c **** 
 100:.//Libraries/CMSIS/DSP/Source/FilteringFunctions/arm_fir_interpolate_init_q31.c ****   return (status);
  86              		.loc 1 100 3 view .LVU24
 101:.//Libraries/CMSIS/DSP/Source/FilteringFunctions/arm_fir_interpolate_init_q31.c **** }
  87              		.loc 1 101 1 is_stmt 0 view .LVU25
  88 002a 70BD     		pop	{r4, r5, r6, pc}
  89              	.LVL6:
  90              	.L3:
  78:.//Libraries/CMSIS/DSP/Source/FilteringFunctions/arm_fir_interpolate_init_q31.c ****   }
  91              		.loc 1 78 12 view .LVU26
  92 002c 6FF00100 		mvn	r0, #1
  93              	.LVL7:
 100:.//Libraries/CMSIS/DSP/Source/FilteringFunctions/arm_fir_interpolate_init_q31.c **** }
  94              		.loc 1 100 3 is_stmt 1 view .LVU27
  95              		.loc 1 101 1 is_stmt 0 view .LVU28
  96 0030 70BD     		pop	{r4, r5, r6, pc}
  97              		.loc 1 101 1 view .LVU29
  98              		.cfi_endproc
  99              	.LFE145:
 101 0032 00BF     		.text
 102              	.Letext0:
 103              		.file 2 "/opt/homebrew/Cellar/arm-none-eabi-gcc/9-2019-q4-major/gcc/arm-none-eabi/include/machine/
 104              		.file 3 "/opt/homebrew/Cellar/arm-none-eabi-gcc/9-2019-q4-major/gcc/arm-none-eabi/include/sys/_std
 105              		.file 4 "/opt/homebrew/Cellar/arm-none-eabi-gcc/9-2019-q4-major/gcc/arm-none-eabi/include/sys/lock
 106              		.file 5 "/opt/homebrew/Cellar/arm-none-eabi-gcc/9-2019-q4-major/gcc/arm-none-eabi/include/sys/_typ
 107              		.file 6 "/opt/homebrew/Cellar/arm-none-eabi-gcc/9-2019-q4-major/gcc/lib/gcc/arm-none-eabi/9.2.1/in
 108              		.file 7 "/opt/homebrew/Cellar/arm-none-eabi-gcc/9-2019-q4-major/gcc/arm-none-eabi/include/sys/reen
 109              		.file 8 "/opt/homebrew/Cellar/arm-none-eabi-gcc/9-2019-q4-major/gcc/arm-none-eabi/include/math.h"
 110              		.file 9 ".//Libraries/CMSIS/DSP/Include/arm_math.h"
 111              		.file 10 "<built-in>"
ARM GAS  /var/folders/wl/rshn8xbx1dsfj1zgryf4g1240000gn/T//ccl8CtG8.s 			page 5


DEFINED SYMBOLS
                            *ABS*:0000000000000000 arm_fir_interpolate_init_q31.c
/var/folders/wl/rshn8xbx1dsfj1zgryf4g1240000gn/T//ccl8CtG8.s:17     .text.arm_fir_interpolate_init_q31:0000000000000000 $t
/var/folders/wl/rshn8xbx1dsfj1zgryf4g1240000gn/T//ccl8CtG8.s:26     .text.arm_fir_interpolate_init_q31:0000000000000000 arm_fir_interpolate_init_q31

UNDEFINED SYMBOLS
memset
