ARM GAS  /var/folders/wl/rshn8xbx1dsfj1zgryf4g1240000gn/T//ccsjNV8P.s 			page 1


   1              		.cpu cortex-m7
   2              		.eabi_attribute 28, 1
   3              		.eabi_attribute 20, 1
   4              		.eabi_attribute 21, 1
   5              		.eabi_attribute 23, 3
   6              		.eabi_attribute 24, 1
   7              		.eabi_attribute 25, 1
   8              		.eabi_attribute 26, 1
   9              		.eabi_attribute 30, 2
  10              		.eabi_attribute 34, 1
  11              		.eabi_attribute 18, 4
  12              		.file	"arm_min_f32.c"
  13              		.text
  14              	.Ltext0:
  15              		.cfi_sections	.debug_frame
  16              		.section	.text.arm_min_f32,"ax",%progbits
  17              		.align	1
  18              		.p2align 2,,3
  19              		.global	arm_min_f32
  20              		.arch armv7e-m
  21              		.syntax unified
  22              		.thumb
  23              		.thumb_func
  24              		.fpu fpv5-d16
  26              	arm_min_f32:
  27              	.LVL0:
  28              	.LFB145:
  29              		.file 1 ".//Libraries/CMSIS/DSP/Source/StatisticsFunctions/arm_min_f32.c"
   1:.//Libraries/CMSIS/DSP/Source/StatisticsFunctions/arm_min_f32.c **** /* ----------------------------------------------------------------------
   2:.//Libraries/CMSIS/DSP/Source/StatisticsFunctions/arm_min_f32.c ****  * Project:      CMSIS DSP Library
   3:.//Libraries/CMSIS/DSP/Source/StatisticsFunctions/arm_min_f32.c ****  * Title:        arm_min_f32.c
   4:.//Libraries/CMSIS/DSP/Source/StatisticsFunctions/arm_min_f32.c ****  * Description:  Minimum value of a floating-point vector
   5:.//Libraries/CMSIS/DSP/Source/StatisticsFunctions/arm_min_f32.c ****  *
   6:.//Libraries/CMSIS/DSP/Source/StatisticsFunctions/arm_min_f32.c ****  * $Date:        18. March 2019
   7:.//Libraries/CMSIS/DSP/Source/StatisticsFunctions/arm_min_f32.c ****  * $Revision:    V1.6.0
   8:.//Libraries/CMSIS/DSP/Source/StatisticsFunctions/arm_min_f32.c ****  *
   9:.//Libraries/CMSIS/DSP/Source/StatisticsFunctions/arm_min_f32.c ****  * Target Processor: Cortex-M cores
  10:.//Libraries/CMSIS/DSP/Source/StatisticsFunctions/arm_min_f32.c ****  * -------------------------------------------------------------------- */
  11:.//Libraries/CMSIS/DSP/Source/StatisticsFunctions/arm_min_f32.c **** /*
  12:.//Libraries/CMSIS/DSP/Source/StatisticsFunctions/arm_min_f32.c ****  * Copyright (C) 2010-2019 ARM Limited or its affiliates. All rights reserved.
  13:.//Libraries/CMSIS/DSP/Source/StatisticsFunctions/arm_min_f32.c ****  *
  14:.//Libraries/CMSIS/DSP/Source/StatisticsFunctions/arm_min_f32.c ****  * SPDX-License-Identifier: Apache-2.0
  15:.//Libraries/CMSIS/DSP/Source/StatisticsFunctions/arm_min_f32.c ****  *
  16:.//Libraries/CMSIS/DSP/Source/StatisticsFunctions/arm_min_f32.c ****  * Licensed under the Apache License, Version 2.0 (the License); you may
  17:.//Libraries/CMSIS/DSP/Source/StatisticsFunctions/arm_min_f32.c ****  * not use this file except in compliance with the License.
  18:.//Libraries/CMSIS/DSP/Source/StatisticsFunctions/arm_min_f32.c ****  * You may obtain a copy of the License at
  19:.//Libraries/CMSIS/DSP/Source/StatisticsFunctions/arm_min_f32.c ****  *
  20:.//Libraries/CMSIS/DSP/Source/StatisticsFunctions/arm_min_f32.c ****  * www.apache.org/licenses/LICENSE-2.0
  21:.//Libraries/CMSIS/DSP/Source/StatisticsFunctions/arm_min_f32.c ****  *
  22:.//Libraries/CMSIS/DSP/Source/StatisticsFunctions/arm_min_f32.c ****  * Unless required by applicable law or agreed to in writing, software
  23:.//Libraries/CMSIS/DSP/Source/StatisticsFunctions/arm_min_f32.c ****  * distributed under the License is distributed on an AS IS BASIS, WITHOUT
  24:.//Libraries/CMSIS/DSP/Source/StatisticsFunctions/arm_min_f32.c ****  * WARRANTIES OR CONDITIONS OF ANY KIND, either express or implied.
  25:.//Libraries/CMSIS/DSP/Source/StatisticsFunctions/arm_min_f32.c ****  * See the License for the specific language governing permissions and
  26:.//Libraries/CMSIS/DSP/Source/StatisticsFunctions/arm_min_f32.c ****  * limitations under the License.
  27:.//Libraries/CMSIS/DSP/Source/StatisticsFunctions/arm_min_f32.c ****  */
  28:.//Libraries/CMSIS/DSP/Source/StatisticsFunctions/arm_min_f32.c **** 
  29:.//Libraries/CMSIS/DSP/Source/StatisticsFunctions/arm_min_f32.c **** #include "arm_math.h"
ARM GAS  /var/folders/wl/rshn8xbx1dsfj1zgryf4g1240000gn/T//ccsjNV8P.s 			page 2


  30:.//Libraries/CMSIS/DSP/Source/StatisticsFunctions/arm_min_f32.c **** #include <limits.h>
  31:.//Libraries/CMSIS/DSP/Source/StatisticsFunctions/arm_min_f32.c **** 
  32:.//Libraries/CMSIS/DSP/Source/StatisticsFunctions/arm_min_f32.c **** /**
  33:.//Libraries/CMSIS/DSP/Source/StatisticsFunctions/arm_min_f32.c ****   @ingroup groupStats
  34:.//Libraries/CMSIS/DSP/Source/StatisticsFunctions/arm_min_f32.c ****  */
  35:.//Libraries/CMSIS/DSP/Source/StatisticsFunctions/arm_min_f32.c **** 
  36:.//Libraries/CMSIS/DSP/Source/StatisticsFunctions/arm_min_f32.c **** /**
  37:.//Libraries/CMSIS/DSP/Source/StatisticsFunctions/arm_min_f32.c ****   @defgroup Min Minimum
  38:.//Libraries/CMSIS/DSP/Source/StatisticsFunctions/arm_min_f32.c **** 
  39:.//Libraries/CMSIS/DSP/Source/StatisticsFunctions/arm_min_f32.c ****   Computes the minimum value of an array of data.
  40:.//Libraries/CMSIS/DSP/Source/StatisticsFunctions/arm_min_f32.c ****   The function returns both the minimum value and its position within the array.
  41:.//Libraries/CMSIS/DSP/Source/StatisticsFunctions/arm_min_f32.c ****   There are separate functions for floating-point, Q31, Q15, and Q7 data types.
  42:.//Libraries/CMSIS/DSP/Source/StatisticsFunctions/arm_min_f32.c ****  */
  43:.//Libraries/CMSIS/DSP/Source/StatisticsFunctions/arm_min_f32.c **** 
  44:.//Libraries/CMSIS/DSP/Source/StatisticsFunctions/arm_min_f32.c **** /**
  45:.//Libraries/CMSIS/DSP/Source/StatisticsFunctions/arm_min_f32.c ****   @addtogroup Min
  46:.//Libraries/CMSIS/DSP/Source/StatisticsFunctions/arm_min_f32.c ****   @{
  47:.//Libraries/CMSIS/DSP/Source/StatisticsFunctions/arm_min_f32.c ****  */
  48:.//Libraries/CMSIS/DSP/Source/StatisticsFunctions/arm_min_f32.c **** 
  49:.//Libraries/CMSIS/DSP/Source/StatisticsFunctions/arm_min_f32.c **** /**
  50:.//Libraries/CMSIS/DSP/Source/StatisticsFunctions/arm_min_f32.c ****   @brief         Minimum value of a floating-point vector.
  51:.//Libraries/CMSIS/DSP/Source/StatisticsFunctions/arm_min_f32.c ****   @param[in]     pSrc       points to the input vector
  52:.//Libraries/CMSIS/DSP/Source/StatisticsFunctions/arm_min_f32.c ****   @param[in]     blockSize  number of samples in input vector
  53:.//Libraries/CMSIS/DSP/Source/StatisticsFunctions/arm_min_f32.c ****   @param[out]    pResult    minimum value returned here
  54:.//Libraries/CMSIS/DSP/Source/StatisticsFunctions/arm_min_f32.c ****   @param[out]    pIndex     index of minimum value returned here
  55:.//Libraries/CMSIS/DSP/Source/StatisticsFunctions/arm_min_f32.c ****   @return        none
  56:.//Libraries/CMSIS/DSP/Source/StatisticsFunctions/arm_min_f32.c ****  */
  57:.//Libraries/CMSIS/DSP/Source/StatisticsFunctions/arm_min_f32.c **** #if defined(ARM_MATH_NEON)
  58:.//Libraries/CMSIS/DSP/Source/StatisticsFunctions/arm_min_f32.c **** void arm_min_f32(
  59:.//Libraries/CMSIS/DSP/Source/StatisticsFunctions/arm_min_f32.c ****   const float32_t * pSrc,
  60:.//Libraries/CMSIS/DSP/Source/StatisticsFunctions/arm_min_f32.c ****   uint32_t blockSize,
  61:.//Libraries/CMSIS/DSP/Source/StatisticsFunctions/arm_min_f32.c ****   float32_t * pResult,
  62:.//Libraries/CMSIS/DSP/Source/StatisticsFunctions/arm_min_f32.c ****   uint32_t * pIndex)
  63:.//Libraries/CMSIS/DSP/Source/StatisticsFunctions/arm_min_f32.c **** {
  64:.//Libraries/CMSIS/DSP/Source/StatisticsFunctions/arm_min_f32.c ****   float32_t maxVal1, maxVal2, out;               /* Temporary variables to store the output value. 
  65:.//Libraries/CMSIS/DSP/Source/StatisticsFunctions/arm_min_f32.c ****   uint32_t blkCnt, outIndex, count;              /* loop counter */
  66:.//Libraries/CMSIS/DSP/Source/StatisticsFunctions/arm_min_f32.c **** 
  67:.//Libraries/CMSIS/DSP/Source/StatisticsFunctions/arm_min_f32.c ****   float32x4_t outV, srcV;
  68:.//Libraries/CMSIS/DSP/Source/StatisticsFunctions/arm_min_f32.c ****   float32x2_t outV2;
  69:.//Libraries/CMSIS/DSP/Source/StatisticsFunctions/arm_min_f32.c **** 
  70:.//Libraries/CMSIS/DSP/Source/StatisticsFunctions/arm_min_f32.c ****   uint32x4_t idxV;
  71:.//Libraries/CMSIS/DSP/Source/StatisticsFunctions/arm_min_f32.c ****   uint32x4_t maxIdx={ULONG_MAX,ULONG_MAX,ULONG_MAX,ULONG_MAX};
  72:.//Libraries/CMSIS/DSP/Source/StatisticsFunctions/arm_min_f32.c ****   uint32x4_t index={4,5,6,7};
  73:.//Libraries/CMSIS/DSP/Source/StatisticsFunctions/arm_min_f32.c ****   uint32x4_t delta={4,4,4,4};
  74:.//Libraries/CMSIS/DSP/Source/StatisticsFunctions/arm_min_f32.c ****   uint32x4_t countV={0,1,2,3};
  75:.//Libraries/CMSIS/DSP/Source/StatisticsFunctions/arm_min_f32.c ****   uint32x2_t countV2;
  76:.//Libraries/CMSIS/DSP/Source/StatisticsFunctions/arm_min_f32.c **** 
  77:.//Libraries/CMSIS/DSP/Source/StatisticsFunctions/arm_min_f32.c ****   /* Initialise the count value. */
  78:.//Libraries/CMSIS/DSP/Source/StatisticsFunctions/arm_min_f32.c ****   count = 0U;
  79:.//Libraries/CMSIS/DSP/Source/StatisticsFunctions/arm_min_f32.c **** 
  80:.//Libraries/CMSIS/DSP/Source/StatisticsFunctions/arm_min_f32.c ****   /* Initialise the index value to zero. */
  81:.//Libraries/CMSIS/DSP/Source/StatisticsFunctions/arm_min_f32.c ****   outIndex = 0U;
  82:.//Libraries/CMSIS/DSP/Source/StatisticsFunctions/arm_min_f32.c **** 
  83:.//Libraries/CMSIS/DSP/Source/StatisticsFunctions/arm_min_f32.c ****   /* Load first input value that act as reference value for comparison */
  84:.//Libraries/CMSIS/DSP/Source/StatisticsFunctions/arm_min_f32.c ****   if (blockSize <= 3)
  85:.//Libraries/CMSIS/DSP/Source/StatisticsFunctions/arm_min_f32.c ****   {
  86:.//Libraries/CMSIS/DSP/Source/StatisticsFunctions/arm_min_f32.c ****       out = *pSrc++;
ARM GAS  /var/folders/wl/rshn8xbx1dsfj1zgryf4g1240000gn/T//ccsjNV8P.s 			page 3


  87:.//Libraries/CMSIS/DSP/Source/StatisticsFunctions/arm_min_f32.c **** 
  88:.//Libraries/CMSIS/DSP/Source/StatisticsFunctions/arm_min_f32.c ****       blkCnt = blockSize - 1;
  89:.//Libraries/CMSIS/DSP/Source/StatisticsFunctions/arm_min_f32.c **** 
  90:.//Libraries/CMSIS/DSP/Source/StatisticsFunctions/arm_min_f32.c ****       while (blkCnt > 0U)
  91:.//Libraries/CMSIS/DSP/Source/StatisticsFunctions/arm_min_f32.c ****       {
  92:.//Libraries/CMSIS/DSP/Source/StatisticsFunctions/arm_min_f32.c ****         /* Initialize maxVal to the next consecutive values one by one */
  93:.//Libraries/CMSIS/DSP/Source/StatisticsFunctions/arm_min_f32.c ****         maxVal1 = *pSrc++;
  94:.//Libraries/CMSIS/DSP/Source/StatisticsFunctions/arm_min_f32.c ****     
  95:.//Libraries/CMSIS/DSP/Source/StatisticsFunctions/arm_min_f32.c ****         /* compare for the maximum value */
  96:.//Libraries/CMSIS/DSP/Source/StatisticsFunctions/arm_min_f32.c ****         if (out > maxVal1)
  97:.//Libraries/CMSIS/DSP/Source/StatisticsFunctions/arm_min_f32.c ****         {
  98:.//Libraries/CMSIS/DSP/Source/StatisticsFunctions/arm_min_f32.c ****           /* Update the maximum value and it's index */
  99:.//Libraries/CMSIS/DSP/Source/StatisticsFunctions/arm_min_f32.c ****           out = maxVal1;
 100:.//Libraries/CMSIS/DSP/Source/StatisticsFunctions/arm_min_f32.c ****           outIndex = blockSize - blkCnt;
 101:.//Libraries/CMSIS/DSP/Source/StatisticsFunctions/arm_min_f32.c ****         }
 102:.//Libraries/CMSIS/DSP/Source/StatisticsFunctions/arm_min_f32.c ****     
 103:.//Libraries/CMSIS/DSP/Source/StatisticsFunctions/arm_min_f32.c ****         /* Decrement the loop counter */
 104:.//Libraries/CMSIS/DSP/Source/StatisticsFunctions/arm_min_f32.c ****         blkCnt--;
 105:.//Libraries/CMSIS/DSP/Source/StatisticsFunctions/arm_min_f32.c ****       }
 106:.//Libraries/CMSIS/DSP/Source/StatisticsFunctions/arm_min_f32.c ****   }
 107:.//Libraries/CMSIS/DSP/Source/StatisticsFunctions/arm_min_f32.c ****   else
 108:.//Libraries/CMSIS/DSP/Source/StatisticsFunctions/arm_min_f32.c ****   {
 109:.//Libraries/CMSIS/DSP/Source/StatisticsFunctions/arm_min_f32.c ****       outV = vld1q_f32(pSrc);
 110:.//Libraries/CMSIS/DSP/Source/StatisticsFunctions/arm_min_f32.c ****       pSrc += 4;
 111:.//Libraries/CMSIS/DSP/Source/StatisticsFunctions/arm_min_f32.c ****     
 112:.//Libraries/CMSIS/DSP/Source/StatisticsFunctions/arm_min_f32.c ****       /* Compute 4 outputs at a time */
 113:.//Libraries/CMSIS/DSP/Source/StatisticsFunctions/arm_min_f32.c ****       blkCnt = (blockSize - 4 ) >> 2U;
 114:.//Libraries/CMSIS/DSP/Source/StatisticsFunctions/arm_min_f32.c ****     
 115:.//Libraries/CMSIS/DSP/Source/StatisticsFunctions/arm_min_f32.c ****       while (blkCnt > 0U)
 116:.//Libraries/CMSIS/DSP/Source/StatisticsFunctions/arm_min_f32.c ****       {
 117:.//Libraries/CMSIS/DSP/Source/StatisticsFunctions/arm_min_f32.c ****         srcV = vld1q_f32(pSrc);
 118:.//Libraries/CMSIS/DSP/Source/StatisticsFunctions/arm_min_f32.c ****         pSrc += 4;
 119:.//Libraries/CMSIS/DSP/Source/StatisticsFunctions/arm_min_f32.c ****     
 120:.//Libraries/CMSIS/DSP/Source/StatisticsFunctions/arm_min_f32.c ****         idxV = vcltq_f32(srcV, outV);
 121:.//Libraries/CMSIS/DSP/Source/StatisticsFunctions/arm_min_f32.c ****         outV = vbslq_f32(idxV, srcV, outV );
 122:.//Libraries/CMSIS/DSP/Source/StatisticsFunctions/arm_min_f32.c ****         countV = vbslq_u32(idxV, index,countV );
 123:.//Libraries/CMSIS/DSP/Source/StatisticsFunctions/arm_min_f32.c ****     
 124:.//Libraries/CMSIS/DSP/Source/StatisticsFunctions/arm_min_f32.c ****         index = vaddq_u32(index,delta);
 125:.//Libraries/CMSIS/DSP/Source/StatisticsFunctions/arm_min_f32.c ****     
 126:.//Libraries/CMSIS/DSP/Source/StatisticsFunctions/arm_min_f32.c ****         /* Decrement the loop counter */
 127:.//Libraries/CMSIS/DSP/Source/StatisticsFunctions/arm_min_f32.c ****         blkCnt--;
 128:.//Libraries/CMSIS/DSP/Source/StatisticsFunctions/arm_min_f32.c ****       }
 129:.//Libraries/CMSIS/DSP/Source/StatisticsFunctions/arm_min_f32.c ****     
 130:.//Libraries/CMSIS/DSP/Source/StatisticsFunctions/arm_min_f32.c ****       outV2 = vpmin_f32(vget_low_f32(outV),vget_high_f32(outV));
 131:.//Libraries/CMSIS/DSP/Source/StatisticsFunctions/arm_min_f32.c ****       outV2 = vpmin_f32(outV2,outV2);
 132:.//Libraries/CMSIS/DSP/Source/StatisticsFunctions/arm_min_f32.c ****       out = outV2[0];
 133:.//Libraries/CMSIS/DSP/Source/StatisticsFunctions/arm_min_f32.c ****     
 134:.//Libraries/CMSIS/DSP/Source/StatisticsFunctions/arm_min_f32.c ****       idxV = vceqq_f32(outV, vdupq_n_f32(out));
 135:.//Libraries/CMSIS/DSP/Source/StatisticsFunctions/arm_min_f32.c ****       countV = vbslq_u32(idxV, countV,maxIdx);
 136:.//Libraries/CMSIS/DSP/Source/StatisticsFunctions/arm_min_f32.c ****       
 137:.//Libraries/CMSIS/DSP/Source/StatisticsFunctions/arm_min_f32.c ****       countV2 = vpmin_u32(vget_low_u32(countV),vget_high_u32(countV));
 138:.//Libraries/CMSIS/DSP/Source/StatisticsFunctions/arm_min_f32.c ****       countV2 = vpmin_u32(countV2,countV2);
 139:.//Libraries/CMSIS/DSP/Source/StatisticsFunctions/arm_min_f32.c ****       outIndex = countV2[0];
 140:.//Libraries/CMSIS/DSP/Source/StatisticsFunctions/arm_min_f32.c ****     
 141:.//Libraries/CMSIS/DSP/Source/StatisticsFunctions/arm_min_f32.c ****       /* if (blockSize - 1U) is not multiple of 4 */
 142:.//Libraries/CMSIS/DSP/Source/StatisticsFunctions/arm_min_f32.c ****       blkCnt = (blockSize - 4 ) % 4U;
 143:.//Libraries/CMSIS/DSP/Source/StatisticsFunctions/arm_min_f32.c ****     
ARM GAS  /var/folders/wl/rshn8xbx1dsfj1zgryf4g1240000gn/T//ccsjNV8P.s 			page 4


 144:.//Libraries/CMSIS/DSP/Source/StatisticsFunctions/arm_min_f32.c ****       while (blkCnt > 0U)
 145:.//Libraries/CMSIS/DSP/Source/StatisticsFunctions/arm_min_f32.c ****       {
 146:.//Libraries/CMSIS/DSP/Source/StatisticsFunctions/arm_min_f32.c ****         /* Initialize maxVal to the next consecutive values one by one */
 147:.//Libraries/CMSIS/DSP/Source/StatisticsFunctions/arm_min_f32.c ****         maxVal1 = *pSrc++;
 148:.//Libraries/CMSIS/DSP/Source/StatisticsFunctions/arm_min_f32.c ****     
 149:.//Libraries/CMSIS/DSP/Source/StatisticsFunctions/arm_min_f32.c ****         /* compare for the maximum value */
 150:.//Libraries/CMSIS/DSP/Source/StatisticsFunctions/arm_min_f32.c ****         if (out > maxVal1)
 151:.//Libraries/CMSIS/DSP/Source/StatisticsFunctions/arm_min_f32.c ****         {
 152:.//Libraries/CMSIS/DSP/Source/StatisticsFunctions/arm_min_f32.c ****           /* Update the maximum value and it's index */
 153:.//Libraries/CMSIS/DSP/Source/StatisticsFunctions/arm_min_f32.c ****           out = maxVal1;
 154:.//Libraries/CMSIS/DSP/Source/StatisticsFunctions/arm_min_f32.c ****           outIndex = blockSize - blkCnt ;
 155:.//Libraries/CMSIS/DSP/Source/StatisticsFunctions/arm_min_f32.c ****         }
 156:.//Libraries/CMSIS/DSP/Source/StatisticsFunctions/arm_min_f32.c ****     
 157:.//Libraries/CMSIS/DSP/Source/StatisticsFunctions/arm_min_f32.c ****         /* Decrement the loop counter */
 158:.//Libraries/CMSIS/DSP/Source/StatisticsFunctions/arm_min_f32.c ****         blkCnt--;
 159:.//Libraries/CMSIS/DSP/Source/StatisticsFunctions/arm_min_f32.c ****       }
 160:.//Libraries/CMSIS/DSP/Source/StatisticsFunctions/arm_min_f32.c ****   }
 161:.//Libraries/CMSIS/DSP/Source/StatisticsFunctions/arm_min_f32.c **** 
 162:.//Libraries/CMSIS/DSP/Source/StatisticsFunctions/arm_min_f32.c ****   /* Store the maximum value and it's index into destination pointers */
 163:.//Libraries/CMSIS/DSP/Source/StatisticsFunctions/arm_min_f32.c ****   *pResult = out;
 164:.//Libraries/CMSIS/DSP/Source/StatisticsFunctions/arm_min_f32.c ****   *pIndex = outIndex;
 165:.//Libraries/CMSIS/DSP/Source/StatisticsFunctions/arm_min_f32.c **** }
 166:.//Libraries/CMSIS/DSP/Source/StatisticsFunctions/arm_min_f32.c **** #else
 167:.//Libraries/CMSIS/DSP/Source/StatisticsFunctions/arm_min_f32.c **** void arm_min_f32(
 168:.//Libraries/CMSIS/DSP/Source/StatisticsFunctions/arm_min_f32.c ****   const float32_t * pSrc,
 169:.//Libraries/CMSIS/DSP/Source/StatisticsFunctions/arm_min_f32.c ****         uint32_t blockSize,
 170:.//Libraries/CMSIS/DSP/Source/StatisticsFunctions/arm_min_f32.c ****         float32_t * pResult,
 171:.//Libraries/CMSIS/DSP/Source/StatisticsFunctions/arm_min_f32.c ****         uint32_t * pIndex)
 172:.//Libraries/CMSIS/DSP/Source/StatisticsFunctions/arm_min_f32.c **** {
  30              		.loc 1 172 1 view -0
  31              		.cfi_startproc
  32              		@ args = 0, pretend = 0, frame = 0
  33              		@ frame_needed = 0, uses_anonymous_args = 0
  34              		@ link register save eliminated.
 173:.//Libraries/CMSIS/DSP/Source/StatisticsFunctions/arm_min_f32.c ****         float32_t minVal, out;                         /* Temporary variables to store the output v
  35              		.loc 1 173 9 view .LVU1
 174:.//Libraries/CMSIS/DSP/Source/StatisticsFunctions/arm_min_f32.c ****         uint32_t blkCnt, outIndex;                     /* Loop counter */
  36              		.loc 1 174 9 view .LVU2
 175:.//Libraries/CMSIS/DSP/Source/StatisticsFunctions/arm_min_f32.c **** 
 176:.//Libraries/CMSIS/DSP/Source/StatisticsFunctions/arm_min_f32.c **** #if defined (ARM_MATH_LOOPUNROLL)
 177:.//Libraries/CMSIS/DSP/Source/StatisticsFunctions/arm_min_f32.c ****         uint32_t index;                                /* index of maximum value */
 178:.//Libraries/CMSIS/DSP/Source/StatisticsFunctions/arm_min_f32.c **** #endif
 179:.//Libraries/CMSIS/DSP/Source/StatisticsFunctions/arm_min_f32.c **** 
 180:.//Libraries/CMSIS/DSP/Source/StatisticsFunctions/arm_min_f32.c ****   /* Initialise index value to zero. */
 181:.//Libraries/CMSIS/DSP/Source/StatisticsFunctions/arm_min_f32.c ****   outIndex = 0U;
  37              		.loc 1 181 3 view .LVU3
 182:.//Libraries/CMSIS/DSP/Source/StatisticsFunctions/arm_min_f32.c **** 
 183:.//Libraries/CMSIS/DSP/Source/StatisticsFunctions/arm_min_f32.c ****   /* Load first input value that act as reference value for comparision */
 184:.//Libraries/CMSIS/DSP/Source/StatisticsFunctions/arm_min_f32.c ****   out = *pSrc++;
  38              		.loc 1 184 3 view .LVU4
 172:.//Libraries/CMSIS/DSP/Source/StatisticsFunctions/arm_min_f32.c ****         float32_t minVal, out;                         /* Temporary variables to store the output v
  39              		.loc 1 172 1 is_stmt 0 view .LVU5
  40 0000 30B4     		push	{r4, r5}
  41              	.LCFI0:
  42              		.cfi_def_cfa_offset 8
  43              		.cfi_offset 4, -8
  44              		.cfi_offset 5, -4
ARM GAS  /var/folders/wl/rshn8xbx1dsfj1zgryf4g1240000gn/T//ccsjNV8P.s 			page 5


 185:.//Libraries/CMSIS/DSP/Source/StatisticsFunctions/arm_min_f32.c **** 
 186:.//Libraries/CMSIS/DSP/Source/StatisticsFunctions/arm_min_f32.c **** #if defined (ARM_MATH_LOOPUNROLL)
 187:.//Libraries/CMSIS/DSP/Source/StatisticsFunctions/arm_min_f32.c ****   /* Initialise index of maximum value. */
 188:.//Libraries/CMSIS/DSP/Source/StatisticsFunctions/arm_min_f32.c ****   index = 0U;
 189:.//Libraries/CMSIS/DSP/Source/StatisticsFunctions/arm_min_f32.c **** 
 190:.//Libraries/CMSIS/DSP/Source/StatisticsFunctions/arm_min_f32.c ****   /* Loop unrolling: Compute 4 outputs at a time */
 191:.//Libraries/CMSIS/DSP/Source/StatisticsFunctions/arm_min_f32.c ****   blkCnt = (blockSize - 1U) >> 2U;
 192:.//Libraries/CMSIS/DSP/Source/StatisticsFunctions/arm_min_f32.c **** 
 193:.//Libraries/CMSIS/DSP/Source/StatisticsFunctions/arm_min_f32.c ****   while (blkCnt > 0U)
 194:.//Libraries/CMSIS/DSP/Source/StatisticsFunctions/arm_min_f32.c ****   {
 195:.//Libraries/CMSIS/DSP/Source/StatisticsFunctions/arm_min_f32.c ****     /* Initialize minVal to next consecutive values one by one */
 196:.//Libraries/CMSIS/DSP/Source/StatisticsFunctions/arm_min_f32.c ****     minVal = *pSrc++;
 197:.//Libraries/CMSIS/DSP/Source/StatisticsFunctions/arm_min_f32.c **** 
 198:.//Libraries/CMSIS/DSP/Source/StatisticsFunctions/arm_min_f32.c ****     /* compare for the minimum value */
 199:.//Libraries/CMSIS/DSP/Source/StatisticsFunctions/arm_min_f32.c ****     if (out > minVal)
 200:.//Libraries/CMSIS/DSP/Source/StatisticsFunctions/arm_min_f32.c ****     {
 201:.//Libraries/CMSIS/DSP/Source/StatisticsFunctions/arm_min_f32.c ****       /* Update the minimum value and it's index */
 202:.//Libraries/CMSIS/DSP/Source/StatisticsFunctions/arm_min_f32.c ****       out = minVal;
 203:.//Libraries/CMSIS/DSP/Source/StatisticsFunctions/arm_min_f32.c ****       outIndex = index + 1U;
 204:.//Libraries/CMSIS/DSP/Source/StatisticsFunctions/arm_min_f32.c ****     }
 205:.//Libraries/CMSIS/DSP/Source/StatisticsFunctions/arm_min_f32.c **** 
 206:.//Libraries/CMSIS/DSP/Source/StatisticsFunctions/arm_min_f32.c ****     minVal = *pSrc++;
 207:.//Libraries/CMSIS/DSP/Source/StatisticsFunctions/arm_min_f32.c ****     if (out > minVal)
 208:.//Libraries/CMSIS/DSP/Source/StatisticsFunctions/arm_min_f32.c ****     {
 209:.//Libraries/CMSIS/DSP/Source/StatisticsFunctions/arm_min_f32.c ****       out = minVal;
 210:.//Libraries/CMSIS/DSP/Source/StatisticsFunctions/arm_min_f32.c ****       outIndex = index + 2U;
 211:.//Libraries/CMSIS/DSP/Source/StatisticsFunctions/arm_min_f32.c ****     }
 212:.//Libraries/CMSIS/DSP/Source/StatisticsFunctions/arm_min_f32.c **** 
 213:.//Libraries/CMSIS/DSP/Source/StatisticsFunctions/arm_min_f32.c ****     minVal = *pSrc++;
 214:.//Libraries/CMSIS/DSP/Source/StatisticsFunctions/arm_min_f32.c ****     if (out > minVal)
 215:.//Libraries/CMSIS/DSP/Source/StatisticsFunctions/arm_min_f32.c ****     {
 216:.//Libraries/CMSIS/DSP/Source/StatisticsFunctions/arm_min_f32.c ****       out = minVal;
 217:.//Libraries/CMSIS/DSP/Source/StatisticsFunctions/arm_min_f32.c ****       outIndex = index + 3U;
 218:.//Libraries/CMSIS/DSP/Source/StatisticsFunctions/arm_min_f32.c ****     }
 219:.//Libraries/CMSIS/DSP/Source/StatisticsFunctions/arm_min_f32.c **** 
 220:.//Libraries/CMSIS/DSP/Source/StatisticsFunctions/arm_min_f32.c ****     minVal = *pSrc++;
 221:.//Libraries/CMSIS/DSP/Source/StatisticsFunctions/arm_min_f32.c ****     if (out > minVal)
 222:.//Libraries/CMSIS/DSP/Source/StatisticsFunctions/arm_min_f32.c ****     {
 223:.//Libraries/CMSIS/DSP/Source/StatisticsFunctions/arm_min_f32.c ****       out = minVal;
 224:.//Libraries/CMSIS/DSP/Source/StatisticsFunctions/arm_min_f32.c ****       outIndex = index + 4U;
 225:.//Libraries/CMSIS/DSP/Source/StatisticsFunctions/arm_min_f32.c ****     }
 226:.//Libraries/CMSIS/DSP/Source/StatisticsFunctions/arm_min_f32.c **** 
 227:.//Libraries/CMSIS/DSP/Source/StatisticsFunctions/arm_min_f32.c ****     index += 4U;
 228:.//Libraries/CMSIS/DSP/Source/StatisticsFunctions/arm_min_f32.c **** 
 229:.//Libraries/CMSIS/DSP/Source/StatisticsFunctions/arm_min_f32.c ****     /* Decrement loop counter */
 230:.//Libraries/CMSIS/DSP/Source/StatisticsFunctions/arm_min_f32.c ****     blkCnt--;
 231:.//Libraries/CMSIS/DSP/Source/StatisticsFunctions/arm_min_f32.c ****   }
 232:.//Libraries/CMSIS/DSP/Source/StatisticsFunctions/arm_min_f32.c **** 
 233:.//Libraries/CMSIS/DSP/Source/StatisticsFunctions/arm_min_f32.c ****   /* Loop unrolling: Compute remaining outputs */
 234:.//Libraries/CMSIS/DSP/Source/StatisticsFunctions/arm_min_f32.c ****   blkCnt = (blockSize - 1U) % 4U;
 235:.//Libraries/CMSIS/DSP/Source/StatisticsFunctions/arm_min_f32.c **** 
 236:.//Libraries/CMSIS/DSP/Source/StatisticsFunctions/arm_min_f32.c **** #else
 237:.//Libraries/CMSIS/DSP/Source/StatisticsFunctions/arm_min_f32.c **** 
 238:.//Libraries/CMSIS/DSP/Source/StatisticsFunctions/arm_min_f32.c ****   /* Initialize blkCnt with number of samples */
 239:.//Libraries/CMSIS/DSP/Source/StatisticsFunctions/arm_min_f32.c ****   blkCnt = (blockSize - 1U);
 240:.//Libraries/CMSIS/DSP/Source/StatisticsFunctions/arm_min_f32.c **** 
 241:.//Libraries/CMSIS/DSP/Source/StatisticsFunctions/arm_min_f32.c **** #endif /* #if defined (ARM_MATH_LOOPUNROLL) */
ARM GAS  /var/folders/wl/rshn8xbx1dsfj1zgryf4g1240000gn/T//ccsjNV8P.s 			page 6


 242:.//Libraries/CMSIS/DSP/Source/StatisticsFunctions/arm_min_f32.c **** 
 243:.//Libraries/CMSIS/DSP/Source/StatisticsFunctions/arm_min_f32.c ****   while (blkCnt > 0U)
  45              		.loc 1 243 9 view .LVU6
  46 0002 4C1E     		subs	r4, r1, #1
 184:.//Libraries/CMSIS/DSP/Source/StatisticsFunctions/arm_min_f32.c **** 
  47              		.loc 1 184 7 view .LVU7
  48 0004 B0EC017A 		vldmia.32	r0!, {s14}
  49              	.LVL1:
 239:.//Libraries/CMSIS/DSP/Source/StatisticsFunctions/arm_min_f32.c **** 
  50              		.loc 1 239 3 is_stmt 1 view .LVU8
  51              		.loc 1 243 3 view .LVU9
  52              		.loc 1 243 9 view .LVU10
  53 0008 11D0     		beq	.L6
 181:.//Libraries/CMSIS/DSP/Source/StatisticsFunctions/arm_min_f32.c **** 
  54              		.loc 1 181 12 is_stmt 0 view .LVU11
  55 000a 0025     		movs	r5, #0
  56              	.LVL2:
  57              	.L5:
 244:.//Libraries/CMSIS/DSP/Source/StatisticsFunctions/arm_min_f32.c ****   {
 245:.//Libraries/CMSIS/DSP/Source/StatisticsFunctions/arm_min_f32.c ****     /* Initialize minVal to the next consecutive values one by one */
 246:.//Libraries/CMSIS/DSP/Source/StatisticsFunctions/arm_min_f32.c ****     minVal = *pSrc++;
  58              		.loc 1 246 5 is_stmt 1 view .LVU12
 247:.//Libraries/CMSIS/DSP/Source/StatisticsFunctions/arm_min_f32.c **** 
 248:.//Libraries/CMSIS/DSP/Source/StatisticsFunctions/arm_min_f32.c ****     /* compare for the minimum value */
 249:.//Libraries/CMSIS/DSP/Source/StatisticsFunctions/arm_min_f32.c ****     if (out > minVal)
 250:.//Libraries/CMSIS/DSP/Source/StatisticsFunctions/arm_min_f32.c ****     {
 251:.//Libraries/CMSIS/DSP/Source/StatisticsFunctions/arm_min_f32.c ****       /* Update the minimum value and it's index */
 252:.//Libraries/CMSIS/DSP/Source/StatisticsFunctions/arm_min_f32.c ****       out = minVal;
  59              		.loc 1 252 7 view .LVU13
 246:.//Libraries/CMSIS/DSP/Source/StatisticsFunctions/arm_min_f32.c **** 
  60              		.loc 1 246 12 is_stmt 0 view .LVU14
  61 000c F0EC017A 		vldmia.32	r0!, {s15}
  62              	.LVL3:
 249:.//Libraries/CMSIS/DSP/Source/StatisticsFunctions/arm_min_f32.c ****     {
  63              		.loc 1 249 5 is_stmt 1 view .LVU15
 253:.//Libraries/CMSIS/DSP/Source/StatisticsFunctions/arm_min_f32.c ****       outIndex = blockSize - blkCnt;
  64              		.loc 1 253 7 view .LVU16
 249:.//Libraries/CMSIS/DSP/Source/StatisticsFunctions/arm_min_f32.c ****     {
  65              		.loc 1 249 8 is_stmt 0 view .LVU17
  66 0010 F4EEC77A 		vcmpe.f32	s15, s14
  67 0014 F1EE10FA 		vmrs	APSR_nzcv, FPSCR
  68 0018 02D5     		bpl	.L3
 252:.//Libraries/CMSIS/DSP/Source/StatisticsFunctions/arm_min_f32.c ****       outIndex = blockSize - blkCnt;
  69              		.loc 1 252 11 view .LVU18
  70 001a B0EE677A 		vmov.f32	s14, s15
  71 001e 0D1B     		subs	r5, r1, r4
  72              	.LVL4:
  73              	.L3:
 254:.//Libraries/CMSIS/DSP/Source/StatisticsFunctions/arm_min_f32.c ****     }
 255:.//Libraries/CMSIS/DSP/Source/StatisticsFunctions/arm_min_f32.c **** 
 256:.//Libraries/CMSIS/DSP/Source/StatisticsFunctions/arm_min_f32.c ****     /* Decrement loop counter */
 257:.//Libraries/CMSIS/DSP/Source/StatisticsFunctions/arm_min_f32.c ****     blkCnt--;
  74              		.loc 1 257 5 is_stmt 1 view .LVU19
 243:.//Libraries/CMSIS/DSP/Source/StatisticsFunctions/arm_min_f32.c ****   {
  75              		.loc 1 243 9 view .LVU20
  76 0020 013C     		subs	r4, r4, #1
  77              	.LVL5:
ARM GAS  /var/folders/wl/rshn8xbx1dsfj1zgryf4g1240000gn/T//ccsjNV8P.s 			page 7


 243:.//Libraries/CMSIS/DSP/Source/StatisticsFunctions/arm_min_f32.c ****   {
  78              		.loc 1 243 9 is_stmt 0 view .LVU21
  79 0022 F3D1     		bne	.L5
 258:.//Libraries/CMSIS/DSP/Source/StatisticsFunctions/arm_min_f32.c ****   }
 259:.//Libraries/CMSIS/DSP/Source/StatisticsFunctions/arm_min_f32.c **** 
 260:.//Libraries/CMSIS/DSP/Source/StatisticsFunctions/arm_min_f32.c ****   /* Store the minimum value and it's index into destination pointers */
 261:.//Libraries/CMSIS/DSP/Source/StatisticsFunctions/arm_min_f32.c ****   *pResult = out;
  80              		.loc 1 261 3 is_stmt 1 view .LVU22
  81              		.loc 1 261 12 is_stmt 0 view .LVU23
  82 0024 82ED007A 		vstr.32	s14, [r2]
 262:.//Libraries/CMSIS/DSP/Source/StatisticsFunctions/arm_min_f32.c ****   *pIndex = outIndex;
  83              		.loc 1 262 3 is_stmt 1 view .LVU24
  84              		.loc 1 262 11 is_stmt 0 view .LVU25
  85 0028 1D60     		str	r5, [r3]
 263:.//Libraries/CMSIS/DSP/Source/StatisticsFunctions/arm_min_f32.c **** }
  86              		.loc 1 263 1 view .LVU26
  87 002a 30BC     		pop	{r4, r5}
  88              	.LCFI1:
  89              		.cfi_remember_state
  90              		.cfi_restore 5
  91              		.cfi_restore 4
  92              		.cfi_def_cfa_offset 0
  93              	.LVL6:
  94              		.loc 1 263 1 view .LVU27
  95 002c 7047     		bx	lr
  96              	.LVL7:
  97              	.L6:
  98              	.LCFI2:
  99              		.cfi_restore_state
 181:.//Libraries/CMSIS/DSP/Source/StatisticsFunctions/arm_min_f32.c **** 
 100              		.loc 1 181 12 view .LVU28
 101 002e 2546     		mov	r5, r4
 261:.//Libraries/CMSIS/DSP/Source/StatisticsFunctions/arm_min_f32.c ****   *pIndex = outIndex;
 102              		.loc 1 261 3 is_stmt 1 view .LVU29
 261:.//Libraries/CMSIS/DSP/Source/StatisticsFunctions/arm_min_f32.c ****   *pIndex = outIndex;
 103              		.loc 1 261 12 is_stmt 0 view .LVU30
 104 0030 82ED007A 		vstr.32	s14, [r2]
 262:.//Libraries/CMSIS/DSP/Source/StatisticsFunctions/arm_min_f32.c **** }
 105              		.loc 1 262 3 is_stmt 1 view .LVU31
 262:.//Libraries/CMSIS/DSP/Source/StatisticsFunctions/arm_min_f32.c **** }
 106              		.loc 1 262 11 is_stmt 0 view .LVU32
 107 0034 1D60     		str	r5, [r3]
 108              		.loc 1 263 1 view .LVU33
 109 0036 30BC     		pop	{r4, r5}
 110              	.LCFI3:
 111              		.cfi_restore 5
 112              		.cfi_restore 4
 113              		.cfi_def_cfa_offset 0
 114              	.LVL8:
 115              		.loc 1 263 1 view .LVU34
 116 0038 7047     		bx	lr
 117              		.cfi_endproc
 118              	.LFE145:
 120 003a 00BF     		.text
 121              	.Letext0:
 122              		.file 2 "/opt/homebrew/Cellar/arm-none-eabi-gcc/9-2019-q4-major/gcc/arm-none-eabi/include/machine/
 123              		.file 3 "/opt/homebrew/Cellar/arm-none-eabi-gcc/9-2019-q4-major/gcc/arm-none-eabi/include/sys/_std
ARM GAS  /var/folders/wl/rshn8xbx1dsfj1zgryf4g1240000gn/T//ccsjNV8P.s 			page 8


 124              		.file 4 "/opt/homebrew/Cellar/arm-none-eabi-gcc/9-2019-q4-major/gcc/arm-none-eabi/include/sys/lock
 125              		.file 5 "/opt/homebrew/Cellar/arm-none-eabi-gcc/9-2019-q4-major/gcc/arm-none-eabi/include/sys/_typ
 126              		.file 6 "/opt/homebrew/Cellar/arm-none-eabi-gcc/9-2019-q4-major/gcc/lib/gcc/arm-none-eabi/9.2.1/in
 127              		.file 7 "/opt/homebrew/Cellar/arm-none-eabi-gcc/9-2019-q4-major/gcc/arm-none-eabi/include/sys/reen
 128              		.file 8 "/opt/homebrew/Cellar/arm-none-eabi-gcc/9-2019-q4-major/gcc/arm-none-eabi/include/math.h"
 129              		.file 9 ".//Libraries/CMSIS/DSP/Include/arm_math.h"
ARM GAS  /var/folders/wl/rshn8xbx1dsfj1zgryf4g1240000gn/T//ccsjNV8P.s 			page 9


DEFINED SYMBOLS
                            *ABS*:0000000000000000 arm_min_f32.c
/var/folders/wl/rshn8xbx1dsfj1zgryf4g1240000gn/T//ccsjNV8P.s:17     .text.arm_min_f32:0000000000000000 $t
/var/folders/wl/rshn8xbx1dsfj1zgryf4g1240000gn/T//ccsjNV8P.s:26     .text.arm_min_f32:0000000000000000 arm_min_f32

NO UNDEFINED SYMBOLS
