ARM GAS  /var/folders/wl/rshn8xbx1dsfj1zgryf4g1240000gn/T//ccGWbyki.s 			page 1


   1              		.cpu cortex-m7
   2              		.eabi_attribute 28, 1
   3              		.eabi_attribute 20, 1
   4              		.eabi_attribute 21, 1
   5              		.eabi_attribute 23, 3
   6              		.eabi_attribute 24, 1
   7              		.eabi_attribute 25, 1
   8              		.eabi_attribute 26, 1
   9              		.eabi_attribute 30, 2
  10              		.eabi_attribute 34, 1
  11              		.eabi_attribute 18, 4
  12              		.file	"arm_rfft_init_q31.c"
  13              		.text
  14              	.Ltext0:
  15              		.cfi_sections	.debug_frame
  16              		.section	.text.arm_rfft_init_q31,"ax",%progbits
  17              		.align	1
  18              		.p2align 2,,3
  19              		.global	arm_rfft_init_q31
  20              		.arch armv7e-m
  21              		.syntax unified
  22              		.thumb
  23              		.thumb_func
  24              		.fpu fpv5-d16
  26              	arm_rfft_init_q31:
  27              	.LVL0:
  28              	.LFB145:
  29              		.file 1 ".//Libraries/CMSIS/DSP/Source/TransformFunctions/arm_rfft_init_q31.c"
   1:.//Libraries/CMSIS/DSP/Source/TransformFunctions/arm_rfft_init_q31.c **** /* ----------------------------------------------------------------------
   2:.//Libraries/CMSIS/DSP/Source/TransformFunctions/arm_rfft_init_q31.c ****  * Project:      CMSIS DSP Library
   3:.//Libraries/CMSIS/DSP/Source/TransformFunctions/arm_rfft_init_q31.c ****  * Title:        arm_rfft_init_q31.c
   4:.//Libraries/CMSIS/DSP/Source/TransformFunctions/arm_rfft_init_q31.c ****  * Description:  RFFT & RIFFT Q31 initialisation function
   5:.//Libraries/CMSIS/DSP/Source/TransformFunctions/arm_rfft_init_q31.c ****  *
   6:.//Libraries/CMSIS/DSP/Source/TransformFunctions/arm_rfft_init_q31.c ****  * $Date:        18. March 2019
   7:.//Libraries/CMSIS/DSP/Source/TransformFunctions/arm_rfft_init_q31.c ****  * $Revision:    V1.6.0
   8:.//Libraries/CMSIS/DSP/Source/TransformFunctions/arm_rfft_init_q31.c ****  *
   9:.//Libraries/CMSIS/DSP/Source/TransformFunctions/arm_rfft_init_q31.c ****  * Target Processor: Cortex-M cores
  10:.//Libraries/CMSIS/DSP/Source/TransformFunctions/arm_rfft_init_q31.c ****  * -------------------------------------------------------------------- */
  11:.//Libraries/CMSIS/DSP/Source/TransformFunctions/arm_rfft_init_q31.c **** /*
  12:.//Libraries/CMSIS/DSP/Source/TransformFunctions/arm_rfft_init_q31.c ****  * Copyright (C) 2010-2019 ARM Limited or its affiliates. All rights reserved.
  13:.//Libraries/CMSIS/DSP/Source/TransformFunctions/arm_rfft_init_q31.c ****  *
  14:.//Libraries/CMSIS/DSP/Source/TransformFunctions/arm_rfft_init_q31.c ****  * SPDX-License-Identifier: Apache-2.0
  15:.//Libraries/CMSIS/DSP/Source/TransformFunctions/arm_rfft_init_q31.c ****  *
  16:.//Libraries/CMSIS/DSP/Source/TransformFunctions/arm_rfft_init_q31.c ****  * Licensed under the Apache License, Version 2.0 (the License); you may
  17:.//Libraries/CMSIS/DSP/Source/TransformFunctions/arm_rfft_init_q31.c ****  * not use this file except in compliance with the License.
  18:.//Libraries/CMSIS/DSP/Source/TransformFunctions/arm_rfft_init_q31.c ****  * You may obtain a copy of the License at
  19:.//Libraries/CMSIS/DSP/Source/TransformFunctions/arm_rfft_init_q31.c ****  *
  20:.//Libraries/CMSIS/DSP/Source/TransformFunctions/arm_rfft_init_q31.c ****  * www.apache.org/licenses/LICENSE-2.0
  21:.//Libraries/CMSIS/DSP/Source/TransformFunctions/arm_rfft_init_q31.c ****  *
  22:.//Libraries/CMSIS/DSP/Source/TransformFunctions/arm_rfft_init_q31.c ****  * Unless required by applicable law or agreed to in writing, software
  23:.//Libraries/CMSIS/DSP/Source/TransformFunctions/arm_rfft_init_q31.c ****  * distributed under the License is distributed on an AS IS BASIS, WITHOUT
  24:.//Libraries/CMSIS/DSP/Source/TransformFunctions/arm_rfft_init_q31.c ****  * WARRANTIES OR CONDITIONS OF ANY KIND, either express or implied.
  25:.//Libraries/CMSIS/DSP/Source/TransformFunctions/arm_rfft_init_q31.c ****  * See the License for the specific language governing permissions and
  26:.//Libraries/CMSIS/DSP/Source/TransformFunctions/arm_rfft_init_q31.c ****  * limitations under the License.
  27:.//Libraries/CMSIS/DSP/Source/TransformFunctions/arm_rfft_init_q31.c ****  */
  28:.//Libraries/CMSIS/DSP/Source/TransformFunctions/arm_rfft_init_q31.c **** 
  29:.//Libraries/CMSIS/DSP/Source/TransformFunctions/arm_rfft_init_q31.c **** #include "arm_math.h"
ARM GAS  /var/folders/wl/rshn8xbx1dsfj1zgryf4g1240000gn/T//ccGWbyki.s 			page 2


  30:.//Libraries/CMSIS/DSP/Source/TransformFunctions/arm_rfft_init_q31.c **** #include "arm_common_tables.h"
  31:.//Libraries/CMSIS/DSP/Source/TransformFunctions/arm_rfft_init_q31.c **** #include "arm_const_structs.h"
  32:.//Libraries/CMSIS/DSP/Source/TransformFunctions/arm_rfft_init_q31.c **** 
  33:.//Libraries/CMSIS/DSP/Source/TransformFunctions/arm_rfft_init_q31.c **** 
  34:.//Libraries/CMSIS/DSP/Source/TransformFunctions/arm_rfft_init_q31.c **** 
  35:.//Libraries/CMSIS/DSP/Source/TransformFunctions/arm_rfft_init_q31.c **** /**
  36:.//Libraries/CMSIS/DSP/Source/TransformFunctions/arm_rfft_init_q31.c ****   @addtogroup RealFFT
  37:.//Libraries/CMSIS/DSP/Source/TransformFunctions/arm_rfft_init_q31.c ****   @{
  38:.//Libraries/CMSIS/DSP/Source/TransformFunctions/arm_rfft_init_q31.c ****  */
  39:.//Libraries/CMSIS/DSP/Source/TransformFunctions/arm_rfft_init_q31.c **** 
  40:.//Libraries/CMSIS/DSP/Source/TransformFunctions/arm_rfft_init_q31.c **** /**
  41:.//Libraries/CMSIS/DSP/Source/TransformFunctions/arm_rfft_init_q31.c ****   @brief         Initialization function for the Q31 RFFT/RIFFT.
  42:.//Libraries/CMSIS/DSP/Source/TransformFunctions/arm_rfft_init_q31.c ****   @param[in,out] S              points to an instance of the Q31 RFFT/RIFFT structure
  43:.//Libraries/CMSIS/DSP/Source/TransformFunctions/arm_rfft_init_q31.c ****   @param[in]     fftLenReal     length of the FFT
  44:.//Libraries/CMSIS/DSP/Source/TransformFunctions/arm_rfft_init_q31.c ****   @param[in]     ifftFlagR      flag that selects transform direction
  45:.//Libraries/CMSIS/DSP/Source/TransformFunctions/arm_rfft_init_q31.c ****                    - value = 0: forward transform
  46:.//Libraries/CMSIS/DSP/Source/TransformFunctions/arm_rfft_init_q31.c ****                    - value = 1: inverse transform
  47:.//Libraries/CMSIS/DSP/Source/TransformFunctions/arm_rfft_init_q31.c ****   @param[in]     bitReverseFlag flag that enables / disables bit reversal of output
  48:.//Libraries/CMSIS/DSP/Source/TransformFunctions/arm_rfft_init_q31.c ****                    - value = 0: disables bit reversal of output
  49:.//Libraries/CMSIS/DSP/Source/TransformFunctions/arm_rfft_init_q31.c ****                    - value = 1: enables bit reversal of output
  50:.//Libraries/CMSIS/DSP/Source/TransformFunctions/arm_rfft_init_q31.c ****   @return        execution status
  51:.//Libraries/CMSIS/DSP/Source/TransformFunctions/arm_rfft_init_q31.c ****                    - \ref ARM_MATH_SUCCESS        : Operation successful
  52:.//Libraries/CMSIS/DSP/Source/TransformFunctions/arm_rfft_init_q31.c ****                    - \ref ARM_MATH_ARGUMENT_ERROR : <code>fftLenReal</code> is not a supported leng
  53:.//Libraries/CMSIS/DSP/Source/TransformFunctions/arm_rfft_init_q31.c **** 
  54:.//Libraries/CMSIS/DSP/Source/TransformFunctions/arm_rfft_init_q31.c ****   @par           Details
  55:.//Libraries/CMSIS/DSP/Source/TransformFunctions/arm_rfft_init_q31.c ****                    The parameter <code>fftLenReal</code> specifies length of RFFT/RIFFT Process.
  56:.//Libraries/CMSIS/DSP/Source/TransformFunctions/arm_rfft_init_q31.c ****                    Supported FFT Lengths are 32, 64, 128, 256, 512, 1024, 2048, 4096, 8192.
  57:.//Libraries/CMSIS/DSP/Source/TransformFunctions/arm_rfft_init_q31.c ****   @par
  58:.//Libraries/CMSIS/DSP/Source/TransformFunctions/arm_rfft_init_q31.c ****                    The parameter <code>ifftFlagR</code> controls whether a forward or inverse trans
  59:.//Libraries/CMSIS/DSP/Source/TransformFunctions/arm_rfft_init_q31.c ****                    Set(=1) ifftFlagR to calculate RIFFT, otherwise RFFT is calculated.
  60:.//Libraries/CMSIS/DSP/Source/TransformFunctions/arm_rfft_init_q31.c ****   @par
  61:.//Libraries/CMSIS/DSP/Source/TransformFunctions/arm_rfft_init_q31.c ****                    The parameter <code>bitReverseFlag</code> controls whether output is in normal o
  62:.//Libraries/CMSIS/DSP/Source/TransformFunctions/arm_rfft_init_q31.c ****                    Set(=1) bitReverseFlag for output to be in normal order otherwise output is in b
  63:.//Libraries/CMSIS/DSP/Source/TransformFunctions/arm_rfft_init_q31.c ****   @par
  64:.//Libraries/CMSIS/DSP/Source/TransformFunctions/arm_rfft_init_q31.c ****                    This function also initializes Twiddle factor table.
  65:.//Libraries/CMSIS/DSP/Source/TransformFunctions/arm_rfft_init_q31.c **** */
  66:.//Libraries/CMSIS/DSP/Source/TransformFunctions/arm_rfft_init_q31.c **** 
  67:.//Libraries/CMSIS/DSP/Source/TransformFunctions/arm_rfft_init_q31.c **** arm_status arm_rfft_init_q31(
  68:.//Libraries/CMSIS/DSP/Source/TransformFunctions/arm_rfft_init_q31.c ****     arm_rfft_instance_q31 * S,
  69:.//Libraries/CMSIS/DSP/Source/TransformFunctions/arm_rfft_init_q31.c ****     uint32_t fftLenReal,
  70:.//Libraries/CMSIS/DSP/Source/TransformFunctions/arm_rfft_init_q31.c ****     uint32_t ifftFlagR,
  71:.//Libraries/CMSIS/DSP/Source/TransformFunctions/arm_rfft_init_q31.c ****     uint32_t bitReverseFlag)
  72:.//Libraries/CMSIS/DSP/Source/TransformFunctions/arm_rfft_init_q31.c **** {
  30              		.loc 1 72 1 view -0
  31              		.cfi_startproc
  32              		@ args = 0, pretend = 0, frame = 0
  33              		@ frame_needed = 0, uses_anonymous_args = 0
  34              		@ link register save eliminated.
  73:.//Libraries/CMSIS/DSP/Source/TransformFunctions/arm_rfft_init_q31.c ****     /*  Initialise the default arm status */
  74:.//Libraries/CMSIS/DSP/Source/TransformFunctions/arm_rfft_init_q31.c ****     arm_status status = ARM_MATH_SUCCESS;
  35              		.loc 1 74 5 view .LVU1
  75:.//Libraries/CMSIS/DSP/Source/TransformFunctions/arm_rfft_init_q31.c **** 
  76:.//Libraries/CMSIS/DSP/Source/TransformFunctions/arm_rfft_init_q31.c ****     /*  Initialize the Real FFT length */
  77:.//Libraries/CMSIS/DSP/Source/TransformFunctions/arm_rfft_init_q31.c ****     S->fftLenReal = (uint16_t) fftLenReal;
  36              		.loc 1 77 5 view .LVU2
  37 0000 89B2     		uxth	r1, r1
  38              	.LVL1:
ARM GAS  /var/folders/wl/rshn8xbx1dsfj1zgryf4g1240000gn/T//ccGWbyki.s 			page 3


  72:.//Libraries/CMSIS/DSP/Source/TransformFunctions/arm_rfft_init_q31.c ****     /*  Initialise the default arm status */
  39              		.loc 1 72 1 is_stmt 0 view .LVU3
  40 0002 30B4     		push	{r4, r5}
  41              	.LCFI0:
  42              		.cfi_def_cfa_offset 8
  43              		.cfi_offset 4, -8
  44              		.cfi_offset 5, -4
  78:.//Libraries/CMSIS/DSP/Source/TransformFunctions/arm_rfft_init_q31.c **** 
  79:.//Libraries/CMSIS/DSP/Source/TransformFunctions/arm_rfft_init_q31.c ****     /*  Initialize the Twiddle coefficientA pointer */
  80:.//Libraries/CMSIS/DSP/Source/TransformFunctions/arm_rfft_init_q31.c ****     S->pTwiddleAReal = (q31_t *) realCoefAQ31;
  81:.//Libraries/CMSIS/DSP/Source/TransformFunctions/arm_rfft_init_q31.c **** 
  82:.//Libraries/CMSIS/DSP/Source/TransformFunctions/arm_rfft_init_q31.c ****     /*  Initialize the Twiddle coefficientB pointer */
  83:.//Libraries/CMSIS/DSP/Source/TransformFunctions/arm_rfft_init_q31.c ****     S->pTwiddleBReal = (q31_t *) realCoefBQ31;
  84:.//Libraries/CMSIS/DSP/Source/TransformFunctions/arm_rfft_init_q31.c **** 
  85:.//Libraries/CMSIS/DSP/Source/TransformFunctions/arm_rfft_init_q31.c ****     /*  Initialize the Flag for selection of RFFT or RIFFT */
  86:.//Libraries/CMSIS/DSP/Source/TransformFunctions/arm_rfft_init_q31.c ****     S->ifftFlagR = (uint8_t) ifftFlagR;
  87:.//Libraries/CMSIS/DSP/Source/TransformFunctions/arm_rfft_init_q31.c **** 
  88:.//Libraries/CMSIS/DSP/Source/TransformFunctions/arm_rfft_init_q31.c ****     /*  Initialize the Flag for calculation Bit reversal or not */
  89:.//Libraries/CMSIS/DSP/Source/TransformFunctions/arm_rfft_init_q31.c ****     S->bitReverseFlagR = (uint8_t) bitReverseFlag;
  90:.//Libraries/CMSIS/DSP/Source/TransformFunctions/arm_rfft_init_q31.c **** 
  91:.//Libraries/CMSIS/DSP/Source/TransformFunctions/arm_rfft_init_q31.c ****     /*  Initialization of coef modifier depending on the FFT length */
  92:.//Libraries/CMSIS/DSP/Source/TransformFunctions/arm_rfft_init_q31.c ****     switch (S->fftLenReal)
  45              		.loc 1 92 5 view .LVU4
  46 0004 B1F5007F 		cmp	r1, #512
  80:.//Libraries/CMSIS/DSP/Source/TransformFunctions/arm_rfft_init_q31.c **** 
  47              		.loc 1 80 22 view .LVU5
  48 0008 344D     		ldr	r5, .L20
  83:.//Libraries/CMSIS/DSP/Source/TransformFunctions/arm_rfft_init_q31.c **** 
  49              		.loc 1 83 22 view .LVU6
  50 000a 354C     		ldr	r4, .L20+4
  77:.//Libraries/CMSIS/DSP/Source/TransformFunctions/arm_rfft_init_q31.c **** 
  51              		.loc 1 77 19 view .LVU7
  52 000c 0160     		str	r1, [r0]
  80:.//Libraries/CMSIS/DSP/Source/TransformFunctions/arm_rfft_init_q31.c **** 
  53              		.loc 1 80 5 is_stmt 1 view .LVU8
  86:.//Libraries/CMSIS/DSP/Source/TransformFunctions/arm_rfft_init_q31.c **** 
  54              		.loc 1 86 20 is_stmt 0 view .LVU9
  55 000e 0271     		strb	r2, [r0, #4]
  89:.//Libraries/CMSIS/DSP/Source/TransformFunctions/arm_rfft_init_q31.c **** 
  56              		.loc 1 89 26 view .LVU10
  57 0010 4371     		strb	r3, [r0, #5]
  83:.//Libraries/CMSIS/DSP/Source/TransformFunctions/arm_rfft_init_q31.c **** 
  58              		.loc 1 83 22 view .LVU11
  59 0012 C0E90354 		strd	r5, r4, [r0, #12]
  86:.//Libraries/CMSIS/DSP/Source/TransformFunctions/arm_rfft_init_q31.c **** 
  60              		.loc 1 86 5 is_stmt 1 view .LVU12
  89:.//Libraries/CMSIS/DSP/Source/TransformFunctions/arm_rfft_init_q31.c **** 
  61              		.loc 1 89 5 view .LVU13
  62              		.loc 1 92 5 view .LVU14
  63 0016 5BD0     		beq	.L2
  64 0018 1CD9     		bls	.L17
  65 001a B1F5805F 		cmp	r1, #4096
  66 001e 38D0     		beq	.L10
  67 0020 0AD9     		bls	.L18
  68 0022 B1F5005F 		cmp	r1, #8192
  69 0026 2FD1     		bne	.L14
  93:.//Libraries/CMSIS/DSP/Source/TransformFunctions/arm_rfft_init_q31.c ****     {
ARM GAS  /var/folders/wl/rshn8xbx1dsfj1zgryf4g1240000gn/T//ccGWbyki.s 			page 4


  94:.//Libraries/CMSIS/DSP/Source/TransformFunctions/arm_rfft_init_q31.c **** #if !defined(ARM_DSP_CONFIG_TABLES) || defined(ARM_ALL_FFT_TABLES) || (defined(ARM_TABLE_TWIDDLECOE
  95:.//Libraries/CMSIS/DSP/Source/TransformFunctions/arm_rfft_init_q31.c ****     case 8192U:
  96:.//Libraries/CMSIS/DSP/Source/TransformFunctions/arm_rfft_init_q31.c ****         S->twidCoefRModifier = 1U;
  70              		.loc 1 96 9 view .LVU15
  71              		.loc 1 96 30 is_stmt 0 view .LVU16
  72 0028 0121     		movs	r1, #1
  97:.//Libraries/CMSIS/DSP/Source/TransformFunctions/arm_rfft_init_q31.c ****         S->pCfft = &arm_cfft_sR_q31_len4096;
  73              		.loc 1 97 18 view .LVU17
  74 002a 2E4A     		ldr	r2, .L20+8
  75              	.LVL2:
  74:.//Libraries/CMSIS/DSP/Source/TransformFunctions/arm_rfft_init_q31.c **** 
  76              		.loc 1 74 16 view .LVU18
  77 002c 0023     		movs	r3, #0
  78              	.LVL3:
  96:.//Libraries/CMSIS/DSP/Source/TransformFunctions/arm_rfft_init_q31.c ****         S->pCfft = &arm_cfft_sR_q31_len4096;
  79              		.loc 1 96 30 view .LVU19
  80 002e 8160     		str	r1, [r0, #8]
  81              		.loc 1 97 9 is_stmt 1 view .LVU20
  82              		.loc 1 97 18 is_stmt 0 view .LVU21
  83 0030 4261     		str	r2, [r0, #20]
  98:.//Libraries/CMSIS/DSP/Source/TransformFunctions/arm_rfft_init_q31.c ****         break;
  84              		.loc 1 98 9 is_stmt 1 view .LVU22
  85              	.L8:
  86              	.LVL4:
  99:.//Libraries/CMSIS/DSP/Source/TransformFunctions/arm_rfft_init_q31.c **** #endif
 100:.//Libraries/CMSIS/DSP/Source/TransformFunctions/arm_rfft_init_q31.c **** #if !defined(ARM_DSP_CONFIG_TABLES) || defined(ARM_ALL_FFT_TABLES) || (defined(ARM_TABLE_TWIDDLECOE
 101:.//Libraries/CMSIS/DSP/Source/TransformFunctions/arm_rfft_init_q31.c ****     case 4096U:
 102:.//Libraries/CMSIS/DSP/Source/TransformFunctions/arm_rfft_init_q31.c ****         S->twidCoefRModifier = 2U;
 103:.//Libraries/CMSIS/DSP/Source/TransformFunctions/arm_rfft_init_q31.c ****         S->pCfft = &arm_cfft_sR_q31_len2048;
 104:.//Libraries/CMSIS/DSP/Source/TransformFunctions/arm_rfft_init_q31.c ****         break;
 105:.//Libraries/CMSIS/DSP/Source/TransformFunctions/arm_rfft_init_q31.c **** #endif
 106:.//Libraries/CMSIS/DSP/Source/TransformFunctions/arm_rfft_init_q31.c **** #if !defined(ARM_DSP_CONFIG_TABLES) || defined(ARM_ALL_FFT_TABLES) || (defined(ARM_TABLE_TWIDDLECOE
 107:.//Libraries/CMSIS/DSP/Source/TransformFunctions/arm_rfft_init_q31.c ****     case 2048U:
 108:.//Libraries/CMSIS/DSP/Source/TransformFunctions/arm_rfft_init_q31.c ****         S->twidCoefRModifier = 4U;
 109:.//Libraries/CMSIS/DSP/Source/TransformFunctions/arm_rfft_init_q31.c ****         S->pCfft = &arm_cfft_sR_q31_len1024;
 110:.//Libraries/CMSIS/DSP/Source/TransformFunctions/arm_rfft_init_q31.c ****         break;
 111:.//Libraries/CMSIS/DSP/Source/TransformFunctions/arm_rfft_init_q31.c **** #endif
 112:.//Libraries/CMSIS/DSP/Source/TransformFunctions/arm_rfft_init_q31.c **** #if !defined(ARM_DSP_CONFIG_TABLES) || defined(ARM_ALL_FFT_TABLES) || (defined(ARM_TABLE_TWIDDLECOE
 113:.//Libraries/CMSIS/DSP/Source/TransformFunctions/arm_rfft_init_q31.c ****     case 1024U:
 114:.//Libraries/CMSIS/DSP/Source/TransformFunctions/arm_rfft_init_q31.c ****         S->twidCoefRModifier = 8U;
 115:.//Libraries/CMSIS/DSP/Source/TransformFunctions/arm_rfft_init_q31.c ****         S->pCfft = &arm_cfft_sR_q31_len512;
 116:.//Libraries/CMSIS/DSP/Source/TransformFunctions/arm_rfft_init_q31.c ****         break;
 117:.//Libraries/CMSIS/DSP/Source/TransformFunctions/arm_rfft_init_q31.c **** #endif
 118:.//Libraries/CMSIS/DSP/Source/TransformFunctions/arm_rfft_init_q31.c **** #if !defined(ARM_DSP_CONFIG_TABLES) || defined(ARM_ALL_FFT_TABLES) || (defined(ARM_TABLE_TWIDDLECOE
 119:.//Libraries/CMSIS/DSP/Source/TransformFunctions/arm_rfft_init_q31.c ****     case 512U:
 120:.//Libraries/CMSIS/DSP/Source/TransformFunctions/arm_rfft_init_q31.c ****         S->twidCoefRModifier = 16U;
 121:.//Libraries/CMSIS/DSP/Source/TransformFunctions/arm_rfft_init_q31.c ****         S->pCfft = &arm_cfft_sR_q31_len256;
 122:.//Libraries/CMSIS/DSP/Source/TransformFunctions/arm_rfft_init_q31.c ****         break;
 123:.//Libraries/CMSIS/DSP/Source/TransformFunctions/arm_rfft_init_q31.c **** #endif 
 124:.//Libraries/CMSIS/DSP/Source/TransformFunctions/arm_rfft_init_q31.c **** #if !defined(ARM_DSP_CONFIG_TABLES) || defined(ARM_ALL_FFT_TABLES) || (defined(ARM_TABLE_TWIDDLECOE
 125:.//Libraries/CMSIS/DSP/Source/TransformFunctions/arm_rfft_init_q31.c ****     case 256U:
 126:.//Libraries/CMSIS/DSP/Source/TransformFunctions/arm_rfft_init_q31.c ****         S->twidCoefRModifier = 32U;
 127:.//Libraries/CMSIS/DSP/Source/TransformFunctions/arm_rfft_init_q31.c ****         S->pCfft = &arm_cfft_sR_q31_len128;
 128:.//Libraries/CMSIS/DSP/Source/TransformFunctions/arm_rfft_init_q31.c ****         break;
 129:.//Libraries/CMSIS/DSP/Source/TransformFunctions/arm_rfft_init_q31.c **** #endif 
 130:.//Libraries/CMSIS/DSP/Source/TransformFunctions/arm_rfft_init_q31.c **** #if !defined(ARM_DSP_CONFIG_TABLES) || defined(ARM_ALL_FFT_TABLES) || (defined(ARM_TABLE_TWIDDLECOE
 131:.//Libraries/CMSIS/DSP/Source/TransformFunctions/arm_rfft_init_q31.c ****     case 128U:
ARM GAS  /var/folders/wl/rshn8xbx1dsfj1zgryf4g1240000gn/T//ccGWbyki.s 			page 5


 132:.//Libraries/CMSIS/DSP/Source/TransformFunctions/arm_rfft_init_q31.c ****         S->twidCoefRModifier = 64U;
 133:.//Libraries/CMSIS/DSP/Source/TransformFunctions/arm_rfft_init_q31.c ****         S->pCfft = &arm_cfft_sR_q31_len64;
 134:.//Libraries/CMSIS/DSP/Source/TransformFunctions/arm_rfft_init_q31.c ****         break;
 135:.//Libraries/CMSIS/DSP/Source/TransformFunctions/arm_rfft_init_q31.c **** #endif
 136:.//Libraries/CMSIS/DSP/Source/TransformFunctions/arm_rfft_init_q31.c **** #if !defined(ARM_DSP_CONFIG_TABLES) || defined(ARM_ALL_FFT_TABLES) || (defined(ARM_TABLE_TWIDDLECOE
 137:.//Libraries/CMSIS/DSP/Source/TransformFunctions/arm_rfft_init_q31.c ****     case 64U:
 138:.//Libraries/CMSIS/DSP/Source/TransformFunctions/arm_rfft_init_q31.c ****         S->twidCoefRModifier = 128U;
 139:.//Libraries/CMSIS/DSP/Source/TransformFunctions/arm_rfft_init_q31.c ****         S->pCfft = &arm_cfft_sR_q31_len32;
 140:.//Libraries/CMSIS/DSP/Source/TransformFunctions/arm_rfft_init_q31.c ****         break;
 141:.//Libraries/CMSIS/DSP/Source/TransformFunctions/arm_rfft_init_q31.c **** #endif 
 142:.//Libraries/CMSIS/DSP/Source/TransformFunctions/arm_rfft_init_q31.c **** #if !defined(ARM_DSP_CONFIG_TABLES) || defined(ARM_ALL_FFT_TABLES) || (defined(ARM_TABLE_TWIDDLECOE
 143:.//Libraries/CMSIS/DSP/Source/TransformFunctions/arm_rfft_init_q31.c ****     case 32U:
 144:.//Libraries/CMSIS/DSP/Source/TransformFunctions/arm_rfft_init_q31.c ****         S->twidCoefRModifier = 256U;
 145:.//Libraries/CMSIS/DSP/Source/TransformFunctions/arm_rfft_init_q31.c ****         S->pCfft = &arm_cfft_sR_q31_len16;
 146:.//Libraries/CMSIS/DSP/Source/TransformFunctions/arm_rfft_init_q31.c ****         break;
 147:.//Libraries/CMSIS/DSP/Source/TransformFunctions/arm_rfft_init_q31.c **** #endif
 148:.//Libraries/CMSIS/DSP/Source/TransformFunctions/arm_rfft_init_q31.c ****     default:
 149:.//Libraries/CMSIS/DSP/Source/TransformFunctions/arm_rfft_init_q31.c ****         /*  Reporting argument error if rfftSize is not valid value */
 150:.//Libraries/CMSIS/DSP/Source/TransformFunctions/arm_rfft_init_q31.c ****         status = ARM_MATH_ARGUMENT_ERROR;
 151:.//Libraries/CMSIS/DSP/Source/TransformFunctions/arm_rfft_init_q31.c ****         break;
 152:.//Libraries/CMSIS/DSP/Source/TransformFunctions/arm_rfft_init_q31.c ****     }
 153:.//Libraries/CMSIS/DSP/Source/TransformFunctions/arm_rfft_init_q31.c **** 
 154:.//Libraries/CMSIS/DSP/Source/TransformFunctions/arm_rfft_init_q31.c ****     /* return the status of RFFT Init function */
 155:.//Libraries/CMSIS/DSP/Source/TransformFunctions/arm_rfft_init_q31.c ****     return (status);
  87              		.loc 1 155 5 view .LVU23
 156:.//Libraries/CMSIS/DSP/Source/TransformFunctions/arm_rfft_init_q31.c **** }
  88              		.loc 1 156 1 is_stmt 0 view .LVU24
  89 0032 1846     		mov	r0, r3
  90              	.LVL5:
  91              		.loc 1 156 1 view .LVU25
  92 0034 30BC     		pop	{r4, r5}
  93              	.LCFI1:
  94              		.cfi_remember_state
  95              		.cfi_restore 5
  96              		.cfi_restore 4
  97              		.cfi_def_cfa_offset 0
  98 0036 7047     		bx	lr
  99              	.LVL6:
 100              	.L18:
 101              	.LCFI2:
 102              		.cfi_restore_state
  92:.//Libraries/CMSIS/DSP/Source/TransformFunctions/arm_rfft_init_q31.c ****     {
 103              		.loc 1 92 5 view .LVU26
 104 0038 B1F5806F 		cmp	r1, #1024
 105 003c 31D0     		beq	.L12
 106 003e B1F5006F 		cmp	r1, #2048
 107 0042 21D1     		bne	.L14
 108:.//Libraries/CMSIS/DSP/Source/TransformFunctions/arm_rfft_init_q31.c ****         S->pCfft = &arm_cfft_sR_q31_len1024;
 108              		.loc 1 108 9 is_stmt 1 view .LVU27
 108:.//Libraries/CMSIS/DSP/Source/TransformFunctions/arm_rfft_init_q31.c ****         S->pCfft = &arm_cfft_sR_q31_len1024;
 109              		.loc 1 108 30 is_stmt 0 view .LVU28
 110 0044 0421     		movs	r1, #4
 109:.//Libraries/CMSIS/DSP/Source/TransformFunctions/arm_rfft_init_q31.c ****         break;
 111              		.loc 1 109 18 view .LVU29
 112 0046 284A     		ldr	r2, .L20+12
 113              	.LVL7:
  74:.//Libraries/CMSIS/DSP/Source/TransformFunctions/arm_rfft_init_q31.c **** 
ARM GAS  /var/folders/wl/rshn8xbx1dsfj1zgryf4g1240000gn/T//ccGWbyki.s 			page 6


 114              		.loc 1 74 16 view .LVU30
 115 0048 0023     		movs	r3, #0
 116              	.LVL8:
 108:.//Libraries/CMSIS/DSP/Source/TransformFunctions/arm_rfft_init_q31.c ****         S->pCfft = &arm_cfft_sR_q31_len1024;
 117              		.loc 1 108 30 view .LVU31
 118 004a 8160     		str	r1, [r0, #8]
 109:.//Libraries/CMSIS/DSP/Source/TransformFunctions/arm_rfft_init_q31.c ****         break;
 119              		.loc 1 109 9 is_stmt 1 view .LVU32
 109:.//Libraries/CMSIS/DSP/Source/TransformFunctions/arm_rfft_init_q31.c ****         break;
 120              		.loc 1 109 18 is_stmt 0 view .LVU33
 121 004c 4261     		str	r2, [r0, #20]
 110:.//Libraries/CMSIS/DSP/Source/TransformFunctions/arm_rfft_init_q31.c **** #endif
 122              		.loc 1 110 9 is_stmt 1 view .LVU34
 123              	.LVL9:
 155:.//Libraries/CMSIS/DSP/Source/TransformFunctions/arm_rfft_init_q31.c **** }
 124              		.loc 1 155 5 view .LVU35
 125              		.loc 1 156 1 is_stmt 0 view .LVU36
 126 004e 1846     		mov	r0, r3
 127              	.LVL10:
 128              		.loc 1 156 1 view .LVU37
 129 0050 30BC     		pop	{r4, r5}
 130              	.LCFI3:
 131              		.cfi_remember_state
 132              		.cfi_restore 5
 133              		.cfi_restore 4
 134              		.cfi_def_cfa_offset 0
 135 0052 7047     		bx	lr
 136              	.LVL11:
 137              	.L17:
 138              	.LCFI4:
 139              		.cfi_restore_state
  92:.//Libraries/CMSIS/DSP/Source/TransformFunctions/arm_rfft_init_q31.c ****     {
 140              		.loc 1 92 5 view .LVU38
 141 0054 8029     		cmp	r1, #128
 142 0056 2CD0     		beq	.L4
 143 0058 0AD9     		bls	.L19
 144 005a B1F5807F 		cmp	r1, #256
 145 005e 13D1     		bne	.L14
 126:.//Libraries/CMSIS/DSP/Source/TransformFunctions/arm_rfft_init_q31.c ****         S->pCfft = &arm_cfft_sR_q31_len128;
 146              		.loc 1 126 9 is_stmt 1 view .LVU39
 126:.//Libraries/CMSIS/DSP/Source/TransformFunctions/arm_rfft_init_q31.c ****         S->pCfft = &arm_cfft_sR_q31_len128;
 147              		.loc 1 126 30 is_stmt 0 view .LVU40
 148 0060 2021     		movs	r1, #32
 127:.//Libraries/CMSIS/DSP/Source/TransformFunctions/arm_rfft_init_q31.c ****         break;
 149              		.loc 1 127 18 view .LVU41
 150 0062 224A     		ldr	r2, .L20+16
 151              	.LVL12:
  74:.//Libraries/CMSIS/DSP/Source/TransformFunctions/arm_rfft_init_q31.c **** 
 152              		.loc 1 74 16 view .LVU42
 153 0064 0023     		movs	r3, #0
 154              	.LVL13:
 126:.//Libraries/CMSIS/DSP/Source/TransformFunctions/arm_rfft_init_q31.c ****         S->pCfft = &arm_cfft_sR_q31_len128;
 155              		.loc 1 126 30 view .LVU43
 156 0066 8160     		str	r1, [r0, #8]
 127:.//Libraries/CMSIS/DSP/Source/TransformFunctions/arm_rfft_init_q31.c ****         break;
 157              		.loc 1 127 9 is_stmt 1 view .LVU44
 127:.//Libraries/CMSIS/DSP/Source/TransformFunctions/arm_rfft_init_q31.c ****         break;
ARM GAS  /var/folders/wl/rshn8xbx1dsfj1zgryf4g1240000gn/T//ccGWbyki.s 			page 7


 158              		.loc 1 127 18 is_stmt 0 view .LVU45
 159 0068 4261     		str	r2, [r0, #20]
 128:.//Libraries/CMSIS/DSP/Source/TransformFunctions/arm_rfft_init_q31.c **** #endif 
 160              		.loc 1 128 9 is_stmt 1 view .LVU46
 161              	.LVL14:
 155:.//Libraries/CMSIS/DSP/Source/TransformFunctions/arm_rfft_init_q31.c **** }
 162              		.loc 1 155 5 view .LVU47
 163              		.loc 1 156 1 is_stmt 0 view .LVU48
 164 006a 1846     		mov	r0, r3
 165              	.LVL15:
 166              		.loc 1 156 1 view .LVU49
 167 006c 30BC     		pop	{r4, r5}
 168              	.LCFI5:
 169              		.cfi_remember_state
 170              		.cfi_restore 5
 171              		.cfi_restore 4
 172              		.cfi_def_cfa_offset 0
 173 006e 7047     		bx	lr
 174              	.LVL16:
 175              	.L19:
 176              	.LCFI6:
 177              		.cfi_restore_state
  92:.//Libraries/CMSIS/DSP/Source/TransformFunctions/arm_rfft_init_q31.c ****     {
 178              		.loc 1 92 5 view .LVU50
 179 0070 2029     		cmp	r1, #32
 180 0072 26D0     		beq	.L6
 181 0074 4029     		cmp	r1, #64
 182 0076 07D1     		bne	.L14
 138:.//Libraries/CMSIS/DSP/Source/TransformFunctions/arm_rfft_init_q31.c ****         S->pCfft = &arm_cfft_sR_q31_len32;
 183              		.loc 1 138 9 is_stmt 1 view .LVU51
 138:.//Libraries/CMSIS/DSP/Source/TransformFunctions/arm_rfft_init_q31.c ****         S->pCfft = &arm_cfft_sR_q31_len32;
 184              		.loc 1 138 30 is_stmt 0 view .LVU52
 185 0078 8021     		movs	r1, #128
 139:.//Libraries/CMSIS/DSP/Source/TransformFunctions/arm_rfft_init_q31.c ****         break;
 186              		.loc 1 139 18 view .LVU53
 187 007a 1D4A     		ldr	r2, .L20+20
 188              	.LVL17:
  74:.//Libraries/CMSIS/DSP/Source/TransformFunctions/arm_rfft_init_q31.c **** 
 189              		.loc 1 74 16 view .LVU54
 190 007c 0023     		movs	r3, #0
 191              	.LVL18:
 138:.//Libraries/CMSIS/DSP/Source/TransformFunctions/arm_rfft_init_q31.c ****         S->pCfft = &arm_cfft_sR_q31_len32;
 192              		.loc 1 138 30 view .LVU55
 193 007e 8160     		str	r1, [r0, #8]
 139:.//Libraries/CMSIS/DSP/Source/TransformFunctions/arm_rfft_init_q31.c ****         break;
 194              		.loc 1 139 9 is_stmt 1 view .LVU56
 139:.//Libraries/CMSIS/DSP/Source/TransformFunctions/arm_rfft_init_q31.c ****         break;
 195              		.loc 1 139 18 is_stmt 0 view .LVU57
 196 0080 4261     		str	r2, [r0, #20]
 140:.//Libraries/CMSIS/DSP/Source/TransformFunctions/arm_rfft_init_q31.c **** #endif 
 197              		.loc 1 140 9 is_stmt 1 view .LVU58
 198              	.LVL19:
 155:.//Libraries/CMSIS/DSP/Source/TransformFunctions/arm_rfft_init_q31.c **** }
 199              		.loc 1 155 5 view .LVU59
 200              		.loc 1 156 1 is_stmt 0 view .LVU60
 201 0082 1846     		mov	r0, r3
 202              	.LVL20:
ARM GAS  /var/folders/wl/rshn8xbx1dsfj1zgryf4g1240000gn/T//ccGWbyki.s 			page 8


 203              		.loc 1 156 1 view .LVU61
 204 0084 30BC     		pop	{r4, r5}
 205              	.LCFI7:
 206              		.cfi_remember_state
 207              		.cfi_restore 5
 208              		.cfi_restore 4
 209              		.cfi_def_cfa_offset 0
 210 0086 7047     		bx	lr
 211              	.LVL21:
 212              	.L14:
 213              	.LCFI8:
 214              		.cfi_restore_state
  92:.//Libraries/CMSIS/DSP/Source/TransformFunctions/arm_rfft_init_q31.c ****     {
 215              		.loc 1 92 5 view .LVU62
 216 0088 4FF0FF33 		mov	r3, #-1
 217              	.LVL22:
 155:.//Libraries/CMSIS/DSP/Source/TransformFunctions/arm_rfft_init_q31.c **** }
 218              		.loc 1 155 5 is_stmt 1 view .LVU63
 219              		.loc 1 156 1 is_stmt 0 view .LVU64
 220 008c 30BC     		pop	{r4, r5}
 221              	.LCFI9:
 222              		.cfi_remember_state
 223              		.cfi_restore 5
 224              		.cfi_restore 4
 225              		.cfi_def_cfa_offset 0
 226 008e 1846     		mov	r0, r3
 227              	.LVL23:
 228              		.loc 1 156 1 view .LVU65
 229 0090 7047     		bx	lr
 230              	.LVL24:
 231              	.L10:
 232              	.LCFI10:
 233              		.cfi_restore_state
 102:.//Libraries/CMSIS/DSP/Source/TransformFunctions/arm_rfft_init_q31.c ****         S->pCfft = &arm_cfft_sR_q31_len2048;
 234              		.loc 1 102 9 is_stmt 1 view .LVU66
 102:.//Libraries/CMSIS/DSP/Source/TransformFunctions/arm_rfft_init_q31.c ****         S->pCfft = &arm_cfft_sR_q31_len2048;
 235              		.loc 1 102 30 is_stmt 0 view .LVU67
 236 0092 0221     		movs	r1, #2
 103:.//Libraries/CMSIS/DSP/Source/TransformFunctions/arm_rfft_init_q31.c ****         break;
 237              		.loc 1 103 18 view .LVU68
 238 0094 174A     		ldr	r2, .L20+24
 239              	.LVL25:
  74:.//Libraries/CMSIS/DSP/Source/TransformFunctions/arm_rfft_init_q31.c **** 
 240              		.loc 1 74 16 view .LVU69
 241 0096 0023     		movs	r3, #0
 242              	.LVL26:
 102:.//Libraries/CMSIS/DSP/Source/TransformFunctions/arm_rfft_init_q31.c ****         S->pCfft = &arm_cfft_sR_q31_len2048;
 243              		.loc 1 102 30 view .LVU70
 244 0098 8160     		str	r1, [r0, #8]
 103:.//Libraries/CMSIS/DSP/Source/TransformFunctions/arm_rfft_init_q31.c ****         break;
 245              		.loc 1 103 9 is_stmt 1 view .LVU71
 103:.//Libraries/CMSIS/DSP/Source/TransformFunctions/arm_rfft_init_q31.c ****         break;
 246              		.loc 1 103 18 is_stmt 0 view .LVU72
 247 009a 4261     		str	r2, [r0, #20]
 104:.//Libraries/CMSIS/DSP/Source/TransformFunctions/arm_rfft_init_q31.c **** #endif
 248              		.loc 1 104 9 is_stmt 1 view .LVU73
 249              	.LVL27:
ARM GAS  /var/folders/wl/rshn8xbx1dsfj1zgryf4g1240000gn/T//ccGWbyki.s 			page 9


 155:.//Libraries/CMSIS/DSP/Source/TransformFunctions/arm_rfft_init_q31.c **** }
 250              		.loc 1 155 5 view .LVU74
 251              		.loc 1 156 1 is_stmt 0 view .LVU75
 252 009c 1846     		mov	r0, r3
 253              	.LVL28:
 254              		.loc 1 156 1 view .LVU76
 255 009e 30BC     		pop	{r4, r5}
 256              	.LCFI11:
 257              		.cfi_remember_state
 258              		.cfi_restore 5
 259              		.cfi_restore 4
 260              		.cfi_def_cfa_offset 0
 261 00a0 7047     		bx	lr
 262              	.LVL29:
 263              	.L12:
 264              	.LCFI12:
 265              		.cfi_restore_state
 114:.//Libraries/CMSIS/DSP/Source/TransformFunctions/arm_rfft_init_q31.c ****         S->pCfft = &arm_cfft_sR_q31_len512;
 266              		.loc 1 114 9 is_stmt 1 view .LVU77
 114:.//Libraries/CMSIS/DSP/Source/TransformFunctions/arm_rfft_init_q31.c ****         S->pCfft = &arm_cfft_sR_q31_len512;
 267              		.loc 1 114 30 is_stmt 0 view .LVU78
 268 00a2 0821     		movs	r1, #8
 115:.//Libraries/CMSIS/DSP/Source/TransformFunctions/arm_rfft_init_q31.c ****         break;
 269              		.loc 1 115 18 view .LVU79
 270 00a4 144A     		ldr	r2, .L20+28
 271              	.LVL30:
  74:.//Libraries/CMSIS/DSP/Source/TransformFunctions/arm_rfft_init_q31.c **** 
 272              		.loc 1 74 16 view .LVU80
 273 00a6 0023     		movs	r3, #0
 274              	.LVL31:
 114:.//Libraries/CMSIS/DSP/Source/TransformFunctions/arm_rfft_init_q31.c ****         S->pCfft = &arm_cfft_sR_q31_len512;
 275              		.loc 1 114 30 view .LVU81
 276 00a8 8160     		str	r1, [r0, #8]
 115:.//Libraries/CMSIS/DSP/Source/TransformFunctions/arm_rfft_init_q31.c ****         break;
 277              		.loc 1 115 9 is_stmt 1 view .LVU82
 115:.//Libraries/CMSIS/DSP/Source/TransformFunctions/arm_rfft_init_q31.c ****         break;
 278              		.loc 1 115 18 is_stmt 0 view .LVU83
 279 00aa 4261     		str	r2, [r0, #20]
 116:.//Libraries/CMSIS/DSP/Source/TransformFunctions/arm_rfft_init_q31.c **** #endif
 280              		.loc 1 116 9 is_stmt 1 view .LVU84
 281              	.LVL32:
 155:.//Libraries/CMSIS/DSP/Source/TransformFunctions/arm_rfft_init_q31.c **** }
 282              		.loc 1 155 5 view .LVU85
 283              		.loc 1 156 1 is_stmt 0 view .LVU86
 284 00ac 1846     		mov	r0, r3
 285              	.LVL33:
 286              		.loc 1 156 1 view .LVU87
 287 00ae 30BC     		pop	{r4, r5}
 288              	.LCFI13:
 289              		.cfi_remember_state
 290              		.cfi_restore 5
 291              		.cfi_restore 4
 292              		.cfi_def_cfa_offset 0
 293 00b0 7047     		bx	lr
 294              	.LVL34:
 295              	.L4:
 296              	.LCFI14:
ARM GAS  /var/folders/wl/rshn8xbx1dsfj1zgryf4g1240000gn/T//ccGWbyki.s 			page 10


 297              		.cfi_restore_state
 132:.//Libraries/CMSIS/DSP/Source/TransformFunctions/arm_rfft_init_q31.c ****         S->pCfft = &arm_cfft_sR_q31_len64;
 298              		.loc 1 132 9 is_stmt 1 view .LVU88
 132:.//Libraries/CMSIS/DSP/Source/TransformFunctions/arm_rfft_init_q31.c ****         S->pCfft = &arm_cfft_sR_q31_len64;
 299              		.loc 1 132 30 is_stmt 0 view .LVU89
 300 00b2 4021     		movs	r1, #64
 133:.//Libraries/CMSIS/DSP/Source/TransformFunctions/arm_rfft_init_q31.c ****         break;
 301              		.loc 1 133 18 view .LVU90
 302 00b4 114A     		ldr	r2, .L20+32
 303              	.LVL35:
  74:.//Libraries/CMSIS/DSP/Source/TransformFunctions/arm_rfft_init_q31.c **** 
 304              		.loc 1 74 16 view .LVU91
 305 00b6 0023     		movs	r3, #0
 306              	.LVL36:
 132:.//Libraries/CMSIS/DSP/Source/TransformFunctions/arm_rfft_init_q31.c ****         S->pCfft = &arm_cfft_sR_q31_len64;
 307              		.loc 1 132 30 view .LVU92
 308 00b8 8160     		str	r1, [r0, #8]
 133:.//Libraries/CMSIS/DSP/Source/TransformFunctions/arm_rfft_init_q31.c ****         break;
 309              		.loc 1 133 9 is_stmt 1 view .LVU93
 133:.//Libraries/CMSIS/DSP/Source/TransformFunctions/arm_rfft_init_q31.c ****         break;
 310              		.loc 1 133 18 is_stmt 0 view .LVU94
 311 00ba 4261     		str	r2, [r0, #20]
 134:.//Libraries/CMSIS/DSP/Source/TransformFunctions/arm_rfft_init_q31.c **** #endif
 312              		.loc 1 134 9 is_stmt 1 view .LVU95
 313              	.LVL37:
 155:.//Libraries/CMSIS/DSP/Source/TransformFunctions/arm_rfft_init_q31.c **** }
 314              		.loc 1 155 5 view .LVU96
 315              		.loc 1 156 1 is_stmt 0 view .LVU97
 316 00bc 1846     		mov	r0, r3
 317              	.LVL38:
 318              		.loc 1 156 1 view .LVU98
 319 00be 30BC     		pop	{r4, r5}
 320              	.LCFI15:
 321              		.cfi_remember_state
 322              		.cfi_restore 5
 323              		.cfi_restore 4
 324              		.cfi_def_cfa_offset 0
 325 00c0 7047     		bx	lr
 326              	.LVL39:
 327              	.L6:
 328              	.LCFI16:
 329              		.cfi_restore_state
 144:.//Libraries/CMSIS/DSP/Source/TransformFunctions/arm_rfft_init_q31.c ****         S->pCfft = &arm_cfft_sR_q31_len16;
 330              		.loc 1 144 9 is_stmt 1 view .LVU99
 144:.//Libraries/CMSIS/DSP/Source/TransformFunctions/arm_rfft_init_q31.c ****         S->pCfft = &arm_cfft_sR_q31_len16;
 331              		.loc 1 144 30 is_stmt 0 view .LVU100
 332 00c2 4FF48071 		mov	r1, #256
 145:.//Libraries/CMSIS/DSP/Source/TransformFunctions/arm_rfft_init_q31.c ****         break;
 333              		.loc 1 145 18 view .LVU101
 334 00c6 0E4A     		ldr	r2, .L20+36
 335              	.LVL40:
  74:.//Libraries/CMSIS/DSP/Source/TransformFunctions/arm_rfft_init_q31.c **** 
 336              		.loc 1 74 16 view .LVU102
 337 00c8 0023     		movs	r3, #0
 338              	.LVL41:
 144:.//Libraries/CMSIS/DSP/Source/TransformFunctions/arm_rfft_init_q31.c ****         S->pCfft = &arm_cfft_sR_q31_len16;
 339              		.loc 1 144 30 view .LVU103
ARM GAS  /var/folders/wl/rshn8xbx1dsfj1zgryf4g1240000gn/T//ccGWbyki.s 			page 11


 340 00ca 8160     		str	r1, [r0, #8]
 145:.//Libraries/CMSIS/DSP/Source/TransformFunctions/arm_rfft_init_q31.c ****         break;
 341              		.loc 1 145 9 is_stmt 1 view .LVU104
 145:.//Libraries/CMSIS/DSP/Source/TransformFunctions/arm_rfft_init_q31.c ****         break;
 342              		.loc 1 145 18 is_stmt 0 view .LVU105
 343 00cc 4261     		str	r2, [r0, #20]
 146:.//Libraries/CMSIS/DSP/Source/TransformFunctions/arm_rfft_init_q31.c **** #endif
 344              		.loc 1 146 9 is_stmt 1 view .LVU106
 345 00ce B0E7     		b	.L8
 346              	.LVL42:
 347              	.L2:
 120:.//Libraries/CMSIS/DSP/Source/TransformFunctions/arm_rfft_init_q31.c ****         S->pCfft = &arm_cfft_sR_q31_len256;
 348              		.loc 1 120 9 view .LVU107
 120:.//Libraries/CMSIS/DSP/Source/TransformFunctions/arm_rfft_init_q31.c ****         S->pCfft = &arm_cfft_sR_q31_len256;
 349              		.loc 1 120 30 is_stmt 0 view .LVU108
 350 00d0 1021     		movs	r1, #16
 121:.//Libraries/CMSIS/DSP/Source/TransformFunctions/arm_rfft_init_q31.c ****         break;
 351              		.loc 1 121 18 view .LVU109
 352 00d2 0C4A     		ldr	r2, .L20+40
 353              	.LVL43:
  74:.//Libraries/CMSIS/DSP/Source/TransformFunctions/arm_rfft_init_q31.c **** 
 354              		.loc 1 74 16 view .LVU110
 355 00d4 0023     		movs	r3, #0
 356              	.LVL44:
 120:.//Libraries/CMSIS/DSP/Source/TransformFunctions/arm_rfft_init_q31.c ****         S->pCfft = &arm_cfft_sR_q31_len256;
 357              		.loc 1 120 30 view .LVU111
 358 00d6 8160     		str	r1, [r0, #8]
 121:.//Libraries/CMSIS/DSP/Source/TransformFunctions/arm_rfft_init_q31.c ****         break;
 359              		.loc 1 121 9 is_stmt 1 view .LVU112
 121:.//Libraries/CMSIS/DSP/Source/TransformFunctions/arm_rfft_init_q31.c ****         break;
 360              		.loc 1 121 18 is_stmt 0 view .LVU113
 361 00d8 4261     		str	r2, [r0, #20]
 122:.//Libraries/CMSIS/DSP/Source/TransformFunctions/arm_rfft_init_q31.c **** #endif 
 362              		.loc 1 122 9 is_stmt 1 view .LVU114
 363 00da AAE7     		b	.L8
 364              	.L21:
 365              		.align	2
 366              	.L20:
 367 00dc 00000000 		.word	realCoefAQ31
 368 00e0 00000000 		.word	realCoefBQ31
 369 00e4 00000000 		.word	arm_cfft_sR_q31_len4096
 370 00e8 00000000 		.word	arm_cfft_sR_q31_len1024
 371 00ec 00000000 		.word	arm_cfft_sR_q31_len128
 372 00f0 00000000 		.word	arm_cfft_sR_q31_len32
 373 00f4 00000000 		.word	arm_cfft_sR_q31_len2048
 374 00f8 00000000 		.word	arm_cfft_sR_q31_len512
 375 00fc 00000000 		.word	arm_cfft_sR_q31_len64
 376 0100 00000000 		.word	arm_cfft_sR_q31_len16
 377 0104 00000000 		.word	arm_cfft_sR_q31_len256
 378              		.cfi_endproc
 379              	.LFE145:
 381              		.text
 382              	.Letext0:
 383              		.file 2 "/opt/homebrew/Cellar/arm-none-eabi-gcc/9-2019-q4-major/gcc/arm-none-eabi/include/machine/
 384              		.file 3 "/opt/homebrew/Cellar/arm-none-eabi-gcc/9-2019-q4-major/gcc/arm-none-eabi/include/sys/_std
 385              		.file 4 "/opt/homebrew/Cellar/arm-none-eabi-gcc/9-2019-q4-major/gcc/arm-none-eabi/include/sys/lock
 386              		.file 5 "/opt/homebrew/Cellar/arm-none-eabi-gcc/9-2019-q4-major/gcc/arm-none-eabi/include/sys/_typ
ARM GAS  /var/folders/wl/rshn8xbx1dsfj1zgryf4g1240000gn/T//ccGWbyki.s 			page 12


 387              		.file 6 "/opt/homebrew/Cellar/arm-none-eabi-gcc/9-2019-q4-major/gcc/lib/gcc/arm-none-eabi/9.2.1/in
 388              		.file 7 "/opt/homebrew/Cellar/arm-none-eabi-gcc/9-2019-q4-major/gcc/arm-none-eabi/include/sys/reen
 389              		.file 8 "/opt/homebrew/Cellar/arm-none-eabi-gcc/9-2019-q4-major/gcc/arm-none-eabi/include/math.h"
 390              		.file 9 ".//Libraries/CMSIS/DSP/Include/arm_math.h"
 391              		.file 10 ".//Libraries/CMSIS/DSP/Include/arm_common_tables.h"
 392              		.file 11 ".//Libraries/CMSIS/DSP/Include/arm_const_structs.h"
ARM GAS  /var/folders/wl/rshn8xbx1dsfj1zgryf4g1240000gn/T//ccGWbyki.s 			page 13


DEFINED SYMBOLS
                            *ABS*:0000000000000000 arm_rfft_init_q31.c
/var/folders/wl/rshn8xbx1dsfj1zgryf4g1240000gn/T//ccGWbyki.s:17     .text.arm_rfft_init_q31:0000000000000000 $t
/var/folders/wl/rshn8xbx1dsfj1zgryf4g1240000gn/T//ccGWbyki.s:26     .text.arm_rfft_init_q31:0000000000000000 arm_rfft_init_q31
/var/folders/wl/rshn8xbx1dsfj1zgryf4g1240000gn/T//ccGWbyki.s:367    .text.arm_rfft_init_q31:00000000000000dc $d

UNDEFINED SYMBOLS
realCoefAQ31
realCoefBQ31
arm_cfft_sR_q31_len4096
arm_cfft_sR_q31_len1024
arm_cfft_sR_q31_len128
arm_cfft_sR_q31_len32
arm_cfft_sR_q31_len2048
arm_cfft_sR_q31_len512
arm_cfft_sR_q31_len64
arm_cfft_sR_q31_len16
arm_cfft_sR_q31_len256
