ARM GAS  /tmp/ccMWVBU9.s 			page 1


   1              		.cpu cortex-m7
   2              		.eabi_attribute 28, 1
   3              		.eabi_attribute 20, 1
   4              		.eabi_attribute 21, 1
   5              		.eabi_attribute 23, 3
   6              		.eabi_attribute 24, 1
   7              		.eabi_attribute 25, 1
   8              		.eabi_attribute 26, 1
   9              		.eabi_attribute 30, 2
  10              		.eabi_attribute 34, 1
  11              		.eabi_attribute 18, 4
  12              		.file	"arm_cmplx_dot_prod_q31.c"
  13              		.text
  14              	.Ltext0:
  15              		.cfi_sections	.debug_frame
  16              		.section	.text.arm_cmplx_dot_prod_q31,"ax",%progbits
  17              		.align	1
  18              		.p2align 2,,3
  19              		.global	arm_cmplx_dot_prod_q31
  20              		.arch armv7e-m
  21              		.syntax unified
  22              		.thumb
  23              		.thumb_func
  24              		.fpu fpv5-d16
  26              	arm_cmplx_dot_prod_q31:
  27              	.LVL0:
  28              	.LFB145:
  29              		.file 1 "./Libraries/CMSIS/DSP/Source/ComplexMathFunctions/arm_cmplx_dot_prod_q31.c"
   1:./Libraries/CMSIS/DSP/Source/ComplexMathFunctions/arm_cmplx_dot_prod_q31.c **** /* ----------------------------------------------------------------------
   2:./Libraries/CMSIS/DSP/Source/ComplexMathFunctions/arm_cmplx_dot_prod_q31.c ****  * Project:      CMSIS DSP Library
   3:./Libraries/CMSIS/DSP/Source/ComplexMathFunctions/arm_cmplx_dot_prod_q31.c ****  * Title:        arm_cmplx_dot_prod_q31.c
   4:./Libraries/CMSIS/DSP/Source/ComplexMathFunctions/arm_cmplx_dot_prod_q31.c ****  * Description:  Q31 complex dot product
   5:./Libraries/CMSIS/DSP/Source/ComplexMathFunctions/arm_cmplx_dot_prod_q31.c ****  *
   6:./Libraries/CMSIS/DSP/Source/ComplexMathFunctions/arm_cmplx_dot_prod_q31.c ****  * $Date:        18. March 2019
   7:./Libraries/CMSIS/DSP/Source/ComplexMathFunctions/arm_cmplx_dot_prod_q31.c ****  * $Revision:    V1.6.0
   8:./Libraries/CMSIS/DSP/Source/ComplexMathFunctions/arm_cmplx_dot_prod_q31.c ****  *
   9:./Libraries/CMSIS/DSP/Source/ComplexMathFunctions/arm_cmplx_dot_prod_q31.c ****  * Target Processor: Cortex-M cores
  10:./Libraries/CMSIS/DSP/Source/ComplexMathFunctions/arm_cmplx_dot_prod_q31.c ****  * -------------------------------------------------------------------- */
  11:./Libraries/CMSIS/DSP/Source/ComplexMathFunctions/arm_cmplx_dot_prod_q31.c **** /*
  12:./Libraries/CMSIS/DSP/Source/ComplexMathFunctions/arm_cmplx_dot_prod_q31.c ****  * Copyright (C) 2010-2019 ARM Limited or its affiliates. All rights reserved.
  13:./Libraries/CMSIS/DSP/Source/ComplexMathFunctions/arm_cmplx_dot_prod_q31.c ****  *
  14:./Libraries/CMSIS/DSP/Source/ComplexMathFunctions/arm_cmplx_dot_prod_q31.c ****  * SPDX-License-Identifier: Apache-2.0
  15:./Libraries/CMSIS/DSP/Source/ComplexMathFunctions/arm_cmplx_dot_prod_q31.c ****  *
  16:./Libraries/CMSIS/DSP/Source/ComplexMathFunctions/arm_cmplx_dot_prod_q31.c ****  * Licensed under the Apache License, Version 2.0 (the License); you may
  17:./Libraries/CMSIS/DSP/Source/ComplexMathFunctions/arm_cmplx_dot_prod_q31.c ****  * not use this file except in compliance with the License.
  18:./Libraries/CMSIS/DSP/Source/ComplexMathFunctions/arm_cmplx_dot_prod_q31.c ****  * You may obtain a copy of the License at
  19:./Libraries/CMSIS/DSP/Source/ComplexMathFunctions/arm_cmplx_dot_prod_q31.c ****  *
  20:./Libraries/CMSIS/DSP/Source/ComplexMathFunctions/arm_cmplx_dot_prod_q31.c ****  * www.apache.org/licenses/LICENSE-2.0
  21:./Libraries/CMSIS/DSP/Source/ComplexMathFunctions/arm_cmplx_dot_prod_q31.c ****  *
  22:./Libraries/CMSIS/DSP/Source/ComplexMathFunctions/arm_cmplx_dot_prod_q31.c ****  * Unless required by applicable law or agreed to in writing, software
  23:./Libraries/CMSIS/DSP/Source/ComplexMathFunctions/arm_cmplx_dot_prod_q31.c ****  * distributed under the License is distributed on an AS IS BASIS, WITHOUT
  24:./Libraries/CMSIS/DSP/Source/ComplexMathFunctions/arm_cmplx_dot_prod_q31.c ****  * WARRANTIES OR CONDITIONS OF ANY KIND, either express or implied.
  25:./Libraries/CMSIS/DSP/Source/ComplexMathFunctions/arm_cmplx_dot_prod_q31.c ****  * See the License for the specific language governing permissions and
  26:./Libraries/CMSIS/DSP/Source/ComplexMathFunctions/arm_cmplx_dot_prod_q31.c ****  * limitations under the License.
  27:./Libraries/CMSIS/DSP/Source/ComplexMathFunctions/arm_cmplx_dot_prod_q31.c ****  */
  28:./Libraries/CMSIS/DSP/Source/ComplexMathFunctions/arm_cmplx_dot_prod_q31.c **** 
  29:./Libraries/CMSIS/DSP/Source/ComplexMathFunctions/arm_cmplx_dot_prod_q31.c **** #include "arm_math.h"
ARM GAS  /tmp/ccMWVBU9.s 			page 2


  30:./Libraries/CMSIS/DSP/Source/ComplexMathFunctions/arm_cmplx_dot_prod_q31.c **** 
  31:./Libraries/CMSIS/DSP/Source/ComplexMathFunctions/arm_cmplx_dot_prod_q31.c **** /**
  32:./Libraries/CMSIS/DSP/Source/ComplexMathFunctions/arm_cmplx_dot_prod_q31.c ****   @ingroup groupCmplxMath
  33:./Libraries/CMSIS/DSP/Source/ComplexMathFunctions/arm_cmplx_dot_prod_q31.c ****  */
  34:./Libraries/CMSIS/DSP/Source/ComplexMathFunctions/arm_cmplx_dot_prod_q31.c **** 
  35:./Libraries/CMSIS/DSP/Source/ComplexMathFunctions/arm_cmplx_dot_prod_q31.c **** /**
  36:./Libraries/CMSIS/DSP/Source/ComplexMathFunctions/arm_cmplx_dot_prod_q31.c ****   @addtogroup cmplx_dot_prod
  37:./Libraries/CMSIS/DSP/Source/ComplexMathFunctions/arm_cmplx_dot_prod_q31.c ****   @{
  38:./Libraries/CMSIS/DSP/Source/ComplexMathFunctions/arm_cmplx_dot_prod_q31.c ****  */
  39:./Libraries/CMSIS/DSP/Source/ComplexMathFunctions/arm_cmplx_dot_prod_q31.c **** 
  40:./Libraries/CMSIS/DSP/Source/ComplexMathFunctions/arm_cmplx_dot_prod_q31.c **** /**
  41:./Libraries/CMSIS/DSP/Source/ComplexMathFunctions/arm_cmplx_dot_prod_q31.c ****   @brief         Q31 complex dot product.
  42:./Libraries/CMSIS/DSP/Source/ComplexMathFunctions/arm_cmplx_dot_prod_q31.c ****   @param[in]     pSrcA       points to the first input vector
  43:./Libraries/CMSIS/DSP/Source/ComplexMathFunctions/arm_cmplx_dot_prod_q31.c ****   @param[in]     pSrcB       points to the second input vector
  44:./Libraries/CMSIS/DSP/Source/ComplexMathFunctions/arm_cmplx_dot_prod_q31.c ****   @param[in]     numSamples  number of samples in each vector
  45:./Libraries/CMSIS/DSP/Source/ComplexMathFunctions/arm_cmplx_dot_prod_q31.c ****   @param[out]    realResult  real part of the result returned here
  46:./Libraries/CMSIS/DSP/Source/ComplexMathFunctions/arm_cmplx_dot_prod_q31.c ****   @param[out]    imagResult  imaginary part of the result returned here
  47:./Libraries/CMSIS/DSP/Source/ComplexMathFunctions/arm_cmplx_dot_prod_q31.c ****   @return        none
  48:./Libraries/CMSIS/DSP/Source/ComplexMathFunctions/arm_cmplx_dot_prod_q31.c **** 
  49:./Libraries/CMSIS/DSP/Source/ComplexMathFunctions/arm_cmplx_dot_prod_q31.c ****   @par           Scaling and Overflow Behavior
  50:./Libraries/CMSIS/DSP/Source/ComplexMathFunctions/arm_cmplx_dot_prod_q31.c ****                    The function is implemented using an internal 64-bit accumulator.
  51:./Libraries/CMSIS/DSP/Source/ComplexMathFunctions/arm_cmplx_dot_prod_q31.c ****                    The intermediate 1.31 by 1.31 multiplications are performed with 64-bit precisio
  52:./Libraries/CMSIS/DSP/Source/ComplexMathFunctions/arm_cmplx_dot_prod_q31.c ****                    The internal real and imaginary accumulators are in 16.48 format and provide 15 
  53:./Libraries/CMSIS/DSP/Source/ComplexMathFunctions/arm_cmplx_dot_prod_q31.c ****                    Additions are nonsaturating and no overflow will occur as long as <code>numSampl
  54:./Libraries/CMSIS/DSP/Source/ComplexMathFunctions/arm_cmplx_dot_prod_q31.c ****                    The return results <code>realResult</code> and <code>imagResult</code> are in 16
  55:./Libraries/CMSIS/DSP/Source/ComplexMathFunctions/arm_cmplx_dot_prod_q31.c ****                    Input down scaling is not required.
  56:./Libraries/CMSIS/DSP/Source/ComplexMathFunctions/arm_cmplx_dot_prod_q31.c ****  */
  57:./Libraries/CMSIS/DSP/Source/ComplexMathFunctions/arm_cmplx_dot_prod_q31.c **** 
  58:./Libraries/CMSIS/DSP/Source/ComplexMathFunctions/arm_cmplx_dot_prod_q31.c **** void arm_cmplx_dot_prod_q31(
  59:./Libraries/CMSIS/DSP/Source/ComplexMathFunctions/arm_cmplx_dot_prod_q31.c ****   const q31_t * pSrcA,
  60:./Libraries/CMSIS/DSP/Source/ComplexMathFunctions/arm_cmplx_dot_prod_q31.c ****   const q31_t * pSrcB,
  61:./Libraries/CMSIS/DSP/Source/ComplexMathFunctions/arm_cmplx_dot_prod_q31.c ****         uint32_t numSamples,
  62:./Libraries/CMSIS/DSP/Source/ComplexMathFunctions/arm_cmplx_dot_prod_q31.c ****         q63_t * realResult,
  63:./Libraries/CMSIS/DSP/Source/ComplexMathFunctions/arm_cmplx_dot_prod_q31.c ****         q63_t * imagResult)
  64:./Libraries/CMSIS/DSP/Source/ComplexMathFunctions/arm_cmplx_dot_prod_q31.c **** {
  30              		.loc 1 64 1 view -0
  31              		.cfi_startproc
  32              		@ args = 4, pretend = 0, frame = 40
  33              		@ frame_needed = 0, uses_anonymous_args = 0
  65:./Libraries/CMSIS/DSP/Source/ComplexMathFunctions/arm_cmplx_dot_prod_q31.c ****         uint32_t blkCnt;                               /* Loop counter */
  34              		.loc 1 65 9 view .LVU1
  66:./Libraries/CMSIS/DSP/Source/ComplexMathFunctions/arm_cmplx_dot_prod_q31.c ****         q63_t real_sum = 0, imag_sum = 0;              /* Temporary result variables */
  35              		.loc 1 66 9 view .LVU2
  67:./Libraries/CMSIS/DSP/Source/ComplexMathFunctions/arm_cmplx_dot_prod_q31.c ****         q31_t a0,b0,c0,d0;
  36              		.loc 1 67 9 view .LVU3
  68:./Libraries/CMSIS/DSP/Source/ComplexMathFunctions/arm_cmplx_dot_prod_q31.c **** 
  69:./Libraries/CMSIS/DSP/Source/ComplexMathFunctions/arm_cmplx_dot_prod_q31.c **** #if defined (ARM_MATH_LOOPUNROLL)
  70:./Libraries/CMSIS/DSP/Source/ComplexMathFunctions/arm_cmplx_dot_prod_q31.c **** 
  71:./Libraries/CMSIS/DSP/Source/ComplexMathFunctions/arm_cmplx_dot_prod_q31.c ****   /* Loop unrolling: Compute 4 outputs at a time */
  72:./Libraries/CMSIS/DSP/Source/ComplexMathFunctions/arm_cmplx_dot_prod_q31.c ****   blkCnt = numSamples >> 2U;
  73:./Libraries/CMSIS/DSP/Source/ComplexMathFunctions/arm_cmplx_dot_prod_q31.c **** 
  74:./Libraries/CMSIS/DSP/Source/ComplexMathFunctions/arm_cmplx_dot_prod_q31.c ****   while (blkCnt > 0U)
  75:./Libraries/CMSIS/DSP/Source/ComplexMathFunctions/arm_cmplx_dot_prod_q31.c ****   {
  76:./Libraries/CMSIS/DSP/Source/ComplexMathFunctions/arm_cmplx_dot_prod_q31.c ****     a0 = *pSrcA++;
  77:./Libraries/CMSIS/DSP/Source/ComplexMathFunctions/arm_cmplx_dot_prod_q31.c ****     b0 = *pSrcA++;
  78:./Libraries/CMSIS/DSP/Source/ComplexMathFunctions/arm_cmplx_dot_prod_q31.c ****     c0 = *pSrcB++;
  79:./Libraries/CMSIS/DSP/Source/ComplexMathFunctions/arm_cmplx_dot_prod_q31.c ****     d0 = *pSrcB++;
ARM GAS  /tmp/ccMWVBU9.s 			page 3


  80:./Libraries/CMSIS/DSP/Source/ComplexMathFunctions/arm_cmplx_dot_prod_q31.c **** 
  81:./Libraries/CMSIS/DSP/Source/ComplexMathFunctions/arm_cmplx_dot_prod_q31.c ****     real_sum += ((q63_t)a0 * c0) >> 14;
  82:./Libraries/CMSIS/DSP/Source/ComplexMathFunctions/arm_cmplx_dot_prod_q31.c ****     imag_sum += ((q63_t)a0 * d0) >> 14;
  83:./Libraries/CMSIS/DSP/Source/ComplexMathFunctions/arm_cmplx_dot_prod_q31.c ****     real_sum -= ((q63_t)b0 * d0) >> 14;
  84:./Libraries/CMSIS/DSP/Source/ComplexMathFunctions/arm_cmplx_dot_prod_q31.c ****     imag_sum += ((q63_t)b0 * c0) >> 14;
  85:./Libraries/CMSIS/DSP/Source/ComplexMathFunctions/arm_cmplx_dot_prod_q31.c **** 
  86:./Libraries/CMSIS/DSP/Source/ComplexMathFunctions/arm_cmplx_dot_prod_q31.c ****     a0 = *pSrcA++;
  87:./Libraries/CMSIS/DSP/Source/ComplexMathFunctions/arm_cmplx_dot_prod_q31.c ****     b0 = *pSrcA++;
  88:./Libraries/CMSIS/DSP/Source/ComplexMathFunctions/arm_cmplx_dot_prod_q31.c ****     c0 = *pSrcB++;
  89:./Libraries/CMSIS/DSP/Source/ComplexMathFunctions/arm_cmplx_dot_prod_q31.c ****     d0 = *pSrcB++;
  90:./Libraries/CMSIS/DSP/Source/ComplexMathFunctions/arm_cmplx_dot_prod_q31.c **** 
  91:./Libraries/CMSIS/DSP/Source/ComplexMathFunctions/arm_cmplx_dot_prod_q31.c ****     real_sum += ((q63_t)a0 * c0) >> 14;
  92:./Libraries/CMSIS/DSP/Source/ComplexMathFunctions/arm_cmplx_dot_prod_q31.c ****     imag_sum += ((q63_t)a0 * d0) >> 14;
  93:./Libraries/CMSIS/DSP/Source/ComplexMathFunctions/arm_cmplx_dot_prod_q31.c ****     real_sum -= ((q63_t)b0 * d0) >> 14;
  94:./Libraries/CMSIS/DSP/Source/ComplexMathFunctions/arm_cmplx_dot_prod_q31.c ****     imag_sum += ((q63_t)b0 * c0) >> 14;
  95:./Libraries/CMSIS/DSP/Source/ComplexMathFunctions/arm_cmplx_dot_prod_q31.c **** 
  96:./Libraries/CMSIS/DSP/Source/ComplexMathFunctions/arm_cmplx_dot_prod_q31.c ****     a0 = *pSrcA++;
  97:./Libraries/CMSIS/DSP/Source/ComplexMathFunctions/arm_cmplx_dot_prod_q31.c ****     b0 = *pSrcA++;
  98:./Libraries/CMSIS/DSP/Source/ComplexMathFunctions/arm_cmplx_dot_prod_q31.c ****     c0 = *pSrcB++;
  99:./Libraries/CMSIS/DSP/Source/ComplexMathFunctions/arm_cmplx_dot_prod_q31.c ****     d0 = *pSrcB++;
 100:./Libraries/CMSIS/DSP/Source/ComplexMathFunctions/arm_cmplx_dot_prod_q31.c **** 
 101:./Libraries/CMSIS/DSP/Source/ComplexMathFunctions/arm_cmplx_dot_prod_q31.c ****     real_sum += ((q63_t)a0 * c0) >> 14;
 102:./Libraries/CMSIS/DSP/Source/ComplexMathFunctions/arm_cmplx_dot_prod_q31.c ****     imag_sum += ((q63_t)a0 * d0) >> 14;
 103:./Libraries/CMSIS/DSP/Source/ComplexMathFunctions/arm_cmplx_dot_prod_q31.c ****     real_sum -= ((q63_t)b0 * d0) >> 14;
 104:./Libraries/CMSIS/DSP/Source/ComplexMathFunctions/arm_cmplx_dot_prod_q31.c ****     imag_sum += ((q63_t)b0 * c0) >> 14;
 105:./Libraries/CMSIS/DSP/Source/ComplexMathFunctions/arm_cmplx_dot_prod_q31.c **** 
 106:./Libraries/CMSIS/DSP/Source/ComplexMathFunctions/arm_cmplx_dot_prod_q31.c ****     a0 = *pSrcA++;
 107:./Libraries/CMSIS/DSP/Source/ComplexMathFunctions/arm_cmplx_dot_prod_q31.c ****     b0 = *pSrcA++;
 108:./Libraries/CMSIS/DSP/Source/ComplexMathFunctions/arm_cmplx_dot_prod_q31.c ****     c0 = *pSrcB++;
 109:./Libraries/CMSIS/DSP/Source/ComplexMathFunctions/arm_cmplx_dot_prod_q31.c ****     d0 = *pSrcB++;
 110:./Libraries/CMSIS/DSP/Source/ComplexMathFunctions/arm_cmplx_dot_prod_q31.c **** 
 111:./Libraries/CMSIS/DSP/Source/ComplexMathFunctions/arm_cmplx_dot_prod_q31.c ****     real_sum += ((q63_t)a0 * c0) >> 14;
 112:./Libraries/CMSIS/DSP/Source/ComplexMathFunctions/arm_cmplx_dot_prod_q31.c ****     imag_sum += ((q63_t)a0 * d0) >> 14;
 113:./Libraries/CMSIS/DSP/Source/ComplexMathFunctions/arm_cmplx_dot_prod_q31.c ****     real_sum -= ((q63_t)b0 * d0) >> 14;
 114:./Libraries/CMSIS/DSP/Source/ComplexMathFunctions/arm_cmplx_dot_prod_q31.c ****     imag_sum += ((q63_t)b0 * c0) >> 14;
 115:./Libraries/CMSIS/DSP/Source/ComplexMathFunctions/arm_cmplx_dot_prod_q31.c **** 
 116:./Libraries/CMSIS/DSP/Source/ComplexMathFunctions/arm_cmplx_dot_prod_q31.c ****     /* Decrement loop counter */
 117:./Libraries/CMSIS/DSP/Source/ComplexMathFunctions/arm_cmplx_dot_prod_q31.c ****     blkCnt--;
 118:./Libraries/CMSIS/DSP/Source/ComplexMathFunctions/arm_cmplx_dot_prod_q31.c ****   }
 119:./Libraries/CMSIS/DSP/Source/ComplexMathFunctions/arm_cmplx_dot_prod_q31.c **** 
 120:./Libraries/CMSIS/DSP/Source/ComplexMathFunctions/arm_cmplx_dot_prod_q31.c ****   /* Loop unrolling: Compute remaining outputs */
 121:./Libraries/CMSIS/DSP/Source/ComplexMathFunctions/arm_cmplx_dot_prod_q31.c ****   blkCnt = numSamples % 0x4U;
 122:./Libraries/CMSIS/DSP/Source/ComplexMathFunctions/arm_cmplx_dot_prod_q31.c **** 
 123:./Libraries/CMSIS/DSP/Source/ComplexMathFunctions/arm_cmplx_dot_prod_q31.c **** #else
 124:./Libraries/CMSIS/DSP/Source/ComplexMathFunctions/arm_cmplx_dot_prod_q31.c **** 
 125:./Libraries/CMSIS/DSP/Source/ComplexMathFunctions/arm_cmplx_dot_prod_q31.c ****   /* Initialize blkCnt with number of samples */
 126:./Libraries/CMSIS/DSP/Source/ComplexMathFunctions/arm_cmplx_dot_prod_q31.c ****   blkCnt = numSamples;
  37              		.loc 1 126 3 view .LVU4
 127:./Libraries/CMSIS/DSP/Source/ComplexMathFunctions/arm_cmplx_dot_prod_q31.c **** 
 128:./Libraries/CMSIS/DSP/Source/ComplexMathFunctions/arm_cmplx_dot_prod_q31.c **** #endif /* #if defined (ARM_MATH_LOOPUNROLL) */
 129:./Libraries/CMSIS/DSP/Source/ComplexMathFunctions/arm_cmplx_dot_prod_q31.c **** 
 130:./Libraries/CMSIS/DSP/Source/ComplexMathFunctions/arm_cmplx_dot_prod_q31.c ****   while (blkCnt > 0U)
  38              		.loc 1 130 3 view .LVU5
  64:./Libraries/CMSIS/DSP/Source/ComplexMathFunctions/arm_cmplx_dot_prod_q31.c ****         uint32_t blkCnt;                               /* Loop counter */
  39              		.loc 1 64 1 is_stmt 0 view .LVU6
  40 0000 2DE9F04F 		push	{r4, r5, r6, r7, r8, r9, r10, fp, lr}
  41              	.LCFI0:
ARM GAS  /tmp/ccMWVBU9.s 			page 4


  42              		.cfi_def_cfa_offset 36
  43              		.cfi_offset 4, -36
  44              		.cfi_offset 5, -32
  45              		.cfi_offset 6, -28
  46              		.cfi_offset 7, -24
  47              		.cfi_offset 8, -20
  48              		.cfi_offset 9, -16
  49              		.cfi_offset 10, -12
  50              		.cfi_offset 11, -8
  51              		.cfi_offset 14, -4
  52 0004 8BB0     		sub	sp, sp, #44
  53              	.LCFI1:
  54              		.cfi_def_cfa_offset 80
  64:./Libraries/CMSIS/DSP/Source/ComplexMathFunctions/arm_cmplx_dot_prod_q31.c ****         uint32_t blkCnt;                               /* Loop counter */
  55              		.loc 1 64 1 view .LVU7
  56 0006 0591     		str	r1, [sp, #20]
  57              		.loc 1 130 9 is_stmt 1 view .LVU8
  64:./Libraries/CMSIS/DSP/Source/ComplexMathFunctions/arm_cmplx_dot_prod_q31.c ****         uint32_t blkCnt;                               /* Loop counter */
  58              		.loc 1 64 1 is_stmt 0 view .LVU9
  59 0008 0993     		str	r3, [sp, #36]
  60              		.loc 1 130 9 view .LVU10
  61 000a 0692     		str	r2, [sp, #24]
  62 000c 002A     		cmp	r2, #0
  63 000e 5CD0     		beq	.L4
  64 0010 0546     		mov	r5, r0
  66:./Libraries/CMSIS/DSP/Source/ComplexMathFunctions/arm_cmplx_dot_prod_q31.c ****         q31_t a0,b0,c0,d0;
  65              		.loc 1 66 29 view .LVU11
  66 0012 0023     		movs	r3, #0
  67              	.LVL1:
  66:./Libraries/CMSIS/DSP/Source/ComplexMathFunctions/arm_cmplx_dot_prod_q31.c ****         q31_t a0,b0,c0,d0;
  68              		.loc 1 66 29 view .LVU12
  69 0014 0C46     		mov	r4, r1
  70 0016 8346     		mov	fp, r0
  71 0018 2A46     		mov	r2, r5
  72              	.LVL2:
  66:./Libraries/CMSIS/DSP/Source/ComplexMathFunctions/arm_cmplx_dot_prod_q31.c ****         q31_t a0,b0,c0,d0;
  73              		.loc 1 66 29 view .LVU13
  74 001a 1846     		mov	r0, r3
  75              	.LVL3:
  66:./Libraries/CMSIS/DSP/Source/ComplexMathFunctions/arm_cmplx_dot_prod_q31.c ****         q31_t a0,b0,c0,d0;
  76              		.loc 1 66 29 view .LVU14
  77 001c 0434     		adds	r4, r4, #4
  78              		.loc 1 130 9 view .LVU15
  79 001e 1946     		mov	r1, r3
  80              	.LVL4:
  81              		.loc 1 130 9 view .LVU16
  82 0020 0432     		adds	r2, r2, #4
  83              	.LVL5:
  66:./Libraries/CMSIS/DSP/Source/ComplexMathFunctions/arm_cmplx_dot_prod_q31.c ****         q31_t a0,b0,c0,d0;
  84              		.loc 1 66 15 view .LVU17
  85 0022 9C46     		mov	ip, r3
  86 0024 0894     		str	r4, [sp, #32]
  87 0026 0792     		str	r2, [sp, #28]
  88 0028 1A46     		mov	r2, r3
  89              	.LVL6:
  90              	.L3:
 131:./Libraries/CMSIS/DSP/Source/ComplexMathFunctions/arm_cmplx_dot_prod_q31.c ****   {
ARM GAS  /tmp/ccMWVBU9.s 			page 5


 132:./Libraries/CMSIS/DSP/Source/ComplexMathFunctions/arm_cmplx_dot_prod_q31.c ****     a0 = *pSrcA++;
  91              		.loc 1 132 5 is_stmt 1 view .LVU18
 133:./Libraries/CMSIS/DSP/Source/ComplexMathFunctions/arm_cmplx_dot_prod_q31.c ****     b0 = *pSrcA++;
 134:./Libraries/CMSIS/DSP/Source/ComplexMathFunctions/arm_cmplx_dot_prod_q31.c ****     c0 = *pSrcB++;
  92              		.loc 1 134 8 is_stmt 0 view .LVU19
  93 002a 059C     		ldr	r4, [sp, #20]
 132:./Libraries/CMSIS/DSP/Source/ComplexMathFunctions/arm_cmplx_dot_prod_q31.c ****     b0 = *pSrcA++;
  94              		.loc 1 132 8 view .LVU20
  95 002c 5BF83160 		ldr	r6, [fp, r1, lsl #3]
  96              	.LVL7:
 133:./Libraries/CMSIS/DSP/Source/ComplexMathFunctions/arm_cmplx_dot_prod_q31.c ****     b0 = *pSrcA++;
  97              		.loc 1 133 5 is_stmt 1 view .LVU21
  98              		.loc 1 134 8 is_stmt 0 view .LVU22
  99 0030 54F83190 		ldr	r9, [r4, r1, lsl #3]
 133:./Libraries/CMSIS/DSP/Source/ComplexMathFunctions/arm_cmplx_dot_prod_q31.c ****     b0 = *pSrcA++;
 100              		.loc 1 133 8 view .LVU23
 101 0034 079D     		ldr	r5, [sp, #28]
 135:./Libraries/CMSIS/DSP/Source/ComplexMathFunctions/arm_cmplx_dot_prod_q31.c ****     d0 = *pSrcB++;
 136:./Libraries/CMSIS/DSP/Source/ComplexMathFunctions/arm_cmplx_dot_prod_q31.c **** 
 137:./Libraries/CMSIS/DSP/Source/ComplexMathFunctions/arm_cmplx_dot_prod_q31.c ****     real_sum += ((q63_t)a0 * c0) >> 14;
 102              		.loc 1 137 28 view .LVU24
 103 0036 86FB0978 		smull	r7, r8, r6, r9
 135:./Libraries/CMSIS/DSP/Source/ComplexMathFunctions/arm_cmplx_dot_prod_q31.c ****     d0 = *pSrcB++;
 104              		.loc 1 135 8 view .LVU25
 105 003a 089C     		ldr	r4, [sp, #32]
 106              		.loc 1 137 28 view .LVU26
 107 003c CDE90078 		strd	r7, [sp]
 133:./Libraries/CMSIS/DSP/Source/ComplexMathFunctions/arm_cmplx_dot_prod_q31.c ****     c0 = *pSrcB++;
 108              		.loc 1 133 8 view .LVU27
 109 0040 55F83180 		ldr	r8, [r5, r1, lsl #3]
 110              	.LVL8:
 134:./Libraries/CMSIS/DSP/Source/ComplexMathFunctions/arm_cmplx_dot_prod_q31.c ****     d0 = *pSrcB++;
 111              		.loc 1 134 5 is_stmt 1 view .LVU28
 135:./Libraries/CMSIS/DSP/Source/ComplexMathFunctions/arm_cmplx_dot_prod_q31.c ****     d0 = *pSrcB++;
 112              		.loc 1 135 5 view .LVU29
 113              		.loc 1 137 34 is_stmt 0 view .LVU30
 114 0044 009D     		ldr	r5, [sp]
 135:./Libraries/CMSIS/DSP/Source/ComplexMathFunctions/arm_cmplx_dot_prod_q31.c ****     d0 = *pSrcB++;
 115              		.loc 1 135 8 view .LVU31
 116 0046 54F83140 		ldr	r4, [r4, r1, lsl #3]
 117              	.LVL9:
 118              		.loc 1 137 5 is_stmt 1 view .LVU32
 119 004a 0131     		adds	r1, r1, #1
 120              	.LVL10:
 121              		.loc 1 137 34 is_stmt 0 view .LVU33
 122 004c 4FEA953A 		lsr	r10, r5, #14
 123 0050 019D     		ldr	r5, [sp, #4]
 138:./Libraries/CMSIS/DSP/Source/ComplexMathFunctions/arm_cmplx_dot_prod_q31.c ****     imag_sum += ((q63_t)a0 * d0) >> 14;
 124              		.loc 1 138 28 view .LVU34
 125 0052 86FB0467 		smull	r6, r7, r6, r4
 126              	.LVL11:
 137:./Libraries/CMSIS/DSP/Source/ComplexMathFunctions/arm_cmplx_dot_prod_q31.c ****     imag_sum += ((q63_t)a0 * d0) >> 14;
 127              		.loc 1 137 34 view .LVU35
 128 0056 4AEA854A 		orr	r10, r10, r5, lsl #18
 129 005a 4FEAA53E 		asr	lr, r5, #14
 139:./Libraries/CMSIS/DSP/Source/ComplexMathFunctions/arm_cmplx_dot_prod_q31.c ****     real_sum -= ((q63_t)b0 * d0) >> 14;
 130              		.loc 1 139 28 view .LVU36
ARM GAS  /tmp/ccMWVBU9.s 			page 6


 131 005e 84FB0845 		smull	r4, r5, r4, r8
 132              	.LVL12:
 137:./Libraries/CMSIS/DSP/Source/ComplexMathFunctions/arm_cmplx_dot_prod_q31.c ****     imag_sum += ((q63_t)a0 * d0) >> 14;
 133              		.loc 1 137 14 view .LVU37
 134 0062 1AEB0202 		adds	r2, r10, r2
 135              	.LVL13:
 140:./Libraries/CMSIS/DSP/Source/ComplexMathFunctions/arm_cmplx_dot_prod_q31.c ****     imag_sum += ((q63_t)b0 * c0) >> 14;
 136              		.loc 1 140 28 view .LVU38
 137 0066 89FB0889 		smull	r8, r9, r9, r8
 138              	.LVL14:
 138:./Libraries/CMSIS/DSP/Source/ComplexMathFunctions/arm_cmplx_dot_prod_q31.c ****     real_sum -= ((q63_t)b0 * d0) >> 14;
 139              		.loc 1 138 34 view .LVU39
 140 006a CDE90267 		strd	r6, [sp, #8]
 139:./Libraries/CMSIS/DSP/Source/ComplexMathFunctions/arm_cmplx_dot_prod_q31.c ****     real_sum -= ((q63_t)b0 * d0) >> 14;
 141              		.loc 1 139 28 view .LVU40
 142 006e CDE90045 		strd	r4, [sp]
 138:./Libraries/CMSIS/DSP/Source/ComplexMathFunctions/arm_cmplx_dot_prod_q31.c ****     real_sum -= ((q63_t)b0 * d0) >> 14;
 143              		.loc 1 138 34 view .LVU41
 144 0072 4FEA9636 		lsr	r6, r6, #14
 145 0076 039C     		ldr	r4, [sp, #12]
 137:./Libraries/CMSIS/DSP/Source/ComplexMathFunctions/arm_cmplx_dot_prod_q31.c ****     imag_sum += ((q63_t)a0 * d0) >> 14;
 146              		.loc 1 137 14 view .LVU42
 147 0078 4EEB0C0C 		adc	ip, lr, ip
 148              	.LVL15:
 138:./Libraries/CMSIS/DSP/Source/ComplexMathFunctions/arm_cmplx_dot_prod_q31.c ****     real_sum -= ((q63_t)b0 * d0) >> 14;
 149              		.loc 1 138 5 is_stmt 1 view .LVU43
 139:./Libraries/CMSIS/DSP/Source/ComplexMathFunctions/arm_cmplx_dot_prod_q31.c ****     imag_sum += ((q63_t)b0 * c0) >> 14;
 150              		.loc 1 139 34 is_stmt 0 view .LVU44
 151 007c 019D     		ldr	r5, [sp, #4]
 138:./Libraries/CMSIS/DSP/Source/ComplexMathFunctions/arm_cmplx_dot_prod_q31.c ****     real_sum -= ((q63_t)b0 * d0) >> 14;
 152              		.loc 1 138 34 view .LVU45
 153 007e 46EA8446 		orr	r6, r6, r4, lsl #18
 154 0082 A713     		asrs	r7, r4, #14
 139:./Libraries/CMSIS/DSP/Source/ComplexMathFunctions/arm_cmplx_dot_prod_q31.c ****     imag_sum += ((q63_t)b0 * c0) >> 14;
 155              		.loc 1 139 34 view .LVU46
 156 0084 009C     		ldr	r4, [sp]
 138:./Libraries/CMSIS/DSP/Source/ComplexMathFunctions/arm_cmplx_dot_prod_q31.c ****     real_sum -= ((q63_t)b0 * d0) >> 14;
 157              		.loc 1 138 14 view .LVU47
 158 0086 F318     		adds	r3, r6, r3
 159              	.LVL16:
 139:./Libraries/CMSIS/DSP/Source/ComplexMathFunctions/arm_cmplx_dot_prod_q31.c ****     imag_sum += ((q63_t)b0 * c0) >> 14;
 160              		.loc 1 139 34 view .LVU48
 161 0088 4FEA9436 		lsr	r6, r4, #14
 162              		.loc 1 140 34 view .LVU49
 163 008c 4FEA9834 		lsr	r4, r8, #14
 138:./Libraries/CMSIS/DSP/Source/ComplexMathFunctions/arm_cmplx_dot_prod_q31.c ****     real_sum -= ((q63_t)b0 * d0) >> 14;
 164              		.loc 1 138 14 view .LVU50
 165 0090 47EB0000 		adc	r0, r7, r0
 166              	.LVL17:
 139:./Libraries/CMSIS/DSP/Source/ComplexMathFunctions/arm_cmplx_dot_prod_q31.c ****     imag_sum += ((q63_t)b0 * c0) >> 14;
 167              		.loc 1 139 5 is_stmt 1 view .LVU51
 139:./Libraries/CMSIS/DSP/Source/ComplexMathFunctions/arm_cmplx_dot_prod_q31.c ****     imag_sum += ((q63_t)b0 * c0) >> 14;
 168              		.loc 1 139 34 is_stmt 0 view .LVU52
 169 0094 46EA8546 		orr	r6, r6, r5, lsl #18
 170              		.loc 1 140 34 view .LVU53
 171 0098 44EA8944 		orr	r4, r4, r9, lsl #18
 139:./Libraries/CMSIS/DSP/Source/ComplexMathFunctions/arm_cmplx_dot_prod_q31.c ****     imag_sum += ((q63_t)b0 * c0) >> 14;
ARM GAS  /tmp/ccMWVBU9.s 			page 7


 172              		.loc 1 139 14 view .LVU54
 173 009c 921B     		subs	r2, r2, r6
 174              	.LVL18:
 139:./Libraries/CMSIS/DSP/Source/ComplexMathFunctions/arm_cmplx_dot_prod_q31.c ****     imag_sum += ((q63_t)b0 * c0) >> 14;
 175              		.loc 1 139 34 view .LVU55
 176 009e 4FEAA535 		asr	r5, r5, #14
 177              		.loc 1 140 34 view .LVU56
 178 00a2 4FEAA936 		asr	r6, r9, #14
 139:./Libraries/CMSIS/DSP/Source/ComplexMathFunctions/arm_cmplx_dot_prod_q31.c ****     imag_sum += ((q63_t)b0 * c0) >> 14;
 179              		.loc 1 139 14 view .LVU57
 180 00a6 6CEB050C 		sbc	ip, ip, r5
 181              	.LVL19:
 182              		.loc 1 140 5 is_stmt 1 view .LVU58
 183              		.loc 1 140 14 is_stmt 0 view .LVU59
 184 00aa E318     		adds	r3, r4, r3
 185              	.LVL20:
 130:./Libraries/CMSIS/DSP/Source/ComplexMathFunctions/arm_cmplx_dot_prod_q31.c ****   {
 186              		.loc 1 130 9 view .LVU60
 187 00ac 069C     		ldr	r4, [sp, #24]
 188              		.loc 1 140 14 view .LVU61
 189 00ae 46EB0000 		adc	r0, r6, r0
 190              	.LVL21:
 141:./Libraries/CMSIS/DSP/Source/ComplexMathFunctions/arm_cmplx_dot_prod_q31.c **** 
 142:./Libraries/CMSIS/DSP/Source/ComplexMathFunctions/arm_cmplx_dot_prod_q31.c ****     /* Decrement loop counter */
 143:./Libraries/CMSIS/DSP/Source/ComplexMathFunctions/arm_cmplx_dot_prod_q31.c ****     blkCnt--;
 191              		.loc 1 143 5 is_stmt 1 view .LVU62
 130:./Libraries/CMSIS/DSP/Source/ComplexMathFunctions/arm_cmplx_dot_prod_q31.c ****   {
 192              		.loc 1 130 9 view .LVU63
 193 00b2 8C42     		cmp	r4, r1
 194 00b4 B9D1     		bne	.L3
 195              	.LVL22:
 196              	.L2:
 144:./Libraries/CMSIS/DSP/Source/ComplexMathFunctions/arm_cmplx_dot_prod_q31.c ****   }
 145:./Libraries/CMSIS/DSP/Source/ComplexMathFunctions/arm_cmplx_dot_prod_q31.c **** 
 146:./Libraries/CMSIS/DSP/Source/ComplexMathFunctions/arm_cmplx_dot_prod_q31.c ****   /* Store real and imaginary result in 16.48 format  */
 147:./Libraries/CMSIS/DSP/Source/ComplexMathFunctions/arm_cmplx_dot_prod_q31.c ****   *realResult = real_sum;
 197              		.loc 1 147 3 view .LVU64
 198              		.loc 1 147 15 is_stmt 0 view .LVU65
 199 00b6 0999     		ldr	r1, [sp, #36]
 200 00b8 0A60     		str	r2, [r1]
 148:./Libraries/CMSIS/DSP/Source/ComplexMathFunctions/arm_cmplx_dot_prod_q31.c ****   *imagResult = imag_sum;
 201              		.loc 1 148 15 view .LVU66
 202 00ba 149A     		ldr	r2, [sp, #80]
 147:./Libraries/CMSIS/DSP/Source/ComplexMathFunctions/arm_cmplx_dot_prod_q31.c ****   *imagResult = imag_sum;
 203              		.loc 1 147 15 view .LVU67
 204 00bc C1F804C0 		str	ip, [r1, #4]
 205              		.loc 1 148 3 is_stmt 1 view .LVU68
 206              		.loc 1 148 15 is_stmt 0 view .LVU69
 207 00c0 1360     		str	r3, [r2]
 208 00c2 5060     		str	r0, [r2, #4]
 149:./Libraries/CMSIS/DSP/Source/ComplexMathFunctions/arm_cmplx_dot_prod_q31.c **** }
 209              		.loc 1 149 1 view .LVU70
 210 00c4 0BB0     		add	sp, sp, #44
 211              	.LCFI2:
 212              		.cfi_remember_state
 213              		.cfi_def_cfa_offset 36
 214              		@ sp needed
ARM GAS  /tmp/ccMWVBU9.s 			page 8


 215 00c6 BDE8F08F 		pop	{r4, r5, r6, r7, r8, r9, r10, fp, pc}
 216              	.LVL23:
 217              	.L4:
 218              	.LCFI3:
 219              		.cfi_restore_state
  66:./Libraries/CMSIS/DSP/Source/ComplexMathFunctions/arm_cmplx_dot_prod_q31.c ****         q31_t a0,b0,c0,d0;
 220              		.loc 1 66 29 view .LVU71
 221 00ca 0023     		movs	r3, #0
 222              	.LVL24:
  66:./Libraries/CMSIS/DSP/Source/ComplexMathFunctions/arm_cmplx_dot_prod_q31.c ****         q31_t a0,b0,c0,d0;
 223              		.loc 1 66 29 view .LVU72
 224 00cc 1846     		mov	r0, r3
 225              	.LVL25:
  66:./Libraries/CMSIS/DSP/Source/ComplexMathFunctions/arm_cmplx_dot_prod_q31.c ****         q31_t a0,b0,c0,d0;
 226              		.loc 1 66 15 view .LVU73
 227 00ce 1A46     		mov	r2, r3
 228              	.LVL26:
  66:./Libraries/CMSIS/DSP/Source/ComplexMathFunctions/arm_cmplx_dot_prod_q31.c ****         q31_t a0,b0,c0,d0;
 229              		.loc 1 66 15 view .LVU74
 230 00d0 9C46     		mov	ip, r3
 231 00d2 F0E7     		b	.L2
 232              		.cfi_endproc
 233              	.LFE145:
 235              		.text
 236              	.Letext0:
 237              		.file 2 "/usr/lib/gcc/arm-none-eabi/9.2.1/include/stdint.h"
 238              		.file 3 "/usr/lib/gcc/arm-none-eabi/9.2.1/include/stddef.h"
 239              		.file 4 "/usr/include/newlib/sys/_types.h"
 240              		.file 5 "/usr/include/newlib/sys/reent.h"
 241              		.file 6 "/usr/include/newlib/sys/lock.h"
 242              		.file 7 "/usr/include/newlib/math.h"
 243              		.file 8 "./Libraries/CMSIS/DSP/Include/arm_math.h"
ARM GAS  /tmp/ccMWVBU9.s 			page 9


DEFINED SYMBOLS
                            *ABS*:0000000000000000 arm_cmplx_dot_prod_q31.c
     /tmp/ccMWVBU9.s:17     .text.arm_cmplx_dot_prod_q31:0000000000000000 $t
     /tmp/ccMWVBU9.s:26     .text.arm_cmplx_dot_prod_q31:0000000000000000 arm_cmplx_dot_prod_q31

NO UNDEFINED SYMBOLS
