ARM GAS  /tmp/ccxOEBA5.s 			page 1


   1              		.cpu cortex-m7
   2              		.eabi_attribute 28, 1
   3              		.eabi_attribute 20, 1
   4              		.eabi_attribute 21, 1
   5              		.eabi_attribute 23, 3
   6              		.eabi_attribute 24, 1
   7              		.eabi_attribute 25, 1
   8              		.eabi_attribute 26, 1
   9              		.eabi_attribute 30, 2
  10              		.eabi_attribute 34, 1
  11              		.eabi_attribute 18, 4
  12              		.file	"arm_sin_q31.c"
  13              		.text
  14              	.Ltext0:
  15              		.cfi_sections	.debug_frame
  16              		.section	.text.arm_sin_q31,"ax",%progbits
  17              		.align	1
  18              		.p2align 2,,3
  19              		.global	arm_sin_q31
  20              		.arch armv7e-m
  21              		.syntax unified
  22              		.thumb
  23              		.thumb_func
  24              		.fpu fpv5-d16
  26              	arm_sin_q31:
  27              	.LVL0:
  28              	.LFB145:
  29              		.file 1 "./Libraries/CMSIS/DSP/Source/FastMathFunctions/arm_sin_q31.c"
   1:./Libraries/CMSIS/DSP/Source/FastMathFunctions/arm_sin_q31.c **** /* ----------------------------------------------------------------------
   2:./Libraries/CMSIS/DSP/Source/FastMathFunctions/arm_sin_q31.c ****  * Project:      CMSIS DSP Library
   3:./Libraries/CMSIS/DSP/Source/FastMathFunctions/arm_sin_q31.c ****  * Title:        arm_sin_q31.c
   4:./Libraries/CMSIS/DSP/Source/FastMathFunctions/arm_sin_q31.c ****  * Description:  Fast sine calculation for Q31 values
   5:./Libraries/CMSIS/DSP/Source/FastMathFunctions/arm_sin_q31.c ****  *
   6:./Libraries/CMSIS/DSP/Source/FastMathFunctions/arm_sin_q31.c ****  * $Date:        18. March 2019
   7:./Libraries/CMSIS/DSP/Source/FastMathFunctions/arm_sin_q31.c ****  * $Revision:    V1.6.0
   8:./Libraries/CMSIS/DSP/Source/FastMathFunctions/arm_sin_q31.c ****  *
   9:./Libraries/CMSIS/DSP/Source/FastMathFunctions/arm_sin_q31.c ****  * Target Processor: Cortex-M cores
  10:./Libraries/CMSIS/DSP/Source/FastMathFunctions/arm_sin_q31.c ****  * -------------------------------------------------------------------- */
  11:./Libraries/CMSIS/DSP/Source/FastMathFunctions/arm_sin_q31.c **** /*
  12:./Libraries/CMSIS/DSP/Source/FastMathFunctions/arm_sin_q31.c ****  * Copyright (C) 2010-2019 ARM Limited or its affiliates. All rights reserved.
  13:./Libraries/CMSIS/DSP/Source/FastMathFunctions/arm_sin_q31.c ****  *
  14:./Libraries/CMSIS/DSP/Source/FastMathFunctions/arm_sin_q31.c ****  * SPDX-License-Identifier: Apache-2.0
  15:./Libraries/CMSIS/DSP/Source/FastMathFunctions/arm_sin_q31.c ****  *
  16:./Libraries/CMSIS/DSP/Source/FastMathFunctions/arm_sin_q31.c ****  * Licensed under the Apache License, Version 2.0 (the License); you may
  17:./Libraries/CMSIS/DSP/Source/FastMathFunctions/arm_sin_q31.c ****  * not use this file except in compliance with the License.
  18:./Libraries/CMSIS/DSP/Source/FastMathFunctions/arm_sin_q31.c ****  * You may obtain a copy of the License at
  19:./Libraries/CMSIS/DSP/Source/FastMathFunctions/arm_sin_q31.c ****  *
  20:./Libraries/CMSIS/DSP/Source/FastMathFunctions/arm_sin_q31.c ****  * www.apache.org/licenses/LICENSE-2.0
  21:./Libraries/CMSIS/DSP/Source/FastMathFunctions/arm_sin_q31.c ****  *
  22:./Libraries/CMSIS/DSP/Source/FastMathFunctions/arm_sin_q31.c ****  * Unless required by applicable law or agreed to in writing, software
  23:./Libraries/CMSIS/DSP/Source/FastMathFunctions/arm_sin_q31.c ****  * distributed under the License is distributed on an AS IS BASIS, WITHOUT
  24:./Libraries/CMSIS/DSP/Source/FastMathFunctions/arm_sin_q31.c ****  * WARRANTIES OR CONDITIONS OF ANY KIND, either express or implied.
  25:./Libraries/CMSIS/DSP/Source/FastMathFunctions/arm_sin_q31.c ****  * See the License for the specific language governing permissions and
  26:./Libraries/CMSIS/DSP/Source/FastMathFunctions/arm_sin_q31.c ****  * limitations under the License.
  27:./Libraries/CMSIS/DSP/Source/FastMathFunctions/arm_sin_q31.c ****  */
  28:./Libraries/CMSIS/DSP/Source/FastMathFunctions/arm_sin_q31.c **** 
  29:./Libraries/CMSIS/DSP/Source/FastMathFunctions/arm_sin_q31.c **** #include "arm_math.h"
ARM GAS  /tmp/ccxOEBA5.s 			page 2


  30:./Libraries/CMSIS/DSP/Source/FastMathFunctions/arm_sin_q31.c **** #include "arm_common_tables.h"
  31:./Libraries/CMSIS/DSP/Source/FastMathFunctions/arm_sin_q31.c **** 
  32:./Libraries/CMSIS/DSP/Source/FastMathFunctions/arm_sin_q31.c **** /**
  33:./Libraries/CMSIS/DSP/Source/FastMathFunctions/arm_sin_q31.c ****   @ingroup groupFastMath
  34:./Libraries/CMSIS/DSP/Source/FastMathFunctions/arm_sin_q31.c ****  */
  35:./Libraries/CMSIS/DSP/Source/FastMathFunctions/arm_sin_q31.c **** 
  36:./Libraries/CMSIS/DSP/Source/FastMathFunctions/arm_sin_q31.c **** /**
  37:./Libraries/CMSIS/DSP/Source/FastMathFunctions/arm_sin_q31.c ****   @addtogroup sin
  38:./Libraries/CMSIS/DSP/Source/FastMathFunctions/arm_sin_q31.c ****   @{
  39:./Libraries/CMSIS/DSP/Source/FastMathFunctions/arm_sin_q31.c ****  */
  40:./Libraries/CMSIS/DSP/Source/FastMathFunctions/arm_sin_q31.c **** 
  41:./Libraries/CMSIS/DSP/Source/FastMathFunctions/arm_sin_q31.c **** /**
  42:./Libraries/CMSIS/DSP/Source/FastMathFunctions/arm_sin_q31.c ****   @brief         Fast approximation to the trigonometric sine function for Q31 data.
  43:./Libraries/CMSIS/DSP/Source/FastMathFunctions/arm_sin_q31.c ****   @param[in]     x  Scaled input value in radians
  44:./Libraries/CMSIS/DSP/Source/FastMathFunctions/arm_sin_q31.c ****   @return        sin(x)
  45:./Libraries/CMSIS/DSP/Source/FastMathFunctions/arm_sin_q31.c **** 
  46:./Libraries/CMSIS/DSP/Source/FastMathFunctions/arm_sin_q31.c ****   The Q31 input value is in the range [0 +0.9999] and is mapped to a radian value in the range [0 2
  47:./Libraries/CMSIS/DSP/Source/FastMathFunctions/arm_sin_q31.c ****  */
  48:./Libraries/CMSIS/DSP/Source/FastMathFunctions/arm_sin_q31.c **** 
  49:./Libraries/CMSIS/DSP/Source/FastMathFunctions/arm_sin_q31.c **** q31_t arm_sin_q31(
  50:./Libraries/CMSIS/DSP/Source/FastMathFunctions/arm_sin_q31.c ****   q31_t x)
  51:./Libraries/CMSIS/DSP/Source/FastMathFunctions/arm_sin_q31.c **** {
  30              		.loc 1 51 1 view -0
  31              		.cfi_startproc
  32              		@ args = 0, pretend = 0, frame = 0
  33              		@ frame_needed = 0, uses_anonymous_args = 0
  34              		@ link register save eliminated.
  52:./Libraries/CMSIS/DSP/Source/FastMathFunctions/arm_sin_q31.c ****   q31_t sinVal;                                  /* Temporary variables for input, output */
  35              		.loc 1 52 3 view .LVU1
  53:./Libraries/CMSIS/DSP/Source/FastMathFunctions/arm_sin_q31.c ****   int32_t index;                                 /* Index variable */
  36              		.loc 1 53 3 view .LVU2
  54:./Libraries/CMSIS/DSP/Source/FastMathFunctions/arm_sin_q31.c ****   q31_t a, b;                                    /* Two nearest output values */
  37              		.loc 1 54 3 view .LVU3
  55:./Libraries/CMSIS/DSP/Source/FastMathFunctions/arm_sin_q31.c ****   q31_t fract;                                   /* Temporary values for fractional values */
  38              		.loc 1 55 3 view .LVU4
  56:./Libraries/CMSIS/DSP/Source/FastMathFunctions/arm_sin_q31.c **** 
  57:./Libraries/CMSIS/DSP/Source/FastMathFunctions/arm_sin_q31.c ****   /* Calculate the nearest index */
  58:./Libraries/CMSIS/DSP/Source/FastMathFunctions/arm_sin_q31.c ****   index = (uint32_t)x >> FAST_MATH_Q31_SHIFT;
  39              		.loc 1 58 3 view .LVU5
  59:./Libraries/CMSIS/DSP/Source/FastMathFunctions/arm_sin_q31.c **** 
  60:./Libraries/CMSIS/DSP/Source/FastMathFunctions/arm_sin_q31.c ****   /* Calculation of fractional value */
  61:./Libraries/CMSIS/DSP/Source/FastMathFunctions/arm_sin_q31.c ****   fract = (x - (index << FAST_MATH_Q31_SHIFT)) << 9;
  40              		.loc 1 61 14 is_stmt 0 view .LVU6
  41 0000 C0F31501 		ubfx	r1, r0, #0, #22
  58:./Libraries/CMSIS/DSP/Source/FastMathFunctions/arm_sin_q31.c **** 
  42              		.loc 1 58 23 view .LVU7
  43 0004 800D     		lsrs	r0, r0, #22
  44              	.LVL1:
  45              		.loc 1 61 3 is_stmt 1 view .LVU8
  62:./Libraries/CMSIS/DSP/Source/FastMathFunctions/arm_sin_q31.c **** 
  63:./Libraries/CMSIS/DSP/Source/FastMathFunctions/arm_sin_q31.c ****   /* Read two nearest values of input value from the sin table */
  64:./Libraries/CMSIS/DSP/Source/FastMathFunctions/arm_sin_q31.c ****   a = sinTable_q31[index];
  65:./Libraries/CMSIS/DSP/Source/FastMathFunctions/arm_sin_q31.c ****   b = sinTable_q31[index+1];
  66:./Libraries/CMSIS/DSP/Source/FastMathFunctions/arm_sin_q31.c **** 
  67:./Libraries/CMSIS/DSP/Source/FastMathFunctions/arm_sin_q31.c ****   /* Linear interpolation process */
  68:./Libraries/CMSIS/DSP/Source/FastMathFunctions/arm_sin_q31.c ****   sinVal = (q63_t) (0x80000000 - fract) * a >> 32;
  69:./Libraries/CMSIS/DSP/Source/FastMathFunctions/arm_sin_q31.c ****   sinVal = (q31_t) ((((q63_t) sinVal << 32) + ((q63_t) fract * b)) >> 32);
ARM GAS  /tmp/ccxOEBA5.s 			page 3


  46              		.loc 1 69 38 is_stmt 0 view .LVU9
  47 0006 0022     		movs	r2, #0
  61:./Libraries/CMSIS/DSP/Source/FastMathFunctions/arm_sin_q31.c **** 
  48              		.loc 1 61 9 view .LVU10
  49 0008 4902     		lsls	r1, r1, #9
  50              	.LVL2:
  64:./Libraries/CMSIS/DSP/Source/FastMathFunctions/arm_sin_q31.c ****   b = sinTable_q31[index+1];
  51              		.loc 1 64 3 is_stmt 1 view .LVU11
  65:./Libraries/CMSIS/DSP/Source/FastMathFunctions/arm_sin_q31.c **** 
  52              		.loc 1 65 3 view .LVU12
  68:./Libraries/CMSIS/DSP/Source/FastMathFunctions/arm_sin_q31.c ****   sinVal = (q31_t) ((((q63_t) sinVal << 32) + ((q63_t) fract * b)) >> 32);
  53              		.loc 1 68 3 view .LVU13
  54              		.loc 1 69 3 view .LVU14
  70:./Libraries/CMSIS/DSP/Source/FastMathFunctions/arm_sin_q31.c **** 
  71:./Libraries/CMSIS/DSP/Source/FastMathFunctions/arm_sin_q31.c ****   /* Return output value */
  72:./Libraries/CMSIS/DSP/Source/FastMathFunctions/arm_sin_q31.c ****   return (sinVal << 1);
  55              		.loc 1 72 3 view .LVU15
  51:./Libraries/CMSIS/DSP/Source/FastMathFunctions/arm_sin_q31.c ****   q31_t sinVal;                                  /* Temporary variables for input, output */
  56              		.loc 1 51 1 is_stmt 0 view .LVU16
  57 000a F0B4     		push	{r4, r5, r6, r7}
  58              	.LCFI0:
  59              		.cfi_def_cfa_offset 16
  60              		.cfi_offset 4, -16
  61              		.cfi_offset 5, -12
  62              		.cfi_offset 6, -8
  63              		.cfi_offset 7, -4
  65:./Libraries/CMSIS/DSP/Source/FastMathFunctions/arm_sin_q31.c **** 
  64              		.loc 1 65 5 view .LVU17
  65 000c 084D     		ldr	r5, .L4
  68:./Libraries/CMSIS/DSP/Source/FastMathFunctions/arm_sin_q31.c ****   sinVal = (q31_t) ((((q63_t) sinVal << 32) + ((q63_t) fract * b)) >> 32);
  66              		.loc 1 68 32 view .LVU18
  67 000e C1F1004C 		rsb	ip, r1, #-2147483648
  68:./Libraries/CMSIS/DSP/Source/FastMathFunctions/arm_sin_q31.c ****   sinVal = (q31_t) ((((q63_t) sinVal << 32) + ((q63_t) fract * b)) >> 32);
  68              		.loc 1 68 41 view .LVU19
  69 0012 55F82040 		ldr	r4, [r5, r0, lsl #2]
  65:./Libraries/CMSIS/DSP/Source/FastMathFunctions/arm_sin_q31.c **** 
  70              		.loc 1 65 5 view .LVU20
  71 0016 0130     		adds	r0, r0, #1
  72              	.LVL3:
  68:./Libraries/CMSIS/DSP/Source/FastMathFunctions/arm_sin_q31.c ****   sinVal = (q31_t) ((((q63_t) sinVal << 32) + ((q63_t) fract * b)) >> 32);
  73              		.loc 1 68 41 view .LVU21
  74 0018 E717     		asrs	r7, r4, #31
  69:./Libraries/CMSIS/DSP/Source/FastMathFunctions/arm_sin_q31.c **** 
  75              		.loc 1 69 45 view .LVU22
  76 001a 55F82000 		ldr	r0, [r5, r0, lsl #2]
  77              	.LVL4:
  68:./Libraries/CMSIS/DSP/Source/FastMathFunctions/arm_sin_q31.c ****   sinVal = (q31_t) ((((q63_t) sinVal << 32) + ((q63_t) fract * b)) >> 32);
  78              		.loc 1 68 41 view .LVU23
  79 001e ACFB0445 		umull	r4, r5, ip, r4
  69:./Libraries/CMSIS/DSP/Source/FastMathFunctions/arm_sin_q31.c **** 
  80              		.loc 1 69 38 view .LVU24
  81 0022 0CFB0753 		mla	r3, ip, r7, r5
  73:./Libraries/CMSIS/DSP/Source/FastMathFunctions/arm_sin_q31.c **** }
  82              		.loc 1 73 1 view .LVU25
  83 0026 F0BC     		pop	{r4, r5, r6, r7}
  84              	.LCFI1:
  85              		.cfi_restore 7
ARM GAS  /tmp/ccxOEBA5.s 			page 4


  86              		.cfi_restore 6
  87              		.cfi_restore 5
  88              		.cfi_restore 4
  89              		.cfi_def_cfa_offset 0
  69:./Libraries/CMSIS/DSP/Source/FastMathFunctions/arm_sin_q31.c **** 
  90              		.loc 1 69 45 view .LVU26
  91 0028 C0FB0123 		smlal	r2, r3, r0, r1
  92              		.loc 1 73 1 view .LVU27
  93 002c 5800     		lsls	r0, r3, #1
  94 002e 7047     		bx	lr
  95              	.L5:
  96              		.align	2
  97              	.L4:
  98 0030 00000000 		.word	sinTable_q31
  99              		.cfi_endproc
 100              	.LFE145:
 102              		.text
 103              	.Letext0:
 104              		.file 2 "/usr/lib/gcc/arm-none-eabi/9.2.1/include/stdint.h"
 105              		.file 3 "/usr/lib/gcc/arm-none-eabi/9.2.1/include/stddef.h"
 106              		.file 4 "/usr/include/newlib/sys/_types.h"
 107              		.file 5 "/usr/include/newlib/sys/reent.h"
 108              		.file 6 "/usr/include/newlib/sys/lock.h"
 109              		.file 7 "/usr/include/newlib/math.h"
 110              		.file 8 "./Libraries/CMSIS/DSP/Include/arm_math.h"
 111              		.file 9 "./Libraries/CMSIS/DSP/Include/arm_common_tables.h"
ARM GAS  /tmp/ccxOEBA5.s 			page 5


DEFINED SYMBOLS
                            *ABS*:0000000000000000 arm_sin_q31.c
     /tmp/ccxOEBA5.s:17     .text.arm_sin_q31:0000000000000000 $t
     /tmp/ccxOEBA5.s:26     .text.arm_sin_q31:0000000000000000 arm_sin_q31
     /tmp/ccxOEBA5.s:98     .text.arm_sin_q31:0000000000000030 $d

UNDEFINED SYMBOLS
sinTable_q31
