ARM GAS  /tmp/ccMC7rgF.s 			page 1


   1              		.cpu cortex-m7
   2              		.eabi_attribute 28, 1
   3              		.eabi_attribute 20, 1
   4              		.eabi_attribute 21, 1
   5              		.eabi_attribute 23, 3
   6              		.eabi_attribute 24, 1
   7              		.eabi_attribute 25, 1
   8              		.eabi_attribute 26, 1
   9              		.eabi_attribute 30, 2
  10              		.eabi_attribute 34, 1
  11              		.eabi_attribute 18, 4
  12              		.file	"arm_q15_to_float.c"
  13              		.text
  14              	.Ltext0:
  15              		.cfi_sections	.debug_frame
  16              		.section	.text.arm_q15_to_float,"ax",%progbits
  17              		.align	1
  18              		.p2align 2,,3
  19              		.global	arm_q15_to_float
  20              		.arch armv7e-m
  21              		.syntax unified
  22              		.thumb
  23              		.thumb_func
  24              		.fpu fpv5-d16
  26              	arm_q15_to_float:
  27              	.LVL0:
  28              	.LFB145:
  29              		.file 1 "./Libraries/CMSIS/DSP/Source/SupportFunctions/arm_q15_to_float.c"
   1:./Libraries/CMSIS/DSP/Source/SupportFunctions/arm_q15_to_float.c **** /* ----------------------------------------------------------------------
   2:./Libraries/CMSIS/DSP/Source/SupportFunctions/arm_q15_to_float.c ****  * Project:      CMSIS DSP Library
   3:./Libraries/CMSIS/DSP/Source/SupportFunctions/arm_q15_to_float.c ****  * Title:        arm_q15_to_float.c
   4:./Libraries/CMSIS/DSP/Source/SupportFunctions/arm_q15_to_float.c ****  * Description:  Converts the elements of the Q15 vector to floating-point vector
   5:./Libraries/CMSIS/DSP/Source/SupportFunctions/arm_q15_to_float.c ****  *
   6:./Libraries/CMSIS/DSP/Source/SupportFunctions/arm_q15_to_float.c ****  * $Date:        18. March 2019
   7:./Libraries/CMSIS/DSP/Source/SupportFunctions/arm_q15_to_float.c ****  * $Revision:    V1.6.0
   8:./Libraries/CMSIS/DSP/Source/SupportFunctions/arm_q15_to_float.c ****  *
   9:./Libraries/CMSIS/DSP/Source/SupportFunctions/arm_q15_to_float.c ****  * Target Processor: Cortex-M cores
  10:./Libraries/CMSIS/DSP/Source/SupportFunctions/arm_q15_to_float.c ****  * -------------------------------------------------------------------- */
  11:./Libraries/CMSIS/DSP/Source/SupportFunctions/arm_q15_to_float.c **** /*
  12:./Libraries/CMSIS/DSP/Source/SupportFunctions/arm_q15_to_float.c ****  * Copyright (C) 2010-2019 ARM Limited or its affiliates. All rights reserved.
  13:./Libraries/CMSIS/DSP/Source/SupportFunctions/arm_q15_to_float.c ****  *
  14:./Libraries/CMSIS/DSP/Source/SupportFunctions/arm_q15_to_float.c ****  * SPDX-License-Identifier: Apache-2.0
  15:./Libraries/CMSIS/DSP/Source/SupportFunctions/arm_q15_to_float.c ****  *
  16:./Libraries/CMSIS/DSP/Source/SupportFunctions/arm_q15_to_float.c ****  * Licensed under the Apache License, Version 2.0 (the License); you may
  17:./Libraries/CMSIS/DSP/Source/SupportFunctions/arm_q15_to_float.c ****  * not use this file except in compliance with the License.
  18:./Libraries/CMSIS/DSP/Source/SupportFunctions/arm_q15_to_float.c ****  * You may obtain a copy of the License at
  19:./Libraries/CMSIS/DSP/Source/SupportFunctions/arm_q15_to_float.c ****  *
  20:./Libraries/CMSIS/DSP/Source/SupportFunctions/arm_q15_to_float.c ****  * www.apache.org/licenses/LICENSE-2.0
  21:./Libraries/CMSIS/DSP/Source/SupportFunctions/arm_q15_to_float.c ****  *
  22:./Libraries/CMSIS/DSP/Source/SupportFunctions/arm_q15_to_float.c ****  * Unless required by applicable law or agreed to in writing, software
  23:./Libraries/CMSIS/DSP/Source/SupportFunctions/arm_q15_to_float.c ****  * distributed under the License is distributed on an AS IS BASIS, WITHOUT
  24:./Libraries/CMSIS/DSP/Source/SupportFunctions/arm_q15_to_float.c ****  * WARRANTIES OR CONDITIONS OF ANY KIND, either express or implied.
  25:./Libraries/CMSIS/DSP/Source/SupportFunctions/arm_q15_to_float.c ****  * See the License for the specific language governing permissions and
  26:./Libraries/CMSIS/DSP/Source/SupportFunctions/arm_q15_to_float.c ****  * limitations under the License.
  27:./Libraries/CMSIS/DSP/Source/SupportFunctions/arm_q15_to_float.c ****  */
  28:./Libraries/CMSIS/DSP/Source/SupportFunctions/arm_q15_to_float.c **** 
  29:./Libraries/CMSIS/DSP/Source/SupportFunctions/arm_q15_to_float.c **** #include "arm_math.h"
ARM GAS  /tmp/ccMC7rgF.s 			page 2


  30:./Libraries/CMSIS/DSP/Source/SupportFunctions/arm_q15_to_float.c **** 
  31:./Libraries/CMSIS/DSP/Source/SupportFunctions/arm_q15_to_float.c **** /**
  32:./Libraries/CMSIS/DSP/Source/SupportFunctions/arm_q15_to_float.c ****   @ingroup groupSupport
  33:./Libraries/CMSIS/DSP/Source/SupportFunctions/arm_q15_to_float.c ****  */
  34:./Libraries/CMSIS/DSP/Source/SupportFunctions/arm_q15_to_float.c **** 
  35:./Libraries/CMSIS/DSP/Source/SupportFunctions/arm_q15_to_float.c **** /**
  36:./Libraries/CMSIS/DSP/Source/SupportFunctions/arm_q15_to_float.c ****  * @defgroup q15_to_x  Convert 16-bit Integer value
  37:./Libraries/CMSIS/DSP/Source/SupportFunctions/arm_q15_to_float.c ****  */
  38:./Libraries/CMSIS/DSP/Source/SupportFunctions/arm_q15_to_float.c **** 
  39:./Libraries/CMSIS/DSP/Source/SupportFunctions/arm_q15_to_float.c **** /**
  40:./Libraries/CMSIS/DSP/Source/SupportFunctions/arm_q15_to_float.c ****   @addtogroup q15_to_x
  41:./Libraries/CMSIS/DSP/Source/SupportFunctions/arm_q15_to_float.c ****   @{
  42:./Libraries/CMSIS/DSP/Source/SupportFunctions/arm_q15_to_float.c ****  */
  43:./Libraries/CMSIS/DSP/Source/SupportFunctions/arm_q15_to_float.c **** 
  44:./Libraries/CMSIS/DSP/Source/SupportFunctions/arm_q15_to_float.c **** /**
  45:./Libraries/CMSIS/DSP/Source/SupportFunctions/arm_q15_to_float.c ****   @brief         Converts the elements of the Q15 vector to floating-point vector.
  46:./Libraries/CMSIS/DSP/Source/SupportFunctions/arm_q15_to_float.c ****   @param[in]     pSrc       points to the Q15 input vector
  47:./Libraries/CMSIS/DSP/Source/SupportFunctions/arm_q15_to_float.c ****   @param[out]    pDst       points to the floating-point output vector
  48:./Libraries/CMSIS/DSP/Source/SupportFunctions/arm_q15_to_float.c ****   @param[in]     blockSize  number of samples in each vector
  49:./Libraries/CMSIS/DSP/Source/SupportFunctions/arm_q15_to_float.c ****   @return        none
  50:./Libraries/CMSIS/DSP/Source/SupportFunctions/arm_q15_to_float.c **** 
  51:./Libraries/CMSIS/DSP/Source/SupportFunctions/arm_q15_to_float.c ****   @par           Details
  52:./Libraries/CMSIS/DSP/Source/SupportFunctions/arm_q15_to_float.c ****                    The equation used for the conversion process is:
  53:./Libraries/CMSIS/DSP/Source/SupportFunctions/arm_q15_to_float.c ****   <pre>
  54:./Libraries/CMSIS/DSP/Source/SupportFunctions/arm_q15_to_float.c ****       pDst[n] = (float32_t) pSrc[n] / 32768;   0 <= n < blockSize.
  55:./Libraries/CMSIS/DSP/Source/SupportFunctions/arm_q15_to_float.c ****   </pre>
  56:./Libraries/CMSIS/DSP/Source/SupportFunctions/arm_q15_to_float.c ****  */
  57:./Libraries/CMSIS/DSP/Source/SupportFunctions/arm_q15_to_float.c **** 
  58:./Libraries/CMSIS/DSP/Source/SupportFunctions/arm_q15_to_float.c **** #if defined(ARM_MATH_NEON_EXPERIMENTAL)
  59:./Libraries/CMSIS/DSP/Source/SupportFunctions/arm_q15_to_float.c **** void arm_q15_to_float(
  60:./Libraries/CMSIS/DSP/Source/SupportFunctions/arm_q15_to_float.c ****   const q15_t * pSrc,
  61:./Libraries/CMSIS/DSP/Source/SupportFunctions/arm_q15_to_float.c ****   float32_t * pDst,
  62:./Libraries/CMSIS/DSP/Source/SupportFunctions/arm_q15_to_float.c ****   uint32_t blockSize)
  63:./Libraries/CMSIS/DSP/Source/SupportFunctions/arm_q15_to_float.c **** {
  64:./Libraries/CMSIS/DSP/Source/SupportFunctions/arm_q15_to_float.c ****   const q15_t *pIn = pSrc;                             /* Src pointer */
  65:./Libraries/CMSIS/DSP/Source/SupportFunctions/arm_q15_to_float.c ****   uint32_t blkCnt;                               /* loop counter */
  66:./Libraries/CMSIS/DSP/Source/SupportFunctions/arm_q15_to_float.c **** 
  67:./Libraries/CMSIS/DSP/Source/SupportFunctions/arm_q15_to_float.c ****   int16x8_t inV;
  68:./Libraries/CMSIS/DSP/Source/SupportFunctions/arm_q15_to_float.c ****   int32x4_t inV0, inV1;
  69:./Libraries/CMSIS/DSP/Source/SupportFunctions/arm_q15_to_float.c ****   float32x4_t outV;
  70:./Libraries/CMSIS/DSP/Source/SupportFunctions/arm_q15_to_float.c **** 
  71:./Libraries/CMSIS/DSP/Source/SupportFunctions/arm_q15_to_float.c ****   blkCnt = blockSize >> 3U;
  72:./Libraries/CMSIS/DSP/Source/SupportFunctions/arm_q15_to_float.c **** 
  73:./Libraries/CMSIS/DSP/Source/SupportFunctions/arm_q15_to_float.c ****   /* Compute 8 outputs at a time.
  74:./Libraries/CMSIS/DSP/Source/SupportFunctions/arm_q15_to_float.c ****    ** a second loop below computes the remaining 1 to 7 samples. */
  75:./Libraries/CMSIS/DSP/Source/SupportFunctions/arm_q15_to_float.c ****   while (blkCnt > 0U)
  76:./Libraries/CMSIS/DSP/Source/SupportFunctions/arm_q15_to_float.c ****   {
  77:./Libraries/CMSIS/DSP/Source/SupportFunctions/arm_q15_to_float.c ****     /* C = (float32_t) A / 32768 */
  78:./Libraries/CMSIS/DSP/Source/SupportFunctions/arm_q15_to_float.c ****     /* convert from q15 to float and then store the results in the destination buffer */
  79:./Libraries/CMSIS/DSP/Source/SupportFunctions/arm_q15_to_float.c ****     inV = vld1q_s16(pIn);
  80:./Libraries/CMSIS/DSP/Source/SupportFunctions/arm_q15_to_float.c ****     pIn += 8;
  81:./Libraries/CMSIS/DSP/Source/SupportFunctions/arm_q15_to_float.c **** 
  82:./Libraries/CMSIS/DSP/Source/SupportFunctions/arm_q15_to_float.c ****     inV0 = vmovl_s16(vget_low_s16(inV));
  83:./Libraries/CMSIS/DSP/Source/SupportFunctions/arm_q15_to_float.c ****     inV1 = vmovl_s16(vget_high_s16(inV));
  84:./Libraries/CMSIS/DSP/Source/SupportFunctions/arm_q15_to_float.c **** 
  85:./Libraries/CMSIS/DSP/Source/SupportFunctions/arm_q15_to_float.c ****     outV = vcvtq_n_f32_s32(inV0,15);
  86:./Libraries/CMSIS/DSP/Source/SupportFunctions/arm_q15_to_float.c ****     vst1q_f32(pDst, outV);
ARM GAS  /tmp/ccMC7rgF.s 			page 3


  87:./Libraries/CMSIS/DSP/Source/SupportFunctions/arm_q15_to_float.c ****     pDst += 4;
  88:./Libraries/CMSIS/DSP/Source/SupportFunctions/arm_q15_to_float.c **** 
  89:./Libraries/CMSIS/DSP/Source/SupportFunctions/arm_q15_to_float.c ****     outV = vcvtq_n_f32_s32(inV1,15);
  90:./Libraries/CMSIS/DSP/Source/SupportFunctions/arm_q15_to_float.c ****     vst1q_f32(pDst, outV);
  91:./Libraries/CMSIS/DSP/Source/SupportFunctions/arm_q15_to_float.c ****     pDst += 4;
  92:./Libraries/CMSIS/DSP/Source/SupportFunctions/arm_q15_to_float.c ****   
  93:./Libraries/CMSIS/DSP/Source/SupportFunctions/arm_q15_to_float.c ****     /* Decrement the loop counter */
  94:./Libraries/CMSIS/DSP/Source/SupportFunctions/arm_q15_to_float.c ****     blkCnt--;
  95:./Libraries/CMSIS/DSP/Source/SupportFunctions/arm_q15_to_float.c ****   }
  96:./Libraries/CMSIS/DSP/Source/SupportFunctions/arm_q15_to_float.c **** 
  97:./Libraries/CMSIS/DSP/Source/SupportFunctions/arm_q15_to_float.c ****   /* If the blockSize is not a multiple of 8, compute any remaining output samples here.
  98:./Libraries/CMSIS/DSP/Source/SupportFunctions/arm_q15_to_float.c ****    ** No loop unrolling is used. */
  99:./Libraries/CMSIS/DSP/Source/SupportFunctions/arm_q15_to_float.c ****   blkCnt = blockSize & 7;
 100:./Libraries/CMSIS/DSP/Source/SupportFunctions/arm_q15_to_float.c **** 
 101:./Libraries/CMSIS/DSP/Source/SupportFunctions/arm_q15_to_float.c **** 
 102:./Libraries/CMSIS/DSP/Source/SupportFunctions/arm_q15_to_float.c ****   while (blkCnt > 0U)
 103:./Libraries/CMSIS/DSP/Source/SupportFunctions/arm_q15_to_float.c ****   {
 104:./Libraries/CMSIS/DSP/Source/SupportFunctions/arm_q15_to_float.c ****     /* C = (float32_t) A / 32768 */
 105:./Libraries/CMSIS/DSP/Source/SupportFunctions/arm_q15_to_float.c ****     /* convert from q15 to float and then store the results in the destination buffer */
 106:./Libraries/CMSIS/DSP/Source/SupportFunctions/arm_q15_to_float.c ****     *pDst++ = ((float32_t) * pIn++ / 32768.0f);
 107:./Libraries/CMSIS/DSP/Source/SupportFunctions/arm_q15_to_float.c **** 
 108:./Libraries/CMSIS/DSP/Source/SupportFunctions/arm_q15_to_float.c ****     /* Decrement the loop counter */
 109:./Libraries/CMSIS/DSP/Source/SupportFunctions/arm_q15_to_float.c ****     blkCnt--;
 110:./Libraries/CMSIS/DSP/Source/SupportFunctions/arm_q15_to_float.c ****   }
 111:./Libraries/CMSIS/DSP/Source/SupportFunctions/arm_q15_to_float.c **** }
 112:./Libraries/CMSIS/DSP/Source/SupportFunctions/arm_q15_to_float.c **** #else
 113:./Libraries/CMSIS/DSP/Source/SupportFunctions/arm_q15_to_float.c **** void arm_q15_to_float(
 114:./Libraries/CMSIS/DSP/Source/SupportFunctions/arm_q15_to_float.c ****   const q15_t * pSrc,
 115:./Libraries/CMSIS/DSP/Source/SupportFunctions/arm_q15_to_float.c ****         float32_t * pDst,
 116:./Libraries/CMSIS/DSP/Source/SupportFunctions/arm_q15_to_float.c ****         uint32_t blockSize)
 117:./Libraries/CMSIS/DSP/Source/SupportFunctions/arm_q15_to_float.c **** {
  30              		.loc 1 117 1 view -0
  31              		.cfi_startproc
  32              		@ args = 0, pretend = 0, frame = 0
  33              		@ frame_needed = 0, uses_anonymous_args = 0
  34              		@ link register save eliminated.
 118:./Libraries/CMSIS/DSP/Source/SupportFunctions/arm_q15_to_float.c ****         uint32_t blkCnt;                               /* Loop counter */
  35              		.loc 1 118 9 view .LVU1
 119:./Libraries/CMSIS/DSP/Source/SupportFunctions/arm_q15_to_float.c ****   const q15_t *pIn = pSrc;                             /* Source pointer */
  36              		.loc 1 119 3 view .LVU2
 120:./Libraries/CMSIS/DSP/Source/SupportFunctions/arm_q15_to_float.c **** 
 121:./Libraries/CMSIS/DSP/Source/SupportFunctions/arm_q15_to_float.c **** #if defined (ARM_MATH_LOOPUNROLL)
 122:./Libraries/CMSIS/DSP/Source/SupportFunctions/arm_q15_to_float.c **** 
 123:./Libraries/CMSIS/DSP/Source/SupportFunctions/arm_q15_to_float.c ****   /* Loop unrolling: Compute 4 outputs at a time */
 124:./Libraries/CMSIS/DSP/Source/SupportFunctions/arm_q15_to_float.c ****   blkCnt = blockSize >> 2U;
 125:./Libraries/CMSIS/DSP/Source/SupportFunctions/arm_q15_to_float.c **** 
 126:./Libraries/CMSIS/DSP/Source/SupportFunctions/arm_q15_to_float.c ****   while (blkCnt > 0U)
 127:./Libraries/CMSIS/DSP/Source/SupportFunctions/arm_q15_to_float.c ****   {
 128:./Libraries/CMSIS/DSP/Source/SupportFunctions/arm_q15_to_float.c ****     /* C = (float32_t) A / 32768 */
 129:./Libraries/CMSIS/DSP/Source/SupportFunctions/arm_q15_to_float.c **** 
 130:./Libraries/CMSIS/DSP/Source/SupportFunctions/arm_q15_to_float.c ****     /* Convert from q15 to float and store result in destination buffer */
 131:./Libraries/CMSIS/DSP/Source/SupportFunctions/arm_q15_to_float.c ****     *pDst++ = ((float32_t) * pIn++ / 32768.0f);
 132:./Libraries/CMSIS/DSP/Source/SupportFunctions/arm_q15_to_float.c ****     *pDst++ = ((float32_t) * pIn++ / 32768.0f);
 133:./Libraries/CMSIS/DSP/Source/SupportFunctions/arm_q15_to_float.c ****     *pDst++ = ((float32_t) * pIn++ / 32768.0f);
 134:./Libraries/CMSIS/DSP/Source/SupportFunctions/arm_q15_to_float.c ****     *pDst++ = ((float32_t) * pIn++ / 32768.0f);
 135:./Libraries/CMSIS/DSP/Source/SupportFunctions/arm_q15_to_float.c **** 
 136:./Libraries/CMSIS/DSP/Source/SupportFunctions/arm_q15_to_float.c ****     /* Decrement loop counter */
ARM GAS  /tmp/ccMC7rgF.s 			page 4


 137:./Libraries/CMSIS/DSP/Source/SupportFunctions/arm_q15_to_float.c ****     blkCnt--;
 138:./Libraries/CMSIS/DSP/Source/SupportFunctions/arm_q15_to_float.c ****   }
 139:./Libraries/CMSIS/DSP/Source/SupportFunctions/arm_q15_to_float.c **** 
 140:./Libraries/CMSIS/DSP/Source/SupportFunctions/arm_q15_to_float.c ****   /* Loop unrolling: Compute remaining outputs */
 141:./Libraries/CMSIS/DSP/Source/SupportFunctions/arm_q15_to_float.c ****   blkCnt = blockSize % 0x4U;
 142:./Libraries/CMSIS/DSP/Source/SupportFunctions/arm_q15_to_float.c **** 
 143:./Libraries/CMSIS/DSP/Source/SupportFunctions/arm_q15_to_float.c **** #else
 144:./Libraries/CMSIS/DSP/Source/SupportFunctions/arm_q15_to_float.c **** 
 145:./Libraries/CMSIS/DSP/Source/SupportFunctions/arm_q15_to_float.c ****   /* Initialize blkCnt with number of samples */
 146:./Libraries/CMSIS/DSP/Source/SupportFunctions/arm_q15_to_float.c ****   blkCnt = blockSize;
  37              		.loc 1 146 3 view .LVU3
 147:./Libraries/CMSIS/DSP/Source/SupportFunctions/arm_q15_to_float.c **** 
 148:./Libraries/CMSIS/DSP/Source/SupportFunctions/arm_q15_to_float.c **** #endif /* #if defined (ARM_MATH_LOOPUNROLL) */
 149:./Libraries/CMSIS/DSP/Source/SupportFunctions/arm_q15_to_float.c **** 
 150:./Libraries/CMSIS/DSP/Source/SupportFunctions/arm_q15_to_float.c ****   while (blkCnt > 0U)
  38              		.loc 1 150 3 view .LVU4
  39              		.loc 1 150 9 view .LVU5
  40 0000 6AB1     		cbz	r2, .L1
 151:./Libraries/CMSIS/DSP/Source/SupportFunctions/arm_q15_to_float.c ****   {
 152:./Libraries/CMSIS/DSP/Source/SupportFunctions/arm_q15_to_float.c ****     /* C = (float32_t) A / 32768 */
 153:./Libraries/CMSIS/DSP/Source/SupportFunctions/arm_q15_to_float.c **** 
 154:./Libraries/CMSIS/DSP/Source/SupportFunctions/arm_q15_to_float.c ****     /* Convert from q15 to float and store result in destination buffer */
 155:./Libraries/CMSIS/DSP/Source/SupportFunctions/arm_q15_to_float.c ****     *pDst++ = ((float32_t) *pIn++ / 32768.0f);
  41              		.loc 1 155 35 is_stmt 0 view .LVU6
  42 0002 9FED077A 		vldr.32	s14, .L9
  43              	.LVL1:
  44              	.L3:
  45              		.loc 1 155 5 is_stmt 1 view .LVU7
  46              		.loc 1 155 16 is_stmt 0 view .LVU8
  47 0006 30F9023B 		ldrsh	r3, [r0], #2
  48              	.LVL2:
 150:./Libraries/CMSIS/DSP/Source/SupportFunctions/arm_q15_to_float.c ****   {
  49              		.loc 1 150 9 view .LVU9
  50 000a 013A     		subs	r2, r2, #1
  51              	.LVL3:
  52              		.loc 1 155 16 view .LVU10
  53 000c 07EE903A 		vmov	s15, r3	@ int
  54 0010 F8EEE77A 		vcvt.f32.s32	s15, s15
  55              		.loc 1 155 35 view .LVU11
  56 0014 67EE877A 		vmul.f32	s15, s15, s14
  57              		.loc 1 155 13 view .LVU12
  58 0018 E1EC017A 		vstmia.32	r1!, {s15}
  59              	.LVL4:
 156:./Libraries/CMSIS/DSP/Source/SupportFunctions/arm_q15_to_float.c **** 
 157:./Libraries/CMSIS/DSP/Source/SupportFunctions/arm_q15_to_float.c ****     /* Decrement loop counter */
 158:./Libraries/CMSIS/DSP/Source/SupportFunctions/arm_q15_to_float.c ****     blkCnt--;
  60              		.loc 1 158 5 is_stmt 1 view .LVU13
 150:./Libraries/CMSIS/DSP/Source/SupportFunctions/arm_q15_to_float.c ****   {
  61              		.loc 1 150 9 view .LVU14
  62 001c F3D1     		bne	.L3
  63              	.L1:
 159:./Libraries/CMSIS/DSP/Source/SupportFunctions/arm_q15_to_float.c ****   }
 160:./Libraries/CMSIS/DSP/Source/SupportFunctions/arm_q15_to_float.c **** 
 161:./Libraries/CMSIS/DSP/Source/SupportFunctions/arm_q15_to_float.c **** }
  64              		.loc 1 161 1 is_stmt 0 view .LVU15
  65 001e 7047     		bx	lr
  66              	.L10:
ARM GAS  /tmp/ccMC7rgF.s 			page 5


  67              		.align	2
  68              	.L9:
  69 0020 00000038 		.word	939524096
  70              		.cfi_endproc
  71              	.LFE145:
  73              		.text
  74              	.Letext0:
  75              		.file 2 "/usr/lib/gcc/arm-none-eabi/9.2.1/include/stdint.h"
  76              		.file 3 "/usr/lib/gcc/arm-none-eabi/9.2.1/include/stddef.h"
  77              		.file 4 "/usr/include/newlib/sys/_types.h"
  78              		.file 5 "/usr/include/newlib/sys/reent.h"
  79              		.file 6 "/usr/include/newlib/sys/lock.h"
  80              		.file 7 "/usr/include/newlib/math.h"
  81              		.file 8 "./Libraries/CMSIS/DSP/Include/arm_math.h"
ARM GAS  /tmp/ccMC7rgF.s 			page 6


DEFINED SYMBOLS
                            *ABS*:0000000000000000 arm_q15_to_float.c
     /tmp/ccMC7rgF.s:17     .text.arm_q15_to_float:0000000000000000 $t
     /tmp/ccMC7rgF.s:26     .text.arm_q15_to_float:0000000000000000 arm_q15_to_float
     /tmp/ccMC7rgF.s:69     .text.arm_q15_to_float:0000000000000020 $d

NO UNDEFINED SYMBOLS
