ARM GAS  /tmp/cc3WeIdM.s 			page 1


   1              		.cpu cortex-m7
   2              		.eabi_attribute 28, 1
   3              		.eabi_attribute 20, 1
   4              		.eabi_attribute 21, 1
   5              		.eabi_attribute 23, 3
   6              		.eabi_attribute 24, 1
   7              		.eabi_attribute 25, 1
   8              		.eabi_attribute 26, 1
   9              		.eabi_attribute 30, 2
  10              		.eabi_attribute 34, 1
  11              		.eabi_attribute 18, 4
  12              		.file	"arm_lms_norm_init_f32.c"
  13              		.text
  14              	.Ltext0:
  15              		.cfi_sections	.debug_frame
  16              		.section	.text.arm_lms_norm_init_f32,"ax",%progbits
  17              		.align	1
  18              		.p2align 2,,3
  19              		.global	arm_lms_norm_init_f32
  20              		.arch armv7e-m
  21              		.syntax unified
  22              		.thumb
  23              		.thumb_func
  24              		.fpu fpv5-d16
  26              	arm_lms_norm_init_f32:
  27              	.LVL0:
  28              	.LFB145:
  29              		.file 1 "./Libraries/CMSIS/DSP/Source/FilteringFunctions/arm_lms_norm_init_f32.c"
   1:./Libraries/CMSIS/DSP/Source/FilteringFunctions/arm_lms_norm_init_f32.c **** /* ----------------------------------------------------------------------
   2:./Libraries/CMSIS/DSP/Source/FilteringFunctions/arm_lms_norm_init_f32.c ****  * Project:      CMSIS DSP Library
   3:./Libraries/CMSIS/DSP/Source/FilteringFunctions/arm_lms_norm_init_f32.c ****  * Title:        arm_lms_norm_init_f32.c
   4:./Libraries/CMSIS/DSP/Source/FilteringFunctions/arm_lms_norm_init_f32.c ****  * Description:  Floating-point NLMS filter initialization function
   5:./Libraries/CMSIS/DSP/Source/FilteringFunctions/arm_lms_norm_init_f32.c ****  *
   6:./Libraries/CMSIS/DSP/Source/FilteringFunctions/arm_lms_norm_init_f32.c ****  * $Date:        18. March 2019
   7:./Libraries/CMSIS/DSP/Source/FilteringFunctions/arm_lms_norm_init_f32.c ****  * $Revision:    V1.6.0
   8:./Libraries/CMSIS/DSP/Source/FilteringFunctions/arm_lms_norm_init_f32.c ****  *
   9:./Libraries/CMSIS/DSP/Source/FilteringFunctions/arm_lms_norm_init_f32.c ****  * Target Processor: Cortex-M cores
  10:./Libraries/CMSIS/DSP/Source/FilteringFunctions/arm_lms_norm_init_f32.c ****  * -------------------------------------------------------------------- */
  11:./Libraries/CMSIS/DSP/Source/FilteringFunctions/arm_lms_norm_init_f32.c **** /*
  12:./Libraries/CMSIS/DSP/Source/FilteringFunctions/arm_lms_norm_init_f32.c ****  * Copyright (C) 2010-2019 ARM Limited or its affiliates. All rights reserved.
  13:./Libraries/CMSIS/DSP/Source/FilteringFunctions/arm_lms_norm_init_f32.c ****  *
  14:./Libraries/CMSIS/DSP/Source/FilteringFunctions/arm_lms_norm_init_f32.c ****  * SPDX-License-Identifier: Apache-2.0
  15:./Libraries/CMSIS/DSP/Source/FilteringFunctions/arm_lms_norm_init_f32.c ****  *
  16:./Libraries/CMSIS/DSP/Source/FilteringFunctions/arm_lms_norm_init_f32.c ****  * Licensed under the Apache License, Version 2.0 (the License); you may
  17:./Libraries/CMSIS/DSP/Source/FilteringFunctions/arm_lms_norm_init_f32.c ****  * not use this file except in compliance with the License.
  18:./Libraries/CMSIS/DSP/Source/FilteringFunctions/arm_lms_norm_init_f32.c ****  * You may obtain a copy of the License at
  19:./Libraries/CMSIS/DSP/Source/FilteringFunctions/arm_lms_norm_init_f32.c ****  *
  20:./Libraries/CMSIS/DSP/Source/FilteringFunctions/arm_lms_norm_init_f32.c ****  * www.apache.org/licenses/LICENSE-2.0
  21:./Libraries/CMSIS/DSP/Source/FilteringFunctions/arm_lms_norm_init_f32.c ****  *
  22:./Libraries/CMSIS/DSP/Source/FilteringFunctions/arm_lms_norm_init_f32.c ****  * Unless required by applicable law or agreed to in writing, software
  23:./Libraries/CMSIS/DSP/Source/FilteringFunctions/arm_lms_norm_init_f32.c ****  * distributed under the License is distributed on an AS IS BASIS, WITHOUT
  24:./Libraries/CMSIS/DSP/Source/FilteringFunctions/arm_lms_norm_init_f32.c ****  * WARRANTIES OR CONDITIONS OF ANY KIND, either express or implied.
  25:./Libraries/CMSIS/DSP/Source/FilteringFunctions/arm_lms_norm_init_f32.c ****  * See the License for the specific language governing permissions and
  26:./Libraries/CMSIS/DSP/Source/FilteringFunctions/arm_lms_norm_init_f32.c ****  * limitations under the License.
  27:./Libraries/CMSIS/DSP/Source/FilteringFunctions/arm_lms_norm_init_f32.c ****  */
  28:./Libraries/CMSIS/DSP/Source/FilteringFunctions/arm_lms_norm_init_f32.c **** 
  29:./Libraries/CMSIS/DSP/Source/FilteringFunctions/arm_lms_norm_init_f32.c **** #include "arm_math.h"
ARM GAS  /tmp/cc3WeIdM.s 			page 2


  30:./Libraries/CMSIS/DSP/Source/FilteringFunctions/arm_lms_norm_init_f32.c **** 
  31:./Libraries/CMSIS/DSP/Source/FilteringFunctions/arm_lms_norm_init_f32.c **** /**
  32:./Libraries/CMSIS/DSP/Source/FilteringFunctions/arm_lms_norm_init_f32.c ****   @ingroup groupFilters
  33:./Libraries/CMSIS/DSP/Source/FilteringFunctions/arm_lms_norm_init_f32.c ****  */
  34:./Libraries/CMSIS/DSP/Source/FilteringFunctions/arm_lms_norm_init_f32.c **** 
  35:./Libraries/CMSIS/DSP/Source/FilteringFunctions/arm_lms_norm_init_f32.c **** /**
  36:./Libraries/CMSIS/DSP/Source/FilteringFunctions/arm_lms_norm_init_f32.c ****   @addtogroup LMS_NORM
  37:./Libraries/CMSIS/DSP/Source/FilteringFunctions/arm_lms_norm_init_f32.c ****   @{
  38:./Libraries/CMSIS/DSP/Source/FilteringFunctions/arm_lms_norm_init_f32.c ****  */
  39:./Libraries/CMSIS/DSP/Source/FilteringFunctions/arm_lms_norm_init_f32.c **** 
  40:./Libraries/CMSIS/DSP/Source/FilteringFunctions/arm_lms_norm_init_f32.c **** /**
  41:./Libraries/CMSIS/DSP/Source/FilteringFunctions/arm_lms_norm_init_f32.c ****   @brief         Initialization function for floating-point normalized LMS filter.
  42:./Libraries/CMSIS/DSP/Source/FilteringFunctions/arm_lms_norm_init_f32.c ****   @param[in]     S         points to an instance of the floating-point LMS filter structure
  43:./Libraries/CMSIS/DSP/Source/FilteringFunctions/arm_lms_norm_init_f32.c ****   @param[in]     numTaps   number of filter coefficients
  44:./Libraries/CMSIS/DSP/Source/FilteringFunctions/arm_lms_norm_init_f32.c ****   @param[in]     pCoeffs   points to coefficient buffer
  45:./Libraries/CMSIS/DSP/Source/FilteringFunctions/arm_lms_norm_init_f32.c ****   @param[in]     pState    points to state buffer
  46:./Libraries/CMSIS/DSP/Source/FilteringFunctions/arm_lms_norm_init_f32.c ****   @param[in]     mu        step size that controls filter coefficient updates
  47:./Libraries/CMSIS/DSP/Source/FilteringFunctions/arm_lms_norm_init_f32.c ****   @param[in]     blockSize number of samples to process
  48:./Libraries/CMSIS/DSP/Source/FilteringFunctions/arm_lms_norm_init_f32.c ****   @return        none
  49:./Libraries/CMSIS/DSP/Source/FilteringFunctions/arm_lms_norm_init_f32.c **** 
  50:./Libraries/CMSIS/DSP/Source/FilteringFunctions/arm_lms_norm_init_f32.c ****   @par           Details
  51:./Libraries/CMSIS/DSP/Source/FilteringFunctions/arm_lms_norm_init_f32.c ****                    <code>pCoeffs</code> points to the array of filter coefficients stored in time r
  52:./Libraries/CMSIS/DSP/Source/FilteringFunctions/arm_lms_norm_init_f32.c ****   <pre>
  53:./Libraries/CMSIS/DSP/Source/FilteringFunctions/arm_lms_norm_init_f32.c ****      {b[numTaps-1], b[numTaps-2], b[N-2], ..., b[1], b[0]}
  54:./Libraries/CMSIS/DSP/Source/FilteringFunctions/arm_lms_norm_init_f32.c ****   </pre>
  55:./Libraries/CMSIS/DSP/Source/FilteringFunctions/arm_lms_norm_init_f32.c ****                    The initial filter coefficients serve as a starting point for the adaptive filte
  56:./Libraries/CMSIS/DSP/Source/FilteringFunctions/arm_lms_norm_init_f32.c ****                    <code>pState</code> points to an array of length <code>numTaps+blockSize-1</code
  57:./Libraries/CMSIS/DSP/Source/FilteringFunctions/arm_lms_norm_init_f32.c ****                    where <code>blockSize</code> is the number of input samples processed by each ca
  58:./Libraries/CMSIS/DSP/Source/FilteringFunctions/arm_lms_norm_init_f32.c ****  */
  59:./Libraries/CMSIS/DSP/Source/FilteringFunctions/arm_lms_norm_init_f32.c **** 
  60:./Libraries/CMSIS/DSP/Source/FilteringFunctions/arm_lms_norm_init_f32.c **** void arm_lms_norm_init_f32(
  61:./Libraries/CMSIS/DSP/Source/FilteringFunctions/arm_lms_norm_init_f32.c ****         arm_lms_norm_instance_f32 * S,
  62:./Libraries/CMSIS/DSP/Source/FilteringFunctions/arm_lms_norm_init_f32.c ****         uint16_t numTaps,
  63:./Libraries/CMSIS/DSP/Source/FilteringFunctions/arm_lms_norm_init_f32.c ****         float32_t * pCoeffs,
  64:./Libraries/CMSIS/DSP/Source/FilteringFunctions/arm_lms_norm_init_f32.c ****         float32_t * pState,
  65:./Libraries/CMSIS/DSP/Source/FilteringFunctions/arm_lms_norm_init_f32.c ****         float32_t mu,
  66:./Libraries/CMSIS/DSP/Source/FilteringFunctions/arm_lms_norm_init_f32.c ****         uint32_t blockSize)
  67:./Libraries/CMSIS/DSP/Source/FilteringFunctions/arm_lms_norm_init_f32.c **** {
  30              		.loc 1 67 1 view -0
  31              		.cfi_startproc
  32              		@ args = 4, pretend = 0, frame = 0
  33              		@ frame_needed = 0, uses_anonymous_args = 0
  68:./Libraries/CMSIS/DSP/Source/FilteringFunctions/arm_lms_norm_init_f32.c ****   /* Assign filter taps */
  69:./Libraries/CMSIS/DSP/Source/FilteringFunctions/arm_lms_norm_init_f32.c ****   S->numTaps = numTaps;
  34              		.loc 1 69 3 view .LVU1
  67:./Libraries/CMSIS/DSP/Source/FilteringFunctions/arm_lms_norm_init_f32.c ****   /* Assign filter taps */
  35              		.loc 1 67 1 is_stmt 0 view .LVU2
  36 0000 38B5     		push	{r3, r4, r5, lr}
  37              	.LCFI0:
  38              		.cfi_def_cfa_offset 16
  39              		.cfi_offset 3, -16
  40              		.cfi_offset 4, -12
  41              		.cfi_offset 5, -8
  42              		.cfi_offset 14, -4
  43 0002 2DED028B 		vpush.64	{d8}
  44              	.LCFI1:
  45              		.cfi_def_cfa_offset 24
ARM GAS  /tmp/cc3WeIdM.s 			page 3


  46              		.cfi_offset 80, -24
  47              		.cfi_offset 81, -20
  67:./Libraries/CMSIS/DSP/Source/FilteringFunctions/arm_lms_norm_init_f32.c ****   /* Assign filter taps */
  48              		.loc 1 67 1 view .LVU3
  49 0006 069C     		ldr	r4, [sp, #24]
  50 0008 B0EE408A 		vmov.f32	s16, s0
  51              		.loc 1 69 14 view .LVU4
  52 000c 0180     		strh	r1, [r0]	@ movhi
  70:./Libraries/CMSIS/DSP/Source/FilteringFunctions/arm_lms_norm_init_f32.c **** 
  71:./Libraries/CMSIS/DSP/Source/FilteringFunctions/arm_lms_norm_init_f32.c ****   /* Assign coefficient pointer */
  72:./Libraries/CMSIS/DSP/Source/FilteringFunctions/arm_lms_norm_init_f32.c ****   S->pCoeffs = pCoeffs;
  53              		.loc 1 72 3 is_stmt 1 view .LVU5
  73:./Libraries/CMSIS/DSP/Source/FilteringFunctions/arm_lms_norm_init_f32.c **** 
  74:./Libraries/CMSIS/DSP/Source/FilteringFunctions/arm_lms_norm_init_f32.c ****   /* Clear state buffer and size is always blockSize + numTaps - 1 */
  75:./Libraries/CMSIS/DSP/Source/FilteringFunctions/arm_lms_norm_init_f32.c ****   memset(pState, 0, (numTaps + (blockSize - 1U)) * sizeof(float32_t));
  54              		.loc 1 75 30 is_stmt 0 view .LVU6
  55 000e 651E     		subs	r5, r4, #1
  67:./Libraries/CMSIS/DSP/Source/FilteringFunctions/arm_lms_norm_init_f32.c ****   /* Assign filter taps */
  56              		.loc 1 67 1 view .LVU7
  57 0010 0446     		mov	r4, r0
  72:./Libraries/CMSIS/DSP/Source/FilteringFunctions/arm_lms_norm_init_f32.c **** 
  58              		.loc 1 72 14 view .LVU8
  59 0012 8260     		str	r2, [r0, #8]
  60              		.loc 1 75 3 is_stmt 1 view .LVU9
  61 0014 1846     		mov	r0, r3
  62              	.LVL1:
  63              		.loc 1 75 30 is_stmt 0 view .LVU10
  64 0016 0D44     		add	r5, r5, r1
  65              		.loc 1 75 3 view .LVU11
  66 0018 0021     		movs	r1, #0
  67              	.LVL2:
  68              		.loc 1 75 3 view .LVU12
  69 001a AA00     		lsls	r2, r5, #2
  70              	.LVL3:
  71              		.loc 1 75 3 view .LVU13
  72 001c FFF7FEFF 		bl	memset
  73              	.LVL4:
  76:./Libraries/CMSIS/DSP/Source/FilteringFunctions/arm_lms_norm_init_f32.c **** 
  77:./Libraries/CMSIS/DSP/Source/FilteringFunctions/arm_lms_norm_init_f32.c ****   /* Assign state pointer */
  78:./Libraries/CMSIS/DSP/Source/FilteringFunctions/arm_lms_norm_init_f32.c ****   S->pState = pState;
  74              		.loc 1 78 3 is_stmt 1 view .LVU14
  79:./Libraries/CMSIS/DSP/Source/FilteringFunctions/arm_lms_norm_init_f32.c **** 
  80:./Libraries/CMSIS/DSP/Source/FilteringFunctions/arm_lms_norm_init_f32.c ****   /* Assign Step size value */
  81:./Libraries/CMSIS/DSP/Source/FilteringFunctions/arm_lms_norm_init_f32.c ****   S->mu = mu;
  82:./Libraries/CMSIS/DSP/Source/FilteringFunctions/arm_lms_norm_init_f32.c **** 
  83:./Libraries/CMSIS/DSP/Source/FilteringFunctions/arm_lms_norm_init_f32.c ****   /* Initialise Energy to zero */
  84:./Libraries/CMSIS/DSP/Source/FilteringFunctions/arm_lms_norm_init_f32.c ****   S->energy = 0.0f;
  75              		.loc 1 84 13 is_stmt 0 view .LVU15
  76 0020 0022     		movs	r2, #0
  81:./Libraries/CMSIS/DSP/Source/FilteringFunctions/arm_lms_norm_init_f32.c **** 
  77              		.loc 1 81 9 view .LVU16
  78 0022 84ED038A 		vstr.32	s16, [r4, #12]
  78:./Libraries/CMSIS/DSP/Source/FilteringFunctions/arm_lms_norm_init_f32.c **** 
  79              		.loc 1 78 13 view .LVU17
  80 0026 6060     		str	r0, [r4, #4]
  81:./Libraries/CMSIS/DSP/Source/FilteringFunctions/arm_lms_norm_init_f32.c **** 
  81              		.loc 1 81 3 is_stmt 1 view .LVU18
ARM GAS  /tmp/cc3WeIdM.s 			page 4


  82              		.loc 1 84 3 view .LVU19
  83              		.loc 1 84 13 is_stmt 0 view .LVU20
  84 0028 2261     		str	r2, [r4, #16]	@ float
  85:./Libraries/CMSIS/DSP/Source/FilteringFunctions/arm_lms_norm_init_f32.c **** 
  86:./Libraries/CMSIS/DSP/Source/FilteringFunctions/arm_lms_norm_init_f32.c ****   /* Initialise x0 to zero */
  87:./Libraries/CMSIS/DSP/Source/FilteringFunctions/arm_lms_norm_init_f32.c ****   S->x0 = 0.0f;
  85              		.loc 1 87 3 is_stmt 1 view .LVU21
  86              		.loc 1 87 9 is_stmt 0 view .LVU22
  87 002a 6261     		str	r2, [r4, #20]	@ float
  88:./Libraries/CMSIS/DSP/Source/FilteringFunctions/arm_lms_norm_init_f32.c **** }
  88              		.loc 1 88 1 view .LVU23
  89 002c BDEC028B 		vldm	sp!, {d8}
  90              	.LCFI2:
  91              		.cfi_restore 80
  92              		.cfi_restore 81
  93              		.cfi_def_cfa_offset 16
  94              	.LVL5:
  95              		.loc 1 88 1 view .LVU24
  96 0030 38BD     		pop	{r3, r4, r5, pc}
  97              		.loc 1 88 1 view .LVU25
  98              		.cfi_endproc
  99              	.LFE145:
 101 0032 00BF     		.text
 102              	.Letext0:
 103              		.file 2 "/usr/lib/gcc/arm-none-eabi/9.2.1/include/stdint.h"
 104              		.file 3 "/usr/lib/gcc/arm-none-eabi/9.2.1/include/stddef.h"
 105              		.file 4 "/usr/include/newlib/sys/_types.h"
 106              		.file 5 "/usr/include/newlib/sys/reent.h"
 107              		.file 6 "/usr/include/newlib/sys/lock.h"
 108              		.file 7 "/usr/include/newlib/math.h"
 109              		.file 8 "./Libraries/CMSIS/DSP/Include/arm_math.h"
 110              		.file 9 "<built-in>"
ARM GAS  /tmp/cc3WeIdM.s 			page 5


DEFINED SYMBOLS
                            *ABS*:0000000000000000 arm_lms_norm_init_f32.c
     /tmp/cc3WeIdM.s:17     .text.arm_lms_norm_init_f32:0000000000000000 $t
     /tmp/cc3WeIdM.s:26     .text.arm_lms_norm_init_f32:0000000000000000 arm_lms_norm_init_f32

UNDEFINED SYMBOLS
memset
