ARM GAS  /tmp/ccMdwCE8.s 			page 1


   1              		.cpu cortex-m7
   2              		.eabi_attribute 28, 1
   3              		.eabi_attribute 20, 1
   4              		.eabi_attribute 21, 1
   5              		.eabi_attribute 23, 3
   6              		.eabi_attribute 24, 1
   7              		.eabi_attribute 25, 1
   8              		.eabi_attribute 26, 1
   9              		.eabi_attribute 30, 2
  10              		.eabi_attribute 34, 1
  11              		.eabi_attribute 18, 4
  12              		.file	"arm_fir_decimate_f32.c"
  13              		.text
  14              	.Ltext0:
  15              		.cfi_sections	.debug_frame
  16              		.section	.text.arm_fir_decimate_f32,"ax",%progbits
  17              		.align	1
  18              		.p2align 2,,3
  19              		.global	arm_fir_decimate_f32
  20              		.arch armv7e-m
  21              		.syntax unified
  22              		.thumb
  23              		.thumb_func
  24              		.fpu fpv5-d16
  26              	arm_fir_decimate_f32:
  27              	.LVL0:
  28              	.LFB145:
  29              		.file 1 "./Libraries/CMSIS/DSP/Source/FilteringFunctions/arm_fir_decimate_f32.c"
   1:./Libraries/CMSIS/DSP/Source/FilteringFunctions/arm_fir_decimate_f32.c **** /* ----------------------------------------------------------------------
   2:./Libraries/CMSIS/DSP/Source/FilteringFunctions/arm_fir_decimate_f32.c ****  * Project:      CMSIS DSP Library
   3:./Libraries/CMSIS/DSP/Source/FilteringFunctions/arm_fir_decimate_f32.c ****  * Title:        arm_fir_decimate_f32.c
   4:./Libraries/CMSIS/DSP/Source/FilteringFunctions/arm_fir_decimate_f32.c ****  * Description:  FIR decimation for floating-point sequences
   5:./Libraries/CMSIS/DSP/Source/FilteringFunctions/arm_fir_decimate_f32.c ****  *
   6:./Libraries/CMSIS/DSP/Source/FilteringFunctions/arm_fir_decimate_f32.c ****  * $Date:        18. March 2019
   7:./Libraries/CMSIS/DSP/Source/FilteringFunctions/arm_fir_decimate_f32.c ****  * $Revision:    V1.6.0
   8:./Libraries/CMSIS/DSP/Source/FilteringFunctions/arm_fir_decimate_f32.c ****  *
   9:./Libraries/CMSIS/DSP/Source/FilteringFunctions/arm_fir_decimate_f32.c ****  * Target Processor: Cortex-M cores
  10:./Libraries/CMSIS/DSP/Source/FilteringFunctions/arm_fir_decimate_f32.c ****  * -------------------------------------------------------------------- */
  11:./Libraries/CMSIS/DSP/Source/FilteringFunctions/arm_fir_decimate_f32.c **** /*
  12:./Libraries/CMSIS/DSP/Source/FilteringFunctions/arm_fir_decimate_f32.c ****  * Copyright (C) 2010-2019 ARM Limited or its affiliates. All rights reserved.
  13:./Libraries/CMSIS/DSP/Source/FilteringFunctions/arm_fir_decimate_f32.c ****  *
  14:./Libraries/CMSIS/DSP/Source/FilteringFunctions/arm_fir_decimate_f32.c ****  * SPDX-License-Identifier: Apache-2.0
  15:./Libraries/CMSIS/DSP/Source/FilteringFunctions/arm_fir_decimate_f32.c ****  *
  16:./Libraries/CMSIS/DSP/Source/FilteringFunctions/arm_fir_decimate_f32.c ****  * Licensed under the Apache License, Version 2.0 (the License); you may
  17:./Libraries/CMSIS/DSP/Source/FilteringFunctions/arm_fir_decimate_f32.c ****  * not use this file except in compliance with the License.
  18:./Libraries/CMSIS/DSP/Source/FilteringFunctions/arm_fir_decimate_f32.c ****  * You may obtain a copy of the License at
  19:./Libraries/CMSIS/DSP/Source/FilteringFunctions/arm_fir_decimate_f32.c ****  *
  20:./Libraries/CMSIS/DSP/Source/FilteringFunctions/arm_fir_decimate_f32.c ****  * www.apache.org/licenses/LICENSE-2.0
  21:./Libraries/CMSIS/DSP/Source/FilteringFunctions/arm_fir_decimate_f32.c ****  *
  22:./Libraries/CMSIS/DSP/Source/FilteringFunctions/arm_fir_decimate_f32.c ****  * Unless required by applicable law or agreed to in writing, software
  23:./Libraries/CMSIS/DSP/Source/FilteringFunctions/arm_fir_decimate_f32.c ****  * distributed under the License is distributed on an AS IS BASIS, WITHOUT
  24:./Libraries/CMSIS/DSP/Source/FilteringFunctions/arm_fir_decimate_f32.c ****  * WARRANTIES OR CONDITIONS OF ANY KIND, either express or implied.
  25:./Libraries/CMSIS/DSP/Source/FilteringFunctions/arm_fir_decimate_f32.c ****  * See the License for the specific language governing permissions and
  26:./Libraries/CMSIS/DSP/Source/FilteringFunctions/arm_fir_decimate_f32.c ****  * limitations under the License.
  27:./Libraries/CMSIS/DSP/Source/FilteringFunctions/arm_fir_decimate_f32.c ****  */
  28:./Libraries/CMSIS/DSP/Source/FilteringFunctions/arm_fir_decimate_f32.c **** 
  29:./Libraries/CMSIS/DSP/Source/FilteringFunctions/arm_fir_decimate_f32.c **** #include "arm_math.h"
ARM GAS  /tmp/ccMdwCE8.s 			page 2


  30:./Libraries/CMSIS/DSP/Source/FilteringFunctions/arm_fir_decimate_f32.c **** 
  31:./Libraries/CMSIS/DSP/Source/FilteringFunctions/arm_fir_decimate_f32.c **** /**
  32:./Libraries/CMSIS/DSP/Source/FilteringFunctions/arm_fir_decimate_f32.c ****   @ingroup groupFilters
  33:./Libraries/CMSIS/DSP/Source/FilteringFunctions/arm_fir_decimate_f32.c ****  */
  34:./Libraries/CMSIS/DSP/Source/FilteringFunctions/arm_fir_decimate_f32.c **** 
  35:./Libraries/CMSIS/DSP/Source/FilteringFunctions/arm_fir_decimate_f32.c **** /**
  36:./Libraries/CMSIS/DSP/Source/FilteringFunctions/arm_fir_decimate_f32.c ****   @defgroup FIR_decimate Finite Impulse Response (FIR) Decimator
  37:./Libraries/CMSIS/DSP/Source/FilteringFunctions/arm_fir_decimate_f32.c **** 
  38:./Libraries/CMSIS/DSP/Source/FilteringFunctions/arm_fir_decimate_f32.c ****   These functions combine an FIR filter together with a decimator.
  39:./Libraries/CMSIS/DSP/Source/FilteringFunctions/arm_fir_decimate_f32.c ****   They are used in multirate systems for reducing the sample rate of a signal without introducing a
  40:./Libraries/CMSIS/DSP/Source/FilteringFunctions/arm_fir_decimate_f32.c ****   Conceptually, the functions are equivalent to the block diagram below:
  41:./Libraries/CMSIS/DSP/Source/FilteringFunctions/arm_fir_decimate_f32.c ****   \image html FIRDecimator.gif "Components included in the FIR Decimator functions"
  42:./Libraries/CMSIS/DSP/Source/FilteringFunctions/arm_fir_decimate_f32.c ****   When decimating by a factor of <code>M</code>, the signal should be prefiltered by a lowpass filt
  43:./Libraries/CMSIS/DSP/Source/FilteringFunctions/arm_fir_decimate_f32.c ****   cutoff frequency of <code>1/M</code> in order to prevent aliasing distortion.
  44:./Libraries/CMSIS/DSP/Source/FilteringFunctions/arm_fir_decimate_f32.c ****   The user of the function is responsible for providing the filter coefficients.
  45:./Libraries/CMSIS/DSP/Source/FilteringFunctions/arm_fir_decimate_f32.c **** 
  46:./Libraries/CMSIS/DSP/Source/FilteringFunctions/arm_fir_decimate_f32.c ****   The FIR decimator functions provided in the CMSIS DSP Library combine the FIR filter and the deci
  47:./Libraries/CMSIS/DSP/Source/FilteringFunctions/arm_fir_decimate_f32.c ****   Instead of calculating all of the FIR filter outputs and discarding <code>M-1</code> out of every
  48:./Libraries/CMSIS/DSP/Source/FilteringFunctions/arm_fir_decimate_f32.c ****   samples output by the decimator are computed.
  49:./Libraries/CMSIS/DSP/Source/FilteringFunctions/arm_fir_decimate_f32.c ****   The functions operate on blocks of input and output data.
  50:./Libraries/CMSIS/DSP/Source/FilteringFunctions/arm_fir_decimate_f32.c ****   <code>pSrc</code> points to an array of <code>blockSize</code> input values and
  51:./Libraries/CMSIS/DSP/Source/FilteringFunctions/arm_fir_decimate_f32.c ****   <code>pDst</code> points to an array of <code>blockSize/M</code> output values.
  52:./Libraries/CMSIS/DSP/Source/FilteringFunctions/arm_fir_decimate_f32.c ****   In order to have an integer number of output samples <code>blockSize</code>
  53:./Libraries/CMSIS/DSP/Source/FilteringFunctions/arm_fir_decimate_f32.c ****   must always be a multiple of the decimation factor <code>M</code>.
  54:./Libraries/CMSIS/DSP/Source/FilteringFunctions/arm_fir_decimate_f32.c **** 
  55:./Libraries/CMSIS/DSP/Source/FilteringFunctions/arm_fir_decimate_f32.c ****   The library provides separate functions for Q15, Q31 and floating-point data types.
  56:./Libraries/CMSIS/DSP/Source/FilteringFunctions/arm_fir_decimate_f32.c **** 
  57:./Libraries/CMSIS/DSP/Source/FilteringFunctions/arm_fir_decimate_f32.c ****   @par           Algorithm:
  58:./Libraries/CMSIS/DSP/Source/FilteringFunctions/arm_fir_decimate_f32.c ****                    The FIR portion of the algorithm uses the standard form filter:
  59:./Libraries/CMSIS/DSP/Source/FilteringFunctions/arm_fir_decimate_f32.c ****   <pre>
  60:./Libraries/CMSIS/DSP/Source/FilteringFunctions/arm_fir_decimate_f32.c ****       y[n] = b[0] * x[n] + b[1] * x[n-1] + b[2] * x[n-2] + ...+ b[numTaps-1] * x[n-numTaps+1]
  61:./Libraries/CMSIS/DSP/Source/FilteringFunctions/arm_fir_decimate_f32.c ****   </pre>
  62:./Libraries/CMSIS/DSP/Source/FilteringFunctions/arm_fir_decimate_f32.c ****                    where, <code>b[n]</code> are the filter coefficients.
  63:./Libraries/CMSIS/DSP/Source/FilteringFunctions/arm_fir_decimate_f32.c ****   @par
  64:./Libraries/CMSIS/DSP/Source/FilteringFunctions/arm_fir_decimate_f32.c ****                    The <code>pCoeffs</code> points to a coefficient array of size <code>numTaps</co
  65:./Libraries/CMSIS/DSP/Source/FilteringFunctions/arm_fir_decimate_f32.c ****                    Coefficients are stored in time reversed order.
  66:./Libraries/CMSIS/DSP/Source/FilteringFunctions/arm_fir_decimate_f32.c ****   @par
  67:./Libraries/CMSIS/DSP/Source/FilteringFunctions/arm_fir_decimate_f32.c ****   <pre>
  68:./Libraries/CMSIS/DSP/Source/FilteringFunctions/arm_fir_decimate_f32.c ****       {b[numTaps-1], b[numTaps-2], b[N-2], ..., b[1], b[0]}
  69:./Libraries/CMSIS/DSP/Source/FilteringFunctions/arm_fir_decimate_f32.c ****   </pre>
  70:./Libraries/CMSIS/DSP/Source/FilteringFunctions/arm_fir_decimate_f32.c ****   @par
  71:./Libraries/CMSIS/DSP/Source/FilteringFunctions/arm_fir_decimate_f32.c ****                    <code>pState</code> points to a state array of size <code>numTaps + blockSize - 
  72:./Libraries/CMSIS/DSP/Source/FilteringFunctions/arm_fir_decimate_f32.c ****                    Samples in the state buffer are stored in the order:
  73:./Libraries/CMSIS/DSP/Source/FilteringFunctions/arm_fir_decimate_f32.c ****   @par
  74:./Libraries/CMSIS/DSP/Source/FilteringFunctions/arm_fir_decimate_f32.c ****   <pre>
  75:./Libraries/CMSIS/DSP/Source/FilteringFunctions/arm_fir_decimate_f32.c ****       {x[n-numTaps+1], x[n-numTaps], x[n-numTaps-1], x[n-numTaps-2]....x[0], x[1], ..., x[blockSize
  76:./Libraries/CMSIS/DSP/Source/FilteringFunctions/arm_fir_decimate_f32.c ****   </pre>
  77:./Libraries/CMSIS/DSP/Source/FilteringFunctions/arm_fir_decimate_f32.c ****                    The state variables are updated after each block of data is processed, the coeff
  78:./Libraries/CMSIS/DSP/Source/FilteringFunctions/arm_fir_decimate_f32.c **** 
  79:./Libraries/CMSIS/DSP/Source/FilteringFunctions/arm_fir_decimate_f32.c ****   @par           Instance Structure
  80:./Libraries/CMSIS/DSP/Source/FilteringFunctions/arm_fir_decimate_f32.c ****                    The coefficients and state variables for a filter are stored together in an inst
  81:./Libraries/CMSIS/DSP/Source/FilteringFunctions/arm_fir_decimate_f32.c ****                    A separate instance structure must be defined for each filter.
  82:./Libraries/CMSIS/DSP/Source/FilteringFunctions/arm_fir_decimate_f32.c ****                    Coefficient arrays may be shared among several instances while state variable ar
  83:./Libraries/CMSIS/DSP/Source/FilteringFunctions/arm_fir_decimate_f32.c ****                    There are separate instance structure declarations for each of the 3 supported d
  84:./Libraries/CMSIS/DSP/Source/FilteringFunctions/arm_fir_decimate_f32.c **** 
  85:./Libraries/CMSIS/DSP/Source/FilteringFunctions/arm_fir_decimate_f32.c ****  @par            Initialization Functions
  86:./Libraries/CMSIS/DSP/Source/FilteringFunctions/arm_fir_decimate_f32.c ****                    There is also an associated initialization function for each data type.
ARM GAS  /tmp/ccMdwCE8.s 			page 3


  87:./Libraries/CMSIS/DSP/Source/FilteringFunctions/arm_fir_decimate_f32.c ****                    The initialization function performs the following operations:
  88:./Libraries/CMSIS/DSP/Source/FilteringFunctions/arm_fir_decimate_f32.c ****                    - Sets the values of the internal structure fields.
  89:./Libraries/CMSIS/DSP/Source/FilteringFunctions/arm_fir_decimate_f32.c ****                    - Zeros out the values in the state buffer.
  90:./Libraries/CMSIS/DSP/Source/FilteringFunctions/arm_fir_decimate_f32.c ****                    - Checks to make sure that the size of the input is a multiple of the decimation
  91:./Libraries/CMSIS/DSP/Source/FilteringFunctions/arm_fir_decimate_f32.c ****                    To do this manually without calling the init function, assign the follow subfiel
  92:./Libraries/CMSIS/DSP/Source/FilteringFunctions/arm_fir_decimate_f32.c ****                    numTaps, pCoeffs, M (decimation factor), pState. Also set all of the values in p
  93:./Libraries/CMSIS/DSP/Source/FilteringFunctions/arm_fir_decimate_f32.c ****   @par
  94:./Libraries/CMSIS/DSP/Source/FilteringFunctions/arm_fir_decimate_f32.c ****                    Use of the initialization function is optional.
  95:./Libraries/CMSIS/DSP/Source/FilteringFunctions/arm_fir_decimate_f32.c ****                    However, if the initialization function is used, then the instance structure can
  96:./Libraries/CMSIS/DSP/Source/FilteringFunctions/arm_fir_decimate_f32.c ****                    To place an instance structure into a const data section, the instance structure
  97:./Libraries/CMSIS/DSP/Source/FilteringFunctions/arm_fir_decimate_f32.c ****                    The code below statically initializes each of the 3 different data type filter i
  98:./Libraries/CMSIS/DSP/Source/FilteringFunctions/arm_fir_decimate_f32.c ****   <pre>
  99:./Libraries/CMSIS/DSP/Source/FilteringFunctions/arm_fir_decimate_f32.c ****       arm_fir_decimate_instance_f32 S = {M, numTaps, pCoeffs, pState};
 100:./Libraries/CMSIS/DSP/Source/FilteringFunctions/arm_fir_decimate_f32.c ****       arm_fir_decimate_instance_q31 S = {M, numTaps, pCoeffs, pState};
 101:./Libraries/CMSIS/DSP/Source/FilteringFunctions/arm_fir_decimate_f32.c ****       arm_fir_decimate_instance_q15 S = {M, numTaps, pCoeffs, pState};
 102:./Libraries/CMSIS/DSP/Source/FilteringFunctions/arm_fir_decimate_f32.c ****   </pre>
 103:./Libraries/CMSIS/DSP/Source/FilteringFunctions/arm_fir_decimate_f32.c ****                    where <code>M</code> is the decimation factor; <code>numTaps</code> is the numbe
 104:./Libraries/CMSIS/DSP/Source/FilteringFunctions/arm_fir_decimate_f32.c ****                    <code>pCoeffs</code> is the address of the coefficient buffer;
 105:./Libraries/CMSIS/DSP/Source/FilteringFunctions/arm_fir_decimate_f32.c ****                    <code>pState</code> is the address of the state buffer.
 106:./Libraries/CMSIS/DSP/Source/FilteringFunctions/arm_fir_decimate_f32.c ****                    Be sure to set the values in the state buffer to zeros when doing static initial
 107:./Libraries/CMSIS/DSP/Source/FilteringFunctions/arm_fir_decimate_f32.c **** 
 108:./Libraries/CMSIS/DSP/Source/FilteringFunctions/arm_fir_decimate_f32.c ****   @par           Fixed-Point Behavior
 109:./Libraries/CMSIS/DSP/Source/FilteringFunctions/arm_fir_decimate_f32.c ****                    Care must be taken when using the fixed-point versions of the FIR decimate filte
 110:./Libraries/CMSIS/DSP/Source/FilteringFunctions/arm_fir_decimate_f32.c ****                    In particular, the overflow and saturation behavior of the accumulator used in e
 111:./Libraries/CMSIS/DSP/Source/FilteringFunctions/arm_fir_decimate_f32.c ****                    Refer to the function specific documentation below for usage guidelines.
 112:./Libraries/CMSIS/DSP/Source/FilteringFunctions/arm_fir_decimate_f32.c ****  */
 113:./Libraries/CMSIS/DSP/Source/FilteringFunctions/arm_fir_decimate_f32.c **** 
 114:./Libraries/CMSIS/DSP/Source/FilteringFunctions/arm_fir_decimate_f32.c **** /**
 115:./Libraries/CMSIS/DSP/Source/FilteringFunctions/arm_fir_decimate_f32.c ****   @addtogroup FIR_decimate
 116:./Libraries/CMSIS/DSP/Source/FilteringFunctions/arm_fir_decimate_f32.c ****   @{
 117:./Libraries/CMSIS/DSP/Source/FilteringFunctions/arm_fir_decimate_f32.c ****  */
 118:./Libraries/CMSIS/DSP/Source/FilteringFunctions/arm_fir_decimate_f32.c **** 
 119:./Libraries/CMSIS/DSP/Source/FilteringFunctions/arm_fir_decimate_f32.c **** /**
 120:./Libraries/CMSIS/DSP/Source/FilteringFunctions/arm_fir_decimate_f32.c ****   @brief         Processing function for floating-point FIR decimator.
 121:./Libraries/CMSIS/DSP/Source/FilteringFunctions/arm_fir_decimate_f32.c ****   @param[in]     S         points to an instance of the floating-point FIR decimator structure
 122:./Libraries/CMSIS/DSP/Source/FilteringFunctions/arm_fir_decimate_f32.c ****   @param[in]     pSrc      points to the block of input data
 123:./Libraries/CMSIS/DSP/Source/FilteringFunctions/arm_fir_decimate_f32.c ****   @param[out]    pDst      points to the block of output data
 124:./Libraries/CMSIS/DSP/Source/FilteringFunctions/arm_fir_decimate_f32.c ****   @param[in]     blockSize number of samples to process
 125:./Libraries/CMSIS/DSP/Source/FilteringFunctions/arm_fir_decimate_f32.c ****   @return        none
 126:./Libraries/CMSIS/DSP/Source/FilteringFunctions/arm_fir_decimate_f32.c ****  */
 127:./Libraries/CMSIS/DSP/Source/FilteringFunctions/arm_fir_decimate_f32.c **** 
 128:./Libraries/CMSIS/DSP/Source/FilteringFunctions/arm_fir_decimate_f32.c **** #if defined(ARM_MATH_NEON)
 129:./Libraries/CMSIS/DSP/Source/FilteringFunctions/arm_fir_decimate_f32.c **** void arm_fir_decimate_f32(
 130:./Libraries/CMSIS/DSP/Source/FilteringFunctions/arm_fir_decimate_f32.c ****   const arm_fir_decimate_instance_f32 * S,
 131:./Libraries/CMSIS/DSP/Source/FilteringFunctions/arm_fir_decimate_f32.c ****   const float32_t * pSrc,
 132:./Libraries/CMSIS/DSP/Source/FilteringFunctions/arm_fir_decimate_f32.c ****   float32_t * pDst,
 133:./Libraries/CMSIS/DSP/Source/FilteringFunctions/arm_fir_decimate_f32.c ****   uint32_t blockSize)
 134:./Libraries/CMSIS/DSP/Source/FilteringFunctions/arm_fir_decimate_f32.c **** {
 135:./Libraries/CMSIS/DSP/Source/FilteringFunctions/arm_fir_decimate_f32.c ****   float32_t *pState = S->pState;                 /* State pointer */
 136:./Libraries/CMSIS/DSP/Source/FilteringFunctions/arm_fir_decimate_f32.c ****   const float32_t *pCoeffs = S->pCoeffs;         /* Coefficient pointer */
 137:./Libraries/CMSIS/DSP/Source/FilteringFunctions/arm_fir_decimate_f32.c ****   float32_t *pStateCurnt;                        /* Points to the current sample of the state */
 138:./Libraries/CMSIS/DSP/Source/FilteringFunctions/arm_fir_decimate_f32.c ****   float32_t *px;                                 /* Temporary pointer for state buffer */
 139:./Libraries/CMSIS/DSP/Source/FilteringFunctions/arm_fir_decimate_f32.c ****   const float32_t *pb;                           /* Temporary pointer for coefficient buffer */
 140:./Libraries/CMSIS/DSP/Source/FilteringFunctions/arm_fir_decimate_f32.c ****   float32_t sum0;                                /* Accumulator */
 141:./Libraries/CMSIS/DSP/Source/FilteringFunctions/arm_fir_decimate_f32.c ****   float32_t x0, c0;                              /* Temporary variables to hold state and coefficie
 142:./Libraries/CMSIS/DSP/Source/FilteringFunctions/arm_fir_decimate_f32.c ****   uint32_t numTaps = S->numTaps;                 /* Number of filter coefficients in the filter */
 143:./Libraries/CMSIS/DSP/Source/FilteringFunctions/arm_fir_decimate_f32.c ****   uint32_t i, tapCnt, blkCnt, outBlockSize = blockSize / S->M;  /* Loop counters */
ARM GAS  /tmp/ccMdwCE8.s 			page 4


 144:./Libraries/CMSIS/DSP/Source/FilteringFunctions/arm_fir_decimate_f32.c **** 
 145:./Libraries/CMSIS/DSP/Source/FilteringFunctions/arm_fir_decimate_f32.c ****   uint32_t blkCntN4;
 146:./Libraries/CMSIS/DSP/Source/FilteringFunctions/arm_fir_decimate_f32.c ****   float32_t *px0, *px1, *px2, *px3;
 147:./Libraries/CMSIS/DSP/Source/FilteringFunctions/arm_fir_decimate_f32.c ****   float32_t acc0, acc1, acc2, acc3;
 148:./Libraries/CMSIS/DSP/Source/FilteringFunctions/arm_fir_decimate_f32.c ****   float32_t x1, x2, x3;
 149:./Libraries/CMSIS/DSP/Source/FilteringFunctions/arm_fir_decimate_f32.c **** 
 150:./Libraries/CMSIS/DSP/Source/FilteringFunctions/arm_fir_decimate_f32.c ****   float32x4_t accv,acc0v,acc1v,acc2v,acc3v;
 151:./Libraries/CMSIS/DSP/Source/FilteringFunctions/arm_fir_decimate_f32.c ****   float32x4_t x0v, x1v, x2v, x3v;
 152:./Libraries/CMSIS/DSP/Source/FilteringFunctions/arm_fir_decimate_f32.c ****   float32x4_t c0v;
 153:./Libraries/CMSIS/DSP/Source/FilteringFunctions/arm_fir_decimate_f32.c ****   float32x2_t temp;
 154:./Libraries/CMSIS/DSP/Source/FilteringFunctions/arm_fir_decimate_f32.c ****   float32x4_t sum0v;
 155:./Libraries/CMSIS/DSP/Source/FilteringFunctions/arm_fir_decimate_f32.c ****  
 156:./Libraries/CMSIS/DSP/Source/FilteringFunctions/arm_fir_decimate_f32.c ****   /* S->pState buffer contains previous frame (numTaps - 1) samples */
 157:./Libraries/CMSIS/DSP/Source/FilteringFunctions/arm_fir_decimate_f32.c ****   /* pStateCurnt points to the location where the new input data should be written */
 158:./Libraries/CMSIS/DSP/Source/FilteringFunctions/arm_fir_decimate_f32.c ****   pStateCurnt = S->pState + (numTaps - 1U);
 159:./Libraries/CMSIS/DSP/Source/FilteringFunctions/arm_fir_decimate_f32.c **** 
 160:./Libraries/CMSIS/DSP/Source/FilteringFunctions/arm_fir_decimate_f32.c ****   /* Total number of output samples to be computed */
 161:./Libraries/CMSIS/DSP/Source/FilteringFunctions/arm_fir_decimate_f32.c ****   blkCnt = outBlockSize / 4;
 162:./Libraries/CMSIS/DSP/Source/FilteringFunctions/arm_fir_decimate_f32.c ****   blkCntN4 = outBlockSize - (4 * blkCnt);
 163:./Libraries/CMSIS/DSP/Source/FilteringFunctions/arm_fir_decimate_f32.c **** 
 164:./Libraries/CMSIS/DSP/Source/FilteringFunctions/arm_fir_decimate_f32.c ****   while (blkCnt > 0U)
 165:./Libraries/CMSIS/DSP/Source/FilteringFunctions/arm_fir_decimate_f32.c ****   {
 166:./Libraries/CMSIS/DSP/Source/FilteringFunctions/arm_fir_decimate_f32.c ****     /* Copy 4 * decimation factor number of new input samples into the state buffer */
 167:./Libraries/CMSIS/DSP/Source/FilteringFunctions/arm_fir_decimate_f32.c ****     i = 4 * S->M;
 168:./Libraries/CMSIS/DSP/Source/FilteringFunctions/arm_fir_decimate_f32.c **** 
 169:./Libraries/CMSIS/DSP/Source/FilteringFunctions/arm_fir_decimate_f32.c ****     do
 170:./Libraries/CMSIS/DSP/Source/FilteringFunctions/arm_fir_decimate_f32.c ****     {
 171:./Libraries/CMSIS/DSP/Source/FilteringFunctions/arm_fir_decimate_f32.c ****       *pStateCurnt++ = *pSrc++;
 172:./Libraries/CMSIS/DSP/Source/FilteringFunctions/arm_fir_decimate_f32.c **** 
 173:./Libraries/CMSIS/DSP/Source/FilteringFunctions/arm_fir_decimate_f32.c ****     } while (--i);
 174:./Libraries/CMSIS/DSP/Source/FilteringFunctions/arm_fir_decimate_f32.c **** 
 175:./Libraries/CMSIS/DSP/Source/FilteringFunctions/arm_fir_decimate_f32.c ****     /* Set accumulators to zero */
 176:./Libraries/CMSIS/DSP/Source/FilteringFunctions/arm_fir_decimate_f32.c ****     acc0v = vdupq_n_f32(0.0);
 177:./Libraries/CMSIS/DSP/Source/FilteringFunctions/arm_fir_decimate_f32.c ****     acc1v = vdupq_n_f32(0.0);
 178:./Libraries/CMSIS/DSP/Source/FilteringFunctions/arm_fir_decimate_f32.c ****     acc2v = vdupq_n_f32(0.0);
 179:./Libraries/CMSIS/DSP/Source/FilteringFunctions/arm_fir_decimate_f32.c ****     acc3v = vdupq_n_f32(0.0);
 180:./Libraries/CMSIS/DSP/Source/FilteringFunctions/arm_fir_decimate_f32.c **** 
 181:./Libraries/CMSIS/DSP/Source/FilteringFunctions/arm_fir_decimate_f32.c ****     /* Initialize state pointer for all the samples */
 182:./Libraries/CMSIS/DSP/Source/FilteringFunctions/arm_fir_decimate_f32.c ****     px0 = pState;
 183:./Libraries/CMSIS/DSP/Source/FilteringFunctions/arm_fir_decimate_f32.c ****     px1 = pState + S->M;
 184:./Libraries/CMSIS/DSP/Source/FilteringFunctions/arm_fir_decimate_f32.c ****     px2 = pState + 2 * S->M;
 185:./Libraries/CMSIS/DSP/Source/FilteringFunctions/arm_fir_decimate_f32.c ****     px3 = pState + 3 * S->M;
 186:./Libraries/CMSIS/DSP/Source/FilteringFunctions/arm_fir_decimate_f32.c **** 
 187:./Libraries/CMSIS/DSP/Source/FilteringFunctions/arm_fir_decimate_f32.c ****     /* Initialize coeff pointer */
 188:./Libraries/CMSIS/DSP/Source/FilteringFunctions/arm_fir_decimate_f32.c ****     pb = pCoeffs;
 189:./Libraries/CMSIS/DSP/Source/FilteringFunctions/arm_fir_decimate_f32.c **** 
 190:./Libraries/CMSIS/DSP/Source/FilteringFunctions/arm_fir_decimate_f32.c ****     /* Process 4 taps at a time. */
 191:./Libraries/CMSIS/DSP/Source/FilteringFunctions/arm_fir_decimate_f32.c ****     tapCnt = numTaps >> 2;
 192:./Libraries/CMSIS/DSP/Source/FilteringFunctions/arm_fir_decimate_f32.c **** 
 193:./Libraries/CMSIS/DSP/Source/FilteringFunctions/arm_fir_decimate_f32.c ****     /* Loop over the number of taps. 
 194:./Libraries/CMSIS/DSP/Source/FilteringFunctions/arm_fir_decimate_f32.c ****      ** Repeat until we've computed numTaps-4 coefficients. */
 195:./Libraries/CMSIS/DSP/Source/FilteringFunctions/arm_fir_decimate_f32.c **** 
 196:./Libraries/CMSIS/DSP/Source/FilteringFunctions/arm_fir_decimate_f32.c ****     while (tapCnt > 0U)
 197:./Libraries/CMSIS/DSP/Source/FilteringFunctions/arm_fir_decimate_f32.c ****     {
 198:./Libraries/CMSIS/DSP/Source/FilteringFunctions/arm_fir_decimate_f32.c ****       /* Read the b[numTaps-1] coefficient */
 199:./Libraries/CMSIS/DSP/Source/FilteringFunctions/arm_fir_decimate_f32.c ****       c0v = vld1q_f32(pb);
 200:./Libraries/CMSIS/DSP/Source/FilteringFunctions/arm_fir_decimate_f32.c ****       pb += 4;
ARM GAS  /tmp/ccMdwCE8.s 			page 5


 201:./Libraries/CMSIS/DSP/Source/FilteringFunctions/arm_fir_decimate_f32.c **** 
 202:./Libraries/CMSIS/DSP/Source/FilteringFunctions/arm_fir_decimate_f32.c ****       /* Read x[n-numTaps-1] sample for acc0 */
 203:./Libraries/CMSIS/DSP/Source/FilteringFunctions/arm_fir_decimate_f32.c ****       x0v = vld1q_f32(px0);
 204:./Libraries/CMSIS/DSP/Source/FilteringFunctions/arm_fir_decimate_f32.c ****       x1v = vld1q_f32(px1);
 205:./Libraries/CMSIS/DSP/Source/FilteringFunctions/arm_fir_decimate_f32.c ****       x2v = vld1q_f32(px2);
 206:./Libraries/CMSIS/DSP/Source/FilteringFunctions/arm_fir_decimate_f32.c ****       x3v = vld1q_f32(px3);
 207:./Libraries/CMSIS/DSP/Source/FilteringFunctions/arm_fir_decimate_f32.c **** 
 208:./Libraries/CMSIS/DSP/Source/FilteringFunctions/arm_fir_decimate_f32.c ****       px0 += 4;
 209:./Libraries/CMSIS/DSP/Source/FilteringFunctions/arm_fir_decimate_f32.c ****       px1 += 4;
 210:./Libraries/CMSIS/DSP/Source/FilteringFunctions/arm_fir_decimate_f32.c ****       px2 += 4;
 211:./Libraries/CMSIS/DSP/Source/FilteringFunctions/arm_fir_decimate_f32.c ****       px3 += 4;
 212:./Libraries/CMSIS/DSP/Source/FilteringFunctions/arm_fir_decimate_f32.c ****      
 213:./Libraries/CMSIS/DSP/Source/FilteringFunctions/arm_fir_decimate_f32.c ****       acc0v = vmlaq_f32(acc0v, x0v, c0v);
 214:./Libraries/CMSIS/DSP/Source/FilteringFunctions/arm_fir_decimate_f32.c ****       acc1v = vmlaq_f32(acc1v, x1v, c0v);
 215:./Libraries/CMSIS/DSP/Source/FilteringFunctions/arm_fir_decimate_f32.c ****       acc2v = vmlaq_f32(acc2v, x2v, c0v);
 216:./Libraries/CMSIS/DSP/Source/FilteringFunctions/arm_fir_decimate_f32.c ****       acc3v = vmlaq_f32(acc3v, x3v, c0v);
 217:./Libraries/CMSIS/DSP/Source/FilteringFunctions/arm_fir_decimate_f32.c **** 
 218:./Libraries/CMSIS/DSP/Source/FilteringFunctions/arm_fir_decimate_f32.c ****       /* Decrement the loop counter */
 219:./Libraries/CMSIS/DSP/Source/FilteringFunctions/arm_fir_decimate_f32.c ****       tapCnt--;
 220:./Libraries/CMSIS/DSP/Source/FilteringFunctions/arm_fir_decimate_f32.c ****     }
 221:./Libraries/CMSIS/DSP/Source/FilteringFunctions/arm_fir_decimate_f32.c **** 
 222:./Libraries/CMSIS/DSP/Source/FilteringFunctions/arm_fir_decimate_f32.c ****     temp = vpadd_f32(vget_low_f32(acc0v),vget_high_f32(acc0v));
 223:./Libraries/CMSIS/DSP/Source/FilteringFunctions/arm_fir_decimate_f32.c ****     accv[0] = temp[0] + temp[1];
 224:./Libraries/CMSIS/DSP/Source/FilteringFunctions/arm_fir_decimate_f32.c **** 
 225:./Libraries/CMSIS/DSP/Source/FilteringFunctions/arm_fir_decimate_f32.c ****     temp = vpadd_f32(vget_low_f32(acc1v),vget_high_f32(acc1v));
 226:./Libraries/CMSIS/DSP/Source/FilteringFunctions/arm_fir_decimate_f32.c ****     accv[1] = temp[0] + temp[1];
 227:./Libraries/CMSIS/DSP/Source/FilteringFunctions/arm_fir_decimate_f32.c **** 
 228:./Libraries/CMSIS/DSP/Source/FilteringFunctions/arm_fir_decimate_f32.c ****     temp = vpadd_f32(vget_low_f32(acc2v),vget_high_f32(acc2v));
 229:./Libraries/CMSIS/DSP/Source/FilteringFunctions/arm_fir_decimate_f32.c ****     accv[2] = temp[0] + temp[1];
 230:./Libraries/CMSIS/DSP/Source/FilteringFunctions/arm_fir_decimate_f32.c **** 
 231:./Libraries/CMSIS/DSP/Source/FilteringFunctions/arm_fir_decimate_f32.c ****     temp = vpadd_f32(vget_low_f32(acc3v),vget_high_f32(acc3v));
 232:./Libraries/CMSIS/DSP/Source/FilteringFunctions/arm_fir_decimate_f32.c ****     accv[3] = temp[0] + temp[1];
 233:./Libraries/CMSIS/DSP/Source/FilteringFunctions/arm_fir_decimate_f32.c **** 
 234:./Libraries/CMSIS/DSP/Source/FilteringFunctions/arm_fir_decimate_f32.c ****     /* If the filter length is not a multiple of 4, compute the remaining filter taps */
 235:./Libraries/CMSIS/DSP/Source/FilteringFunctions/arm_fir_decimate_f32.c ****     tapCnt = numTaps % 0x4U;
 236:./Libraries/CMSIS/DSP/Source/FilteringFunctions/arm_fir_decimate_f32.c **** 
 237:./Libraries/CMSIS/DSP/Source/FilteringFunctions/arm_fir_decimate_f32.c ****     while (tapCnt > 0U)
 238:./Libraries/CMSIS/DSP/Source/FilteringFunctions/arm_fir_decimate_f32.c ****     {
 239:./Libraries/CMSIS/DSP/Source/FilteringFunctions/arm_fir_decimate_f32.c ****       /* Read coefficients */
 240:./Libraries/CMSIS/DSP/Source/FilteringFunctions/arm_fir_decimate_f32.c ****       c0 = *(pb++);
 241:./Libraries/CMSIS/DSP/Source/FilteringFunctions/arm_fir_decimate_f32.c **** 
 242:./Libraries/CMSIS/DSP/Source/FilteringFunctions/arm_fir_decimate_f32.c ****       /* Fetch  state variables for acc0, acc1, acc2, acc3 */
 243:./Libraries/CMSIS/DSP/Source/FilteringFunctions/arm_fir_decimate_f32.c ****       x0 = *(px0++);
 244:./Libraries/CMSIS/DSP/Source/FilteringFunctions/arm_fir_decimate_f32.c ****       x1 = *(px1++);
 245:./Libraries/CMSIS/DSP/Source/FilteringFunctions/arm_fir_decimate_f32.c ****       x2 = *(px2++);
 246:./Libraries/CMSIS/DSP/Source/FilteringFunctions/arm_fir_decimate_f32.c ****       x3 = *(px3++);
 247:./Libraries/CMSIS/DSP/Source/FilteringFunctions/arm_fir_decimate_f32.c **** 
 248:./Libraries/CMSIS/DSP/Source/FilteringFunctions/arm_fir_decimate_f32.c ****       /* Perform the multiply-accumulate */
 249:./Libraries/CMSIS/DSP/Source/FilteringFunctions/arm_fir_decimate_f32.c ****       accv[0] += x0 * c0;
 250:./Libraries/CMSIS/DSP/Source/FilteringFunctions/arm_fir_decimate_f32.c ****       accv[1] += x1 * c0;
 251:./Libraries/CMSIS/DSP/Source/FilteringFunctions/arm_fir_decimate_f32.c ****       accv[2] += x2 * c0;
 252:./Libraries/CMSIS/DSP/Source/FilteringFunctions/arm_fir_decimate_f32.c ****       accv[3] += x3 * c0;
 253:./Libraries/CMSIS/DSP/Source/FilteringFunctions/arm_fir_decimate_f32.c **** 
 254:./Libraries/CMSIS/DSP/Source/FilteringFunctions/arm_fir_decimate_f32.c ****       /* Decrement the loop counter */
 255:./Libraries/CMSIS/DSP/Source/FilteringFunctions/arm_fir_decimate_f32.c ****       tapCnt--;
 256:./Libraries/CMSIS/DSP/Source/FilteringFunctions/arm_fir_decimate_f32.c ****     }
 257:./Libraries/CMSIS/DSP/Source/FilteringFunctions/arm_fir_decimate_f32.c **** 
ARM GAS  /tmp/ccMdwCE8.s 			page 6


 258:./Libraries/CMSIS/DSP/Source/FilteringFunctions/arm_fir_decimate_f32.c ****     /* Advance the state pointer by the decimation factor
 259:./Libraries/CMSIS/DSP/Source/FilteringFunctions/arm_fir_decimate_f32.c ****      * to process the next group of decimation factor number samples */
 260:./Libraries/CMSIS/DSP/Source/FilteringFunctions/arm_fir_decimate_f32.c ****     pState = pState + 4 * S->M;
 261:./Libraries/CMSIS/DSP/Source/FilteringFunctions/arm_fir_decimate_f32.c **** 
 262:./Libraries/CMSIS/DSP/Source/FilteringFunctions/arm_fir_decimate_f32.c ****     /* The result is in the accumulator, store in the destination buffer. */
 263:./Libraries/CMSIS/DSP/Source/FilteringFunctions/arm_fir_decimate_f32.c ****     vst1q_f32(pDst,accv);
 264:./Libraries/CMSIS/DSP/Source/FilteringFunctions/arm_fir_decimate_f32.c ****     pDst += 4;
 265:./Libraries/CMSIS/DSP/Source/FilteringFunctions/arm_fir_decimate_f32.c **** 
 266:./Libraries/CMSIS/DSP/Source/FilteringFunctions/arm_fir_decimate_f32.c ****     /* Decrement the loop counter */
 267:./Libraries/CMSIS/DSP/Source/FilteringFunctions/arm_fir_decimate_f32.c ****     blkCnt--;
 268:./Libraries/CMSIS/DSP/Source/FilteringFunctions/arm_fir_decimate_f32.c ****   }
 269:./Libraries/CMSIS/DSP/Source/FilteringFunctions/arm_fir_decimate_f32.c **** 
 270:./Libraries/CMSIS/DSP/Source/FilteringFunctions/arm_fir_decimate_f32.c ****   while (blkCntN4 > 0U)
 271:./Libraries/CMSIS/DSP/Source/FilteringFunctions/arm_fir_decimate_f32.c ****   {
 272:./Libraries/CMSIS/DSP/Source/FilteringFunctions/arm_fir_decimate_f32.c ****     /* Copy decimation factor number of new input samples into the state buffer */
 273:./Libraries/CMSIS/DSP/Source/FilteringFunctions/arm_fir_decimate_f32.c ****     i = S->M;
 274:./Libraries/CMSIS/DSP/Source/FilteringFunctions/arm_fir_decimate_f32.c **** 
 275:./Libraries/CMSIS/DSP/Source/FilteringFunctions/arm_fir_decimate_f32.c ****     do
 276:./Libraries/CMSIS/DSP/Source/FilteringFunctions/arm_fir_decimate_f32.c ****     {
 277:./Libraries/CMSIS/DSP/Source/FilteringFunctions/arm_fir_decimate_f32.c ****       *pStateCurnt++ = *pSrc++;
 278:./Libraries/CMSIS/DSP/Source/FilteringFunctions/arm_fir_decimate_f32.c **** 
 279:./Libraries/CMSIS/DSP/Source/FilteringFunctions/arm_fir_decimate_f32.c ****     } while (--i);
 280:./Libraries/CMSIS/DSP/Source/FilteringFunctions/arm_fir_decimate_f32.c **** 
 281:./Libraries/CMSIS/DSP/Source/FilteringFunctions/arm_fir_decimate_f32.c ****     /* Set accumulator to zero */
 282:./Libraries/CMSIS/DSP/Source/FilteringFunctions/arm_fir_decimate_f32.c ****     sum0v =  vdupq_n_f32(0.0);
 283:./Libraries/CMSIS/DSP/Source/FilteringFunctions/arm_fir_decimate_f32.c **** 
 284:./Libraries/CMSIS/DSP/Source/FilteringFunctions/arm_fir_decimate_f32.c ****     /* Initialize state pointer */
 285:./Libraries/CMSIS/DSP/Source/FilteringFunctions/arm_fir_decimate_f32.c ****     px = pState;
 286:./Libraries/CMSIS/DSP/Source/FilteringFunctions/arm_fir_decimate_f32.c **** 
 287:./Libraries/CMSIS/DSP/Source/FilteringFunctions/arm_fir_decimate_f32.c ****     /* Initialize coeff pointer */
 288:./Libraries/CMSIS/DSP/Source/FilteringFunctions/arm_fir_decimate_f32.c ****     pb = pCoeffs;
 289:./Libraries/CMSIS/DSP/Source/FilteringFunctions/arm_fir_decimate_f32.c **** 
 290:./Libraries/CMSIS/DSP/Source/FilteringFunctions/arm_fir_decimate_f32.c ****     /* Process 4 taps at a time. */
 291:./Libraries/CMSIS/DSP/Source/FilteringFunctions/arm_fir_decimate_f32.c ****     tapCnt = numTaps >> 2;
 292:./Libraries/CMSIS/DSP/Source/FilteringFunctions/arm_fir_decimate_f32.c **** 
 293:./Libraries/CMSIS/DSP/Source/FilteringFunctions/arm_fir_decimate_f32.c ****     /* Loop over the number of taps.
 294:./Libraries/CMSIS/DSP/Source/FilteringFunctions/arm_fir_decimate_f32.c ****      ** Repeat until we've computed numTaps-4 coefficients. */
 295:./Libraries/CMSIS/DSP/Source/FilteringFunctions/arm_fir_decimate_f32.c ****     while (tapCnt > 0U)
 296:./Libraries/CMSIS/DSP/Source/FilteringFunctions/arm_fir_decimate_f32.c ****     {
 297:./Libraries/CMSIS/DSP/Source/FilteringFunctions/arm_fir_decimate_f32.c ****       c0v = vld1q_f32(pb);
 298:./Libraries/CMSIS/DSP/Source/FilteringFunctions/arm_fir_decimate_f32.c ****       pb += 4;
 299:./Libraries/CMSIS/DSP/Source/FilteringFunctions/arm_fir_decimate_f32.c **** 
 300:./Libraries/CMSIS/DSP/Source/FilteringFunctions/arm_fir_decimate_f32.c ****       x0v = vld1q_f32(px);
 301:./Libraries/CMSIS/DSP/Source/FilteringFunctions/arm_fir_decimate_f32.c ****       px += 4;
 302:./Libraries/CMSIS/DSP/Source/FilteringFunctions/arm_fir_decimate_f32.c **** 
 303:./Libraries/CMSIS/DSP/Source/FilteringFunctions/arm_fir_decimate_f32.c ****       sum0v = vmlaq_f32(sum0v, x0v, c0v);
 304:./Libraries/CMSIS/DSP/Source/FilteringFunctions/arm_fir_decimate_f32.c ****       
 305:./Libraries/CMSIS/DSP/Source/FilteringFunctions/arm_fir_decimate_f32.c ****       /* Decrement the loop counter */
 306:./Libraries/CMSIS/DSP/Source/FilteringFunctions/arm_fir_decimate_f32.c ****       tapCnt--;
 307:./Libraries/CMSIS/DSP/Source/FilteringFunctions/arm_fir_decimate_f32.c ****     }
 308:./Libraries/CMSIS/DSP/Source/FilteringFunctions/arm_fir_decimate_f32.c **** 
 309:./Libraries/CMSIS/DSP/Source/FilteringFunctions/arm_fir_decimate_f32.c ****     temp = vpadd_f32(vget_low_f32(sum0v),vget_high_f32(sum0v));
 310:./Libraries/CMSIS/DSP/Source/FilteringFunctions/arm_fir_decimate_f32.c ****     sum0 = temp[0] + temp[1];
 311:./Libraries/CMSIS/DSP/Source/FilteringFunctions/arm_fir_decimate_f32.c **** 
 312:./Libraries/CMSIS/DSP/Source/FilteringFunctions/arm_fir_decimate_f32.c ****     /* If the filter length is not a multiple of 4, compute the remaining filter taps */
 313:./Libraries/CMSIS/DSP/Source/FilteringFunctions/arm_fir_decimate_f32.c ****     tapCnt = numTaps % 0x4U;
 314:./Libraries/CMSIS/DSP/Source/FilteringFunctions/arm_fir_decimate_f32.c **** 
ARM GAS  /tmp/ccMdwCE8.s 			page 7


 315:./Libraries/CMSIS/DSP/Source/FilteringFunctions/arm_fir_decimate_f32.c ****     while (tapCnt > 0U)
 316:./Libraries/CMSIS/DSP/Source/FilteringFunctions/arm_fir_decimate_f32.c ****     {
 317:./Libraries/CMSIS/DSP/Source/FilteringFunctions/arm_fir_decimate_f32.c ****       /* Read coefficients */
 318:./Libraries/CMSIS/DSP/Source/FilteringFunctions/arm_fir_decimate_f32.c ****       c0 = *(pb++);
 319:./Libraries/CMSIS/DSP/Source/FilteringFunctions/arm_fir_decimate_f32.c **** 
 320:./Libraries/CMSIS/DSP/Source/FilteringFunctions/arm_fir_decimate_f32.c ****       /* Fetch 1 state variable */
 321:./Libraries/CMSIS/DSP/Source/FilteringFunctions/arm_fir_decimate_f32.c ****       x0 = *(px++);
 322:./Libraries/CMSIS/DSP/Source/FilteringFunctions/arm_fir_decimate_f32.c **** 
 323:./Libraries/CMSIS/DSP/Source/FilteringFunctions/arm_fir_decimate_f32.c ****       /* Perform the multiply-accumulate */
 324:./Libraries/CMSIS/DSP/Source/FilteringFunctions/arm_fir_decimate_f32.c ****       sum0 += x0 * c0;
 325:./Libraries/CMSIS/DSP/Source/FilteringFunctions/arm_fir_decimate_f32.c **** 
 326:./Libraries/CMSIS/DSP/Source/FilteringFunctions/arm_fir_decimate_f32.c ****       /* Decrement the loop counter */
 327:./Libraries/CMSIS/DSP/Source/FilteringFunctions/arm_fir_decimate_f32.c ****       tapCnt--;
 328:./Libraries/CMSIS/DSP/Source/FilteringFunctions/arm_fir_decimate_f32.c ****     }
 329:./Libraries/CMSIS/DSP/Source/FilteringFunctions/arm_fir_decimate_f32.c **** 
 330:./Libraries/CMSIS/DSP/Source/FilteringFunctions/arm_fir_decimate_f32.c ****     /* Advance the state pointer by the decimation factor
 331:./Libraries/CMSIS/DSP/Source/FilteringFunctions/arm_fir_decimate_f32.c ****      * to process the next group of decimation factor number samples */
 332:./Libraries/CMSIS/DSP/Source/FilteringFunctions/arm_fir_decimate_f32.c ****     pState = pState + S->M;
 333:./Libraries/CMSIS/DSP/Source/FilteringFunctions/arm_fir_decimate_f32.c **** 
 334:./Libraries/CMSIS/DSP/Source/FilteringFunctions/arm_fir_decimate_f32.c ****     /* The result is in the accumulator, store in the destination buffer. */
 335:./Libraries/CMSIS/DSP/Source/FilteringFunctions/arm_fir_decimate_f32.c ****     *pDst++ = sum0;
 336:./Libraries/CMSIS/DSP/Source/FilteringFunctions/arm_fir_decimate_f32.c **** 
 337:./Libraries/CMSIS/DSP/Source/FilteringFunctions/arm_fir_decimate_f32.c ****     /* Decrement the loop counter */
 338:./Libraries/CMSIS/DSP/Source/FilteringFunctions/arm_fir_decimate_f32.c ****     blkCntN4--;
 339:./Libraries/CMSIS/DSP/Source/FilteringFunctions/arm_fir_decimate_f32.c ****   }
 340:./Libraries/CMSIS/DSP/Source/FilteringFunctions/arm_fir_decimate_f32.c **** 
 341:./Libraries/CMSIS/DSP/Source/FilteringFunctions/arm_fir_decimate_f32.c ****   /* Processing is complete.
 342:./Libraries/CMSIS/DSP/Source/FilteringFunctions/arm_fir_decimate_f32.c ****    ** Now copy the last numTaps - 1 samples to the satrt of the state buffer.
 343:./Libraries/CMSIS/DSP/Source/FilteringFunctions/arm_fir_decimate_f32.c ****    ** This prepares the state buffer for the next function call. */
 344:./Libraries/CMSIS/DSP/Source/FilteringFunctions/arm_fir_decimate_f32.c **** 
 345:./Libraries/CMSIS/DSP/Source/FilteringFunctions/arm_fir_decimate_f32.c ****   /* Points to the start of the state buffer */
 346:./Libraries/CMSIS/DSP/Source/FilteringFunctions/arm_fir_decimate_f32.c ****   pStateCurnt = S->pState;
 347:./Libraries/CMSIS/DSP/Source/FilteringFunctions/arm_fir_decimate_f32.c **** 
 348:./Libraries/CMSIS/DSP/Source/FilteringFunctions/arm_fir_decimate_f32.c ****   i = (numTaps - 1U) >> 2;
 349:./Libraries/CMSIS/DSP/Source/FilteringFunctions/arm_fir_decimate_f32.c **** 
 350:./Libraries/CMSIS/DSP/Source/FilteringFunctions/arm_fir_decimate_f32.c ****   /* Copy data */
 351:./Libraries/CMSIS/DSP/Source/FilteringFunctions/arm_fir_decimate_f32.c ****   while (i > 0U)
 352:./Libraries/CMSIS/DSP/Source/FilteringFunctions/arm_fir_decimate_f32.c ****   {
 353:./Libraries/CMSIS/DSP/Source/FilteringFunctions/arm_fir_decimate_f32.c ****     sum0v = vld1q_f32(pState);
 354:./Libraries/CMSIS/DSP/Source/FilteringFunctions/arm_fir_decimate_f32.c ****     vst1q_f32(pStateCurnt,sum0v);
 355:./Libraries/CMSIS/DSP/Source/FilteringFunctions/arm_fir_decimate_f32.c ****     pState += 4;
 356:./Libraries/CMSIS/DSP/Source/FilteringFunctions/arm_fir_decimate_f32.c ****     pStateCurnt += 4;
 357:./Libraries/CMSIS/DSP/Source/FilteringFunctions/arm_fir_decimate_f32.c **** 
 358:./Libraries/CMSIS/DSP/Source/FilteringFunctions/arm_fir_decimate_f32.c ****     /* Decrement the loop counter */
 359:./Libraries/CMSIS/DSP/Source/FilteringFunctions/arm_fir_decimate_f32.c ****     i--;
 360:./Libraries/CMSIS/DSP/Source/FilteringFunctions/arm_fir_decimate_f32.c ****   }
 361:./Libraries/CMSIS/DSP/Source/FilteringFunctions/arm_fir_decimate_f32.c **** 
 362:./Libraries/CMSIS/DSP/Source/FilteringFunctions/arm_fir_decimate_f32.c ****   i = (numTaps - 1U) % 0x04U;
 363:./Libraries/CMSIS/DSP/Source/FilteringFunctions/arm_fir_decimate_f32.c **** 
 364:./Libraries/CMSIS/DSP/Source/FilteringFunctions/arm_fir_decimate_f32.c ****   /* Copy data */
 365:./Libraries/CMSIS/DSP/Source/FilteringFunctions/arm_fir_decimate_f32.c ****   while (i > 0U)
 366:./Libraries/CMSIS/DSP/Source/FilteringFunctions/arm_fir_decimate_f32.c ****   {
 367:./Libraries/CMSIS/DSP/Source/FilteringFunctions/arm_fir_decimate_f32.c ****     *pStateCurnt++ = *pState++;
 368:./Libraries/CMSIS/DSP/Source/FilteringFunctions/arm_fir_decimate_f32.c **** 
 369:./Libraries/CMSIS/DSP/Source/FilteringFunctions/arm_fir_decimate_f32.c ****     /* Decrement the loop counter */
 370:./Libraries/CMSIS/DSP/Source/FilteringFunctions/arm_fir_decimate_f32.c ****     i--;
 371:./Libraries/CMSIS/DSP/Source/FilteringFunctions/arm_fir_decimate_f32.c ****   }
ARM GAS  /tmp/ccMdwCE8.s 			page 8


 372:./Libraries/CMSIS/DSP/Source/FilteringFunctions/arm_fir_decimate_f32.c **** }
 373:./Libraries/CMSIS/DSP/Source/FilteringFunctions/arm_fir_decimate_f32.c **** #else
 374:./Libraries/CMSIS/DSP/Source/FilteringFunctions/arm_fir_decimate_f32.c **** void arm_fir_decimate_f32(
 375:./Libraries/CMSIS/DSP/Source/FilteringFunctions/arm_fir_decimate_f32.c ****   const arm_fir_decimate_instance_f32 * S,
 376:./Libraries/CMSIS/DSP/Source/FilteringFunctions/arm_fir_decimate_f32.c ****   const float32_t * pSrc,
 377:./Libraries/CMSIS/DSP/Source/FilteringFunctions/arm_fir_decimate_f32.c ****         float32_t * pDst,
 378:./Libraries/CMSIS/DSP/Source/FilteringFunctions/arm_fir_decimate_f32.c ****         uint32_t blockSize)
 379:./Libraries/CMSIS/DSP/Source/FilteringFunctions/arm_fir_decimate_f32.c **** {
  30              		.loc 1 379 1 view -0
  31              		.cfi_startproc
  32              		@ args = 0, pretend = 0, frame = 0
  33              		@ frame_needed = 0, uses_anonymous_args = 0
 380:./Libraries/CMSIS/DSP/Source/FilteringFunctions/arm_fir_decimate_f32.c ****         float32_t *pState = S->pState;                 /* State pointer */
  34              		.loc 1 380 9 view .LVU1
 379:./Libraries/CMSIS/DSP/Source/FilteringFunctions/arm_fir_decimate_f32.c ****         float32_t *pState = S->pState;                 /* State pointer */
  35              		.loc 1 379 1 is_stmt 0 view .LVU2
  36 0000 2DE9F04F 		push	{r4, r5, r6, r7, r8, r9, r10, fp, lr}
  37              	.LCFI0:
  38              		.cfi_def_cfa_offset 36
  39              		.cfi_offset 4, -36
  40              		.cfi_offset 5, -32
  41              		.cfi_offset 6, -28
  42              		.cfi_offset 7, -24
  43              		.cfi_offset 8, -20
  44              		.cfi_offset 9, -16
  45              		.cfi_offset 10, -12
  46              		.cfi_offset 11, -8
  47              		.cfi_offset 14, -4
 381:./Libraries/CMSIS/DSP/Source/FilteringFunctions/arm_fir_decimate_f32.c ****   const float32_t *pCoeffs = S->pCoeffs;               /* Coefficient pointer */
 382:./Libraries/CMSIS/DSP/Source/FilteringFunctions/arm_fir_decimate_f32.c ****         float32_t *pStateCur;                          /* Points to the current sample of the state
 383:./Libraries/CMSIS/DSP/Source/FilteringFunctions/arm_fir_decimate_f32.c ****         float32_t *px0;                                /* Temporary pointer for state buffer */
 384:./Libraries/CMSIS/DSP/Source/FilteringFunctions/arm_fir_decimate_f32.c ****   const float32_t *pb;                                 /* Temporary pointer for coefficient buffer 
 385:./Libraries/CMSIS/DSP/Source/FilteringFunctions/arm_fir_decimate_f32.c ****         float32_t x0, c0;                              /* Temporary variables to hold state and coe
 386:./Libraries/CMSIS/DSP/Source/FilteringFunctions/arm_fir_decimate_f32.c ****         float32_t acc0;                                /* Accumulator */
 387:./Libraries/CMSIS/DSP/Source/FilteringFunctions/arm_fir_decimate_f32.c ****         uint32_t numTaps = S->numTaps;                 /* Number of filter coefficients in the filt
 388:./Libraries/CMSIS/DSP/Source/FilteringFunctions/arm_fir_decimate_f32.c ****         uint32_t i, tapCnt, blkCnt, outBlockSize = blockSize / S->M;  /* Loop counters */
 389:./Libraries/CMSIS/DSP/Source/FilteringFunctions/arm_fir_decimate_f32.c **** 
 390:./Libraries/CMSIS/DSP/Source/FilteringFunctions/arm_fir_decimate_f32.c **** #if defined (ARM_MATH_LOOPUNROLL)
 391:./Libraries/CMSIS/DSP/Source/FilteringFunctions/arm_fir_decimate_f32.c ****         float32_t *px1, *px2, *px3;
 392:./Libraries/CMSIS/DSP/Source/FilteringFunctions/arm_fir_decimate_f32.c ****         float32_t x1, x2, x3;
 393:./Libraries/CMSIS/DSP/Source/FilteringFunctions/arm_fir_decimate_f32.c ****         float32_t acc1, acc2, acc3;
 394:./Libraries/CMSIS/DSP/Source/FilteringFunctions/arm_fir_decimate_f32.c **** #endif
 395:./Libraries/CMSIS/DSP/Source/FilteringFunctions/arm_fir_decimate_f32.c **** 
 396:./Libraries/CMSIS/DSP/Source/FilteringFunctions/arm_fir_decimate_f32.c ****   /* S->pState buffer contains previous frame (numTaps - 1) samples */
 397:./Libraries/CMSIS/DSP/Source/FilteringFunctions/arm_fir_decimate_f32.c ****   /* pStateCur points to the location where the new input data should be written */
 398:./Libraries/CMSIS/DSP/Source/FilteringFunctions/arm_fir_decimate_f32.c ****   pStateCur = S->pState + (numTaps - 1U);
  48              		.loc 1 398 25 view .LVU3
  49 0004 6FF04046 		mvn	r6, #-1073741824
 388:./Libraries/CMSIS/DSP/Source/FilteringFunctions/arm_fir_decimate_f32.c **** 
  50              		.loc 1 388 65 view .LVU4
  51 0008 90F80080 		ldrb	r8, [r0]	@ zero_extendqisi2
 387:./Libraries/CMSIS/DSP/Source/FilteringFunctions/arm_fir_decimate_f32.c ****         uint32_t i, tapCnt, blkCnt, outBlockSize = blockSize / S->M;  /* Loop counters */
  52              		.loc 1 387 18 view .LVU5
  53 000c 4488     		ldrh	r4, [r0, #2]
 380:./Libraries/CMSIS/DSP/Source/FilteringFunctions/arm_fir_decimate_f32.c ****   const float32_t *pCoeffs = S->pCoeffs;               /* Coefficient pointer */
  54              		.loc 1 380 20 view .LVU6
  55 000e D0F808E0 		ldr	lr, [r0, #8]
ARM GAS  /tmp/ccMdwCE8.s 			page 9


  56              	.LVL1:
 381:./Libraries/CMSIS/DSP/Source/FilteringFunctions/arm_fir_decimate_f32.c ****         float32_t *pStateCur;                          /* Points to the current sample of the state
  57              		.loc 1 381 3 is_stmt 1 view .LVU7
 399:./Libraries/CMSIS/DSP/Source/FilteringFunctions/arm_fir_decimate_f32.c **** 
 400:./Libraries/CMSIS/DSP/Source/FilteringFunctions/arm_fir_decimate_f32.c **** #if defined (ARM_MATH_LOOPUNROLL)
 401:./Libraries/CMSIS/DSP/Source/FilteringFunctions/arm_fir_decimate_f32.c **** 
 402:./Libraries/CMSIS/DSP/Source/FilteringFunctions/arm_fir_decimate_f32.c ****     /* Loop unrolling: Compute 4 samples at a time */
 403:./Libraries/CMSIS/DSP/Source/FilteringFunctions/arm_fir_decimate_f32.c ****   blkCnt = outBlockSize >> 2U;
 404:./Libraries/CMSIS/DSP/Source/FilteringFunctions/arm_fir_decimate_f32.c **** 
 405:./Libraries/CMSIS/DSP/Source/FilteringFunctions/arm_fir_decimate_f32.c ****   /* Samples loop unrolled by 4 */
 406:./Libraries/CMSIS/DSP/Source/FilteringFunctions/arm_fir_decimate_f32.c ****   while (blkCnt > 0U)
 407:./Libraries/CMSIS/DSP/Source/FilteringFunctions/arm_fir_decimate_f32.c ****   {
 408:./Libraries/CMSIS/DSP/Source/FilteringFunctions/arm_fir_decimate_f32.c ****     /* Copy 4 * decimation factor number of new input samples into the state buffer */
 409:./Libraries/CMSIS/DSP/Source/FilteringFunctions/arm_fir_decimate_f32.c ****     i = S->M * 4;
 410:./Libraries/CMSIS/DSP/Source/FilteringFunctions/arm_fir_decimate_f32.c **** 
 411:./Libraries/CMSIS/DSP/Source/FilteringFunctions/arm_fir_decimate_f32.c ****     do
 412:./Libraries/CMSIS/DSP/Source/FilteringFunctions/arm_fir_decimate_f32.c ****     {
 413:./Libraries/CMSIS/DSP/Source/FilteringFunctions/arm_fir_decimate_f32.c ****       *pStateCur++ = *pSrc++;
 414:./Libraries/CMSIS/DSP/Source/FilteringFunctions/arm_fir_decimate_f32.c **** 
 415:./Libraries/CMSIS/DSP/Source/FilteringFunctions/arm_fir_decimate_f32.c ****     } while (--i);
 416:./Libraries/CMSIS/DSP/Source/FilteringFunctions/arm_fir_decimate_f32.c **** 
 417:./Libraries/CMSIS/DSP/Source/FilteringFunctions/arm_fir_decimate_f32.c ****     /* Set accumulators to zero */
 418:./Libraries/CMSIS/DSP/Source/FilteringFunctions/arm_fir_decimate_f32.c ****     acc0 = 0.0f;
 419:./Libraries/CMSIS/DSP/Source/FilteringFunctions/arm_fir_decimate_f32.c ****     acc1 = 0.0f;
 420:./Libraries/CMSIS/DSP/Source/FilteringFunctions/arm_fir_decimate_f32.c ****     acc2 = 0.0f;
 421:./Libraries/CMSIS/DSP/Source/FilteringFunctions/arm_fir_decimate_f32.c ****     acc3 = 0.0f;
 422:./Libraries/CMSIS/DSP/Source/FilteringFunctions/arm_fir_decimate_f32.c **** 
 423:./Libraries/CMSIS/DSP/Source/FilteringFunctions/arm_fir_decimate_f32.c ****     /* Initialize state pointer for all the samples */
 424:./Libraries/CMSIS/DSP/Source/FilteringFunctions/arm_fir_decimate_f32.c ****     px0 = pState;
 425:./Libraries/CMSIS/DSP/Source/FilteringFunctions/arm_fir_decimate_f32.c ****     px1 = pState + S->M;
 426:./Libraries/CMSIS/DSP/Source/FilteringFunctions/arm_fir_decimate_f32.c ****     px2 = pState + 2 * S->M;
 427:./Libraries/CMSIS/DSP/Source/FilteringFunctions/arm_fir_decimate_f32.c ****     px3 = pState + 3 * S->M;
 428:./Libraries/CMSIS/DSP/Source/FilteringFunctions/arm_fir_decimate_f32.c **** 
 429:./Libraries/CMSIS/DSP/Source/FilteringFunctions/arm_fir_decimate_f32.c ****     /* Initialize coeff pointer */
 430:./Libraries/CMSIS/DSP/Source/FilteringFunctions/arm_fir_decimate_f32.c ****     pb = pCoeffs;
 431:./Libraries/CMSIS/DSP/Source/FilteringFunctions/arm_fir_decimate_f32.c **** 
 432:./Libraries/CMSIS/DSP/Source/FilteringFunctions/arm_fir_decimate_f32.c ****     /* Loop unrolling: Compute 4 taps at a time */
 433:./Libraries/CMSIS/DSP/Source/FilteringFunctions/arm_fir_decimate_f32.c ****     tapCnt = numTaps >> 2U;
 434:./Libraries/CMSIS/DSP/Source/FilteringFunctions/arm_fir_decimate_f32.c **** 
 435:./Libraries/CMSIS/DSP/Source/FilteringFunctions/arm_fir_decimate_f32.c ****     while (tapCnt > 0U)
 436:./Libraries/CMSIS/DSP/Source/FilteringFunctions/arm_fir_decimate_f32.c ****     {
 437:./Libraries/CMSIS/DSP/Source/FilteringFunctions/arm_fir_decimate_f32.c ****       /* Read the b[numTaps-1] coefficient */
 438:./Libraries/CMSIS/DSP/Source/FilteringFunctions/arm_fir_decimate_f32.c ****       c0 = *(pb++);
 439:./Libraries/CMSIS/DSP/Source/FilteringFunctions/arm_fir_decimate_f32.c **** 
 440:./Libraries/CMSIS/DSP/Source/FilteringFunctions/arm_fir_decimate_f32.c ****       /* Read x[n-numTaps-1] sample for acc0 */
 441:./Libraries/CMSIS/DSP/Source/FilteringFunctions/arm_fir_decimate_f32.c ****       x0 = *(px0++);
 442:./Libraries/CMSIS/DSP/Source/FilteringFunctions/arm_fir_decimate_f32.c ****       /* Read x[n-numTaps-1] sample for acc1 */
 443:./Libraries/CMSIS/DSP/Source/FilteringFunctions/arm_fir_decimate_f32.c ****       x1 = *(px1++);
 444:./Libraries/CMSIS/DSP/Source/FilteringFunctions/arm_fir_decimate_f32.c ****       /* Read x[n-numTaps-1] sample for acc2 */
 445:./Libraries/CMSIS/DSP/Source/FilteringFunctions/arm_fir_decimate_f32.c ****       x2 = *(px2++);
 446:./Libraries/CMSIS/DSP/Source/FilteringFunctions/arm_fir_decimate_f32.c ****       /* Read x[n-numTaps-1] sample for acc3 */
 447:./Libraries/CMSIS/DSP/Source/FilteringFunctions/arm_fir_decimate_f32.c ****       x3 = *(px3++);
 448:./Libraries/CMSIS/DSP/Source/FilteringFunctions/arm_fir_decimate_f32.c **** 
 449:./Libraries/CMSIS/DSP/Source/FilteringFunctions/arm_fir_decimate_f32.c ****       /* Perform the multiply-accumulate */
 450:./Libraries/CMSIS/DSP/Source/FilteringFunctions/arm_fir_decimate_f32.c ****       acc0 += x0 * c0;
 451:./Libraries/CMSIS/DSP/Source/FilteringFunctions/arm_fir_decimate_f32.c ****       acc1 += x1 * c0;
 452:./Libraries/CMSIS/DSP/Source/FilteringFunctions/arm_fir_decimate_f32.c ****       acc2 += x2 * c0;
ARM GAS  /tmp/ccMdwCE8.s 			page 10


 453:./Libraries/CMSIS/DSP/Source/FilteringFunctions/arm_fir_decimate_f32.c ****       acc3 += x3 * c0;
 454:./Libraries/CMSIS/DSP/Source/FilteringFunctions/arm_fir_decimate_f32.c **** 
 455:./Libraries/CMSIS/DSP/Source/FilteringFunctions/arm_fir_decimate_f32.c ****       /* Read the b[numTaps-2] coefficient */
 456:./Libraries/CMSIS/DSP/Source/FilteringFunctions/arm_fir_decimate_f32.c ****       c0 = *(pb++);
 457:./Libraries/CMSIS/DSP/Source/FilteringFunctions/arm_fir_decimate_f32.c **** 
 458:./Libraries/CMSIS/DSP/Source/FilteringFunctions/arm_fir_decimate_f32.c ****       /* Read x[n-numTaps-2] sample for acc0, acc1, acc2, acc3 */
 459:./Libraries/CMSIS/DSP/Source/FilteringFunctions/arm_fir_decimate_f32.c ****       x0 = *(px0++);
 460:./Libraries/CMSIS/DSP/Source/FilteringFunctions/arm_fir_decimate_f32.c ****       x1 = *(px1++);
 461:./Libraries/CMSIS/DSP/Source/FilteringFunctions/arm_fir_decimate_f32.c ****       x2 = *(px2++);
 462:./Libraries/CMSIS/DSP/Source/FilteringFunctions/arm_fir_decimate_f32.c ****       x3 = *(px3++);
 463:./Libraries/CMSIS/DSP/Source/FilteringFunctions/arm_fir_decimate_f32.c **** 
 464:./Libraries/CMSIS/DSP/Source/FilteringFunctions/arm_fir_decimate_f32.c ****       /* Perform the multiply-accumulate */
 465:./Libraries/CMSIS/DSP/Source/FilteringFunctions/arm_fir_decimate_f32.c ****       acc0 += x0 * c0;
 466:./Libraries/CMSIS/DSP/Source/FilteringFunctions/arm_fir_decimate_f32.c ****       acc1 += x1 * c0;
 467:./Libraries/CMSIS/DSP/Source/FilteringFunctions/arm_fir_decimate_f32.c ****       acc2 += x2 * c0;
 468:./Libraries/CMSIS/DSP/Source/FilteringFunctions/arm_fir_decimate_f32.c ****       acc3 += x3 * c0;
 469:./Libraries/CMSIS/DSP/Source/FilteringFunctions/arm_fir_decimate_f32.c **** 
 470:./Libraries/CMSIS/DSP/Source/FilteringFunctions/arm_fir_decimate_f32.c ****       /* Read the b[numTaps-3] coefficient */
 471:./Libraries/CMSIS/DSP/Source/FilteringFunctions/arm_fir_decimate_f32.c ****       c0 = *(pb++);
 472:./Libraries/CMSIS/DSP/Source/FilteringFunctions/arm_fir_decimate_f32.c **** 
 473:./Libraries/CMSIS/DSP/Source/FilteringFunctions/arm_fir_decimate_f32.c ****       /* Read x[n-numTaps-3] sample acc0, acc1, acc2, acc3 */
 474:./Libraries/CMSIS/DSP/Source/FilteringFunctions/arm_fir_decimate_f32.c ****       x0 = *(px0++);
 475:./Libraries/CMSIS/DSP/Source/FilteringFunctions/arm_fir_decimate_f32.c ****       x1 = *(px1++);
 476:./Libraries/CMSIS/DSP/Source/FilteringFunctions/arm_fir_decimate_f32.c ****       x2 = *(px2++);
 477:./Libraries/CMSIS/DSP/Source/FilteringFunctions/arm_fir_decimate_f32.c ****       x3 = *(px3++);
 478:./Libraries/CMSIS/DSP/Source/FilteringFunctions/arm_fir_decimate_f32.c **** 
 479:./Libraries/CMSIS/DSP/Source/FilteringFunctions/arm_fir_decimate_f32.c ****       /* Perform the multiply-accumulate */
 480:./Libraries/CMSIS/DSP/Source/FilteringFunctions/arm_fir_decimate_f32.c ****       acc0 += x0 * c0;
 481:./Libraries/CMSIS/DSP/Source/FilteringFunctions/arm_fir_decimate_f32.c ****       acc1 += x1 * c0;
 482:./Libraries/CMSIS/DSP/Source/FilteringFunctions/arm_fir_decimate_f32.c ****       acc2 += x2 * c0;
 483:./Libraries/CMSIS/DSP/Source/FilteringFunctions/arm_fir_decimate_f32.c ****       acc3 += x3 * c0;
 484:./Libraries/CMSIS/DSP/Source/FilteringFunctions/arm_fir_decimate_f32.c **** 
 485:./Libraries/CMSIS/DSP/Source/FilteringFunctions/arm_fir_decimate_f32.c ****       /* Read the b[numTaps-4] coefficient */
 486:./Libraries/CMSIS/DSP/Source/FilteringFunctions/arm_fir_decimate_f32.c ****       c0 = *(pb++);
 487:./Libraries/CMSIS/DSP/Source/FilteringFunctions/arm_fir_decimate_f32.c **** 
 488:./Libraries/CMSIS/DSP/Source/FilteringFunctions/arm_fir_decimate_f32.c ****       /* Read x[n-numTaps-4] sample acc0, acc1, acc2, acc3 */
 489:./Libraries/CMSIS/DSP/Source/FilteringFunctions/arm_fir_decimate_f32.c ****       x0 = *(px0++);
 490:./Libraries/CMSIS/DSP/Source/FilteringFunctions/arm_fir_decimate_f32.c ****       x1 = *(px1++);
 491:./Libraries/CMSIS/DSP/Source/FilteringFunctions/arm_fir_decimate_f32.c ****       x2 = *(px2++);
 492:./Libraries/CMSIS/DSP/Source/FilteringFunctions/arm_fir_decimate_f32.c ****       x3 = *(px3++);
 493:./Libraries/CMSIS/DSP/Source/FilteringFunctions/arm_fir_decimate_f32.c **** 
 494:./Libraries/CMSIS/DSP/Source/FilteringFunctions/arm_fir_decimate_f32.c ****       /* Perform the multiply-accumulate */
 495:./Libraries/CMSIS/DSP/Source/FilteringFunctions/arm_fir_decimate_f32.c ****       acc0 += x0 * c0;
 496:./Libraries/CMSIS/DSP/Source/FilteringFunctions/arm_fir_decimate_f32.c ****       acc1 += x1 * c0;
 497:./Libraries/CMSIS/DSP/Source/FilteringFunctions/arm_fir_decimate_f32.c ****       acc2 += x2 * c0;
 498:./Libraries/CMSIS/DSP/Source/FilteringFunctions/arm_fir_decimate_f32.c ****       acc3 += x3 * c0;
 499:./Libraries/CMSIS/DSP/Source/FilteringFunctions/arm_fir_decimate_f32.c **** 
 500:./Libraries/CMSIS/DSP/Source/FilteringFunctions/arm_fir_decimate_f32.c ****       /* Decrement loop counter */
 501:./Libraries/CMSIS/DSP/Source/FilteringFunctions/arm_fir_decimate_f32.c ****       tapCnt--;
 502:./Libraries/CMSIS/DSP/Source/FilteringFunctions/arm_fir_decimate_f32.c ****     }
 503:./Libraries/CMSIS/DSP/Source/FilteringFunctions/arm_fir_decimate_f32.c **** 
 504:./Libraries/CMSIS/DSP/Source/FilteringFunctions/arm_fir_decimate_f32.c ****     /* Loop unrolling: Compute remaining taps */
 505:./Libraries/CMSIS/DSP/Source/FilteringFunctions/arm_fir_decimate_f32.c ****     tapCnt = numTaps % 0x4U;
 506:./Libraries/CMSIS/DSP/Source/FilteringFunctions/arm_fir_decimate_f32.c **** 
 507:./Libraries/CMSIS/DSP/Source/FilteringFunctions/arm_fir_decimate_f32.c ****     while (tapCnt > 0U)
 508:./Libraries/CMSIS/DSP/Source/FilteringFunctions/arm_fir_decimate_f32.c ****     {
 509:./Libraries/CMSIS/DSP/Source/FilteringFunctions/arm_fir_decimate_f32.c ****       /* Read coefficients */
ARM GAS  /tmp/ccMdwCE8.s 			page 11


 510:./Libraries/CMSIS/DSP/Source/FilteringFunctions/arm_fir_decimate_f32.c ****       c0 = *(pb++);
 511:./Libraries/CMSIS/DSP/Source/FilteringFunctions/arm_fir_decimate_f32.c **** 
 512:./Libraries/CMSIS/DSP/Source/FilteringFunctions/arm_fir_decimate_f32.c ****       /* Fetch state variables for acc0, acc1, acc2, acc3 */
 513:./Libraries/CMSIS/DSP/Source/FilteringFunctions/arm_fir_decimate_f32.c ****       x0 = *(px0++);
 514:./Libraries/CMSIS/DSP/Source/FilteringFunctions/arm_fir_decimate_f32.c ****       x1 = *(px1++);
 515:./Libraries/CMSIS/DSP/Source/FilteringFunctions/arm_fir_decimate_f32.c ****       x2 = *(px2++);
 516:./Libraries/CMSIS/DSP/Source/FilteringFunctions/arm_fir_decimate_f32.c ****       x3 = *(px3++);
 517:./Libraries/CMSIS/DSP/Source/FilteringFunctions/arm_fir_decimate_f32.c **** 
 518:./Libraries/CMSIS/DSP/Source/FilteringFunctions/arm_fir_decimate_f32.c ****       /* Perform the multiply-accumulate */
 519:./Libraries/CMSIS/DSP/Source/FilteringFunctions/arm_fir_decimate_f32.c ****       acc0 += x0 * c0;
 520:./Libraries/CMSIS/DSP/Source/FilteringFunctions/arm_fir_decimate_f32.c ****       acc1 += x1 * c0;
 521:./Libraries/CMSIS/DSP/Source/FilteringFunctions/arm_fir_decimate_f32.c ****       acc2 += x2 * c0;
 522:./Libraries/CMSIS/DSP/Source/FilteringFunctions/arm_fir_decimate_f32.c ****       acc3 += x3 * c0;
 523:./Libraries/CMSIS/DSP/Source/FilteringFunctions/arm_fir_decimate_f32.c **** 
 524:./Libraries/CMSIS/DSP/Source/FilteringFunctions/arm_fir_decimate_f32.c ****       /* Decrement loop counter */
 525:./Libraries/CMSIS/DSP/Source/FilteringFunctions/arm_fir_decimate_f32.c ****       tapCnt--;
 526:./Libraries/CMSIS/DSP/Source/FilteringFunctions/arm_fir_decimate_f32.c ****     }
 527:./Libraries/CMSIS/DSP/Source/FilteringFunctions/arm_fir_decimate_f32.c **** 
 528:./Libraries/CMSIS/DSP/Source/FilteringFunctions/arm_fir_decimate_f32.c ****     /* Advance the state pointer by the decimation factor
 529:./Libraries/CMSIS/DSP/Source/FilteringFunctions/arm_fir_decimate_f32.c ****      * to process the next group of decimation factor number samples */
 530:./Libraries/CMSIS/DSP/Source/FilteringFunctions/arm_fir_decimate_f32.c ****     pState = pState + S->M * 4;
 531:./Libraries/CMSIS/DSP/Source/FilteringFunctions/arm_fir_decimate_f32.c **** 
 532:./Libraries/CMSIS/DSP/Source/FilteringFunctions/arm_fir_decimate_f32.c ****     /* The result is in the accumulator, store in the destination buffer. */
 533:./Libraries/CMSIS/DSP/Source/FilteringFunctions/arm_fir_decimate_f32.c ****     *pDst++ = acc0;
 534:./Libraries/CMSIS/DSP/Source/FilteringFunctions/arm_fir_decimate_f32.c ****     *pDst++ = acc1;
 535:./Libraries/CMSIS/DSP/Source/FilteringFunctions/arm_fir_decimate_f32.c ****     *pDst++ = acc2;
 536:./Libraries/CMSIS/DSP/Source/FilteringFunctions/arm_fir_decimate_f32.c ****     *pDst++ = acc3;
 537:./Libraries/CMSIS/DSP/Source/FilteringFunctions/arm_fir_decimate_f32.c **** 
 538:./Libraries/CMSIS/DSP/Source/FilteringFunctions/arm_fir_decimate_f32.c ****     /* Decrement loop counter */
 539:./Libraries/CMSIS/DSP/Source/FilteringFunctions/arm_fir_decimate_f32.c ****     blkCnt--;
 540:./Libraries/CMSIS/DSP/Source/FilteringFunctions/arm_fir_decimate_f32.c ****   }
 541:./Libraries/CMSIS/DSP/Source/FilteringFunctions/arm_fir_decimate_f32.c **** 
 542:./Libraries/CMSIS/DSP/Source/FilteringFunctions/arm_fir_decimate_f32.c ****   /* Loop unrolling: Compute remaining samples */
 543:./Libraries/CMSIS/DSP/Source/FilteringFunctions/arm_fir_decimate_f32.c ****   blkCnt = outBlockSize % 0x4U;
 544:./Libraries/CMSIS/DSP/Source/FilteringFunctions/arm_fir_decimate_f32.c **** 
 545:./Libraries/CMSIS/DSP/Source/FilteringFunctions/arm_fir_decimate_f32.c **** #else
 546:./Libraries/CMSIS/DSP/Source/FilteringFunctions/arm_fir_decimate_f32.c **** 
 547:./Libraries/CMSIS/DSP/Source/FilteringFunctions/arm_fir_decimate_f32.c ****   /* Initialize blkCnt with number of samples */
 548:./Libraries/CMSIS/DSP/Source/FilteringFunctions/arm_fir_decimate_f32.c ****   blkCnt = outBlockSize;
 549:./Libraries/CMSIS/DSP/Source/FilteringFunctions/arm_fir_decimate_f32.c **** 
 550:./Libraries/CMSIS/DSP/Source/FilteringFunctions/arm_fir_decimate_f32.c **** #endif /* #if defined (ARM_MATH_LOOPUNROLL) */
 551:./Libraries/CMSIS/DSP/Source/FilteringFunctions/arm_fir_decimate_f32.c **** 
 552:./Libraries/CMSIS/DSP/Source/FilteringFunctions/arm_fir_decimate_f32.c ****   while (blkCnt > 0U)
  58              		.loc 1 552 9 is_stmt 0 view .LVU8
  59 0012 9845     		cmp	r8, r3
 398:./Libraries/CMSIS/DSP/Source/FilteringFunctions/arm_fir_decimate_f32.c **** 
  60              		.loc 1 398 25 view .LVU9
  61 0014 2644     		add	r6, r6, r4
 381:./Libraries/CMSIS/DSP/Source/FilteringFunctions/arm_fir_decimate_f32.c ****         float32_t *pStateCur;                          /* Points to the current sample of the state
  62              		.loc 1 381 20 view .LVU10
  63 0016 D0F80490 		ldr	r9, [r0, #4]
  64              	.LVL2:
 382:./Libraries/CMSIS/DSP/Source/FilteringFunctions/arm_fir_decimate_f32.c ****         float32_t *px0;                                /* Temporary pointer for state buffer */
  65              		.loc 1 382 9 is_stmt 1 view .LVU11
 383:./Libraries/CMSIS/DSP/Source/FilteringFunctions/arm_fir_decimate_f32.c ****   const float32_t *pb;                                 /* Temporary pointer for coefficient buffer 
  66              		.loc 1 383 9 view .LVU12
 384:./Libraries/CMSIS/DSP/Source/FilteringFunctions/arm_fir_decimate_f32.c ****         float32_t x0, c0;                              /* Temporary variables to hold state and coe
ARM GAS  /tmp/ccMdwCE8.s 			page 12


  67              		.loc 1 384 3 view .LVU13
 385:./Libraries/CMSIS/DSP/Source/FilteringFunctions/arm_fir_decimate_f32.c ****         float32_t acc0;                                /* Accumulator */
  68              		.loc 1 385 9 view .LVU14
 386:./Libraries/CMSIS/DSP/Source/FilteringFunctions/arm_fir_decimate_f32.c ****         uint32_t numTaps = S->numTaps;                 /* Number of filter coefficients in the filt
  69              		.loc 1 386 9 view .LVU15
 387:./Libraries/CMSIS/DSP/Source/FilteringFunctions/arm_fir_decimate_f32.c ****         uint32_t i, tapCnt, blkCnt, outBlockSize = blockSize / S->M;  /* Loop counters */
  70              		.loc 1 387 9 view .LVU16
 388:./Libraries/CMSIS/DSP/Source/FilteringFunctions/arm_fir_decimate_f32.c **** 
  71              		.loc 1 388 9 view .LVU17
 388:./Libraries/CMSIS/DSP/Source/FilteringFunctions/arm_fir_decimate_f32.c **** 
  72              		.loc 1 388 37 is_stmt 0 view .LVU18
  73 001a B3FBF8FA 		udiv	r10, r3, r8
  74              	.LVL3:
 398:./Libraries/CMSIS/DSP/Source/FilteringFunctions/arm_fir_decimate_f32.c **** 
  75              		.loc 1 398 3 is_stmt 1 view .LVU19
 398:./Libraries/CMSIS/DSP/Source/FilteringFunctions/arm_fir_decimate_f32.c **** 
  76              		.loc 1 398 13 is_stmt 0 view .LVU20
  77 001e 0EEB8606 		add	r6, lr, r6, lsl #2
  78              	.LVL4:
 548:./Libraries/CMSIS/DSP/Source/FilteringFunctions/arm_fir_decimate_f32.c **** 
  79              		.loc 1 548 3 is_stmt 1 view .LVU21
  80              		.loc 1 552 3 view .LVU22
  81              		.loc 1 552 9 view .LVU23
  82 0022 34D8     		bhi	.L9
 553:./Libraries/CMSIS/DSP/Source/FilteringFunctions/arm_fir_decimate_f32.c ****   {
 554:./Libraries/CMSIS/DSP/Source/FilteringFunctions/arm_fir_decimate_f32.c ****     /* Copy decimation factor number of new input samples into the state buffer */
 555:./Libraries/CMSIS/DSP/Source/FilteringFunctions/arm_fir_decimate_f32.c ****     i = S->M;
 556:./Libraries/CMSIS/DSP/Source/FilteringFunctions/arm_fir_decimate_f32.c **** 
 557:./Libraries/CMSIS/DSP/Source/FilteringFunctions/arm_fir_decimate_f32.c ****     do
 558:./Libraries/CMSIS/DSP/Source/FilteringFunctions/arm_fir_decimate_f32.c ****     {
 559:./Libraries/CMSIS/DSP/Source/FilteringFunctions/arm_fir_decimate_f32.c ****       *pStateCur++ = *pSrc++;
 560:./Libraries/CMSIS/DSP/Source/FilteringFunctions/arm_fir_decimate_f32.c **** 
 561:./Libraries/CMSIS/DSP/Source/FilteringFunctions/arm_fir_decimate_f32.c ****     } while (--i);
 562:./Libraries/CMSIS/DSP/Source/FilteringFunctions/arm_fir_decimate_f32.c **** 
 563:./Libraries/CMSIS/DSP/Source/FilteringFunctions/arm_fir_decimate_f32.c ****     /* Set accumulator to zero */
 564:./Libraries/CMSIS/DSP/Source/FilteringFunctions/arm_fir_decimate_f32.c ****     acc0 = 0.0f;
 565:./Libraries/CMSIS/DSP/Source/FilteringFunctions/arm_fir_decimate_f32.c **** 
 566:./Libraries/CMSIS/DSP/Source/FilteringFunctions/arm_fir_decimate_f32.c ****     /* Initialize state pointer */
 567:./Libraries/CMSIS/DSP/Source/FilteringFunctions/arm_fir_decimate_f32.c ****     px0 = pState;
 568:./Libraries/CMSIS/DSP/Source/FilteringFunctions/arm_fir_decimate_f32.c **** 
 569:./Libraries/CMSIS/DSP/Source/FilteringFunctions/arm_fir_decimate_f32.c ****     /* Initialize coeff pointer */
 570:./Libraries/CMSIS/DSP/Source/FilteringFunctions/arm_fir_decimate_f32.c ****     pb = pCoeffs;
 571:./Libraries/CMSIS/DSP/Source/FilteringFunctions/arm_fir_decimate_f32.c **** 
 572:./Libraries/CMSIS/DSP/Source/FilteringFunctions/arm_fir_decimate_f32.c **** #if defined (ARM_MATH_LOOPUNROLL)
 573:./Libraries/CMSIS/DSP/Source/FilteringFunctions/arm_fir_decimate_f32.c **** 
 574:./Libraries/CMSIS/DSP/Source/FilteringFunctions/arm_fir_decimate_f32.c ****     /* Loop unrolling: Compute 4 taps at a time */
 575:./Libraries/CMSIS/DSP/Source/FilteringFunctions/arm_fir_decimate_f32.c ****     tapCnt = numTaps >> 2U;
 576:./Libraries/CMSIS/DSP/Source/FilteringFunctions/arm_fir_decimate_f32.c **** 
 577:./Libraries/CMSIS/DSP/Source/FilteringFunctions/arm_fir_decimate_f32.c ****     while (tapCnt > 0U)
 578:./Libraries/CMSIS/DSP/Source/FilteringFunctions/arm_fir_decimate_f32.c ****     {
 579:./Libraries/CMSIS/DSP/Source/FilteringFunctions/arm_fir_decimate_f32.c ****       /* Read the b[numTaps-1] coefficient */
 580:./Libraries/CMSIS/DSP/Source/FilteringFunctions/arm_fir_decimate_f32.c ****       c0 = *pb++;
 581:./Libraries/CMSIS/DSP/Source/FilteringFunctions/arm_fir_decimate_f32.c **** 
 582:./Libraries/CMSIS/DSP/Source/FilteringFunctions/arm_fir_decimate_f32.c ****       /* Read x[n-numTaps-1] sample */
 583:./Libraries/CMSIS/DSP/Source/FilteringFunctions/arm_fir_decimate_f32.c ****       x0 = *px0++;
 584:./Libraries/CMSIS/DSP/Source/FilteringFunctions/arm_fir_decimate_f32.c **** 
 585:./Libraries/CMSIS/DSP/Source/FilteringFunctions/arm_fir_decimate_f32.c ****       /* Perform the multiply-accumulate */
ARM GAS  /tmp/ccMdwCE8.s 			page 13


 586:./Libraries/CMSIS/DSP/Source/FilteringFunctions/arm_fir_decimate_f32.c ****       acc0 += x0 * c0;
 587:./Libraries/CMSIS/DSP/Source/FilteringFunctions/arm_fir_decimate_f32.c **** 
 588:./Libraries/CMSIS/DSP/Source/FilteringFunctions/arm_fir_decimate_f32.c ****       /* Read the b[numTaps-2] coefficient */
 589:./Libraries/CMSIS/DSP/Source/FilteringFunctions/arm_fir_decimate_f32.c ****       c0 = *pb++;
 590:./Libraries/CMSIS/DSP/Source/FilteringFunctions/arm_fir_decimate_f32.c **** 
 591:./Libraries/CMSIS/DSP/Source/FilteringFunctions/arm_fir_decimate_f32.c ****       /* Read x[n-numTaps-2] sample */
 592:./Libraries/CMSIS/DSP/Source/FilteringFunctions/arm_fir_decimate_f32.c ****       x0 = *px0++;
 593:./Libraries/CMSIS/DSP/Source/FilteringFunctions/arm_fir_decimate_f32.c **** 
 594:./Libraries/CMSIS/DSP/Source/FilteringFunctions/arm_fir_decimate_f32.c ****       /* Perform the multiply-accumulate */
 595:./Libraries/CMSIS/DSP/Source/FilteringFunctions/arm_fir_decimate_f32.c ****       acc0 += x0 * c0;
 596:./Libraries/CMSIS/DSP/Source/FilteringFunctions/arm_fir_decimate_f32.c **** 
 597:./Libraries/CMSIS/DSP/Source/FilteringFunctions/arm_fir_decimate_f32.c ****       /* Read the b[numTaps-3] coefficient */
 598:./Libraries/CMSIS/DSP/Source/FilteringFunctions/arm_fir_decimate_f32.c ****       c0 = *pb++;
 599:./Libraries/CMSIS/DSP/Source/FilteringFunctions/arm_fir_decimate_f32.c **** 
 600:./Libraries/CMSIS/DSP/Source/FilteringFunctions/arm_fir_decimate_f32.c ****       /* Read x[n-numTaps-3] sample */
 601:./Libraries/CMSIS/DSP/Source/FilteringFunctions/arm_fir_decimate_f32.c ****       x0 = *px0++;
 602:./Libraries/CMSIS/DSP/Source/FilteringFunctions/arm_fir_decimate_f32.c **** 
 603:./Libraries/CMSIS/DSP/Source/FilteringFunctions/arm_fir_decimate_f32.c ****       /* Perform the multiply-accumulate */
 604:./Libraries/CMSIS/DSP/Source/FilteringFunctions/arm_fir_decimate_f32.c ****       acc0 += x0 * c0;
 605:./Libraries/CMSIS/DSP/Source/FilteringFunctions/arm_fir_decimate_f32.c **** 
 606:./Libraries/CMSIS/DSP/Source/FilteringFunctions/arm_fir_decimate_f32.c ****       /* Read the b[numTaps-4] coefficient */
 607:./Libraries/CMSIS/DSP/Source/FilteringFunctions/arm_fir_decimate_f32.c ****       c0 = *pb++;
 608:./Libraries/CMSIS/DSP/Source/FilteringFunctions/arm_fir_decimate_f32.c **** 
 609:./Libraries/CMSIS/DSP/Source/FilteringFunctions/arm_fir_decimate_f32.c ****       /* Read x[n-numTaps-4] sample */
 610:./Libraries/CMSIS/DSP/Source/FilteringFunctions/arm_fir_decimate_f32.c ****       x0 = *px0++;
 611:./Libraries/CMSIS/DSP/Source/FilteringFunctions/arm_fir_decimate_f32.c **** 
 612:./Libraries/CMSIS/DSP/Source/FilteringFunctions/arm_fir_decimate_f32.c ****       /* Perform the multiply-accumulate */
 613:./Libraries/CMSIS/DSP/Source/FilteringFunctions/arm_fir_decimate_f32.c ****       acc0 += x0 * c0;
 614:./Libraries/CMSIS/DSP/Source/FilteringFunctions/arm_fir_decimate_f32.c **** 
 615:./Libraries/CMSIS/DSP/Source/FilteringFunctions/arm_fir_decimate_f32.c ****       /* Decrement loop counter */
 616:./Libraries/CMSIS/DSP/Source/FilteringFunctions/arm_fir_decimate_f32.c ****       tapCnt--;
 617:./Libraries/CMSIS/DSP/Source/FilteringFunctions/arm_fir_decimate_f32.c ****     }
 618:./Libraries/CMSIS/DSP/Source/FilteringFunctions/arm_fir_decimate_f32.c **** 
 619:./Libraries/CMSIS/DSP/Source/FilteringFunctions/arm_fir_decimate_f32.c ****     /* Loop unrolling: Compute remaining taps */
 620:./Libraries/CMSIS/DSP/Source/FilteringFunctions/arm_fir_decimate_f32.c ****     tapCnt = numTaps % 0x4U;
 621:./Libraries/CMSIS/DSP/Source/FilteringFunctions/arm_fir_decimate_f32.c **** 
 622:./Libraries/CMSIS/DSP/Source/FilteringFunctions/arm_fir_decimate_f32.c **** #else
 623:./Libraries/CMSIS/DSP/Source/FilteringFunctions/arm_fir_decimate_f32.c **** 
 624:./Libraries/CMSIS/DSP/Source/FilteringFunctions/arm_fir_decimate_f32.c ****     /* Initialize tapCnt with number of taps */
 625:./Libraries/CMSIS/DSP/Source/FilteringFunctions/arm_fir_decimate_f32.c ****     tapCnt = numTaps;
 626:./Libraries/CMSIS/DSP/Source/FilteringFunctions/arm_fir_decimate_f32.c **** 
 627:./Libraries/CMSIS/DSP/Source/FilteringFunctions/arm_fir_decimate_f32.c **** #endif /* #if defined (ARM_MATH_LOOPUNROLL) */
 628:./Libraries/CMSIS/DSP/Source/FilteringFunctions/arm_fir_decimate_f32.c **** 
 629:./Libraries/CMSIS/DSP/Source/FilteringFunctions/arm_fir_decimate_f32.c ****     while (tapCnt > 0U)
 630:./Libraries/CMSIS/DSP/Source/FilteringFunctions/arm_fir_decimate_f32.c ****     {
 631:./Libraries/CMSIS/DSP/Source/FilteringFunctions/arm_fir_decimate_f32.c ****       /* Read coefficients */
 632:./Libraries/CMSIS/DSP/Source/FilteringFunctions/arm_fir_decimate_f32.c ****       c0 = *pb++;
 633:./Libraries/CMSIS/DSP/Source/FilteringFunctions/arm_fir_decimate_f32.c **** 
 634:./Libraries/CMSIS/DSP/Source/FilteringFunctions/arm_fir_decimate_f32.c ****       /* Fetch 1 state variable */
 635:./Libraries/CMSIS/DSP/Source/FilteringFunctions/arm_fir_decimate_f32.c ****       x0 = *px0++;
 636:./Libraries/CMSIS/DSP/Source/FilteringFunctions/arm_fir_decimate_f32.c **** 
 637:./Libraries/CMSIS/DSP/Source/FilteringFunctions/arm_fir_decimate_f32.c ****       /* Perform the multiply-accumulate */
 638:./Libraries/CMSIS/DSP/Source/FilteringFunctions/arm_fir_decimate_f32.c ****       acc0 += x0 * c0;
 639:./Libraries/CMSIS/DSP/Source/FilteringFunctions/arm_fir_decimate_f32.c **** 
 640:./Libraries/CMSIS/DSP/Source/FilteringFunctions/arm_fir_decimate_f32.c ****       /* Decrement loop counter */
 641:./Libraries/CMSIS/DSP/Source/FilteringFunctions/arm_fir_decimate_f32.c ****       tapCnt--;
 642:./Libraries/CMSIS/DSP/Source/FilteringFunctions/arm_fir_decimate_f32.c ****     }
ARM GAS  /tmp/ccMdwCE8.s 			page 14


 643:./Libraries/CMSIS/DSP/Source/FilteringFunctions/arm_fir_decimate_f32.c **** 
 644:./Libraries/CMSIS/DSP/Source/FilteringFunctions/arm_fir_decimate_f32.c ****     /* Advance the state pointer by the decimation factor
 645:./Libraries/CMSIS/DSP/Source/FilteringFunctions/arm_fir_decimate_f32.c ****      * to process the next group of decimation factor number samples */
 646:./Libraries/CMSIS/DSP/Source/FilteringFunctions/arm_fir_decimate_f32.c ****     pState = pState + S->M;
  83              		.loc 1 646 21 is_stmt 0 view .LVU24
  84 0024 4FEA8805 		lsl	r5, r8, #2
 548:./Libraries/CMSIS/DSP/Source/FilteringFunctions/arm_fir_decimate_f32.c **** 
  85              		.loc 1 548 10 view .LVU25
  86 0028 5746     		mov	r7, r10
 380:./Libraries/CMSIS/DSP/Source/FilteringFunctions/arm_fir_decimate_f32.c ****   const float32_t *pCoeffs = S->pCoeffs;               /* Coefficient pointer */
  87              		.loc 1 380 20 view .LVU26
  88 002a F446     		mov	ip, lr
  89              	.LVL5:
  90              	.L6:
 380:./Libraries/CMSIS/DSP/Source/FilteringFunctions/arm_fir_decimate_f32.c ****   const float32_t *pCoeffs = S->pCoeffs;               /* Coefficient pointer */
  91              		.loc 1 380 20 view .LVU27
  92 002c B346     		mov	fp, r6
  93 002e 4346     		mov	r3, r8
  94 0030 0846     		mov	r0, r1
  95              	.LVL6:
  96              	.L3:
 557:./Libraries/CMSIS/DSP/Source/FilteringFunctions/arm_fir_decimate_f32.c ****     {
  97              		.loc 1 557 5 is_stmt 1 discriminator 1 view .LVU28
 559:./Libraries/CMSIS/DSP/Source/FilteringFunctions/arm_fir_decimate_f32.c **** 
  98              		.loc 1 559 7 discriminator 1 view .LVU29
 559:./Libraries/CMSIS/DSP/Source/FilteringFunctions/arm_fir_decimate_f32.c **** 
  99              		.loc 1 559 22 is_stmt 0 discriminator 1 view .LVU30
 100 0032 F0EC017A 		vldmia.32	r0!, {s15}
 101              	.LVL7:
 561:./Libraries/CMSIS/DSP/Source/FilteringFunctions/arm_fir_decimate_f32.c **** 
 102              		.loc 1 561 5 discriminator 1 view .LVU31
 103 0036 013B     		subs	r3, r3, #1
 104              	.LVL8:
 559:./Libraries/CMSIS/DSP/Source/FilteringFunctions/arm_fir_decimate_f32.c **** 
 105              		.loc 1 559 20 discriminator 1 view .LVU32
 106 0038 EBEC017A 		vstmia.32	fp!, {s15}
 561:./Libraries/CMSIS/DSP/Source/FilteringFunctions/arm_fir_decimate_f32.c **** 
 107              		.loc 1 561 13 is_stmt 1 discriminator 1 view .LVU33
 108              	.LVL9:
 561:./Libraries/CMSIS/DSP/Source/FilteringFunctions/arm_fir_decimate_f32.c **** 
 109              		.loc 1 561 5 is_stmt 0 discriminator 1 view .LVU34
 110 003c F9D1     		bne	.L3
 111 003e 2944     		add	r1, r1, r5
 112 0040 2E44     		add	r6, r6, r5
 113              	.LVL10:
 629:./Libraries/CMSIS/DSP/Source/FilteringFunctions/arm_fir_decimate_f32.c ****     {
 114              		.loc 1 629 11 is_stmt 1 view .LVU35
 115 0042 E4B1     		cbz	r4, .L10
 116 0044 2346     		mov	r3, r4
 570:./Libraries/CMSIS/DSP/Source/FilteringFunctions/arm_fir_decimate_f32.c **** 
 117              		.loc 1 570 8 is_stmt 0 view .LVU36
 118 0046 CB46     		mov	fp, r9
 629:./Libraries/CMSIS/DSP/Source/FilteringFunctions/arm_fir_decimate_f32.c ****     {
 119              		.loc 1 629 11 view .LVU37
 120 0048 6046     		mov	r0, ip
 121              	.LVL11:
 564:./Libraries/CMSIS/DSP/Source/FilteringFunctions/arm_fir_decimate_f32.c **** 
ARM GAS  /tmp/ccMdwCE8.s 			page 15


 122              		.loc 1 564 10 view .LVU38
 123 004a DFED127A 		vldr.32	s15, .L22
 124              	.LVL12:
 125              	.L5:
 632:./Libraries/CMSIS/DSP/Source/FilteringFunctions/arm_fir_decimate_f32.c **** 
 126              		.loc 1 632 7 is_stmt 1 view .LVU39
 635:./Libraries/CMSIS/DSP/Source/FilteringFunctions/arm_fir_decimate_f32.c **** 
 127              		.loc 1 635 7 view .LVU40
 638:./Libraries/CMSIS/DSP/Source/FilteringFunctions/arm_fir_decimate_f32.c **** 
 128              		.loc 1 638 7 view .LVU41
 638:./Libraries/CMSIS/DSP/Source/FilteringFunctions/arm_fir_decimate_f32.c **** 
 129              		.loc 1 638 12 is_stmt 0 view .LVU42
 130 004e FBEC016A 		vldmia.32	fp!, {s13}
 131              	.LVL13:
 629:./Libraries/CMSIS/DSP/Source/FilteringFunctions/arm_fir_decimate_f32.c ****     {
 132              		.loc 1 629 11 view .LVU43
 133 0052 013B     		subs	r3, r3, #1
 134              	.LVL14:
 638:./Libraries/CMSIS/DSP/Source/FilteringFunctions/arm_fir_decimate_f32.c **** 
 135              		.loc 1 638 12 view .LVU44
 136 0054 B0EC017A 		vldmia.32	r0!, {s14}
 137              	.LVL15:
 638:./Libraries/CMSIS/DSP/Source/FilteringFunctions/arm_fir_decimate_f32.c **** 
 138              		.loc 1 638 12 view .LVU45
 139 0058 E6EE877A 		vfma.f32	s15, s13, s14
 140              	.LVL16:
 641:./Libraries/CMSIS/DSP/Source/FilteringFunctions/arm_fir_decimate_f32.c ****     }
 141              		.loc 1 641 7 is_stmt 1 view .LVU46
 629:./Libraries/CMSIS/DSP/Source/FilteringFunctions/arm_fir_decimate_f32.c ****     {
 142              		.loc 1 629 11 view .LVU47
 143 005c F7D1     		bne	.L5
 144              		.loc 1 646 5 view .LVU48
 552:./Libraries/CMSIS/DSP/Source/FilteringFunctions/arm_fir_decimate_f32.c ****   {
 145              		.loc 1 552 9 is_stmt 0 view .LVU49
 146 005e 013F     		subs	r7, r7, #1
 147              	.LVL17:
 148              		.loc 1 646 12 view .LVU50
 149 0060 AC44     		add	ip, ip, r5
 150              	.LVL18:
 647:./Libraries/CMSIS/DSP/Source/FilteringFunctions/arm_fir_decimate_f32.c **** 
 648:./Libraries/CMSIS/DSP/Source/FilteringFunctions/arm_fir_decimate_f32.c ****     /* The result is in the accumulator, store in the destination buffer. */
 649:./Libraries/CMSIS/DSP/Source/FilteringFunctions/arm_fir_decimate_f32.c ****     *pDst++ = acc0;
 151              		.loc 1 649 5 is_stmt 1 view .LVU51
 152              		.loc 1 649 13 is_stmt 0 view .LVU52
 153 0062 E2EC017A 		vstmia.32	r2!, {s15}
 154              	.LVL19:
 650:./Libraries/CMSIS/DSP/Source/FilteringFunctions/arm_fir_decimate_f32.c **** 
 651:./Libraries/CMSIS/DSP/Source/FilteringFunctions/arm_fir_decimate_f32.c ****     /* Decrement loop counter */
 652:./Libraries/CMSIS/DSP/Source/FilteringFunctions/arm_fir_decimate_f32.c ****     blkCnt--;
 155              		.loc 1 652 5 is_stmt 1 view .LVU53
 552:./Libraries/CMSIS/DSP/Source/FilteringFunctions/arm_fir_decimate_f32.c ****   {
 156              		.loc 1 552 9 view .LVU54
 157 0066 E1D1     		bne	.L6
 158              	.LVL20:
 159              	.L21:
 552:./Libraries/CMSIS/DSP/Source/FilteringFunctions/arm_fir_decimate_f32.c ****   {
 160              		.loc 1 552 9 is_stmt 0 view .LVU55
ARM GAS  /tmp/ccMdwCE8.s 			page 16


 161 0068 0AFB05E5 		mla	r5, r10, r5, lr
 162 006c 03E0     		b	.L19
 163              	.LVL21:
 164              	.L8:
 653:./Libraries/CMSIS/DSP/Source/FilteringFunctions/arm_fir_decimate_f32.c ****   }
 654:./Libraries/CMSIS/DSP/Source/FilteringFunctions/arm_fir_decimate_f32.c **** 
 655:./Libraries/CMSIS/DSP/Source/FilteringFunctions/arm_fir_decimate_f32.c ****   /* Processing is complete.
 656:./Libraries/CMSIS/DSP/Source/FilteringFunctions/arm_fir_decimate_f32.c ****      Now copy the last numTaps - 1 samples to the satrt of the state buffer.
 657:./Libraries/CMSIS/DSP/Source/FilteringFunctions/arm_fir_decimate_f32.c ****      This prepares the state buffer for the next function call. */
 658:./Libraries/CMSIS/DSP/Source/FilteringFunctions/arm_fir_decimate_f32.c **** 
 659:./Libraries/CMSIS/DSP/Source/FilteringFunctions/arm_fir_decimate_f32.c ****   /* Points to the start of the state buffer */
 660:./Libraries/CMSIS/DSP/Source/FilteringFunctions/arm_fir_decimate_f32.c ****   pStateCur = S->pState;
 661:./Libraries/CMSIS/DSP/Source/FilteringFunctions/arm_fir_decimate_f32.c **** 
 662:./Libraries/CMSIS/DSP/Source/FilteringFunctions/arm_fir_decimate_f32.c **** #if defined (ARM_MATH_LOOPUNROLL)
 663:./Libraries/CMSIS/DSP/Source/FilteringFunctions/arm_fir_decimate_f32.c **** 
 664:./Libraries/CMSIS/DSP/Source/FilteringFunctions/arm_fir_decimate_f32.c ****   /* Loop unrolling: Compute 4 taps at a time */
 665:./Libraries/CMSIS/DSP/Source/FilteringFunctions/arm_fir_decimate_f32.c ****   tapCnt = (numTaps - 1U) >> 2U;
 666:./Libraries/CMSIS/DSP/Source/FilteringFunctions/arm_fir_decimate_f32.c **** 
 667:./Libraries/CMSIS/DSP/Source/FilteringFunctions/arm_fir_decimate_f32.c ****   /* Copy data */
 668:./Libraries/CMSIS/DSP/Source/FilteringFunctions/arm_fir_decimate_f32.c ****   while (tapCnt > 0U)
 669:./Libraries/CMSIS/DSP/Source/FilteringFunctions/arm_fir_decimate_f32.c ****   {
 670:./Libraries/CMSIS/DSP/Source/FilteringFunctions/arm_fir_decimate_f32.c ****     *pStateCur++ = *pState++;
 671:./Libraries/CMSIS/DSP/Source/FilteringFunctions/arm_fir_decimate_f32.c ****     *pStateCur++ = *pState++;
 672:./Libraries/CMSIS/DSP/Source/FilteringFunctions/arm_fir_decimate_f32.c ****     *pStateCur++ = *pState++;
 673:./Libraries/CMSIS/DSP/Source/FilteringFunctions/arm_fir_decimate_f32.c ****     *pStateCur++ = *pState++;
 674:./Libraries/CMSIS/DSP/Source/FilteringFunctions/arm_fir_decimate_f32.c **** 
 675:./Libraries/CMSIS/DSP/Source/FilteringFunctions/arm_fir_decimate_f32.c ****     /* Decrement loop counter */
 676:./Libraries/CMSIS/DSP/Source/FilteringFunctions/arm_fir_decimate_f32.c ****     tapCnt--;
 677:./Libraries/CMSIS/DSP/Source/FilteringFunctions/arm_fir_decimate_f32.c ****   }
 678:./Libraries/CMSIS/DSP/Source/FilteringFunctions/arm_fir_decimate_f32.c **** 
 679:./Libraries/CMSIS/DSP/Source/FilteringFunctions/arm_fir_decimate_f32.c ****   /* Loop unrolling: Compute remaining taps */
 680:./Libraries/CMSIS/DSP/Source/FilteringFunctions/arm_fir_decimate_f32.c ****   tapCnt = (numTaps - 1U) % 0x04U;
 681:./Libraries/CMSIS/DSP/Source/FilteringFunctions/arm_fir_decimate_f32.c **** 
 682:./Libraries/CMSIS/DSP/Source/FilteringFunctions/arm_fir_decimate_f32.c **** #else
 683:./Libraries/CMSIS/DSP/Source/FilteringFunctions/arm_fir_decimate_f32.c **** 
 684:./Libraries/CMSIS/DSP/Source/FilteringFunctions/arm_fir_decimate_f32.c ****   /* Initialize tapCnt with number of taps */
 685:./Libraries/CMSIS/DSP/Source/FilteringFunctions/arm_fir_decimate_f32.c ****   tapCnt = (numTaps - 1U);
 686:./Libraries/CMSIS/DSP/Source/FilteringFunctions/arm_fir_decimate_f32.c **** 
 687:./Libraries/CMSIS/DSP/Source/FilteringFunctions/arm_fir_decimate_f32.c **** #endif /* #if defined (ARM_MATH_LOOPUNROLL) */
 688:./Libraries/CMSIS/DSP/Source/FilteringFunctions/arm_fir_decimate_f32.c **** 
 689:./Libraries/CMSIS/DSP/Source/FilteringFunctions/arm_fir_decimate_f32.c ****   /* Copy data */
 690:./Libraries/CMSIS/DSP/Source/FilteringFunctions/arm_fir_decimate_f32.c ****   while (tapCnt > 0U)
 691:./Libraries/CMSIS/DSP/Source/FilteringFunctions/arm_fir_decimate_f32.c ****   {
 692:./Libraries/CMSIS/DSP/Source/FilteringFunctions/arm_fir_decimate_f32.c ****     *pStateCur++ = *pState++;
 165              		.loc 1 692 5 is_stmt 1 view .LVU56
 166              		.loc 1 692 20 is_stmt 0 view .LVU57
 167 006e 55F8043B 		ldr	r3, [r5], #4	@ float
 168              	.LVL22:
 169              		.loc 1 692 18 view .LVU58
 170 0072 4EF8043B 		str	r3, [lr], #4	@ float
 171              	.LVL23:
 172              	.L19:
 693:./Libraries/CMSIS/DSP/Source/FilteringFunctions/arm_fir_decimate_f32.c **** 
 694:./Libraries/CMSIS/DSP/Source/FilteringFunctions/arm_fir_decimate_f32.c ****     /* Decrement loop counter */
 695:./Libraries/CMSIS/DSP/Source/FilteringFunctions/arm_fir_decimate_f32.c ****     tapCnt--;
 173              		.loc 1 695 5 is_stmt 1 view .LVU59
 690:./Libraries/CMSIS/DSP/Source/FilteringFunctions/arm_fir_decimate_f32.c ****   {
ARM GAS  /tmp/ccMdwCE8.s 			page 17


 174              		.loc 1 690 9 view .LVU60
 175 0076 013C     		subs	r4, r4, #1
 176              	.LVL24:
 690:./Libraries/CMSIS/DSP/Source/FilteringFunctions/arm_fir_decimate_f32.c ****   {
 177              		.loc 1 690 9 is_stmt 0 view .LVU61
 178 0078 F9D1     		bne	.L8
 696:./Libraries/CMSIS/DSP/Source/FilteringFunctions/arm_fir_decimate_f32.c ****   }
 697:./Libraries/CMSIS/DSP/Source/FilteringFunctions/arm_fir_decimate_f32.c **** 
 698:./Libraries/CMSIS/DSP/Source/FilteringFunctions/arm_fir_decimate_f32.c **** }
 179              		.loc 1 698 1 view .LVU62
 180 007a BDE8F08F 		pop	{r4, r5, r6, r7, r8, r9, r10, fp, pc}
 181              	.LVL25:
 182              	.L10:
 564:./Libraries/CMSIS/DSP/Source/FilteringFunctions/arm_fir_decimate_f32.c **** 
 183              		.loc 1 564 10 view .LVU63
 184 007e DFED057A 		vldr.32	s15, .L22
 646:./Libraries/CMSIS/DSP/Source/FilteringFunctions/arm_fir_decimate_f32.c **** 
 185              		.loc 1 646 5 is_stmt 1 view .LVU64
 552:./Libraries/CMSIS/DSP/Source/FilteringFunctions/arm_fir_decimate_f32.c ****   {
 186              		.loc 1 552 9 is_stmt 0 view .LVU65
 187 0082 013F     		subs	r7, r7, #1
 188              	.LVL26:
 646:./Libraries/CMSIS/DSP/Source/FilteringFunctions/arm_fir_decimate_f32.c **** 
 189              		.loc 1 646 12 view .LVU66
 190 0084 AC44     		add	ip, ip, r5
 191              	.LVL27:
 649:./Libraries/CMSIS/DSP/Source/FilteringFunctions/arm_fir_decimate_f32.c **** 
 192              		.loc 1 649 5 is_stmt 1 view .LVU67
 649:./Libraries/CMSIS/DSP/Source/FilteringFunctions/arm_fir_decimate_f32.c **** 
 193              		.loc 1 649 13 is_stmt 0 view .LVU68
 194 0086 E2EC017A 		vstmia.32	r2!, {s15}
 195              	.LVL28:
 652:./Libraries/CMSIS/DSP/Source/FilteringFunctions/arm_fir_decimate_f32.c ****   }
 196              		.loc 1 652 5 is_stmt 1 view .LVU69
 552:./Libraries/CMSIS/DSP/Source/FilteringFunctions/arm_fir_decimate_f32.c ****   {
 197              		.loc 1 552 9 view .LVU70
 198 008a CFD1     		bne	.L6
 199 008c ECE7     		b	.L21
 200              	.LVL29:
 201              	.L9:
 380:./Libraries/CMSIS/DSP/Source/FilteringFunctions/arm_fir_decimate_f32.c ****   const float32_t *pCoeffs = S->pCoeffs;               /* Coefficient pointer */
 202              		.loc 1 380 20 is_stmt 0 view .LVU71
 203 008e 7546     		mov	r5, lr
 204 0090 F1E7     		b	.L19
 205              	.L23:
 206 0092 00BF     		.align	2
 207              	.L22:
 208 0094 00000000 		.word	0
 209              		.cfi_endproc
 210              	.LFE145:
 212              		.text
 213              	.Letext0:
 214              		.file 2 "/usr/lib/gcc/arm-none-eabi/9.2.1/include/stdint.h"
 215              		.file 3 "/usr/lib/gcc/arm-none-eabi/9.2.1/include/stddef.h"
 216              		.file 4 "/usr/include/newlib/sys/_types.h"
 217              		.file 5 "/usr/include/newlib/sys/reent.h"
 218              		.file 6 "/usr/include/newlib/sys/lock.h"
ARM GAS  /tmp/ccMdwCE8.s 			page 18


 219              		.file 7 "/usr/include/newlib/math.h"
 220              		.file 8 "./Libraries/CMSIS/DSP/Include/arm_math.h"
ARM GAS  /tmp/ccMdwCE8.s 			page 19


DEFINED SYMBOLS
                            *ABS*:0000000000000000 arm_fir_decimate_f32.c
     /tmp/ccMdwCE8.s:17     .text.arm_fir_decimate_f32:0000000000000000 $t
     /tmp/ccMdwCE8.s:26     .text.arm_fir_decimate_f32:0000000000000000 arm_fir_decimate_f32
     /tmp/ccMdwCE8.s:208    .text.arm_fir_decimate_f32:0000000000000094 $d

NO UNDEFINED SYMBOLS
