ARM GAS  /tmp/ccn3O4qV.s 			page 1


   1              		.cpu cortex-m7
   2              		.eabi_attribute 28, 1
   3              		.eabi_attribute 20, 1
   4              		.eabi_attribute 21, 1
   5              		.eabi_attribute 23, 3
   6              		.eabi_attribute 24, 1
   7              		.eabi_attribute 25, 1
   8              		.eabi_attribute 26, 1
   9              		.eabi_attribute 30, 2
  10              		.eabi_attribute 34, 1
  11              		.eabi_attribute 18, 4
  12              		.file	"arm_fir_lattice_q31.c"
  13              		.text
  14              	.Ltext0:
  15              		.cfi_sections	.debug_frame
  16              		.section	.text.arm_fir_lattice_q31,"ax",%progbits
  17              		.align	1
  18              		.p2align 2,,3
  19              		.global	arm_fir_lattice_q31
  20              		.arch armv7e-m
  21              		.syntax unified
  22              		.thumb
  23              		.thumb_func
  24              		.fpu fpv5-d16
  26              	arm_fir_lattice_q31:
  27              	.LVL0:
  28              	.LFB145:
  29              		.file 1 "./Libraries/CMSIS/DSP/Source/FilteringFunctions/arm_fir_lattice_q31.c"
   1:./Libraries/CMSIS/DSP/Source/FilteringFunctions/arm_fir_lattice_q31.c **** /* ----------------------------------------------------------------------
   2:./Libraries/CMSIS/DSP/Source/FilteringFunctions/arm_fir_lattice_q31.c ****  * Project:      CMSIS DSP Library
   3:./Libraries/CMSIS/DSP/Source/FilteringFunctions/arm_fir_lattice_q31.c ****  * Title:        arm_fir_lattice_q31.c
   4:./Libraries/CMSIS/DSP/Source/FilteringFunctions/arm_fir_lattice_q31.c ****  * Description:  Q31 FIR lattice filter processing function
   5:./Libraries/CMSIS/DSP/Source/FilteringFunctions/arm_fir_lattice_q31.c ****  *
   6:./Libraries/CMSIS/DSP/Source/FilteringFunctions/arm_fir_lattice_q31.c ****  * $Date:        18. March 2019
   7:./Libraries/CMSIS/DSP/Source/FilteringFunctions/arm_fir_lattice_q31.c ****  * $Revision:    V1.6.0
   8:./Libraries/CMSIS/DSP/Source/FilteringFunctions/arm_fir_lattice_q31.c ****  *
   9:./Libraries/CMSIS/DSP/Source/FilteringFunctions/arm_fir_lattice_q31.c ****  * Target Processor: Cortex-M cores
  10:./Libraries/CMSIS/DSP/Source/FilteringFunctions/arm_fir_lattice_q31.c ****  * -------------------------------------------------------------------- */
  11:./Libraries/CMSIS/DSP/Source/FilteringFunctions/arm_fir_lattice_q31.c **** /*
  12:./Libraries/CMSIS/DSP/Source/FilteringFunctions/arm_fir_lattice_q31.c ****  * Copyright (C) 2010-2019 ARM Limited or its affiliates. All rights reserved.
  13:./Libraries/CMSIS/DSP/Source/FilteringFunctions/arm_fir_lattice_q31.c ****  *
  14:./Libraries/CMSIS/DSP/Source/FilteringFunctions/arm_fir_lattice_q31.c ****  * SPDX-License-Identifier: Apache-2.0
  15:./Libraries/CMSIS/DSP/Source/FilteringFunctions/arm_fir_lattice_q31.c ****  *
  16:./Libraries/CMSIS/DSP/Source/FilteringFunctions/arm_fir_lattice_q31.c ****  * Licensed under the Apache License, Version 2.0 (the License); you may
  17:./Libraries/CMSIS/DSP/Source/FilteringFunctions/arm_fir_lattice_q31.c ****  * not use this file except in compliance with the License.
  18:./Libraries/CMSIS/DSP/Source/FilteringFunctions/arm_fir_lattice_q31.c ****  * You may obtain a copy of the License at
  19:./Libraries/CMSIS/DSP/Source/FilteringFunctions/arm_fir_lattice_q31.c ****  *
  20:./Libraries/CMSIS/DSP/Source/FilteringFunctions/arm_fir_lattice_q31.c ****  * www.apache.org/licenses/LICENSE-2.0
  21:./Libraries/CMSIS/DSP/Source/FilteringFunctions/arm_fir_lattice_q31.c ****  *
  22:./Libraries/CMSIS/DSP/Source/FilteringFunctions/arm_fir_lattice_q31.c ****  * Unless required by applicable law or agreed to in writing, software
  23:./Libraries/CMSIS/DSP/Source/FilteringFunctions/arm_fir_lattice_q31.c ****  * distributed under the License is distributed on an AS IS BASIS, WITHOUT
  24:./Libraries/CMSIS/DSP/Source/FilteringFunctions/arm_fir_lattice_q31.c ****  * WARRANTIES OR CONDITIONS OF ANY KIND, either express or implied.
  25:./Libraries/CMSIS/DSP/Source/FilteringFunctions/arm_fir_lattice_q31.c ****  * See the License for the specific language governing permissions and
  26:./Libraries/CMSIS/DSP/Source/FilteringFunctions/arm_fir_lattice_q31.c ****  * limitations under the License.
  27:./Libraries/CMSIS/DSP/Source/FilteringFunctions/arm_fir_lattice_q31.c ****  */
  28:./Libraries/CMSIS/DSP/Source/FilteringFunctions/arm_fir_lattice_q31.c **** 
  29:./Libraries/CMSIS/DSP/Source/FilteringFunctions/arm_fir_lattice_q31.c **** #include "arm_math.h"
ARM GAS  /tmp/ccn3O4qV.s 			page 2


  30:./Libraries/CMSIS/DSP/Source/FilteringFunctions/arm_fir_lattice_q31.c **** 
  31:./Libraries/CMSIS/DSP/Source/FilteringFunctions/arm_fir_lattice_q31.c **** /**
  32:./Libraries/CMSIS/DSP/Source/FilteringFunctions/arm_fir_lattice_q31.c ****   @ingroup groupFilters
  33:./Libraries/CMSIS/DSP/Source/FilteringFunctions/arm_fir_lattice_q31.c ****  */
  34:./Libraries/CMSIS/DSP/Source/FilteringFunctions/arm_fir_lattice_q31.c **** 
  35:./Libraries/CMSIS/DSP/Source/FilteringFunctions/arm_fir_lattice_q31.c **** /**
  36:./Libraries/CMSIS/DSP/Source/FilteringFunctions/arm_fir_lattice_q31.c ****   @addtogroup FIR_Lattice
  37:./Libraries/CMSIS/DSP/Source/FilteringFunctions/arm_fir_lattice_q31.c ****   @{
  38:./Libraries/CMSIS/DSP/Source/FilteringFunctions/arm_fir_lattice_q31.c ****  */
  39:./Libraries/CMSIS/DSP/Source/FilteringFunctions/arm_fir_lattice_q31.c **** 
  40:./Libraries/CMSIS/DSP/Source/FilteringFunctions/arm_fir_lattice_q31.c **** /**
  41:./Libraries/CMSIS/DSP/Source/FilteringFunctions/arm_fir_lattice_q31.c ****   @brief         Processing function for the Q31 FIR lattice filter.
  42:./Libraries/CMSIS/DSP/Source/FilteringFunctions/arm_fir_lattice_q31.c ****   @param[in]     S          points to an instance of the Q31 FIR lattice structure
  43:./Libraries/CMSIS/DSP/Source/FilteringFunctions/arm_fir_lattice_q31.c ****   @param[in]     pSrc       points to the block of input data
  44:./Libraries/CMSIS/DSP/Source/FilteringFunctions/arm_fir_lattice_q31.c ****   @param[out]    pDst       points to the block of output data
  45:./Libraries/CMSIS/DSP/Source/FilteringFunctions/arm_fir_lattice_q31.c ****   @param[in]     blockSize  number of samples to process
  46:./Libraries/CMSIS/DSP/Source/FilteringFunctions/arm_fir_lattice_q31.c ****   @return        none
  47:./Libraries/CMSIS/DSP/Source/FilteringFunctions/arm_fir_lattice_q31.c **** 
  48:./Libraries/CMSIS/DSP/Source/FilteringFunctions/arm_fir_lattice_q31.c ****   @par           Scaling and Overflow Behavior
  49:./Libraries/CMSIS/DSP/Source/FilteringFunctions/arm_fir_lattice_q31.c ****                    In order to avoid overflows the input signal must be scaled down by 2*log2(numSt
  50:./Libraries/CMSIS/DSP/Source/FilteringFunctions/arm_fir_lattice_q31.c ****  */
  51:./Libraries/CMSIS/DSP/Source/FilteringFunctions/arm_fir_lattice_q31.c **** 
  52:./Libraries/CMSIS/DSP/Source/FilteringFunctions/arm_fir_lattice_q31.c **** void arm_fir_lattice_q31(
  53:./Libraries/CMSIS/DSP/Source/FilteringFunctions/arm_fir_lattice_q31.c ****   const arm_fir_lattice_instance_q31 * S,
  54:./Libraries/CMSIS/DSP/Source/FilteringFunctions/arm_fir_lattice_q31.c ****   const q31_t * pSrc,
  55:./Libraries/CMSIS/DSP/Source/FilteringFunctions/arm_fir_lattice_q31.c ****         q31_t * pDst,
  56:./Libraries/CMSIS/DSP/Source/FilteringFunctions/arm_fir_lattice_q31.c ****         uint32_t blockSize)
  57:./Libraries/CMSIS/DSP/Source/FilteringFunctions/arm_fir_lattice_q31.c **** {
  30              		.loc 1 57 1 view -0
  31              		.cfi_startproc
  32              		@ args = 0, pretend = 0, frame = 16
  33              		@ frame_needed = 0, uses_anonymous_args = 0
  58:./Libraries/CMSIS/DSP/Source/FilteringFunctions/arm_fir_lattice_q31.c ****         q31_t *pState = S->pState;                     /* State pointer */
  34              		.loc 1 58 9 view .LVU1
  57:./Libraries/CMSIS/DSP/Source/FilteringFunctions/arm_fir_lattice_q31.c ****         q31_t *pState = S->pState;                     /* State pointer */
  35              		.loc 1 57 1 is_stmt 0 view .LVU2
  36 0000 2DE9F04F 		push	{r4, r5, r6, r7, r8, r9, r10, fp, lr}
  37              	.LCFI0:
  38              		.cfi_def_cfa_offset 36
  39              		.cfi_offset 4, -36
  40              		.cfi_offset 5, -32
  41              		.cfi_offset 6, -28
  42              		.cfi_offset 7, -24
  43              		.cfi_offset 8, -20
  44              		.cfi_offset 9, -16
  45              		.cfi_offset 10, -12
  46              		.cfi_offset 11, -8
  47              		.cfi_offset 14, -4
  48 0004 0F46     		mov	r7, r1
  49 0006 85B0     		sub	sp, sp, #20
  50              	.LCFI1:
  51              		.cfi_def_cfa_offset 56
  59:./Libraries/CMSIS/DSP/Source/FilteringFunctions/arm_fir_lattice_q31.c ****   const q31_t *pCoeffs = S->pCoeffs;                   /* Coefficient pointer */
  60:./Libraries/CMSIS/DSP/Source/FilteringFunctions/arm_fir_lattice_q31.c ****         q31_t *px;                                     /* Temporary state pointer */
  61:./Libraries/CMSIS/DSP/Source/FilteringFunctions/arm_fir_lattice_q31.c ****   const q31_t *pk;                                     /* Temporary coefficient pointer */
  62:./Libraries/CMSIS/DSP/Source/FilteringFunctions/arm_fir_lattice_q31.c ****         uint32_t numStages = S->numStages;             /* Number of stages in the filter */
  52              		.loc 1 62 18 view .LVU3
ARM GAS  /tmp/ccn3O4qV.s 			page 3


  53 0008 B0F800E0 		ldrh	lr, [r0]
  59:./Libraries/CMSIS/DSP/Source/FilteringFunctions/arm_fir_lattice_q31.c ****   const q31_t *pCoeffs = S->pCoeffs;                   /* Coefficient pointer */
  54              		.loc 1 59 16 view .LVU4
  55 000c D0E901C1 		ldrd	ip, r1, [r0, #4]
  56              	.LVL1:
  59:./Libraries/CMSIS/DSP/Source/FilteringFunctions/arm_fir_lattice_q31.c ****   const q31_t *pCoeffs = S->pCoeffs;                   /* Coefficient pointer */
  57              		.loc 1 59 16 view .LVU5
  58 0010 0191     		str	r1, [sp, #4]
  59              	.LVL2:
  60:./Libraries/CMSIS/DSP/Source/FilteringFunctions/arm_fir_lattice_q31.c ****   const q31_t *pk;                                     /* Temporary coefficient pointer */
  60              		.loc 1 60 9 is_stmt 1 view .LVU6
  61:./Libraries/CMSIS/DSP/Source/FilteringFunctions/arm_fir_lattice_q31.c ****         uint32_t numStages = S->numStages;             /* Number of stages in the filter */
  61              		.loc 1 61 3 view .LVU7
  62              		.loc 1 62 9 view .LVU8
  63:./Libraries/CMSIS/DSP/Source/FilteringFunctions/arm_fir_lattice_q31.c ****         uint32_t blkCnt, stageCnt;                     /* Loop counters */
  63              		.loc 1 63 9 view .LVU9
  64:./Libraries/CMSIS/DSP/Source/FilteringFunctions/arm_fir_lattice_q31.c ****         q31_t fcurr0, fnext0, gnext0, gcurr0;          /* Temporary variables */
  64              		.loc 1 64 9 view .LVU10
  65:./Libraries/CMSIS/DSP/Source/FilteringFunctions/arm_fir_lattice_q31.c **** 
  66:./Libraries/CMSIS/DSP/Source/FilteringFunctions/arm_fir_lattice_q31.c **** #if (1)
  67:./Libraries/CMSIS/DSP/Source/FilteringFunctions/arm_fir_lattice_q31.c **** //#if !defined(ARM_MATH_CM0_FAMILY)
  68:./Libraries/CMSIS/DSP/Source/FilteringFunctions/arm_fir_lattice_q31.c **** 
  69:./Libraries/CMSIS/DSP/Source/FilteringFunctions/arm_fir_lattice_q31.c **** #if defined (ARM_MATH_LOOPUNROLL)
  70:./Libraries/CMSIS/DSP/Source/FilteringFunctions/arm_fir_lattice_q31.c ****         q31_t fcurr1, fnext1, gnext1;                  /* Temporary variables for second sample in 
  71:./Libraries/CMSIS/DSP/Source/FilteringFunctions/arm_fir_lattice_q31.c ****         q31_t fcurr2, fnext2, gnext2;                  /* Temporary variables for third sample in l
  72:./Libraries/CMSIS/DSP/Source/FilteringFunctions/arm_fir_lattice_q31.c ****         q31_t fcurr3, fnext3, gnext3;                  /* Temporary variables for fourth sample in 
  73:./Libraries/CMSIS/DSP/Source/FilteringFunctions/arm_fir_lattice_q31.c **** #endif
  74:./Libraries/CMSIS/DSP/Source/FilteringFunctions/arm_fir_lattice_q31.c **** 
  75:./Libraries/CMSIS/DSP/Source/FilteringFunctions/arm_fir_lattice_q31.c ****   gcurr0 = 0;
  65              		.loc 1 75 3 view .LVU11
  76:./Libraries/CMSIS/DSP/Source/FilteringFunctions/arm_fir_lattice_q31.c **** 
  77:./Libraries/CMSIS/DSP/Source/FilteringFunctions/arm_fir_lattice_q31.c **** #if defined (ARM_MATH_LOOPUNROLL)
  78:./Libraries/CMSIS/DSP/Source/FilteringFunctions/arm_fir_lattice_q31.c **** 
  79:./Libraries/CMSIS/DSP/Source/FilteringFunctions/arm_fir_lattice_q31.c ****   /* Loop unrolling: Compute 4 outputs at a time */
  80:./Libraries/CMSIS/DSP/Source/FilteringFunctions/arm_fir_lattice_q31.c ****   blkCnt = blockSize >> 2U;
  81:./Libraries/CMSIS/DSP/Source/FilteringFunctions/arm_fir_lattice_q31.c **** 
  82:./Libraries/CMSIS/DSP/Source/FilteringFunctions/arm_fir_lattice_q31.c ****   while (blkCnt > 0U)
  83:./Libraries/CMSIS/DSP/Source/FilteringFunctions/arm_fir_lattice_q31.c ****   {
  84:./Libraries/CMSIS/DSP/Source/FilteringFunctions/arm_fir_lattice_q31.c ****     /* Read two samples from input buffer */
  85:./Libraries/CMSIS/DSP/Source/FilteringFunctions/arm_fir_lattice_q31.c ****     /* f0(n) = x(n) */
  86:./Libraries/CMSIS/DSP/Source/FilteringFunctions/arm_fir_lattice_q31.c ****     fcurr0 = *pSrc++;
  87:./Libraries/CMSIS/DSP/Source/FilteringFunctions/arm_fir_lattice_q31.c ****     fcurr1 = *pSrc++;
  88:./Libraries/CMSIS/DSP/Source/FilteringFunctions/arm_fir_lattice_q31.c **** 
  89:./Libraries/CMSIS/DSP/Source/FilteringFunctions/arm_fir_lattice_q31.c ****     /* Initialize state pointer */
  90:./Libraries/CMSIS/DSP/Source/FilteringFunctions/arm_fir_lattice_q31.c ****     px = pState;
  91:./Libraries/CMSIS/DSP/Source/FilteringFunctions/arm_fir_lattice_q31.c **** 
  92:./Libraries/CMSIS/DSP/Source/FilteringFunctions/arm_fir_lattice_q31.c ****     /* Initialize coeff pointer */
  93:./Libraries/CMSIS/DSP/Source/FilteringFunctions/arm_fir_lattice_q31.c ****     pk = pCoeffs;
  94:./Libraries/CMSIS/DSP/Source/FilteringFunctions/arm_fir_lattice_q31.c **** 
  95:./Libraries/CMSIS/DSP/Source/FilteringFunctions/arm_fir_lattice_q31.c ****     /* Read g0(n-1) from state buffer */
  96:./Libraries/CMSIS/DSP/Source/FilteringFunctions/arm_fir_lattice_q31.c ****     gcurr0 = *px;
  97:./Libraries/CMSIS/DSP/Source/FilteringFunctions/arm_fir_lattice_q31.c **** 
  98:./Libraries/CMSIS/DSP/Source/FilteringFunctions/arm_fir_lattice_q31.c ****     /* Process first sample for first tap */
  99:./Libraries/CMSIS/DSP/Source/FilteringFunctions/arm_fir_lattice_q31.c ****     /* f1(n) = f0(n) +  K1 * g0(n-1) */
 100:./Libraries/CMSIS/DSP/Source/FilteringFunctions/arm_fir_lattice_q31.c ****     fnext0 = (q31_t) (((q63_t) gcurr0 * (*pk)) >> 32U);
 101:./Libraries/CMSIS/DSP/Source/FilteringFunctions/arm_fir_lattice_q31.c ****     fnext0 = (fnext0 << 1U) + fcurr0;
 102:./Libraries/CMSIS/DSP/Source/FilteringFunctions/arm_fir_lattice_q31.c **** 
ARM GAS  /tmp/ccn3O4qV.s 			page 4


 103:./Libraries/CMSIS/DSP/Source/FilteringFunctions/arm_fir_lattice_q31.c ****     /* g1(n) = f0(n) * K1  +  g0(n-1) */
 104:./Libraries/CMSIS/DSP/Source/FilteringFunctions/arm_fir_lattice_q31.c ****     gnext0 = (q31_t) (((q63_t) fcurr0 * (*pk)) >> 32U);
 105:./Libraries/CMSIS/DSP/Source/FilteringFunctions/arm_fir_lattice_q31.c ****     gnext0 = (gnext0 << 1U) + gcurr0;
 106:./Libraries/CMSIS/DSP/Source/FilteringFunctions/arm_fir_lattice_q31.c **** 
 107:./Libraries/CMSIS/DSP/Source/FilteringFunctions/arm_fir_lattice_q31.c ****     /* Process second sample for first tap */
 108:./Libraries/CMSIS/DSP/Source/FilteringFunctions/arm_fir_lattice_q31.c ****     fnext1 = (q31_t) (((q63_t) fcurr0 * (*pk)) >> 32U);
 109:./Libraries/CMSIS/DSP/Source/FilteringFunctions/arm_fir_lattice_q31.c ****     fnext1 = (fnext1 << 1U) + fcurr1;
 110:./Libraries/CMSIS/DSP/Source/FilteringFunctions/arm_fir_lattice_q31.c ****     gnext1 = (q31_t) (((q63_t) fcurr1 * (*pk)) >> 32U);
 111:./Libraries/CMSIS/DSP/Source/FilteringFunctions/arm_fir_lattice_q31.c ****     gnext1 = (gnext1 << 1U) + fcurr0;
 112:./Libraries/CMSIS/DSP/Source/FilteringFunctions/arm_fir_lattice_q31.c **** 
 113:./Libraries/CMSIS/DSP/Source/FilteringFunctions/arm_fir_lattice_q31.c ****     /* Read next two samples from input buffer */
 114:./Libraries/CMSIS/DSP/Source/FilteringFunctions/arm_fir_lattice_q31.c ****     /* f0(n+2) = x(n+2) */
 115:./Libraries/CMSIS/DSP/Source/FilteringFunctions/arm_fir_lattice_q31.c ****     fcurr2 = *pSrc++;
 116:./Libraries/CMSIS/DSP/Source/FilteringFunctions/arm_fir_lattice_q31.c ****     fcurr3 = *pSrc++;
 117:./Libraries/CMSIS/DSP/Source/FilteringFunctions/arm_fir_lattice_q31.c **** 
 118:./Libraries/CMSIS/DSP/Source/FilteringFunctions/arm_fir_lattice_q31.c ****     /* Process third sample for first tap */
 119:./Libraries/CMSIS/DSP/Source/FilteringFunctions/arm_fir_lattice_q31.c ****     fnext2 = (q31_t) (((q63_t) fcurr1 * (*pk)) >> 32U);
 120:./Libraries/CMSIS/DSP/Source/FilteringFunctions/arm_fir_lattice_q31.c ****     fnext2 = (fnext2 << 1U) + fcurr2;
 121:./Libraries/CMSIS/DSP/Source/FilteringFunctions/arm_fir_lattice_q31.c ****     gnext2 = (q31_t) (((q63_t) fcurr2 * (*pk)) >> 32U);
 122:./Libraries/CMSIS/DSP/Source/FilteringFunctions/arm_fir_lattice_q31.c ****     gnext2 = (gnext2 << 1U) + fcurr1;
 123:./Libraries/CMSIS/DSP/Source/FilteringFunctions/arm_fir_lattice_q31.c **** 
 124:./Libraries/CMSIS/DSP/Source/FilteringFunctions/arm_fir_lattice_q31.c ****     /* Process fourth sample for first tap */
 125:./Libraries/CMSIS/DSP/Source/FilteringFunctions/arm_fir_lattice_q31.c ****     fnext3 = (q31_t) (((q63_t) fcurr2 * (*pk  )) >> 32U);
 126:./Libraries/CMSIS/DSP/Source/FilteringFunctions/arm_fir_lattice_q31.c ****     fnext3 = (fnext3 << 1U) + fcurr3;
 127:./Libraries/CMSIS/DSP/Source/FilteringFunctions/arm_fir_lattice_q31.c ****     gnext3 = (q31_t) (((q63_t) fcurr3 * (*pk++)) >> 32U);
 128:./Libraries/CMSIS/DSP/Source/FilteringFunctions/arm_fir_lattice_q31.c ****     gnext3 = (gnext3 << 1U) + fcurr2;
 129:./Libraries/CMSIS/DSP/Source/FilteringFunctions/arm_fir_lattice_q31.c **** 
 130:./Libraries/CMSIS/DSP/Source/FilteringFunctions/arm_fir_lattice_q31.c ****     /* Copy only last input sample into the state buffer
 131:./Libraries/CMSIS/DSP/Source/FilteringFunctions/arm_fir_lattice_q31.c ****        which will be used for next samples processing */
 132:./Libraries/CMSIS/DSP/Source/FilteringFunctions/arm_fir_lattice_q31.c ****     *px++ = fcurr3;
 133:./Libraries/CMSIS/DSP/Source/FilteringFunctions/arm_fir_lattice_q31.c **** 
 134:./Libraries/CMSIS/DSP/Source/FilteringFunctions/arm_fir_lattice_q31.c ****     /* Update of f values for next coefficient set processing */
 135:./Libraries/CMSIS/DSP/Source/FilteringFunctions/arm_fir_lattice_q31.c ****     fcurr0 = fnext0;
 136:./Libraries/CMSIS/DSP/Source/FilteringFunctions/arm_fir_lattice_q31.c ****     fcurr1 = fnext1;
 137:./Libraries/CMSIS/DSP/Source/FilteringFunctions/arm_fir_lattice_q31.c ****     fcurr2 = fnext2;
 138:./Libraries/CMSIS/DSP/Source/FilteringFunctions/arm_fir_lattice_q31.c ****     fcurr3 = fnext3;
 139:./Libraries/CMSIS/DSP/Source/FilteringFunctions/arm_fir_lattice_q31.c **** 
 140:./Libraries/CMSIS/DSP/Source/FilteringFunctions/arm_fir_lattice_q31.c ****     /* Loop unrolling.  Process 4 taps at a time . */
 141:./Libraries/CMSIS/DSP/Source/FilteringFunctions/arm_fir_lattice_q31.c ****     stageCnt = (numStages - 1U) >> 2U;
 142:./Libraries/CMSIS/DSP/Source/FilteringFunctions/arm_fir_lattice_q31.c **** 
 143:./Libraries/CMSIS/DSP/Source/FilteringFunctions/arm_fir_lattice_q31.c ****     /* Loop over the number of taps.  Unroll by a factor of 4.
 144:./Libraries/CMSIS/DSP/Source/FilteringFunctions/arm_fir_lattice_q31.c ****        Repeat until we've computed numStages-3 coefficients. */
 145:./Libraries/CMSIS/DSP/Source/FilteringFunctions/arm_fir_lattice_q31.c **** 
 146:./Libraries/CMSIS/DSP/Source/FilteringFunctions/arm_fir_lattice_q31.c ****     /* Process 2nd, 3rd, 4th and 5th taps ... here */
 147:./Libraries/CMSIS/DSP/Source/FilteringFunctions/arm_fir_lattice_q31.c ****     while (stageCnt > 0U)
 148:./Libraries/CMSIS/DSP/Source/FilteringFunctions/arm_fir_lattice_q31.c ****     {
 149:./Libraries/CMSIS/DSP/Source/FilteringFunctions/arm_fir_lattice_q31.c ****       /* Read g1(n-1), g3(n-1) .... from state */
 150:./Libraries/CMSIS/DSP/Source/FilteringFunctions/arm_fir_lattice_q31.c ****       gcurr0 = *px;
 151:./Libraries/CMSIS/DSP/Source/FilteringFunctions/arm_fir_lattice_q31.c **** 
 152:./Libraries/CMSIS/DSP/Source/FilteringFunctions/arm_fir_lattice_q31.c ****       /* save g1(n) in state buffer */
 153:./Libraries/CMSIS/DSP/Source/FilteringFunctions/arm_fir_lattice_q31.c ****       *px++ = gnext3;
 154:./Libraries/CMSIS/DSP/Source/FilteringFunctions/arm_fir_lattice_q31.c **** 
 155:./Libraries/CMSIS/DSP/Source/FilteringFunctions/arm_fir_lattice_q31.c ****       /* Process first sample for 2nd, 6th .. tap */
 156:./Libraries/CMSIS/DSP/Source/FilteringFunctions/arm_fir_lattice_q31.c ****       /* Sample processing for K2, K6.... */
 157:./Libraries/CMSIS/DSP/Source/FilteringFunctions/arm_fir_lattice_q31.c ****       /* f1(n) = f0(n) +  K1 * g0(n-1) */
 158:./Libraries/CMSIS/DSP/Source/FilteringFunctions/arm_fir_lattice_q31.c ****       fnext0 = (q31_t) (((q63_t) gcurr0 * (*pk)) >> 32U);
 159:./Libraries/CMSIS/DSP/Source/FilteringFunctions/arm_fir_lattice_q31.c ****       fnext0 = (fnext0 << 1U) + fcurr0;
ARM GAS  /tmp/ccn3O4qV.s 			page 5


 160:./Libraries/CMSIS/DSP/Source/FilteringFunctions/arm_fir_lattice_q31.c **** 
 161:./Libraries/CMSIS/DSP/Source/FilteringFunctions/arm_fir_lattice_q31.c ****       /* Process second sample for 2nd, 6th .. tap */
 162:./Libraries/CMSIS/DSP/Source/FilteringFunctions/arm_fir_lattice_q31.c ****       /* for sample 2 processing */
 163:./Libraries/CMSIS/DSP/Source/FilteringFunctions/arm_fir_lattice_q31.c ****       fnext1 = (q31_t) (((q63_t) gnext0 * (*pk)) >> 32U);
 164:./Libraries/CMSIS/DSP/Source/FilteringFunctions/arm_fir_lattice_q31.c ****       fnext1 = (fnext1 << 1U) + fcurr1;
 165:./Libraries/CMSIS/DSP/Source/FilteringFunctions/arm_fir_lattice_q31.c **** 
 166:./Libraries/CMSIS/DSP/Source/FilteringFunctions/arm_fir_lattice_q31.c ****       /* Process third sample for 2nd, 6th .. tap */
 167:./Libraries/CMSIS/DSP/Source/FilteringFunctions/arm_fir_lattice_q31.c ****       fnext2 = (q31_t) (((q63_t) gnext1 * (*pk)) >> 32U);
 168:./Libraries/CMSIS/DSP/Source/FilteringFunctions/arm_fir_lattice_q31.c ****       fnext2 = (fnext2 << 1U) + fcurr2;
 169:./Libraries/CMSIS/DSP/Source/FilteringFunctions/arm_fir_lattice_q31.c **** 
 170:./Libraries/CMSIS/DSP/Source/FilteringFunctions/arm_fir_lattice_q31.c ****       /* Process fourth sample for 2nd, 6th .. tap */
 171:./Libraries/CMSIS/DSP/Source/FilteringFunctions/arm_fir_lattice_q31.c ****       fnext3 = (q31_t) (((q63_t) gnext2 * (*pk)) >> 32U);
 172:./Libraries/CMSIS/DSP/Source/FilteringFunctions/arm_fir_lattice_q31.c ****       fnext3 = (fnext3 << 1U) + fcurr3;
 173:./Libraries/CMSIS/DSP/Source/FilteringFunctions/arm_fir_lattice_q31.c **** 
 174:./Libraries/CMSIS/DSP/Source/FilteringFunctions/arm_fir_lattice_q31.c ****       /* g1(n) = f0(n) * K1  +  g0(n-1) */
 175:./Libraries/CMSIS/DSP/Source/FilteringFunctions/arm_fir_lattice_q31.c ****       /* Calculation of state values for next stage */
 176:./Libraries/CMSIS/DSP/Source/FilteringFunctions/arm_fir_lattice_q31.c ****       gnext3 = (q31_t) (((q63_t) fcurr3 * (*pk)) >> 32U);
 177:./Libraries/CMSIS/DSP/Source/FilteringFunctions/arm_fir_lattice_q31.c ****       gnext3 = (gnext3 << 1U) + gnext2;
 178:./Libraries/CMSIS/DSP/Source/FilteringFunctions/arm_fir_lattice_q31.c **** 
 179:./Libraries/CMSIS/DSP/Source/FilteringFunctions/arm_fir_lattice_q31.c ****       gnext2 = (q31_t) (((q63_t) fcurr2 * (*pk)) >> 32U);
 180:./Libraries/CMSIS/DSP/Source/FilteringFunctions/arm_fir_lattice_q31.c ****       gnext2 = (gnext2 << 1U) + gnext1;
 181:./Libraries/CMSIS/DSP/Source/FilteringFunctions/arm_fir_lattice_q31.c **** 
 182:./Libraries/CMSIS/DSP/Source/FilteringFunctions/arm_fir_lattice_q31.c ****       gnext1 = (q31_t) (((q63_t) fcurr1 * (*pk)) >> 32U);
 183:./Libraries/CMSIS/DSP/Source/FilteringFunctions/arm_fir_lattice_q31.c ****       gnext1 = (gnext1 << 1U) + gnext0;
 184:./Libraries/CMSIS/DSP/Source/FilteringFunctions/arm_fir_lattice_q31.c **** 
 185:./Libraries/CMSIS/DSP/Source/FilteringFunctions/arm_fir_lattice_q31.c ****       gnext0 = (q31_t) (((q63_t) fcurr0 * (*pk++)) >> 32U);
 186:./Libraries/CMSIS/DSP/Source/FilteringFunctions/arm_fir_lattice_q31.c ****       gnext0 = (gnext0 << 1U) + gcurr0;
 187:./Libraries/CMSIS/DSP/Source/FilteringFunctions/arm_fir_lattice_q31.c **** 
 188:./Libraries/CMSIS/DSP/Source/FilteringFunctions/arm_fir_lattice_q31.c **** 
 189:./Libraries/CMSIS/DSP/Source/FilteringFunctions/arm_fir_lattice_q31.c ****       /* Read g2(n-1), g4(n-1) .... from state */
 190:./Libraries/CMSIS/DSP/Source/FilteringFunctions/arm_fir_lattice_q31.c ****       gcurr0 = *px;
 191:./Libraries/CMSIS/DSP/Source/FilteringFunctions/arm_fir_lattice_q31.c **** 
 192:./Libraries/CMSIS/DSP/Source/FilteringFunctions/arm_fir_lattice_q31.c ****       /* save g1(n) in state buffer */
 193:./Libraries/CMSIS/DSP/Source/FilteringFunctions/arm_fir_lattice_q31.c ****       *px++ = gnext3;
 194:./Libraries/CMSIS/DSP/Source/FilteringFunctions/arm_fir_lattice_q31.c **** 
 195:./Libraries/CMSIS/DSP/Source/FilteringFunctions/arm_fir_lattice_q31.c ****       /* Sample processing for K3, K7.... */
 196:./Libraries/CMSIS/DSP/Source/FilteringFunctions/arm_fir_lattice_q31.c ****       /* Process first sample for 3rd, 7th .. tap */
 197:./Libraries/CMSIS/DSP/Source/FilteringFunctions/arm_fir_lattice_q31.c ****       /* f3(n) = f2(n) +  K3 * g2(n-1) */
 198:./Libraries/CMSIS/DSP/Source/FilteringFunctions/arm_fir_lattice_q31.c ****       fcurr0 = (q31_t) (((q63_t) gcurr0 * (*pk)) >> 32U);
 199:./Libraries/CMSIS/DSP/Source/FilteringFunctions/arm_fir_lattice_q31.c ****       fcurr0 = (fcurr0 << 1U) + fnext0;
 200:./Libraries/CMSIS/DSP/Source/FilteringFunctions/arm_fir_lattice_q31.c **** 
 201:./Libraries/CMSIS/DSP/Source/FilteringFunctions/arm_fir_lattice_q31.c ****       /* Process second sample for 3rd, 7th .. tap */
 202:./Libraries/CMSIS/DSP/Source/FilteringFunctions/arm_fir_lattice_q31.c ****       fcurr1 = (q31_t) (((q63_t) gnext0 * (*pk)) >> 32U);
 203:./Libraries/CMSIS/DSP/Source/FilteringFunctions/arm_fir_lattice_q31.c ****       fcurr1 = (fcurr1 << 1U) + fnext1;
 204:./Libraries/CMSIS/DSP/Source/FilteringFunctions/arm_fir_lattice_q31.c **** 
 205:./Libraries/CMSIS/DSP/Source/FilteringFunctions/arm_fir_lattice_q31.c ****       /* Process third sample for 3rd, 7th .. tap */
 206:./Libraries/CMSIS/DSP/Source/FilteringFunctions/arm_fir_lattice_q31.c ****       fcurr2 = (q31_t) (((q63_t) gnext1 * (*pk)) >> 32U);
 207:./Libraries/CMSIS/DSP/Source/FilteringFunctions/arm_fir_lattice_q31.c ****       fcurr2 = (fcurr2 << 1U) + fnext2;
 208:./Libraries/CMSIS/DSP/Source/FilteringFunctions/arm_fir_lattice_q31.c **** 
 209:./Libraries/CMSIS/DSP/Source/FilteringFunctions/arm_fir_lattice_q31.c ****       /* Process fourth sample for 3rd, 7th .. tap */
 210:./Libraries/CMSIS/DSP/Source/FilteringFunctions/arm_fir_lattice_q31.c ****       fcurr3 = (q31_t) (((q63_t) gnext2 * (*pk)) >> 32U);
 211:./Libraries/CMSIS/DSP/Source/FilteringFunctions/arm_fir_lattice_q31.c ****       fcurr3 = (fcurr3 << 1U) + fnext3;
 212:./Libraries/CMSIS/DSP/Source/FilteringFunctions/arm_fir_lattice_q31.c **** 
 213:./Libraries/CMSIS/DSP/Source/FilteringFunctions/arm_fir_lattice_q31.c ****       /* Calculation of state values for next stage */
 214:./Libraries/CMSIS/DSP/Source/FilteringFunctions/arm_fir_lattice_q31.c ****       /* g3(n) = f2(n) * K3  +  g2(n-1) */
 215:./Libraries/CMSIS/DSP/Source/FilteringFunctions/arm_fir_lattice_q31.c ****       gnext3 = (q31_t) (((q63_t) fnext3 * (*pk)) >> 32U);
 216:./Libraries/CMSIS/DSP/Source/FilteringFunctions/arm_fir_lattice_q31.c ****       gnext3 = (gnext3 << 1U) + gnext2;
ARM GAS  /tmp/ccn3O4qV.s 			page 6


 217:./Libraries/CMSIS/DSP/Source/FilteringFunctions/arm_fir_lattice_q31.c **** 
 218:./Libraries/CMSIS/DSP/Source/FilteringFunctions/arm_fir_lattice_q31.c ****       gnext2 = (q31_t) (((q63_t) fnext2 * (*pk)) >> 32U);
 219:./Libraries/CMSIS/DSP/Source/FilteringFunctions/arm_fir_lattice_q31.c ****       gnext2 = (gnext2 << 1U) + gnext1;
 220:./Libraries/CMSIS/DSP/Source/FilteringFunctions/arm_fir_lattice_q31.c **** 
 221:./Libraries/CMSIS/DSP/Source/FilteringFunctions/arm_fir_lattice_q31.c ****       gnext1 = (q31_t) (((q63_t) fnext1 * (*pk)) >> 32U);
 222:./Libraries/CMSIS/DSP/Source/FilteringFunctions/arm_fir_lattice_q31.c ****       gnext1 = (gnext1 << 1U) + gnext0;
 223:./Libraries/CMSIS/DSP/Source/FilteringFunctions/arm_fir_lattice_q31.c **** 
 224:./Libraries/CMSIS/DSP/Source/FilteringFunctions/arm_fir_lattice_q31.c ****       gnext0 = (q31_t) (((q63_t) fnext0 * (*pk++)) >> 32U);
 225:./Libraries/CMSIS/DSP/Source/FilteringFunctions/arm_fir_lattice_q31.c ****       gnext0 = (gnext0 << 1U) + gcurr0;
 226:./Libraries/CMSIS/DSP/Source/FilteringFunctions/arm_fir_lattice_q31.c **** 
 227:./Libraries/CMSIS/DSP/Source/FilteringFunctions/arm_fir_lattice_q31.c ****       /* Read g1(n-1), g3(n-1) .... from state */
 228:./Libraries/CMSIS/DSP/Source/FilteringFunctions/arm_fir_lattice_q31.c ****       gcurr0 = *px;
 229:./Libraries/CMSIS/DSP/Source/FilteringFunctions/arm_fir_lattice_q31.c **** 
 230:./Libraries/CMSIS/DSP/Source/FilteringFunctions/arm_fir_lattice_q31.c ****       /* save g1(n) in state buffer */
 231:./Libraries/CMSIS/DSP/Source/FilteringFunctions/arm_fir_lattice_q31.c ****       *px++ = gnext3;
 232:./Libraries/CMSIS/DSP/Source/FilteringFunctions/arm_fir_lattice_q31.c **** 
 233:./Libraries/CMSIS/DSP/Source/FilteringFunctions/arm_fir_lattice_q31.c ****       /* Sample processing for K4, K8.... */
 234:./Libraries/CMSIS/DSP/Source/FilteringFunctions/arm_fir_lattice_q31.c ****       /* Process first sample for 4th, 8th .. tap */
 235:./Libraries/CMSIS/DSP/Source/FilteringFunctions/arm_fir_lattice_q31.c ****       /* f4(n) = f3(n) +  K4 * g3(n-1) */
 236:./Libraries/CMSIS/DSP/Source/FilteringFunctions/arm_fir_lattice_q31.c ****       fnext0 = (q31_t) (((q63_t) gcurr0 * (*pk)) >> 32U);
 237:./Libraries/CMSIS/DSP/Source/FilteringFunctions/arm_fir_lattice_q31.c ****       fnext0 = (fnext0 << 1U) + fcurr0;
 238:./Libraries/CMSIS/DSP/Source/FilteringFunctions/arm_fir_lattice_q31.c **** 
 239:./Libraries/CMSIS/DSP/Source/FilteringFunctions/arm_fir_lattice_q31.c ****       /* Process second sample for 4th, 8th .. tap */
 240:./Libraries/CMSIS/DSP/Source/FilteringFunctions/arm_fir_lattice_q31.c ****       /* for sample 2 processing */
 241:./Libraries/CMSIS/DSP/Source/FilteringFunctions/arm_fir_lattice_q31.c ****       fnext1 = (q31_t) (((q63_t) gnext0 * (*pk)) >> 32U);
 242:./Libraries/CMSIS/DSP/Source/FilteringFunctions/arm_fir_lattice_q31.c ****       fnext1 = (fnext1 << 1U) + fcurr1;
 243:./Libraries/CMSIS/DSP/Source/FilteringFunctions/arm_fir_lattice_q31.c **** 
 244:./Libraries/CMSIS/DSP/Source/FilteringFunctions/arm_fir_lattice_q31.c ****       /* Process third sample for 4th, 8th .. tap */
 245:./Libraries/CMSIS/DSP/Source/FilteringFunctions/arm_fir_lattice_q31.c ****       fnext2 = (q31_t) (((q63_t) gnext1 * (*pk)) >> 32U);
 246:./Libraries/CMSIS/DSP/Source/FilteringFunctions/arm_fir_lattice_q31.c ****       fnext2 = (fnext2 << 1U) + fcurr2;
 247:./Libraries/CMSIS/DSP/Source/FilteringFunctions/arm_fir_lattice_q31.c **** 
 248:./Libraries/CMSIS/DSP/Source/FilteringFunctions/arm_fir_lattice_q31.c ****       /* Process fourth sample for 4th, 8th .. tap */
 249:./Libraries/CMSIS/DSP/Source/FilteringFunctions/arm_fir_lattice_q31.c ****       fnext3 = (q31_t) (((q63_t) gnext2 * (*pk)) >> 32U);
 250:./Libraries/CMSIS/DSP/Source/FilteringFunctions/arm_fir_lattice_q31.c ****       fnext3 = (fnext3 << 1U) + fcurr3;
 251:./Libraries/CMSIS/DSP/Source/FilteringFunctions/arm_fir_lattice_q31.c **** 
 252:./Libraries/CMSIS/DSP/Source/FilteringFunctions/arm_fir_lattice_q31.c ****       /* g4(n) = f3(n) * K4  +  g3(n-1) */
 253:./Libraries/CMSIS/DSP/Source/FilteringFunctions/arm_fir_lattice_q31.c ****       /* Calculation of state values for next stage */
 254:./Libraries/CMSIS/DSP/Source/FilteringFunctions/arm_fir_lattice_q31.c ****       gnext3 = (q31_t) (((q63_t) fcurr3 * (*pk)) >> 32U);
 255:./Libraries/CMSIS/DSP/Source/FilteringFunctions/arm_fir_lattice_q31.c ****       gnext3 = (gnext3 << 1U) + gnext2;
 256:./Libraries/CMSIS/DSP/Source/FilteringFunctions/arm_fir_lattice_q31.c **** 
 257:./Libraries/CMSIS/DSP/Source/FilteringFunctions/arm_fir_lattice_q31.c ****       gnext2 = (q31_t) (((q63_t) fcurr2 * (*pk)) >> 32U);
 258:./Libraries/CMSIS/DSP/Source/FilteringFunctions/arm_fir_lattice_q31.c ****       gnext2 = (gnext2 << 1U) + gnext1;
 259:./Libraries/CMSIS/DSP/Source/FilteringFunctions/arm_fir_lattice_q31.c **** 
 260:./Libraries/CMSIS/DSP/Source/FilteringFunctions/arm_fir_lattice_q31.c ****       gnext1 = (q31_t) (((q63_t) fcurr1 * (*pk)) >> 32U);
 261:./Libraries/CMSIS/DSP/Source/FilteringFunctions/arm_fir_lattice_q31.c ****       gnext1 = (gnext1 << 1U) + gnext0;
 262:./Libraries/CMSIS/DSP/Source/FilteringFunctions/arm_fir_lattice_q31.c **** 
 263:./Libraries/CMSIS/DSP/Source/FilteringFunctions/arm_fir_lattice_q31.c ****       gnext0 = (q31_t) (((q63_t) fcurr0 * (*pk++)) >> 32U);
 264:./Libraries/CMSIS/DSP/Source/FilteringFunctions/arm_fir_lattice_q31.c ****       gnext0 = (gnext0 << 1U) + gcurr0;
 265:./Libraries/CMSIS/DSP/Source/FilteringFunctions/arm_fir_lattice_q31.c **** 
 266:./Libraries/CMSIS/DSP/Source/FilteringFunctions/arm_fir_lattice_q31.c ****       /* Read g2(n-1), g4(n-1) .... from state */
 267:./Libraries/CMSIS/DSP/Source/FilteringFunctions/arm_fir_lattice_q31.c ****       gcurr0 = *px;
 268:./Libraries/CMSIS/DSP/Source/FilteringFunctions/arm_fir_lattice_q31.c **** 
 269:./Libraries/CMSIS/DSP/Source/FilteringFunctions/arm_fir_lattice_q31.c ****       /* save g4(n) in state buffer */
 270:./Libraries/CMSIS/DSP/Source/FilteringFunctions/arm_fir_lattice_q31.c ****       *px++ = gnext3;
 271:./Libraries/CMSIS/DSP/Source/FilteringFunctions/arm_fir_lattice_q31.c **** 
 272:./Libraries/CMSIS/DSP/Source/FilteringFunctions/arm_fir_lattice_q31.c ****       /* Sample processing for K5, K9.... */
 273:./Libraries/CMSIS/DSP/Source/FilteringFunctions/arm_fir_lattice_q31.c ****       /* Process first sample for 5th, 9th .. tap */
ARM GAS  /tmp/ccn3O4qV.s 			page 7


 274:./Libraries/CMSIS/DSP/Source/FilteringFunctions/arm_fir_lattice_q31.c ****       /* f5(n) = f4(n) +  K5 * g4(n-1) */
 275:./Libraries/CMSIS/DSP/Source/FilteringFunctions/arm_fir_lattice_q31.c ****       fcurr0 = (q31_t) (((q63_t) gcurr0 * (*pk)) >> 32U);
 276:./Libraries/CMSIS/DSP/Source/FilteringFunctions/arm_fir_lattice_q31.c ****       fcurr0 = (fcurr0 << 1U) + fnext0;
 277:./Libraries/CMSIS/DSP/Source/FilteringFunctions/arm_fir_lattice_q31.c **** 
 278:./Libraries/CMSIS/DSP/Source/FilteringFunctions/arm_fir_lattice_q31.c ****       /* Process second sample for 5th, 9th .. tap */
 279:./Libraries/CMSIS/DSP/Source/FilteringFunctions/arm_fir_lattice_q31.c ****       fcurr1 = (q31_t) (((q63_t) gnext0 * (*pk)) >> 32U);
 280:./Libraries/CMSIS/DSP/Source/FilteringFunctions/arm_fir_lattice_q31.c ****       fcurr1 = (fcurr1 << 1U) + fnext1;
 281:./Libraries/CMSIS/DSP/Source/FilteringFunctions/arm_fir_lattice_q31.c **** 
 282:./Libraries/CMSIS/DSP/Source/FilteringFunctions/arm_fir_lattice_q31.c ****       /* Process third sample for 5th, 9th .. tap */
 283:./Libraries/CMSIS/DSP/Source/FilteringFunctions/arm_fir_lattice_q31.c ****       fcurr2 = (q31_t) (((q63_t) gnext1 * (*pk)) >> 32U);
 284:./Libraries/CMSIS/DSP/Source/FilteringFunctions/arm_fir_lattice_q31.c ****       fcurr2 = (fcurr2 << 1U) + fnext2;
 285:./Libraries/CMSIS/DSP/Source/FilteringFunctions/arm_fir_lattice_q31.c **** 
 286:./Libraries/CMSIS/DSP/Source/FilteringFunctions/arm_fir_lattice_q31.c ****       /* Process fourth sample for 5th, 9th .. tap */
 287:./Libraries/CMSIS/DSP/Source/FilteringFunctions/arm_fir_lattice_q31.c ****       fcurr3 = (q31_t) (((q63_t) gnext2 * (*pk)) >> 32U);
 288:./Libraries/CMSIS/DSP/Source/FilteringFunctions/arm_fir_lattice_q31.c ****       fcurr3 = (fcurr3 << 1U) + fnext3;
 289:./Libraries/CMSIS/DSP/Source/FilteringFunctions/arm_fir_lattice_q31.c **** 
 290:./Libraries/CMSIS/DSP/Source/FilteringFunctions/arm_fir_lattice_q31.c ****       /* Calculation of state values for next stage */
 291:./Libraries/CMSIS/DSP/Source/FilteringFunctions/arm_fir_lattice_q31.c ****       /* g5(n) = f4(n) * K5  +  g4(n-1) */
 292:./Libraries/CMSIS/DSP/Source/FilteringFunctions/arm_fir_lattice_q31.c ****       gnext3 = (q31_t) (((q63_t) fnext3 * (*pk)) >> 32U);
 293:./Libraries/CMSIS/DSP/Source/FilteringFunctions/arm_fir_lattice_q31.c ****       gnext3 = (gnext3 << 1U) + gnext2;
 294:./Libraries/CMSIS/DSP/Source/FilteringFunctions/arm_fir_lattice_q31.c **** 
 295:./Libraries/CMSIS/DSP/Source/FilteringFunctions/arm_fir_lattice_q31.c ****       gnext2 = (q31_t) (((q63_t) fnext2 * (*pk)) >> 32U);
 296:./Libraries/CMSIS/DSP/Source/FilteringFunctions/arm_fir_lattice_q31.c ****       gnext2 = (gnext2 << 1U) + gnext1;
 297:./Libraries/CMSIS/DSP/Source/FilteringFunctions/arm_fir_lattice_q31.c **** 
 298:./Libraries/CMSIS/DSP/Source/FilteringFunctions/arm_fir_lattice_q31.c ****       gnext1 = (q31_t) (((q63_t) fnext1 * (*pk)) >> 32U);
 299:./Libraries/CMSIS/DSP/Source/FilteringFunctions/arm_fir_lattice_q31.c ****       gnext1 = (gnext1 << 1U) + gnext0;
 300:./Libraries/CMSIS/DSP/Source/FilteringFunctions/arm_fir_lattice_q31.c **** 
 301:./Libraries/CMSIS/DSP/Source/FilteringFunctions/arm_fir_lattice_q31.c ****       gnext0 = (q31_t) (((q63_t) fnext0 * (*pk++)) >> 32U);
 302:./Libraries/CMSIS/DSP/Source/FilteringFunctions/arm_fir_lattice_q31.c ****       gnext0 = (gnext0 << 1U) + gcurr0;
 303:./Libraries/CMSIS/DSP/Source/FilteringFunctions/arm_fir_lattice_q31.c **** 
 304:./Libraries/CMSIS/DSP/Source/FilteringFunctions/arm_fir_lattice_q31.c ****       stageCnt--;
 305:./Libraries/CMSIS/DSP/Source/FilteringFunctions/arm_fir_lattice_q31.c ****     }
 306:./Libraries/CMSIS/DSP/Source/FilteringFunctions/arm_fir_lattice_q31.c **** 
 307:./Libraries/CMSIS/DSP/Source/FilteringFunctions/arm_fir_lattice_q31.c ****     /* If the (filter length -1) is not a multiple of 4, compute the remaining filter taps */
 308:./Libraries/CMSIS/DSP/Source/FilteringFunctions/arm_fir_lattice_q31.c ****     stageCnt = (numStages - 1U) % 0x4U;
 309:./Libraries/CMSIS/DSP/Source/FilteringFunctions/arm_fir_lattice_q31.c **** 
 310:./Libraries/CMSIS/DSP/Source/FilteringFunctions/arm_fir_lattice_q31.c ****     while (stageCnt > 0U)
 311:./Libraries/CMSIS/DSP/Source/FilteringFunctions/arm_fir_lattice_q31.c ****     {
 312:./Libraries/CMSIS/DSP/Source/FilteringFunctions/arm_fir_lattice_q31.c ****       gcurr0 = *px;
 313:./Libraries/CMSIS/DSP/Source/FilteringFunctions/arm_fir_lattice_q31.c **** 
 314:./Libraries/CMSIS/DSP/Source/FilteringFunctions/arm_fir_lattice_q31.c ****       /* save g value in state buffer */
 315:./Libraries/CMSIS/DSP/Source/FilteringFunctions/arm_fir_lattice_q31.c ****       *px++ = gnext3;
 316:./Libraries/CMSIS/DSP/Source/FilteringFunctions/arm_fir_lattice_q31.c **** 
 317:./Libraries/CMSIS/DSP/Source/FilteringFunctions/arm_fir_lattice_q31.c ****       /* Process four samples for last three taps here */
 318:./Libraries/CMSIS/DSP/Source/FilteringFunctions/arm_fir_lattice_q31.c ****       fnext0 = (q31_t) (((q63_t) gcurr0 * (*pk)) >> 32U);
 319:./Libraries/CMSIS/DSP/Source/FilteringFunctions/arm_fir_lattice_q31.c ****       fnext0 = (fnext0 << 1U) + fcurr0;
 320:./Libraries/CMSIS/DSP/Source/FilteringFunctions/arm_fir_lattice_q31.c **** 
 321:./Libraries/CMSIS/DSP/Source/FilteringFunctions/arm_fir_lattice_q31.c ****       fnext1 = (q31_t) (((q63_t) gnext0 * (*pk)) >> 32U);
 322:./Libraries/CMSIS/DSP/Source/FilteringFunctions/arm_fir_lattice_q31.c ****       fnext1 = (fnext1 << 1U) + fcurr1;
 323:./Libraries/CMSIS/DSP/Source/FilteringFunctions/arm_fir_lattice_q31.c **** 
 324:./Libraries/CMSIS/DSP/Source/FilteringFunctions/arm_fir_lattice_q31.c ****       fnext2 = (q31_t) (((q63_t) gnext1 * (*pk)) >> 32U);
 325:./Libraries/CMSIS/DSP/Source/FilteringFunctions/arm_fir_lattice_q31.c ****       fnext2 = (fnext2 << 1U) + fcurr2;
 326:./Libraries/CMSIS/DSP/Source/FilteringFunctions/arm_fir_lattice_q31.c **** 
 327:./Libraries/CMSIS/DSP/Source/FilteringFunctions/arm_fir_lattice_q31.c ****       fnext3 = (q31_t) (((q63_t) gnext2 * (*pk)) >> 32U);
 328:./Libraries/CMSIS/DSP/Source/FilteringFunctions/arm_fir_lattice_q31.c ****       fnext3 = (fnext3 << 1U) + fcurr3;
 329:./Libraries/CMSIS/DSP/Source/FilteringFunctions/arm_fir_lattice_q31.c **** 
 330:./Libraries/CMSIS/DSP/Source/FilteringFunctions/arm_fir_lattice_q31.c ****       /* g1(n) = f0(n) * K1  +  g0(n-1) */
ARM GAS  /tmp/ccn3O4qV.s 			page 8


 331:./Libraries/CMSIS/DSP/Source/FilteringFunctions/arm_fir_lattice_q31.c ****       gnext3 = (q31_t) (((q63_t) fcurr3 * (*pk)) >> 32U);
 332:./Libraries/CMSIS/DSP/Source/FilteringFunctions/arm_fir_lattice_q31.c ****       gnext3 = (gnext3 << 1U) + gnext2;
 333:./Libraries/CMSIS/DSP/Source/FilteringFunctions/arm_fir_lattice_q31.c **** 
 334:./Libraries/CMSIS/DSP/Source/FilteringFunctions/arm_fir_lattice_q31.c ****       gnext2 = (q31_t) (((q63_t) fcurr2 * (*pk)) >> 32U);
 335:./Libraries/CMSIS/DSP/Source/FilteringFunctions/arm_fir_lattice_q31.c ****       gnext2 = (gnext2 << 1U) + gnext1;
 336:./Libraries/CMSIS/DSP/Source/FilteringFunctions/arm_fir_lattice_q31.c **** 
 337:./Libraries/CMSIS/DSP/Source/FilteringFunctions/arm_fir_lattice_q31.c ****       gnext1 = (q31_t) (((q63_t) fcurr1 * (*pk)) >> 32U);
 338:./Libraries/CMSIS/DSP/Source/FilteringFunctions/arm_fir_lattice_q31.c ****       gnext1 = (gnext1 << 1U) + gnext0;
 339:./Libraries/CMSIS/DSP/Source/FilteringFunctions/arm_fir_lattice_q31.c **** 
 340:./Libraries/CMSIS/DSP/Source/FilteringFunctions/arm_fir_lattice_q31.c ****       gnext0 = (q31_t) (((q63_t) fcurr0 * (*pk++)) >> 32U);
 341:./Libraries/CMSIS/DSP/Source/FilteringFunctions/arm_fir_lattice_q31.c ****       gnext0 = (gnext0 << 1U) + gcurr0;
 342:./Libraries/CMSIS/DSP/Source/FilteringFunctions/arm_fir_lattice_q31.c **** 
 343:./Libraries/CMSIS/DSP/Source/FilteringFunctions/arm_fir_lattice_q31.c ****       /* Update of f values for next coefficient set processing */
 344:./Libraries/CMSIS/DSP/Source/FilteringFunctions/arm_fir_lattice_q31.c ****       fcurr0 = fnext0;
 345:./Libraries/CMSIS/DSP/Source/FilteringFunctions/arm_fir_lattice_q31.c ****       fcurr1 = fnext1;
 346:./Libraries/CMSIS/DSP/Source/FilteringFunctions/arm_fir_lattice_q31.c ****       fcurr2 = fnext2;
 347:./Libraries/CMSIS/DSP/Source/FilteringFunctions/arm_fir_lattice_q31.c ****       fcurr3 = fnext3;
 348:./Libraries/CMSIS/DSP/Source/FilteringFunctions/arm_fir_lattice_q31.c **** 
 349:./Libraries/CMSIS/DSP/Source/FilteringFunctions/arm_fir_lattice_q31.c ****       stageCnt--;
 350:./Libraries/CMSIS/DSP/Source/FilteringFunctions/arm_fir_lattice_q31.c ****     }
 351:./Libraries/CMSIS/DSP/Source/FilteringFunctions/arm_fir_lattice_q31.c **** 
 352:./Libraries/CMSIS/DSP/Source/FilteringFunctions/arm_fir_lattice_q31.c ****     /* The results in the 4 accumulators, store in the destination buffer. */
 353:./Libraries/CMSIS/DSP/Source/FilteringFunctions/arm_fir_lattice_q31.c ****     /* y(n) = fN(n) */
 354:./Libraries/CMSIS/DSP/Source/FilteringFunctions/arm_fir_lattice_q31.c ****     *pDst++ = fcurr0;
 355:./Libraries/CMSIS/DSP/Source/FilteringFunctions/arm_fir_lattice_q31.c ****     *pDst++ = fcurr1;
 356:./Libraries/CMSIS/DSP/Source/FilteringFunctions/arm_fir_lattice_q31.c ****     *pDst++ = fcurr2;
 357:./Libraries/CMSIS/DSP/Source/FilteringFunctions/arm_fir_lattice_q31.c ****     *pDst++ = fcurr3;
 358:./Libraries/CMSIS/DSP/Source/FilteringFunctions/arm_fir_lattice_q31.c **** 
 359:./Libraries/CMSIS/DSP/Source/FilteringFunctions/arm_fir_lattice_q31.c ****     blkCnt--;
 360:./Libraries/CMSIS/DSP/Source/FilteringFunctions/arm_fir_lattice_q31.c ****   }
 361:./Libraries/CMSIS/DSP/Source/FilteringFunctions/arm_fir_lattice_q31.c **** 
 362:./Libraries/CMSIS/DSP/Source/FilteringFunctions/arm_fir_lattice_q31.c ****   /* Loop unrolling: Compute remaining outputs */
 363:./Libraries/CMSIS/DSP/Source/FilteringFunctions/arm_fir_lattice_q31.c ****   blkCnt = blockSize % 0x4U;
 364:./Libraries/CMSIS/DSP/Source/FilteringFunctions/arm_fir_lattice_q31.c **** 
 365:./Libraries/CMSIS/DSP/Source/FilteringFunctions/arm_fir_lattice_q31.c **** #else
 366:./Libraries/CMSIS/DSP/Source/FilteringFunctions/arm_fir_lattice_q31.c **** 
 367:./Libraries/CMSIS/DSP/Source/FilteringFunctions/arm_fir_lattice_q31.c ****   /* Initialize blkCnt with number of samples */
 368:./Libraries/CMSIS/DSP/Source/FilteringFunctions/arm_fir_lattice_q31.c ****   blkCnt = blockSize;
  66              		.loc 1 368 3 view .LVU12
 369:./Libraries/CMSIS/DSP/Source/FilteringFunctions/arm_fir_lattice_q31.c **** 
 370:./Libraries/CMSIS/DSP/Source/FilteringFunctions/arm_fir_lattice_q31.c **** #endif /* #if defined (ARM_MATH_LOOPUNROLL) */
 371:./Libraries/CMSIS/DSP/Source/FilteringFunctions/arm_fir_lattice_q31.c **** 
 372:./Libraries/CMSIS/DSP/Source/FilteringFunctions/arm_fir_lattice_q31.c ****   while (blkCnt > 0U)
  67              		.loc 1 372 3 view .LVU13
  68              		.loc 1 372 9 view .LVU14
  69 0012 ABB3     		cbz	r3, .L1
  70 0014 0431     		adds	r1, r1, #4
  71              	.LVL3:
  72              		.loc 1 372 9 is_stmt 0 view .LVU15
  73 0016 0EF1FF3E 		add	lr, lr, #-1
  74              	.LVL4:
  75              		.loc 1 372 9 view .LVU16
  76 001a 0291     		str	r1, [sp, #8]
  77 001c 0CF10401 		add	r1, ip, #4
  78 0020 0391     		str	r1, [sp, #12]
  79              	.LVL5:
  80              	.L5:
ARM GAS  /tmp/ccn3O4qV.s 			page 9


 373:./Libraries/CMSIS/DSP/Source/FilteringFunctions/arm_fir_lattice_q31.c ****   {
 374:./Libraries/CMSIS/DSP/Source/FilteringFunctions/arm_fir_lattice_q31.c ****     /* f0(n) = x(n) */
 375:./Libraries/CMSIS/DSP/Source/FilteringFunctions/arm_fir_lattice_q31.c ****     fcurr0 = *pSrc++;
  81              		.loc 1 375 5 is_stmt 1 view .LVU17
 376:./Libraries/CMSIS/DSP/Source/FilteringFunctions/arm_fir_lattice_q31.c **** 
 377:./Libraries/CMSIS/DSP/Source/FilteringFunctions/arm_fir_lattice_q31.c ****     /* Initialize state pointer */
 378:./Libraries/CMSIS/DSP/Source/FilteringFunctions/arm_fir_lattice_q31.c ****     px = pState;
 379:./Libraries/CMSIS/DSP/Source/FilteringFunctions/arm_fir_lattice_q31.c **** 
 380:./Libraries/CMSIS/DSP/Source/FilteringFunctions/arm_fir_lattice_q31.c ****     /* Initialize coeff pointer */
 381:./Libraries/CMSIS/DSP/Source/FilteringFunctions/arm_fir_lattice_q31.c ****     pk = pCoeffs;
 382:./Libraries/CMSIS/DSP/Source/FilteringFunctions/arm_fir_lattice_q31.c **** 
 383:./Libraries/CMSIS/DSP/Source/FilteringFunctions/arm_fir_lattice_q31.c ****     /* read g2(n) from state buffer */
 384:./Libraries/CMSIS/DSP/Source/FilteringFunctions/arm_fir_lattice_q31.c ****     gcurr0 = *px;
 385:./Libraries/CMSIS/DSP/Source/FilteringFunctions/arm_fir_lattice_q31.c **** 
 386:./Libraries/CMSIS/DSP/Source/FilteringFunctions/arm_fir_lattice_q31.c ****     /* for sample 1 processing */
 387:./Libraries/CMSIS/DSP/Source/FilteringFunctions/arm_fir_lattice_q31.c ****     /* f1(n) = f0(n) +  K1 * g0(n-1) */
 388:./Libraries/CMSIS/DSP/Source/FilteringFunctions/arm_fir_lattice_q31.c ****     fnext0 = (q31_t) (((q63_t) gcurr0 * (*pk)) >> 32U);
  82              		.loc 1 388 42 is_stmt 0 view .LVU18
  83 0022 0199     		ldr	r1, [sp, #4]
 375:./Libraries/CMSIS/DSP/Source/FilteringFunctions/arm_fir_lattice_q31.c **** 
  84              		.loc 1 375 12 view .LVU19
  85 0024 57F8046B 		ldr	r6, [r7], #4
  86              	.LVL6:
 378:./Libraries/CMSIS/DSP/Source/FilteringFunctions/arm_fir_lattice_q31.c **** 
  87              		.loc 1 378 5 is_stmt 1 view .LVU20
 381:./Libraries/CMSIS/DSP/Source/FilteringFunctions/arm_fir_lattice_q31.c **** 
  88              		.loc 1 381 5 view .LVU21
 384:./Libraries/CMSIS/DSP/Source/FilteringFunctions/arm_fir_lattice_q31.c **** 
  89              		.loc 1 384 5 view .LVU22
 384:./Libraries/CMSIS/DSP/Source/FilteringFunctions/arm_fir_lattice_q31.c **** 
  90              		.loc 1 384 12 is_stmt 0 view .LVU23
  91 0028 DCF80080 		ldr	r8, [ip]
  92              	.LVL7:
  93              		.loc 1 388 5 is_stmt 1 view .LVU24
  94              		.loc 1 388 42 is_stmt 0 view .LVU25
  95 002c 0868     		ldr	r0, [r1]
  96              	.LVL8:
 389:./Libraries/CMSIS/DSP/Source/FilteringFunctions/arm_fir_lattice_q31.c ****     fnext0 = (fnext0 << 1U) + fcurr0;
  97              		.loc 1 389 5 is_stmt 1 view .LVU26
 390:./Libraries/CMSIS/DSP/Source/FilteringFunctions/arm_fir_lattice_q31.c **** 
 391:./Libraries/CMSIS/DSP/Source/FilteringFunctions/arm_fir_lattice_q31.c ****     /* g1(n) = f0(n) * K1  +  g0(n-1) */
 392:./Libraries/CMSIS/DSP/Source/FilteringFunctions/arm_fir_lattice_q31.c ****     gnext0 = (q31_t) (((q63_t) fcurr0 * (*pk++)) >> 32U);
 393:./Libraries/CMSIS/DSP/Source/FilteringFunctions/arm_fir_lattice_q31.c ****     gnext0 = (gnext0 << 1U) + gcurr0;
 394:./Libraries/CMSIS/DSP/Source/FilteringFunctions/arm_fir_lattice_q31.c **** 
 395:./Libraries/CMSIS/DSP/Source/FilteringFunctions/arm_fir_lattice_q31.c ****     /* save g1(n) in state buffer */
 396:./Libraries/CMSIS/DSP/Source/FilteringFunctions/arm_fir_lattice_q31.c ****     *px++ = fcurr0;
  98              		.loc 1 396 11 is_stmt 0 view .LVU27
  99 002e CCF80060 		str	r6, [ip]
 388:./Libraries/CMSIS/DSP/Source/FilteringFunctions/arm_fir_lattice_q31.c ****     fnext0 = (fnext0 << 1U) + fcurr0;
 100              		.loc 1 388 39 view .LVU28
 101 0032 88FB0045 		smull	r4, r5, r8, r0
 392:./Libraries/CMSIS/DSP/Source/FilteringFunctions/arm_fir_lattice_q31.c ****     gnext0 = (gnext0 << 1U) + gcurr0;
 102              		.loc 1 392 39 view .LVU29
 103 0036 80FB0601 		smull	r0, r1, r0, r6
 104              	.LVL9:
 389:./Libraries/CMSIS/DSP/Source/FilteringFunctions/arm_fir_lattice_q31.c **** 
 105              		.loc 1 389 12 view .LVU30
ARM GAS  /tmp/ccn3O4qV.s 			page 10


 106 003a 06EB4506 		add	r6, r6, r5, lsl #1
 107              	.LVL10:
 392:./Libraries/CMSIS/DSP/Source/FilteringFunctions/arm_fir_lattice_q31.c ****     gnext0 = (gnext0 << 1U) + gcurr0;
 108              		.loc 1 392 5 is_stmt 1 view .LVU31
 393:./Libraries/CMSIS/DSP/Source/FilteringFunctions/arm_fir_lattice_q31.c **** 
 109              		.loc 1 393 5 view .LVU32
 393:./Libraries/CMSIS/DSP/Source/FilteringFunctions/arm_fir_lattice_q31.c **** 
 110              		.loc 1 393 12 is_stmt 0 view .LVU33
 111 003e 08EB4100 		add	r0, r8, r1, lsl #1
 112              	.LVL11:
 113              		.loc 1 396 5 is_stmt 1 view .LVU34
 397:./Libraries/CMSIS/DSP/Source/FilteringFunctions/arm_fir_lattice_q31.c **** 
 398:./Libraries/CMSIS/DSP/Source/FilteringFunctions/arm_fir_lattice_q31.c ****     /* f1(n) is saved in fcurr0 for next stage processing */
 399:./Libraries/CMSIS/DSP/Source/FilteringFunctions/arm_fir_lattice_q31.c ****     fcurr0 = fnext0;
 114              		.loc 1 399 5 view .LVU35
 400:./Libraries/CMSIS/DSP/Source/FilteringFunctions/arm_fir_lattice_q31.c **** 
 401:./Libraries/CMSIS/DSP/Source/FilteringFunctions/arm_fir_lattice_q31.c ****     stageCnt = (numStages - 1U);
 115              		.loc 1 401 5 view .LVU36
 402:./Libraries/CMSIS/DSP/Source/FilteringFunctions/arm_fir_lattice_q31.c **** 
 403:./Libraries/CMSIS/DSP/Source/FilteringFunctions/arm_fir_lattice_q31.c ****     /* stage loop */
 404:./Libraries/CMSIS/DSP/Source/FilteringFunctions/arm_fir_lattice_q31.c ****     while (stageCnt > 0U)
 116              		.loc 1 404 5 view .LVU37
 117              		.loc 1 404 11 view .LVU38
 118 0042 BEF1000F 		cmp	lr, #0
 119 0046 17D0     		beq	.L3
 120              		.loc 1 404 11 is_stmt 0 view .LVU39
 121 0048 F146     		mov	r9, lr
 396:./Libraries/CMSIS/DSP/Source/FilteringFunctions/arm_fir_lattice_q31.c **** 
 122              		.loc 1 396 8 view .LVU40
 123 004a 0146     		mov	r1, r0
 124              	.LVL12:
 396:./Libraries/CMSIS/DSP/Source/FilteringFunctions/arm_fir_lattice_q31.c **** 
 125              		.loc 1 396 8 view .LVU41
 126 004c 9A46     		mov	r10, r3
 127 004e DDE902B8 		ldrd	fp, r8, [sp, #8]
 128              	.LVL13:
 129              	.L4:
 405:./Libraries/CMSIS/DSP/Source/FilteringFunctions/arm_fir_lattice_q31.c ****     {
 406:./Libraries/CMSIS/DSP/Source/FilteringFunctions/arm_fir_lattice_q31.c ****       /* read g2(n) from state buffer */
 407:./Libraries/CMSIS/DSP/Source/FilteringFunctions/arm_fir_lattice_q31.c ****       gcurr0 = *px;
 130              		.loc 1 407 7 is_stmt 1 view .LVU42
 131              		.loc 1 407 14 is_stmt 0 view .LVU43
 132 0052 D8F80030 		ldr	r3, [r8]
 133              	.LVL14:
 408:./Libraries/CMSIS/DSP/Source/FilteringFunctions/arm_fir_lattice_q31.c **** 
 409:./Libraries/CMSIS/DSP/Source/FilteringFunctions/arm_fir_lattice_q31.c ****       /* save g1(n) in state buffer */
 410:./Libraries/CMSIS/DSP/Source/FilteringFunctions/arm_fir_lattice_q31.c ****       *px++ = gnext0;
 134              		.loc 1 410 7 is_stmt 1 view .LVU44
 135              		.loc 1 410 7 is_stmt 0 view .LVU45
 136 0056 3046     		mov	r0, r6
 137              		.loc 1 410 13 view .LVU46
 138 0058 48F8041B 		str	r1, [r8], #4
 139              	.LVL15:
 411:./Libraries/CMSIS/DSP/Source/FilteringFunctions/arm_fir_lattice_q31.c **** 
 412:./Libraries/CMSIS/DSP/Source/FilteringFunctions/arm_fir_lattice_q31.c ****       /* Sample processing for K2, K3.... */
 413:./Libraries/CMSIS/DSP/Source/FilteringFunctions/arm_fir_lattice_q31.c ****       /* f2(n) = f1(n) +  K2 * g1(n-1) */
 414:./Libraries/CMSIS/DSP/Source/FilteringFunctions/arm_fir_lattice_q31.c ****       fnext0 = (q31_t) (((q63_t) gcurr0 * (*pk)) >> 32U);
ARM GAS  /tmp/ccn3O4qV.s 			page 11


 140              		.loc 1 414 7 is_stmt 1 view .LVU47
 404:./Libraries/CMSIS/DSP/Source/FilteringFunctions/arm_fir_lattice_q31.c ****     {
 141              		.loc 1 404 11 is_stmt 0 view .LVU48
 142 005c B9F10109 		subs	r9, r9, #1
 143              	.LVL16:
 144              		.loc 1 414 44 view .LVU49
 145 0060 5BF8044B 		ldr	r4, [fp], #4
 146              	.LVL17:
 415:./Libraries/CMSIS/DSP/Source/FilteringFunctions/arm_fir_lattice_q31.c ****       fnext0 = (fnext0 << 1U) + fcurr0;
 147              		.loc 1 415 7 is_stmt 1 view .LVU50
 416:./Libraries/CMSIS/DSP/Source/FilteringFunctions/arm_fir_lattice_q31.c **** 
 417:./Libraries/CMSIS/DSP/Source/FilteringFunctions/arm_fir_lattice_q31.c ****       /* g2(n) = f1(n) * K2  +  g1(n-1) */
 418:./Libraries/CMSIS/DSP/Source/FilteringFunctions/arm_fir_lattice_q31.c ****       gnext0 = (q31_t) (((q63_t) fcurr0 * (*pk++)) >> 32U);
 148              		.loc 1 418 41 is_stmt 0 view .LVU51
 149 0064 84FB0001 		smull	r0, r1, r4, r0
 414:./Libraries/CMSIS/DSP/Source/FilteringFunctions/arm_fir_lattice_q31.c ****       fnext0 = (fnext0 << 1U) + fcurr0;
 150              		.loc 1 414 41 view .LVU52
 151 0068 83FB0445 		smull	r4, r5, r3, r4
 152              	.LVL18:
 419:./Libraries/CMSIS/DSP/Source/FilteringFunctions/arm_fir_lattice_q31.c ****       gnext0 = (gnext0 << 1U) + gcurr0;
 153              		.loc 1 419 14 view .LVU53
 154 006c 03EB4101 		add	r1, r3, r1, lsl #1
 155              	.LVL19:
 415:./Libraries/CMSIS/DSP/Source/FilteringFunctions/arm_fir_lattice_q31.c **** 
 156              		.loc 1 415 14 view .LVU54
 157 0070 06EB4506 		add	r6, r6, r5, lsl #1
 158              	.LVL20:
 418:./Libraries/CMSIS/DSP/Source/FilteringFunctions/arm_fir_lattice_q31.c ****       gnext0 = (gnext0 << 1U) + gcurr0;
 159              		.loc 1 418 7 is_stmt 1 view .LVU55
 160              		.loc 1 419 7 view .LVU56
 420:./Libraries/CMSIS/DSP/Source/FilteringFunctions/arm_fir_lattice_q31.c **** 
 421:./Libraries/CMSIS/DSP/Source/FilteringFunctions/arm_fir_lattice_q31.c ****       /* f1(n) is saved in fcurr0 for next stage processing */
 422:./Libraries/CMSIS/DSP/Source/FilteringFunctions/arm_fir_lattice_q31.c ****       fcurr0 = fnext0;
 161              		.loc 1 422 7 view .LVU57
 423:./Libraries/CMSIS/DSP/Source/FilteringFunctions/arm_fir_lattice_q31.c **** 
 424:./Libraries/CMSIS/DSP/Source/FilteringFunctions/arm_fir_lattice_q31.c ****       stageCnt--;
 162              		.loc 1 424 7 view .LVU58
 404:./Libraries/CMSIS/DSP/Source/FilteringFunctions/arm_fir_lattice_q31.c ****     {
 163              		.loc 1 404 11 view .LVU59
 164 0074 EDD1     		bne	.L4
 165 0076 5346     		mov	r3, r10
 166              	.LVL21:
 167              	.L3:
 425:./Libraries/CMSIS/DSP/Source/FilteringFunctions/arm_fir_lattice_q31.c ****     }
 426:./Libraries/CMSIS/DSP/Source/FilteringFunctions/arm_fir_lattice_q31.c **** 
 427:./Libraries/CMSIS/DSP/Source/FilteringFunctions/arm_fir_lattice_q31.c ****     /* y(n) = fN(n) */
 428:./Libraries/CMSIS/DSP/Source/FilteringFunctions/arm_fir_lattice_q31.c ****     *pDst++ = fcurr0;
 168              		.loc 1 428 5 view .LVU60
 372:./Libraries/CMSIS/DSP/Source/FilteringFunctions/arm_fir_lattice_q31.c ****   {
 169              		.loc 1 372 9 is_stmt 0 view .LVU61
 170 0078 013B     		subs	r3, r3, #1
 171              	.LVL22:
 172              		.loc 1 428 13 view .LVU62
 173 007a 42F8046B 		str	r6, [r2], #4
 174              	.LVL23:
 429:./Libraries/CMSIS/DSP/Source/FilteringFunctions/arm_fir_lattice_q31.c **** 
 430:./Libraries/CMSIS/DSP/Source/FilteringFunctions/arm_fir_lattice_q31.c ****     blkCnt--;
ARM GAS  /tmp/ccn3O4qV.s 			page 12


 175              		.loc 1 430 5 is_stmt 1 view .LVU63
 372:./Libraries/CMSIS/DSP/Source/FilteringFunctions/arm_fir_lattice_q31.c ****   {
 176              		.loc 1 372 9 view .LVU64
 177 007e D0D1     		bne	.L5
 178              	.LVL24:
 179              	.L1:
 431:./Libraries/CMSIS/DSP/Source/FilteringFunctions/arm_fir_lattice_q31.c ****   }
 432:./Libraries/CMSIS/DSP/Source/FilteringFunctions/arm_fir_lattice_q31.c **** 
 433:./Libraries/CMSIS/DSP/Source/FilteringFunctions/arm_fir_lattice_q31.c **** #else
 434:./Libraries/CMSIS/DSP/Source/FilteringFunctions/arm_fir_lattice_q31.c **** /* alternate version for CM0_FAMILY */
 435:./Libraries/CMSIS/DSP/Source/FilteringFunctions/arm_fir_lattice_q31.c **** 
 436:./Libraries/CMSIS/DSP/Source/FilteringFunctions/arm_fir_lattice_q31.c ****   blkCnt = blockSize;
 437:./Libraries/CMSIS/DSP/Source/FilteringFunctions/arm_fir_lattice_q31.c **** 
 438:./Libraries/CMSIS/DSP/Source/FilteringFunctions/arm_fir_lattice_q31.c ****   while (blkCnt > 0U)
 439:./Libraries/CMSIS/DSP/Source/FilteringFunctions/arm_fir_lattice_q31.c ****   {
 440:./Libraries/CMSIS/DSP/Source/FilteringFunctions/arm_fir_lattice_q31.c ****     /* f0(n) = x(n) */
 441:./Libraries/CMSIS/DSP/Source/FilteringFunctions/arm_fir_lattice_q31.c ****     fcurr0 = *pSrc++;
 442:./Libraries/CMSIS/DSP/Source/FilteringFunctions/arm_fir_lattice_q31.c **** 
 443:./Libraries/CMSIS/DSP/Source/FilteringFunctions/arm_fir_lattice_q31.c ****     /* Initialize state pointer */
 444:./Libraries/CMSIS/DSP/Source/FilteringFunctions/arm_fir_lattice_q31.c ****     px = pState;
 445:./Libraries/CMSIS/DSP/Source/FilteringFunctions/arm_fir_lattice_q31.c **** 
 446:./Libraries/CMSIS/DSP/Source/FilteringFunctions/arm_fir_lattice_q31.c ****     /* Initialize coeff pointer */
 447:./Libraries/CMSIS/DSP/Source/FilteringFunctions/arm_fir_lattice_q31.c ****     pk = pCoeffs;
 448:./Libraries/CMSIS/DSP/Source/FilteringFunctions/arm_fir_lattice_q31.c **** 
 449:./Libraries/CMSIS/DSP/Source/FilteringFunctions/arm_fir_lattice_q31.c ****     /* read g0(n-1) from state buffer */
 450:./Libraries/CMSIS/DSP/Source/FilteringFunctions/arm_fir_lattice_q31.c ****     gcurr0 = *px;
 451:./Libraries/CMSIS/DSP/Source/FilteringFunctions/arm_fir_lattice_q31.c **** 
 452:./Libraries/CMSIS/DSP/Source/FilteringFunctions/arm_fir_lattice_q31.c ****     /* for sample 1 processing */
 453:./Libraries/CMSIS/DSP/Source/FilteringFunctions/arm_fir_lattice_q31.c ****     /* f1(n) = f0(n) +  K1 * g0(n-1) */
 454:./Libraries/CMSIS/DSP/Source/FilteringFunctions/arm_fir_lattice_q31.c ****     fnext0 = (q31_t) (((q63_t) gcurr0 * (*pk)) >> 32U);
 455:./Libraries/CMSIS/DSP/Source/FilteringFunctions/arm_fir_lattice_q31.c ****     fnext0 = (fnext << 1U) + fcurr0;
 456:./Libraries/CMSIS/DSP/Source/FilteringFunctions/arm_fir_lattice_q31.c **** 
 457:./Libraries/CMSIS/DSP/Source/FilteringFunctions/arm_fir_lattice_q31.c ****     /* g1(n) = f0(n) * K1  +  g0(n-1) */
 458:./Libraries/CMSIS/DSP/Source/FilteringFunctions/arm_fir_lattice_q31.c ****     gnext0 = (q31_t) (((q63_t) fcurr0 * (*pk++)) >> 32U);
 459:./Libraries/CMSIS/DSP/Source/FilteringFunctions/arm_fir_lattice_q31.c ****     gnext0 = (gnext0 << 1U) + gcurr0;
 460:./Libraries/CMSIS/DSP/Source/FilteringFunctions/arm_fir_lattice_q31.c **** 
 461:./Libraries/CMSIS/DSP/Source/FilteringFunctions/arm_fir_lattice_q31.c ****     /* save f0(n) in state buffer */
 462:./Libraries/CMSIS/DSP/Source/FilteringFunctions/arm_fir_lattice_q31.c ****     *px++ = fcurr0;
 463:./Libraries/CMSIS/DSP/Source/FilteringFunctions/arm_fir_lattice_q31.c **** 
 464:./Libraries/CMSIS/DSP/Source/FilteringFunctions/arm_fir_lattice_q31.c ****     /* f1(n) is saved in fcurr for next stage processing */
 465:./Libraries/CMSIS/DSP/Source/FilteringFunctions/arm_fir_lattice_q31.c ****     fcurr0 = fnext0;
 466:./Libraries/CMSIS/DSP/Source/FilteringFunctions/arm_fir_lattice_q31.c **** 
 467:./Libraries/CMSIS/DSP/Source/FilteringFunctions/arm_fir_lattice_q31.c ****     stageCnt = (numStages - 1U);
 468:./Libraries/CMSIS/DSP/Source/FilteringFunctions/arm_fir_lattice_q31.c **** 
 469:./Libraries/CMSIS/DSP/Source/FilteringFunctions/arm_fir_lattice_q31.c ****     /* stage loop */
 470:./Libraries/CMSIS/DSP/Source/FilteringFunctions/arm_fir_lattice_q31.c ****     while (stageCnt > 0U)
 471:./Libraries/CMSIS/DSP/Source/FilteringFunctions/arm_fir_lattice_q31.c ****     {
 472:./Libraries/CMSIS/DSP/Source/FilteringFunctions/arm_fir_lattice_q31.c ****       /* read g1(n-1) from state buffer */
 473:./Libraries/CMSIS/DSP/Source/FilteringFunctions/arm_fir_lattice_q31.c ****       gcurr0 = *px;
 474:./Libraries/CMSIS/DSP/Source/FilteringFunctions/arm_fir_lattice_q31.c **** 
 475:./Libraries/CMSIS/DSP/Source/FilteringFunctions/arm_fir_lattice_q31.c ****       /* save g0(n-1) in state buffer */
 476:./Libraries/CMSIS/DSP/Source/FilteringFunctions/arm_fir_lattice_q31.c ****       *px++ = gnext0;
 477:./Libraries/CMSIS/DSP/Source/FilteringFunctions/arm_fir_lattice_q31.c **** 
 478:./Libraries/CMSIS/DSP/Source/FilteringFunctions/arm_fir_lattice_q31.c ****       /* Sample processing for K2, K3.... */
 479:./Libraries/CMSIS/DSP/Source/FilteringFunctions/arm_fir_lattice_q31.c ****       /* f2(n) = f1(n) +  K2 * g1(n-1) */
 480:./Libraries/CMSIS/DSP/Source/FilteringFunctions/arm_fir_lattice_q31.c ****       fnext0 = (q31_t) (((q63_t) gcurr0 * (*pk)) >> 32U);
 481:./Libraries/CMSIS/DSP/Source/FilteringFunctions/arm_fir_lattice_q31.c ****       fnext0 = (fnext0 << 1U) + fcurr0;
ARM GAS  /tmp/ccn3O4qV.s 			page 13


 482:./Libraries/CMSIS/DSP/Source/FilteringFunctions/arm_fir_lattice_q31.c **** 
 483:./Libraries/CMSIS/DSP/Source/FilteringFunctions/arm_fir_lattice_q31.c ****       /* g2(n) = f1(n) * K2  +  g1(n-1) */
 484:./Libraries/CMSIS/DSP/Source/FilteringFunctions/arm_fir_lattice_q31.c ****       gnext0 = (q31_t) (((q63_t) fcurr0 * (*pk++)) >> 32U);
 485:./Libraries/CMSIS/DSP/Source/FilteringFunctions/arm_fir_lattice_q31.c ****       gnext0 = (gnext0 << 1U) + gcurr0;
 486:./Libraries/CMSIS/DSP/Source/FilteringFunctions/arm_fir_lattice_q31.c **** 
 487:./Libraries/CMSIS/DSP/Source/FilteringFunctions/arm_fir_lattice_q31.c ****       /* f1(n) is saved in fcurr0 for next stage processing */
 488:./Libraries/CMSIS/DSP/Source/FilteringFunctions/arm_fir_lattice_q31.c ****       fcurr0 = fnext0;
 489:./Libraries/CMSIS/DSP/Source/FilteringFunctions/arm_fir_lattice_q31.c **** 
 490:./Libraries/CMSIS/DSP/Source/FilteringFunctions/arm_fir_lattice_q31.c ****       stageCnt--;
 491:./Libraries/CMSIS/DSP/Source/FilteringFunctions/arm_fir_lattice_q31.c ****     }
 492:./Libraries/CMSIS/DSP/Source/FilteringFunctions/arm_fir_lattice_q31.c **** 
 493:./Libraries/CMSIS/DSP/Source/FilteringFunctions/arm_fir_lattice_q31.c ****     /* y(n) = fN(n) */
 494:./Libraries/CMSIS/DSP/Source/FilteringFunctions/arm_fir_lattice_q31.c ****     *pDst++ = fcurr0;
 495:./Libraries/CMSIS/DSP/Source/FilteringFunctions/arm_fir_lattice_q31.c **** 
 496:./Libraries/CMSIS/DSP/Source/FilteringFunctions/arm_fir_lattice_q31.c ****     blkCnt--;
 497:./Libraries/CMSIS/DSP/Source/FilteringFunctions/arm_fir_lattice_q31.c ****   }
 498:./Libraries/CMSIS/DSP/Source/FilteringFunctions/arm_fir_lattice_q31.c **** 
 499:./Libraries/CMSIS/DSP/Source/FilteringFunctions/arm_fir_lattice_q31.c **** #endif /* #if !defined(ARM_MATH_CM0_FAMILY) */
 500:./Libraries/CMSIS/DSP/Source/FilteringFunctions/arm_fir_lattice_q31.c **** 
 501:./Libraries/CMSIS/DSP/Source/FilteringFunctions/arm_fir_lattice_q31.c **** }
 180              		.loc 1 501 1 is_stmt 0 view .LVU65
 181 0080 05B0     		add	sp, sp, #20
 182              	.LCFI2:
 183              		.cfi_def_cfa_offset 36
 184              		@ sp needed
 185 0082 BDE8F08F 		pop	{r4, r5, r6, r7, r8, r9, r10, fp, pc}
 186              		.loc 1 501 1 view .LVU66
 187              		.cfi_endproc
 188              	.LFE145:
 190 0086 00BF     		.text
 191              	.Letext0:
 192              		.file 2 "/usr/lib/gcc/arm-none-eabi/9.2.1/include/stdint.h"
 193              		.file 3 "/usr/lib/gcc/arm-none-eabi/9.2.1/include/stddef.h"
 194              		.file 4 "/usr/include/newlib/sys/_types.h"
 195              		.file 5 "/usr/include/newlib/sys/reent.h"
 196              		.file 6 "/usr/include/newlib/sys/lock.h"
 197              		.file 7 "/usr/include/newlib/math.h"
 198              		.file 8 "./Libraries/CMSIS/DSP/Include/arm_math.h"
ARM GAS  /tmp/ccn3O4qV.s 			page 14


DEFINED SYMBOLS
                            *ABS*:0000000000000000 arm_fir_lattice_q31.c
     /tmp/ccn3O4qV.s:17     .text.arm_fir_lattice_q31:0000000000000000 $t
     /tmp/ccn3O4qV.s:26     .text.arm_fir_lattice_q31:0000000000000000 arm_fir_lattice_q31

NO UNDEFINED SYMBOLS
