ARM GAS  /tmp/ccJ0IGSY.s 			page 1


   1              		.cpu cortex-m7
   2              		.eabi_attribute 28, 1
   3              		.eabi_attribute 20, 1
   4              		.eabi_attribute 21, 1
   5              		.eabi_attribute 23, 3
   6              		.eabi_attribute 24, 1
   7              		.eabi_attribute 25, 1
   8              		.eabi_attribute 26, 1
   9              		.eabi_attribute 30, 2
  10              		.eabi_attribute 34, 1
  11              		.eabi_attribute 18, 4
  12              		.file	"arm_fir_init_q31.c"
  13              		.text
  14              	.Ltext0:
  15              		.cfi_sections	.debug_frame
  16              		.section	.text.arm_fir_init_q31,"ax",%progbits
  17              		.align	1
  18              		.p2align 2,,3
  19              		.global	arm_fir_init_q31
  20              		.arch armv7e-m
  21              		.syntax unified
  22              		.thumb
  23              		.thumb_func
  24              		.fpu fpv5-d16
  26              	arm_fir_init_q31:
  27              	.LVL0:
  28              	.LFB145:
  29              		.file 1 "./Libraries/CMSIS/DSP/Source/FilteringFunctions/arm_fir_init_q31.c"
   1:./Libraries/CMSIS/DSP/Source/FilteringFunctions/arm_fir_init_q31.c **** /* ----------------------------------------------------------------------
   2:./Libraries/CMSIS/DSP/Source/FilteringFunctions/arm_fir_init_q31.c ****  * Project:      CMSIS DSP Library
   3:./Libraries/CMSIS/DSP/Source/FilteringFunctions/arm_fir_init_q31.c ****  * Title:        arm_fir_init_q31.c
   4:./Libraries/CMSIS/DSP/Source/FilteringFunctions/arm_fir_init_q31.c ****  * Description:  Q31 FIR filter initialization function.
   5:./Libraries/CMSIS/DSP/Source/FilteringFunctions/arm_fir_init_q31.c ****  *
   6:./Libraries/CMSIS/DSP/Source/FilteringFunctions/arm_fir_init_q31.c ****  * $Date:        18. March 2019
   7:./Libraries/CMSIS/DSP/Source/FilteringFunctions/arm_fir_init_q31.c ****  * $Revision:    V1.6.0
   8:./Libraries/CMSIS/DSP/Source/FilteringFunctions/arm_fir_init_q31.c ****  *
   9:./Libraries/CMSIS/DSP/Source/FilteringFunctions/arm_fir_init_q31.c ****  * Target Processor: Cortex-M cores
  10:./Libraries/CMSIS/DSP/Source/FilteringFunctions/arm_fir_init_q31.c ****  * -------------------------------------------------------------------- */
  11:./Libraries/CMSIS/DSP/Source/FilteringFunctions/arm_fir_init_q31.c **** /*
  12:./Libraries/CMSIS/DSP/Source/FilteringFunctions/arm_fir_init_q31.c ****  * Copyright (C) 2010-2019 ARM Limited or its affiliates. All rights reserved.
  13:./Libraries/CMSIS/DSP/Source/FilteringFunctions/arm_fir_init_q31.c ****  *
  14:./Libraries/CMSIS/DSP/Source/FilteringFunctions/arm_fir_init_q31.c ****  * SPDX-License-Identifier: Apache-2.0
  15:./Libraries/CMSIS/DSP/Source/FilteringFunctions/arm_fir_init_q31.c ****  *
  16:./Libraries/CMSIS/DSP/Source/FilteringFunctions/arm_fir_init_q31.c ****  * Licensed under the Apache License, Version 2.0 (the License); you may
  17:./Libraries/CMSIS/DSP/Source/FilteringFunctions/arm_fir_init_q31.c ****  * not use this file except in compliance with the License.
  18:./Libraries/CMSIS/DSP/Source/FilteringFunctions/arm_fir_init_q31.c ****  * You may obtain a copy of the License at
  19:./Libraries/CMSIS/DSP/Source/FilteringFunctions/arm_fir_init_q31.c ****  *
  20:./Libraries/CMSIS/DSP/Source/FilteringFunctions/arm_fir_init_q31.c ****  * www.apache.org/licenses/LICENSE-2.0
  21:./Libraries/CMSIS/DSP/Source/FilteringFunctions/arm_fir_init_q31.c ****  *
  22:./Libraries/CMSIS/DSP/Source/FilteringFunctions/arm_fir_init_q31.c ****  * Unless required by applicable law or agreed to in writing, software
  23:./Libraries/CMSIS/DSP/Source/FilteringFunctions/arm_fir_init_q31.c ****  * distributed under the License is distributed on an AS IS BASIS, WITHOUT
  24:./Libraries/CMSIS/DSP/Source/FilteringFunctions/arm_fir_init_q31.c ****  * WARRANTIES OR CONDITIONS OF ANY KIND, either express or implied.
  25:./Libraries/CMSIS/DSP/Source/FilteringFunctions/arm_fir_init_q31.c ****  * See the License for the specific language governing permissions and
  26:./Libraries/CMSIS/DSP/Source/FilteringFunctions/arm_fir_init_q31.c ****  * limitations under the License.
  27:./Libraries/CMSIS/DSP/Source/FilteringFunctions/arm_fir_init_q31.c ****  */
  28:./Libraries/CMSIS/DSP/Source/FilteringFunctions/arm_fir_init_q31.c **** 
  29:./Libraries/CMSIS/DSP/Source/FilteringFunctions/arm_fir_init_q31.c **** #include "arm_math.h"
ARM GAS  /tmp/ccJ0IGSY.s 			page 2


  30:./Libraries/CMSIS/DSP/Source/FilteringFunctions/arm_fir_init_q31.c **** 
  31:./Libraries/CMSIS/DSP/Source/FilteringFunctions/arm_fir_init_q31.c **** /**
  32:./Libraries/CMSIS/DSP/Source/FilteringFunctions/arm_fir_init_q31.c ****   @ingroup groupFilters
  33:./Libraries/CMSIS/DSP/Source/FilteringFunctions/arm_fir_init_q31.c ****  */
  34:./Libraries/CMSIS/DSP/Source/FilteringFunctions/arm_fir_init_q31.c **** 
  35:./Libraries/CMSIS/DSP/Source/FilteringFunctions/arm_fir_init_q31.c **** /**
  36:./Libraries/CMSIS/DSP/Source/FilteringFunctions/arm_fir_init_q31.c ****   @addtogroup FIR
  37:./Libraries/CMSIS/DSP/Source/FilteringFunctions/arm_fir_init_q31.c ****   @{
  38:./Libraries/CMSIS/DSP/Source/FilteringFunctions/arm_fir_init_q31.c ****  */
  39:./Libraries/CMSIS/DSP/Source/FilteringFunctions/arm_fir_init_q31.c **** 
  40:./Libraries/CMSIS/DSP/Source/FilteringFunctions/arm_fir_init_q31.c **** /**
  41:./Libraries/CMSIS/DSP/Source/FilteringFunctions/arm_fir_init_q31.c ****   @brief         Initialization function for the Q31 FIR filter.
  42:./Libraries/CMSIS/DSP/Source/FilteringFunctions/arm_fir_init_q31.c ****   @param[in,out] S          points to an instance of the Q31 FIR filter structure
  43:./Libraries/CMSIS/DSP/Source/FilteringFunctions/arm_fir_init_q31.c ****   @param[in] 	 numTaps    number of filter coefficients in the filter
  44:./Libraries/CMSIS/DSP/Source/FilteringFunctions/arm_fir_init_q31.c ****   @param[in]     pCoeffs    points to the filter coefficients buffer
  45:./Libraries/CMSIS/DSP/Source/FilteringFunctions/arm_fir_init_q31.c ****   @param[in]     pState     points to the state buffer
  46:./Libraries/CMSIS/DSP/Source/FilteringFunctions/arm_fir_init_q31.c ****   @param[in]     blockSize  number of samples processed
  47:./Libraries/CMSIS/DSP/Source/FilteringFunctions/arm_fir_init_q31.c ****   @return        none
  48:./Libraries/CMSIS/DSP/Source/FilteringFunctions/arm_fir_init_q31.c **** 
  49:./Libraries/CMSIS/DSP/Source/FilteringFunctions/arm_fir_init_q31.c ****   @par           Details
  50:./Libraries/CMSIS/DSP/Source/FilteringFunctions/arm_fir_init_q31.c ****                    <code>pCoeffs</code> points to the array of filter coefficients stored in time r
  51:./Libraries/CMSIS/DSP/Source/FilteringFunctions/arm_fir_init_q31.c ****   <pre>
  52:./Libraries/CMSIS/DSP/Source/FilteringFunctions/arm_fir_init_q31.c ****       {b[numTaps-1], b[numTaps-2], b[N-2], ..., b[1], b[0]}
  53:./Libraries/CMSIS/DSP/Source/FilteringFunctions/arm_fir_init_q31.c ****   </pre>
  54:./Libraries/CMSIS/DSP/Source/FilteringFunctions/arm_fir_init_q31.c ****                    <code>pState</code> points to the array of state variables.
  55:./Libraries/CMSIS/DSP/Source/FilteringFunctions/arm_fir_init_q31.c ****                    <code>pState</code> is of length <code>numTaps+blockSize-1</code> samples, where
  56:./Libraries/CMSIS/DSP/Source/FilteringFunctions/arm_fir_init_q31.c ****  */
  57:./Libraries/CMSIS/DSP/Source/FilteringFunctions/arm_fir_init_q31.c **** 
  58:./Libraries/CMSIS/DSP/Source/FilteringFunctions/arm_fir_init_q31.c **** void arm_fir_init_q31(
  59:./Libraries/CMSIS/DSP/Source/FilteringFunctions/arm_fir_init_q31.c ****         arm_fir_instance_q31 * S,
  60:./Libraries/CMSIS/DSP/Source/FilteringFunctions/arm_fir_init_q31.c ****         uint16_t numTaps,
  61:./Libraries/CMSIS/DSP/Source/FilteringFunctions/arm_fir_init_q31.c ****   const q31_t * pCoeffs,
  62:./Libraries/CMSIS/DSP/Source/FilteringFunctions/arm_fir_init_q31.c ****         q31_t * pState,
  63:./Libraries/CMSIS/DSP/Source/FilteringFunctions/arm_fir_init_q31.c ****         uint32_t blockSize)
  64:./Libraries/CMSIS/DSP/Source/FilteringFunctions/arm_fir_init_q31.c **** {
  30              		.loc 1 64 1 view -0
  31              		.cfi_startproc
  32              		@ args = 4, pretend = 0, frame = 0
  33              		@ frame_needed = 0, uses_anonymous_args = 0
  65:./Libraries/CMSIS/DSP/Source/FilteringFunctions/arm_fir_init_q31.c ****   /* Assign filter taps */
  66:./Libraries/CMSIS/DSP/Source/FilteringFunctions/arm_fir_init_q31.c ****   S->numTaps = numTaps;
  34              		.loc 1 66 3 view .LVU1
  64:./Libraries/CMSIS/DSP/Source/FilteringFunctions/arm_fir_init_q31.c ****   /* Assign filter taps */
  35              		.loc 1 64 1 is_stmt 0 view .LVU2
  36 0000 38B5     		push	{r3, r4, r5, lr}
  37              	.LCFI0:
  38              		.cfi_def_cfa_offset 16
  39              		.cfi_offset 3, -16
  40              		.cfi_offset 4, -12
  41              		.cfi_offset 5, -8
  42              		.cfi_offset 14, -4
  64:./Libraries/CMSIS/DSP/Source/FilteringFunctions/arm_fir_init_q31.c ****   /* Assign filter taps */
  43              		.loc 1 64 1 view .LVU3
  44 0002 049C     		ldr	r4, [sp, #16]
  45              		.loc 1 66 14 view .LVU4
  46 0004 0180     		strh	r1, [r0]	@ movhi
  67:./Libraries/CMSIS/DSP/Source/FilteringFunctions/arm_fir_init_q31.c **** 
ARM GAS  /tmp/ccJ0IGSY.s 			page 3


  68:./Libraries/CMSIS/DSP/Source/FilteringFunctions/arm_fir_init_q31.c ****   /* Assign coefficient pointer */
  69:./Libraries/CMSIS/DSP/Source/FilteringFunctions/arm_fir_init_q31.c ****   S->pCoeffs = pCoeffs;
  47              		.loc 1 69 3 is_stmt 1 view .LVU5
  70:./Libraries/CMSIS/DSP/Source/FilteringFunctions/arm_fir_init_q31.c **** 
  71:./Libraries/CMSIS/DSP/Source/FilteringFunctions/arm_fir_init_q31.c ****   /* Clear state buffer. The size is always (blockSize + numTaps - 1) */
  72:./Libraries/CMSIS/DSP/Source/FilteringFunctions/arm_fir_init_q31.c ****   memset(pState, 0, (numTaps + (blockSize - 1U)) * sizeof(q31_t));
  48              		.loc 1 72 30 is_stmt 0 view .LVU6
  49 0006 651E     		subs	r5, r4, #1
  64:./Libraries/CMSIS/DSP/Source/FilteringFunctions/arm_fir_init_q31.c ****   /* Assign filter taps */
  50              		.loc 1 64 1 view .LVU7
  51 0008 0446     		mov	r4, r0
  52              		.loc 1 72 3 view .LVU8
  53 000a 1846     		mov	r0, r3
  54              	.LVL1:
  55              		.loc 1 72 30 view .LVU9
  56 000c 0D44     		add	r5, r5, r1
  69:./Libraries/CMSIS/DSP/Source/FilteringFunctions/arm_fir_init_q31.c **** 
  57              		.loc 1 69 14 view .LVU10
  58 000e A260     		str	r2, [r4, #8]
  59              		.loc 1 72 3 is_stmt 1 view .LVU11
  60 0010 0021     		movs	r1, #0
  61              	.LVL2:
  62              		.loc 1 72 3 is_stmt 0 view .LVU12
  63 0012 AA00     		lsls	r2, r5, #2
  64              	.LVL3:
  65              		.loc 1 72 3 view .LVU13
  66 0014 FFF7FEFF 		bl	memset
  67              	.LVL4:
  73:./Libraries/CMSIS/DSP/Source/FilteringFunctions/arm_fir_init_q31.c **** 
  74:./Libraries/CMSIS/DSP/Source/FilteringFunctions/arm_fir_init_q31.c ****   /* Assign state pointer */
  75:./Libraries/CMSIS/DSP/Source/FilteringFunctions/arm_fir_init_q31.c ****   S->pState = pState;
  68              		.loc 1 75 3 is_stmt 1 view .LVU14
  69              		.loc 1 75 13 is_stmt 0 view .LVU15
  70 0018 6060     		str	r0, [r4, #4]
  76:./Libraries/CMSIS/DSP/Source/FilteringFunctions/arm_fir_init_q31.c **** }
  71              		.loc 1 76 1 view .LVU16
  72 001a 38BD     		pop	{r3, r4, r5, pc}
  73              		.loc 1 76 1 view .LVU17
  74              		.cfi_endproc
  75              	.LFE145:
  77              		.text
  78              	.Letext0:
  79              		.file 2 "/usr/lib/gcc/arm-none-eabi/9.2.1/include/stdint.h"
  80              		.file 3 "/usr/lib/gcc/arm-none-eabi/9.2.1/include/stddef.h"
  81              		.file 4 "/usr/include/newlib/sys/_types.h"
  82              		.file 5 "/usr/include/newlib/sys/reent.h"
  83              		.file 6 "/usr/include/newlib/sys/lock.h"
  84              		.file 7 "/usr/include/newlib/math.h"
  85              		.file 8 "./Libraries/CMSIS/DSP/Include/arm_math.h"
  86              		.file 9 "<built-in>"
ARM GAS  /tmp/ccJ0IGSY.s 			page 4


DEFINED SYMBOLS
                            *ABS*:0000000000000000 arm_fir_init_q31.c
     /tmp/ccJ0IGSY.s:17     .text.arm_fir_init_q31:0000000000000000 $t
     /tmp/ccJ0IGSY.s:26     .text.arm_fir_init_q31:0000000000000000 arm_fir_init_q31

UNDEFINED SYMBOLS
memset
