ARM GAS  /tmp/ccP6BC8v.s 			page 1


   1              		.cpu cortex-m7
   2              		.eabi_attribute 28, 1
   3              		.eabi_attribute 20, 1
   4              		.eabi_attribute 21, 1
   5              		.eabi_attribute 23, 3
   6              		.eabi_attribute 24, 1
   7              		.eabi_attribute 25, 1
   8              		.eabi_attribute 26, 1
   9              		.eabi_attribute 30, 2
  10              		.eabi_attribute 34, 1
  11              		.eabi_attribute 18, 4
  12              		.file	"arm_fill_q15.c"
  13              		.text
  14              	.Ltext0:
  15              		.cfi_sections	.debug_frame
  16              		.section	.text.arm_fill_q15,"ax",%progbits
  17              		.align	1
  18              		.p2align 2,,3
  19              		.global	arm_fill_q15
  20              		.arch armv7e-m
  21              		.syntax unified
  22              		.thumb
  23              		.thumb_func
  24              		.fpu fpv5-d16
  26              	arm_fill_q15:
  27              	.LVL0:
  28              	.LFB145:
  29              		.file 1 "./Libraries/CMSIS/DSP/Source/SupportFunctions/arm_fill_q15.c"
   1:./Libraries/CMSIS/DSP/Source/SupportFunctions/arm_fill_q15.c **** /* ----------------------------------------------------------------------
   2:./Libraries/CMSIS/DSP/Source/SupportFunctions/arm_fill_q15.c ****  * Project:      CMSIS DSP Library
   3:./Libraries/CMSIS/DSP/Source/SupportFunctions/arm_fill_q15.c ****  * Title:        arm_fill_q15.c
   4:./Libraries/CMSIS/DSP/Source/SupportFunctions/arm_fill_q15.c ****  * Description:  Fills a constant value into a Q15 vector
   5:./Libraries/CMSIS/DSP/Source/SupportFunctions/arm_fill_q15.c ****  *
   6:./Libraries/CMSIS/DSP/Source/SupportFunctions/arm_fill_q15.c ****  * $Date:        18. March 2019
   7:./Libraries/CMSIS/DSP/Source/SupportFunctions/arm_fill_q15.c ****  * $Revision:    V1.6.0
   8:./Libraries/CMSIS/DSP/Source/SupportFunctions/arm_fill_q15.c ****  *
   9:./Libraries/CMSIS/DSP/Source/SupportFunctions/arm_fill_q15.c ****  * Target Processor: Cortex-M cores
  10:./Libraries/CMSIS/DSP/Source/SupportFunctions/arm_fill_q15.c ****  * -------------------------------------------------------------------- */
  11:./Libraries/CMSIS/DSP/Source/SupportFunctions/arm_fill_q15.c **** /*
  12:./Libraries/CMSIS/DSP/Source/SupportFunctions/arm_fill_q15.c ****  * Copyright (C) 2010-2019 ARM Limited or its affiliates. All rights reserved.
  13:./Libraries/CMSIS/DSP/Source/SupportFunctions/arm_fill_q15.c ****  *
  14:./Libraries/CMSIS/DSP/Source/SupportFunctions/arm_fill_q15.c ****  * SPDX-License-Identifier: Apache-2.0
  15:./Libraries/CMSIS/DSP/Source/SupportFunctions/arm_fill_q15.c ****  *
  16:./Libraries/CMSIS/DSP/Source/SupportFunctions/arm_fill_q15.c ****  * Licensed under the Apache License, Version 2.0 (the License); you may
  17:./Libraries/CMSIS/DSP/Source/SupportFunctions/arm_fill_q15.c ****  * not use this file except in compliance with the License.
  18:./Libraries/CMSIS/DSP/Source/SupportFunctions/arm_fill_q15.c ****  * You may obtain a copy of the License at
  19:./Libraries/CMSIS/DSP/Source/SupportFunctions/arm_fill_q15.c ****  *
  20:./Libraries/CMSIS/DSP/Source/SupportFunctions/arm_fill_q15.c ****  * www.apache.org/licenses/LICENSE-2.0
  21:./Libraries/CMSIS/DSP/Source/SupportFunctions/arm_fill_q15.c ****  *
  22:./Libraries/CMSIS/DSP/Source/SupportFunctions/arm_fill_q15.c ****  * Unless required by applicable law or agreed to in writing, software
  23:./Libraries/CMSIS/DSP/Source/SupportFunctions/arm_fill_q15.c ****  * distributed under the License is distributed on an AS IS BASIS, WITHOUT
  24:./Libraries/CMSIS/DSP/Source/SupportFunctions/arm_fill_q15.c ****  * WARRANTIES OR CONDITIONS OF ANY KIND, either express or implied.
  25:./Libraries/CMSIS/DSP/Source/SupportFunctions/arm_fill_q15.c ****  * See the License for the specific language governing permissions and
  26:./Libraries/CMSIS/DSP/Source/SupportFunctions/arm_fill_q15.c ****  * limitations under the License.
  27:./Libraries/CMSIS/DSP/Source/SupportFunctions/arm_fill_q15.c ****  */
  28:./Libraries/CMSIS/DSP/Source/SupportFunctions/arm_fill_q15.c **** 
  29:./Libraries/CMSIS/DSP/Source/SupportFunctions/arm_fill_q15.c **** #include "arm_math.h"
ARM GAS  /tmp/ccP6BC8v.s 			page 2


  30:./Libraries/CMSIS/DSP/Source/SupportFunctions/arm_fill_q15.c **** 
  31:./Libraries/CMSIS/DSP/Source/SupportFunctions/arm_fill_q15.c **** /**
  32:./Libraries/CMSIS/DSP/Source/SupportFunctions/arm_fill_q15.c ****   @ingroup groupSupport
  33:./Libraries/CMSIS/DSP/Source/SupportFunctions/arm_fill_q15.c ****  */
  34:./Libraries/CMSIS/DSP/Source/SupportFunctions/arm_fill_q15.c **** 
  35:./Libraries/CMSIS/DSP/Source/SupportFunctions/arm_fill_q15.c **** /**
  36:./Libraries/CMSIS/DSP/Source/SupportFunctions/arm_fill_q15.c ****   @addtogroup Fill
  37:./Libraries/CMSIS/DSP/Source/SupportFunctions/arm_fill_q15.c ****   @{
  38:./Libraries/CMSIS/DSP/Source/SupportFunctions/arm_fill_q15.c ****  */
  39:./Libraries/CMSIS/DSP/Source/SupportFunctions/arm_fill_q15.c **** 
  40:./Libraries/CMSIS/DSP/Source/SupportFunctions/arm_fill_q15.c **** /**
  41:./Libraries/CMSIS/DSP/Source/SupportFunctions/arm_fill_q15.c ****   @brief         Fills a constant value into a Q15 vector.
  42:./Libraries/CMSIS/DSP/Source/SupportFunctions/arm_fill_q15.c ****   @param[in]     value      input value to be filled
  43:./Libraries/CMSIS/DSP/Source/SupportFunctions/arm_fill_q15.c ****   @param[out]    pDst       points to output vector
  44:./Libraries/CMSIS/DSP/Source/SupportFunctions/arm_fill_q15.c ****   @param[in]     blockSize  number of samples in each vector
  45:./Libraries/CMSIS/DSP/Source/SupportFunctions/arm_fill_q15.c ****   @return        none
  46:./Libraries/CMSIS/DSP/Source/SupportFunctions/arm_fill_q15.c ****  */
  47:./Libraries/CMSIS/DSP/Source/SupportFunctions/arm_fill_q15.c **** 
  48:./Libraries/CMSIS/DSP/Source/SupportFunctions/arm_fill_q15.c **** void arm_fill_q15(
  49:./Libraries/CMSIS/DSP/Source/SupportFunctions/arm_fill_q15.c ****   q15_t value,
  50:./Libraries/CMSIS/DSP/Source/SupportFunctions/arm_fill_q15.c ****   q15_t * pDst,
  51:./Libraries/CMSIS/DSP/Source/SupportFunctions/arm_fill_q15.c ****   uint32_t blockSize)
  52:./Libraries/CMSIS/DSP/Source/SupportFunctions/arm_fill_q15.c **** {
  30              		.loc 1 52 1 view -0
  31              		.cfi_startproc
  32              		@ args = 0, pretend = 0, frame = 0
  33              		@ frame_needed = 0, uses_anonymous_args = 0
  34              		@ link register save eliminated.
  53:./Libraries/CMSIS/DSP/Source/SupportFunctions/arm_fill_q15.c ****   uint32_t blkCnt;                               /* Loop counter */
  35              		.loc 1 53 3 view .LVU1
  54:./Libraries/CMSIS/DSP/Source/SupportFunctions/arm_fill_q15.c **** 
  55:./Libraries/CMSIS/DSP/Source/SupportFunctions/arm_fill_q15.c **** #if defined (ARM_MATH_LOOPUNROLL)
  56:./Libraries/CMSIS/DSP/Source/SupportFunctions/arm_fill_q15.c ****   q31_t packedValue;                             /* value packed to 32 bits */
  57:./Libraries/CMSIS/DSP/Source/SupportFunctions/arm_fill_q15.c **** 
  58:./Libraries/CMSIS/DSP/Source/SupportFunctions/arm_fill_q15.c ****   /* Packing two 16 bit values to 32 bit value in order to use SIMD */
  59:./Libraries/CMSIS/DSP/Source/SupportFunctions/arm_fill_q15.c ****   packedValue = __PKHBT(value, value, 16U);
  60:./Libraries/CMSIS/DSP/Source/SupportFunctions/arm_fill_q15.c **** 
  61:./Libraries/CMSIS/DSP/Source/SupportFunctions/arm_fill_q15.c ****   /* Loop unrolling: Compute 4 outputs at a time */
  62:./Libraries/CMSIS/DSP/Source/SupportFunctions/arm_fill_q15.c ****   blkCnt = blockSize >> 2U;
  63:./Libraries/CMSIS/DSP/Source/SupportFunctions/arm_fill_q15.c **** 
  64:./Libraries/CMSIS/DSP/Source/SupportFunctions/arm_fill_q15.c ****   while (blkCnt > 0U)
  65:./Libraries/CMSIS/DSP/Source/SupportFunctions/arm_fill_q15.c ****   {
  66:./Libraries/CMSIS/DSP/Source/SupportFunctions/arm_fill_q15.c ****     /* C = value */
  67:./Libraries/CMSIS/DSP/Source/SupportFunctions/arm_fill_q15.c **** 
  68:./Libraries/CMSIS/DSP/Source/SupportFunctions/arm_fill_q15.c ****     /* fill 2 times 2 samples at a time */
  69:./Libraries/CMSIS/DSP/Source/SupportFunctions/arm_fill_q15.c ****     write_q15x2_ia (&pDst, packedValue);
  70:./Libraries/CMSIS/DSP/Source/SupportFunctions/arm_fill_q15.c ****     write_q15x2_ia (&pDst, packedValue);
  71:./Libraries/CMSIS/DSP/Source/SupportFunctions/arm_fill_q15.c **** 
  72:./Libraries/CMSIS/DSP/Source/SupportFunctions/arm_fill_q15.c ****     /* Decrement loop counter */
  73:./Libraries/CMSIS/DSP/Source/SupportFunctions/arm_fill_q15.c ****     blkCnt--;
  74:./Libraries/CMSIS/DSP/Source/SupportFunctions/arm_fill_q15.c ****   }
  75:./Libraries/CMSIS/DSP/Source/SupportFunctions/arm_fill_q15.c **** 
  76:./Libraries/CMSIS/DSP/Source/SupportFunctions/arm_fill_q15.c ****   /* Loop unrolling: Compute remaining outputs */
  77:./Libraries/CMSIS/DSP/Source/SupportFunctions/arm_fill_q15.c ****   blkCnt = blockSize % 0x4U;
  78:./Libraries/CMSIS/DSP/Source/SupportFunctions/arm_fill_q15.c **** 
  79:./Libraries/CMSIS/DSP/Source/SupportFunctions/arm_fill_q15.c **** #else
  80:./Libraries/CMSIS/DSP/Source/SupportFunctions/arm_fill_q15.c **** 
ARM GAS  /tmp/ccP6BC8v.s 			page 3


  81:./Libraries/CMSIS/DSP/Source/SupportFunctions/arm_fill_q15.c ****   /* Initialize blkCnt with number of samples */
  82:./Libraries/CMSIS/DSP/Source/SupportFunctions/arm_fill_q15.c ****   blkCnt = blockSize;
  36              		.loc 1 82 3 view .LVU2
  83:./Libraries/CMSIS/DSP/Source/SupportFunctions/arm_fill_q15.c **** 
  84:./Libraries/CMSIS/DSP/Source/SupportFunctions/arm_fill_q15.c **** #endif /* #if defined (ARM_MATH_LOOPUNROLL) */
  85:./Libraries/CMSIS/DSP/Source/SupportFunctions/arm_fill_q15.c **** 
  86:./Libraries/CMSIS/DSP/Source/SupportFunctions/arm_fill_q15.c ****   while (blkCnt > 0U)
  37              		.loc 1 86 3 view .LVU3
  38              		.loc 1 86 9 view .LVU4
  39 0000 1AB1     		cbz	r2, .L1
  40              	.LVL1:
  41              	.L3:
  87:./Libraries/CMSIS/DSP/Source/SupportFunctions/arm_fill_q15.c ****   {
  88:./Libraries/CMSIS/DSP/Source/SupportFunctions/arm_fill_q15.c ****     /* C = value */
  89:./Libraries/CMSIS/DSP/Source/SupportFunctions/arm_fill_q15.c **** 
  90:./Libraries/CMSIS/DSP/Source/SupportFunctions/arm_fill_q15.c ****     /* Fill value in destination buffer */
  91:./Libraries/CMSIS/DSP/Source/SupportFunctions/arm_fill_q15.c ****     *pDst++ = value;
  42              		.loc 1 91 5 view .LVU5
  86:./Libraries/CMSIS/DSP/Source/SupportFunctions/arm_fill_q15.c ****   {
  43              		.loc 1 86 9 is_stmt 0 view .LVU6
  44 0002 013A     		subs	r2, r2, #1
  45              	.LVL2:
  46              		.loc 1 91 13 view .LVU7
  47 0004 21F8020B 		strh	r0, [r1], #2	@ movhi
  48              	.LVL3:
  92:./Libraries/CMSIS/DSP/Source/SupportFunctions/arm_fill_q15.c **** 
  93:./Libraries/CMSIS/DSP/Source/SupportFunctions/arm_fill_q15.c ****     /* Decrement loop counter */
  94:./Libraries/CMSIS/DSP/Source/SupportFunctions/arm_fill_q15.c ****     blkCnt--;
  49              		.loc 1 94 5 is_stmt 1 view .LVU8
  86:./Libraries/CMSIS/DSP/Source/SupportFunctions/arm_fill_q15.c ****   {
  50              		.loc 1 86 9 view .LVU9
  51 0008 FBD1     		bne	.L3
  52              	.L1:
  95:./Libraries/CMSIS/DSP/Source/SupportFunctions/arm_fill_q15.c ****   }
  96:./Libraries/CMSIS/DSP/Source/SupportFunctions/arm_fill_q15.c **** }
  53              		.loc 1 96 1 is_stmt 0 view .LVU10
  54 000a 7047     		bx	lr
  55              		.cfi_endproc
  56              	.LFE145:
  58              		.text
  59              	.Letext0:
  60              		.file 2 "/usr/lib/gcc/arm-none-eabi/9.2.1/include/stdint.h"
  61              		.file 3 "/usr/lib/gcc/arm-none-eabi/9.2.1/include/stddef.h"
  62              		.file 4 "/usr/include/newlib/sys/_types.h"
  63              		.file 5 "/usr/include/newlib/sys/reent.h"
  64              		.file 6 "/usr/include/newlib/sys/lock.h"
  65              		.file 7 "/usr/include/newlib/math.h"
  66              		.file 8 "./Libraries/CMSIS/DSP/Include/arm_math.h"
ARM GAS  /tmp/ccP6BC8v.s 			page 4


DEFINED SYMBOLS
                            *ABS*:0000000000000000 arm_fill_q15.c
     /tmp/ccP6BC8v.s:17     .text.arm_fill_q15:0000000000000000 $t
     /tmp/ccP6BC8v.s:26     .text.arm_fill_q15:0000000000000000 arm_fill_q15

NO UNDEFINED SYMBOLS
