ARM GAS  /var/folders/wl/rshn8xbx1dsfj1zgryf4g1240000gn/T//cc1so2IV.s 			page 1


   1              		.cpu cortex-m7
   2              		.eabi_attribute 28, 1
   3              		.eabi_attribute 20, 1
   4              		.eabi_attribute 21, 1
   5              		.eabi_attribute 23, 3
   6              		.eabi_attribute 24, 1
   7              		.eabi_attribute 25, 1
   8              		.eabi_attribute 26, 1
   9              		.eabi_attribute 30, 2
  10              		.eabi_attribute 34, 1
  11              		.eabi_attribute 18, 4
  12              		.file	"arm_conv_opt_q15.c"
  13              		.text
  14              	.Ltext0:
  15              		.cfi_sections	.debug_frame
  16              		.section	.text.arm_conv_opt_q15,"ax",%progbits
  17              		.align	1
  18              		.p2align 2,,3
  19              		.global	arm_conv_opt_q15
  20              		.arch armv7e-m
  21              		.syntax unified
  22              		.thumb
  23              		.thumb_func
  24              		.fpu fpv5-d16
  26              	arm_conv_opt_q15:
  27              	.LVL0:
  28              	.LFB145:
  29              		.file 1 ".//Libraries/CMSIS/DSP/Source/FilteringFunctions/arm_conv_opt_q15.c"
   1:.//Libraries/CMSIS/DSP/Source/FilteringFunctions/arm_conv_opt_q15.c **** /* ----------------------------------------------------------------------
   2:.//Libraries/CMSIS/DSP/Source/FilteringFunctions/arm_conv_opt_q15.c ****  * Project:      CMSIS DSP Library
   3:.//Libraries/CMSIS/DSP/Source/FilteringFunctions/arm_conv_opt_q15.c ****  * Title:        arm_conv_opt_q15.c
   4:.//Libraries/CMSIS/DSP/Source/FilteringFunctions/arm_conv_opt_q15.c ****  * Description:  Convolution of Q15 sequences
   5:.//Libraries/CMSIS/DSP/Source/FilteringFunctions/arm_conv_opt_q15.c ****  *
   6:.//Libraries/CMSIS/DSP/Source/FilteringFunctions/arm_conv_opt_q15.c ****  * $Date:        18. March 2019
   7:.//Libraries/CMSIS/DSP/Source/FilteringFunctions/arm_conv_opt_q15.c ****  * $Revision:    V1.6.0
   8:.//Libraries/CMSIS/DSP/Source/FilteringFunctions/arm_conv_opt_q15.c ****  *
   9:.//Libraries/CMSIS/DSP/Source/FilteringFunctions/arm_conv_opt_q15.c ****  * Target Processor: Cortex-M cores
  10:.//Libraries/CMSIS/DSP/Source/FilteringFunctions/arm_conv_opt_q15.c ****  * -------------------------------------------------------------------- */
  11:.//Libraries/CMSIS/DSP/Source/FilteringFunctions/arm_conv_opt_q15.c **** /*
  12:.//Libraries/CMSIS/DSP/Source/FilteringFunctions/arm_conv_opt_q15.c ****  * Copyright (C) 2010-2019 ARM Limited or its affiliates. All rights reserved.
  13:.//Libraries/CMSIS/DSP/Source/FilteringFunctions/arm_conv_opt_q15.c ****  *
  14:.//Libraries/CMSIS/DSP/Source/FilteringFunctions/arm_conv_opt_q15.c ****  * SPDX-License-Identifier: Apache-2.0
  15:.//Libraries/CMSIS/DSP/Source/FilteringFunctions/arm_conv_opt_q15.c ****  *
  16:.//Libraries/CMSIS/DSP/Source/FilteringFunctions/arm_conv_opt_q15.c ****  * Licensed under the Apache License, Version 2.0 (the License); you may
  17:.//Libraries/CMSIS/DSP/Source/FilteringFunctions/arm_conv_opt_q15.c ****  * not use this file except in compliance with the License.
  18:.//Libraries/CMSIS/DSP/Source/FilteringFunctions/arm_conv_opt_q15.c ****  * You may obtain a copy of the License at
  19:.//Libraries/CMSIS/DSP/Source/FilteringFunctions/arm_conv_opt_q15.c ****  *
  20:.//Libraries/CMSIS/DSP/Source/FilteringFunctions/arm_conv_opt_q15.c ****  * www.apache.org/licenses/LICENSE-2.0
  21:.//Libraries/CMSIS/DSP/Source/FilteringFunctions/arm_conv_opt_q15.c ****  *
  22:.//Libraries/CMSIS/DSP/Source/FilteringFunctions/arm_conv_opt_q15.c ****  * Unless required by applicable law or agreed to in writing, software
  23:.//Libraries/CMSIS/DSP/Source/FilteringFunctions/arm_conv_opt_q15.c ****  * distributed under the License is distributed on an AS IS BASIS, WITHOUT
  24:.//Libraries/CMSIS/DSP/Source/FilteringFunctions/arm_conv_opt_q15.c ****  * WARRANTIES OR CONDITIONS OF ANY KIND, either express or implied.
  25:.//Libraries/CMSIS/DSP/Source/FilteringFunctions/arm_conv_opt_q15.c ****  * See the License for the specific language governing permissions and
  26:.//Libraries/CMSIS/DSP/Source/FilteringFunctions/arm_conv_opt_q15.c ****  * limitations under the License.
  27:.//Libraries/CMSIS/DSP/Source/FilteringFunctions/arm_conv_opt_q15.c ****  */
  28:.//Libraries/CMSIS/DSP/Source/FilteringFunctions/arm_conv_opt_q15.c **** 
  29:.//Libraries/CMSIS/DSP/Source/FilteringFunctions/arm_conv_opt_q15.c **** #include "arm_math.h"
ARM GAS  /var/folders/wl/rshn8xbx1dsfj1zgryf4g1240000gn/T//cc1so2IV.s 			page 2


  30:.//Libraries/CMSIS/DSP/Source/FilteringFunctions/arm_conv_opt_q15.c **** 
  31:.//Libraries/CMSIS/DSP/Source/FilteringFunctions/arm_conv_opt_q15.c **** /**
  32:.//Libraries/CMSIS/DSP/Source/FilteringFunctions/arm_conv_opt_q15.c ****   @ingroup groupFilters
  33:.//Libraries/CMSIS/DSP/Source/FilteringFunctions/arm_conv_opt_q15.c ****  */
  34:.//Libraries/CMSIS/DSP/Source/FilteringFunctions/arm_conv_opt_q15.c **** 
  35:.//Libraries/CMSIS/DSP/Source/FilteringFunctions/arm_conv_opt_q15.c **** /**
  36:.//Libraries/CMSIS/DSP/Source/FilteringFunctions/arm_conv_opt_q15.c ****   @addtogroup Conv
  37:.//Libraries/CMSIS/DSP/Source/FilteringFunctions/arm_conv_opt_q15.c ****   @{
  38:.//Libraries/CMSIS/DSP/Source/FilteringFunctions/arm_conv_opt_q15.c ****  */
  39:.//Libraries/CMSIS/DSP/Source/FilteringFunctions/arm_conv_opt_q15.c **** 
  40:.//Libraries/CMSIS/DSP/Source/FilteringFunctions/arm_conv_opt_q15.c **** /**
  41:.//Libraries/CMSIS/DSP/Source/FilteringFunctions/arm_conv_opt_q15.c ****   @brief         Convolution of Q15 sequences.
  42:.//Libraries/CMSIS/DSP/Source/FilteringFunctions/arm_conv_opt_q15.c ****   @param[in]     pSrcA      points to the first input sequence
  43:.//Libraries/CMSIS/DSP/Source/FilteringFunctions/arm_conv_opt_q15.c ****   @param[in]     srcALen    length of the first input sequence
  44:.//Libraries/CMSIS/DSP/Source/FilteringFunctions/arm_conv_opt_q15.c ****   @param[in]     pSrcB      points to the second input sequence
  45:.//Libraries/CMSIS/DSP/Source/FilteringFunctions/arm_conv_opt_q15.c ****   @param[in]     srcBLen    length of the second input sequence
  46:.//Libraries/CMSIS/DSP/Source/FilteringFunctions/arm_conv_opt_q15.c ****   @param[out]    pDst       points to the location where the output result is written.  Length srcA
  47:.//Libraries/CMSIS/DSP/Source/FilteringFunctions/arm_conv_opt_q15.c ****   @param[in]     pScratch1  points to scratch buffer of size max(srcALen, srcBLen) + 2*min(srcALen,
  48:.//Libraries/CMSIS/DSP/Source/FilteringFunctions/arm_conv_opt_q15.c ****   @param[in]     pScratch2  points to scratch buffer of size min(srcALen, srcBLen).
  49:.//Libraries/CMSIS/DSP/Source/FilteringFunctions/arm_conv_opt_q15.c ****   @return        none
  50:.//Libraries/CMSIS/DSP/Source/FilteringFunctions/arm_conv_opt_q15.c **** 
  51:.//Libraries/CMSIS/DSP/Source/FilteringFunctions/arm_conv_opt_q15.c ****   @par           Scaling and Overflow Behavior
  52:.//Libraries/CMSIS/DSP/Source/FilteringFunctions/arm_conv_opt_q15.c ****                    The function is implemented using a 64-bit internal accumulator.
  53:.//Libraries/CMSIS/DSP/Source/FilteringFunctions/arm_conv_opt_q15.c ****                    Both inputs are in 1.15 format and multiplications yield a 2.30 result.
  54:.//Libraries/CMSIS/DSP/Source/FilteringFunctions/arm_conv_opt_q15.c ****                    The 2.30 intermediate results are accumulated in a 64-bit accumulator in 34.30 f
  55:.//Libraries/CMSIS/DSP/Source/FilteringFunctions/arm_conv_opt_q15.c ****                    This approach provides 33 guard bits and there is no risk of overflow.
  56:.//Libraries/CMSIS/DSP/Source/FilteringFunctions/arm_conv_opt_q15.c ****                    The 34.30 result is then truncated to 34.15 format by discarding the low 15 bits
  57:.//Libraries/CMSIS/DSP/Source/FilteringFunctions/arm_conv_opt_q15.c ****   @remark
  58:.//Libraries/CMSIS/DSP/Source/FilteringFunctions/arm_conv_opt_q15.c ****                    Refer to \ref arm_conv_fast_q15() for a faster but less precise version of this 
  59:.//Libraries/CMSIS/DSP/Source/FilteringFunctions/arm_conv_opt_q15.c ****  */
  60:.//Libraries/CMSIS/DSP/Source/FilteringFunctions/arm_conv_opt_q15.c **** 
  61:.//Libraries/CMSIS/DSP/Source/FilteringFunctions/arm_conv_opt_q15.c **** void arm_conv_opt_q15(
  62:.//Libraries/CMSIS/DSP/Source/FilteringFunctions/arm_conv_opt_q15.c ****   const q15_t * pSrcA,
  63:.//Libraries/CMSIS/DSP/Source/FilteringFunctions/arm_conv_opt_q15.c ****         uint32_t srcALen,
  64:.//Libraries/CMSIS/DSP/Source/FilteringFunctions/arm_conv_opt_q15.c ****   const q15_t * pSrcB,
  65:.//Libraries/CMSIS/DSP/Source/FilteringFunctions/arm_conv_opt_q15.c ****         uint32_t srcBLen,
  66:.//Libraries/CMSIS/DSP/Source/FilteringFunctions/arm_conv_opt_q15.c ****         q15_t * pDst,
  67:.//Libraries/CMSIS/DSP/Source/FilteringFunctions/arm_conv_opt_q15.c ****         q15_t * pScratch1,
  68:.//Libraries/CMSIS/DSP/Source/FilteringFunctions/arm_conv_opt_q15.c ****         q15_t * pScratch2)
  69:.//Libraries/CMSIS/DSP/Source/FilteringFunctions/arm_conv_opt_q15.c **** {
  30              		.loc 1 69 1 view -0
  31              		.cfi_startproc
  32              		@ args = 12, pretend = 0, frame = 8
  33              		@ frame_needed = 0, uses_anonymous_args = 0
  34              		.loc 1 69 1 is_stmt 0 view .LVU1
  35 0000 2DE9F04F 		push	{r4, r5, r6, r7, r8, r9, r10, fp, lr}
  36              	.LCFI0:
  37              		.cfi_def_cfa_offset 36
  38              		.cfi_offset 4, -36
  39              		.cfi_offset 5, -32
  40              		.cfi_offset 6, -28
  41              		.cfi_offset 7, -24
  42              		.cfi_offset 8, -20
  43              		.cfi_offset 9, -16
  44              		.cfi_offset 10, -12
  45              		.cfi_offset 11, -8
  46              		.cfi_offset 14, -4
ARM GAS  /var/folders/wl/rshn8xbx1dsfj1zgryf4g1240000gn/T//cc1so2IV.s 			page 3


  70:.//Libraries/CMSIS/DSP/Source/FilteringFunctions/arm_conv_opt_q15.c ****         q63_t acc0;                                    /* Accumulators */
  71:.//Libraries/CMSIS/DSP/Source/FilteringFunctions/arm_conv_opt_q15.c ****   const q15_t *pIn1;                                   /* InputA pointer */
  72:.//Libraries/CMSIS/DSP/Source/FilteringFunctions/arm_conv_opt_q15.c ****   const q15_t *pIn2;                                   /* InputB pointer */
  73:.//Libraries/CMSIS/DSP/Source/FilteringFunctions/arm_conv_opt_q15.c ****         q15_t *pOut = pDst;                            /* Output pointer */
  74:.//Libraries/CMSIS/DSP/Source/FilteringFunctions/arm_conv_opt_q15.c ****         q15_t *pScr1 = pScratch1;                      /* Temporary pointer for scratch1 */
  75:.//Libraries/CMSIS/DSP/Source/FilteringFunctions/arm_conv_opt_q15.c ****         q15_t *pScr2 = pScratch2;                      /* Temporary pointer for scratch1 */
  76:.//Libraries/CMSIS/DSP/Source/FilteringFunctions/arm_conv_opt_q15.c ****   const q15_t *px;                                     /* Intermediate inputA pointer */
  77:.//Libraries/CMSIS/DSP/Source/FilteringFunctions/arm_conv_opt_q15.c ****         q15_t *py;                                     /* Intermediate inputB pointer */
  78:.//Libraries/CMSIS/DSP/Source/FilteringFunctions/arm_conv_opt_q15.c ****         uint32_t j, k, blkCnt;                         /* Loop counter */
  79:.//Libraries/CMSIS/DSP/Source/FilteringFunctions/arm_conv_opt_q15.c ****         uint32_t tapCnt;                               /* Loop count */
  80:.//Libraries/CMSIS/DSP/Source/FilteringFunctions/arm_conv_opt_q15.c **** 
  81:.//Libraries/CMSIS/DSP/Source/FilteringFunctions/arm_conv_opt_q15.c **** #if defined (ARM_MATH_LOOPUNROLL)
  82:.//Libraries/CMSIS/DSP/Source/FilteringFunctions/arm_conv_opt_q15.c ****         q63_t acc1, acc2, acc3;                        /* Accumulators */
  83:.//Libraries/CMSIS/DSP/Source/FilteringFunctions/arm_conv_opt_q15.c ****         q31_t x1, x2, x3;                              /* Temporary variables to hold state and coe
  84:.//Libraries/CMSIS/DSP/Source/FilteringFunctions/arm_conv_opt_q15.c ****         q31_t y1, y2;                                  /* State variables */
  85:.//Libraries/CMSIS/DSP/Source/FilteringFunctions/arm_conv_opt_q15.c **** #endif
  86:.//Libraries/CMSIS/DSP/Source/FilteringFunctions/arm_conv_opt_q15.c **** 
  87:.//Libraries/CMSIS/DSP/Source/FilteringFunctions/arm_conv_opt_q15.c **** 
  88:.//Libraries/CMSIS/DSP/Source/FilteringFunctions/arm_conv_opt_q15.c ****   /* The algorithm implementation is based on the lengths of the inputs. */
  89:.//Libraries/CMSIS/DSP/Source/FilteringFunctions/arm_conv_opt_q15.c ****   /* srcB is always made to slide across srcA. */
  90:.//Libraries/CMSIS/DSP/Source/FilteringFunctions/arm_conv_opt_q15.c ****   /* So srcBLen is always considered as shorter or equal to srcALen */
  91:.//Libraries/CMSIS/DSP/Source/FilteringFunctions/arm_conv_opt_q15.c ****   if (srcALen >= srcBLen)
  47              		.loc 1 91 6 view .LVU2
  48 0004 9942     		cmp	r1, r3
  69:.//Libraries/CMSIS/DSP/Source/FilteringFunctions/arm_conv_opt_q15.c ****         q63_t acc0;                                    /* Accumulators */
  49              		.loc 1 69 1 view .LVU3
  50 0006 83B0     		sub	sp, sp, #12
  51              	.LCFI1:
  52              		.cfi_def_cfa_offset 48
  69:.//Libraries/CMSIS/DSP/Source/FilteringFunctions/arm_conv_opt_q15.c ****         q63_t acc0;                                    /* Accumulators */
  53              		.loc 1 69 1 view .LVU4
  54 0008 8846     		mov	r8, r1
  55 000a 9946     		mov	r9, r3
  56 000c 8246     		mov	r10, r0
  57 000e 0E9D     		ldr	r5, [sp, #56]
  58              	.LVL1:
  76:.//Libraries/CMSIS/DSP/Source/FilteringFunctions/arm_conv_opt_q15.c ****         q15_t *py;                                     /* Intermediate inputB pointer */
  59              		.loc 1 76 3 is_stmt 1 view .LVU5
  77:.//Libraries/CMSIS/DSP/Source/FilteringFunctions/arm_conv_opt_q15.c ****         uint32_t j, k, blkCnt;                         /* Loop counter */
  60              		.loc 1 77 9 view .LVU6
  78:.//Libraries/CMSIS/DSP/Source/FilteringFunctions/arm_conv_opt_q15.c ****         uint32_t tapCnt;                               /* Loop count */
  61              		.loc 1 78 9 view .LVU7
  79:.//Libraries/CMSIS/DSP/Source/FilteringFunctions/arm_conv_opt_q15.c **** 
  62              		.loc 1 79 9 view .LVU8
  63              		.loc 1 91 3 view .LVU9
  69:.//Libraries/CMSIS/DSP/Source/FilteringFunctions/arm_conv_opt_q15.c ****         q63_t acc0;                                    /* Accumulators */
  64              		.loc 1 69 1 is_stmt 0 view .LVU10
  65 0010 DDE90C64 		ldrd	r6, r4, [sp, #48]
  66              		.loc 1 91 6 view .LVU11
  67 0014 04D2     		bcs	.L2
  68 0016 4346     		mov	r3, r8
  69              	.LVL2:
  92:.//Libraries/CMSIS/DSP/Source/FilteringFunctions/arm_conv_opt_q15.c ****   {
  93:.//Libraries/CMSIS/DSP/Source/FilteringFunctions/arm_conv_opt_q15.c ****     /* Initialization of inputA pointer */
  94:.//Libraries/CMSIS/DSP/Source/FilteringFunctions/arm_conv_opt_q15.c ****     pIn1 = pSrcA;
  95:.//Libraries/CMSIS/DSP/Source/FilteringFunctions/arm_conv_opt_q15.c **** 
  96:.//Libraries/CMSIS/DSP/Source/FilteringFunctions/arm_conv_opt_q15.c ****     /* Initialization of inputB pointer */
ARM GAS  /var/folders/wl/rshn8xbx1dsfj1zgryf4g1240000gn/T//cc1so2IV.s 			page 4


  97:.//Libraries/CMSIS/DSP/Source/FilteringFunctions/arm_conv_opt_q15.c ****     pIn2 = pSrcB;
  98:.//Libraries/CMSIS/DSP/Source/FilteringFunctions/arm_conv_opt_q15.c ****   }
  99:.//Libraries/CMSIS/DSP/Source/FilteringFunctions/arm_conv_opt_q15.c ****   else
 100:.//Libraries/CMSIS/DSP/Source/FilteringFunctions/arm_conv_opt_q15.c ****   {
 101:.//Libraries/CMSIS/DSP/Source/FilteringFunctions/arm_conv_opt_q15.c ****     /* Initialization of inputA pointer */
 102:.//Libraries/CMSIS/DSP/Source/FilteringFunctions/arm_conv_opt_q15.c ****     pIn1 = pSrcB;
  70              		.loc 1 102 10 view .LVU12
  71 0018 9246     		mov	r10, r2
  91:.//Libraries/CMSIS/DSP/Source/FilteringFunctions/arm_conv_opt_q15.c ****   {
  72              		.loc 1 91 6 view .LVU13
  73 001a C846     		mov	r8, r9
 103:.//Libraries/CMSIS/DSP/Source/FilteringFunctions/arm_conv_opt_q15.c **** 
 104:.//Libraries/CMSIS/DSP/Source/FilteringFunctions/arm_conv_opt_q15.c ****     /* Initialization of inputB pointer */
 105:.//Libraries/CMSIS/DSP/Source/FilteringFunctions/arm_conv_opt_q15.c ****     pIn2 = pSrcA;
  74              		.loc 1 105 10 view .LVU14
  75 001c 0246     		mov	r2, r0
  76              	.LVL3:
  91:.//Libraries/CMSIS/DSP/Source/FilteringFunctions/arm_conv_opt_q15.c ****   {
  77              		.loc 1 91 6 view .LVU15
  78 001e 9946     		mov	r9, r3
  79              	.LVL4:
  80              	.L2:
 106:.//Libraries/CMSIS/DSP/Source/FilteringFunctions/arm_conv_opt_q15.c **** 
 107:.//Libraries/CMSIS/DSP/Source/FilteringFunctions/arm_conv_opt_q15.c ****     /* srcBLen is always considered as shorter or equal to srcALen */
 108:.//Libraries/CMSIS/DSP/Source/FilteringFunctions/arm_conv_opt_q15.c ****     j = srcBLen;
 109:.//Libraries/CMSIS/DSP/Source/FilteringFunctions/arm_conv_opt_q15.c ****     srcBLen = srcALen;
 110:.//Libraries/CMSIS/DSP/Source/FilteringFunctions/arm_conv_opt_q15.c ****     srcALen = j;
 111:.//Libraries/CMSIS/DSP/Source/FilteringFunctions/arm_conv_opt_q15.c ****   }
 112:.//Libraries/CMSIS/DSP/Source/FilteringFunctions/arm_conv_opt_q15.c **** 
 113:.//Libraries/CMSIS/DSP/Source/FilteringFunctions/arm_conv_opt_q15.c ****   /* Pointer to take end of scratch2 buffer */
 114:.//Libraries/CMSIS/DSP/Source/FilteringFunctions/arm_conv_opt_q15.c ****   pScr2 = pScratch2 + srcBLen - 1;
  81              		.loc 1 114 3 is_stmt 1 view .LVU16
  82              		.loc 1 114 31 is_stmt 0 view .LVU17
  83 0020 6FF00043 		mvn	r3, #-2147483648
  84 0024 4B44     		add	r3, r3, r9
  85 0026 5900     		lsls	r1, r3, #1
  86              	.LVL5:
 115:.//Libraries/CMSIS/DSP/Source/FilteringFunctions/arm_conv_opt_q15.c **** 
 116:.//Libraries/CMSIS/DSP/Source/FilteringFunctions/arm_conv_opt_q15.c ****   /* points to smaller length sequence */
 117:.//Libraries/CMSIS/DSP/Source/FilteringFunctions/arm_conv_opt_q15.c ****   px = pIn2;
  87              		.loc 1 117 3 is_stmt 1 view .LVU18
 118:.//Libraries/CMSIS/DSP/Source/FilteringFunctions/arm_conv_opt_q15.c **** 
 119:.//Libraries/CMSIS/DSP/Source/FilteringFunctions/arm_conv_opt_q15.c **** #if defined (ARM_MATH_LOOPUNROLL)
 120:.//Libraries/CMSIS/DSP/Source/FilteringFunctions/arm_conv_opt_q15.c **** 
 121:.//Libraries/CMSIS/DSP/Source/FilteringFunctions/arm_conv_opt_q15.c ****   /* Loop unrolling: Compute 4 outputs at a time */
 122:.//Libraries/CMSIS/DSP/Source/FilteringFunctions/arm_conv_opt_q15.c ****   k = srcBLen >> 2U;
 123:.//Libraries/CMSIS/DSP/Source/FilteringFunctions/arm_conv_opt_q15.c **** 
 124:.//Libraries/CMSIS/DSP/Source/FilteringFunctions/arm_conv_opt_q15.c ****   /* Copy smaller length input sequence in reverse order into second scratch buffer */
 125:.//Libraries/CMSIS/DSP/Source/FilteringFunctions/arm_conv_opt_q15.c ****   while (k > 0U)
 126:.//Libraries/CMSIS/DSP/Source/FilteringFunctions/arm_conv_opt_q15.c ****   {
 127:.//Libraries/CMSIS/DSP/Source/FilteringFunctions/arm_conv_opt_q15.c ****     /* copy second buffer in reversal manner */
 128:.//Libraries/CMSIS/DSP/Source/FilteringFunctions/arm_conv_opt_q15.c ****     *pScr2-- = *px++;
 129:.//Libraries/CMSIS/DSP/Source/FilteringFunctions/arm_conv_opt_q15.c ****     *pScr2-- = *px++;
 130:.//Libraries/CMSIS/DSP/Source/FilteringFunctions/arm_conv_opt_q15.c ****     *pScr2-- = *px++;
 131:.//Libraries/CMSIS/DSP/Source/FilteringFunctions/arm_conv_opt_q15.c ****     *pScr2-- = *px++;
 132:.//Libraries/CMSIS/DSP/Source/FilteringFunctions/arm_conv_opt_q15.c **** 
 133:.//Libraries/CMSIS/DSP/Source/FilteringFunctions/arm_conv_opt_q15.c ****     /* Decrement loop counter */
ARM GAS  /var/folders/wl/rshn8xbx1dsfj1zgryf4g1240000gn/T//cc1so2IV.s 			page 5


 134:.//Libraries/CMSIS/DSP/Source/FilteringFunctions/arm_conv_opt_q15.c ****     k--;
 135:.//Libraries/CMSIS/DSP/Source/FilteringFunctions/arm_conv_opt_q15.c ****   }
 136:.//Libraries/CMSIS/DSP/Source/FilteringFunctions/arm_conv_opt_q15.c **** 
 137:.//Libraries/CMSIS/DSP/Source/FilteringFunctions/arm_conv_opt_q15.c ****   /* Loop unrolling: Compute remaining outputs */
 138:.//Libraries/CMSIS/DSP/Source/FilteringFunctions/arm_conv_opt_q15.c ****   k = srcBLen % 0x4U;
 139:.//Libraries/CMSIS/DSP/Source/FilteringFunctions/arm_conv_opt_q15.c **** 
 140:.//Libraries/CMSIS/DSP/Source/FilteringFunctions/arm_conv_opt_q15.c **** #else
 141:.//Libraries/CMSIS/DSP/Source/FilteringFunctions/arm_conv_opt_q15.c **** 
 142:.//Libraries/CMSIS/DSP/Source/FilteringFunctions/arm_conv_opt_q15.c ****   /* Initialize k with number of samples */
 143:.//Libraries/CMSIS/DSP/Source/FilteringFunctions/arm_conv_opt_q15.c ****   k = srcBLen;
  88              		.loc 1 143 3 view .LVU19
 144:.//Libraries/CMSIS/DSP/Source/FilteringFunctions/arm_conv_opt_q15.c **** 
 145:.//Libraries/CMSIS/DSP/Source/FilteringFunctions/arm_conv_opt_q15.c **** #endif /* #if defined (ARM_MATH_LOOPUNROLL) */
 146:.//Libraries/CMSIS/DSP/Source/FilteringFunctions/arm_conv_opt_q15.c **** 
 147:.//Libraries/CMSIS/DSP/Source/FilteringFunctions/arm_conv_opt_q15.c ****   while (k > 0U)
  89              		.loc 1 147 3 view .LVU20
  90              		.loc 1 147 9 view .LVU21
  91 0028 B9F1000F 		cmp	r9, #0
  92 002c 09D0     		beq	.L7
  93 002e 01F1020C 		add	ip, r1, #2
  94 0032 4F46     		mov	r7, r9
  95 0034 AC44     		add	ip, ip, r5
  96              	.LVL6:
  97              	.L6:
 148:.//Libraries/CMSIS/DSP/Source/FilteringFunctions/arm_conv_opt_q15.c ****   {
 149:.//Libraries/CMSIS/DSP/Source/FilteringFunctions/arm_conv_opt_q15.c ****     /* copy second buffer in reversal manner for remaining samples */
 150:.//Libraries/CMSIS/DSP/Source/FilteringFunctions/arm_conv_opt_q15.c ****     *pScr2-- = *px++;
  98              		.loc 1 150 5 view .LVU22
  99              		.loc 1 150 16 is_stmt 0 view .LVU23
 100 0036 32F9023B 		ldrsh	r3, [r2], #2
 101              	.LVL7:
 147:.//Libraries/CMSIS/DSP/Source/FilteringFunctions/arm_conv_opt_q15.c ****   {
 102              		.loc 1 147 9 view .LVU24
 103 003a 013F     		subs	r7, r7, #1
 104              	.LVL8:
 105              		.loc 1 150 14 view .LVU25
 106 003c 2CF8023D 		strh	r3, [ip, #-2]!	@ movhi
 107              	.LVL9:
 151:.//Libraries/CMSIS/DSP/Source/FilteringFunctions/arm_conv_opt_q15.c **** 
 152:.//Libraries/CMSIS/DSP/Source/FilteringFunctions/arm_conv_opt_q15.c ****     /* Decrement loop counter */
 153:.//Libraries/CMSIS/DSP/Source/FilteringFunctions/arm_conv_opt_q15.c ****     k--;
 108              		.loc 1 153 5 is_stmt 1 view .LVU26
 147:.//Libraries/CMSIS/DSP/Source/FilteringFunctions/arm_conv_opt_q15.c ****   {
 109              		.loc 1 147 9 view .LVU27
 110 0040 F9D1     		bne	.L6
 111              	.LVL10:
 112              	.L7:
 154:.//Libraries/CMSIS/DSP/Source/FilteringFunctions/arm_conv_opt_q15.c ****   }
 155:.//Libraries/CMSIS/DSP/Source/FilteringFunctions/arm_conv_opt_q15.c **** 
 156:.//Libraries/CMSIS/DSP/Source/FilteringFunctions/arm_conv_opt_q15.c ****   /* Initialze temporary scratch pointer */
 157:.//Libraries/CMSIS/DSP/Source/FilteringFunctions/arm_conv_opt_q15.c ****   pScr1 = pScratch1;
 113              		.loc 1 157 3 view .LVU28
 158:.//Libraries/CMSIS/DSP/Source/FilteringFunctions/arm_conv_opt_q15.c **** 
 159:.//Libraries/CMSIS/DSP/Source/FilteringFunctions/arm_conv_opt_q15.c ****   /* Assuming scratch1 buffer is aligned by 32-bit */
 160:.//Libraries/CMSIS/DSP/Source/FilteringFunctions/arm_conv_opt_q15.c ****   /* Fill (srcBLen - 1U) zeros in scratch1 buffer */
 161:.//Libraries/CMSIS/DSP/Source/FilteringFunctions/arm_conv_opt_q15.c ****   arm_fill_q15(0, pScr1, (srcBLen - 1U));
 114              		.loc 1 161 3 view .LVU29
ARM GAS  /var/folders/wl/rshn8xbx1dsfj1zgryf4g1240000gn/T//cc1so2IV.s 			page 6


 115 0042 09F1FF3B 		add	fp, r9, #-1
 162:.//Libraries/CMSIS/DSP/Source/FilteringFunctions/arm_conv_opt_q15.c **** 
 163:.//Libraries/CMSIS/DSP/Source/FilteringFunctions/arm_conv_opt_q15.c ****   /* Update temporary scratch pointer */
 164:.//Libraries/CMSIS/DSP/Source/FilteringFunctions/arm_conv_opt_q15.c ****   pScr1 += (srcBLen - 1U);
 116              		.loc 1 164 9 is_stmt 0 view .LVU30
 117 0046 6718     		adds	r7, r4, r1
 161:.//Libraries/CMSIS/DSP/Source/FilteringFunctions/arm_conv_opt_q15.c **** 
 118              		.loc 1 161 3 view .LVU31
 119 0048 0020     		movs	r0, #0
 120              	.LVL11:
 161:.//Libraries/CMSIS/DSP/Source/FilteringFunctions/arm_conv_opt_q15.c **** 
 121              		.loc 1 161 3 view .LVU32
 122 004a 2146     		mov	r1, r4
 123 004c 5A46     		mov	r2, fp
 124              	.LVL12:
 161:.//Libraries/CMSIS/DSP/Source/FilteringFunctions/arm_conv_opt_q15.c **** 
 125              		.loc 1 161 3 view .LVU33
 126 004e FFF7FEFF 		bl	arm_fill_q15
 127              	.LVL13:
 128              		.loc 1 164 3 is_stmt 1 view .LVU34
 165:.//Libraries/CMSIS/DSP/Source/FilteringFunctions/arm_conv_opt_q15.c **** 
 166:.//Libraries/CMSIS/DSP/Source/FilteringFunctions/arm_conv_opt_q15.c ****   /* Copy bigger length sequence(srcALen) samples in scratch1 buffer */
 167:.//Libraries/CMSIS/DSP/Source/FilteringFunctions/arm_conv_opt_q15.c **** 
 168:.//Libraries/CMSIS/DSP/Source/FilteringFunctions/arm_conv_opt_q15.c ****   /* Copy (srcALen) samples in scratch buffer */
 169:.//Libraries/CMSIS/DSP/Source/FilteringFunctions/arm_conv_opt_q15.c ****   arm_copy_q15(pIn1, pScr1, srcALen);
 129              		.loc 1 169 3 view .LVU35
 130 0052 4246     		mov	r2, r8
 131 0054 5046     		mov	r0, r10
 132 0056 3946     		mov	r1, r7
 133 0058 FFF7FEFF 		bl	arm_copy_q15
 134              	.LVL14:
 170:.//Libraries/CMSIS/DSP/Source/FilteringFunctions/arm_conv_opt_q15.c **** 
 171:.//Libraries/CMSIS/DSP/Source/FilteringFunctions/arm_conv_opt_q15.c ****   /* Update pointers */
 172:.//Libraries/CMSIS/DSP/Source/FilteringFunctions/arm_conv_opt_q15.c ****   pScr1 += srcALen;
 135              		.loc 1 172 3 view .LVU36
 173:.//Libraries/CMSIS/DSP/Source/FilteringFunctions/arm_conv_opt_q15.c **** 
 174:.//Libraries/CMSIS/DSP/Source/FilteringFunctions/arm_conv_opt_q15.c **** 
 175:.//Libraries/CMSIS/DSP/Source/FilteringFunctions/arm_conv_opt_q15.c ****   /* Fill (srcBLen - 1U) zeros at end of scratch buffer */
 176:.//Libraries/CMSIS/DSP/Source/FilteringFunctions/arm_conv_opt_q15.c ****   arm_fill_q15(0, pScr1, (srcBLen - 1U));
 136              		.loc 1 176 3 view .LVU37
 137 005c 5A46     		mov	r2, fp
 138 005e 07EB4801 		add	r1, r7, r8, lsl #1
 139              	.LVL15:
 177:.//Libraries/CMSIS/DSP/Source/FilteringFunctions/arm_conv_opt_q15.c **** 
 178:.//Libraries/CMSIS/DSP/Source/FilteringFunctions/arm_conv_opt_q15.c ****   /* Update pointer */
 179:.//Libraries/CMSIS/DSP/Source/FilteringFunctions/arm_conv_opt_q15.c ****   pScr1 += (srcBLen - 1U);
 180:.//Libraries/CMSIS/DSP/Source/FilteringFunctions/arm_conv_opt_q15.c **** 
 181:.//Libraries/CMSIS/DSP/Source/FilteringFunctions/arm_conv_opt_q15.c ****   /* Temporary pointer for scratch2 */
 182:.//Libraries/CMSIS/DSP/Source/FilteringFunctions/arm_conv_opt_q15.c ****   py = pScratch2;
 183:.//Libraries/CMSIS/DSP/Source/FilteringFunctions/arm_conv_opt_q15.c **** 
 184:.//Libraries/CMSIS/DSP/Source/FilteringFunctions/arm_conv_opt_q15.c **** 
 185:.//Libraries/CMSIS/DSP/Source/FilteringFunctions/arm_conv_opt_q15.c ****   /* Initialization of pIn2 pointer */
 186:.//Libraries/CMSIS/DSP/Source/FilteringFunctions/arm_conv_opt_q15.c ****   pIn2 = py;
 187:.//Libraries/CMSIS/DSP/Source/FilteringFunctions/arm_conv_opt_q15.c **** 
 188:.//Libraries/CMSIS/DSP/Source/FilteringFunctions/arm_conv_opt_q15.c **** #if defined (ARM_MATH_LOOPUNROLL)
 189:.//Libraries/CMSIS/DSP/Source/FilteringFunctions/arm_conv_opt_q15.c **** 
 190:.//Libraries/CMSIS/DSP/Source/FilteringFunctions/arm_conv_opt_q15.c ****   /* Loop unrolling: Compute 4 outputs at a time */
ARM GAS  /var/folders/wl/rshn8xbx1dsfj1zgryf4g1240000gn/T//cc1so2IV.s 			page 7


 191:.//Libraries/CMSIS/DSP/Source/FilteringFunctions/arm_conv_opt_q15.c ****   blkCnt = (srcALen + srcBLen - 1U) >> 2;
 192:.//Libraries/CMSIS/DSP/Source/FilteringFunctions/arm_conv_opt_q15.c **** 
 193:.//Libraries/CMSIS/DSP/Source/FilteringFunctions/arm_conv_opt_q15.c ****   while (blkCnt > 0)
 194:.//Libraries/CMSIS/DSP/Source/FilteringFunctions/arm_conv_opt_q15.c ****   {
 195:.//Libraries/CMSIS/DSP/Source/FilteringFunctions/arm_conv_opt_q15.c ****     /* Initialze temporary scratch pointer as scratch1 */
 196:.//Libraries/CMSIS/DSP/Source/FilteringFunctions/arm_conv_opt_q15.c ****     pScr1 = pScratch1;
 197:.//Libraries/CMSIS/DSP/Source/FilteringFunctions/arm_conv_opt_q15.c **** 
 198:.//Libraries/CMSIS/DSP/Source/FilteringFunctions/arm_conv_opt_q15.c ****     /* Clear Accumlators */
 199:.//Libraries/CMSIS/DSP/Source/FilteringFunctions/arm_conv_opt_q15.c ****     acc0 = 0;
 200:.//Libraries/CMSIS/DSP/Source/FilteringFunctions/arm_conv_opt_q15.c ****     acc1 = 0;
 201:.//Libraries/CMSIS/DSP/Source/FilteringFunctions/arm_conv_opt_q15.c ****     acc2 = 0;
 202:.//Libraries/CMSIS/DSP/Source/FilteringFunctions/arm_conv_opt_q15.c ****     acc3 = 0;
 203:.//Libraries/CMSIS/DSP/Source/FilteringFunctions/arm_conv_opt_q15.c **** 
 204:.//Libraries/CMSIS/DSP/Source/FilteringFunctions/arm_conv_opt_q15.c ****     /* Read two samples from scratch1 buffer */
 205:.//Libraries/CMSIS/DSP/Source/FilteringFunctions/arm_conv_opt_q15.c ****     x1 = read_q15x2_ia (&pScr1);
 206:.//Libraries/CMSIS/DSP/Source/FilteringFunctions/arm_conv_opt_q15.c **** 
 207:.//Libraries/CMSIS/DSP/Source/FilteringFunctions/arm_conv_opt_q15.c ****     /* Read next two samples from scratch1 buffer */
 208:.//Libraries/CMSIS/DSP/Source/FilteringFunctions/arm_conv_opt_q15.c ****     x2 = read_q15x2_ia (&pScr1);
 209:.//Libraries/CMSIS/DSP/Source/FilteringFunctions/arm_conv_opt_q15.c **** 
 210:.//Libraries/CMSIS/DSP/Source/FilteringFunctions/arm_conv_opt_q15.c ****     tapCnt = (srcBLen) >> 2U;
 211:.//Libraries/CMSIS/DSP/Source/FilteringFunctions/arm_conv_opt_q15.c **** 
 212:.//Libraries/CMSIS/DSP/Source/FilteringFunctions/arm_conv_opt_q15.c ****     while (tapCnt > 0U)
 213:.//Libraries/CMSIS/DSP/Source/FilteringFunctions/arm_conv_opt_q15.c ****     {
 214:.//Libraries/CMSIS/DSP/Source/FilteringFunctions/arm_conv_opt_q15.c **** 
 215:.//Libraries/CMSIS/DSP/Source/FilteringFunctions/arm_conv_opt_q15.c ****       /* Read four samples from smaller buffer */
 216:.//Libraries/CMSIS/DSP/Source/FilteringFunctions/arm_conv_opt_q15.c ****       y1 = read_q15x2_ia ((q15_t **) &pIn2);
 217:.//Libraries/CMSIS/DSP/Source/FilteringFunctions/arm_conv_opt_q15.c ****       y2 = read_q15x2_ia ((q15_t **) &pIn2);
 218:.//Libraries/CMSIS/DSP/Source/FilteringFunctions/arm_conv_opt_q15.c **** 
 219:.//Libraries/CMSIS/DSP/Source/FilteringFunctions/arm_conv_opt_q15.c ****       /* multiply and accumlate */
 220:.//Libraries/CMSIS/DSP/Source/FilteringFunctions/arm_conv_opt_q15.c ****       acc0 = __SMLALD(x1, y1, acc0);
 221:.//Libraries/CMSIS/DSP/Source/FilteringFunctions/arm_conv_opt_q15.c ****       acc2 = __SMLALD(x2, y1, acc2);
 222:.//Libraries/CMSIS/DSP/Source/FilteringFunctions/arm_conv_opt_q15.c **** 
 223:.//Libraries/CMSIS/DSP/Source/FilteringFunctions/arm_conv_opt_q15.c ****       /* pack input data */
 224:.//Libraries/CMSIS/DSP/Source/FilteringFunctions/arm_conv_opt_q15.c **** #ifndef ARM_MATH_BIG_ENDIAN
 225:.//Libraries/CMSIS/DSP/Source/FilteringFunctions/arm_conv_opt_q15.c ****       x3 = __PKHBT(x2, x1, 0);
 226:.//Libraries/CMSIS/DSP/Source/FilteringFunctions/arm_conv_opt_q15.c **** #else
 227:.//Libraries/CMSIS/DSP/Source/FilteringFunctions/arm_conv_opt_q15.c ****       x3 = __PKHBT(x1, x2, 0);
 228:.//Libraries/CMSIS/DSP/Source/FilteringFunctions/arm_conv_opt_q15.c **** #endif
 229:.//Libraries/CMSIS/DSP/Source/FilteringFunctions/arm_conv_opt_q15.c **** 
 230:.//Libraries/CMSIS/DSP/Source/FilteringFunctions/arm_conv_opt_q15.c ****       /* multiply and accumlate */
 231:.//Libraries/CMSIS/DSP/Source/FilteringFunctions/arm_conv_opt_q15.c ****       acc1 = __SMLALDX(x3, y1, acc1);
 232:.//Libraries/CMSIS/DSP/Source/FilteringFunctions/arm_conv_opt_q15.c **** 
 233:.//Libraries/CMSIS/DSP/Source/FilteringFunctions/arm_conv_opt_q15.c ****       /* Read next two samples from scratch1 buffer */
 234:.//Libraries/CMSIS/DSP/Source/FilteringFunctions/arm_conv_opt_q15.c ****       x1 = read_q15x2_ia (&pScr1);
 235:.//Libraries/CMSIS/DSP/Source/FilteringFunctions/arm_conv_opt_q15.c **** 
 236:.//Libraries/CMSIS/DSP/Source/FilteringFunctions/arm_conv_opt_q15.c ****       /* multiply and accumlate */
 237:.//Libraries/CMSIS/DSP/Source/FilteringFunctions/arm_conv_opt_q15.c ****       acc0 = __SMLALD(x2, y2, acc0);
 238:.//Libraries/CMSIS/DSP/Source/FilteringFunctions/arm_conv_opt_q15.c ****       acc2 = __SMLALD(x1, y2, acc2);
 239:.//Libraries/CMSIS/DSP/Source/FilteringFunctions/arm_conv_opt_q15.c **** 
 240:.//Libraries/CMSIS/DSP/Source/FilteringFunctions/arm_conv_opt_q15.c ****       /* pack input data */
 241:.//Libraries/CMSIS/DSP/Source/FilteringFunctions/arm_conv_opt_q15.c **** #ifndef ARM_MATH_BIG_ENDIAN
 242:.//Libraries/CMSIS/DSP/Source/FilteringFunctions/arm_conv_opt_q15.c ****       x3 = __PKHBT(x1, x2, 0);
 243:.//Libraries/CMSIS/DSP/Source/FilteringFunctions/arm_conv_opt_q15.c **** #else
 244:.//Libraries/CMSIS/DSP/Source/FilteringFunctions/arm_conv_opt_q15.c ****       x3 = __PKHBT(x2, x1, 0);
 245:.//Libraries/CMSIS/DSP/Source/FilteringFunctions/arm_conv_opt_q15.c **** #endif
 246:.//Libraries/CMSIS/DSP/Source/FilteringFunctions/arm_conv_opt_q15.c **** 
 247:.//Libraries/CMSIS/DSP/Source/FilteringFunctions/arm_conv_opt_q15.c ****       acc3 = __SMLALDX(x3, y1, acc3);
ARM GAS  /var/folders/wl/rshn8xbx1dsfj1zgryf4g1240000gn/T//cc1so2IV.s 			page 8


 248:.//Libraries/CMSIS/DSP/Source/FilteringFunctions/arm_conv_opt_q15.c ****       acc1 = __SMLALDX(x3, y2, acc1);
 249:.//Libraries/CMSIS/DSP/Source/FilteringFunctions/arm_conv_opt_q15.c **** 
 250:.//Libraries/CMSIS/DSP/Source/FilteringFunctions/arm_conv_opt_q15.c ****       x2 = read_q15x2_ia (&pScr1);
 251:.//Libraries/CMSIS/DSP/Source/FilteringFunctions/arm_conv_opt_q15.c **** 
 252:.//Libraries/CMSIS/DSP/Source/FilteringFunctions/arm_conv_opt_q15.c **** #ifndef ARM_MATH_BIG_ENDIAN
 253:.//Libraries/CMSIS/DSP/Source/FilteringFunctions/arm_conv_opt_q15.c ****       x3 = __PKHBT(x2, x1, 0);
 254:.//Libraries/CMSIS/DSP/Source/FilteringFunctions/arm_conv_opt_q15.c **** #else
 255:.//Libraries/CMSIS/DSP/Source/FilteringFunctions/arm_conv_opt_q15.c ****       x3 = __PKHBT(x1, x2, 0);
 256:.//Libraries/CMSIS/DSP/Source/FilteringFunctions/arm_conv_opt_q15.c **** #endif
 257:.//Libraries/CMSIS/DSP/Source/FilteringFunctions/arm_conv_opt_q15.c **** 
 258:.//Libraries/CMSIS/DSP/Source/FilteringFunctions/arm_conv_opt_q15.c ****       acc3 = __SMLALDX(x3, y2, acc3);
 259:.//Libraries/CMSIS/DSP/Source/FilteringFunctions/arm_conv_opt_q15.c **** 
 260:.//Libraries/CMSIS/DSP/Source/FilteringFunctions/arm_conv_opt_q15.c ****       /* Decrement loop counter */
 261:.//Libraries/CMSIS/DSP/Source/FilteringFunctions/arm_conv_opt_q15.c ****       tapCnt--;
 262:.//Libraries/CMSIS/DSP/Source/FilteringFunctions/arm_conv_opt_q15.c ****     }
 263:.//Libraries/CMSIS/DSP/Source/FilteringFunctions/arm_conv_opt_q15.c **** 
 264:.//Libraries/CMSIS/DSP/Source/FilteringFunctions/arm_conv_opt_q15.c ****     /* Update scratch pointer for remaining samples of smaller length sequence */
 265:.//Libraries/CMSIS/DSP/Source/FilteringFunctions/arm_conv_opt_q15.c ****     pScr1 -= 4U;
 266:.//Libraries/CMSIS/DSP/Source/FilteringFunctions/arm_conv_opt_q15.c **** 
 267:.//Libraries/CMSIS/DSP/Source/FilteringFunctions/arm_conv_opt_q15.c ****     /* apply same above for remaining samples of smaller length sequence */
 268:.//Libraries/CMSIS/DSP/Source/FilteringFunctions/arm_conv_opt_q15.c ****     tapCnt = (srcBLen) & 3U;
 269:.//Libraries/CMSIS/DSP/Source/FilteringFunctions/arm_conv_opt_q15.c **** 
 270:.//Libraries/CMSIS/DSP/Source/FilteringFunctions/arm_conv_opt_q15.c ****     while (tapCnt > 0U)
 271:.//Libraries/CMSIS/DSP/Source/FilteringFunctions/arm_conv_opt_q15.c ****     {
 272:.//Libraries/CMSIS/DSP/Source/FilteringFunctions/arm_conv_opt_q15.c ****       /* accumlate the results */
 273:.//Libraries/CMSIS/DSP/Source/FilteringFunctions/arm_conv_opt_q15.c ****       acc0 += (*pScr1++ * *pIn2);
 274:.//Libraries/CMSIS/DSP/Source/FilteringFunctions/arm_conv_opt_q15.c ****       acc1 += (*pScr1++ * *pIn2);
 275:.//Libraries/CMSIS/DSP/Source/FilteringFunctions/arm_conv_opt_q15.c ****       acc2 += (*pScr1++ * *pIn2);
 276:.//Libraries/CMSIS/DSP/Source/FilteringFunctions/arm_conv_opt_q15.c ****       acc3 += (*pScr1++ * *pIn2++);
 277:.//Libraries/CMSIS/DSP/Source/FilteringFunctions/arm_conv_opt_q15.c **** 
 278:.//Libraries/CMSIS/DSP/Source/FilteringFunctions/arm_conv_opt_q15.c ****       pScr1 -= 3U;
 279:.//Libraries/CMSIS/DSP/Source/FilteringFunctions/arm_conv_opt_q15.c **** 
 280:.//Libraries/CMSIS/DSP/Source/FilteringFunctions/arm_conv_opt_q15.c ****       /* Decrement loop counter */
 281:.//Libraries/CMSIS/DSP/Source/FilteringFunctions/arm_conv_opt_q15.c ****       tapCnt--;
 282:.//Libraries/CMSIS/DSP/Source/FilteringFunctions/arm_conv_opt_q15.c ****     }
 283:.//Libraries/CMSIS/DSP/Source/FilteringFunctions/arm_conv_opt_q15.c **** 
 284:.//Libraries/CMSIS/DSP/Source/FilteringFunctions/arm_conv_opt_q15.c ****     blkCnt--;
 285:.//Libraries/CMSIS/DSP/Source/FilteringFunctions/arm_conv_opt_q15.c **** 
 286:.//Libraries/CMSIS/DSP/Source/FilteringFunctions/arm_conv_opt_q15.c ****     /* Store the results in the accumulators in the destination buffer. */
 287:.//Libraries/CMSIS/DSP/Source/FilteringFunctions/arm_conv_opt_q15.c **** #ifndef ARM_MATH_BIG_ENDIAN
 288:.//Libraries/CMSIS/DSP/Source/FilteringFunctions/arm_conv_opt_q15.c ****     write_q15x2_ia (&pOut, __PKHBT(__SSAT((acc0 >> 15), 16), __SSAT((acc1 >> 15), 16), 16));
 289:.//Libraries/CMSIS/DSP/Source/FilteringFunctions/arm_conv_opt_q15.c ****     write_q15x2_ia (&pOut, __PKHBT(__SSAT((acc2 >> 15), 16), __SSAT((acc3 >> 15), 16), 16));
 290:.//Libraries/CMSIS/DSP/Source/FilteringFunctions/arm_conv_opt_q15.c **** #else
 291:.//Libraries/CMSIS/DSP/Source/FilteringFunctions/arm_conv_opt_q15.c ****     write_q15x2_ia (&pOut, __PKHBT(__SSAT((acc1 >> 15), 16), __SSAT((acc0 >> 15), 16), 16));
 292:.//Libraries/CMSIS/DSP/Source/FilteringFunctions/arm_conv_opt_q15.c ****     write_q15x2_ia (&pOut, __PKHBT(__SSAT((acc3 >> 15), 16), __SSAT((acc2 >> 15), 16), 16));
 293:.//Libraries/CMSIS/DSP/Source/FilteringFunctions/arm_conv_opt_q15.c **** #endif /* #ifndef ARM_MATH_BIG_ENDIAN */
 294:.//Libraries/CMSIS/DSP/Source/FilteringFunctions/arm_conv_opt_q15.c **** 
 295:.//Libraries/CMSIS/DSP/Source/FilteringFunctions/arm_conv_opt_q15.c ****     /* Initialization of inputB pointer */
 296:.//Libraries/CMSIS/DSP/Source/FilteringFunctions/arm_conv_opt_q15.c ****     pIn2 = py;
 297:.//Libraries/CMSIS/DSP/Source/FilteringFunctions/arm_conv_opt_q15.c **** 
 298:.//Libraries/CMSIS/DSP/Source/FilteringFunctions/arm_conv_opt_q15.c ****     pScratch1 += 4U;
 299:.//Libraries/CMSIS/DSP/Source/FilteringFunctions/arm_conv_opt_q15.c ****   }
 300:.//Libraries/CMSIS/DSP/Source/FilteringFunctions/arm_conv_opt_q15.c **** 
 301:.//Libraries/CMSIS/DSP/Source/FilteringFunctions/arm_conv_opt_q15.c ****   /* Loop unrolling: Compute remaining outputs */
 302:.//Libraries/CMSIS/DSP/Source/FilteringFunctions/arm_conv_opt_q15.c ****   blkCnt = (srcALen + srcBLen - 1U) & 0x3;
 303:.//Libraries/CMSIS/DSP/Source/FilteringFunctions/arm_conv_opt_q15.c **** 
 304:.//Libraries/CMSIS/DSP/Source/FilteringFunctions/arm_conv_opt_q15.c **** #else
ARM GAS  /var/folders/wl/rshn8xbx1dsfj1zgryf4g1240000gn/T//cc1so2IV.s 			page 9


 305:.//Libraries/CMSIS/DSP/Source/FilteringFunctions/arm_conv_opt_q15.c **** 
 306:.//Libraries/CMSIS/DSP/Source/FilteringFunctions/arm_conv_opt_q15.c ****   /* Initialize blkCnt with number of samples */
 307:.//Libraries/CMSIS/DSP/Source/FilteringFunctions/arm_conv_opt_q15.c ****   blkCnt = (srcALen + srcBLen - 1U);
 140              		.loc 1 307 21 is_stmt 0 view .LVU38
 141 0062 C844     		add	r8, r8, r9
 142              	.LVL16:
 176:.//Libraries/CMSIS/DSP/Source/FilteringFunctions/arm_conv_opt_q15.c **** 
 143              		.loc 1 176 3 view .LVU39
 144 0064 0020     		movs	r0, #0
 145 0066 FFF7FEFF 		bl	arm_fill_q15
 146              	.LVL17:
 179:.//Libraries/CMSIS/DSP/Source/FilteringFunctions/arm_conv_opt_q15.c **** 
 147              		.loc 1 179 3 is_stmt 1 view .LVU40
 182:.//Libraries/CMSIS/DSP/Source/FilteringFunctions/arm_conv_opt_q15.c **** 
 148              		.loc 1 182 3 view .LVU41
 186:.//Libraries/CMSIS/DSP/Source/FilteringFunctions/arm_conv_opt_q15.c **** 
 149              		.loc 1 186 3 view .LVU42
 150              		.loc 1 307 3 view .LVU43
 308:.//Libraries/CMSIS/DSP/Source/FilteringFunctions/arm_conv_opt_q15.c **** 
 309:.//Libraries/CMSIS/DSP/Source/FilteringFunctions/arm_conv_opt_q15.c **** #endif /* #if defined (ARM_MATH_LOOPUNROLL) */
 310:.//Libraries/CMSIS/DSP/Source/FilteringFunctions/arm_conv_opt_q15.c **** 
 311:.//Libraries/CMSIS/DSP/Source/FilteringFunctions/arm_conv_opt_q15.c ****   /* Calculate convolution for remaining samples of Bigger length sequence */
 312:.//Libraries/CMSIS/DSP/Source/FilteringFunctions/arm_conv_opt_q15.c ****   while (blkCnt > 0)
 151              		.loc 1 312 3 view .LVU44
 152              		.loc 1 312 9 view .LVU45
 153 006a B8F10108 		subs	r8, r8, #1
 154              	.LVL18:
 155              		.loc 1 312 9 is_stmt 0 view .LVU46
 156 006e 3DD0     		beq	.L1
 313:.//Libraries/CMSIS/DSP/Source/FilteringFunctions/arm_conv_opt_q15.c ****   {
 314:.//Libraries/CMSIS/DSP/Source/FilteringFunctions/arm_conv_opt_q15.c ****     /* Initialze temporary scratch pointer as scratch1 */
 315:.//Libraries/CMSIS/DSP/Source/FilteringFunctions/arm_conv_opt_q15.c ****     pScr1 = pScratch1;
 316:.//Libraries/CMSIS/DSP/Source/FilteringFunctions/arm_conv_opt_q15.c **** 
 317:.//Libraries/CMSIS/DSP/Source/FilteringFunctions/arm_conv_opt_q15.c ****     /* Clear Accumlators */
 318:.//Libraries/CMSIS/DSP/Source/FilteringFunctions/arm_conv_opt_q15.c ****     acc0 = 0;
 319:.//Libraries/CMSIS/DSP/Source/FilteringFunctions/arm_conv_opt_q15.c **** 
 320:.//Libraries/CMSIS/DSP/Source/FilteringFunctions/arm_conv_opt_q15.c ****     tapCnt = (srcBLen) >> 1U;
 157              		.loc 1 320 12 view .LVU47
 158 0070 4FEA590C 		lsr	ip, r9, #1
 159 0074 09F00103 		and	r3, r9, #1
 160 0078 0E95     		str	r5, [sp, #56]
 161              	.LVL19:
 162              		.loc 1 320 12 view .LVU48
 163 007a 05F1020E 		add	lr, r5, #2
 164 007e 05EB8C09 		add	r9, r5, ip, lsl #2
 165 0082 0193     		str	r3, [sp, #4]
 166 0084 4FEA8C03 		lsl	r3, ip, #2
 167 0088 6546     		mov	r5, ip
 168              	.LVL20:
 169              		.loc 1 320 12 view .LVU49
 170 008a 0234     		adds	r4, r4, #2
 171 008c CA46     		mov	r10, r9
 172              	.LVL21:
 173              		.loc 1 320 12 view .LVU50
 174 008e A3F1020B 		sub	fp, r3, #2
 175 0092 DDF838C0 		ldr	ip, [sp, #56]
 176              	.LVL22:
ARM GAS  /var/folders/wl/rshn8xbx1dsfj1zgryf4g1240000gn/T//cc1so2IV.s 			page 10


 177              	.L11:
 178              		.loc 1 320 12 view .LVU51
 179 0096 A71E     		subs	r7, r4, #2
 180              	.LVL23:
 315:.//Libraries/CMSIS/DSP/Source/FilteringFunctions/arm_conv_opt_q15.c **** 
 181              		.loc 1 315 5 is_stmt 1 view .LVU52
 318:.//Libraries/CMSIS/DSP/Source/FilteringFunctions/arm_conv_opt_q15.c **** 
 182              		.loc 1 318 5 view .LVU53
 183              		.loc 1 320 5 view .LVU54
 321:.//Libraries/CMSIS/DSP/Source/FilteringFunctions/arm_conv_opt_q15.c **** 
 322:.//Libraries/CMSIS/DSP/Source/FilteringFunctions/arm_conv_opt_q15.c ****     while (tapCnt > 0U)
 184              		.loc 1 322 5 view .LVU55
 185              		.loc 1 322 11 view .LVU56
 186 0098 5DB3     		cbz	r5, .L12
 187              		.loc 1 322 11 is_stmt 0 view .LVU57
 188 009a 0023     		movs	r3, #0
 318:.//Libraries/CMSIS/DSP/Source/FilteringFunctions/arm_conv_opt_q15.c **** 
 189              		.loc 1 318 10 view .LVU58
 190 009c 0020     		movs	r0, #0
 191 009e 0021     		movs	r1, #0
 192 00a0 0C96     		str	r6, [sp, #48]
 193              	.LVL24:
 194              	.L9:
 323:.//Libraries/CMSIS/DSP/Source/FilteringFunctions/arm_conv_opt_q15.c ****     {
 324:.//Libraries/CMSIS/DSP/Source/FilteringFunctions/arm_conv_opt_q15.c **** 
 325:.//Libraries/CMSIS/DSP/Source/FilteringFunctions/arm_conv_opt_q15.c ****       /* Read next two samples from scratch1 buffer */
 326:.//Libraries/CMSIS/DSP/Source/FilteringFunctions/arm_conv_opt_q15.c ****       acc0 += (*pScr1++ * *pIn2++);
 195              		.loc 1 326 7 is_stmt 1 view .LVU59
 196              		.loc 1 326 12 is_stmt 0 view .LVU60
 197 00a2 3CF82390 		ldrh	r9, [ip, r3, lsl #2]
 198 00a6 37F82360 		ldrh	r6, [r7, r3, lsl #2]
 327:.//Libraries/CMSIS/DSP/Source/FilteringFunctions/arm_conv_opt_q15.c ****       acc0 += (*pScr1++ * *pIn2++);
 199              		.loc 1 327 12 view .LVU61
 200 00aa 34F82320 		ldrh	r2, [r4, r3, lsl #2]
 326:.//Libraries/CMSIS/DSP/Source/FilteringFunctions/arm_conv_opt_q15.c ****       acc0 += (*pScr1++ * *pIn2++);
 201              		.loc 1 326 12 view .LVU62
 202 00ae C6FB8901 		smlalbb	r0, r1, r6, r9
 203              	.LVL25:
 204              		.loc 1 327 7 is_stmt 1 view .LVU63
 205              		.loc 1 327 12 is_stmt 0 view .LVU64
 206 00b2 3EF82390 		ldrh	r9, [lr, r3, lsl #2]
 207 00b6 0133     		adds	r3, r3, #1
 208              	.LVL26:
 209              		.loc 1 327 12 view .LVU65
 210 00b8 C2FB8901 		smlalbb	r0, r1, r2, r9
 211              	.LVL27:
 328:.//Libraries/CMSIS/DSP/Source/FilteringFunctions/arm_conv_opt_q15.c **** 
 329:.//Libraries/CMSIS/DSP/Source/FilteringFunctions/arm_conv_opt_q15.c ****       /* Decrement loop counter */
 330:.//Libraries/CMSIS/DSP/Source/FilteringFunctions/arm_conv_opt_q15.c ****       tapCnt--;
 212              		.loc 1 330 7 is_stmt 1 view .LVU66
 322:.//Libraries/CMSIS/DSP/Source/FilteringFunctions/arm_conv_opt_q15.c ****     {
 213              		.loc 1 322 11 view .LVU67
 214 00bc 9D42     		cmp	r5, r3
 215 00be F0D1     		bne	.L9
 216 00c0 0C9E     		ldr	r6, [sp, #48]
 217 00c2 0BEB0407 		add	r7, fp, r4
 218              	.LVL28:
ARM GAS  /var/folders/wl/rshn8xbx1dsfj1zgryf4g1240000gn/T//cc1so2IV.s 			page 11


 327:.//Libraries/CMSIS/DSP/Source/FilteringFunctions/arm_conv_opt_q15.c **** 
 219              		.loc 1 327 32 is_stmt 0 view .LVU68
 220 00c6 5346     		mov	r3, r10
 221              	.LVL29:
 222              	.L8:
 331:.//Libraries/CMSIS/DSP/Source/FilteringFunctions/arm_conv_opt_q15.c ****     }
 332:.//Libraries/CMSIS/DSP/Source/FilteringFunctions/arm_conv_opt_q15.c **** 
 333:.//Libraries/CMSIS/DSP/Source/FilteringFunctions/arm_conv_opt_q15.c ****     tapCnt = (srcBLen) & 1U;
 223              		.loc 1 333 5 is_stmt 1 view .LVU69
 334:.//Libraries/CMSIS/DSP/Source/FilteringFunctions/arm_conv_opt_q15.c **** 
 335:.//Libraries/CMSIS/DSP/Source/FilteringFunctions/arm_conv_opt_q15.c ****     /* apply same above for remaining samples of smaller length sequence */
 336:.//Libraries/CMSIS/DSP/Source/FilteringFunctions/arm_conv_opt_q15.c ****     while (tapCnt > 0U)
 224              		.loc 1 336 5 view .LVU70
 225              		.loc 1 336 11 view .LVU71
 226 00c8 019A     		ldr	r2, [sp, #4]
 227 00ca 1AB1     		cbz	r2, .L10
 337:.//Libraries/CMSIS/DSP/Source/FilteringFunctions/arm_conv_opt_q15.c ****     {
 338:.//Libraries/CMSIS/DSP/Source/FilteringFunctions/arm_conv_opt_q15.c **** 
 339:.//Libraries/CMSIS/DSP/Source/FilteringFunctions/arm_conv_opt_q15.c ****       /* accumlate the results */
 340:.//Libraries/CMSIS/DSP/Source/FilteringFunctions/arm_conv_opt_q15.c ****       acc0 += (*pScr1++ * *pIn2++);
 228              		.loc 1 340 7 view .LVU72
 229              	.LVL30:
 230              		.loc 1 340 12 is_stmt 0 view .LVU73
 231 00cc 3A88     		ldrh	r2, [r7]
 232 00ce 1B88     		ldrh	r3, [r3]
 233              	.LVL31:
 234              		.loc 1 340 12 view .LVU74
 235 00d0 C2FB8301 		smlalbb	r0, r1, r2, r3
 236              	.LVL32:
 341:.//Libraries/CMSIS/DSP/Source/FilteringFunctions/arm_conv_opt_q15.c **** 
 342:.//Libraries/CMSIS/DSP/Source/FilteringFunctions/arm_conv_opt_q15.c ****       /* Decrement loop counter */
 343:.//Libraries/CMSIS/DSP/Source/FilteringFunctions/arm_conv_opt_q15.c ****       tapCnt--;
 237              		.loc 1 343 7 is_stmt 1 view .LVU75
 336:.//Libraries/CMSIS/DSP/Source/FilteringFunctions/arm_conv_opt_q15.c ****     {
 238              		.loc 1 336 11 view .LVU76
 239              	.L10:
 344:.//Libraries/CMSIS/DSP/Source/FilteringFunctions/arm_conv_opt_q15.c ****     }
 345:.//Libraries/CMSIS/DSP/Source/FilteringFunctions/arm_conv_opt_q15.c **** 
 346:.//Libraries/CMSIS/DSP/Source/FilteringFunctions/arm_conv_opt_q15.c ****     blkCnt--;
 240              		.loc 1 346 5 view .LVU77
 347:.//Libraries/CMSIS/DSP/Source/FilteringFunctions/arm_conv_opt_q15.c **** 
 348:.//Libraries/CMSIS/DSP/Source/FilteringFunctions/arm_conv_opt_q15.c ****     /* The result is in 2.30 format.  Convert to 1.15 with saturation.
 349:.//Libraries/CMSIS/DSP/Source/FilteringFunctions/arm_conv_opt_q15.c ****        Then store the output in the destination buffer. */
 350:.//Libraries/CMSIS/DSP/Source/FilteringFunctions/arm_conv_opt_q15.c ****     *pOut++ = (q15_t) (__SSAT((acc0 >> 15), 16));
 241              		.loc 1 350 5 view .LVU78
 242              	.LBB2:
 243              		.loc 1 350 24 view .LVU79
 244              		.loc 1 350 24 view .LVU80
 245 00d4 C30B     		lsrs	r3, r0, #15
 246              	.LBE2:
 312:.//Libraries/CMSIS/DSP/Source/FilteringFunctions/arm_conv_opt_q15.c ****   {
 247              		.loc 1 312 9 is_stmt 0 view .LVU81
 248 00d6 B8F10108 		subs	r8, r8, #1
 249              	.LVL33:
 312:.//Libraries/CMSIS/DSP/Source/FilteringFunctions/arm_conv_opt_q15.c ****   {
 250              		.loc 1 312 9 view .LVU82
 251 00da 04F10204 		add	r4, r4, #2
ARM GAS  /var/folders/wl/rshn8xbx1dsfj1zgryf4g1240000gn/T//cc1so2IV.s 			page 12


 252              	.LVL34:
 253              	.LBB3:
 254              		.loc 1 350 24 view .LVU83
 255 00de 43EA4143 		orr	r3, r3, r1, lsl #17
 256              		.syntax unified
 257              	@ 350 ".//Libraries/CMSIS/DSP/Source/FilteringFunctions/arm_conv_opt_q15.c" 1
 258 00e2 03F30F03 		ssat r3, #16, r3
 259              	@ 0 "" 2
 260              	.LVL35:
 261              		.loc 1 350 24 is_stmt 1 view .LVU84
 262              		.loc 1 350 24 is_stmt 0 view .LVU85
 263              		.thumb
 264              		.syntax unified
 265              	.LBE3:
 266              		.loc 1 350 15 view .LVU86
 267 00e6 26F8023B 		strh	r3, [r6], #2	@ movhi
 268              	.LVL36:
 351:.//Libraries/CMSIS/DSP/Source/FilteringFunctions/arm_conv_opt_q15.c **** 
 352:.//Libraries/CMSIS/DSP/Source/FilteringFunctions/arm_conv_opt_q15.c ****     /* Initialization of inputB pointer */
 353:.//Libraries/CMSIS/DSP/Source/FilteringFunctions/arm_conv_opt_q15.c ****     pIn2 = py;
 269              		.loc 1 353 5 is_stmt 1 view .LVU87
 354:.//Libraries/CMSIS/DSP/Source/FilteringFunctions/arm_conv_opt_q15.c **** 
 355:.//Libraries/CMSIS/DSP/Source/FilteringFunctions/arm_conv_opt_q15.c ****     pScratch1 += 1U;
 270              		.loc 1 355 5 view .LVU88
 312:.//Libraries/CMSIS/DSP/Source/FilteringFunctions/arm_conv_opt_q15.c ****   {
 271              		.loc 1 312 9 view .LVU89
 272 00ea D4D1     		bne	.L11
 273              	.LVL37:
 274              	.L1:
 356:.//Libraries/CMSIS/DSP/Source/FilteringFunctions/arm_conv_opt_q15.c ****   }
 357:.//Libraries/CMSIS/DSP/Source/FilteringFunctions/arm_conv_opt_q15.c **** 
 358:.//Libraries/CMSIS/DSP/Source/FilteringFunctions/arm_conv_opt_q15.c **** }
 275              		.loc 1 358 1 is_stmt 0 view .LVU90
 276 00ec 03B0     		add	sp, sp, #12
 277              	.LCFI2:
 278              		.cfi_remember_state
 279              		.cfi_def_cfa_offset 36
 280              		@ sp needed
 281 00ee BDE8F08F 		pop	{r4, r5, r6, r7, r8, r9, r10, fp, pc}
 282              	.LVL38:
 283              	.L12:
 284              	.LCFI3:
 285              		.cfi_restore_state
 322:.//Libraries/CMSIS/DSP/Source/FilteringFunctions/arm_conv_opt_q15.c ****     {
 286              		.loc 1 322 11 view .LVU91
 287 00f2 6346     		mov	r3, ip
 318:.//Libraries/CMSIS/DSP/Source/FilteringFunctions/arm_conv_opt_q15.c **** 
 288              		.loc 1 318 10 view .LVU92
 289 00f4 0020     		movs	r0, #0
 290 00f6 0021     		movs	r1, #0
 291 00f8 E6E7     		b	.L8
 292              		.cfi_endproc
 293              	.LFE145:
 295 00fa 00BF     		.text
 296              	.Letext0:
 297              		.file 2 "/opt/homebrew/Cellar/arm-none-eabi-gcc/9-2019-q4-major/gcc/arm-none-eabi/include/machine/
 298              		.file 3 "/opt/homebrew/Cellar/arm-none-eabi-gcc/9-2019-q4-major/gcc/arm-none-eabi/include/sys/_std
ARM GAS  /var/folders/wl/rshn8xbx1dsfj1zgryf4g1240000gn/T//cc1so2IV.s 			page 13


 299              		.file 4 "/opt/homebrew/Cellar/arm-none-eabi-gcc/9-2019-q4-major/gcc/arm-none-eabi/include/sys/lock
 300              		.file 5 "/opt/homebrew/Cellar/arm-none-eabi-gcc/9-2019-q4-major/gcc/arm-none-eabi/include/sys/_typ
 301              		.file 6 "/opt/homebrew/Cellar/arm-none-eabi-gcc/9-2019-q4-major/gcc/lib/gcc/arm-none-eabi/9.2.1/in
 302              		.file 7 "/opt/homebrew/Cellar/arm-none-eabi-gcc/9-2019-q4-major/gcc/arm-none-eabi/include/sys/reen
 303              		.file 8 "/opt/homebrew/Cellar/arm-none-eabi-gcc/9-2019-q4-major/gcc/arm-none-eabi/include/math.h"
 304              		.file 9 ".//Libraries/CMSIS/DSP/Include/arm_math.h"
ARM GAS  /var/folders/wl/rshn8xbx1dsfj1zgryf4g1240000gn/T//cc1so2IV.s 			page 14


DEFINED SYMBOLS
                            *ABS*:0000000000000000 arm_conv_opt_q15.c
/var/folders/wl/rshn8xbx1dsfj1zgryf4g1240000gn/T//cc1so2IV.s:17     .text.arm_conv_opt_q15:0000000000000000 $t
/var/folders/wl/rshn8xbx1dsfj1zgryf4g1240000gn/T//cc1so2IV.s:26     .text.arm_conv_opt_q15:0000000000000000 arm_conv_opt_q15

UNDEFINED SYMBOLS
arm_fill_q15
arm_copy_q15
