ARM GAS  /tmp/ccvkwKWv.s 			page 1


   1              		.cpu cortex-m7
   2              		.eabi_attribute 28, 1
   3              		.eabi_attribute 20, 1
   4              		.eabi_attribute 21, 1
   5              		.eabi_attribute 23, 3
   6              		.eabi_attribute 24, 1
   7              		.eabi_attribute 25, 1
   8              		.eabi_attribute 26, 1
   9              		.eabi_attribute 30, 2
  10              		.eabi_attribute 34, 1
  11              		.eabi_attribute 18, 4
  12              		.file	"arm_iir_lattice_f32.c"
  13              		.text
  14              	.Ltext0:
  15              		.cfi_sections	.debug_frame
  16              		.section	.text.arm_iir_lattice_f32,"ax",%progbits
  17              		.align	1
  18              		.p2align 2,,3
  19              		.global	arm_iir_lattice_f32
  20              		.arch armv7e-m
  21              		.syntax unified
  22              		.thumb
  23              		.thumb_func
  24              		.fpu fpv5-d16
  26              	arm_iir_lattice_f32:
  27              	.LVL0:
  28              	.LFB145:
  29              		.file 1 "./Libraries/CMSIS/DSP/Source/FilteringFunctions/arm_iir_lattice_f32.c"
   1:./Libraries/CMSIS/DSP/Source/FilteringFunctions/arm_iir_lattice_f32.c **** /* ----------------------------------------------------------------------
   2:./Libraries/CMSIS/DSP/Source/FilteringFunctions/arm_iir_lattice_f32.c ****  * Project:      CMSIS DSP Library
   3:./Libraries/CMSIS/DSP/Source/FilteringFunctions/arm_iir_lattice_f32.c ****  * Title:        arm_iir_lattice_f32.c
   4:./Libraries/CMSIS/DSP/Source/FilteringFunctions/arm_iir_lattice_f32.c ****  * Description:  Floating-point IIR Lattice filter processing function
   5:./Libraries/CMSIS/DSP/Source/FilteringFunctions/arm_iir_lattice_f32.c ****  *
   6:./Libraries/CMSIS/DSP/Source/FilteringFunctions/arm_iir_lattice_f32.c ****  * $Date:        18. March 2019
   7:./Libraries/CMSIS/DSP/Source/FilteringFunctions/arm_iir_lattice_f32.c ****  * $Revision:    V1.6.0
   8:./Libraries/CMSIS/DSP/Source/FilteringFunctions/arm_iir_lattice_f32.c ****  *
   9:./Libraries/CMSIS/DSP/Source/FilteringFunctions/arm_iir_lattice_f32.c ****  * Target Processor: Cortex-M cores
  10:./Libraries/CMSIS/DSP/Source/FilteringFunctions/arm_iir_lattice_f32.c ****  * -------------------------------------------------------------------- */
  11:./Libraries/CMSIS/DSP/Source/FilteringFunctions/arm_iir_lattice_f32.c **** /*
  12:./Libraries/CMSIS/DSP/Source/FilteringFunctions/arm_iir_lattice_f32.c ****  * Copyright (C) 2010-2019 ARM Limited or its affiliates. All rights reserved.
  13:./Libraries/CMSIS/DSP/Source/FilteringFunctions/arm_iir_lattice_f32.c ****  *
  14:./Libraries/CMSIS/DSP/Source/FilteringFunctions/arm_iir_lattice_f32.c ****  * SPDX-License-Identifier: Apache-2.0
  15:./Libraries/CMSIS/DSP/Source/FilteringFunctions/arm_iir_lattice_f32.c ****  *
  16:./Libraries/CMSIS/DSP/Source/FilteringFunctions/arm_iir_lattice_f32.c ****  * Licensed under the Apache License, Version 2.0 (the License); you may
  17:./Libraries/CMSIS/DSP/Source/FilteringFunctions/arm_iir_lattice_f32.c ****  * not use this file except in compliance with the License.
  18:./Libraries/CMSIS/DSP/Source/FilteringFunctions/arm_iir_lattice_f32.c ****  * You may obtain a copy of the License at
  19:./Libraries/CMSIS/DSP/Source/FilteringFunctions/arm_iir_lattice_f32.c ****  *
  20:./Libraries/CMSIS/DSP/Source/FilteringFunctions/arm_iir_lattice_f32.c ****  * www.apache.org/licenses/LICENSE-2.0
  21:./Libraries/CMSIS/DSP/Source/FilteringFunctions/arm_iir_lattice_f32.c ****  *
  22:./Libraries/CMSIS/DSP/Source/FilteringFunctions/arm_iir_lattice_f32.c ****  * Unless required by applicable law or agreed to in writing, software
  23:./Libraries/CMSIS/DSP/Source/FilteringFunctions/arm_iir_lattice_f32.c ****  * distributed under the License is distributed on an AS IS BASIS, WITHOUT
  24:./Libraries/CMSIS/DSP/Source/FilteringFunctions/arm_iir_lattice_f32.c ****  * WARRANTIES OR CONDITIONS OF ANY KIND, either express or implied.
  25:./Libraries/CMSIS/DSP/Source/FilteringFunctions/arm_iir_lattice_f32.c ****  * See the License for the specific language governing permissions and
  26:./Libraries/CMSIS/DSP/Source/FilteringFunctions/arm_iir_lattice_f32.c ****  * limitations under the License.
  27:./Libraries/CMSIS/DSP/Source/FilteringFunctions/arm_iir_lattice_f32.c ****  */
  28:./Libraries/CMSIS/DSP/Source/FilteringFunctions/arm_iir_lattice_f32.c **** 
  29:./Libraries/CMSIS/DSP/Source/FilteringFunctions/arm_iir_lattice_f32.c **** #include "arm_math.h"
ARM GAS  /tmp/ccvkwKWv.s 			page 2


  30:./Libraries/CMSIS/DSP/Source/FilteringFunctions/arm_iir_lattice_f32.c **** 
  31:./Libraries/CMSIS/DSP/Source/FilteringFunctions/arm_iir_lattice_f32.c **** /**
  32:./Libraries/CMSIS/DSP/Source/FilteringFunctions/arm_iir_lattice_f32.c ****   @ingroup groupFilters
  33:./Libraries/CMSIS/DSP/Source/FilteringFunctions/arm_iir_lattice_f32.c ****  */
  34:./Libraries/CMSIS/DSP/Source/FilteringFunctions/arm_iir_lattice_f32.c **** 
  35:./Libraries/CMSIS/DSP/Source/FilteringFunctions/arm_iir_lattice_f32.c **** /**
  36:./Libraries/CMSIS/DSP/Source/FilteringFunctions/arm_iir_lattice_f32.c ****   @defgroup IIR_Lattice Infinite Impulse Response (IIR) Lattice Filters
  37:./Libraries/CMSIS/DSP/Source/FilteringFunctions/arm_iir_lattice_f32.c **** 
  38:./Libraries/CMSIS/DSP/Source/FilteringFunctions/arm_iir_lattice_f32.c ****   This set of functions implements lattice filters
  39:./Libraries/CMSIS/DSP/Source/FilteringFunctions/arm_iir_lattice_f32.c ****   for Q15, Q31 and floating-point data types.  Lattice filters are used in a
  40:./Libraries/CMSIS/DSP/Source/FilteringFunctions/arm_iir_lattice_f32.c ****   variety of adaptive filter applications. The filter structure has feedforward and
  41:./Libraries/CMSIS/DSP/Source/FilteringFunctions/arm_iir_lattice_f32.c ****   feedback components and the net impulse response is infinite length.
  42:./Libraries/CMSIS/DSP/Source/FilteringFunctions/arm_iir_lattice_f32.c ****   The functions operate on blocks
  43:./Libraries/CMSIS/DSP/Source/FilteringFunctions/arm_iir_lattice_f32.c ****   of input and output data and each call to the function processes
  44:./Libraries/CMSIS/DSP/Source/FilteringFunctions/arm_iir_lattice_f32.c ****   <code>blockSize</code> samples through the filter.  <code>pSrc</code> and
  45:./Libraries/CMSIS/DSP/Source/FilteringFunctions/arm_iir_lattice_f32.c ****   <code>pDst</code> point to input and output arrays containing <code>blockSize</code> values.
  46:./Libraries/CMSIS/DSP/Source/FilteringFunctions/arm_iir_lattice_f32.c **** 
  47:./Libraries/CMSIS/DSP/Source/FilteringFunctions/arm_iir_lattice_f32.c ****   @par           Algorithm
  48:./Libraries/CMSIS/DSP/Source/FilteringFunctions/arm_iir_lattice_f32.c ****                    \image html IIRLattice.gif "Infinite Impulse Response Lattice filter"
  49:./Libraries/CMSIS/DSP/Source/FilteringFunctions/arm_iir_lattice_f32.c ****   @par
  50:./Libraries/CMSIS/DSP/Source/FilteringFunctions/arm_iir_lattice_f32.c ****   <pre>
  51:./Libraries/CMSIS/DSP/Source/FilteringFunctions/arm_iir_lattice_f32.c ****       fN(n)   = x(n)
  52:./Libraries/CMSIS/DSP/Source/FilteringFunctions/arm_iir_lattice_f32.c ****       fm-1(n) = fm(n) - km * gm-1(n-1)   for m = N, N-1, ..., 1
  53:./Libraries/CMSIS/DSP/Source/FilteringFunctions/arm_iir_lattice_f32.c ****       gm(n)   = km * fm-1(n) + gm-1(n-1) for m = N, N-1, ..., 1
  54:./Libraries/CMSIS/DSP/Source/FilteringFunctions/arm_iir_lattice_f32.c ****       y(n)    = vN * gN(n) + vN-1 * gN-1(n) + ...+ v0 * g0(n)
  55:./Libraries/CMSIS/DSP/Source/FilteringFunctions/arm_iir_lattice_f32.c ****   </pre>
  56:./Libraries/CMSIS/DSP/Source/FilteringFunctions/arm_iir_lattice_f32.c ****   @par
  57:./Libraries/CMSIS/DSP/Source/FilteringFunctions/arm_iir_lattice_f32.c ****                    <code>pkCoeffs</code> points to array of reflection coefficients of size <code>n
  58:./Libraries/CMSIS/DSP/Source/FilteringFunctions/arm_iir_lattice_f32.c ****                    Reflection Coefficients are stored in time-reversed order.
  59:./Libraries/CMSIS/DSP/Source/FilteringFunctions/arm_iir_lattice_f32.c ****   @par
  60:./Libraries/CMSIS/DSP/Source/FilteringFunctions/arm_iir_lattice_f32.c ****   <pre>
  61:./Libraries/CMSIS/DSP/Source/FilteringFunctions/arm_iir_lattice_f32.c ****      {kN, kN-1, ..., k1}
  62:./Libraries/CMSIS/DSP/Source/FilteringFunctions/arm_iir_lattice_f32.c ****   </pre>
  63:./Libraries/CMSIS/DSP/Source/FilteringFunctions/arm_iir_lattice_f32.c ****   @par
  64:./Libraries/CMSIS/DSP/Source/FilteringFunctions/arm_iir_lattice_f32.c ****                   <code>pvCoeffs</code> points to the array of ladder coefficients of size <code>(n
  65:./Libraries/CMSIS/DSP/Source/FilteringFunctions/arm_iir_lattice_f32.c ****                   Ladder coefficients are stored in time-reversed order.
  66:./Libraries/CMSIS/DSP/Source/FilteringFunctions/arm_iir_lattice_f32.c ****   <pre>
  67:./Libraries/CMSIS/DSP/Source/FilteringFunctions/arm_iir_lattice_f32.c ****       {vN, vN-1, ..., v0}
  68:./Libraries/CMSIS/DSP/Source/FilteringFunctions/arm_iir_lattice_f32.c ****   </pre>
  69:./Libraries/CMSIS/DSP/Source/FilteringFunctions/arm_iir_lattice_f32.c ****   @par
  70:./Libraries/CMSIS/DSP/Source/FilteringFunctions/arm_iir_lattice_f32.c ****                    <code>pState</code> points to a state array of size <code>numStages + blockSize<
  71:./Libraries/CMSIS/DSP/Source/FilteringFunctions/arm_iir_lattice_f32.c ****                    The state variables shown in the figure above (the g values) are stored in the <
  72:./Libraries/CMSIS/DSP/Source/FilteringFunctions/arm_iir_lattice_f32.c ****                    The state variables are updated after each block of data is processed; the coeff
  73:./Libraries/CMSIS/DSP/Source/FilteringFunctions/arm_iir_lattice_f32.c **** 
  74:./Libraries/CMSIS/DSP/Source/FilteringFunctions/arm_iir_lattice_f32.c ****   @par           Instance Structure
  75:./Libraries/CMSIS/DSP/Source/FilteringFunctions/arm_iir_lattice_f32.c ****                    The coefficients and state variables for a filter are stored together in an inst
  76:./Libraries/CMSIS/DSP/Source/FilteringFunctions/arm_iir_lattice_f32.c ****                    A separate instance structure must be defined for each filter.
  77:./Libraries/CMSIS/DSP/Source/FilteringFunctions/arm_iir_lattice_f32.c ****                    Coefficient arrays may be shared among several instances while state variable ar
  78:./Libraries/CMSIS/DSP/Source/FilteringFunctions/arm_iir_lattice_f32.c ****                    There are separate instance structure declarations for each of the 3 supported d
  79:./Libraries/CMSIS/DSP/Source/FilteringFunctions/arm_iir_lattice_f32.c **** 
  80:./Libraries/CMSIS/DSP/Source/FilteringFunctions/arm_iir_lattice_f32.c ****   @par           Initialization Functions
  81:./Libraries/CMSIS/DSP/Source/FilteringFunctions/arm_iir_lattice_f32.c ****                    There is also an associated initialization function for each data type.
  82:./Libraries/CMSIS/DSP/Source/FilteringFunctions/arm_iir_lattice_f32.c ****                    The initialization function performs the following operations:
  83:./Libraries/CMSIS/DSP/Source/FilteringFunctions/arm_iir_lattice_f32.c ****                    - Sets the values of the internal structure fields.
  84:./Libraries/CMSIS/DSP/Source/FilteringFunctions/arm_iir_lattice_f32.c ****                    - Zeros out the values in the state buffer.
  85:./Libraries/CMSIS/DSP/Source/FilteringFunctions/arm_iir_lattice_f32.c ****                    To do this manually without calling the init function, assign the follow subfiel
  86:./Libraries/CMSIS/DSP/Source/FilteringFunctions/arm_iir_lattice_f32.c ****                    numStages, pkCoeffs, pvCoeffs, pState. Also set all of the values in pState to z
ARM GAS  /tmp/ccvkwKWv.s 			page 3


  87:./Libraries/CMSIS/DSP/Source/FilteringFunctions/arm_iir_lattice_f32.c ****   @par
  88:./Libraries/CMSIS/DSP/Source/FilteringFunctions/arm_iir_lattice_f32.c ****                    Use of the initialization function is optional.
  89:./Libraries/CMSIS/DSP/Source/FilteringFunctions/arm_iir_lattice_f32.c ****                    However, if the initialization function is used, then the instance structure can
  90:./Libraries/CMSIS/DSP/Source/FilteringFunctions/arm_iir_lattice_f32.c ****                    To place an instance structure into a const data section, the instance structure
  91:./Libraries/CMSIS/DSP/Source/FilteringFunctions/arm_iir_lattice_f32.c ****                    Set the values in the state buffer to zeros and then manually initialize the ins
  92:./Libraries/CMSIS/DSP/Source/FilteringFunctions/arm_iir_lattice_f32.c ****   <pre>
  93:./Libraries/CMSIS/DSP/Source/FilteringFunctions/arm_iir_lattice_f32.c ****       arm_iir_lattice_instance_f32 S = {numStages, pState, pkCoeffs, pvCoeffs};
  94:./Libraries/CMSIS/DSP/Source/FilteringFunctions/arm_iir_lattice_f32.c ****       arm_iir_lattice_instance_q31 S = {numStages, pState, pkCoeffs, pvCoeffs};
  95:./Libraries/CMSIS/DSP/Source/FilteringFunctions/arm_iir_lattice_f32.c ****       arm_iir_lattice_instance_q15 S = {numStages, pState, pkCoeffs, pvCoeffs};
  96:./Libraries/CMSIS/DSP/Source/FilteringFunctions/arm_iir_lattice_f32.c ****   </pre>
  97:./Libraries/CMSIS/DSP/Source/FilteringFunctions/arm_iir_lattice_f32.c ****   @par
  98:./Libraries/CMSIS/DSP/Source/FilteringFunctions/arm_iir_lattice_f32.c ****                    where <code>numStages</code> is the number of stages in the filter; <code>pState
  99:./Libraries/CMSIS/DSP/Source/FilteringFunctions/arm_iir_lattice_f32.c ****                    <code>pkCoeffs</code> points to array of the reflection coefficients; <code>pvCo
 100:./Libraries/CMSIS/DSP/Source/FilteringFunctions/arm_iir_lattice_f32.c **** 
 101:./Libraries/CMSIS/DSP/Source/FilteringFunctions/arm_iir_lattice_f32.c ****   @par           Fixed-Point Behavior
 102:./Libraries/CMSIS/DSP/Source/FilteringFunctions/arm_iir_lattice_f32.c ****                    Care must be taken when using the fixed-point versions of the IIR lattice filter
 103:./Libraries/CMSIS/DSP/Source/FilteringFunctions/arm_iir_lattice_f32.c ****                    In particular, the overflow and saturation behavior of the accumulator used in e
 104:./Libraries/CMSIS/DSP/Source/FilteringFunctions/arm_iir_lattice_f32.c ****                    Refer to the function specific documentation below for usage guidelines.
 105:./Libraries/CMSIS/DSP/Source/FilteringFunctions/arm_iir_lattice_f32.c ****  */
 106:./Libraries/CMSIS/DSP/Source/FilteringFunctions/arm_iir_lattice_f32.c **** 
 107:./Libraries/CMSIS/DSP/Source/FilteringFunctions/arm_iir_lattice_f32.c **** /**
 108:./Libraries/CMSIS/DSP/Source/FilteringFunctions/arm_iir_lattice_f32.c ****   @addtogroup IIR_Lattice
 109:./Libraries/CMSIS/DSP/Source/FilteringFunctions/arm_iir_lattice_f32.c ****   @{
 110:./Libraries/CMSIS/DSP/Source/FilteringFunctions/arm_iir_lattice_f32.c ****  */
 111:./Libraries/CMSIS/DSP/Source/FilteringFunctions/arm_iir_lattice_f32.c **** 
 112:./Libraries/CMSIS/DSP/Source/FilteringFunctions/arm_iir_lattice_f32.c **** /**
 113:./Libraries/CMSIS/DSP/Source/FilteringFunctions/arm_iir_lattice_f32.c ****   @brief         Processing function for the floating-point IIR lattice filter.
 114:./Libraries/CMSIS/DSP/Source/FilteringFunctions/arm_iir_lattice_f32.c ****   @param[in]     S          points to an instance of the floating-point IIR lattice structure
 115:./Libraries/CMSIS/DSP/Source/FilteringFunctions/arm_iir_lattice_f32.c ****   @param[in]     pSrc       points to the block of input data
 116:./Libraries/CMSIS/DSP/Source/FilteringFunctions/arm_iir_lattice_f32.c ****   @param[out]    pDst       points to the block of output data
 117:./Libraries/CMSIS/DSP/Source/FilteringFunctions/arm_iir_lattice_f32.c ****   @param[in]     blockSize  number of samples to process
 118:./Libraries/CMSIS/DSP/Source/FilteringFunctions/arm_iir_lattice_f32.c ****   @return        none
 119:./Libraries/CMSIS/DSP/Source/FilteringFunctions/arm_iir_lattice_f32.c ****  */
 120:./Libraries/CMSIS/DSP/Source/FilteringFunctions/arm_iir_lattice_f32.c **** 
 121:./Libraries/CMSIS/DSP/Source/FilteringFunctions/arm_iir_lattice_f32.c **** void arm_iir_lattice_f32(
 122:./Libraries/CMSIS/DSP/Source/FilteringFunctions/arm_iir_lattice_f32.c ****   const arm_iir_lattice_instance_f32 * S,
 123:./Libraries/CMSIS/DSP/Source/FilteringFunctions/arm_iir_lattice_f32.c ****   const float32_t * pSrc,
 124:./Libraries/CMSIS/DSP/Source/FilteringFunctions/arm_iir_lattice_f32.c ****         float32_t * pDst,
 125:./Libraries/CMSIS/DSP/Source/FilteringFunctions/arm_iir_lattice_f32.c ****         uint32_t blockSize)
 126:./Libraries/CMSIS/DSP/Source/FilteringFunctions/arm_iir_lattice_f32.c **** {       
  30              		.loc 1 126 1 view -0
  31              		.cfi_startproc
  32              		@ args = 0, pretend = 0, frame = 8
  33              		@ frame_needed = 0, uses_anonymous_args = 0
 127:./Libraries/CMSIS/DSP/Source/FilteringFunctions/arm_iir_lattice_f32.c ****         float32_t *pState = S->pState;                   /* State pointer */
  34              		.loc 1 127 9 view .LVU1
 126:./Libraries/CMSIS/DSP/Source/FilteringFunctions/arm_iir_lattice_f32.c ****         float32_t *pState = S->pState;                   /* State pointer */
  35              		.loc 1 126 1 is_stmt 0 view .LVU2
  36 0000 2DE9F04F 		push	{r4, r5, r6, r7, r8, r9, r10, fp, lr}
  37              	.LCFI0:
  38              		.cfi_def_cfa_offset 36
  39              		.cfi_offset 4, -36
  40              		.cfi_offset 5, -32
  41              		.cfi_offset 6, -28
  42              		.cfi_offset 7, -24
  43              		.cfi_offset 8, -20
  44              		.cfi_offset 9, -16
ARM GAS  /tmp/ccvkwKWv.s 			page 4


  45              		.cfi_offset 10, -12
  46              		.cfi_offset 11, -8
  47              		.cfi_offset 14, -4
  48 0004 83B0     		sub	sp, sp, #12
  49              	.LCFI1:
  50              		.cfi_def_cfa_offset 48
  51              		.loc 1 127 20 view .LVU3
  52 0006 D0F804E0 		ldr	lr, [r0, #4]
  53              	.LVL1:
 128:./Libraries/CMSIS/DSP/Source/FilteringFunctions/arm_iir_lattice_f32.c ****         float32_t *pStateCur;                            /* State current pointer */
  54              		.loc 1 128 9 is_stmt 1 view .LVU4
 129:./Libraries/CMSIS/DSP/Source/FilteringFunctions/arm_iir_lattice_f32.c ****         float32_t acc;                                   /* Accumlator */
  55              		.loc 1 129 9 view .LVU5
 130:./Libraries/CMSIS/DSP/Source/FilteringFunctions/arm_iir_lattice_f32.c ****         float32_t fnext1, fnext2, gcurr1, gnext;         /* Temporary variables for lattice stages 
  56              		.loc 1 130 9 view .LVU6
 131:./Libraries/CMSIS/DSP/Source/FilteringFunctions/arm_iir_lattice_f32.c ****         float32_t *px1, *px2, *pk, *pv;                  /* Temporary pointers for state and coef *
  57              		.loc 1 131 9 view .LVU7
 132:./Libraries/CMSIS/DSP/Source/FilteringFunctions/arm_iir_lattice_f32.c ****         uint32_t numStages = S->numStages;               /* Number of stages */
  58              		.loc 1 132 9 view .LVU8
  59              		.loc 1 132 18 is_stmt 0 view .LVU9
  60 000a 0688     		ldrh	r6, [r0]
  61              	.LVL2:
 133:./Libraries/CMSIS/DSP/Source/FilteringFunctions/arm_iir_lattice_f32.c ****         uint32_t blkCnt, tapCnt;                         /* Temporary variables for counts */
  62              		.loc 1 133 9 is_stmt 1 view .LVU10
 134:./Libraries/CMSIS/DSP/Source/FilteringFunctions/arm_iir_lattice_f32.c **** 
 135:./Libraries/CMSIS/DSP/Source/FilteringFunctions/arm_iir_lattice_f32.c **** #if defined (ARM_MATH_LOOPUNROLL)
 136:./Libraries/CMSIS/DSP/Source/FilteringFunctions/arm_iir_lattice_f32.c ****         float32_t gcurr2;                                /* Temporary variables for lattice stages 
 137:./Libraries/CMSIS/DSP/Source/FilteringFunctions/arm_iir_lattice_f32.c ****         float32_t k1, k2;
 138:./Libraries/CMSIS/DSP/Source/FilteringFunctions/arm_iir_lattice_f32.c ****         float32_t v1, v2, v3, v4;
 139:./Libraries/CMSIS/DSP/Source/FilteringFunctions/arm_iir_lattice_f32.c **** #endif
 140:./Libraries/CMSIS/DSP/Source/FilteringFunctions/arm_iir_lattice_f32.c **** 
 141:./Libraries/CMSIS/DSP/Source/FilteringFunctions/arm_iir_lattice_f32.c ****   /* initialise loop count */
 142:./Libraries/CMSIS/DSP/Source/FilteringFunctions/arm_iir_lattice_f32.c ****   blkCnt = blockSize;
  63              		.loc 1 142 3 view .LVU11
 143:./Libraries/CMSIS/DSP/Source/FilteringFunctions/arm_iir_lattice_f32.c **** 
 144:./Libraries/CMSIS/DSP/Source/FilteringFunctions/arm_iir_lattice_f32.c ****   /* Sample processing */
 145:./Libraries/CMSIS/DSP/Source/FilteringFunctions/arm_iir_lattice_f32.c ****   while (blkCnt > 0U)
  64              		.loc 1 145 3 view .LVU12
  65              		.loc 1 145 9 view .LVU13
  66 000c 0193     		str	r3, [sp, #4]
  67 000e 93B3     		cbz	r3, .L2
 146:./Libraries/CMSIS/DSP/Source/FilteringFunctions/arm_iir_lattice_f32.c ****   {
 147:./Libraries/CMSIS/DSP/Source/FilteringFunctions/arm_iir_lattice_f32.c ****     /* Read Sample from input buffer */
 148:./Libraries/CMSIS/DSP/Source/FilteringFunctions/arm_iir_lattice_f32.c ****     /* fN(n) = x(n) */
 149:./Libraries/CMSIS/DSP/Source/FilteringFunctions/arm_iir_lattice_f32.c ****     fnext2 = *pSrc++;
 150:./Libraries/CMSIS/DSP/Source/FilteringFunctions/arm_iir_lattice_f32.c **** 
 151:./Libraries/CMSIS/DSP/Source/FilteringFunctions/arm_iir_lattice_f32.c ****     /* Initialize Ladder coeff pointer */
 152:./Libraries/CMSIS/DSP/Source/FilteringFunctions/arm_iir_lattice_f32.c ****     pv = &S->pvCoeffs[0];
  68              		.loc 1 152 8 is_stmt 0 view .LVU14
  69 0010 D0F80C80 		ldr	r8, [r0, #12]
  70 0014 4FEA860B 		lsl	fp, r6, #2
 153:./Libraries/CMSIS/DSP/Source/FilteringFunctions/arm_iir_lattice_f32.c **** 
 154:./Libraries/CMSIS/DSP/Source/FilteringFunctions/arm_iir_lattice_f32.c ****     /* Initialize Reflection coeff pointer */
 155:./Libraries/CMSIS/DSP/Source/FilteringFunctions/arm_iir_lattice_f32.c ****     pk = &S->pkCoeffs[0];
  71              		.loc 1 155 8 view .LVU15
  72 0018 D0F808A0 		ldr	r10, [r0, #8]
  73 001c 9C46     		mov	ip, r3
ARM GAS  /tmp/ccvkwKWv.s 			page 5


  74 001e 08EB8609 		add	r9, r8, r6, lsl #2
 127:./Libraries/CMSIS/DSP/Source/FilteringFunctions/arm_iir_lattice_f32.c ****         float32_t *pStateCur;                            /* State current pointer */
  75              		.loc 1 127 20 view .LVU16
  76 0022 7746     		mov	r7, lr
  77              	.LVL3:
  78              	.L5:
 149:./Libraries/CMSIS/DSP/Source/FilteringFunctions/arm_iir_lattice_f32.c **** 
  79              		.loc 1 149 5 is_stmt 1 view .LVU17
 149:./Libraries/CMSIS/DSP/Source/FilteringFunctions/arm_iir_lattice_f32.c **** 
  80              		.loc 1 149 12 is_stmt 0 view .LVU18
  81 0024 B1EC017A 		vldmia.32	r1!, {s14}
  82              	.LVL4:
 152:./Libraries/CMSIS/DSP/Source/FilteringFunctions/arm_iir_lattice_f32.c **** 
  83              		.loc 1 152 5 is_stmt 1 view .LVU19
  84              		.loc 1 155 5 view .LVU20
 156:./Libraries/CMSIS/DSP/Source/FilteringFunctions/arm_iir_lattice_f32.c **** 
 157:./Libraries/CMSIS/DSP/Source/FilteringFunctions/arm_iir_lattice_f32.c ****     /* Initialize state read pointer */
 158:./Libraries/CMSIS/DSP/Source/FilteringFunctions/arm_iir_lattice_f32.c ****     px1 = pState;
  85              		.loc 1 158 5 view .LVU21
 159:./Libraries/CMSIS/DSP/Source/FilteringFunctions/arm_iir_lattice_f32.c **** 
 160:./Libraries/CMSIS/DSP/Source/FilteringFunctions/arm_iir_lattice_f32.c ****     /* Initialize state write pointer */
 161:./Libraries/CMSIS/DSP/Source/FilteringFunctions/arm_iir_lattice_f32.c ****     px2 = pState;
  86              		.loc 1 161 5 view .LVU22
 162:./Libraries/CMSIS/DSP/Source/FilteringFunctions/arm_iir_lattice_f32.c **** 
 163:./Libraries/CMSIS/DSP/Source/FilteringFunctions/arm_iir_lattice_f32.c ****     /* Set accumulator to zero */
 164:./Libraries/CMSIS/DSP/Source/FilteringFunctions/arm_iir_lattice_f32.c ****     acc = 0.0;
  87              		.loc 1 164 5 view .LVU23
 165:./Libraries/CMSIS/DSP/Source/FilteringFunctions/arm_iir_lattice_f32.c **** 
 166:./Libraries/CMSIS/DSP/Source/FilteringFunctions/arm_iir_lattice_f32.c **** #if defined (ARM_MATH_LOOPUNROLL)
 167:./Libraries/CMSIS/DSP/Source/FilteringFunctions/arm_iir_lattice_f32.c **** 
 168:./Libraries/CMSIS/DSP/Source/FilteringFunctions/arm_iir_lattice_f32.c ****     /* Loop unrolling: Compute 4 taps at a time. */
 169:./Libraries/CMSIS/DSP/Source/FilteringFunctions/arm_iir_lattice_f32.c ****     tapCnt = (numStages) >> 2U;
 170:./Libraries/CMSIS/DSP/Source/FilteringFunctions/arm_iir_lattice_f32.c **** 
 171:./Libraries/CMSIS/DSP/Source/FilteringFunctions/arm_iir_lattice_f32.c ****     while (tapCnt > 0U)
 172:./Libraries/CMSIS/DSP/Source/FilteringFunctions/arm_iir_lattice_f32.c ****     {
 173:./Libraries/CMSIS/DSP/Source/FilteringFunctions/arm_iir_lattice_f32.c ****       /* Read gN-1(n-1) from state buffer */
 174:./Libraries/CMSIS/DSP/Source/FilteringFunctions/arm_iir_lattice_f32.c ****       gcurr1 = *px1;
 175:./Libraries/CMSIS/DSP/Source/FilteringFunctions/arm_iir_lattice_f32.c **** 
 176:./Libraries/CMSIS/DSP/Source/FilteringFunctions/arm_iir_lattice_f32.c ****       /* read reflection coefficient kN */
 177:./Libraries/CMSIS/DSP/Source/FilteringFunctions/arm_iir_lattice_f32.c ****       k1 = *pk;
 178:./Libraries/CMSIS/DSP/Source/FilteringFunctions/arm_iir_lattice_f32.c **** 
 179:./Libraries/CMSIS/DSP/Source/FilteringFunctions/arm_iir_lattice_f32.c ****       /* fN-1(n) = fN(n) - kN * gN-1(n-1) */
 180:./Libraries/CMSIS/DSP/Source/FilteringFunctions/arm_iir_lattice_f32.c ****       fnext1 = fnext2 - (k1 * gcurr1);
 181:./Libraries/CMSIS/DSP/Source/FilteringFunctions/arm_iir_lattice_f32.c **** 
 182:./Libraries/CMSIS/DSP/Source/FilteringFunctions/arm_iir_lattice_f32.c ****       /* read ladder coefficient vN */
 183:./Libraries/CMSIS/DSP/Source/FilteringFunctions/arm_iir_lattice_f32.c ****       v1 = *pv;
 184:./Libraries/CMSIS/DSP/Source/FilteringFunctions/arm_iir_lattice_f32.c **** 
 185:./Libraries/CMSIS/DSP/Source/FilteringFunctions/arm_iir_lattice_f32.c ****       /* read next reflection coefficient kN-1 */
 186:./Libraries/CMSIS/DSP/Source/FilteringFunctions/arm_iir_lattice_f32.c ****       k2 = *(pk + 1U);
 187:./Libraries/CMSIS/DSP/Source/FilteringFunctions/arm_iir_lattice_f32.c **** 
 188:./Libraries/CMSIS/DSP/Source/FilteringFunctions/arm_iir_lattice_f32.c ****       /* Read gN-2(n-1) from state buffer */
 189:./Libraries/CMSIS/DSP/Source/FilteringFunctions/arm_iir_lattice_f32.c ****       gcurr2 = *(px1 + 1U);
 190:./Libraries/CMSIS/DSP/Source/FilteringFunctions/arm_iir_lattice_f32.c **** 
 191:./Libraries/CMSIS/DSP/Source/FilteringFunctions/arm_iir_lattice_f32.c ****       /* read next ladder coefficient vN-1 */
 192:./Libraries/CMSIS/DSP/Source/FilteringFunctions/arm_iir_lattice_f32.c ****       v2 = *(pv + 1U);
 193:./Libraries/CMSIS/DSP/Source/FilteringFunctions/arm_iir_lattice_f32.c **** 
 194:./Libraries/CMSIS/DSP/Source/FilteringFunctions/arm_iir_lattice_f32.c ****       /* fN-2(n) = fN-1(n) - kN-1 * gN-2(n-1) */
ARM GAS  /tmp/ccvkwKWv.s 			page 6


 195:./Libraries/CMSIS/DSP/Source/FilteringFunctions/arm_iir_lattice_f32.c ****       fnext2 = fnext1 - (k2 * gcurr2);
 196:./Libraries/CMSIS/DSP/Source/FilteringFunctions/arm_iir_lattice_f32.c **** 
 197:./Libraries/CMSIS/DSP/Source/FilteringFunctions/arm_iir_lattice_f32.c ****       /* gN(n)   = kN * fN-1(n) + gN-1(n-1) */
 198:./Libraries/CMSIS/DSP/Source/FilteringFunctions/arm_iir_lattice_f32.c ****       gnext = gcurr1 + (k1 * fnext1);
 199:./Libraries/CMSIS/DSP/Source/FilteringFunctions/arm_iir_lattice_f32.c **** 
 200:./Libraries/CMSIS/DSP/Source/FilteringFunctions/arm_iir_lattice_f32.c ****       /* read reflection coefficient kN-2 */
 201:./Libraries/CMSIS/DSP/Source/FilteringFunctions/arm_iir_lattice_f32.c ****       k1 = *(pk + 2U);
 202:./Libraries/CMSIS/DSP/Source/FilteringFunctions/arm_iir_lattice_f32.c **** 
 203:./Libraries/CMSIS/DSP/Source/FilteringFunctions/arm_iir_lattice_f32.c ****       /* write gN(n) into state for next sample processing */
 204:./Libraries/CMSIS/DSP/Source/FilteringFunctions/arm_iir_lattice_f32.c ****       *px2++ = gnext;
 205:./Libraries/CMSIS/DSP/Source/FilteringFunctions/arm_iir_lattice_f32.c **** 
 206:./Libraries/CMSIS/DSP/Source/FilteringFunctions/arm_iir_lattice_f32.c ****       /* Read gN-3(n-1) from state buffer */
 207:./Libraries/CMSIS/DSP/Source/FilteringFunctions/arm_iir_lattice_f32.c ****       gcurr1 = *(px1 + 2U);
 208:./Libraries/CMSIS/DSP/Source/FilteringFunctions/arm_iir_lattice_f32.c **** 
 209:./Libraries/CMSIS/DSP/Source/FilteringFunctions/arm_iir_lattice_f32.c ****       /* y(n) += gN(n) * vN  */
 210:./Libraries/CMSIS/DSP/Source/FilteringFunctions/arm_iir_lattice_f32.c ****       acc += (gnext * v1);
 211:./Libraries/CMSIS/DSP/Source/FilteringFunctions/arm_iir_lattice_f32.c **** 
 212:./Libraries/CMSIS/DSP/Source/FilteringFunctions/arm_iir_lattice_f32.c ****       /* fN-3(n) = fN-2(n) - kN-2 * gN-3(n-1) */
 213:./Libraries/CMSIS/DSP/Source/FilteringFunctions/arm_iir_lattice_f32.c ****       fnext1 = fnext2 - (k1 * gcurr1);
 214:./Libraries/CMSIS/DSP/Source/FilteringFunctions/arm_iir_lattice_f32.c **** 
 215:./Libraries/CMSIS/DSP/Source/FilteringFunctions/arm_iir_lattice_f32.c ****       /* gN-1(n)   = kN-1 * fN-2(n) + gN-2(n-1) */
 216:./Libraries/CMSIS/DSP/Source/FilteringFunctions/arm_iir_lattice_f32.c ****       gnext = gcurr2 + (k2 * fnext2);
 217:./Libraries/CMSIS/DSP/Source/FilteringFunctions/arm_iir_lattice_f32.c **** 
 218:./Libraries/CMSIS/DSP/Source/FilteringFunctions/arm_iir_lattice_f32.c ****       /* Read gN-4(n-1) from state buffer */
 219:./Libraries/CMSIS/DSP/Source/FilteringFunctions/arm_iir_lattice_f32.c ****       gcurr2 = *(px1 + 3U);
 220:./Libraries/CMSIS/DSP/Source/FilteringFunctions/arm_iir_lattice_f32.c **** 
 221:./Libraries/CMSIS/DSP/Source/FilteringFunctions/arm_iir_lattice_f32.c ****       /* y(n) += gN-1(n) * vN-1  */
 222:./Libraries/CMSIS/DSP/Source/FilteringFunctions/arm_iir_lattice_f32.c ****       acc += (gnext * v2);
 223:./Libraries/CMSIS/DSP/Source/FilteringFunctions/arm_iir_lattice_f32.c **** 
 224:./Libraries/CMSIS/DSP/Source/FilteringFunctions/arm_iir_lattice_f32.c ****       /* read reflection coefficient kN-3 */
 225:./Libraries/CMSIS/DSP/Source/FilteringFunctions/arm_iir_lattice_f32.c ****       k2 = *(pk + 3U);
 226:./Libraries/CMSIS/DSP/Source/FilteringFunctions/arm_iir_lattice_f32.c **** 
 227:./Libraries/CMSIS/DSP/Source/FilteringFunctions/arm_iir_lattice_f32.c ****       /* write gN-1(n) into state for next sample processing */
 228:./Libraries/CMSIS/DSP/Source/FilteringFunctions/arm_iir_lattice_f32.c ****       *px2++ = gnext;
 229:./Libraries/CMSIS/DSP/Source/FilteringFunctions/arm_iir_lattice_f32.c **** 
 230:./Libraries/CMSIS/DSP/Source/FilteringFunctions/arm_iir_lattice_f32.c ****       /* fN-4(n) = fN-3(n) - kN-3 * gN-4(n-1) */
 231:./Libraries/CMSIS/DSP/Source/FilteringFunctions/arm_iir_lattice_f32.c ****       fnext2 = fnext1 - (k2 * gcurr2);
 232:./Libraries/CMSIS/DSP/Source/FilteringFunctions/arm_iir_lattice_f32.c **** 
 233:./Libraries/CMSIS/DSP/Source/FilteringFunctions/arm_iir_lattice_f32.c ****       /* gN-2(n) = kN-2 * fN-3(n) + gN-3(n-1) */
 234:./Libraries/CMSIS/DSP/Source/FilteringFunctions/arm_iir_lattice_f32.c ****       gnext = gcurr1 + (k1 * fnext1);
 235:./Libraries/CMSIS/DSP/Source/FilteringFunctions/arm_iir_lattice_f32.c **** 
 236:./Libraries/CMSIS/DSP/Source/FilteringFunctions/arm_iir_lattice_f32.c ****       /* read ladder coefficient vN-2 */
 237:./Libraries/CMSIS/DSP/Source/FilteringFunctions/arm_iir_lattice_f32.c ****       v3 = *(pv + 2U);
 238:./Libraries/CMSIS/DSP/Source/FilteringFunctions/arm_iir_lattice_f32.c **** 
 239:./Libraries/CMSIS/DSP/Source/FilteringFunctions/arm_iir_lattice_f32.c ****       /* y(n) += gN-2(n) * vN-2  */
 240:./Libraries/CMSIS/DSP/Source/FilteringFunctions/arm_iir_lattice_f32.c ****       acc += (gnext * v3);
 241:./Libraries/CMSIS/DSP/Source/FilteringFunctions/arm_iir_lattice_f32.c **** 
 242:./Libraries/CMSIS/DSP/Source/FilteringFunctions/arm_iir_lattice_f32.c ****       /* write gN-2(n) into state for next sample processing */
 243:./Libraries/CMSIS/DSP/Source/FilteringFunctions/arm_iir_lattice_f32.c ****       *px2++ = gnext;
 244:./Libraries/CMSIS/DSP/Source/FilteringFunctions/arm_iir_lattice_f32.c **** 
 245:./Libraries/CMSIS/DSP/Source/FilteringFunctions/arm_iir_lattice_f32.c ****       /* update pointer */
 246:./Libraries/CMSIS/DSP/Source/FilteringFunctions/arm_iir_lattice_f32.c ****       pk += 4U;
 247:./Libraries/CMSIS/DSP/Source/FilteringFunctions/arm_iir_lattice_f32.c **** 
 248:./Libraries/CMSIS/DSP/Source/FilteringFunctions/arm_iir_lattice_f32.c ****       /* gN-3(n) = kN-3 * fN-4(n) + gN-4(n-1) */
 249:./Libraries/CMSIS/DSP/Source/FilteringFunctions/arm_iir_lattice_f32.c ****       gnext = (fnext2 * k2) + gcurr2;
 250:./Libraries/CMSIS/DSP/Source/FilteringFunctions/arm_iir_lattice_f32.c **** 
 251:./Libraries/CMSIS/DSP/Source/FilteringFunctions/arm_iir_lattice_f32.c ****       /* read next ladder coefficient vN-3 */
ARM GAS  /tmp/ccvkwKWv.s 			page 7


 252:./Libraries/CMSIS/DSP/Source/FilteringFunctions/arm_iir_lattice_f32.c ****       v4 = *(pv + 3U);
 253:./Libraries/CMSIS/DSP/Source/FilteringFunctions/arm_iir_lattice_f32.c **** 
 254:./Libraries/CMSIS/DSP/Source/FilteringFunctions/arm_iir_lattice_f32.c ****       /* y(n) += gN-4(n) * vN-4  */
 255:./Libraries/CMSIS/DSP/Source/FilteringFunctions/arm_iir_lattice_f32.c ****       acc += (gnext * v4);
 256:./Libraries/CMSIS/DSP/Source/FilteringFunctions/arm_iir_lattice_f32.c **** 
 257:./Libraries/CMSIS/DSP/Source/FilteringFunctions/arm_iir_lattice_f32.c ****       /* write gN-3(n) into state for next sample processing */
 258:./Libraries/CMSIS/DSP/Source/FilteringFunctions/arm_iir_lattice_f32.c ****       *px2++ = gnext;
 259:./Libraries/CMSIS/DSP/Source/FilteringFunctions/arm_iir_lattice_f32.c **** 
 260:./Libraries/CMSIS/DSP/Source/FilteringFunctions/arm_iir_lattice_f32.c ****       /* update pointers */
 261:./Libraries/CMSIS/DSP/Source/FilteringFunctions/arm_iir_lattice_f32.c ****       px1 += 4U;
 262:./Libraries/CMSIS/DSP/Source/FilteringFunctions/arm_iir_lattice_f32.c ****       pv += 4U;
 263:./Libraries/CMSIS/DSP/Source/FilteringFunctions/arm_iir_lattice_f32.c **** 
 264:./Libraries/CMSIS/DSP/Source/FilteringFunctions/arm_iir_lattice_f32.c ****       /* Decrement loop counter */
 265:./Libraries/CMSIS/DSP/Source/FilteringFunctions/arm_iir_lattice_f32.c ****       tapCnt--;
 266:./Libraries/CMSIS/DSP/Source/FilteringFunctions/arm_iir_lattice_f32.c ****     }
 267:./Libraries/CMSIS/DSP/Source/FilteringFunctions/arm_iir_lattice_f32.c **** 
 268:./Libraries/CMSIS/DSP/Source/FilteringFunctions/arm_iir_lattice_f32.c ****     /* Loop unrolling: Compute remaining taps */
 269:./Libraries/CMSIS/DSP/Source/FilteringFunctions/arm_iir_lattice_f32.c ****     tapCnt = numStages % 0x4U;
 270:./Libraries/CMSIS/DSP/Source/FilteringFunctions/arm_iir_lattice_f32.c **** 
 271:./Libraries/CMSIS/DSP/Source/FilteringFunctions/arm_iir_lattice_f32.c **** #else
 272:./Libraries/CMSIS/DSP/Source/FilteringFunctions/arm_iir_lattice_f32.c **** 
 273:./Libraries/CMSIS/DSP/Source/FilteringFunctions/arm_iir_lattice_f32.c ****     /* Initialize tapCnt with number of samples */
 274:./Libraries/CMSIS/DSP/Source/FilteringFunctions/arm_iir_lattice_f32.c ****     tapCnt = numStages;
  88              		.loc 1 274 5 view .LVU24
 275:./Libraries/CMSIS/DSP/Source/FilteringFunctions/arm_iir_lattice_f32.c **** 
 276:./Libraries/CMSIS/DSP/Source/FilteringFunctions/arm_iir_lattice_f32.c **** #endif /* #if defined (ARM_MATH_LOOPUNROLL) */
 277:./Libraries/CMSIS/DSP/Source/FilteringFunctions/arm_iir_lattice_f32.c **** 
 278:./Libraries/CMSIS/DSP/Source/FilteringFunctions/arm_iir_lattice_f32.c ****     while (tapCnt > 0U)
  89              		.loc 1 278 5 view .LVU25
  90              		.loc 1 278 11 view .LVU26
  91 0028 96B3     		cbz	r6, .L8
  92              		.loc 1 278 11 is_stmt 0 view .LVU27
  93 002a 3046     		mov	r0, r6
 152:./Libraries/CMSIS/DSP/Source/FilteringFunctions/arm_iir_lattice_f32.c **** 
  94              		.loc 1 152 8 view .LVU28
  95 002c 4546     		mov	r5, r8
 155:./Libraries/CMSIS/DSP/Source/FilteringFunctions/arm_iir_lattice_f32.c **** 
  96              		.loc 1 155 8 view .LVU29
  97 002e 5446     		mov	r4, r10
  98              		.loc 1 278 11 view .LVU30
  99 0030 3B46     		mov	r3, r7
 164:./Libraries/CMSIS/DSP/Source/FilteringFunctions/arm_iir_lattice_f32.c **** 
 100              		.loc 1 164 9 view .LVU31
 101 0032 9FED1A6A 		vldr.32	s12, .L20
 102              	.LVL5:
 103              	.L4:
 279:./Libraries/CMSIS/DSP/Source/FilteringFunctions/arm_iir_lattice_f32.c ****     {
 280:./Libraries/CMSIS/DSP/Source/FilteringFunctions/arm_iir_lattice_f32.c ****       gcurr1 = *px1++;
 104              		.loc 1 280 7 is_stmt 1 view .LVU32
 105              		.loc 1 280 14 is_stmt 0 view .LVU33
 106 0036 F3EC017A 		vldmia.32	r3!, {s15}
 107              	.LVL6:
 281:./Libraries/CMSIS/DSP/Source/FilteringFunctions/arm_iir_lattice_f32.c ****       /* Process sample for last taps */
 282:./Libraries/CMSIS/DSP/Source/FilteringFunctions/arm_iir_lattice_f32.c ****       fnext1 = fnext2 - ((*pk) * gcurr1);
 108              		.loc 1 282 7 is_stmt 1 view .LVU34
 278:./Libraries/CMSIS/DSP/Source/FilteringFunctions/arm_iir_lattice_f32.c ****     {
 109              		.loc 1 278 11 is_stmt 0 view .LVU35
ARM GAS  /tmp/ccvkwKWv.s 			page 8


 110 003a 0138     		subs	r0, r0, #1
 111              	.LVL7:
 112              		.loc 1 282 27 view .LVU36
 113 003c F4EC016A 		vldmia.32	r4!, {s13}
 114              	.LVL8:
 283:./Libraries/CMSIS/DSP/Source/FilteringFunctions/arm_iir_lattice_f32.c ****       gnext = (fnext1 * (*pk++)) + gcurr1;
 284:./Libraries/CMSIS/DSP/Source/FilteringFunctions/arm_iir_lattice_f32.c ****       /* Output samples for last taps */
 285:./Libraries/CMSIS/DSP/Source/FilteringFunctions/arm_iir_lattice_f32.c ****       acc += (gnext * (*pv++));
 115              		.loc 1 285 11 view .LVU37
 116 0040 F5EC015A 		vldmia.32	r5!, {s11}
 117              	.LVL9:
 282:./Libraries/CMSIS/DSP/Source/FilteringFunctions/arm_iir_lattice_f32.c ****       gnext = (fnext1 * (*pk++)) + gcurr1;
 118              		.loc 1 282 14 view .LVU38
 119 0044 A6EEE77A 		vfms.f32	s14, s13, s15
 120              	.LVL10:
 283:./Libraries/CMSIS/DSP/Source/FilteringFunctions/arm_iir_lattice_f32.c ****       gnext = (fnext1 * (*pk++)) + gcurr1;
 121              		.loc 1 283 7 is_stmt 1 view .LVU39
 283:./Libraries/CMSIS/DSP/Source/FilteringFunctions/arm_iir_lattice_f32.c ****       gnext = (fnext1 * (*pk++)) + gcurr1;
 122              		.loc 1 283 13 is_stmt 0 view .LVU40
 123 0048 E6EE877A 		vfma.f32	s15, s13, s14
 124              	.LVL11:
 125              		.loc 1 285 7 is_stmt 1 view .LVU41
 126              		.loc 1 285 11 is_stmt 0 view .LVU42
 127 004c A5EEA76A 		vfma.f32	s12, s11, s15
 128              	.LVL12:
 286:./Libraries/CMSIS/DSP/Source/FilteringFunctions/arm_iir_lattice_f32.c ****       *px2++ = gnext;
 129              		.loc 1 286 7 is_stmt 1 view .LVU43
 130              		.loc 1 286 14 is_stmt 0 view .LVU44
 131 0050 43ED017A 		vstr.32	s15, [r3, #-4]
 132              	.LVL13:
 287:./Libraries/CMSIS/DSP/Source/FilteringFunctions/arm_iir_lattice_f32.c ****       fnext2 = fnext1;
 133              		.loc 1 287 7 is_stmt 1 view .LVU45
 288:./Libraries/CMSIS/DSP/Source/FilteringFunctions/arm_iir_lattice_f32.c **** 
 289:./Libraries/CMSIS/DSP/Source/FilteringFunctions/arm_iir_lattice_f32.c ****       /* Decrement loop counter */
 290:./Libraries/CMSIS/DSP/Source/FilteringFunctions/arm_iir_lattice_f32.c ****       tapCnt--;
 134              		.loc 1 290 7 view .LVU46
 278:./Libraries/CMSIS/DSP/Source/FilteringFunctions/arm_iir_lattice_f32.c ****     {
 135              		.loc 1 278 11 view .LVU47
 136 0054 EFD1     		bne	.L4
 137 0056 07EB0B03 		add	r3, r7, fp
 138              	.LVL14:
 285:./Libraries/CMSIS/DSP/Source/FilteringFunctions/arm_iir_lattice_f32.c ****       *px2++ = gnext;
 139              		.loc 1 285 27 is_stmt 0 view .LVU48
 140 005a 4846     		mov	r0, r9
 141              	.LVL15:
 142              	.L3:
 291:./Libraries/CMSIS/DSP/Source/FilteringFunctions/arm_iir_lattice_f32.c ****     }
 292:./Libraries/CMSIS/DSP/Source/FilteringFunctions/arm_iir_lattice_f32.c **** 
 293:./Libraries/CMSIS/DSP/Source/FilteringFunctions/arm_iir_lattice_f32.c ****     /* y(n) += g0(n) * v0 */
 294:./Libraries/CMSIS/DSP/Source/FilteringFunctions/arm_iir_lattice_f32.c ****     acc += (fnext2 * (*pv));
 143              		.loc 1 294 5 is_stmt 1 view .LVU49
 144              		.loc 1 294 9 is_stmt 0 view .LVU50
 145 005c D0ED007A 		vldr.32	s15, [r0]
 145:./Libraries/CMSIS/DSP/Source/FilteringFunctions/arm_iir_lattice_f32.c ****   {
 146              		.loc 1 145 9 view .LVU51
 147 0060 BCF1010C 		subs	ip, ip, #1
 148              	.LVL16:
ARM GAS  /tmp/ccvkwKWv.s 			page 9


 295:./Libraries/CMSIS/DSP/Source/FilteringFunctions/arm_iir_lattice_f32.c **** 
 296:./Libraries/CMSIS/DSP/Source/FilteringFunctions/arm_iir_lattice_f32.c ****     *px2++ = fnext2;
 149              		.loc 1 296 12 view .LVU52
 150 0064 83ED007A 		vstr.32	s14, [r3]
 297:./Libraries/CMSIS/DSP/Source/FilteringFunctions/arm_iir_lattice_f32.c **** 
 298:./Libraries/CMSIS/DSP/Source/FilteringFunctions/arm_iir_lattice_f32.c ****     /* write out into pDst */
 299:./Libraries/CMSIS/DSP/Source/FilteringFunctions/arm_iir_lattice_f32.c ****     *pDst++ = acc;
 300:./Libraries/CMSIS/DSP/Source/FilteringFunctions/arm_iir_lattice_f32.c **** 
 301:./Libraries/CMSIS/DSP/Source/FilteringFunctions/arm_iir_lattice_f32.c ****     /* Advance the state pointer by 4 to process the next group of 4 samples */
 302:./Libraries/CMSIS/DSP/Source/FilteringFunctions/arm_iir_lattice_f32.c ****     pState = pState + 1U;
 151              		.loc 1 302 12 view .LVU53
 152 0068 07F10407 		add	r7, r7, #4
 153              	.LVL17:
 294:./Libraries/CMSIS/DSP/Source/FilteringFunctions/arm_iir_lattice_f32.c **** 
 154              		.loc 1 294 9 view .LVU54
 155 006c A7EE876A 		vfma.f32	s12, s15, s14
 156              	.LVL18:
 296:./Libraries/CMSIS/DSP/Source/FilteringFunctions/arm_iir_lattice_f32.c **** 
 157              		.loc 1 296 5 is_stmt 1 view .LVU55
 299:./Libraries/CMSIS/DSP/Source/FilteringFunctions/arm_iir_lattice_f32.c **** 
 158              		.loc 1 299 5 view .LVU56
 299:./Libraries/CMSIS/DSP/Source/FilteringFunctions/arm_iir_lattice_f32.c **** 
 159              		.loc 1 299 13 is_stmt 0 view .LVU57
 160 0070 A2EC016A 		vstmia.32	r2!, {s12}
 161              	.LVL19:
 162              		.loc 1 302 5 is_stmt 1 view .LVU58
 303:./Libraries/CMSIS/DSP/Source/FilteringFunctions/arm_iir_lattice_f32.c **** 
 304:./Libraries/CMSIS/DSP/Source/FilteringFunctions/arm_iir_lattice_f32.c ****     /* Decrement loop counter */
 305:./Libraries/CMSIS/DSP/Source/FilteringFunctions/arm_iir_lattice_f32.c ****     blkCnt--;
 163              		.loc 1 305 5 view .LVU59
 145:./Libraries/CMSIS/DSP/Source/FilteringFunctions/arm_iir_lattice_f32.c ****   {
 164              		.loc 1 145 9 view .LVU60
 165 0074 D6D1     		bne	.L5
 166              	.LVL20:
 167              	.L2:
 306:./Libraries/CMSIS/DSP/Source/FilteringFunctions/arm_iir_lattice_f32.c ****   }
 307:./Libraries/CMSIS/DSP/Source/FilteringFunctions/arm_iir_lattice_f32.c **** 
 308:./Libraries/CMSIS/DSP/Source/FilteringFunctions/arm_iir_lattice_f32.c ****   /* Processing is complete. Now copy last S->numStages samples to start of the buffer
 309:./Libraries/CMSIS/DSP/Source/FilteringFunctions/arm_iir_lattice_f32.c ****      for the preperation of next frame process */
 310:./Libraries/CMSIS/DSP/Source/FilteringFunctions/arm_iir_lattice_f32.c **** 
 311:./Libraries/CMSIS/DSP/Source/FilteringFunctions/arm_iir_lattice_f32.c ****   /* Points to the start of the state buffer */
 312:./Libraries/CMSIS/DSP/Source/FilteringFunctions/arm_iir_lattice_f32.c ****   pStateCur = &S->pState[0];
 168              		.loc 1 312 3 view .LVU61
 313:./Libraries/CMSIS/DSP/Source/FilteringFunctions/arm_iir_lattice_f32.c ****   pState = &S->pState[blockSize];
 169              		.loc 1 313 3 view .LVU62
 170              		.loc 1 313 10 is_stmt 0 view .LVU63
 171 0076 019B     		ldr	r3, [sp, #4]
 172 0078 0EEB8303 		add	r3, lr, r3, lsl #2
 173              	.LVL21:
 314:./Libraries/CMSIS/DSP/Source/FilteringFunctions/arm_iir_lattice_f32.c **** 
 315:./Libraries/CMSIS/DSP/Source/FilteringFunctions/arm_iir_lattice_f32.c ****   /* Copy data */
 316:./Libraries/CMSIS/DSP/Source/FilteringFunctions/arm_iir_lattice_f32.c **** #if defined (ARM_MATH_LOOPUNROLL)
 317:./Libraries/CMSIS/DSP/Source/FilteringFunctions/arm_iir_lattice_f32.c **** 
 318:./Libraries/CMSIS/DSP/Source/FilteringFunctions/arm_iir_lattice_f32.c ****   /* Loop unrolling: Compute 4 taps at a time. */
 319:./Libraries/CMSIS/DSP/Source/FilteringFunctions/arm_iir_lattice_f32.c ****   tapCnt = numStages >> 2U;
 320:./Libraries/CMSIS/DSP/Source/FilteringFunctions/arm_iir_lattice_f32.c **** 
 321:./Libraries/CMSIS/DSP/Source/FilteringFunctions/arm_iir_lattice_f32.c ****   while (tapCnt > 0U)
ARM GAS  /tmp/ccvkwKWv.s 			page 10


 322:./Libraries/CMSIS/DSP/Source/FilteringFunctions/arm_iir_lattice_f32.c ****   {
 323:./Libraries/CMSIS/DSP/Source/FilteringFunctions/arm_iir_lattice_f32.c ****     *pStateCur++ = *pState++;
 324:./Libraries/CMSIS/DSP/Source/FilteringFunctions/arm_iir_lattice_f32.c ****     *pStateCur++ = *pState++;
 325:./Libraries/CMSIS/DSP/Source/FilteringFunctions/arm_iir_lattice_f32.c ****     *pStateCur++ = *pState++;
 326:./Libraries/CMSIS/DSP/Source/FilteringFunctions/arm_iir_lattice_f32.c ****     *pStateCur++ = *pState++;
 327:./Libraries/CMSIS/DSP/Source/FilteringFunctions/arm_iir_lattice_f32.c **** 
 328:./Libraries/CMSIS/DSP/Source/FilteringFunctions/arm_iir_lattice_f32.c ****     /* Decrement loop counter */
 329:./Libraries/CMSIS/DSP/Source/FilteringFunctions/arm_iir_lattice_f32.c ****     tapCnt--;
 330:./Libraries/CMSIS/DSP/Source/FilteringFunctions/arm_iir_lattice_f32.c ****   }
 331:./Libraries/CMSIS/DSP/Source/FilteringFunctions/arm_iir_lattice_f32.c **** 
 332:./Libraries/CMSIS/DSP/Source/FilteringFunctions/arm_iir_lattice_f32.c ****   /* Loop unrolling: Compute remaining taps */
 333:./Libraries/CMSIS/DSP/Source/FilteringFunctions/arm_iir_lattice_f32.c ****   tapCnt = numStages % 0x4U;
 334:./Libraries/CMSIS/DSP/Source/FilteringFunctions/arm_iir_lattice_f32.c **** 
 335:./Libraries/CMSIS/DSP/Source/FilteringFunctions/arm_iir_lattice_f32.c **** #else
 336:./Libraries/CMSIS/DSP/Source/FilteringFunctions/arm_iir_lattice_f32.c **** 
 337:./Libraries/CMSIS/DSP/Source/FilteringFunctions/arm_iir_lattice_f32.c ****   /* Initialize blkCnt with number of samples */
 338:./Libraries/CMSIS/DSP/Source/FilteringFunctions/arm_iir_lattice_f32.c ****   tapCnt = numStages;
 174              		.loc 1 338 3 is_stmt 1 view .LVU64
 339:./Libraries/CMSIS/DSP/Source/FilteringFunctions/arm_iir_lattice_f32.c **** 
 340:./Libraries/CMSIS/DSP/Source/FilteringFunctions/arm_iir_lattice_f32.c **** #endif /* #if defined (ARM_MATH_LOOPUNROLL) */
 341:./Libraries/CMSIS/DSP/Source/FilteringFunctions/arm_iir_lattice_f32.c **** 
 342:./Libraries/CMSIS/DSP/Source/FilteringFunctions/arm_iir_lattice_f32.c ****   while (tapCnt > 0U)
 175              		.loc 1 342 3 view .LVU65
 176              		.loc 1 342 9 view .LVU66
 177 007c 2EB1     		cbz	r6, .L1
 178              	.LVL22:
 179              	.L7:
 343:./Libraries/CMSIS/DSP/Source/FilteringFunctions/arm_iir_lattice_f32.c ****   {
 344:./Libraries/CMSIS/DSP/Source/FilteringFunctions/arm_iir_lattice_f32.c ****     *pStateCur++ = *pState++;
 180              		.loc 1 344 5 view .LVU67
 181              		.loc 1 344 20 is_stmt 0 view .LVU68
 182 007e 53F8042B 		ldr	r2, [r3], #4	@ float
 183              	.LVL23:
 342:./Libraries/CMSIS/DSP/Source/FilteringFunctions/arm_iir_lattice_f32.c ****   {
 184              		.loc 1 342 9 view .LVU69
 185 0082 013E     		subs	r6, r6, #1
 186              	.LVL24:
 187              		.loc 1 344 18 view .LVU70
 188 0084 4EF8042B 		str	r2, [lr], #4	@ float
 345:./Libraries/CMSIS/DSP/Source/FilteringFunctions/arm_iir_lattice_f32.c **** 
 346:./Libraries/CMSIS/DSP/Source/FilteringFunctions/arm_iir_lattice_f32.c ****     /* Decrement loop counter */
 347:./Libraries/CMSIS/DSP/Source/FilteringFunctions/arm_iir_lattice_f32.c ****     tapCnt--;
 189              		.loc 1 347 5 is_stmt 1 view .LVU71
 190              	.LVL25:
 342:./Libraries/CMSIS/DSP/Source/FilteringFunctions/arm_iir_lattice_f32.c ****   {
 191              		.loc 1 342 9 view .LVU72
 192 0088 F9D1     		bne	.L7
 193              	.LVL26:
 194              	.L1:
 348:./Libraries/CMSIS/DSP/Source/FilteringFunctions/arm_iir_lattice_f32.c ****   }
 349:./Libraries/CMSIS/DSP/Source/FilteringFunctions/arm_iir_lattice_f32.c **** 
 350:./Libraries/CMSIS/DSP/Source/FilteringFunctions/arm_iir_lattice_f32.c **** }
 195              		.loc 1 350 1 is_stmt 0 view .LVU73
 196 008a 03B0     		add	sp, sp, #12
 197              	.LCFI2:
 198              		.cfi_remember_state
 199              		.cfi_def_cfa_offset 36
ARM GAS  /tmp/ccvkwKWv.s 			page 11


 200              		@ sp needed
 201 008c BDE8F08F 		pop	{r4, r5, r6, r7, r8, r9, r10, fp, pc}
 202              	.LVL27:
 203              	.L8:
 204              	.LCFI3:
 205              		.cfi_restore_state
 152:./Libraries/CMSIS/DSP/Source/FilteringFunctions/arm_iir_lattice_f32.c **** 
 206              		.loc 1 152 8 view .LVU74
 207 0090 4046     		mov	r0, r8
 278:./Libraries/CMSIS/DSP/Source/FilteringFunctions/arm_iir_lattice_f32.c ****     {
 208              		.loc 1 278 11 view .LVU75
 209 0092 3B46     		mov	r3, r7
 164:./Libraries/CMSIS/DSP/Source/FilteringFunctions/arm_iir_lattice_f32.c **** 
 210              		.loc 1 164 9 view .LVU76
 211 0094 9FED016A 		vldr.32	s12, .L20
 212 0098 E0E7     		b	.L3
 213              	.L21:
 214 009a 00BF     		.align	2
 215              	.L20:
 216 009c 00000000 		.word	0
 217              		.cfi_endproc
 218              	.LFE145:
 220              		.text
 221              	.Letext0:
 222              		.file 2 "/usr/lib/gcc/arm-none-eabi/9.2.1/include/stdint.h"
 223              		.file 3 "/usr/lib/gcc/arm-none-eabi/9.2.1/include/stddef.h"
 224              		.file 4 "/usr/include/newlib/sys/_types.h"
 225              		.file 5 "/usr/include/newlib/sys/reent.h"
 226              		.file 6 "/usr/include/newlib/sys/lock.h"
 227              		.file 7 "/usr/include/newlib/math.h"
 228              		.file 8 "./Libraries/CMSIS/DSP/Include/arm_math.h"
ARM GAS  /tmp/ccvkwKWv.s 			page 12


DEFINED SYMBOLS
                            *ABS*:0000000000000000 arm_iir_lattice_f32.c
     /tmp/ccvkwKWv.s:17     .text.arm_iir_lattice_f32:0000000000000000 $t
     /tmp/ccvkwKWv.s:26     .text.arm_iir_lattice_f32:0000000000000000 arm_iir_lattice_f32
     /tmp/ccvkwKWv.s:216    .text.arm_iir_lattice_f32:000000000000009c $d

NO UNDEFINED SYMBOLS
