ARM GAS  /tmp/ccmqiywF.s 			page 1


   1              		.cpu cortex-m7
   2              		.eabi_attribute 28, 1
   3              		.eabi_attribute 20, 1
   4              		.eabi_attribute 21, 1
   5              		.eabi_attribute 23, 3
   6              		.eabi_attribute 24, 1
   7              		.eabi_attribute 25, 1
   8              		.eabi_attribute 26, 1
   9              		.eabi_attribute 30, 2
  10              		.eabi_attribute 34, 1
  11              		.eabi_attribute 18, 4
  12              		.file	"arm_offset_q7.c"
  13              		.text
  14              	.Ltext0:
  15              		.cfi_sections	.debug_frame
  16              		.section	.text.arm_offset_q7,"ax",%progbits
  17              		.align	1
  18              		.p2align 2,,3
  19              		.global	arm_offset_q7
  20              		.arch armv7e-m
  21              		.syntax unified
  22              		.thumb
  23              		.thumb_func
  24              		.fpu fpv5-d16
  26              	arm_offset_q7:
  27              	.LVL0:
  28              	.LFB145:
  29              		.file 1 "./Libraries/CMSIS/DSP/Source/BasicMathFunctions/arm_offset_q7.c"
   1:./Libraries/CMSIS/DSP/Source/BasicMathFunctions/arm_offset_q7.c **** /* ----------------------------------------------------------------------
   2:./Libraries/CMSIS/DSP/Source/BasicMathFunctions/arm_offset_q7.c ****  * Project:      CMSIS DSP Library
   3:./Libraries/CMSIS/DSP/Source/BasicMathFunctions/arm_offset_q7.c ****  * Title:        arm_offset_q7.c
   4:./Libraries/CMSIS/DSP/Source/BasicMathFunctions/arm_offset_q7.c ****  * Description:  Q7 vector offset
   5:./Libraries/CMSIS/DSP/Source/BasicMathFunctions/arm_offset_q7.c ****  *
   6:./Libraries/CMSIS/DSP/Source/BasicMathFunctions/arm_offset_q7.c ****  * $Date:        18. March 2019
   7:./Libraries/CMSIS/DSP/Source/BasicMathFunctions/arm_offset_q7.c ****  * $Revision:    V1.6.0
   8:./Libraries/CMSIS/DSP/Source/BasicMathFunctions/arm_offset_q7.c ****  *
   9:./Libraries/CMSIS/DSP/Source/BasicMathFunctions/arm_offset_q7.c ****  * Target Processor: Cortex-M cores
  10:./Libraries/CMSIS/DSP/Source/BasicMathFunctions/arm_offset_q7.c ****  * -------------------------------------------------------------------- */
  11:./Libraries/CMSIS/DSP/Source/BasicMathFunctions/arm_offset_q7.c **** /*
  12:./Libraries/CMSIS/DSP/Source/BasicMathFunctions/arm_offset_q7.c ****  * Copyright (C) 2010-2019 ARM Limited or its affiliates. All rights reserved.
  13:./Libraries/CMSIS/DSP/Source/BasicMathFunctions/arm_offset_q7.c ****  *
  14:./Libraries/CMSIS/DSP/Source/BasicMathFunctions/arm_offset_q7.c ****  * SPDX-License-Identifier: Apache-2.0
  15:./Libraries/CMSIS/DSP/Source/BasicMathFunctions/arm_offset_q7.c ****  *
  16:./Libraries/CMSIS/DSP/Source/BasicMathFunctions/arm_offset_q7.c ****  * Licensed under the Apache License, Version 2.0 (the License); you may
  17:./Libraries/CMSIS/DSP/Source/BasicMathFunctions/arm_offset_q7.c ****  * not use this file except in compliance with the License.
  18:./Libraries/CMSIS/DSP/Source/BasicMathFunctions/arm_offset_q7.c ****  * You may obtain a copy of the License at
  19:./Libraries/CMSIS/DSP/Source/BasicMathFunctions/arm_offset_q7.c ****  *
  20:./Libraries/CMSIS/DSP/Source/BasicMathFunctions/arm_offset_q7.c ****  * www.apache.org/licenses/LICENSE-2.0
  21:./Libraries/CMSIS/DSP/Source/BasicMathFunctions/arm_offset_q7.c ****  *
  22:./Libraries/CMSIS/DSP/Source/BasicMathFunctions/arm_offset_q7.c ****  * Unless required by applicable law or agreed to in writing, software
  23:./Libraries/CMSIS/DSP/Source/BasicMathFunctions/arm_offset_q7.c ****  * distributed under the License is distributed on an AS IS BASIS, WITHOUT
  24:./Libraries/CMSIS/DSP/Source/BasicMathFunctions/arm_offset_q7.c ****  * WARRANTIES OR CONDITIONS OF ANY KIND, either express or implied.
  25:./Libraries/CMSIS/DSP/Source/BasicMathFunctions/arm_offset_q7.c ****  * See the License for the specific language governing permissions and
  26:./Libraries/CMSIS/DSP/Source/BasicMathFunctions/arm_offset_q7.c ****  * limitations under the License.
  27:./Libraries/CMSIS/DSP/Source/BasicMathFunctions/arm_offset_q7.c ****  */
  28:./Libraries/CMSIS/DSP/Source/BasicMathFunctions/arm_offset_q7.c **** 
  29:./Libraries/CMSIS/DSP/Source/BasicMathFunctions/arm_offset_q7.c **** #include "arm_math.h"
ARM GAS  /tmp/ccmqiywF.s 			page 2


  30:./Libraries/CMSIS/DSP/Source/BasicMathFunctions/arm_offset_q7.c **** 
  31:./Libraries/CMSIS/DSP/Source/BasicMathFunctions/arm_offset_q7.c **** /**
  32:./Libraries/CMSIS/DSP/Source/BasicMathFunctions/arm_offset_q7.c ****   @ingroup groupMath
  33:./Libraries/CMSIS/DSP/Source/BasicMathFunctions/arm_offset_q7.c ****  */
  34:./Libraries/CMSIS/DSP/Source/BasicMathFunctions/arm_offset_q7.c **** 
  35:./Libraries/CMSIS/DSP/Source/BasicMathFunctions/arm_offset_q7.c **** /**
  36:./Libraries/CMSIS/DSP/Source/BasicMathFunctions/arm_offset_q7.c ****   @addtogroup BasicOffset
  37:./Libraries/CMSIS/DSP/Source/BasicMathFunctions/arm_offset_q7.c ****   @{
  38:./Libraries/CMSIS/DSP/Source/BasicMathFunctions/arm_offset_q7.c ****  */
  39:./Libraries/CMSIS/DSP/Source/BasicMathFunctions/arm_offset_q7.c **** 
  40:./Libraries/CMSIS/DSP/Source/BasicMathFunctions/arm_offset_q7.c **** /**
  41:./Libraries/CMSIS/DSP/Source/BasicMathFunctions/arm_offset_q7.c ****   @brief         Adds a constant offset to a Q7 vector.
  42:./Libraries/CMSIS/DSP/Source/BasicMathFunctions/arm_offset_q7.c ****   @param[in]     pSrc       points to the input vector
  43:./Libraries/CMSIS/DSP/Source/BasicMathFunctions/arm_offset_q7.c ****   @param[in]     offset     is the offset to be added
  44:./Libraries/CMSIS/DSP/Source/BasicMathFunctions/arm_offset_q7.c ****   @param[out]    pDst       points to the output vector
  45:./Libraries/CMSIS/DSP/Source/BasicMathFunctions/arm_offset_q7.c ****   @param[in]     blockSize  number of samples in each vector
  46:./Libraries/CMSIS/DSP/Source/BasicMathFunctions/arm_offset_q7.c ****   @return        none
  47:./Libraries/CMSIS/DSP/Source/BasicMathFunctions/arm_offset_q7.c **** 
  48:./Libraries/CMSIS/DSP/Source/BasicMathFunctions/arm_offset_q7.c ****   @par           Scaling and Overflow Behavior
  49:./Libraries/CMSIS/DSP/Source/BasicMathFunctions/arm_offset_q7.c ****                    The function uses saturating arithmetic.
  50:./Libraries/CMSIS/DSP/Source/BasicMathFunctions/arm_offset_q7.c ****                    Results outside of the allowable Q7 range [0x80 0x7F] are saturated.
  51:./Libraries/CMSIS/DSP/Source/BasicMathFunctions/arm_offset_q7.c ****  */
  52:./Libraries/CMSIS/DSP/Source/BasicMathFunctions/arm_offset_q7.c **** 
  53:./Libraries/CMSIS/DSP/Source/BasicMathFunctions/arm_offset_q7.c **** void arm_offset_q7(
  54:./Libraries/CMSIS/DSP/Source/BasicMathFunctions/arm_offset_q7.c ****   const q7_t * pSrc,
  55:./Libraries/CMSIS/DSP/Source/BasicMathFunctions/arm_offset_q7.c ****         q7_t offset,
  56:./Libraries/CMSIS/DSP/Source/BasicMathFunctions/arm_offset_q7.c ****         q7_t * pDst,
  57:./Libraries/CMSIS/DSP/Source/BasicMathFunctions/arm_offset_q7.c ****         uint32_t blockSize)
  58:./Libraries/CMSIS/DSP/Source/BasicMathFunctions/arm_offset_q7.c **** {
  30              		.loc 1 58 1 view -0
  31              		.cfi_startproc
  32              		@ args = 0, pretend = 0, frame = 0
  33              		@ frame_needed = 0, uses_anonymous_args = 0
  34              		@ link register save eliminated.
  59:./Libraries/CMSIS/DSP/Source/BasicMathFunctions/arm_offset_q7.c ****         uint32_t blkCnt;                               /* Loop counter */
  35              		.loc 1 59 9 view .LVU1
  60:./Libraries/CMSIS/DSP/Source/BasicMathFunctions/arm_offset_q7.c **** 
  61:./Libraries/CMSIS/DSP/Source/BasicMathFunctions/arm_offset_q7.c **** #if defined (ARM_MATH_LOOPUNROLL)
  62:./Libraries/CMSIS/DSP/Source/BasicMathFunctions/arm_offset_q7.c **** 
  63:./Libraries/CMSIS/DSP/Source/BasicMathFunctions/arm_offset_q7.c **** #if defined (ARM_MATH_DSP)
  64:./Libraries/CMSIS/DSP/Source/BasicMathFunctions/arm_offset_q7.c ****   q31_t offset_packed;                           /* Offset packed to 32 bit */
  65:./Libraries/CMSIS/DSP/Source/BasicMathFunctions/arm_offset_q7.c **** 
  66:./Libraries/CMSIS/DSP/Source/BasicMathFunctions/arm_offset_q7.c ****   /* Offset is packed to 32 bit in order to use SIMD32 for addition */
  67:./Libraries/CMSIS/DSP/Source/BasicMathFunctions/arm_offset_q7.c ****   offset_packed = __PACKq7(offset, offset, offset, offset);
  68:./Libraries/CMSIS/DSP/Source/BasicMathFunctions/arm_offset_q7.c **** #endif
  69:./Libraries/CMSIS/DSP/Source/BasicMathFunctions/arm_offset_q7.c **** 
  70:./Libraries/CMSIS/DSP/Source/BasicMathFunctions/arm_offset_q7.c ****   /* Loop unrolling: Compute 4 outputs at a time */
  71:./Libraries/CMSIS/DSP/Source/BasicMathFunctions/arm_offset_q7.c ****   blkCnt = blockSize >> 2U;
  72:./Libraries/CMSIS/DSP/Source/BasicMathFunctions/arm_offset_q7.c **** 
  73:./Libraries/CMSIS/DSP/Source/BasicMathFunctions/arm_offset_q7.c ****   while (blkCnt > 0U)
  74:./Libraries/CMSIS/DSP/Source/BasicMathFunctions/arm_offset_q7.c ****   {
  75:./Libraries/CMSIS/DSP/Source/BasicMathFunctions/arm_offset_q7.c ****     /* C = A + offset */
  76:./Libraries/CMSIS/DSP/Source/BasicMathFunctions/arm_offset_q7.c **** 
  77:./Libraries/CMSIS/DSP/Source/BasicMathFunctions/arm_offset_q7.c **** #if defined (ARM_MATH_DSP)
  78:./Libraries/CMSIS/DSP/Source/BasicMathFunctions/arm_offset_q7.c ****     /* Add offset and store result in destination buffer (4 samples at a time). */
  79:./Libraries/CMSIS/DSP/Source/BasicMathFunctions/arm_offset_q7.c ****     write_q7x4_ia (&pDst, __QADD8(read_q7x4_ia ((q7_t **) &pSrc), offset_packed));
  80:./Libraries/CMSIS/DSP/Source/BasicMathFunctions/arm_offset_q7.c **** #else
ARM GAS  /tmp/ccmqiywF.s 			page 3


  81:./Libraries/CMSIS/DSP/Source/BasicMathFunctions/arm_offset_q7.c ****     *pDst++ = (q7_t) __SSAT(*pSrc++ + offset, 8);
  82:./Libraries/CMSIS/DSP/Source/BasicMathFunctions/arm_offset_q7.c ****     *pDst++ = (q7_t) __SSAT(*pSrc++ + offset, 8);
  83:./Libraries/CMSIS/DSP/Source/BasicMathFunctions/arm_offset_q7.c ****     *pDst++ = (q7_t) __SSAT(*pSrc++ + offset, 8);
  84:./Libraries/CMSIS/DSP/Source/BasicMathFunctions/arm_offset_q7.c ****     *pDst++ = (q7_t) __SSAT(*pSrc++ + offset, 8);
  85:./Libraries/CMSIS/DSP/Source/BasicMathFunctions/arm_offset_q7.c **** #endif
  86:./Libraries/CMSIS/DSP/Source/BasicMathFunctions/arm_offset_q7.c **** 
  87:./Libraries/CMSIS/DSP/Source/BasicMathFunctions/arm_offset_q7.c ****     /* Decrement loop counter */
  88:./Libraries/CMSIS/DSP/Source/BasicMathFunctions/arm_offset_q7.c ****     blkCnt--;
  89:./Libraries/CMSIS/DSP/Source/BasicMathFunctions/arm_offset_q7.c ****   }
  90:./Libraries/CMSIS/DSP/Source/BasicMathFunctions/arm_offset_q7.c **** 
  91:./Libraries/CMSIS/DSP/Source/BasicMathFunctions/arm_offset_q7.c ****   /* Loop unrolling: Compute remaining outputs */
  92:./Libraries/CMSIS/DSP/Source/BasicMathFunctions/arm_offset_q7.c ****   blkCnt = blockSize % 0x4U;
  93:./Libraries/CMSIS/DSP/Source/BasicMathFunctions/arm_offset_q7.c **** 
  94:./Libraries/CMSIS/DSP/Source/BasicMathFunctions/arm_offset_q7.c **** #else
  95:./Libraries/CMSIS/DSP/Source/BasicMathFunctions/arm_offset_q7.c **** 
  96:./Libraries/CMSIS/DSP/Source/BasicMathFunctions/arm_offset_q7.c ****   /* Initialize blkCnt with number of samples */
  97:./Libraries/CMSIS/DSP/Source/BasicMathFunctions/arm_offset_q7.c ****   blkCnt = blockSize;
  36              		.loc 1 97 3 view .LVU2
  98:./Libraries/CMSIS/DSP/Source/BasicMathFunctions/arm_offset_q7.c **** 
  99:./Libraries/CMSIS/DSP/Source/BasicMathFunctions/arm_offset_q7.c **** #endif /* #if defined (ARM_MATH_LOOPUNROLL) */
 100:./Libraries/CMSIS/DSP/Source/BasicMathFunctions/arm_offset_q7.c **** 
 101:./Libraries/CMSIS/DSP/Source/BasicMathFunctions/arm_offset_q7.c ****   while (blkCnt > 0U)
  37              		.loc 1 101 3 view .LVU3
  38              		.loc 1 101 9 view .LVU4
  39 0000 6BB1     		cbz	r3, .L7
  58:./Libraries/CMSIS/DSP/Source/BasicMathFunctions/arm_offset_q7.c ****         uint32_t blkCnt;                               /* Loop counter */
  40              		.loc 1 58 1 is_stmt 0 view .LVU5
  41 0002 10B4     		push	{r4}
  42              	.LCFI0:
  43              		.cfi_def_cfa_offset 4
  44              		.cfi_offset 4, -4
  45 0004 C418     		adds	r4, r0, r3
  46              	.LVL1:
  47              	.L3:
 102:./Libraries/CMSIS/DSP/Source/BasicMathFunctions/arm_offset_q7.c ****   {
 103:./Libraries/CMSIS/DSP/Source/BasicMathFunctions/arm_offset_q7.c ****     /* C = A + offset */
 104:./Libraries/CMSIS/DSP/Source/BasicMathFunctions/arm_offset_q7.c **** 
 105:./Libraries/CMSIS/DSP/Source/BasicMathFunctions/arm_offset_q7.c ****     /* Add offset and store result in destination buffer. */
 106:./Libraries/CMSIS/DSP/Source/BasicMathFunctions/arm_offset_q7.c ****     *pDst++ = (q7_t) __SSAT((q15_t) *pSrc++ + offset, 8);
  48              		.loc 1 106 5 is_stmt 1 view .LVU6
  49              	.LBB2:
  50              		.loc 1 106 22 view .LVU7
  51              		.loc 1 106 22 view .LVU8
  52 0006 10F9013B 		ldrsb	r3, [r0], #1
  53              	.LVL2:
  54              		.loc 1 106 22 is_stmt 0 view .LVU9
  55              	.LBE2:
 101:./Libraries/CMSIS/DSP/Source/BasicMathFunctions/arm_offset_q7.c ****   {
  56              		.loc 1 101 9 view .LVU10
  57 000a A042     		cmp	r0, r4
  58              	.LBB3:
  59              		.loc 1 106 22 view .LVU11
  60 000c 0B44     		add	r3, r3, r1
  61              	.LVL3:
  62              		.loc 1 106 22 view .LVU12
  63              		.syntax unified
  64              	@ 106 "./Libraries/CMSIS/DSP/Source/BasicMathFunctions/arm_offset_q7.c" 1
ARM GAS  /tmp/ccmqiywF.s 			page 4


  65 000e 03F30703 		ssat r3, #8, r3
  66              	@ 0 "" 2
  67              	.LVL4:
  68              		.loc 1 106 22 is_stmt 1 view .LVU13
  69              		.loc 1 106 22 is_stmt 0 view .LVU14
  70              		.thumb
  71              		.syntax unified
  72              	.LBE3:
  73              		.loc 1 106 15 view .LVU15
  74 0012 02F8013B 		strb	r3, [r2], #1
  75              	.LVL5:
 107:./Libraries/CMSIS/DSP/Source/BasicMathFunctions/arm_offset_q7.c **** 
 108:./Libraries/CMSIS/DSP/Source/BasicMathFunctions/arm_offset_q7.c ****     /* Decrement loop counter */
 109:./Libraries/CMSIS/DSP/Source/BasicMathFunctions/arm_offset_q7.c ****     blkCnt--;
  76              		.loc 1 109 5 is_stmt 1 view .LVU16
 101:./Libraries/CMSIS/DSP/Source/BasicMathFunctions/arm_offset_q7.c ****   {
  77              		.loc 1 101 9 view .LVU17
  78 0016 F6D1     		bne	.L3
 110:./Libraries/CMSIS/DSP/Source/BasicMathFunctions/arm_offset_q7.c ****   }
 111:./Libraries/CMSIS/DSP/Source/BasicMathFunctions/arm_offset_q7.c **** 
 112:./Libraries/CMSIS/DSP/Source/BasicMathFunctions/arm_offset_q7.c **** }
  79              		.loc 1 112 1 is_stmt 0 view .LVU18
  80 0018 5DF8044B 		ldr	r4, [sp], #4
  81              	.LCFI1:
  82              		.cfi_restore 4
  83              		.cfi_def_cfa_offset 0
  84 001c 7047     		bx	lr
  85              	.LVL6:
  86              	.L7:
  87              		.loc 1 112 1 view .LVU19
  88 001e 7047     		bx	lr
  89              		.cfi_endproc
  90              	.LFE145:
  92              		.text
  93              	.Letext0:
  94              		.file 2 "/usr/lib/gcc/arm-none-eabi/9.2.1/include/stdint.h"
  95              		.file 3 "/usr/lib/gcc/arm-none-eabi/9.2.1/include/stddef.h"
  96              		.file 4 "/usr/include/newlib/sys/_types.h"
  97              		.file 5 "/usr/include/newlib/sys/reent.h"
  98              		.file 6 "/usr/include/newlib/sys/lock.h"
  99              		.file 7 "/usr/include/newlib/math.h"
 100              		.file 8 "./Libraries/CMSIS/DSP/Include/arm_math.h"
ARM GAS  /tmp/ccmqiywF.s 			page 5


DEFINED SYMBOLS
                            *ABS*:0000000000000000 arm_offset_q7.c
     /tmp/ccmqiywF.s:17     .text.arm_offset_q7:0000000000000000 $t
     /tmp/ccmqiywF.s:26     .text.arm_offset_q7:0000000000000000 arm_offset_q7

NO UNDEFINED SYMBOLS
