ARM GAS  /var/folders/wl/rshn8xbx1dsfj1zgryf4g1240000gn/T//ccXC4Sm1.s 			page 1


   1              		.cpu cortex-m7
   2              		.eabi_attribute 28, 1
   3              		.eabi_attribute 20, 1
   4              		.eabi_attribute 21, 1
   5              		.eabi_attribute 23, 3
   6              		.eabi_attribute 24, 1
   7              		.eabi_attribute 25, 1
   8              		.eabi_attribute 26, 1
   9              		.eabi_attribute 30, 2
  10              		.eabi_attribute 34, 1
  11              		.eabi_attribute 18, 4
  12              		.file	"arm_mult_q7.c"
  13              		.text
  14              	.Ltext0:
  15              		.cfi_sections	.debug_frame
  16              		.section	.text.arm_mult_q7,"ax",%progbits
  17              		.align	1
  18              		.p2align 2,,3
  19              		.global	arm_mult_q7
  20              		.arch armv7e-m
  21              		.syntax unified
  22              		.thumb
  23              		.thumb_func
  24              		.fpu fpv5-d16
  26              	arm_mult_q7:
  27              	.LVL0:
  28              	.LFB145:
  29              		.file 1 ".//Libraries/CMSIS/DSP/Source/BasicMathFunctions/arm_mult_q7.c"
   1:.//Libraries/CMSIS/DSP/Source/BasicMathFunctions/arm_mult_q7.c **** /* ----------------------------------------------------------------------
   2:.//Libraries/CMSIS/DSP/Source/BasicMathFunctions/arm_mult_q7.c ****  * Project:      CMSIS DSP Library
   3:.//Libraries/CMSIS/DSP/Source/BasicMathFunctions/arm_mult_q7.c ****  * Title:        arm_mult_q7.c
   4:.//Libraries/CMSIS/DSP/Source/BasicMathFunctions/arm_mult_q7.c ****  * Description:  Q7 vector multiplication
   5:.//Libraries/CMSIS/DSP/Source/BasicMathFunctions/arm_mult_q7.c ****  *
   6:.//Libraries/CMSIS/DSP/Source/BasicMathFunctions/arm_mult_q7.c ****  * $Date:        18. March 2019
   7:.//Libraries/CMSIS/DSP/Source/BasicMathFunctions/arm_mult_q7.c ****  * $Revision:    V1.6.0
   8:.//Libraries/CMSIS/DSP/Source/BasicMathFunctions/arm_mult_q7.c ****  *
   9:.//Libraries/CMSIS/DSP/Source/BasicMathFunctions/arm_mult_q7.c ****  * Target Processor: Cortex-M cores
  10:.//Libraries/CMSIS/DSP/Source/BasicMathFunctions/arm_mult_q7.c ****  * -------------------------------------------------------------------- */
  11:.//Libraries/CMSIS/DSP/Source/BasicMathFunctions/arm_mult_q7.c **** /*
  12:.//Libraries/CMSIS/DSP/Source/BasicMathFunctions/arm_mult_q7.c ****  * Copyright (C) 2010-2019 ARM Limited or its affiliates. All rights reserved.
  13:.//Libraries/CMSIS/DSP/Source/BasicMathFunctions/arm_mult_q7.c ****  *
  14:.//Libraries/CMSIS/DSP/Source/BasicMathFunctions/arm_mult_q7.c ****  * SPDX-License-Identifier: Apache-2.0
  15:.//Libraries/CMSIS/DSP/Source/BasicMathFunctions/arm_mult_q7.c ****  *
  16:.//Libraries/CMSIS/DSP/Source/BasicMathFunctions/arm_mult_q7.c ****  * Licensed under the Apache License, Version 2.0 (the License); you may
  17:.//Libraries/CMSIS/DSP/Source/BasicMathFunctions/arm_mult_q7.c ****  * not use this file except in compliance with the License.
  18:.//Libraries/CMSIS/DSP/Source/BasicMathFunctions/arm_mult_q7.c ****  * You may obtain a copy of the License at
  19:.//Libraries/CMSIS/DSP/Source/BasicMathFunctions/arm_mult_q7.c ****  *
  20:.//Libraries/CMSIS/DSP/Source/BasicMathFunctions/arm_mult_q7.c ****  * www.apache.org/licenses/LICENSE-2.0
  21:.//Libraries/CMSIS/DSP/Source/BasicMathFunctions/arm_mult_q7.c ****  *
  22:.//Libraries/CMSIS/DSP/Source/BasicMathFunctions/arm_mult_q7.c ****  * Unless required by applicable law or agreed to in writing, software
  23:.//Libraries/CMSIS/DSP/Source/BasicMathFunctions/arm_mult_q7.c ****  * distributed under the License is distributed on an AS IS BASIS, WITHOUT
  24:.//Libraries/CMSIS/DSP/Source/BasicMathFunctions/arm_mult_q7.c ****  * WARRANTIES OR CONDITIONS OF ANY KIND, either express or implied.
  25:.//Libraries/CMSIS/DSP/Source/BasicMathFunctions/arm_mult_q7.c ****  * See the License for the specific language governing permissions and
  26:.//Libraries/CMSIS/DSP/Source/BasicMathFunctions/arm_mult_q7.c ****  * limitations under the License.
  27:.//Libraries/CMSIS/DSP/Source/BasicMathFunctions/arm_mult_q7.c ****  */
  28:.//Libraries/CMSIS/DSP/Source/BasicMathFunctions/arm_mult_q7.c **** 
  29:.//Libraries/CMSIS/DSP/Source/BasicMathFunctions/arm_mult_q7.c **** #include "arm_math.h"
ARM GAS  /var/folders/wl/rshn8xbx1dsfj1zgryf4g1240000gn/T//ccXC4Sm1.s 			page 2


  30:.//Libraries/CMSIS/DSP/Source/BasicMathFunctions/arm_mult_q7.c **** 
  31:.//Libraries/CMSIS/DSP/Source/BasicMathFunctions/arm_mult_q7.c **** /**
  32:.//Libraries/CMSIS/DSP/Source/BasicMathFunctions/arm_mult_q7.c ****   @ingroup groupMath
  33:.//Libraries/CMSIS/DSP/Source/BasicMathFunctions/arm_mult_q7.c ****  */
  34:.//Libraries/CMSIS/DSP/Source/BasicMathFunctions/arm_mult_q7.c **** 
  35:.//Libraries/CMSIS/DSP/Source/BasicMathFunctions/arm_mult_q7.c **** /**
  36:.//Libraries/CMSIS/DSP/Source/BasicMathFunctions/arm_mult_q7.c ****   @addtogroup BasicMult
  37:.//Libraries/CMSIS/DSP/Source/BasicMathFunctions/arm_mult_q7.c ****   @{
  38:.//Libraries/CMSIS/DSP/Source/BasicMathFunctions/arm_mult_q7.c ****  */
  39:.//Libraries/CMSIS/DSP/Source/BasicMathFunctions/arm_mult_q7.c **** 
  40:.//Libraries/CMSIS/DSP/Source/BasicMathFunctions/arm_mult_q7.c **** /**
  41:.//Libraries/CMSIS/DSP/Source/BasicMathFunctions/arm_mult_q7.c ****   @brief         Q7 vector multiplication
  42:.//Libraries/CMSIS/DSP/Source/BasicMathFunctions/arm_mult_q7.c ****   @param[in]     pSrcA      points to the first input vector
  43:.//Libraries/CMSIS/DSP/Source/BasicMathFunctions/arm_mult_q7.c ****   @param[in]     pSrcB      points to the second input vector
  44:.//Libraries/CMSIS/DSP/Source/BasicMathFunctions/arm_mult_q7.c ****   @param[out]    pDst       points to the output vector
  45:.//Libraries/CMSIS/DSP/Source/BasicMathFunctions/arm_mult_q7.c ****   @param[in]     blockSize  number of samples in each vector
  46:.//Libraries/CMSIS/DSP/Source/BasicMathFunctions/arm_mult_q7.c ****   @return        none
  47:.//Libraries/CMSIS/DSP/Source/BasicMathFunctions/arm_mult_q7.c **** 
  48:.//Libraries/CMSIS/DSP/Source/BasicMathFunctions/arm_mult_q7.c ****   @par           Scaling and Overflow Behavior
  49:.//Libraries/CMSIS/DSP/Source/BasicMathFunctions/arm_mult_q7.c ****                    The function uses saturating arithmetic.
  50:.//Libraries/CMSIS/DSP/Source/BasicMathFunctions/arm_mult_q7.c ****                    Results outside of the allowable Q7 range [0x80 0x7F] are saturated.
  51:.//Libraries/CMSIS/DSP/Source/BasicMathFunctions/arm_mult_q7.c ****  */
  52:.//Libraries/CMSIS/DSP/Source/BasicMathFunctions/arm_mult_q7.c **** 
  53:.//Libraries/CMSIS/DSP/Source/BasicMathFunctions/arm_mult_q7.c **** void arm_mult_q7(
  54:.//Libraries/CMSIS/DSP/Source/BasicMathFunctions/arm_mult_q7.c ****   const q7_t * pSrcA,
  55:.//Libraries/CMSIS/DSP/Source/BasicMathFunctions/arm_mult_q7.c ****   const q7_t * pSrcB,
  56:.//Libraries/CMSIS/DSP/Source/BasicMathFunctions/arm_mult_q7.c ****         q7_t * pDst,
  57:.//Libraries/CMSIS/DSP/Source/BasicMathFunctions/arm_mult_q7.c ****         uint32_t blockSize)
  58:.//Libraries/CMSIS/DSP/Source/BasicMathFunctions/arm_mult_q7.c **** {
  30              		.loc 1 58 1 view -0
  31              		.cfi_startproc
  32              		@ args = 0, pretend = 0, frame = 0
  33              		@ frame_needed = 0, uses_anonymous_args = 0
  34              		@ link register save eliminated.
  59:.//Libraries/CMSIS/DSP/Source/BasicMathFunctions/arm_mult_q7.c ****         uint32_t blkCnt;                               /* Loop counter */
  35              		.loc 1 59 9 view .LVU1
  60:.//Libraries/CMSIS/DSP/Source/BasicMathFunctions/arm_mult_q7.c **** 
  61:.//Libraries/CMSIS/DSP/Source/BasicMathFunctions/arm_mult_q7.c **** #if defined (ARM_MATH_LOOPUNROLL)
  62:.//Libraries/CMSIS/DSP/Source/BasicMathFunctions/arm_mult_q7.c **** 
  63:.//Libraries/CMSIS/DSP/Source/BasicMathFunctions/arm_mult_q7.c **** #if defined (ARM_MATH_DSP)
  64:.//Libraries/CMSIS/DSP/Source/BasicMathFunctions/arm_mult_q7.c ****   q7_t out1, out2, out3, out4;                   /* Temporary output variables */
  65:.//Libraries/CMSIS/DSP/Source/BasicMathFunctions/arm_mult_q7.c **** #endif
  66:.//Libraries/CMSIS/DSP/Source/BasicMathFunctions/arm_mult_q7.c **** 
  67:.//Libraries/CMSIS/DSP/Source/BasicMathFunctions/arm_mult_q7.c ****   /* Loop unrolling: Compute 4 outputs at a time */
  68:.//Libraries/CMSIS/DSP/Source/BasicMathFunctions/arm_mult_q7.c ****   blkCnt = blockSize >> 2U;
  69:.//Libraries/CMSIS/DSP/Source/BasicMathFunctions/arm_mult_q7.c **** 
  70:.//Libraries/CMSIS/DSP/Source/BasicMathFunctions/arm_mult_q7.c ****   while (blkCnt > 0U)
  71:.//Libraries/CMSIS/DSP/Source/BasicMathFunctions/arm_mult_q7.c ****   {
  72:.//Libraries/CMSIS/DSP/Source/BasicMathFunctions/arm_mult_q7.c ****     /* C = A * B */
  73:.//Libraries/CMSIS/DSP/Source/BasicMathFunctions/arm_mult_q7.c **** 
  74:.//Libraries/CMSIS/DSP/Source/BasicMathFunctions/arm_mult_q7.c **** #if defined (ARM_MATH_DSP)
  75:.//Libraries/CMSIS/DSP/Source/BasicMathFunctions/arm_mult_q7.c ****     /* Multiply inputs and store results in temporary variables */
  76:.//Libraries/CMSIS/DSP/Source/BasicMathFunctions/arm_mult_q7.c ****     out1 = (q7_t) __SSAT((((q15_t) (*pSrcA++) * (*pSrcB++)) >> 7), 8);
  77:.//Libraries/CMSIS/DSP/Source/BasicMathFunctions/arm_mult_q7.c ****     out2 = (q7_t) __SSAT((((q15_t) (*pSrcA++) * (*pSrcB++)) >> 7), 8);
  78:.//Libraries/CMSIS/DSP/Source/BasicMathFunctions/arm_mult_q7.c ****     out3 = (q7_t) __SSAT((((q15_t) (*pSrcA++) * (*pSrcB++)) >> 7), 8);
  79:.//Libraries/CMSIS/DSP/Source/BasicMathFunctions/arm_mult_q7.c ****     out4 = (q7_t) __SSAT((((q15_t) (*pSrcA++) * (*pSrcB++)) >> 7), 8);
  80:.//Libraries/CMSIS/DSP/Source/BasicMathFunctions/arm_mult_q7.c **** 
ARM GAS  /var/folders/wl/rshn8xbx1dsfj1zgryf4g1240000gn/T//ccXC4Sm1.s 			page 3


  81:.//Libraries/CMSIS/DSP/Source/BasicMathFunctions/arm_mult_q7.c ****     /* Pack and store result in destination buffer (in single write) */
  82:.//Libraries/CMSIS/DSP/Source/BasicMathFunctions/arm_mult_q7.c ****     write_q7x4_ia (&pDst, __PACKq7(out1, out2, out3, out4));
  83:.//Libraries/CMSIS/DSP/Source/BasicMathFunctions/arm_mult_q7.c **** #else
  84:.//Libraries/CMSIS/DSP/Source/BasicMathFunctions/arm_mult_q7.c ****     *pDst++ = (q7_t) __SSAT((((q15_t) (*pSrcA++) * (*pSrcB++)) >> 7), 8);
  85:.//Libraries/CMSIS/DSP/Source/BasicMathFunctions/arm_mult_q7.c ****     *pDst++ = (q7_t) __SSAT((((q15_t) (*pSrcA++) * (*pSrcB++)) >> 7), 8);
  86:.//Libraries/CMSIS/DSP/Source/BasicMathFunctions/arm_mult_q7.c ****     *pDst++ = (q7_t) __SSAT((((q15_t) (*pSrcA++) * (*pSrcB++)) >> 7), 8);
  87:.//Libraries/CMSIS/DSP/Source/BasicMathFunctions/arm_mult_q7.c ****     *pDst++ = (q7_t) __SSAT((((q15_t) (*pSrcA++) * (*pSrcB++)) >> 7), 8);
  88:.//Libraries/CMSIS/DSP/Source/BasicMathFunctions/arm_mult_q7.c **** #endif
  89:.//Libraries/CMSIS/DSP/Source/BasicMathFunctions/arm_mult_q7.c **** 
  90:.//Libraries/CMSIS/DSP/Source/BasicMathFunctions/arm_mult_q7.c ****     /* Decrement loop counter */
  91:.//Libraries/CMSIS/DSP/Source/BasicMathFunctions/arm_mult_q7.c ****     blkCnt--;
  92:.//Libraries/CMSIS/DSP/Source/BasicMathFunctions/arm_mult_q7.c ****   }
  93:.//Libraries/CMSIS/DSP/Source/BasicMathFunctions/arm_mult_q7.c **** 
  94:.//Libraries/CMSIS/DSP/Source/BasicMathFunctions/arm_mult_q7.c ****   /* Loop unrolling: Compute remaining outputs */
  95:.//Libraries/CMSIS/DSP/Source/BasicMathFunctions/arm_mult_q7.c ****   blkCnt = blockSize % 0x4U;
  96:.//Libraries/CMSIS/DSP/Source/BasicMathFunctions/arm_mult_q7.c **** 
  97:.//Libraries/CMSIS/DSP/Source/BasicMathFunctions/arm_mult_q7.c **** #else
  98:.//Libraries/CMSIS/DSP/Source/BasicMathFunctions/arm_mult_q7.c **** 
  99:.//Libraries/CMSIS/DSP/Source/BasicMathFunctions/arm_mult_q7.c ****   /* Initialize blkCnt with number of samples */
 100:.//Libraries/CMSIS/DSP/Source/BasicMathFunctions/arm_mult_q7.c ****   blkCnt = blockSize;
  36              		.loc 1 100 3 view .LVU2
 101:.//Libraries/CMSIS/DSP/Source/BasicMathFunctions/arm_mult_q7.c **** 
 102:.//Libraries/CMSIS/DSP/Source/BasicMathFunctions/arm_mult_q7.c **** #endif /* #if defined (ARM_MATH_LOOPUNROLL) */
 103:.//Libraries/CMSIS/DSP/Source/BasicMathFunctions/arm_mult_q7.c **** 
 104:.//Libraries/CMSIS/DSP/Source/BasicMathFunctions/arm_mult_q7.c ****   while (blkCnt > 0U)
  37              		.loc 1 104 3 view .LVU3
  38              		.loc 1 104 9 view .LVU4
  39 0000 8BB1     		cbz	r3, .L9
  58:.//Libraries/CMSIS/DSP/Source/BasicMathFunctions/arm_mult_q7.c ****         uint32_t blkCnt;                               /* Loop counter */
  40              		.loc 1 58 1 is_stmt 0 view .LVU5
  41 0002 30B4     		push	{r4, r5}
  42              	.LCFI0:
  43              		.cfi_def_cfa_offset 8
  44              		.cfi_offset 4, -8
  45              		.cfi_offset 5, -4
  46 0004 C518     		adds	r5, r0, r3
  47              	.LVL1:
  48              	.L3:
 105:.//Libraries/CMSIS/DSP/Source/BasicMathFunctions/arm_mult_q7.c ****   {
 106:.//Libraries/CMSIS/DSP/Source/BasicMathFunctions/arm_mult_q7.c ****     /* C = A * B */
 107:.//Libraries/CMSIS/DSP/Source/BasicMathFunctions/arm_mult_q7.c **** 
 108:.//Libraries/CMSIS/DSP/Source/BasicMathFunctions/arm_mult_q7.c ****     /* Multiply input and store result in destination buffer. */
 109:.//Libraries/CMSIS/DSP/Source/BasicMathFunctions/arm_mult_q7.c ****     *pDst++ = (q7_t) __SSAT((((q15_t) (*pSrcA++) * (*pSrcB++)) >> 7), 8);
  49              		.loc 1 109 5 is_stmt 1 view .LVU6
  50              	.LBB2:
  51              		.loc 1 109 22 view .LVU7
  52              		.loc 1 109 22 view .LVU8
  53 0006 10F9013B 		ldrsb	r3, [r0], #1
  54              	.LVL2:
  55              		.loc 1 109 22 is_stmt 0 view .LVU9
  56 000a 11F9014B 		ldrsb	r4, [r1], #1
  57              	.LVL3:
  58              		.loc 1 109 22 view .LVU10
  59              	.LBE2:
 104:.//Libraries/CMSIS/DSP/Source/BasicMathFunctions/arm_mult_q7.c ****   {
  60              		.loc 1 104 9 view .LVU11
  61 000e A842     		cmp	r0, r5
ARM GAS  /var/folders/wl/rshn8xbx1dsfj1zgryf4g1240000gn/T//ccXC4Sm1.s 			page 4


  62              	.LBB3:
  63              		.loc 1 109 22 view .LVU12
  64 0010 13FB04F3 		smulbb	r3, r3, r4
  65 0014 4FEAE313 		asr	r3, r3, #7
  66              		.syntax unified
  67              	@ 109 ".//Libraries/CMSIS/DSP/Source/BasicMathFunctions/arm_mult_q7.c" 1
  68 0018 03F30703 		ssat r3, #8, r3
  69              	@ 0 "" 2
  70              	.LVL4:
  71              		.loc 1 109 22 is_stmt 1 view .LVU13
  72              		.loc 1 109 22 is_stmt 0 view .LVU14
  73              		.thumb
  74              		.syntax unified
  75              	.LBE3:
  76              		.loc 1 109 15 view .LVU15
  77 001c 02F8013B 		strb	r3, [r2], #1
  78              	.LVL5:
 110:.//Libraries/CMSIS/DSP/Source/BasicMathFunctions/arm_mult_q7.c **** 
 111:.//Libraries/CMSIS/DSP/Source/BasicMathFunctions/arm_mult_q7.c ****     /* Decrement loop counter */
 112:.//Libraries/CMSIS/DSP/Source/BasicMathFunctions/arm_mult_q7.c ****     blkCnt--;
  79              		.loc 1 112 5 is_stmt 1 view .LVU16
 104:.//Libraries/CMSIS/DSP/Source/BasicMathFunctions/arm_mult_q7.c ****   {
  80              		.loc 1 104 9 view .LVU17
  81 0020 F1D1     		bne	.L3
 113:.//Libraries/CMSIS/DSP/Source/BasicMathFunctions/arm_mult_q7.c ****   }
 114:.//Libraries/CMSIS/DSP/Source/BasicMathFunctions/arm_mult_q7.c **** 
 115:.//Libraries/CMSIS/DSP/Source/BasicMathFunctions/arm_mult_q7.c **** }
  82              		.loc 1 115 1 is_stmt 0 view .LVU18
  83 0022 30BC     		pop	{r4, r5}
  84              	.LCFI1:
  85              		.cfi_restore 5
  86              		.cfi_restore 4
  87              		.cfi_def_cfa_offset 0
  88 0024 7047     		bx	lr
  89              	.LVL6:
  90              	.L9:
  91              		.loc 1 115 1 view .LVU19
  92 0026 7047     		bx	lr
  93              		.cfi_endproc
  94              	.LFE145:
  96              		.text
  97              	.Letext0:
  98              		.file 2 "/opt/homebrew/Cellar/arm-none-eabi-gcc/9-2019-q4-major/gcc/arm-none-eabi/include/machine/
  99              		.file 3 "/opt/homebrew/Cellar/arm-none-eabi-gcc/9-2019-q4-major/gcc/arm-none-eabi/include/sys/_std
 100              		.file 4 "/opt/homebrew/Cellar/arm-none-eabi-gcc/9-2019-q4-major/gcc/arm-none-eabi/include/sys/lock
 101              		.file 5 "/opt/homebrew/Cellar/arm-none-eabi-gcc/9-2019-q4-major/gcc/arm-none-eabi/include/sys/_typ
 102              		.file 6 "/opt/homebrew/Cellar/arm-none-eabi-gcc/9-2019-q4-major/gcc/lib/gcc/arm-none-eabi/9.2.1/in
 103              		.file 7 "/opt/homebrew/Cellar/arm-none-eabi-gcc/9-2019-q4-major/gcc/arm-none-eabi/include/sys/reen
 104              		.file 8 "/opt/homebrew/Cellar/arm-none-eabi-gcc/9-2019-q4-major/gcc/arm-none-eabi/include/math.h"
 105              		.file 9 ".//Libraries/CMSIS/DSP/Include/arm_math.h"
ARM GAS  /var/folders/wl/rshn8xbx1dsfj1zgryf4g1240000gn/T//ccXC4Sm1.s 			page 5


DEFINED SYMBOLS
                            *ABS*:0000000000000000 arm_mult_q7.c
/var/folders/wl/rshn8xbx1dsfj1zgryf4g1240000gn/T//ccXC4Sm1.s:17     .text.arm_mult_q7:0000000000000000 $t
/var/folders/wl/rshn8xbx1dsfj1zgryf4g1240000gn/T//ccXC4Sm1.s:26     .text.arm_mult_q7:0000000000000000 arm_mult_q7

NO UNDEFINED SYMBOLS
