ARM GAS  /var/folders/wl/rshn8xbx1dsfj1zgryf4g1240000gn/T//ccStL9qQ.s 			page 1


   1              		.cpu cortex-m7
   2              		.eabi_attribute 28, 1
   3              		.eabi_attribute 20, 1
   4              		.eabi_attribute 21, 1
   5              		.eabi_attribute 23, 3
   6              		.eabi_attribute 24, 1
   7              		.eabi_attribute 25, 1
   8              		.eabi_attribute 26, 1
   9              		.eabi_attribute 30, 2
  10              		.eabi_attribute 34, 1
  11              		.eabi_attribute 18, 4
  12              		.file	"arm_fill_q7.c"
  13              		.text
  14              	.Ltext0:
  15              		.cfi_sections	.debug_frame
  16              		.section	.text.arm_fill_q7,"ax",%progbits
  17              		.align	1
  18              		.p2align 2,,3
  19              		.global	arm_fill_q7
  20              		.arch armv7e-m
  21              		.syntax unified
  22              		.thumb
  23              		.thumb_func
  24              		.fpu fpv5-d16
  26              	arm_fill_q7:
  27              	.LVL0:
  28              	.LFB145:
  29              		.file 1 ".//Libraries/CMSIS/DSP/Source/SupportFunctions/arm_fill_q7.c"
   1:.//Libraries/CMSIS/DSP/Source/SupportFunctions/arm_fill_q7.c **** /* ----------------------------------------------------------------------
   2:.//Libraries/CMSIS/DSP/Source/SupportFunctions/arm_fill_q7.c ****  * Project:      CMSIS DSP Library
   3:.//Libraries/CMSIS/DSP/Source/SupportFunctions/arm_fill_q7.c ****  * Title:        arm_fill_q7.c
   4:.//Libraries/CMSIS/DSP/Source/SupportFunctions/arm_fill_q7.c ****  * Description:  Fills a constant value into a Q7 vector
   5:.//Libraries/CMSIS/DSP/Source/SupportFunctions/arm_fill_q7.c ****  *
   6:.//Libraries/CMSIS/DSP/Source/SupportFunctions/arm_fill_q7.c ****  * $Date:        18. March 2019
   7:.//Libraries/CMSIS/DSP/Source/SupportFunctions/arm_fill_q7.c ****  * $Revision:    V1.6.0
   8:.//Libraries/CMSIS/DSP/Source/SupportFunctions/arm_fill_q7.c ****  *
   9:.//Libraries/CMSIS/DSP/Source/SupportFunctions/arm_fill_q7.c ****  * Target Processor: Cortex-M cores
  10:.//Libraries/CMSIS/DSP/Source/SupportFunctions/arm_fill_q7.c ****  * -------------------------------------------------------------------- */
  11:.//Libraries/CMSIS/DSP/Source/SupportFunctions/arm_fill_q7.c **** /*
  12:.//Libraries/CMSIS/DSP/Source/SupportFunctions/arm_fill_q7.c ****  * Copyright (C) 2010-2019 ARM Limited or its affiliates. All rights reserved.
  13:.//Libraries/CMSIS/DSP/Source/SupportFunctions/arm_fill_q7.c ****  *
  14:.//Libraries/CMSIS/DSP/Source/SupportFunctions/arm_fill_q7.c ****  * SPDX-License-Identifier: Apache-2.0
  15:.//Libraries/CMSIS/DSP/Source/SupportFunctions/arm_fill_q7.c ****  *
  16:.//Libraries/CMSIS/DSP/Source/SupportFunctions/arm_fill_q7.c ****  * Licensed under the Apache License, Version 2.0 (the License); you may
  17:.//Libraries/CMSIS/DSP/Source/SupportFunctions/arm_fill_q7.c ****  * not use this file except in compliance with the License.
  18:.//Libraries/CMSIS/DSP/Source/SupportFunctions/arm_fill_q7.c ****  * You may obtain a copy of the License at
  19:.//Libraries/CMSIS/DSP/Source/SupportFunctions/arm_fill_q7.c ****  *
  20:.//Libraries/CMSIS/DSP/Source/SupportFunctions/arm_fill_q7.c ****  * www.apache.org/licenses/LICENSE-2.0
  21:.//Libraries/CMSIS/DSP/Source/SupportFunctions/arm_fill_q7.c ****  *
  22:.//Libraries/CMSIS/DSP/Source/SupportFunctions/arm_fill_q7.c ****  * Unless required by applicable law or agreed to in writing, software
  23:.//Libraries/CMSIS/DSP/Source/SupportFunctions/arm_fill_q7.c ****  * distributed under the License is distributed on an AS IS BASIS, WITHOUT
  24:.//Libraries/CMSIS/DSP/Source/SupportFunctions/arm_fill_q7.c ****  * WARRANTIES OR CONDITIONS OF ANY KIND, either express or implied.
  25:.//Libraries/CMSIS/DSP/Source/SupportFunctions/arm_fill_q7.c ****  * See the License for the specific language governing permissions and
  26:.//Libraries/CMSIS/DSP/Source/SupportFunctions/arm_fill_q7.c ****  * limitations under the License.
  27:.//Libraries/CMSIS/DSP/Source/SupportFunctions/arm_fill_q7.c ****  */
  28:.//Libraries/CMSIS/DSP/Source/SupportFunctions/arm_fill_q7.c **** 
  29:.//Libraries/CMSIS/DSP/Source/SupportFunctions/arm_fill_q7.c **** #include "arm_math.h"
ARM GAS  /var/folders/wl/rshn8xbx1dsfj1zgryf4g1240000gn/T//ccStL9qQ.s 			page 2


  30:.//Libraries/CMSIS/DSP/Source/SupportFunctions/arm_fill_q7.c **** 
  31:.//Libraries/CMSIS/DSP/Source/SupportFunctions/arm_fill_q7.c **** /**
  32:.//Libraries/CMSIS/DSP/Source/SupportFunctions/arm_fill_q7.c ****   @ingroup groupSupport
  33:.//Libraries/CMSIS/DSP/Source/SupportFunctions/arm_fill_q7.c ****  */
  34:.//Libraries/CMSIS/DSP/Source/SupportFunctions/arm_fill_q7.c **** 
  35:.//Libraries/CMSIS/DSP/Source/SupportFunctions/arm_fill_q7.c **** /**
  36:.//Libraries/CMSIS/DSP/Source/SupportFunctions/arm_fill_q7.c ****   @addtogroup Fill
  37:.//Libraries/CMSIS/DSP/Source/SupportFunctions/arm_fill_q7.c ****   @{
  38:.//Libraries/CMSIS/DSP/Source/SupportFunctions/arm_fill_q7.c ****  */
  39:.//Libraries/CMSIS/DSP/Source/SupportFunctions/arm_fill_q7.c **** 
  40:.//Libraries/CMSIS/DSP/Source/SupportFunctions/arm_fill_q7.c **** /**
  41:.//Libraries/CMSIS/DSP/Source/SupportFunctions/arm_fill_q7.c ****   @brief         Fills a constant value into a Q7 vector.
  42:.//Libraries/CMSIS/DSP/Source/SupportFunctions/arm_fill_q7.c ****   @param[in]     value      input value to be filled
  43:.//Libraries/CMSIS/DSP/Source/SupportFunctions/arm_fill_q7.c ****   @param[out]    pDst       points to output vector
  44:.//Libraries/CMSIS/DSP/Source/SupportFunctions/arm_fill_q7.c ****   @param[in]     blockSize  number of samples in each vector
  45:.//Libraries/CMSIS/DSP/Source/SupportFunctions/arm_fill_q7.c ****   @return        none
  46:.//Libraries/CMSIS/DSP/Source/SupportFunctions/arm_fill_q7.c ****  */
  47:.//Libraries/CMSIS/DSP/Source/SupportFunctions/arm_fill_q7.c **** 
  48:.//Libraries/CMSIS/DSP/Source/SupportFunctions/arm_fill_q7.c **** void arm_fill_q7(
  49:.//Libraries/CMSIS/DSP/Source/SupportFunctions/arm_fill_q7.c ****   q7_t value,
  50:.//Libraries/CMSIS/DSP/Source/SupportFunctions/arm_fill_q7.c ****   q7_t * pDst,
  51:.//Libraries/CMSIS/DSP/Source/SupportFunctions/arm_fill_q7.c ****   uint32_t blockSize)
  52:.//Libraries/CMSIS/DSP/Source/SupportFunctions/arm_fill_q7.c **** {
  30              		.loc 1 52 1 view -0
  31              		.cfi_startproc
  32              		@ args = 0, pretend = 0, frame = 0
  33              		@ frame_needed = 0, uses_anonymous_args = 0
  34              		@ link register save eliminated.
  53:.//Libraries/CMSIS/DSP/Source/SupportFunctions/arm_fill_q7.c ****   uint32_t blkCnt;                               /* Loop counter */
  35              		.loc 1 53 3 view .LVU1
  54:.//Libraries/CMSIS/DSP/Source/SupportFunctions/arm_fill_q7.c **** 
  55:.//Libraries/CMSIS/DSP/Source/SupportFunctions/arm_fill_q7.c **** #if defined (ARM_MATH_LOOPUNROLL)
  56:.//Libraries/CMSIS/DSP/Source/SupportFunctions/arm_fill_q7.c ****   q31_t packedValue;                             /* value packed to 32 bits */
  57:.//Libraries/CMSIS/DSP/Source/SupportFunctions/arm_fill_q7.c **** 
  58:.//Libraries/CMSIS/DSP/Source/SupportFunctions/arm_fill_q7.c ****   /* Packing four 8 bit values to 32 bit value in order to use SIMD */
  59:.//Libraries/CMSIS/DSP/Source/SupportFunctions/arm_fill_q7.c ****   packedValue = __PACKq7(value, value, value, value);
  60:.//Libraries/CMSIS/DSP/Source/SupportFunctions/arm_fill_q7.c **** 
  61:.//Libraries/CMSIS/DSP/Source/SupportFunctions/arm_fill_q7.c ****   /* Loop unrolling: Compute 4 outputs at a time */
  62:.//Libraries/CMSIS/DSP/Source/SupportFunctions/arm_fill_q7.c ****   blkCnt = blockSize >> 2U;
  63:.//Libraries/CMSIS/DSP/Source/SupportFunctions/arm_fill_q7.c **** 
  64:.//Libraries/CMSIS/DSP/Source/SupportFunctions/arm_fill_q7.c ****   while (blkCnt > 0U)
  65:.//Libraries/CMSIS/DSP/Source/SupportFunctions/arm_fill_q7.c ****   {
  66:.//Libraries/CMSIS/DSP/Source/SupportFunctions/arm_fill_q7.c ****     /* C = value */
  67:.//Libraries/CMSIS/DSP/Source/SupportFunctions/arm_fill_q7.c **** 
  68:.//Libraries/CMSIS/DSP/Source/SupportFunctions/arm_fill_q7.c ****     /* fill 4 samples at a time */
  69:.//Libraries/CMSIS/DSP/Source/SupportFunctions/arm_fill_q7.c ****     write_q7x4_ia (&pDst, packedValue);
  70:.//Libraries/CMSIS/DSP/Source/SupportFunctions/arm_fill_q7.c **** 
  71:.//Libraries/CMSIS/DSP/Source/SupportFunctions/arm_fill_q7.c ****     /* Decrement loop counter */
  72:.//Libraries/CMSIS/DSP/Source/SupportFunctions/arm_fill_q7.c ****     blkCnt--;
  73:.//Libraries/CMSIS/DSP/Source/SupportFunctions/arm_fill_q7.c ****   }
  74:.//Libraries/CMSIS/DSP/Source/SupportFunctions/arm_fill_q7.c **** 
  75:.//Libraries/CMSIS/DSP/Source/SupportFunctions/arm_fill_q7.c ****   /* Loop unrolling: Compute remaining outputs */
  76:.//Libraries/CMSIS/DSP/Source/SupportFunctions/arm_fill_q7.c ****   blkCnt = blockSize % 0x4U;
  77:.//Libraries/CMSIS/DSP/Source/SupportFunctions/arm_fill_q7.c **** 
  78:.//Libraries/CMSIS/DSP/Source/SupportFunctions/arm_fill_q7.c **** #else
  79:.//Libraries/CMSIS/DSP/Source/SupportFunctions/arm_fill_q7.c **** 
  80:.//Libraries/CMSIS/DSP/Source/SupportFunctions/arm_fill_q7.c ****   /* Initialize blkCnt with number of samples */
ARM GAS  /var/folders/wl/rshn8xbx1dsfj1zgryf4g1240000gn/T//ccStL9qQ.s 			page 3


  81:.//Libraries/CMSIS/DSP/Source/SupportFunctions/arm_fill_q7.c ****   blkCnt = blockSize;
  36              		.loc 1 81 3 view .LVU2
  82:.//Libraries/CMSIS/DSP/Source/SupportFunctions/arm_fill_q7.c **** 
  83:.//Libraries/CMSIS/DSP/Source/SupportFunctions/arm_fill_q7.c **** #endif /* #if defined (ARM_MATH_LOOPUNROLL) */
  84:.//Libraries/CMSIS/DSP/Source/SupportFunctions/arm_fill_q7.c **** 
  85:.//Libraries/CMSIS/DSP/Source/SupportFunctions/arm_fill_q7.c ****   while (blkCnt > 0U)
  37              		.loc 1 85 3 view .LVU3
  38              		.loc 1 85 9 view .LVU4
  39 0000 22B1     		cbz	r2, .L1
  40 0002 0A44     		add	r2, r2, r1
  41              	.LVL1:
  42              	.L3:
  86:.//Libraries/CMSIS/DSP/Source/SupportFunctions/arm_fill_q7.c ****   {
  87:.//Libraries/CMSIS/DSP/Source/SupportFunctions/arm_fill_q7.c ****     /* C = value */
  88:.//Libraries/CMSIS/DSP/Source/SupportFunctions/arm_fill_q7.c **** 
  89:.//Libraries/CMSIS/DSP/Source/SupportFunctions/arm_fill_q7.c ****     /* Fill value in destination buffer */
  90:.//Libraries/CMSIS/DSP/Source/SupportFunctions/arm_fill_q7.c ****     *pDst++ = value;
  43              		.loc 1 90 5 view .LVU5
  44              		.loc 1 90 13 is_stmt 0 view .LVU6
  45 0004 01F8010B 		strb	r0, [r1], #1
  46              	.LVL2:
  91:.//Libraries/CMSIS/DSP/Source/SupportFunctions/arm_fill_q7.c **** 
  92:.//Libraries/CMSIS/DSP/Source/SupportFunctions/arm_fill_q7.c ****     /* Decrement loop counter */
  93:.//Libraries/CMSIS/DSP/Source/SupportFunctions/arm_fill_q7.c ****     blkCnt--;
  47              		.loc 1 93 5 is_stmt 1 view .LVU7
  85:.//Libraries/CMSIS/DSP/Source/SupportFunctions/arm_fill_q7.c ****   {
  48              		.loc 1 85 9 view .LVU8
  49 0008 9142     		cmp	r1, r2
  50 000a FBD1     		bne	.L3
  51              	.L1:
  94:.//Libraries/CMSIS/DSP/Source/SupportFunctions/arm_fill_q7.c ****   }
  95:.//Libraries/CMSIS/DSP/Source/SupportFunctions/arm_fill_q7.c **** }
  52              		.loc 1 95 1 is_stmt 0 view .LVU9
  53 000c 7047     		bx	lr
  54              		.cfi_endproc
  55              	.LFE145:
  57 000e 00BF     		.text
  58              	.Letext0:
  59              		.file 2 "/opt/homebrew/Cellar/arm-none-eabi-gcc/9-2019-q4-major/gcc/arm-none-eabi/include/machine/
  60              		.file 3 "/opt/homebrew/Cellar/arm-none-eabi-gcc/9-2019-q4-major/gcc/arm-none-eabi/include/sys/_std
  61              		.file 4 "/opt/homebrew/Cellar/arm-none-eabi-gcc/9-2019-q4-major/gcc/arm-none-eabi/include/sys/lock
  62              		.file 5 "/opt/homebrew/Cellar/arm-none-eabi-gcc/9-2019-q4-major/gcc/arm-none-eabi/include/sys/_typ
  63              		.file 6 "/opt/homebrew/Cellar/arm-none-eabi-gcc/9-2019-q4-major/gcc/lib/gcc/arm-none-eabi/9.2.1/in
  64              		.file 7 "/opt/homebrew/Cellar/arm-none-eabi-gcc/9-2019-q4-major/gcc/arm-none-eabi/include/sys/reen
  65              		.file 8 "/opt/homebrew/Cellar/arm-none-eabi-gcc/9-2019-q4-major/gcc/arm-none-eabi/include/math.h"
  66              		.file 9 ".//Libraries/CMSIS/DSP/Include/arm_math.h"
ARM GAS  /var/folders/wl/rshn8xbx1dsfj1zgryf4g1240000gn/T//ccStL9qQ.s 			page 4


DEFINED SYMBOLS
                            *ABS*:0000000000000000 arm_fill_q7.c
/var/folders/wl/rshn8xbx1dsfj1zgryf4g1240000gn/T//ccStL9qQ.s:17     .text.arm_fill_q7:0000000000000000 $t
/var/folders/wl/rshn8xbx1dsfj1zgryf4g1240000gn/T//ccStL9qQ.s:26     .text.arm_fill_q7:0000000000000000 arm_fill_q7

NO UNDEFINED SYMBOLS
