ARM GAS  /tmp/ccVL3wmI.s 			page 1


   1              		.cpu cortex-m7
   2              		.eabi_attribute 28, 1
   3              		.eabi_attribute 20, 1
   4              		.eabi_attribute 21, 1
   5              		.eabi_attribute 23, 3
   6              		.eabi_attribute 24, 1
   7              		.eabi_attribute 25, 1
   8              		.eabi_attribute 26, 1
   9              		.eabi_attribute 30, 2
  10              		.eabi_attribute 34, 1
  11              		.eabi_attribute 18, 4
  12              		.file	"arm_fir_interpolate_q15.c"
  13              		.text
  14              	.Ltext0:
  15              		.cfi_sections	.debug_frame
  16              		.section	.text.arm_fir_interpolate_q15,"ax",%progbits
  17              		.align	1
  18              		.p2align 2,,3
  19              		.global	arm_fir_interpolate_q15
  20              		.arch armv7e-m
  21              		.syntax unified
  22              		.thumb
  23              		.thumb_func
  24              		.fpu fpv5-d16
  26              	arm_fir_interpolate_q15:
  27              	.LVL0:
  28              	.LFB145:
  29              		.file 1 "./Libraries/CMSIS/DSP/Source/FilteringFunctions/arm_fir_interpolate_q15.c"
   1:./Libraries/CMSIS/DSP/Source/FilteringFunctions/arm_fir_interpolate_q15.c **** /* ----------------------------------------------------------------------
   2:./Libraries/CMSIS/DSP/Source/FilteringFunctions/arm_fir_interpolate_q15.c ****  * Project:      CMSIS DSP Library
   3:./Libraries/CMSIS/DSP/Source/FilteringFunctions/arm_fir_interpolate_q15.c ****  * Title:        arm_fir_interpolate_q15.c
   4:./Libraries/CMSIS/DSP/Source/FilteringFunctions/arm_fir_interpolate_q15.c ****  * Description:  Q15 FIR interpolation
   5:./Libraries/CMSIS/DSP/Source/FilteringFunctions/arm_fir_interpolate_q15.c ****  *
   6:./Libraries/CMSIS/DSP/Source/FilteringFunctions/arm_fir_interpolate_q15.c ****  * $Date:        18. March 2019
   7:./Libraries/CMSIS/DSP/Source/FilteringFunctions/arm_fir_interpolate_q15.c ****  * $Revision:    V1.6.0
   8:./Libraries/CMSIS/DSP/Source/FilteringFunctions/arm_fir_interpolate_q15.c ****  *
   9:./Libraries/CMSIS/DSP/Source/FilteringFunctions/arm_fir_interpolate_q15.c ****  * Target Processor: Cortex-M cores
  10:./Libraries/CMSIS/DSP/Source/FilteringFunctions/arm_fir_interpolate_q15.c ****  * -------------------------------------------------------------------- */
  11:./Libraries/CMSIS/DSP/Source/FilteringFunctions/arm_fir_interpolate_q15.c **** /*
  12:./Libraries/CMSIS/DSP/Source/FilteringFunctions/arm_fir_interpolate_q15.c ****  * Copyright (C) 2010-2019 ARM Limited or its affiliates. All rights reserved.
  13:./Libraries/CMSIS/DSP/Source/FilteringFunctions/arm_fir_interpolate_q15.c ****  *
  14:./Libraries/CMSIS/DSP/Source/FilteringFunctions/arm_fir_interpolate_q15.c ****  * SPDX-License-Identifier: Apache-2.0
  15:./Libraries/CMSIS/DSP/Source/FilteringFunctions/arm_fir_interpolate_q15.c ****  *
  16:./Libraries/CMSIS/DSP/Source/FilteringFunctions/arm_fir_interpolate_q15.c ****  * Licensed under the Apache License, Version 2.0 (the License); you may
  17:./Libraries/CMSIS/DSP/Source/FilteringFunctions/arm_fir_interpolate_q15.c ****  * not use this file except in compliance with the License.
  18:./Libraries/CMSIS/DSP/Source/FilteringFunctions/arm_fir_interpolate_q15.c ****  * You may obtain a copy of the License at
  19:./Libraries/CMSIS/DSP/Source/FilteringFunctions/arm_fir_interpolate_q15.c ****  *
  20:./Libraries/CMSIS/DSP/Source/FilteringFunctions/arm_fir_interpolate_q15.c ****  * www.apache.org/licenses/LICENSE-2.0
  21:./Libraries/CMSIS/DSP/Source/FilteringFunctions/arm_fir_interpolate_q15.c ****  *
  22:./Libraries/CMSIS/DSP/Source/FilteringFunctions/arm_fir_interpolate_q15.c ****  * Unless required by applicable law or agreed to in writing, software
  23:./Libraries/CMSIS/DSP/Source/FilteringFunctions/arm_fir_interpolate_q15.c ****  * distributed under the License is distributed on an AS IS BASIS, WITHOUT
  24:./Libraries/CMSIS/DSP/Source/FilteringFunctions/arm_fir_interpolate_q15.c ****  * WARRANTIES OR CONDITIONS OF ANY KIND, either express or implied.
  25:./Libraries/CMSIS/DSP/Source/FilteringFunctions/arm_fir_interpolate_q15.c ****  * See the License for the specific language governing permissions and
  26:./Libraries/CMSIS/DSP/Source/FilteringFunctions/arm_fir_interpolate_q15.c ****  * limitations under the License.
  27:./Libraries/CMSIS/DSP/Source/FilteringFunctions/arm_fir_interpolate_q15.c ****  */
  28:./Libraries/CMSIS/DSP/Source/FilteringFunctions/arm_fir_interpolate_q15.c **** 
  29:./Libraries/CMSIS/DSP/Source/FilteringFunctions/arm_fir_interpolate_q15.c **** #include "arm_math.h"
ARM GAS  /tmp/ccVL3wmI.s 			page 2


  30:./Libraries/CMSIS/DSP/Source/FilteringFunctions/arm_fir_interpolate_q15.c **** 
  31:./Libraries/CMSIS/DSP/Source/FilteringFunctions/arm_fir_interpolate_q15.c **** /**
  32:./Libraries/CMSIS/DSP/Source/FilteringFunctions/arm_fir_interpolate_q15.c ****   @ingroup groupFilters
  33:./Libraries/CMSIS/DSP/Source/FilteringFunctions/arm_fir_interpolate_q15.c ****  */
  34:./Libraries/CMSIS/DSP/Source/FilteringFunctions/arm_fir_interpolate_q15.c **** 
  35:./Libraries/CMSIS/DSP/Source/FilteringFunctions/arm_fir_interpolate_q15.c **** /**
  36:./Libraries/CMSIS/DSP/Source/FilteringFunctions/arm_fir_interpolate_q15.c ****   @addtogroup FIR_Interpolate
  37:./Libraries/CMSIS/DSP/Source/FilteringFunctions/arm_fir_interpolate_q15.c ****   @{
  38:./Libraries/CMSIS/DSP/Source/FilteringFunctions/arm_fir_interpolate_q15.c ****  */
  39:./Libraries/CMSIS/DSP/Source/FilteringFunctions/arm_fir_interpolate_q15.c **** 
  40:./Libraries/CMSIS/DSP/Source/FilteringFunctions/arm_fir_interpolate_q15.c **** /**
  41:./Libraries/CMSIS/DSP/Source/FilteringFunctions/arm_fir_interpolate_q15.c ****   @brief         Processing function for the Q15 FIR interpolator.
  42:./Libraries/CMSIS/DSP/Source/FilteringFunctions/arm_fir_interpolate_q15.c ****   @param[in]     S          points to an instance of the Q15 FIR interpolator structure
  43:./Libraries/CMSIS/DSP/Source/FilteringFunctions/arm_fir_interpolate_q15.c ****   @param[in]     pSrc       points to the block of input data
  44:./Libraries/CMSIS/DSP/Source/FilteringFunctions/arm_fir_interpolate_q15.c ****   @param[out]    pDst       points to the block of output data
  45:./Libraries/CMSIS/DSP/Source/FilteringFunctions/arm_fir_interpolate_q15.c ****   @param[in]     blockSize  number of samples to process
  46:./Libraries/CMSIS/DSP/Source/FilteringFunctions/arm_fir_interpolate_q15.c ****   @return        none
  47:./Libraries/CMSIS/DSP/Source/FilteringFunctions/arm_fir_interpolate_q15.c **** 
  48:./Libraries/CMSIS/DSP/Source/FilteringFunctions/arm_fir_interpolate_q15.c ****   @par           Scaling and Overflow Behavior
  49:./Libraries/CMSIS/DSP/Source/FilteringFunctions/arm_fir_interpolate_q15.c ****                    The function is implemented using a 64-bit internal accumulator.
  50:./Libraries/CMSIS/DSP/Source/FilteringFunctions/arm_fir_interpolate_q15.c ****                    Both coefficients and state variables are represented in 1.15 format and multipl
  51:./Libraries/CMSIS/DSP/Source/FilteringFunctions/arm_fir_interpolate_q15.c ****                    The 2.30 intermediate results are accumulated in a 64-bit accumulator in 34.30 f
  52:./Libraries/CMSIS/DSP/Source/FilteringFunctions/arm_fir_interpolate_q15.c ****                    There is no risk of internal overflow with this approach and the full precision 
  53:./Libraries/CMSIS/DSP/Source/FilteringFunctions/arm_fir_interpolate_q15.c ****                    After all additions have been performed, the accumulator is truncated to 34.15 f
  54:./Libraries/CMSIS/DSP/Source/FilteringFunctions/arm_fir_interpolate_q15.c ****                    Lastly, the accumulator is saturated to yield a result in 1.15 format.
  55:./Libraries/CMSIS/DSP/Source/FilteringFunctions/arm_fir_interpolate_q15.c ****  */
  56:./Libraries/CMSIS/DSP/Source/FilteringFunctions/arm_fir_interpolate_q15.c **** 
  57:./Libraries/CMSIS/DSP/Source/FilteringFunctions/arm_fir_interpolate_q15.c **** void arm_fir_interpolate_q15(
  58:./Libraries/CMSIS/DSP/Source/FilteringFunctions/arm_fir_interpolate_q15.c ****   const arm_fir_interpolate_instance_q15 * S,
  59:./Libraries/CMSIS/DSP/Source/FilteringFunctions/arm_fir_interpolate_q15.c ****   const q15_t * pSrc,
  60:./Libraries/CMSIS/DSP/Source/FilteringFunctions/arm_fir_interpolate_q15.c ****         q15_t * pDst,
  61:./Libraries/CMSIS/DSP/Source/FilteringFunctions/arm_fir_interpolate_q15.c ****         uint32_t blockSize)
  62:./Libraries/CMSIS/DSP/Source/FilteringFunctions/arm_fir_interpolate_q15.c **** {
  30              		.loc 1 62 1 view -0
  31              		.cfi_startproc
  32              		@ args = 0, pretend = 0, frame = 32
  33              		@ frame_needed = 0, uses_anonymous_args = 0
  63:./Libraries/CMSIS/DSP/Source/FilteringFunctions/arm_fir_interpolate_q15.c **** #if (1)
  64:./Libraries/CMSIS/DSP/Source/FilteringFunctions/arm_fir_interpolate_q15.c **** //#if !defined(ARM_MATH_CM0_FAMILY)
  65:./Libraries/CMSIS/DSP/Source/FilteringFunctions/arm_fir_interpolate_q15.c **** 
  66:./Libraries/CMSIS/DSP/Source/FilteringFunctions/arm_fir_interpolate_q15.c ****         q15_t *pState = S->pState;                     /* State pointer */
  34              		.loc 1 66 9 view .LVU1
  62:./Libraries/CMSIS/DSP/Source/FilteringFunctions/arm_fir_interpolate_q15.c **** #if (1)
  35              		.loc 1 62 1 is_stmt 0 view .LVU2
  36 0000 2DE9F04F 		push	{r4, r5, r6, r7, r8, r9, r10, fp, lr}
  37              	.LCFI0:
  38              		.cfi_def_cfa_offset 36
  39              		.cfi_offset 4, -36
  40              		.cfi_offset 5, -32
  41              		.cfi_offset 6, -28
  42              		.cfi_offset 7, -24
  43              		.cfi_offset 8, -20
  44              		.cfi_offset 9, -16
  45              		.cfi_offset 10, -12
  46              		.cfi_offset 11, -8
  47              		.cfi_offset 14, -4
  48 0004 8246     		mov	r10, r0
ARM GAS  /tmp/ccVL3wmI.s 			page 3


  49 0006 89B0     		sub	sp, sp, #36
  50              	.LCFI1:
  51              		.cfi_def_cfa_offset 72
  67:./Libraries/CMSIS/DSP/Source/FilteringFunctions/arm_fir_interpolate_q15.c ****   const q15_t *pCoeffs = S->pCoeffs;                   /* Coefficient pointer */
  68:./Libraries/CMSIS/DSP/Source/FilteringFunctions/arm_fir_interpolate_q15.c ****         q15_t *pStateCur;                              /* Points to the current sample of the state
  69:./Libraries/CMSIS/DSP/Source/FilteringFunctions/arm_fir_interpolate_q15.c ****         q15_t *ptr1;                                   /* Temporary pointer for state buffer */
  70:./Libraries/CMSIS/DSP/Source/FilteringFunctions/arm_fir_interpolate_q15.c ****   const q15_t *ptr2;                                   /* Temporary pointer for coefficient buffer 
  71:./Libraries/CMSIS/DSP/Source/FilteringFunctions/arm_fir_interpolate_q15.c ****         q63_t sum0;                                    /* Accumulators */
  72:./Libraries/CMSIS/DSP/Source/FilteringFunctions/arm_fir_interpolate_q15.c ****         uint32_t i, blkCnt, tapCnt;                    /* Loop counters */
  73:./Libraries/CMSIS/DSP/Source/FilteringFunctions/arm_fir_interpolate_q15.c ****         uint32_t phaseLen = S->phaseLength;            /* Length of each polyphase filter component
  74:./Libraries/CMSIS/DSP/Source/FilteringFunctions/arm_fir_interpolate_q15.c ****         uint32_t j;
  75:./Libraries/CMSIS/DSP/Source/FilteringFunctions/arm_fir_interpolate_q15.c **** 
  76:./Libraries/CMSIS/DSP/Source/FilteringFunctions/arm_fir_interpolate_q15.c **** #if defined (ARM_MATH_LOOPUNROLL)
  77:./Libraries/CMSIS/DSP/Source/FilteringFunctions/arm_fir_interpolate_q15.c ****         q63_t acc0, acc1, acc2, acc3;
  78:./Libraries/CMSIS/DSP/Source/FilteringFunctions/arm_fir_interpolate_q15.c ****         q15_t x0, x1, x2, x3;
  79:./Libraries/CMSIS/DSP/Source/FilteringFunctions/arm_fir_interpolate_q15.c ****         q15_t c0, c1, c2, c3;
  80:./Libraries/CMSIS/DSP/Source/FilteringFunctions/arm_fir_interpolate_q15.c **** #endif
  81:./Libraries/CMSIS/DSP/Source/FilteringFunctions/arm_fir_interpolate_q15.c **** 
  82:./Libraries/CMSIS/DSP/Source/FilteringFunctions/arm_fir_interpolate_q15.c ****   /* S->pState buffer contains previous frame (phaseLen - 1) samples */
  83:./Libraries/CMSIS/DSP/Source/FilteringFunctions/arm_fir_interpolate_q15.c ****   /* pStateCur points to the location where the new input data should be written */
  84:./Libraries/CMSIS/DSP/Source/FilteringFunctions/arm_fir_interpolate_q15.c ****   pStateCur = S->pState + (phaseLen - 1U);
  52              		.loc 1 84 25 view .LVU3
  53 0008 6FF00044 		mvn	r4, #-2147483648
  73:./Libraries/CMSIS/DSP/Source/FilteringFunctions/arm_fir_interpolate_q15.c ****         uint32_t j;
  54              		.loc 1 73 18 view .LVU4
  55 000c 4088     		ldrh	r0, [r0, #2]
  56              	.LVL1:
  67:./Libraries/CMSIS/DSP/Source/FilteringFunctions/arm_fir_interpolate_q15.c ****   const q15_t *pCoeffs = S->pCoeffs;                   /* Coefficient pointer */
  57              		.loc 1 67 16 view .LVU5
  58 000e DAF80450 		ldr	r5, [r10, #4]
  62:./Libraries/CMSIS/DSP/Source/FilteringFunctions/arm_fir_interpolate_q15.c **** #if (1)
  59              		.loc 1 62 1 view .LVU6
  60 0012 0292     		str	r2, [sp, #8]
  61              		.loc 1 84 25 view .LVU7
  62 0014 0444     		add	r4, r4, r0
  66:./Libraries/CMSIS/DSP/Source/FilteringFunctions/arm_fir_interpolate_q15.c ****   const q15_t *pCoeffs = S->pCoeffs;                   /* Coefficient pointer */
  63              		.loc 1 66 16 view .LVU8
  64 0016 DAF80820 		ldr	r2, [r10, #8]
  65              	.LVL2:
  62:./Libraries/CMSIS/DSP/Source/FilteringFunctions/arm_fir_interpolate_q15.c **** #if (1)
  66              		.loc 1 62 1 view .LVU9
  67 001a 0591     		str	r1, [sp, #20]
  85:./Libraries/CMSIS/DSP/Source/FilteringFunctions/arm_fir_interpolate_q15.c **** 
  86:./Libraries/CMSIS/DSP/Source/FilteringFunctions/arm_fir_interpolate_q15.c **** #if defined (ARM_MATH_LOOPUNROLL)
  87:./Libraries/CMSIS/DSP/Source/FilteringFunctions/arm_fir_interpolate_q15.c **** 
  88:./Libraries/CMSIS/DSP/Source/FilteringFunctions/arm_fir_interpolate_q15.c ****   /* Loop unrolling: Compute 4 outputs at a time */
  89:./Libraries/CMSIS/DSP/Source/FilteringFunctions/arm_fir_interpolate_q15.c ****   blkCnt = blockSize >> 2U;
  90:./Libraries/CMSIS/DSP/Source/FilteringFunctions/arm_fir_interpolate_q15.c **** 
  91:./Libraries/CMSIS/DSP/Source/FilteringFunctions/arm_fir_interpolate_q15.c ****   while (blkCnt > 0U)
  92:./Libraries/CMSIS/DSP/Source/FilteringFunctions/arm_fir_interpolate_q15.c ****   {
  93:./Libraries/CMSIS/DSP/Source/FilteringFunctions/arm_fir_interpolate_q15.c ****     /* Copy new input sample into the state buffer */
  94:./Libraries/CMSIS/DSP/Source/FilteringFunctions/arm_fir_interpolate_q15.c ****     *pStateCur++ = *pSrc++;
  95:./Libraries/CMSIS/DSP/Source/FilteringFunctions/arm_fir_interpolate_q15.c ****     *pStateCur++ = *pSrc++;
  96:./Libraries/CMSIS/DSP/Source/FilteringFunctions/arm_fir_interpolate_q15.c ****     *pStateCur++ = *pSrc++;
  97:./Libraries/CMSIS/DSP/Source/FilteringFunctions/arm_fir_interpolate_q15.c ****     *pStateCur++ = *pSrc++;
  98:./Libraries/CMSIS/DSP/Source/FilteringFunctions/arm_fir_interpolate_q15.c **** 
  99:./Libraries/CMSIS/DSP/Source/FilteringFunctions/arm_fir_interpolate_q15.c ****     /* Address modifier index of coefficient buffer */
ARM GAS  /tmp/ccVL3wmI.s 			page 4


 100:./Libraries/CMSIS/DSP/Source/FilteringFunctions/arm_fir_interpolate_q15.c ****     j = 1U;
 101:./Libraries/CMSIS/DSP/Source/FilteringFunctions/arm_fir_interpolate_q15.c **** 
 102:./Libraries/CMSIS/DSP/Source/FilteringFunctions/arm_fir_interpolate_q15.c ****     /* Loop over the Interpolation factor. */
 103:./Libraries/CMSIS/DSP/Source/FilteringFunctions/arm_fir_interpolate_q15.c ****     i = (S->L);
 104:./Libraries/CMSIS/DSP/Source/FilteringFunctions/arm_fir_interpolate_q15.c **** 
 105:./Libraries/CMSIS/DSP/Source/FilteringFunctions/arm_fir_interpolate_q15.c ****     while (i > 0U)
 106:./Libraries/CMSIS/DSP/Source/FilteringFunctions/arm_fir_interpolate_q15.c ****     {
 107:./Libraries/CMSIS/DSP/Source/FilteringFunctions/arm_fir_interpolate_q15.c ****       /* Set accumulator to zero */
 108:./Libraries/CMSIS/DSP/Source/FilteringFunctions/arm_fir_interpolate_q15.c ****       acc0 = 0;
 109:./Libraries/CMSIS/DSP/Source/FilteringFunctions/arm_fir_interpolate_q15.c ****       acc1 = 0;
 110:./Libraries/CMSIS/DSP/Source/FilteringFunctions/arm_fir_interpolate_q15.c ****       acc2 = 0;
 111:./Libraries/CMSIS/DSP/Source/FilteringFunctions/arm_fir_interpolate_q15.c ****       acc3 = 0;
 112:./Libraries/CMSIS/DSP/Source/FilteringFunctions/arm_fir_interpolate_q15.c **** 
 113:./Libraries/CMSIS/DSP/Source/FilteringFunctions/arm_fir_interpolate_q15.c ****       /* Initialize state pointer */
 114:./Libraries/CMSIS/DSP/Source/FilteringFunctions/arm_fir_interpolate_q15.c ****       ptr1 = pState;
 115:./Libraries/CMSIS/DSP/Source/FilteringFunctions/arm_fir_interpolate_q15.c **** 
 116:./Libraries/CMSIS/DSP/Source/FilteringFunctions/arm_fir_interpolate_q15.c ****       /* Initialize coefficient pointer */
 117:./Libraries/CMSIS/DSP/Source/FilteringFunctions/arm_fir_interpolate_q15.c ****       ptr2 = pCoeffs + (S->L - j);
 118:./Libraries/CMSIS/DSP/Source/FilteringFunctions/arm_fir_interpolate_q15.c **** 
 119:./Libraries/CMSIS/DSP/Source/FilteringFunctions/arm_fir_interpolate_q15.c ****       /* Loop over the polyPhase length. Unroll by a factor of 4.
 120:./Libraries/CMSIS/DSP/Source/FilteringFunctions/arm_fir_interpolate_q15.c ****          Repeat until we've computed numTaps-(4*S->L) coefficients. */
 121:./Libraries/CMSIS/DSP/Source/FilteringFunctions/arm_fir_interpolate_q15.c ****       tapCnt = phaseLen >> 2U;
 122:./Libraries/CMSIS/DSP/Source/FilteringFunctions/arm_fir_interpolate_q15.c **** 
 123:./Libraries/CMSIS/DSP/Source/FilteringFunctions/arm_fir_interpolate_q15.c ****       x0 = *(ptr1++);
 124:./Libraries/CMSIS/DSP/Source/FilteringFunctions/arm_fir_interpolate_q15.c ****       x1 = *(ptr1++);
 125:./Libraries/CMSIS/DSP/Source/FilteringFunctions/arm_fir_interpolate_q15.c ****       x2 = *(ptr1++);
 126:./Libraries/CMSIS/DSP/Source/FilteringFunctions/arm_fir_interpolate_q15.c **** 
 127:./Libraries/CMSIS/DSP/Source/FilteringFunctions/arm_fir_interpolate_q15.c ****       while (tapCnt > 0U)
 128:./Libraries/CMSIS/DSP/Source/FilteringFunctions/arm_fir_interpolate_q15.c ****       {
 129:./Libraries/CMSIS/DSP/Source/FilteringFunctions/arm_fir_interpolate_q15.c ****         /* Read the input sample */
 130:./Libraries/CMSIS/DSP/Source/FilteringFunctions/arm_fir_interpolate_q15.c ****         x3 = *(ptr1++);
 131:./Libraries/CMSIS/DSP/Source/FilteringFunctions/arm_fir_interpolate_q15.c **** 
 132:./Libraries/CMSIS/DSP/Source/FilteringFunctions/arm_fir_interpolate_q15.c ****         /* Read the coefficient */
 133:./Libraries/CMSIS/DSP/Source/FilteringFunctions/arm_fir_interpolate_q15.c ****         c0 = *(ptr2);
 134:./Libraries/CMSIS/DSP/Source/FilteringFunctions/arm_fir_interpolate_q15.c **** 
 135:./Libraries/CMSIS/DSP/Source/FilteringFunctions/arm_fir_interpolate_q15.c ****         /* Perform the multiply-accumulate */
 136:./Libraries/CMSIS/DSP/Source/FilteringFunctions/arm_fir_interpolate_q15.c ****         acc0 += (q63_t) x0 * c0;
 137:./Libraries/CMSIS/DSP/Source/FilteringFunctions/arm_fir_interpolate_q15.c ****         acc1 += (q63_t) x1 * c0;
 138:./Libraries/CMSIS/DSP/Source/FilteringFunctions/arm_fir_interpolate_q15.c ****         acc2 += (q63_t) x2 * c0;
 139:./Libraries/CMSIS/DSP/Source/FilteringFunctions/arm_fir_interpolate_q15.c ****         acc3 += (q63_t) x3 * c0;
 140:./Libraries/CMSIS/DSP/Source/FilteringFunctions/arm_fir_interpolate_q15.c **** 
 141:./Libraries/CMSIS/DSP/Source/FilteringFunctions/arm_fir_interpolate_q15.c ****         /* Read the coefficient */
 142:./Libraries/CMSIS/DSP/Source/FilteringFunctions/arm_fir_interpolate_q15.c ****         c1 = *(ptr2 + S->L);
 143:./Libraries/CMSIS/DSP/Source/FilteringFunctions/arm_fir_interpolate_q15.c **** 
 144:./Libraries/CMSIS/DSP/Source/FilteringFunctions/arm_fir_interpolate_q15.c ****         /* Read the input sample */
 145:./Libraries/CMSIS/DSP/Source/FilteringFunctions/arm_fir_interpolate_q15.c ****         x0 = *(ptr1++);
 146:./Libraries/CMSIS/DSP/Source/FilteringFunctions/arm_fir_interpolate_q15.c **** 
 147:./Libraries/CMSIS/DSP/Source/FilteringFunctions/arm_fir_interpolate_q15.c ****         /* Perform the multiply-accumulate */
 148:./Libraries/CMSIS/DSP/Source/FilteringFunctions/arm_fir_interpolate_q15.c ****         acc0 += (q63_t) x1 * c1;
 149:./Libraries/CMSIS/DSP/Source/FilteringFunctions/arm_fir_interpolate_q15.c ****         acc1 += (q63_t) x2 * c1;
 150:./Libraries/CMSIS/DSP/Source/FilteringFunctions/arm_fir_interpolate_q15.c ****         acc2 += (q63_t) x3 * c1;
 151:./Libraries/CMSIS/DSP/Source/FilteringFunctions/arm_fir_interpolate_q15.c ****         acc3 += (q63_t) x0 * c1;
 152:./Libraries/CMSIS/DSP/Source/FilteringFunctions/arm_fir_interpolate_q15.c **** 
 153:./Libraries/CMSIS/DSP/Source/FilteringFunctions/arm_fir_interpolate_q15.c ****         /* Read the coefficient */
 154:./Libraries/CMSIS/DSP/Source/FilteringFunctions/arm_fir_interpolate_q15.c ****         c2 = *(ptr2 + S->L * 2);
 155:./Libraries/CMSIS/DSP/Source/FilteringFunctions/arm_fir_interpolate_q15.c **** 
 156:./Libraries/CMSIS/DSP/Source/FilteringFunctions/arm_fir_interpolate_q15.c ****         /* Read the input sample */
ARM GAS  /tmp/ccVL3wmI.s 			page 5


 157:./Libraries/CMSIS/DSP/Source/FilteringFunctions/arm_fir_interpolate_q15.c ****         x1 = *(ptr1++);
 158:./Libraries/CMSIS/DSP/Source/FilteringFunctions/arm_fir_interpolate_q15.c **** 
 159:./Libraries/CMSIS/DSP/Source/FilteringFunctions/arm_fir_interpolate_q15.c ****         /* Perform the multiply-accumulate */
 160:./Libraries/CMSIS/DSP/Source/FilteringFunctions/arm_fir_interpolate_q15.c ****         acc0 += (q63_t) x2 * c2;
 161:./Libraries/CMSIS/DSP/Source/FilteringFunctions/arm_fir_interpolate_q15.c ****         acc1 += (q63_t) x3 * c2;
 162:./Libraries/CMSIS/DSP/Source/FilteringFunctions/arm_fir_interpolate_q15.c ****         acc2 += (q63_t) x0 * c2;
 163:./Libraries/CMSIS/DSP/Source/FilteringFunctions/arm_fir_interpolate_q15.c ****         acc3 += (q63_t) x1 * c2;
 164:./Libraries/CMSIS/DSP/Source/FilteringFunctions/arm_fir_interpolate_q15.c **** 
 165:./Libraries/CMSIS/DSP/Source/FilteringFunctions/arm_fir_interpolate_q15.c ****         /* Read the coefficient */
 166:./Libraries/CMSIS/DSP/Source/FilteringFunctions/arm_fir_interpolate_q15.c ****         c3 = *(ptr2 + S->L * 3);
 167:./Libraries/CMSIS/DSP/Source/FilteringFunctions/arm_fir_interpolate_q15.c **** 
 168:./Libraries/CMSIS/DSP/Source/FilteringFunctions/arm_fir_interpolate_q15.c ****         /* Read the input sample */
 169:./Libraries/CMSIS/DSP/Source/FilteringFunctions/arm_fir_interpolate_q15.c ****         x2 = *(ptr1++);
 170:./Libraries/CMSIS/DSP/Source/FilteringFunctions/arm_fir_interpolate_q15.c **** 
 171:./Libraries/CMSIS/DSP/Source/FilteringFunctions/arm_fir_interpolate_q15.c ****         /* Perform the multiply-accumulate */
 172:./Libraries/CMSIS/DSP/Source/FilteringFunctions/arm_fir_interpolate_q15.c ****         acc0 += (q63_t) x3 * c3;
 173:./Libraries/CMSIS/DSP/Source/FilteringFunctions/arm_fir_interpolate_q15.c ****         acc1 += (q63_t) x0 * c3;
 174:./Libraries/CMSIS/DSP/Source/FilteringFunctions/arm_fir_interpolate_q15.c ****         acc2 += (q63_t) x1 * c3;
 175:./Libraries/CMSIS/DSP/Source/FilteringFunctions/arm_fir_interpolate_q15.c ****         acc3 += (q63_t) x2 * c3;
 176:./Libraries/CMSIS/DSP/Source/FilteringFunctions/arm_fir_interpolate_q15.c **** 
 177:./Libraries/CMSIS/DSP/Source/FilteringFunctions/arm_fir_interpolate_q15.c **** 
 178:./Libraries/CMSIS/DSP/Source/FilteringFunctions/arm_fir_interpolate_q15.c ****         /* Upsampling is done by stuffing L-1 zeros between each sample.
 179:./Libraries/CMSIS/DSP/Source/FilteringFunctions/arm_fir_interpolate_q15.c ****          * So instead of multiplying zeros with coefficients,
 180:./Libraries/CMSIS/DSP/Source/FilteringFunctions/arm_fir_interpolate_q15.c ****          * Increment the coefficient pointer by interpolation factor times. */
 181:./Libraries/CMSIS/DSP/Source/FilteringFunctions/arm_fir_interpolate_q15.c ****         ptr2 += 4 * S->L;
 182:./Libraries/CMSIS/DSP/Source/FilteringFunctions/arm_fir_interpolate_q15.c **** 
 183:./Libraries/CMSIS/DSP/Source/FilteringFunctions/arm_fir_interpolate_q15.c ****         /* Decrement loop counter */
 184:./Libraries/CMSIS/DSP/Source/FilteringFunctions/arm_fir_interpolate_q15.c ****         tapCnt--;
 185:./Libraries/CMSIS/DSP/Source/FilteringFunctions/arm_fir_interpolate_q15.c ****       }
 186:./Libraries/CMSIS/DSP/Source/FilteringFunctions/arm_fir_interpolate_q15.c **** 
 187:./Libraries/CMSIS/DSP/Source/FilteringFunctions/arm_fir_interpolate_q15.c ****       /* If the polyPhase length is not a multiple of 4, compute the remaining filter taps */
 188:./Libraries/CMSIS/DSP/Source/FilteringFunctions/arm_fir_interpolate_q15.c ****       tapCnt = phaseLen % 0x4U;
 189:./Libraries/CMSIS/DSP/Source/FilteringFunctions/arm_fir_interpolate_q15.c **** 
 190:./Libraries/CMSIS/DSP/Source/FilteringFunctions/arm_fir_interpolate_q15.c ****       while (tapCnt > 0U)
 191:./Libraries/CMSIS/DSP/Source/FilteringFunctions/arm_fir_interpolate_q15.c ****       {
 192:./Libraries/CMSIS/DSP/Source/FilteringFunctions/arm_fir_interpolate_q15.c ****         /* Read the input sample */
 193:./Libraries/CMSIS/DSP/Source/FilteringFunctions/arm_fir_interpolate_q15.c ****         x3 = *(ptr1++);
 194:./Libraries/CMSIS/DSP/Source/FilteringFunctions/arm_fir_interpolate_q15.c **** 
 195:./Libraries/CMSIS/DSP/Source/FilteringFunctions/arm_fir_interpolate_q15.c ****         /* Read the coefficient */
 196:./Libraries/CMSIS/DSP/Source/FilteringFunctions/arm_fir_interpolate_q15.c ****         c0 = *(ptr2);
 197:./Libraries/CMSIS/DSP/Source/FilteringFunctions/arm_fir_interpolate_q15.c **** 
 198:./Libraries/CMSIS/DSP/Source/FilteringFunctions/arm_fir_interpolate_q15.c ****         /* Perform the multiply-accumulate */
 199:./Libraries/CMSIS/DSP/Source/FilteringFunctions/arm_fir_interpolate_q15.c ****         acc0 += (q63_t) x0 * c0;
 200:./Libraries/CMSIS/DSP/Source/FilteringFunctions/arm_fir_interpolate_q15.c ****         acc1 += (q63_t) x1 * c0;
 201:./Libraries/CMSIS/DSP/Source/FilteringFunctions/arm_fir_interpolate_q15.c ****         acc2 += (q63_t) x2 * c0;
 202:./Libraries/CMSIS/DSP/Source/FilteringFunctions/arm_fir_interpolate_q15.c ****         acc3 += (q63_t) x3 * c0;
 203:./Libraries/CMSIS/DSP/Source/FilteringFunctions/arm_fir_interpolate_q15.c **** 
 204:./Libraries/CMSIS/DSP/Source/FilteringFunctions/arm_fir_interpolate_q15.c ****         /* Increment the coefficient pointer by interpolation factor times. */
 205:./Libraries/CMSIS/DSP/Source/FilteringFunctions/arm_fir_interpolate_q15.c ****         ptr2 += S->L;
 206:./Libraries/CMSIS/DSP/Source/FilteringFunctions/arm_fir_interpolate_q15.c **** 
 207:./Libraries/CMSIS/DSP/Source/FilteringFunctions/arm_fir_interpolate_q15.c ****         /* update states for next sample processing */
 208:./Libraries/CMSIS/DSP/Source/FilteringFunctions/arm_fir_interpolate_q15.c ****         x0 = x1;
 209:./Libraries/CMSIS/DSP/Source/FilteringFunctions/arm_fir_interpolate_q15.c ****         x1 = x2;
 210:./Libraries/CMSIS/DSP/Source/FilteringFunctions/arm_fir_interpolate_q15.c ****         x2 = x3;
 211:./Libraries/CMSIS/DSP/Source/FilteringFunctions/arm_fir_interpolate_q15.c **** 
 212:./Libraries/CMSIS/DSP/Source/FilteringFunctions/arm_fir_interpolate_q15.c ****         /* Decrement loop counter */
 213:./Libraries/CMSIS/DSP/Source/FilteringFunctions/arm_fir_interpolate_q15.c ****         tapCnt--;
ARM GAS  /tmp/ccVL3wmI.s 			page 6


 214:./Libraries/CMSIS/DSP/Source/FilteringFunctions/arm_fir_interpolate_q15.c ****       }
 215:./Libraries/CMSIS/DSP/Source/FilteringFunctions/arm_fir_interpolate_q15.c **** 
 216:./Libraries/CMSIS/DSP/Source/FilteringFunctions/arm_fir_interpolate_q15.c ****       /* The result is in the accumulator, store in the destination buffer. */
 217:./Libraries/CMSIS/DSP/Source/FilteringFunctions/arm_fir_interpolate_q15.c ****       *(pDst           ) = (q15_t) (__SSAT((acc0 >> 15), 16));
 218:./Libraries/CMSIS/DSP/Source/FilteringFunctions/arm_fir_interpolate_q15.c ****       *(pDst +     S->L) = (q15_t) (__SSAT((acc1 >> 15), 16));
 219:./Libraries/CMSIS/DSP/Source/FilteringFunctions/arm_fir_interpolate_q15.c ****       *(pDst + 2 * S->L) = (q15_t) (__SSAT((acc2 >> 15), 16));
 220:./Libraries/CMSIS/DSP/Source/FilteringFunctions/arm_fir_interpolate_q15.c ****       *(pDst + 3 * S->L) = (q15_t) (__SSAT((acc3 >> 15), 16));
 221:./Libraries/CMSIS/DSP/Source/FilteringFunctions/arm_fir_interpolate_q15.c **** 
 222:./Libraries/CMSIS/DSP/Source/FilteringFunctions/arm_fir_interpolate_q15.c ****       pDst++;
 223:./Libraries/CMSIS/DSP/Source/FilteringFunctions/arm_fir_interpolate_q15.c **** 
 224:./Libraries/CMSIS/DSP/Source/FilteringFunctions/arm_fir_interpolate_q15.c ****       /* Increment the address modifier index of coefficient buffer */
 225:./Libraries/CMSIS/DSP/Source/FilteringFunctions/arm_fir_interpolate_q15.c ****       j++;
 226:./Libraries/CMSIS/DSP/Source/FilteringFunctions/arm_fir_interpolate_q15.c **** 
 227:./Libraries/CMSIS/DSP/Source/FilteringFunctions/arm_fir_interpolate_q15.c ****       /* Decrement loop counter */
 228:./Libraries/CMSIS/DSP/Source/FilteringFunctions/arm_fir_interpolate_q15.c ****       i--;
 229:./Libraries/CMSIS/DSP/Source/FilteringFunctions/arm_fir_interpolate_q15.c ****     }
 230:./Libraries/CMSIS/DSP/Source/FilteringFunctions/arm_fir_interpolate_q15.c **** 
 231:./Libraries/CMSIS/DSP/Source/FilteringFunctions/arm_fir_interpolate_q15.c ****     /* Advance the state pointer by 1
 232:./Libraries/CMSIS/DSP/Source/FilteringFunctions/arm_fir_interpolate_q15.c ****      * to process the next group of interpolation factor number samples */
 233:./Libraries/CMSIS/DSP/Source/FilteringFunctions/arm_fir_interpolate_q15.c ****     pState = pState + 4;
 234:./Libraries/CMSIS/DSP/Source/FilteringFunctions/arm_fir_interpolate_q15.c **** 
 235:./Libraries/CMSIS/DSP/Source/FilteringFunctions/arm_fir_interpolate_q15.c ****     pDst += S->L * 3;
 236:./Libraries/CMSIS/DSP/Source/FilteringFunctions/arm_fir_interpolate_q15.c **** 
 237:./Libraries/CMSIS/DSP/Source/FilteringFunctions/arm_fir_interpolate_q15.c ****     /* Decrement loop counter */
 238:./Libraries/CMSIS/DSP/Source/FilteringFunctions/arm_fir_interpolate_q15.c ****     blkCnt--;
 239:./Libraries/CMSIS/DSP/Source/FilteringFunctions/arm_fir_interpolate_q15.c ****   }
 240:./Libraries/CMSIS/DSP/Source/FilteringFunctions/arm_fir_interpolate_q15.c **** 
 241:./Libraries/CMSIS/DSP/Source/FilteringFunctions/arm_fir_interpolate_q15.c ****   /* Loop unrolling: Compute remaining outputs */
 242:./Libraries/CMSIS/DSP/Source/FilteringFunctions/arm_fir_interpolate_q15.c ****   blkCnt = blockSize % 0x4U;
 243:./Libraries/CMSIS/DSP/Source/FilteringFunctions/arm_fir_interpolate_q15.c **** 
 244:./Libraries/CMSIS/DSP/Source/FilteringFunctions/arm_fir_interpolate_q15.c **** #else
 245:./Libraries/CMSIS/DSP/Source/FilteringFunctions/arm_fir_interpolate_q15.c **** 
 246:./Libraries/CMSIS/DSP/Source/FilteringFunctions/arm_fir_interpolate_q15.c ****   /* Initialize blkCnt with number of samples */
 247:./Libraries/CMSIS/DSP/Source/FilteringFunctions/arm_fir_interpolate_q15.c ****   blkCnt = blockSize;
 248:./Libraries/CMSIS/DSP/Source/FilteringFunctions/arm_fir_interpolate_q15.c **** 
 249:./Libraries/CMSIS/DSP/Source/FilteringFunctions/arm_fir_interpolate_q15.c **** #endif /* #if defined (ARM_MATH_LOOPUNROLL) */
 250:./Libraries/CMSIS/DSP/Source/FilteringFunctions/arm_fir_interpolate_q15.c **** 
 251:./Libraries/CMSIS/DSP/Source/FilteringFunctions/arm_fir_interpolate_q15.c ****   while (blkCnt > 0U)
  68              		.loc 1 251 9 view .LVU10
  69 001c 1946     		mov	r1, r3
  70              	.LVL3:
  71              		.loc 1 251 9 view .LVU11
  72 001e 0793     		str	r3, [sp, #28]
  66:./Libraries/CMSIS/DSP/Source/FilteringFunctions/arm_fir_interpolate_q15.c ****   const q15_t *pCoeffs = S->pCoeffs;                   /* Coefficient pointer */
  73              		.loc 1 66 16 view .LVU12
  74 0020 0692     		str	r2, [sp, #24]
  75              	.LVL4:
  67:./Libraries/CMSIS/DSP/Source/FilteringFunctions/arm_fir_interpolate_q15.c ****         q15_t *pStateCur;                              /* Points to the current sample of the state
  76              		.loc 1 67 3 is_stmt 1 view .LVU13
  67:./Libraries/CMSIS/DSP/Source/FilteringFunctions/arm_fir_interpolate_q15.c ****         q15_t *pStateCur;                              /* Points to the current sample of the state
  77              		.loc 1 67 16 is_stmt 0 view .LVU14
  78 0022 0195     		str	r5, [sp, #4]
  79              	.LVL5:
  68:./Libraries/CMSIS/DSP/Source/FilteringFunctions/arm_fir_interpolate_q15.c ****         q15_t *ptr1;                                   /* Temporary pointer for state buffer */
  80              		.loc 1 68 9 is_stmt 1 view .LVU15
  69:./Libraries/CMSIS/DSP/Source/FilteringFunctions/arm_fir_interpolate_q15.c ****   const q15_t *ptr2;                                   /* Temporary pointer for coefficient buffer 
  81              		.loc 1 69 9 view .LVU16
ARM GAS  /tmp/ccVL3wmI.s 			page 7


  70:./Libraries/CMSIS/DSP/Source/FilteringFunctions/arm_fir_interpolate_q15.c ****         q63_t sum0;                                    /* Accumulators */
  82              		.loc 1 70 3 view .LVU17
  71:./Libraries/CMSIS/DSP/Source/FilteringFunctions/arm_fir_interpolate_q15.c ****         uint32_t i, blkCnt, tapCnt;                    /* Loop counters */
  83              		.loc 1 71 9 view .LVU18
  72:./Libraries/CMSIS/DSP/Source/FilteringFunctions/arm_fir_interpolate_q15.c ****         uint32_t phaseLen = S->phaseLength;            /* Length of each polyphase filter component
  84              		.loc 1 72 9 view .LVU19
  73:./Libraries/CMSIS/DSP/Source/FilteringFunctions/arm_fir_interpolate_q15.c ****         uint32_t j;
  85              		.loc 1 73 9 view .LVU20
  74:./Libraries/CMSIS/DSP/Source/FilteringFunctions/arm_fir_interpolate_q15.c **** 
  86              		.loc 1 74 9 view .LVU21
  84:./Libraries/CMSIS/DSP/Source/FilteringFunctions/arm_fir_interpolate_q15.c **** 
  87              		.loc 1 84 3 view .LVU22
 247:./Libraries/CMSIS/DSP/Source/FilteringFunctions/arm_fir_interpolate_q15.c **** 
  88              		.loc 1 247 3 view .LVU23
  89              		.loc 1 251 3 view .LVU24
  90              		.loc 1 251 9 view .LVU25
  91 0024 002B     		cmp	r3, #0
  92 0026 64D0     		beq	.L12
  93 0028 6300     		lsls	r3, r4, #1
  94              	.LVL6:
  66:./Libraries/CMSIS/DSP/Source/FilteringFunctions/arm_fir_interpolate_q15.c ****   const q15_t *pCoeffs = S->pCoeffs;                   /* Coefficient pointer */
  95              		.loc 1 66 16 is_stmt 0 view .LVU26
  96 002a 9346     		mov	fp, r2
  97              		.loc 1 251 9 view .LVU27
  98 002c 0491     		str	r1, [sp, #16]
  99 002e 023B     		subs	r3, r3, #2
 100              	.LVL7:
 101              		.loc 1 251 9 view .LVU28
 102 0030 D318     		adds	r3, r2, r3
 103              	.LVL8:
 104              		.loc 1 251 9 view .LVU29
 105 0032 0393     		str	r3, [sp, #12]
 106              	.LVL9:
 107              	.L8:
 252:./Libraries/CMSIS/DSP/Source/FilteringFunctions/arm_fir_interpolate_q15.c ****   {
 253:./Libraries/CMSIS/DSP/Source/FilteringFunctions/arm_fir_interpolate_q15.c ****     /* Copy new input sample into the state buffer */
 254:./Libraries/CMSIS/DSP/Source/FilteringFunctions/arm_fir_interpolate_q15.c ****     *pStateCur++ = *pSrc++;
 108              		.loc 1 254 5 is_stmt 1 view .LVU30
 109              		.loc 1 254 20 is_stmt 0 view .LVU31
 110 0034 059A     		ldr	r2, [sp, #20]
 111 0036 32F9023B 		ldrsh	r3, [r2], #2
 112              	.LVL10:
 113              		.loc 1 254 20 view .LVU32
 114 003a 0592     		str	r2, [sp, #20]
 115              		.loc 1 254 18 view .LVU33
 116 003c 039A     		ldr	r2, [sp, #12]
 117              	.LVL11:
 118              		.loc 1 254 18 view .LVU34
 119 003e 22F8023F 		strh	r3, [r2, #2]!	@ movhi
 255:./Libraries/CMSIS/DSP/Source/FilteringFunctions/arm_fir_interpolate_q15.c **** 
 256:./Libraries/CMSIS/DSP/Source/FilteringFunctions/arm_fir_interpolate_q15.c ****     /* Address modifier index of coefficient buffer */
 257:./Libraries/CMSIS/DSP/Source/FilteringFunctions/arm_fir_interpolate_q15.c ****     j = 1U;
 258:./Libraries/CMSIS/DSP/Source/FilteringFunctions/arm_fir_interpolate_q15.c **** 
 259:./Libraries/CMSIS/DSP/Source/FilteringFunctions/arm_fir_interpolate_q15.c ****     /* Loop over the Interpolation factor. */
 260:./Libraries/CMSIS/DSP/Source/FilteringFunctions/arm_fir_interpolate_q15.c ****     i = S->L;
 120              		.loc 1 260 10 view .LVU35
 121 0042 9AF80090 		ldrb	r9, [r10]	@ zero_extendqisi2
ARM GAS  /tmp/ccVL3wmI.s 			page 8


 254:./Libraries/CMSIS/DSP/Source/FilteringFunctions/arm_fir_interpolate_q15.c **** 
 122              		.loc 1 254 18 view .LVU36
 123 0046 0392     		str	r2, [sp, #12]
 257:./Libraries/CMSIS/DSP/Source/FilteringFunctions/arm_fir_interpolate_q15.c **** 
 124              		.loc 1 257 5 is_stmt 1 view .LVU37
 125              	.LVL12:
 126              		.loc 1 260 5 view .LVU38
 261:./Libraries/CMSIS/DSP/Source/FilteringFunctions/arm_fir_interpolate_q15.c ****     while (i > 0U)
 127              		.loc 1 261 5 view .LVU39
 128              		.loc 1 261 11 view .LVU40
 129 0048 B9F1000F 		cmp	r9, #0
 130 004c 3AD0     		beq	.L3
 131 004e CC46     		mov	ip, r9
 257:./Libraries/CMSIS/DSP/Source/FilteringFunctions/arm_fir_interpolate_q15.c **** 
 132              		.loc 1 257 7 is_stmt 0 view .LVU41
 133 0050 4FF0010E 		mov	lr, #1
 134              	.LVL13:
 262:./Libraries/CMSIS/DSP/Source/FilteringFunctions/arm_fir_interpolate_q15.c ****     {
 263:./Libraries/CMSIS/DSP/Source/FilteringFunctions/arm_fir_interpolate_q15.c ****       /* Set accumulator to zero */
 264:./Libraries/CMSIS/DSP/Source/FilteringFunctions/arm_fir_interpolate_q15.c ****       sum0 = 0;
 265:./Libraries/CMSIS/DSP/Source/FilteringFunctions/arm_fir_interpolate_q15.c **** 
 266:./Libraries/CMSIS/DSP/Source/FilteringFunctions/arm_fir_interpolate_q15.c ****       /* Initialize state pointer */
 267:./Libraries/CMSIS/DSP/Source/FilteringFunctions/arm_fir_interpolate_q15.c ****       ptr1 = pState;
 268:./Libraries/CMSIS/DSP/Source/FilteringFunctions/arm_fir_interpolate_q15.c **** 
 269:./Libraries/CMSIS/DSP/Source/FilteringFunctions/arm_fir_interpolate_q15.c ****       /* Initialize coefficient pointer */
 270:./Libraries/CMSIS/DSP/Source/FilteringFunctions/arm_fir_interpolate_q15.c ****       ptr2 = pCoeffs + (S->L - j);
 135              		.loc 1 270 12 view .LVU42
 136 0054 019A     		ldr	r2, [sp, #4]
 137              		.loc 1 270 30 view .LVU43
 138 0056 ACEB0E03 		sub	r3, ip, lr
 261:./Libraries/CMSIS/DSP/Source/FilteringFunctions/arm_fir_interpolate_q15.c ****     while (i > 0U)
 139              		.loc 1 261 11 view .LVU44
 140 005a DDF80880 		ldr	r8, [sp, #8]
 264:./Libraries/CMSIS/DSP/Source/FilteringFunctions/arm_fir_interpolate_q15.c **** 
 141              		.loc 1 264 7 is_stmt 1 view .LVU45
 142              	.LVL14:
 267:./Libraries/CMSIS/DSP/Source/FilteringFunctions/arm_fir_interpolate_q15.c **** 
 143              		.loc 1 267 7 view .LVU46
 144              		.loc 1 270 7 view .LVU47
 145              		.loc 1 270 12 is_stmt 0 view .LVU48
 146 005e 02EB4303 		add	r3, r2, r3, lsl #1
 147              	.LVL15:
 271:./Libraries/CMSIS/DSP/Source/FilteringFunctions/arm_fir_interpolate_q15.c **** 
 272:./Libraries/CMSIS/DSP/Source/FilteringFunctions/arm_fir_interpolate_q15.c ****       /* Loop over the polyPhase length.
 273:./Libraries/CMSIS/DSP/Source/FilteringFunctions/arm_fir_interpolate_q15.c ****          Repeat until we've computed numTaps-(4*S->L) coefficients. */
 274:./Libraries/CMSIS/DSP/Source/FilteringFunctions/arm_fir_interpolate_q15.c **** 
 275:./Libraries/CMSIS/DSP/Source/FilteringFunctions/arm_fir_interpolate_q15.c **** #if defined (ARM_MATH_LOOPUNROLL)
 276:./Libraries/CMSIS/DSP/Source/FilteringFunctions/arm_fir_interpolate_q15.c **** 
 277:./Libraries/CMSIS/DSP/Source/FilteringFunctions/arm_fir_interpolate_q15.c ****      /* Loop unrolling: Compute 4 outputs at a time */
 278:./Libraries/CMSIS/DSP/Source/FilteringFunctions/arm_fir_interpolate_q15.c ****       tapCnt = phaseLen >> 2U;
 279:./Libraries/CMSIS/DSP/Source/FilteringFunctions/arm_fir_interpolate_q15.c **** 
 280:./Libraries/CMSIS/DSP/Source/FilteringFunctions/arm_fir_interpolate_q15.c ****       while (tapCnt > 0U)
 281:./Libraries/CMSIS/DSP/Source/FilteringFunctions/arm_fir_interpolate_q15.c ****       {
 282:./Libraries/CMSIS/DSP/Source/FilteringFunctions/arm_fir_interpolate_q15.c ****         /* Perform the multiply-accumulate */
 283:./Libraries/CMSIS/DSP/Source/FilteringFunctions/arm_fir_interpolate_q15.c ****         sum0 += (q63_t) *ptr1++ * *ptr2;
 284:./Libraries/CMSIS/DSP/Source/FilteringFunctions/arm_fir_interpolate_q15.c **** 
 285:./Libraries/CMSIS/DSP/Source/FilteringFunctions/arm_fir_interpolate_q15.c ****         /* Upsampling is done by stuffing L-1 zeros between each sample.
ARM GAS  /tmp/ccVL3wmI.s 			page 9


 286:./Libraries/CMSIS/DSP/Source/FilteringFunctions/arm_fir_interpolate_q15.c ****          * So instead of multiplying zeros with coefficients,
 287:./Libraries/CMSIS/DSP/Source/FilteringFunctions/arm_fir_interpolate_q15.c ****          * Increment the coefficient pointer by interpolation factor times. */
 288:./Libraries/CMSIS/DSP/Source/FilteringFunctions/arm_fir_interpolate_q15.c ****         ptr2 += S->L;
 289:./Libraries/CMSIS/DSP/Source/FilteringFunctions/arm_fir_interpolate_q15.c **** 
 290:./Libraries/CMSIS/DSP/Source/FilteringFunctions/arm_fir_interpolate_q15.c ****         sum0 += (q63_t) *ptr1++ * *ptr2;
 291:./Libraries/CMSIS/DSP/Source/FilteringFunctions/arm_fir_interpolate_q15.c ****         ptr2 += S->L;
 292:./Libraries/CMSIS/DSP/Source/FilteringFunctions/arm_fir_interpolate_q15.c **** 
 293:./Libraries/CMSIS/DSP/Source/FilteringFunctions/arm_fir_interpolate_q15.c ****         sum0 += (q63_t) *ptr1++ * *ptr2;
 294:./Libraries/CMSIS/DSP/Source/FilteringFunctions/arm_fir_interpolate_q15.c ****         ptr2 += S->L;
 295:./Libraries/CMSIS/DSP/Source/FilteringFunctions/arm_fir_interpolate_q15.c **** 
 296:./Libraries/CMSIS/DSP/Source/FilteringFunctions/arm_fir_interpolate_q15.c ****         sum0 += (q63_t) *ptr1++ * *ptr2;
 297:./Libraries/CMSIS/DSP/Source/FilteringFunctions/arm_fir_interpolate_q15.c ****         ptr2 += S->L;
 298:./Libraries/CMSIS/DSP/Source/FilteringFunctions/arm_fir_interpolate_q15.c **** 
 299:./Libraries/CMSIS/DSP/Source/FilteringFunctions/arm_fir_interpolate_q15.c ****         /* Decrement loop counter */
 300:./Libraries/CMSIS/DSP/Source/FilteringFunctions/arm_fir_interpolate_q15.c ****         tapCnt--;
 301:./Libraries/CMSIS/DSP/Source/FilteringFunctions/arm_fir_interpolate_q15.c ****       }
 302:./Libraries/CMSIS/DSP/Source/FilteringFunctions/arm_fir_interpolate_q15.c **** 
 303:./Libraries/CMSIS/DSP/Source/FilteringFunctions/arm_fir_interpolate_q15.c ****       /* Loop unrolling: Compute remaining outputs */
 304:./Libraries/CMSIS/DSP/Source/FilteringFunctions/arm_fir_interpolate_q15.c ****       tapCnt = phaseLen % 0x4U;
 305:./Libraries/CMSIS/DSP/Source/FilteringFunctions/arm_fir_interpolate_q15.c **** 
 306:./Libraries/CMSIS/DSP/Source/FilteringFunctions/arm_fir_interpolate_q15.c **** #else
 307:./Libraries/CMSIS/DSP/Source/FilteringFunctions/arm_fir_interpolate_q15.c **** 
 308:./Libraries/CMSIS/DSP/Source/FilteringFunctions/arm_fir_interpolate_q15.c ****       /* Initialize tapCnt with number of samples */
 309:./Libraries/CMSIS/DSP/Source/FilteringFunctions/arm_fir_interpolate_q15.c ****       tapCnt = phaseLen;
 148              		.loc 1 309 7 is_stmt 1 view .LVU49
 310:./Libraries/CMSIS/DSP/Source/FilteringFunctions/arm_fir_interpolate_q15.c **** 
 311:./Libraries/CMSIS/DSP/Source/FilteringFunctions/arm_fir_interpolate_q15.c **** #endif /* #if defined (ARM_MATH_LOOPUNROLL) */
 312:./Libraries/CMSIS/DSP/Source/FilteringFunctions/arm_fir_interpolate_q15.c **** 
 313:./Libraries/CMSIS/DSP/Source/FilteringFunctions/arm_fir_interpolate_q15.c ****       while (tapCnt > 0U)
 149              		.loc 1 313 7 view .LVU50
 150              		.loc 1 313 13 view .LVU51
 151 0062 10B3     		cbz	r0, .L13
 152              	.LVL16:
 153              	.L22:
 314:./Libraries/CMSIS/DSP/Source/FilteringFunctions/arm_fir_interpolate_q15.c ****       {
 315:./Libraries/CMSIS/DSP/Source/FilteringFunctions/arm_fir_interpolate_q15.c ****         /* Perform the multiply-accumulate */
 316:./Libraries/CMSIS/DSP/Source/FilteringFunctions/arm_fir_interpolate_q15.c ****         sum0 += (q63_t) *ptr1++ * *ptr2;
 317:./Libraries/CMSIS/DSP/Source/FilteringFunctions/arm_fir_interpolate_q15.c **** 
 318:./Libraries/CMSIS/DSP/Source/FilteringFunctions/arm_fir_interpolate_q15.c ****         /* Upsampling is done by stuffing L-1 zeros between each sample.
 319:./Libraries/CMSIS/DSP/Source/FilteringFunctions/arm_fir_interpolate_q15.c ****          * So instead of multiplying zeros with coefficients,
 320:./Libraries/CMSIS/DSP/Source/FilteringFunctions/arm_fir_interpolate_q15.c ****          * Increment the coefficient pointer by interpolation factor times. */
 321:./Libraries/CMSIS/DSP/Source/FilteringFunctions/arm_fir_interpolate_q15.c ****         ptr2 += S->L;
 154              		.loc 1 321 14 is_stmt 0 view .LVU52
 155 0064 4FEA4C0C 		lsl	ip, ip, #1
 156 0068 0246     		mov	r2, r0
 157 006a 5946     		mov	r1, fp
 264:./Libraries/CMSIS/DSP/Source/FilteringFunctions/arm_fir_interpolate_q15.c **** 
 158              		.loc 1 264 12 view .LVU53
 159 006c 0024     		movs	r4, #0
 160 006e 0025     		movs	r5, #0
 161              	.LVL17:
 162              	.L5:
 316:./Libraries/CMSIS/DSP/Source/FilteringFunctions/arm_fir_interpolate_q15.c **** 
 163              		.loc 1 316 9 is_stmt 1 view .LVU54
 316:./Libraries/CMSIS/DSP/Source/FilteringFunctions/arm_fir_interpolate_q15.c **** 
 164              		.loc 1 316 14 is_stmt 0 view .LVU55
 165 0070 1E88     		ldrh	r6, [r3]
ARM GAS  /tmp/ccVL3wmI.s 			page 10


 313:./Libraries/CMSIS/DSP/Source/FilteringFunctions/arm_fir_interpolate_q15.c ****       {
 166              		.loc 1 313 13 view .LVU56
 167 0072 013A     		subs	r2, r2, #1
 168              	.LVL18:
 316:./Libraries/CMSIS/DSP/Source/FilteringFunctions/arm_fir_interpolate_q15.c **** 
 169              		.loc 1 316 14 view .LVU57
 170 0074 31F8027B 		ldrh	r7, [r1], #2
 171              	.LVL19:
 172              		.loc 1 321 14 view .LVU58
 173 0078 6344     		add	r3, r3, ip
 174              	.LVL20:
 316:./Libraries/CMSIS/DSP/Source/FilteringFunctions/arm_fir_interpolate_q15.c **** 
 175              		.loc 1 316 14 view .LVU59
 176 007a C7FB8645 		smlalbb	r4, r5, r7, r6
 177              	.LVL21:
 178              		.loc 1 321 9 is_stmt 1 view .LVU60
 322:./Libraries/CMSIS/DSP/Source/FilteringFunctions/arm_fir_interpolate_q15.c **** 
 323:./Libraries/CMSIS/DSP/Source/FilteringFunctions/arm_fir_interpolate_q15.c ****         /* Decrement loop counter */
 324:./Libraries/CMSIS/DSP/Source/FilteringFunctions/arm_fir_interpolate_q15.c ****         tapCnt--;
 179              		.loc 1 324 9 view .LVU61
 313:./Libraries/CMSIS/DSP/Source/FilteringFunctions/arm_fir_interpolate_q15.c ****       {
 180              		.loc 1 313 13 view .LVU62
 181 007e F7D1     		bne	.L5
 182 0080 E30B     		lsrs	r3, r4, #15
 183              	.LVL22:
 261:./Libraries/CMSIS/DSP/Source/FilteringFunctions/arm_fir_interpolate_q15.c ****     {
 184              		.loc 1 261 11 is_stmt 0 view .LVU63
 185 0082 F145     		cmp	r9, lr
 186 0084 43EA4543 		orr	r3, r3, r5, lsl #17
 325:./Libraries/CMSIS/DSP/Source/FilteringFunctions/arm_fir_interpolate_q15.c ****       }
 326:./Libraries/CMSIS/DSP/Source/FilteringFunctions/arm_fir_interpolate_q15.c **** 
 327:./Libraries/CMSIS/DSP/Source/FilteringFunctions/arm_fir_interpolate_q15.c ****       /* The result is in the accumulator, store in the destination buffer. */
 328:./Libraries/CMSIS/DSP/Source/FilteringFunctions/arm_fir_interpolate_q15.c ****       *pDst++ = (q15_t) (__SSAT((sum0 >> 15), 16));
 187              		.loc 1 328 7 is_stmt 1 view .LVU64
 188              	.LBB2:
 189              		.loc 1 328 26 view .LVU65
 190              	.LVL23:
 191              		.loc 1 328 26 view .LVU66
 192              		.syntax unified
 193              	@ 328 "./Libraries/CMSIS/DSP/Source/FilteringFunctions/arm_fir_interpolate_q15.c" 1
 194 0088 03F30F03 		ssat r3, #16, r3
 195              	@ 0 "" 2
 196              	.LVL24:
 197              		.loc 1 328 26 view .LVU67
 198              		.loc 1 328 26 is_stmt 0 view .LVU68
 199              		.thumb
 200              		.syntax unified
 201              	.LBE2:
 202              		.loc 1 328 17 view .LVU69
 203 008c 28F8023B 		strh	r3, [r8], #2	@ movhi
 204              	.LVL25:
 329:./Libraries/CMSIS/DSP/Source/FilteringFunctions/arm_fir_interpolate_q15.c **** 
 330:./Libraries/CMSIS/DSP/Source/FilteringFunctions/arm_fir_interpolate_q15.c ****       /* Increment the address modifier index of coefficient buffer */
 331:./Libraries/CMSIS/DSP/Source/FilteringFunctions/arm_fir_interpolate_q15.c ****       j++;
 205              		.loc 1 331 7 is_stmt 1 view .LVU70
 206              		.loc 1 331 8 is_stmt 0 view .LVU71
 207 0090 0EF10103 		add	r3, lr, #1
ARM GAS  /tmp/ccVL3wmI.s 			page 11


 208              	.LVL26:
 332:./Libraries/CMSIS/DSP/Source/FilteringFunctions/arm_fir_interpolate_q15.c **** 
 333:./Libraries/CMSIS/DSP/Source/FilteringFunctions/arm_fir_interpolate_q15.c ****       /* Decrement the loop counter */
 334:./Libraries/CMSIS/DSP/Source/FilteringFunctions/arm_fir_interpolate_q15.c ****       i--;
 209              		.loc 1 334 7 is_stmt 1 view .LVU72
 261:./Libraries/CMSIS/DSP/Source/FilteringFunctions/arm_fir_interpolate_q15.c ****     {
 210              		.loc 1 261 11 view .LVU73
 211 0094 12D0     		beq	.L6
 212              	.LVL27:
 213              	.L23:
 261:./Libraries/CMSIS/DSP/Source/FilteringFunctions/arm_fir_interpolate_q15.c ****     {
 214              		.loc 1 261 11 is_stmt 0 view .LVU74
 215 0096 9E46     		mov	lr, r3
 216 0098 9AF800C0 		ldrb	ip, [r10]	@ zero_extendqisi2
 217              	.LVL28:
 264:./Libraries/CMSIS/DSP/Source/FilteringFunctions/arm_fir_interpolate_q15.c **** 
 218              		.loc 1 264 7 is_stmt 1 view .LVU75
 267:./Libraries/CMSIS/DSP/Source/FilteringFunctions/arm_fir_interpolate_q15.c **** 
 219              		.loc 1 267 7 view .LVU76
 270:./Libraries/CMSIS/DSP/Source/FilteringFunctions/arm_fir_interpolate_q15.c **** 
 220              		.loc 1 270 7 view .LVU77
 270:./Libraries/CMSIS/DSP/Source/FilteringFunctions/arm_fir_interpolate_q15.c **** 
 221              		.loc 1 270 12 is_stmt 0 view .LVU78
 222 009c 019A     		ldr	r2, [sp, #4]
 270:./Libraries/CMSIS/DSP/Source/FilteringFunctions/arm_fir_interpolate_q15.c **** 
 223              		.loc 1 270 30 view .LVU79
 224 009e ACEB0E03 		sub	r3, ip, lr
 270:./Libraries/CMSIS/DSP/Source/FilteringFunctions/arm_fir_interpolate_q15.c **** 
 225              		.loc 1 270 12 view .LVU80
 226 00a2 02EB4303 		add	r3, r2, r3, lsl #1
 227              	.LVL29:
 309:./Libraries/CMSIS/DSP/Source/FilteringFunctions/arm_fir_interpolate_q15.c **** 
 228              		.loc 1 309 7 is_stmt 1 view .LVU81
 313:./Libraries/CMSIS/DSP/Source/FilteringFunctions/arm_fir_interpolate_q15.c ****       {
 229              		.loc 1 313 7 view .LVU82
 313:./Libraries/CMSIS/DSP/Source/FilteringFunctions/arm_fir_interpolate_q15.c ****       {
 230              		.loc 1 313 13 view .LVU83
 231 00a6 0028     		cmp	r0, #0
 232 00a8 DCD1     		bne	.L22
 233              	.L13:
 261:./Libraries/CMSIS/DSP/Source/FilteringFunctions/arm_fir_interpolate_q15.c ****     {
 234              		.loc 1 261 11 is_stmt 0 view .LVU84
 235 00aa F145     		cmp	r9, lr
 313:./Libraries/CMSIS/DSP/Source/FilteringFunctions/arm_fir_interpolate_q15.c ****       {
 236              		.loc 1 313 13 view .LVU85
 237 00ac 0346     		mov	r3, r0
 238              	.LVL30:
 328:./Libraries/CMSIS/DSP/Source/FilteringFunctions/arm_fir_interpolate_q15.c **** 
 239              		.loc 1 328 7 is_stmt 1 view .LVU86
 240              	.LBB3:
 328:./Libraries/CMSIS/DSP/Source/FilteringFunctions/arm_fir_interpolate_q15.c **** 
 241              		.loc 1 328 26 view .LVU87
 328:./Libraries/CMSIS/DSP/Source/FilteringFunctions/arm_fir_interpolate_q15.c **** 
 242              		.loc 1 328 26 view .LVU88
 243              		.syntax unified
 244              	@ 328 "./Libraries/CMSIS/DSP/Source/FilteringFunctions/arm_fir_interpolate_q15.c" 1
 245 00ae 03F30F03 		ssat r3, #16, r3
ARM GAS  /tmp/ccVL3wmI.s 			page 12


 246              	@ 0 "" 2
 247              	.LVL31:
 328:./Libraries/CMSIS/DSP/Source/FilteringFunctions/arm_fir_interpolate_q15.c **** 
 248              		.loc 1 328 26 view .LVU89
 328:./Libraries/CMSIS/DSP/Source/FilteringFunctions/arm_fir_interpolate_q15.c **** 
 249              		.loc 1 328 26 is_stmt 0 view .LVU90
 250              		.thumb
 251              		.syntax unified
 252              	.LBE3:
 328:./Libraries/CMSIS/DSP/Source/FilteringFunctions/arm_fir_interpolate_q15.c **** 
 253              		.loc 1 328 17 view .LVU91
 254 00b2 28F8023B 		strh	r3, [r8], #2	@ movhi
 255              	.LVL32:
 331:./Libraries/CMSIS/DSP/Source/FilteringFunctions/arm_fir_interpolate_q15.c **** 
 256              		.loc 1 331 7 is_stmt 1 view .LVU92
 331:./Libraries/CMSIS/DSP/Source/FilteringFunctions/arm_fir_interpolate_q15.c **** 
 257              		.loc 1 331 8 is_stmt 0 view .LVU93
 258 00b6 0EF10103 		add	r3, lr, #1
 259              	.LVL33:
 260              		.loc 1 334 7 is_stmt 1 view .LVU94
 261:./Libraries/CMSIS/DSP/Source/FilteringFunctions/arm_fir_interpolate_q15.c ****     {
 261              		.loc 1 261 11 view .LVU95
 262 00ba ECD1     		bne	.L23
 263              	.LVL34:
 264              	.L6:
 261:./Libraries/CMSIS/DSP/Source/FilteringFunctions/arm_fir_interpolate_q15.c ****     {
 265              		.loc 1 261 11 is_stmt 0 view .LVU96
 266 00bc 029B     		ldr	r3, [sp, #8]
 267              	.LVL35:
 261:./Libraries/CMSIS/DSP/Source/FilteringFunctions/arm_fir_interpolate_q15.c ****     {
 268              		.loc 1 261 11 view .LVU97
 269 00be 03EB4903 		add	r3, r3, r9, lsl #1
 270 00c2 0293     		str	r3, [sp, #8]
 271              	.LVL36:
 272              	.L3:
 335:./Libraries/CMSIS/DSP/Source/FilteringFunctions/arm_fir_interpolate_q15.c ****     }
 336:./Libraries/CMSIS/DSP/Source/FilteringFunctions/arm_fir_interpolate_q15.c **** 
 337:./Libraries/CMSIS/DSP/Source/FilteringFunctions/arm_fir_interpolate_q15.c ****     /* Advance the state pointer by 1
 338:./Libraries/CMSIS/DSP/Source/FilteringFunctions/arm_fir_interpolate_q15.c ****      * to process the next group of interpolation factor number samples */
 339:./Libraries/CMSIS/DSP/Source/FilteringFunctions/arm_fir_interpolate_q15.c ****     pState = pState + 1;
 273              		.loc 1 339 5 is_stmt 1 view .LVU98
 251:./Libraries/CMSIS/DSP/Source/FilteringFunctions/arm_fir_interpolate_q15.c ****   {
 274              		.loc 1 251 9 is_stmt 0 view .LVU99
 275 00c4 049B     		ldr	r3, [sp, #16]
 276              		.loc 1 339 12 view .LVU100
 277 00c6 0BF1020B 		add	fp, fp, #2
 278              	.LVL37:
 340:./Libraries/CMSIS/DSP/Source/FilteringFunctions/arm_fir_interpolate_q15.c **** 
 341:./Libraries/CMSIS/DSP/Source/FilteringFunctions/arm_fir_interpolate_q15.c ****     /* Decrement the loop counter */
 342:./Libraries/CMSIS/DSP/Source/FilteringFunctions/arm_fir_interpolate_q15.c ****     blkCnt--;
 279              		.loc 1 342 5 is_stmt 1 view .LVU101
 251:./Libraries/CMSIS/DSP/Source/FilteringFunctions/arm_fir_interpolate_q15.c ****   {
 280              		.loc 1 251 9 view .LVU102
 281 00ca 013B     		subs	r3, r3, #1
 282              	.LVL38:
 251:./Libraries/CMSIS/DSP/Source/FilteringFunctions/arm_fir_interpolate_q15.c ****   {
 283              		.loc 1 251 9 is_stmt 0 view .LVU103
ARM GAS  /tmp/ccVL3wmI.s 			page 13


 284 00cc 0493     		str	r3, [sp, #16]
 285 00ce B1D1     		bne	.L8
 286 00d0 DDE90632 		ldrd	r3, r2, [sp, #24]
 287              	.LVL39:
 251:./Libraries/CMSIS/DSP/Source/FilteringFunctions/arm_fir_interpolate_q15.c ****   {
 288              		.loc 1 251 9 view .LVU104
 289 00d4 03EB4202 		add	r2, r3, r2, lsl #1
 290              	.LVL40:
 291              	.L2:
 343:./Libraries/CMSIS/DSP/Source/FilteringFunctions/arm_fir_interpolate_q15.c ****   }
 344:./Libraries/CMSIS/DSP/Source/FilteringFunctions/arm_fir_interpolate_q15.c **** 
 345:./Libraries/CMSIS/DSP/Source/FilteringFunctions/arm_fir_interpolate_q15.c ****   /* Processing is complete.
 346:./Libraries/CMSIS/DSP/Source/FilteringFunctions/arm_fir_interpolate_q15.c ****      Now copy the last phaseLen - 1 samples to the satrt of the state buffer.
 347:./Libraries/CMSIS/DSP/Source/FilteringFunctions/arm_fir_interpolate_q15.c ****      This prepares the state buffer for the next function call. */
 348:./Libraries/CMSIS/DSP/Source/FilteringFunctions/arm_fir_interpolate_q15.c **** 
 349:./Libraries/CMSIS/DSP/Source/FilteringFunctions/arm_fir_interpolate_q15.c ****   /* Points to the start of the state buffer */
 350:./Libraries/CMSIS/DSP/Source/FilteringFunctions/arm_fir_interpolate_q15.c ****   pStateCur = S->pState;
 292              		.loc 1 350 3 is_stmt 1 view .LVU105
 351:./Libraries/CMSIS/DSP/Source/FilteringFunctions/arm_fir_interpolate_q15.c **** 
 352:./Libraries/CMSIS/DSP/Source/FilteringFunctions/arm_fir_interpolate_q15.c **** #if defined (ARM_MATH_LOOPUNROLL)
 353:./Libraries/CMSIS/DSP/Source/FilteringFunctions/arm_fir_interpolate_q15.c **** 
 354:./Libraries/CMSIS/DSP/Source/FilteringFunctions/arm_fir_interpolate_q15.c ****   /* Loop unrolling: Compute 4 outputs at a time */
 355:./Libraries/CMSIS/DSP/Source/FilteringFunctions/arm_fir_interpolate_q15.c ****   tapCnt = (phaseLen - 1U) >> 2U;
 356:./Libraries/CMSIS/DSP/Source/FilteringFunctions/arm_fir_interpolate_q15.c **** 
 357:./Libraries/CMSIS/DSP/Source/FilteringFunctions/arm_fir_interpolate_q15.c ****   /* copy data */
 358:./Libraries/CMSIS/DSP/Source/FilteringFunctions/arm_fir_interpolate_q15.c ****   while (tapCnt > 0U)
 359:./Libraries/CMSIS/DSP/Source/FilteringFunctions/arm_fir_interpolate_q15.c ****   {
 360:./Libraries/CMSIS/DSP/Source/FilteringFunctions/arm_fir_interpolate_q15.c ****     write_q15x2_ia (&pStateCur, read_q15x2_ia (&pState));
 361:./Libraries/CMSIS/DSP/Source/FilteringFunctions/arm_fir_interpolate_q15.c ****     write_q15x2_ia (&pStateCur, read_q15x2_ia (&pState));
 362:./Libraries/CMSIS/DSP/Source/FilteringFunctions/arm_fir_interpolate_q15.c **** 
 363:./Libraries/CMSIS/DSP/Source/FilteringFunctions/arm_fir_interpolate_q15.c ****     /* Decrement loop counter */
 364:./Libraries/CMSIS/DSP/Source/FilteringFunctions/arm_fir_interpolate_q15.c ****     tapCnt--;
 365:./Libraries/CMSIS/DSP/Source/FilteringFunctions/arm_fir_interpolate_q15.c ****   }
 366:./Libraries/CMSIS/DSP/Source/FilteringFunctions/arm_fir_interpolate_q15.c **** 
 367:./Libraries/CMSIS/DSP/Source/FilteringFunctions/arm_fir_interpolate_q15.c ****   /* Loop unrolling: Compute remaining outputs */
 368:./Libraries/CMSIS/DSP/Source/FilteringFunctions/arm_fir_interpolate_q15.c ****   tapCnt = (phaseLen - 1U) % 0x04U;
 369:./Libraries/CMSIS/DSP/Source/FilteringFunctions/arm_fir_interpolate_q15.c **** 
 370:./Libraries/CMSIS/DSP/Source/FilteringFunctions/arm_fir_interpolate_q15.c **** #else
 371:./Libraries/CMSIS/DSP/Source/FilteringFunctions/arm_fir_interpolate_q15.c **** 
 372:./Libraries/CMSIS/DSP/Source/FilteringFunctions/arm_fir_interpolate_q15.c ****     /* Initialize tapCnt with number of samples */
 373:./Libraries/CMSIS/DSP/Source/FilteringFunctions/arm_fir_interpolate_q15.c ****     tapCnt = (phaseLen - 1U);
 293              		.loc 1 373 5 view .LVU106
 374:./Libraries/CMSIS/DSP/Source/FilteringFunctions/arm_fir_interpolate_q15.c **** 
 375:./Libraries/CMSIS/DSP/Source/FilteringFunctions/arm_fir_interpolate_q15.c **** #endif /* #if defined (ARM_MATH_LOOPUNROLL) */
 376:./Libraries/CMSIS/DSP/Source/FilteringFunctions/arm_fir_interpolate_q15.c **** 
 377:./Libraries/CMSIS/DSP/Source/FilteringFunctions/arm_fir_interpolate_q15.c ****   /* Copy data */
 378:./Libraries/CMSIS/DSP/Source/FilteringFunctions/arm_fir_interpolate_q15.c ****   while (tapCnt > 0U)
 294              		.loc 1 378 3 view .LVU107
 295              		.loc 1 378 9 view .LVU108
 296 00d8 0138     		subs	r0, r0, #1
 297              	.LVL41:
 298              		.loc 1 378 9 is_stmt 0 view .LVU109
 299 00da 07D0     		beq	.L1
 300 00dc 069B     		ldr	r3, [sp, #24]
 301 00de 023B     		subs	r3, r3, #2
 302              	.LVL42:
 303              	.L10:
ARM GAS  /tmp/ccVL3wmI.s 			page 14


 379:./Libraries/CMSIS/DSP/Source/FilteringFunctions/arm_fir_interpolate_q15.c ****   {
 380:./Libraries/CMSIS/DSP/Source/FilteringFunctions/arm_fir_interpolate_q15.c ****     *pStateCur++ = *pState++;
 304              		.loc 1 380 5 is_stmt 1 view .LVU110
 305              		.loc 1 380 20 is_stmt 0 view .LVU111
 306 00e0 32F9021B 		ldrsh	r1, [r2], #2
 307              	.LVL43:
 378:./Libraries/CMSIS/DSP/Source/FilteringFunctions/arm_fir_interpolate_q15.c ****   {
 308              		.loc 1 378 9 view .LVU112
 309 00e4 0138     		subs	r0, r0, #1
 310              	.LVL44:
 311              		.loc 1 380 18 view .LVU113
 312 00e6 23F8021F 		strh	r1, [r3, #2]!	@ movhi
 381:./Libraries/CMSIS/DSP/Source/FilteringFunctions/arm_fir_interpolate_q15.c **** 
 382:./Libraries/CMSIS/DSP/Source/FilteringFunctions/arm_fir_interpolate_q15.c ****     /* Decrement loop counter */
 383:./Libraries/CMSIS/DSP/Source/FilteringFunctions/arm_fir_interpolate_q15.c ****     tapCnt--;
 313              		.loc 1 383 5 is_stmt 1 view .LVU114
 314              	.LVL45:
 378:./Libraries/CMSIS/DSP/Source/FilteringFunctions/arm_fir_interpolate_q15.c ****   {
 315              		.loc 1 378 9 view .LVU115
 316 00ea F9D1     		bne	.L10
 317              	.LVL46:
 318              	.L1:
 384:./Libraries/CMSIS/DSP/Source/FilteringFunctions/arm_fir_interpolate_q15.c ****   }
 385:./Libraries/CMSIS/DSP/Source/FilteringFunctions/arm_fir_interpolate_q15.c **** 
 386:./Libraries/CMSIS/DSP/Source/FilteringFunctions/arm_fir_interpolate_q15.c **** #else
 387:./Libraries/CMSIS/DSP/Source/FilteringFunctions/arm_fir_interpolate_q15.c **** /* alternate version for CM0_FAMILY */
 388:./Libraries/CMSIS/DSP/Source/FilteringFunctions/arm_fir_interpolate_q15.c **** 
 389:./Libraries/CMSIS/DSP/Source/FilteringFunctions/arm_fir_interpolate_q15.c ****         q15_t *pState = S->pState;                     /* State pointer */
 390:./Libraries/CMSIS/DSP/Source/FilteringFunctions/arm_fir_interpolate_q15.c ****   const q15_t *pCoeffs = S->pCoeffs;                   /* Coefficient pointer */
 391:./Libraries/CMSIS/DSP/Source/FilteringFunctions/arm_fir_interpolate_q15.c ****         q15_t *pStateCur;                              /* Points to the current sample of the state
 392:./Libraries/CMSIS/DSP/Source/FilteringFunctions/arm_fir_interpolate_q15.c ****         q15_t *ptr1;                                   /* Temporary pointer for state buffer */
 393:./Libraries/CMSIS/DSP/Source/FilteringFunctions/arm_fir_interpolate_q15.c ****   const q15_t *ptr2;                                   /* Temporary pointer for coefficient buffer 
 394:./Libraries/CMSIS/DSP/Source/FilteringFunctions/arm_fir_interpolate_q15.c ****         q63_t sum0;                                    /* Accumulators */
 395:./Libraries/CMSIS/DSP/Source/FilteringFunctions/arm_fir_interpolate_q15.c ****         uint32_t i, blkCnt, tapCnt;                    /* Loop counters */
 396:./Libraries/CMSIS/DSP/Source/FilteringFunctions/arm_fir_interpolate_q15.c ****         uint32_t phaseLen = S->phaseLength;            /* Length of each polyphase filter component
 397:./Libraries/CMSIS/DSP/Source/FilteringFunctions/arm_fir_interpolate_q15.c **** 
 398:./Libraries/CMSIS/DSP/Source/FilteringFunctions/arm_fir_interpolate_q15.c ****   /* S->pState buffer contains previous frame (phaseLen - 1) samples */
 399:./Libraries/CMSIS/DSP/Source/FilteringFunctions/arm_fir_interpolate_q15.c ****   /* pStateCur points to the location where the new input data should be written */
 400:./Libraries/CMSIS/DSP/Source/FilteringFunctions/arm_fir_interpolate_q15.c ****   pStateCur = S->pState + (phaseLen - 1U);
 401:./Libraries/CMSIS/DSP/Source/FilteringFunctions/arm_fir_interpolate_q15.c **** 
 402:./Libraries/CMSIS/DSP/Source/FilteringFunctions/arm_fir_interpolate_q15.c ****   /* Total number of intput samples */
 403:./Libraries/CMSIS/DSP/Source/FilteringFunctions/arm_fir_interpolate_q15.c ****   blkCnt = blockSize;
 404:./Libraries/CMSIS/DSP/Source/FilteringFunctions/arm_fir_interpolate_q15.c **** 
 405:./Libraries/CMSIS/DSP/Source/FilteringFunctions/arm_fir_interpolate_q15.c ****   /* Loop over the blockSize. */
 406:./Libraries/CMSIS/DSP/Source/FilteringFunctions/arm_fir_interpolate_q15.c ****   while (blkCnt > 0U)
 407:./Libraries/CMSIS/DSP/Source/FilteringFunctions/arm_fir_interpolate_q15.c ****   {
 408:./Libraries/CMSIS/DSP/Source/FilteringFunctions/arm_fir_interpolate_q15.c ****     /* Copy new input sample into the state buffer */
 409:./Libraries/CMSIS/DSP/Source/FilteringFunctions/arm_fir_interpolate_q15.c ****     *pStateCur++ = *pSrc++;
 410:./Libraries/CMSIS/DSP/Source/FilteringFunctions/arm_fir_interpolate_q15.c **** 
 411:./Libraries/CMSIS/DSP/Source/FilteringFunctions/arm_fir_interpolate_q15.c ****     /* Loop over the Interpolation factor. */
 412:./Libraries/CMSIS/DSP/Source/FilteringFunctions/arm_fir_interpolate_q15.c ****     i = S->L;
 413:./Libraries/CMSIS/DSP/Source/FilteringFunctions/arm_fir_interpolate_q15.c **** 
 414:./Libraries/CMSIS/DSP/Source/FilteringFunctions/arm_fir_interpolate_q15.c ****     while (i > 0U)
 415:./Libraries/CMSIS/DSP/Source/FilteringFunctions/arm_fir_interpolate_q15.c ****     {
 416:./Libraries/CMSIS/DSP/Source/FilteringFunctions/arm_fir_interpolate_q15.c ****       /* Set accumulator to zero */
 417:./Libraries/CMSIS/DSP/Source/FilteringFunctions/arm_fir_interpolate_q15.c ****       sum0 = 0;
 418:./Libraries/CMSIS/DSP/Source/FilteringFunctions/arm_fir_interpolate_q15.c **** 
ARM GAS  /tmp/ccVL3wmI.s 			page 15


 419:./Libraries/CMSIS/DSP/Source/FilteringFunctions/arm_fir_interpolate_q15.c ****       /* Initialize state pointer */
 420:./Libraries/CMSIS/DSP/Source/FilteringFunctions/arm_fir_interpolate_q15.c ****       ptr1 = pState;
 421:./Libraries/CMSIS/DSP/Source/FilteringFunctions/arm_fir_interpolate_q15.c **** 
 422:./Libraries/CMSIS/DSP/Source/FilteringFunctions/arm_fir_interpolate_q15.c ****       /* Initialize coefficient pointer */
 423:./Libraries/CMSIS/DSP/Source/FilteringFunctions/arm_fir_interpolate_q15.c ****       ptr2 = pCoeffs + (i - 1U);
 424:./Libraries/CMSIS/DSP/Source/FilteringFunctions/arm_fir_interpolate_q15.c **** 
 425:./Libraries/CMSIS/DSP/Source/FilteringFunctions/arm_fir_interpolate_q15.c ****       /* Loop over the polyPhase length */
 426:./Libraries/CMSIS/DSP/Source/FilteringFunctions/arm_fir_interpolate_q15.c ****       tapCnt = phaseLen;
 427:./Libraries/CMSIS/DSP/Source/FilteringFunctions/arm_fir_interpolate_q15.c **** 
 428:./Libraries/CMSIS/DSP/Source/FilteringFunctions/arm_fir_interpolate_q15.c ****       while (tapCnt > 0U)
 429:./Libraries/CMSIS/DSP/Source/FilteringFunctions/arm_fir_interpolate_q15.c ****       {
 430:./Libraries/CMSIS/DSP/Source/FilteringFunctions/arm_fir_interpolate_q15.c ****         /* Perform the multiply-accumulate */
 431:./Libraries/CMSIS/DSP/Source/FilteringFunctions/arm_fir_interpolate_q15.c ****         sum0 += ((q63_t) *ptr1++ * *ptr2);
 432:./Libraries/CMSIS/DSP/Source/FilteringFunctions/arm_fir_interpolate_q15.c **** 
 433:./Libraries/CMSIS/DSP/Source/FilteringFunctions/arm_fir_interpolate_q15.c ****         /* Increment the coefficient pointer by interpolation factor times. */
 434:./Libraries/CMSIS/DSP/Source/FilteringFunctions/arm_fir_interpolate_q15.c ****         ptr2 += S->L;
 435:./Libraries/CMSIS/DSP/Source/FilteringFunctions/arm_fir_interpolate_q15.c **** 
 436:./Libraries/CMSIS/DSP/Source/FilteringFunctions/arm_fir_interpolate_q15.c ****         /* Decrement the loop counter */
 437:./Libraries/CMSIS/DSP/Source/FilteringFunctions/arm_fir_interpolate_q15.c ****         tapCnt--;
 438:./Libraries/CMSIS/DSP/Source/FilteringFunctions/arm_fir_interpolate_q15.c ****       }
 439:./Libraries/CMSIS/DSP/Source/FilteringFunctions/arm_fir_interpolate_q15.c **** 
 440:./Libraries/CMSIS/DSP/Source/FilteringFunctions/arm_fir_interpolate_q15.c ****       /* Store the result after converting to 1.15 format in the destination buffer. */
 441:./Libraries/CMSIS/DSP/Source/FilteringFunctions/arm_fir_interpolate_q15.c ****       *pDst++ = (q15_t) (__SSAT((sum0 >> 15), 16));
 442:./Libraries/CMSIS/DSP/Source/FilteringFunctions/arm_fir_interpolate_q15.c **** 
 443:./Libraries/CMSIS/DSP/Source/FilteringFunctions/arm_fir_interpolate_q15.c ****       /* Decrement loop counter */
 444:./Libraries/CMSIS/DSP/Source/FilteringFunctions/arm_fir_interpolate_q15.c ****       i--;
 445:./Libraries/CMSIS/DSP/Source/FilteringFunctions/arm_fir_interpolate_q15.c ****     }
 446:./Libraries/CMSIS/DSP/Source/FilteringFunctions/arm_fir_interpolate_q15.c **** 
 447:./Libraries/CMSIS/DSP/Source/FilteringFunctions/arm_fir_interpolate_q15.c ****     /* Advance the state pointer by 1
 448:./Libraries/CMSIS/DSP/Source/FilteringFunctions/arm_fir_interpolate_q15.c ****      * to process the next group of interpolation factor number samples */
 449:./Libraries/CMSIS/DSP/Source/FilteringFunctions/arm_fir_interpolate_q15.c ****     pState = pState + 1;
 450:./Libraries/CMSIS/DSP/Source/FilteringFunctions/arm_fir_interpolate_q15.c **** 
 451:./Libraries/CMSIS/DSP/Source/FilteringFunctions/arm_fir_interpolate_q15.c ****     /* Decrement loop counter */
 452:./Libraries/CMSIS/DSP/Source/FilteringFunctions/arm_fir_interpolate_q15.c ****     blkCnt--;
 453:./Libraries/CMSIS/DSP/Source/FilteringFunctions/arm_fir_interpolate_q15.c ****   }
 454:./Libraries/CMSIS/DSP/Source/FilteringFunctions/arm_fir_interpolate_q15.c **** 
 455:./Libraries/CMSIS/DSP/Source/FilteringFunctions/arm_fir_interpolate_q15.c ****   /* Processing is complete.
 456:./Libraries/CMSIS/DSP/Source/FilteringFunctions/arm_fir_interpolate_q15.c ****    ** Now copy the last phaseLen - 1 samples to the start of the state buffer.
 457:./Libraries/CMSIS/DSP/Source/FilteringFunctions/arm_fir_interpolate_q15.c ****    ** This prepares the state buffer for the next function call. */
 458:./Libraries/CMSIS/DSP/Source/FilteringFunctions/arm_fir_interpolate_q15.c **** 
 459:./Libraries/CMSIS/DSP/Source/FilteringFunctions/arm_fir_interpolate_q15.c ****   /* Points to the start of the state buffer */
 460:./Libraries/CMSIS/DSP/Source/FilteringFunctions/arm_fir_interpolate_q15.c ****   pStateCur = S->pState;
 461:./Libraries/CMSIS/DSP/Source/FilteringFunctions/arm_fir_interpolate_q15.c **** 
 462:./Libraries/CMSIS/DSP/Source/FilteringFunctions/arm_fir_interpolate_q15.c ****   tapCnt = phaseLen - 1U;
 463:./Libraries/CMSIS/DSP/Source/FilteringFunctions/arm_fir_interpolate_q15.c **** 
 464:./Libraries/CMSIS/DSP/Source/FilteringFunctions/arm_fir_interpolate_q15.c ****   /* Copy data */
 465:./Libraries/CMSIS/DSP/Source/FilteringFunctions/arm_fir_interpolate_q15.c ****   while (tapCnt > 0U)
 466:./Libraries/CMSIS/DSP/Source/FilteringFunctions/arm_fir_interpolate_q15.c ****   {
 467:./Libraries/CMSIS/DSP/Source/FilteringFunctions/arm_fir_interpolate_q15.c ****     *pStateCur++ = *pState++;
 468:./Libraries/CMSIS/DSP/Source/FilteringFunctions/arm_fir_interpolate_q15.c **** 
 469:./Libraries/CMSIS/DSP/Source/FilteringFunctions/arm_fir_interpolate_q15.c ****     /* Decrement loop counter */
 470:./Libraries/CMSIS/DSP/Source/FilteringFunctions/arm_fir_interpolate_q15.c ****     tapCnt--;
 471:./Libraries/CMSIS/DSP/Source/FilteringFunctions/arm_fir_interpolate_q15.c ****   }
 472:./Libraries/CMSIS/DSP/Source/FilteringFunctions/arm_fir_interpolate_q15.c **** 
 473:./Libraries/CMSIS/DSP/Source/FilteringFunctions/arm_fir_interpolate_q15.c **** #endif /* #if !defined(ARM_MATH_CM0_FAMILY) */
 474:./Libraries/CMSIS/DSP/Source/FilteringFunctions/arm_fir_interpolate_q15.c **** 
 475:./Libraries/CMSIS/DSP/Source/FilteringFunctions/arm_fir_interpolate_q15.c **** }
ARM GAS  /tmp/ccVL3wmI.s 			page 16


 319              		.loc 1 475 1 is_stmt 0 view .LVU116
 320 00ec 09B0     		add	sp, sp, #36
 321              	.LCFI2:
 322              		.cfi_remember_state
 323              		.cfi_def_cfa_offset 36
 324              		@ sp needed
 325 00ee BDE8F08F 		pop	{r4, r5, r6, r7, r8, r9, r10, fp, pc}
 326              	.LVL47:
 327              	.L12:
 328              	.LCFI3:
 329              		.cfi_restore_state
  66:./Libraries/CMSIS/DSP/Source/FilteringFunctions/arm_fir_interpolate_q15.c ****   const q15_t *pCoeffs = S->pCoeffs;                   /* Coefficient pointer */
 330              		.loc 1 66 16 view .LVU117
 331 00f2 069A     		ldr	r2, [sp, #24]
 332              	.LVL48:
  66:./Libraries/CMSIS/DSP/Source/FilteringFunctions/arm_fir_interpolate_q15.c ****   const q15_t *pCoeffs = S->pCoeffs;                   /* Coefficient pointer */
 333              		.loc 1 66 16 view .LVU118
 334 00f4 F0E7     		b	.L2
 335              		.cfi_endproc
 336              	.LFE145:
 338 00f6 00BF     		.text
 339              	.Letext0:
 340              		.file 2 "/usr/lib/gcc/arm-none-eabi/9.2.1/include/stdint.h"
 341              		.file 3 "/usr/lib/gcc/arm-none-eabi/9.2.1/include/stddef.h"
 342              		.file 4 "/usr/include/newlib/sys/_types.h"
 343              		.file 5 "/usr/include/newlib/sys/reent.h"
 344              		.file 6 "/usr/include/newlib/sys/lock.h"
 345              		.file 7 "/usr/include/newlib/math.h"
 346              		.file 8 "./Libraries/CMSIS/DSP/Include/arm_math.h"
ARM GAS  /tmp/ccVL3wmI.s 			page 17


DEFINED SYMBOLS
                            *ABS*:0000000000000000 arm_fir_interpolate_q15.c
     /tmp/ccVL3wmI.s:17     .text.arm_fir_interpolate_q15:0000000000000000 $t
     /tmp/ccVL3wmI.s:26     .text.arm_fir_interpolate_q15:0000000000000000 arm_fir_interpolate_q15

NO UNDEFINED SYMBOLS
