ARM GAS  /tmp/ccS66PPE.s 			page 1


   1              		.cpu cortex-m7
   2              		.eabi_attribute 28, 1
   3              		.eabi_attribute 20, 1
   4              		.eabi_attribute 21, 1
   5              		.eabi_attribute 23, 3
   6              		.eabi_attribute 24, 1
   7              		.eabi_attribute 25, 1
   8              		.eabi_attribute 26, 1
   9              		.eabi_attribute 30, 2
  10              		.eabi_attribute 34, 1
  11              		.eabi_attribute 18, 4
  12              		.file	"arm_power_q31.c"
  13              		.text
  14              	.Ltext0:
  15              		.cfi_sections	.debug_frame
  16              		.section	.text.arm_power_q31,"ax",%progbits
  17              		.align	1
  18              		.p2align 2,,3
  19              		.global	arm_power_q31
  20              		.arch armv7e-m
  21              		.syntax unified
  22              		.thumb
  23              		.thumb_func
  24              		.fpu fpv5-d16
  26              	arm_power_q31:
  27              	.LVL0:
  28              	.LFB145:
  29              		.file 1 "./Libraries/CMSIS/DSP/Source/StatisticsFunctions/arm_power_q31.c"
   1:./Libraries/CMSIS/DSP/Source/StatisticsFunctions/arm_power_q31.c **** /* ----------------------------------------------------------------------
   2:./Libraries/CMSIS/DSP/Source/StatisticsFunctions/arm_power_q31.c ****  * Project:      CMSIS DSP Library
   3:./Libraries/CMSIS/DSP/Source/StatisticsFunctions/arm_power_q31.c ****  * Title:        arm_power_q31.c
   4:./Libraries/CMSIS/DSP/Source/StatisticsFunctions/arm_power_q31.c ****  * Description:  Sum of the squares of the elements of a Q31 vector
   5:./Libraries/CMSIS/DSP/Source/StatisticsFunctions/arm_power_q31.c ****  *
   6:./Libraries/CMSIS/DSP/Source/StatisticsFunctions/arm_power_q31.c ****  * $Date:        18. March 2019
   7:./Libraries/CMSIS/DSP/Source/StatisticsFunctions/arm_power_q31.c ****  * $Revision:    V1.6.0
   8:./Libraries/CMSIS/DSP/Source/StatisticsFunctions/arm_power_q31.c ****  *
   9:./Libraries/CMSIS/DSP/Source/StatisticsFunctions/arm_power_q31.c ****  * Target Processor: Cortex-M cores
  10:./Libraries/CMSIS/DSP/Source/StatisticsFunctions/arm_power_q31.c ****  * -------------------------------------------------------------------- */
  11:./Libraries/CMSIS/DSP/Source/StatisticsFunctions/arm_power_q31.c **** /*
  12:./Libraries/CMSIS/DSP/Source/StatisticsFunctions/arm_power_q31.c ****  * Copyright (C) 2010-2019 ARM Limited or its affiliates. All rights reserved.
  13:./Libraries/CMSIS/DSP/Source/StatisticsFunctions/arm_power_q31.c ****  *
  14:./Libraries/CMSIS/DSP/Source/StatisticsFunctions/arm_power_q31.c ****  * SPDX-License-Identifier: Apache-2.0
  15:./Libraries/CMSIS/DSP/Source/StatisticsFunctions/arm_power_q31.c ****  *
  16:./Libraries/CMSIS/DSP/Source/StatisticsFunctions/arm_power_q31.c ****  * Licensed under the Apache License, Version 2.0 (the License); you may
  17:./Libraries/CMSIS/DSP/Source/StatisticsFunctions/arm_power_q31.c ****  * not use this file except in compliance with the License.
  18:./Libraries/CMSIS/DSP/Source/StatisticsFunctions/arm_power_q31.c ****  * You may obtain a copy of the License at
  19:./Libraries/CMSIS/DSP/Source/StatisticsFunctions/arm_power_q31.c ****  *
  20:./Libraries/CMSIS/DSP/Source/StatisticsFunctions/arm_power_q31.c ****  * www.apache.org/licenses/LICENSE-2.0
  21:./Libraries/CMSIS/DSP/Source/StatisticsFunctions/arm_power_q31.c ****  *
  22:./Libraries/CMSIS/DSP/Source/StatisticsFunctions/arm_power_q31.c ****  * Unless required by applicable law or agreed to in writing, software
  23:./Libraries/CMSIS/DSP/Source/StatisticsFunctions/arm_power_q31.c ****  * distributed under the License is distributed on an AS IS BASIS, WITHOUT
  24:./Libraries/CMSIS/DSP/Source/StatisticsFunctions/arm_power_q31.c ****  * WARRANTIES OR CONDITIONS OF ANY KIND, either express or implied.
  25:./Libraries/CMSIS/DSP/Source/StatisticsFunctions/arm_power_q31.c ****  * See the License for the specific language governing permissions and
  26:./Libraries/CMSIS/DSP/Source/StatisticsFunctions/arm_power_q31.c ****  * limitations under the License.
  27:./Libraries/CMSIS/DSP/Source/StatisticsFunctions/arm_power_q31.c ****  */
  28:./Libraries/CMSIS/DSP/Source/StatisticsFunctions/arm_power_q31.c **** 
  29:./Libraries/CMSIS/DSP/Source/StatisticsFunctions/arm_power_q31.c **** #include "arm_math.h"
ARM GAS  /tmp/ccS66PPE.s 			page 2


  30:./Libraries/CMSIS/DSP/Source/StatisticsFunctions/arm_power_q31.c **** 
  31:./Libraries/CMSIS/DSP/Source/StatisticsFunctions/arm_power_q31.c **** /**
  32:./Libraries/CMSIS/DSP/Source/StatisticsFunctions/arm_power_q31.c ****   @ingroup groupStats
  33:./Libraries/CMSIS/DSP/Source/StatisticsFunctions/arm_power_q31.c ****  */
  34:./Libraries/CMSIS/DSP/Source/StatisticsFunctions/arm_power_q31.c **** 
  35:./Libraries/CMSIS/DSP/Source/StatisticsFunctions/arm_power_q31.c **** /**
  36:./Libraries/CMSIS/DSP/Source/StatisticsFunctions/arm_power_q31.c ****   @addtogroup power
  37:./Libraries/CMSIS/DSP/Source/StatisticsFunctions/arm_power_q31.c ****   @{
  38:./Libraries/CMSIS/DSP/Source/StatisticsFunctions/arm_power_q31.c ****  */
  39:./Libraries/CMSIS/DSP/Source/StatisticsFunctions/arm_power_q31.c **** 
  40:./Libraries/CMSIS/DSP/Source/StatisticsFunctions/arm_power_q31.c **** /**
  41:./Libraries/CMSIS/DSP/Source/StatisticsFunctions/arm_power_q31.c ****   @brief         Sum of the squares of the elements of a Q31 vector.
  42:./Libraries/CMSIS/DSP/Source/StatisticsFunctions/arm_power_q31.c ****   @param[in]     pSrc       points to the input vector
  43:./Libraries/CMSIS/DSP/Source/StatisticsFunctions/arm_power_q31.c ****   @param[in]     blockSize  number of samples in input vector
  44:./Libraries/CMSIS/DSP/Source/StatisticsFunctions/arm_power_q31.c ****   @param[out]    pResult    sum of the squares value returned here
  45:./Libraries/CMSIS/DSP/Source/StatisticsFunctions/arm_power_q31.c ****   @return        none
  46:./Libraries/CMSIS/DSP/Source/StatisticsFunctions/arm_power_q31.c **** 
  47:./Libraries/CMSIS/DSP/Source/StatisticsFunctions/arm_power_q31.c ****   @par           Scaling and Overflow Behavior
  48:./Libraries/CMSIS/DSP/Source/StatisticsFunctions/arm_power_q31.c ****                    The function is implemented using a 64-bit internal accumulator.
  49:./Libraries/CMSIS/DSP/Source/StatisticsFunctions/arm_power_q31.c ****                    The input is represented in 1.31 format.
  50:./Libraries/CMSIS/DSP/Source/StatisticsFunctions/arm_power_q31.c ****                    Intermediate multiplication yields a 2.62 format, and this
  51:./Libraries/CMSIS/DSP/Source/StatisticsFunctions/arm_power_q31.c ****                    result is truncated to 2.48 format by discarding the lower 14 bits.
  52:./Libraries/CMSIS/DSP/Source/StatisticsFunctions/arm_power_q31.c ****                    The 2.48 result is then added without saturation to a 64-bit accumulator in 16.4
  53:./Libraries/CMSIS/DSP/Source/StatisticsFunctions/arm_power_q31.c ****                    With 15 guard bits in the accumulator, there is no risk of overflow, and the
  54:./Libraries/CMSIS/DSP/Source/StatisticsFunctions/arm_power_q31.c ****                    full precision of the intermediate multiplication is preserved.
  55:./Libraries/CMSIS/DSP/Source/StatisticsFunctions/arm_power_q31.c ****                    Finally, the return result is in 16.48 format.
  56:./Libraries/CMSIS/DSP/Source/StatisticsFunctions/arm_power_q31.c ****  */
  57:./Libraries/CMSIS/DSP/Source/StatisticsFunctions/arm_power_q31.c **** 
  58:./Libraries/CMSIS/DSP/Source/StatisticsFunctions/arm_power_q31.c **** void arm_power_q31(
  59:./Libraries/CMSIS/DSP/Source/StatisticsFunctions/arm_power_q31.c ****   const q31_t * pSrc,
  60:./Libraries/CMSIS/DSP/Source/StatisticsFunctions/arm_power_q31.c ****         uint32_t blockSize,
  61:./Libraries/CMSIS/DSP/Source/StatisticsFunctions/arm_power_q31.c ****         q63_t * pResult)
  62:./Libraries/CMSIS/DSP/Source/StatisticsFunctions/arm_power_q31.c **** {
  30              		.loc 1 62 1 view -0
  31              		.cfi_startproc
  32              		@ args = 0, pretend = 0, frame = 0
  33              		@ frame_needed = 0, uses_anonymous_args = 0
  34              		@ link register save eliminated.
  63:./Libraries/CMSIS/DSP/Source/StatisticsFunctions/arm_power_q31.c ****         uint32_t blkCnt;                               /* Loop counter */
  35              		.loc 1 63 9 view .LVU1
  64:./Libraries/CMSIS/DSP/Source/StatisticsFunctions/arm_power_q31.c ****         q63_t sum = 0;                                 /* Temporary result storage */
  36              		.loc 1 64 9 view .LVU2
  65:./Libraries/CMSIS/DSP/Source/StatisticsFunctions/arm_power_q31.c ****         q31_t in;                                      /* Temporary variable to store input value *
  37              		.loc 1 65 9 view .LVU3
  66:./Libraries/CMSIS/DSP/Source/StatisticsFunctions/arm_power_q31.c **** 
  67:./Libraries/CMSIS/DSP/Source/StatisticsFunctions/arm_power_q31.c **** #if defined (ARM_MATH_LOOPUNROLL)
  68:./Libraries/CMSIS/DSP/Source/StatisticsFunctions/arm_power_q31.c **** 
  69:./Libraries/CMSIS/DSP/Source/StatisticsFunctions/arm_power_q31.c ****   /* Loop unrolling: Compute 4 outputs at a time */
  70:./Libraries/CMSIS/DSP/Source/StatisticsFunctions/arm_power_q31.c ****   blkCnt = blockSize >> 2U;
  71:./Libraries/CMSIS/DSP/Source/StatisticsFunctions/arm_power_q31.c **** 
  72:./Libraries/CMSIS/DSP/Source/StatisticsFunctions/arm_power_q31.c ****   while (blkCnt > 0U)
  73:./Libraries/CMSIS/DSP/Source/StatisticsFunctions/arm_power_q31.c ****   {
  74:./Libraries/CMSIS/DSP/Source/StatisticsFunctions/arm_power_q31.c ****     /* C = A[0] * A[0] + A[1] * A[1] + ... + A[blockSize-1] * A[blockSize-1] */
  75:./Libraries/CMSIS/DSP/Source/StatisticsFunctions/arm_power_q31.c **** 
  76:./Libraries/CMSIS/DSP/Source/StatisticsFunctions/arm_power_q31.c ****     /* Compute Power then shift intermediate results by 14 bits to maintain 16.48 format and store 
  77:./Libraries/CMSIS/DSP/Source/StatisticsFunctions/arm_power_q31.c ****     in = *pSrc++;
  78:./Libraries/CMSIS/DSP/Source/StatisticsFunctions/arm_power_q31.c ****     sum += ((q63_t) in * in) >> 14U;
ARM GAS  /tmp/ccS66PPE.s 			page 3


  79:./Libraries/CMSIS/DSP/Source/StatisticsFunctions/arm_power_q31.c **** 
  80:./Libraries/CMSIS/DSP/Source/StatisticsFunctions/arm_power_q31.c ****     in = *pSrc++;
  81:./Libraries/CMSIS/DSP/Source/StatisticsFunctions/arm_power_q31.c ****     sum += ((q63_t) in * in) >> 14U;
  82:./Libraries/CMSIS/DSP/Source/StatisticsFunctions/arm_power_q31.c **** 
  83:./Libraries/CMSIS/DSP/Source/StatisticsFunctions/arm_power_q31.c ****     in = *pSrc++;
  84:./Libraries/CMSIS/DSP/Source/StatisticsFunctions/arm_power_q31.c ****     sum += ((q63_t) in * in) >> 14U;
  85:./Libraries/CMSIS/DSP/Source/StatisticsFunctions/arm_power_q31.c **** 
  86:./Libraries/CMSIS/DSP/Source/StatisticsFunctions/arm_power_q31.c ****     in = *pSrc++;
  87:./Libraries/CMSIS/DSP/Source/StatisticsFunctions/arm_power_q31.c ****     sum += ((q63_t) in * in) >> 14U;
  88:./Libraries/CMSIS/DSP/Source/StatisticsFunctions/arm_power_q31.c **** 
  89:./Libraries/CMSIS/DSP/Source/StatisticsFunctions/arm_power_q31.c ****     /* Decrement loop counter */
  90:./Libraries/CMSIS/DSP/Source/StatisticsFunctions/arm_power_q31.c ****     blkCnt--;
  91:./Libraries/CMSIS/DSP/Source/StatisticsFunctions/arm_power_q31.c ****   }
  92:./Libraries/CMSIS/DSP/Source/StatisticsFunctions/arm_power_q31.c **** 
  93:./Libraries/CMSIS/DSP/Source/StatisticsFunctions/arm_power_q31.c ****   /* Loop unrolling: Compute remaining outputs */
  94:./Libraries/CMSIS/DSP/Source/StatisticsFunctions/arm_power_q31.c ****   blkCnt = blockSize % 0x4U;
  95:./Libraries/CMSIS/DSP/Source/StatisticsFunctions/arm_power_q31.c **** 
  96:./Libraries/CMSIS/DSP/Source/StatisticsFunctions/arm_power_q31.c **** #else
  97:./Libraries/CMSIS/DSP/Source/StatisticsFunctions/arm_power_q31.c **** 
  98:./Libraries/CMSIS/DSP/Source/StatisticsFunctions/arm_power_q31.c ****   /* Initialize blkCnt with number of samples */
  99:./Libraries/CMSIS/DSP/Source/StatisticsFunctions/arm_power_q31.c ****   blkCnt = blockSize;
  38              		.loc 1 99 3 view .LVU4
 100:./Libraries/CMSIS/DSP/Source/StatisticsFunctions/arm_power_q31.c **** 
 101:./Libraries/CMSIS/DSP/Source/StatisticsFunctions/arm_power_q31.c **** #endif /* #if defined (ARM_MATH_LOOPUNROLL) */
 102:./Libraries/CMSIS/DSP/Source/StatisticsFunctions/arm_power_q31.c **** 
 103:./Libraries/CMSIS/DSP/Source/StatisticsFunctions/arm_power_q31.c ****   while (blkCnt > 0U)
  39              		.loc 1 103 3 view .LVU5
  40              		.loc 1 103 9 view .LVU6
  62:./Libraries/CMSIS/DSP/Source/StatisticsFunctions/arm_power_q31.c ****         uint32_t blkCnt;                               /* Loop counter */
  41              		.loc 1 62 1 is_stmt 0 view .LVU7
  42 0000 2DE9F008 		push	{r4, r5, r6, r7, fp}
  43              	.LCFI0:
  44              		.cfi_def_cfa_offset 20
  45              		.cfi_offset 4, -20
  46              		.cfi_offset 5, -16
  47              		.cfi_offset 6, -12
  48              		.cfi_offset 7, -8
  49              		.cfi_offset 11, -4
  64:./Libraries/CMSIS/DSP/Source/StatisticsFunctions/arm_power_q31.c ****         q31_t in;                                      /* Temporary variable to store input value *
  50              		.loc 1 64 15 view .LVU8
  51 0004 0026     		movs	r6, #0
  52 0006 3746     		mov	r7, r6
  53              		.loc 1 103 9 view .LVU9
  54 0008 71B1     		cbz	r1, .L2
  55              	.LVL1:
  56              	.L3:
 104:./Libraries/CMSIS/DSP/Source/StatisticsFunctions/arm_power_q31.c ****   {
 105:./Libraries/CMSIS/DSP/Source/StatisticsFunctions/arm_power_q31.c ****     /* C = A[0] * A[0] + A[1] * A[1] + ... + A[blockSize-1] * A[blockSize-1] */
 106:./Libraries/CMSIS/DSP/Source/StatisticsFunctions/arm_power_q31.c **** 
 107:./Libraries/CMSIS/DSP/Source/StatisticsFunctions/arm_power_q31.c ****     /* Compute Power and store result in a temporary variable, sum. */
 108:./Libraries/CMSIS/DSP/Source/StatisticsFunctions/arm_power_q31.c ****     in = *pSrc++;
  57              		.loc 1 108 5 is_stmt 1 view .LVU10
  58              		.loc 1 108 8 is_stmt 0 view .LVU11
  59 000a 50F8044B 		ldr	r4, [r0], #4
  60              	.LVL2:
 109:./Libraries/CMSIS/DSP/Source/StatisticsFunctions/arm_power_q31.c ****     sum += ((q63_t) in * in) >> 14U;
  61              		.loc 1 109 5 is_stmt 1 view .LVU12
ARM GAS  /tmp/ccS66PPE.s 			page 4


  62              		.loc 1 109 24 is_stmt 0 view .LVU13
  63 000e 84FB04BC 		smull	fp, ip, r4, r4
  64              		.loc 1 109 30 view .LVU14
  65 0012 4FEA9B33 		lsr	r3, fp, #14
  66 0016 4FEAAC34 		asr	r4, ip, #14
  67              	.LVL3:
  68              		.loc 1 109 30 view .LVU15
  69 001a 43EA8C43 		orr	r3, r3, ip, lsl #18
  70              		.loc 1 109 9 view .LVU16
  71 001e F618     		adds	r6, r6, r3
  72              	.LVL4:
  73              		.loc 1 109 9 view .LVU17
  74 0020 44EB0707 		adc	r7, r4, r7
  75              	.LVL5:
 110:./Libraries/CMSIS/DSP/Source/StatisticsFunctions/arm_power_q31.c **** 
 111:./Libraries/CMSIS/DSP/Source/StatisticsFunctions/arm_power_q31.c ****     /* Decrement loop counter */
 112:./Libraries/CMSIS/DSP/Source/StatisticsFunctions/arm_power_q31.c ****     blkCnt--;
  76              		.loc 1 112 5 is_stmt 1 view .LVU18
 103:./Libraries/CMSIS/DSP/Source/StatisticsFunctions/arm_power_q31.c ****   {
  77              		.loc 1 103 9 view .LVU19
  78 0024 0139     		subs	r1, r1, #1
  79              	.LVL6:
 103:./Libraries/CMSIS/DSP/Source/StatisticsFunctions/arm_power_q31.c ****   {
  80              		.loc 1 103 9 is_stmt 0 view .LVU20
  81 0026 F0D1     		bne	.L3
  82              	.LVL7:
  83              	.L2:
 113:./Libraries/CMSIS/DSP/Source/StatisticsFunctions/arm_power_q31.c ****   }
 114:./Libraries/CMSIS/DSP/Source/StatisticsFunctions/arm_power_q31.c **** 
 115:./Libraries/CMSIS/DSP/Source/StatisticsFunctions/arm_power_q31.c ****   /* Store results in 16.48 format */
 116:./Libraries/CMSIS/DSP/Source/StatisticsFunctions/arm_power_q31.c ****   *pResult = sum;
  84              		.loc 1 116 3 is_stmt 1 view .LVU21
  85              		.loc 1 116 12 is_stmt 0 view .LVU22
  86 0028 C2E90067 		strd	r6, r7, [r2]
 117:./Libraries/CMSIS/DSP/Source/StatisticsFunctions/arm_power_q31.c **** }
  87              		.loc 1 117 1 view .LVU23
  88 002c BDE8F008 		pop	{r4, r5, r6, r7, fp}
  89              	.LCFI1:
  90              		.cfi_restore 11
  91              		.cfi_restore 7
  92              		.cfi_restore 6
  93              		.cfi_restore 5
  94              		.cfi_restore 4
  95              		.cfi_def_cfa_offset 0
  96 0030 7047     		bx	lr
  97              		.cfi_endproc
  98              	.LFE145:
 100 0032 00BF     		.text
 101              	.Letext0:
 102              		.file 2 "/usr/lib/gcc/arm-none-eabi/9.2.1/include/stdint.h"
 103              		.file 3 "/usr/lib/gcc/arm-none-eabi/9.2.1/include/stddef.h"
 104              		.file 4 "/usr/include/newlib/sys/_types.h"
 105              		.file 5 "/usr/include/newlib/sys/reent.h"
 106              		.file 6 "/usr/include/newlib/sys/lock.h"
 107              		.file 7 "/usr/include/newlib/math.h"
 108              		.file 8 "./Libraries/CMSIS/DSP/Include/arm_math.h"
ARM GAS  /tmp/ccS66PPE.s 			page 5


DEFINED SYMBOLS
                            *ABS*:0000000000000000 arm_power_q31.c
     /tmp/ccS66PPE.s:17     .text.arm_power_q31:0000000000000000 $t
     /tmp/ccS66PPE.s:26     .text.arm_power_q31:0000000000000000 arm_power_q31

NO UNDEFINED SYMBOLS
