ARM GAS  /tmp/cctTfCfK.s 			page 1


   1              		.cpu cortex-m7
   2              		.eabi_attribute 28, 1
   3              		.eabi_attribute 20, 1
   4              		.eabi_attribute 21, 1
   5              		.eabi_attribute 23, 3
   6              		.eabi_attribute 24, 1
   7              		.eabi_attribute 25, 1
   8              		.eabi_attribute 26, 1
   9              		.eabi_attribute 30, 2
  10              		.eabi_attribute 34, 1
  11              		.eabi_attribute 18, 4
  12              		.file	"arm_q7_to_q31.c"
  13              		.text
  14              	.Ltext0:
  15              		.cfi_sections	.debug_frame
  16              		.section	.text.arm_q7_to_q31,"ax",%progbits
  17              		.align	1
  18              		.p2align 2,,3
  19              		.global	arm_q7_to_q31
  20              		.arch armv7e-m
  21              		.syntax unified
  22              		.thumb
  23              		.thumb_func
  24              		.fpu fpv5-d16
  26              	arm_q7_to_q31:
  27              	.LVL0:
  28              	.LFB145:
  29              		.file 1 "./Libraries/CMSIS/DSP/Source/SupportFunctions/arm_q7_to_q31.c"
   1:./Libraries/CMSIS/DSP/Source/SupportFunctions/arm_q7_to_q31.c **** /* ----------------------------------------------------------------------
   2:./Libraries/CMSIS/DSP/Source/SupportFunctions/arm_q7_to_q31.c ****  * Project:      CMSIS DSP Library
   3:./Libraries/CMSIS/DSP/Source/SupportFunctions/arm_q7_to_q31.c ****  * Title:        arm_q7_to_q31.c
   4:./Libraries/CMSIS/DSP/Source/SupportFunctions/arm_q7_to_q31.c ****  * Description:  Converts the elements of the Q7 vector to Q31 vector
   5:./Libraries/CMSIS/DSP/Source/SupportFunctions/arm_q7_to_q31.c ****  *
   6:./Libraries/CMSIS/DSP/Source/SupportFunctions/arm_q7_to_q31.c ****  * $Date:        18. March 2019
   7:./Libraries/CMSIS/DSP/Source/SupportFunctions/arm_q7_to_q31.c ****  * $Revision:    V1.6.0
   8:./Libraries/CMSIS/DSP/Source/SupportFunctions/arm_q7_to_q31.c ****  *
   9:./Libraries/CMSIS/DSP/Source/SupportFunctions/arm_q7_to_q31.c ****  * Target Processor: Cortex-M cores
  10:./Libraries/CMSIS/DSP/Source/SupportFunctions/arm_q7_to_q31.c ****  * -------------------------------------------------------------------- */
  11:./Libraries/CMSIS/DSP/Source/SupportFunctions/arm_q7_to_q31.c **** /*
  12:./Libraries/CMSIS/DSP/Source/SupportFunctions/arm_q7_to_q31.c ****  * Copyright (C) 2010-2019 ARM Limited or its affiliates. All rights reserved.
  13:./Libraries/CMSIS/DSP/Source/SupportFunctions/arm_q7_to_q31.c ****  *
  14:./Libraries/CMSIS/DSP/Source/SupportFunctions/arm_q7_to_q31.c ****  * SPDX-License-Identifier: Apache-2.0
  15:./Libraries/CMSIS/DSP/Source/SupportFunctions/arm_q7_to_q31.c ****  *
  16:./Libraries/CMSIS/DSP/Source/SupportFunctions/arm_q7_to_q31.c ****  * Licensed under the Apache License, Version 2.0 (the License); you may
  17:./Libraries/CMSIS/DSP/Source/SupportFunctions/arm_q7_to_q31.c ****  * not use this file except in compliance with the License.
  18:./Libraries/CMSIS/DSP/Source/SupportFunctions/arm_q7_to_q31.c ****  * You may obtain a copy of the License at
  19:./Libraries/CMSIS/DSP/Source/SupportFunctions/arm_q7_to_q31.c ****  *
  20:./Libraries/CMSIS/DSP/Source/SupportFunctions/arm_q7_to_q31.c ****  * www.apache.org/licenses/LICENSE-2.0
  21:./Libraries/CMSIS/DSP/Source/SupportFunctions/arm_q7_to_q31.c ****  *
  22:./Libraries/CMSIS/DSP/Source/SupportFunctions/arm_q7_to_q31.c ****  * Unless required by applicable law or agreed to in writing, software
  23:./Libraries/CMSIS/DSP/Source/SupportFunctions/arm_q7_to_q31.c ****  * distributed under the License is distributed on an AS IS BASIS, WITHOUT
  24:./Libraries/CMSIS/DSP/Source/SupportFunctions/arm_q7_to_q31.c ****  * WARRANTIES OR CONDITIONS OF ANY KIND, either express or implied.
  25:./Libraries/CMSIS/DSP/Source/SupportFunctions/arm_q7_to_q31.c ****  * See the License for the specific language governing permissions and
  26:./Libraries/CMSIS/DSP/Source/SupportFunctions/arm_q7_to_q31.c ****  * limitations under the License.
  27:./Libraries/CMSIS/DSP/Source/SupportFunctions/arm_q7_to_q31.c ****  */
  28:./Libraries/CMSIS/DSP/Source/SupportFunctions/arm_q7_to_q31.c **** 
  29:./Libraries/CMSIS/DSP/Source/SupportFunctions/arm_q7_to_q31.c **** #include "arm_math.h"
ARM GAS  /tmp/cctTfCfK.s 			page 2


  30:./Libraries/CMSIS/DSP/Source/SupportFunctions/arm_q7_to_q31.c **** 
  31:./Libraries/CMSIS/DSP/Source/SupportFunctions/arm_q7_to_q31.c **** /**
  32:./Libraries/CMSIS/DSP/Source/SupportFunctions/arm_q7_to_q31.c ****   @ingroup groupSupport
  33:./Libraries/CMSIS/DSP/Source/SupportFunctions/arm_q7_to_q31.c ****  */
  34:./Libraries/CMSIS/DSP/Source/SupportFunctions/arm_q7_to_q31.c **** 
  35:./Libraries/CMSIS/DSP/Source/SupportFunctions/arm_q7_to_q31.c **** /**
  36:./Libraries/CMSIS/DSP/Source/SupportFunctions/arm_q7_to_q31.c ****   @addtogroup q7_to_x
  37:./Libraries/CMSIS/DSP/Source/SupportFunctions/arm_q7_to_q31.c ****   @{
  38:./Libraries/CMSIS/DSP/Source/SupportFunctions/arm_q7_to_q31.c ****  */
  39:./Libraries/CMSIS/DSP/Source/SupportFunctions/arm_q7_to_q31.c **** 
  40:./Libraries/CMSIS/DSP/Source/SupportFunctions/arm_q7_to_q31.c **** /**
  41:./Libraries/CMSIS/DSP/Source/SupportFunctions/arm_q7_to_q31.c ****   @brief         Converts the elements of the Q7 vector to Q31 vector.
  42:./Libraries/CMSIS/DSP/Source/SupportFunctions/arm_q7_to_q31.c ****   @param[in]     pSrc       points to the Q7 input vector
  43:./Libraries/CMSIS/DSP/Source/SupportFunctions/arm_q7_to_q31.c ****   @param[out]    pDst       points to the Q31 output vector
  44:./Libraries/CMSIS/DSP/Source/SupportFunctions/arm_q7_to_q31.c ****   @param[in]     blockSize  number of samples in each vector
  45:./Libraries/CMSIS/DSP/Source/SupportFunctions/arm_q7_to_q31.c ****   @return        none
  46:./Libraries/CMSIS/DSP/Source/SupportFunctions/arm_q7_to_q31.c **** 
  47:./Libraries/CMSIS/DSP/Source/SupportFunctions/arm_q7_to_q31.c ****   @par           Details
  48:./Libraries/CMSIS/DSP/Source/SupportFunctions/arm_q7_to_q31.c ****                    The equation used for the conversion process is:
  49:./Libraries/CMSIS/DSP/Source/SupportFunctions/arm_q7_to_q31.c ****   <pre>
  50:./Libraries/CMSIS/DSP/Source/SupportFunctions/arm_q7_to_q31.c ****       pDst[n] = (q31_t) pSrc[n] << 24;   0 <= n < blockSize.
  51:./Libraries/CMSIS/DSP/Source/SupportFunctions/arm_q7_to_q31.c ****   </pre>
  52:./Libraries/CMSIS/DSP/Source/SupportFunctions/arm_q7_to_q31.c ****  */
  53:./Libraries/CMSIS/DSP/Source/SupportFunctions/arm_q7_to_q31.c **** 
  54:./Libraries/CMSIS/DSP/Source/SupportFunctions/arm_q7_to_q31.c **** void arm_q7_to_q31(
  55:./Libraries/CMSIS/DSP/Source/SupportFunctions/arm_q7_to_q31.c ****   const q7_t * pSrc,
  56:./Libraries/CMSIS/DSP/Source/SupportFunctions/arm_q7_to_q31.c ****         q31_t * pDst,
  57:./Libraries/CMSIS/DSP/Source/SupportFunctions/arm_q7_to_q31.c ****         uint32_t blockSize)
  58:./Libraries/CMSIS/DSP/Source/SupportFunctions/arm_q7_to_q31.c **** {
  30              		.loc 1 58 1 view -0
  31              		.cfi_startproc
  32              		@ args = 0, pretend = 0, frame = 0
  33              		@ frame_needed = 0, uses_anonymous_args = 0
  34              		@ link register save eliminated.
  59:./Libraries/CMSIS/DSP/Source/SupportFunctions/arm_q7_to_q31.c ****         uint32_t blkCnt;                               /* Loop counter */
  35              		.loc 1 59 9 view .LVU1
  60:./Libraries/CMSIS/DSP/Source/SupportFunctions/arm_q7_to_q31.c ****   const q7_t *pIn = pSrc;                              /* Source pointer */
  36              		.loc 1 60 3 view .LVU2
  61:./Libraries/CMSIS/DSP/Source/SupportFunctions/arm_q7_to_q31.c **** 
  62:./Libraries/CMSIS/DSP/Source/SupportFunctions/arm_q7_to_q31.c **** #if defined (ARM_MATH_LOOPUNROLL)
  63:./Libraries/CMSIS/DSP/Source/SupportFunctions/arm_q7_to_q31.c **** 
  64:./Libraries/CMSIS/DSP/Source/SupportFunctions/arm_q7_to_q31.c ****         q31_t in;
  65:./Libraries/CMSIS/DSP/Source/SupportFunctions/arm_q7_to_q31.c **** 
  66:./Libraries/CMSIS/DSP/Source/SupportFunctions/arm_q7_to_q31.c ****   /* Loop unrolling: Compute 4 outputs at a time */
  67:./Libraries/CMSIS/DSP/Source/SupportFunctions/arm_q7_to_q31.c ****   blkCnt = blockSize >> 2U;
  68:./Libraries/CMSIS/DSP/Source/SupportFunctions/arm_q7_to_q31.c **** 
  69:./Libraries/CMSIS/DSP/Source/SupportFunctions/arm_q7_to_q31.c ****   while (blkCnt > 0U)
  70:./Libraries/CMSIS/DSP/Source/SupportFunctions/arm_q7_to_q31.c ****   {
  71:./Libraries/CMSIS/DSP/Source/SupportFunctions/arm_q7_to_q31.c ****     /* C = (q31_t) A << 24 */
  72:./Libraries/CMSIS/DSP/Source/SupportFunctions/arm_q7_to_q31.c **** 
  73:./Libraries/CMSIS/DSP/Source/SupportFunctions/arm_q7_to_q31.c ****     /* Convert from q7 to q31 and store result in destination buffer */
  74:./Libraries/CMSIS/DSP/Source/SupportFunctions/arm_q7_to_q31.c ****     in = read_q7x4_ia ((q7_t **) &pIn);
  75:./Libraries/CMSIS/DSP/Source/SupportFunctions/arm_q7_to_q31.c **** 
  76:./Libraries/CMSIS/DSP/Source/SupportFunctions/arm_q7_to_q31.c **** #ifndef ARM_MATH_BIG_ENDIAN
  77:./Libraries/CMSIS/DSP/Source/SupportFunctions/arm_q7_to_q31.c **** 
  78:./Libraries/CMSIS/DSP/Source/SupportFunctions/arm_q7_to_q31.c ****     *pDst++ = (__ROR(in, 8)) & 0xFF000000;
  79:./Libraries/CMSIS/DSP/Source/SupportFunctions/arm_q7_to_q31.c ****     *pDst++ = (__ROR(in, 16)) & 0xFF000000;
ARM GAS  /tmp/cctTfCfK.s 			page 3


  80:./Libraries/CMSIS/DSP/Source/SupportFunctions/arm_q7_to_q31.c ****     *pDst++ = (__ROR(in, 24)) & 0xFF000000;
  81:./Libraries/CMSIS/DSP/Source/SupportFunctions/arm_q7_to_q31.c ****     *pDst++ = (in & 0xFF000000);
  82:./Libraries/CMSIS/DSP/Source/SupportFunctions/arm_q7_to_q31.c **** 
  83:./Libraries/CMSIS/DSP/Source/SupportFunctions/arm_q7_to_q31.c **** #else
  84:./Libraries/CMSIS/DSP/Source/SupportFunctions/arm_q7_to_q31.c **** 
  85:./Libraries/CMSIS/DSP/Source/SupportFunctions/arm_q7_to_q31.c ****     *pDst++ = (in & 0xFF000000);
  86:./Libraries/CMSIS/DSP/Source/SupportFunctions/arm_q7_to_q31.c ****     *pDst++ = (__ROR(in, 24)) & 0xFF000000;
  87:./Libraries/CMSIS/DSP/Source/SupportFunctions/arm_q7_to_q31.c ****     *pDst++ = (__ROR(in, 16)) & 0xFF000000;
  88:./Libraries/CMSIS/DSP/Source/SupportFunctions/arm_q7_to_q31.c ****     *pDst++ = (__ROR(in, 8)) & 0xFF000000;
  89:./Libraries/CMSIS/DSP/Source/SupportFunctions/arm_q7_to_q31.c **** 
  90:./Libraries/CMSIS/DSP/Source/SupportFunctions/arm_q7_to_q31.c **** #endif /* #ifndef ARM_MATH_BIG_ENDIAN */
  91:./Libraries/CMSIS/DSP/Source/SupportFunctions/arm_q7_to_q31.c **** 
  92:./Libraries/CMSIS/DSP/Source/SupportFunctions/arm_q7_to_q31.c ****     /* Decrement loop counter */
  93:./Libraries/CMSIS/DSP/Source/SupportFunctions/arm_q7_to_q31.c ****     blkCnt--;
  94:./Libraries/CMSIS/DSP/Source/SupportFunctions/arm_q7_to_q31.c ****   }
  95:./Libraries/CMSIS/DSP/Source/SupportFunctions/arm_q7_to_q31.c **** 
  96:./Libraries/CMSIS/DSP/Source/SupportFunctions/arm_q7_to_q31.c ****   /* Loop unrolling: Compute remaining outputs */
  97:./Libraries/CMSIS/DSP/Source/SupportFunctions/arm_q7_to_q31.c ****   blkCnt = blockSize % 0x4U;
  98:./Libraries/CMSIS/DSP/Source/SupportFunctions/arm_q7_to_q31.c **** 
  99:./Libraries/CMSIS/DSP/Source/SupportFunctions/arm_q7_to_q31.c **** #else
 100:./Libraries/CMSIS/DSP/Source/SupportFunctions/arm_q7_to_q31.c **** 
 101:./Libraries/CMSIS/DSP/Source/SupportFunctions/arm_q7_to_q31.c ****   /* Initialize blkCnt with number of samples */
 102:./Libraries/CMSIS/DSP/Source/SupportFunctions/arm_q7_to_q31.c ****   blkCnt = blockSize;
  37              		.loc 1 102 3 view .LVU3
 103:./Libraries/CMSIS/DSP/Source/SupportFunctions/arm_q7_to_q31.c **** 
 104:./Libraries/CMSIS/DSP/Source/SupportFunctions/arm_q7_to_q31.c **** #endif /* #if defined (ARM_MATH_LOOPUNROLL) */
 105:./Libraries/CMSIS/DSP/Source/SupportFunctions/arm_q7_to_q31.c **** 
 106:./Libraries/CMSIS/DSP/Source/SupportFunctions/arm_q7_to_q31.c ****   while (blkCnt > 0U)
  38              		.loc 1 106 3 view .LVU4
  39              		.loc 1 106 9 view .LVU5
  40 0000 3AB1     		cbz	r2, .L1
  41 0002 0244     		add	r2, r2, r0
  42              	.LVL1:
  43              	.L3:
 107:./Libraries/CMSIS/DSP/Source/SupportFunctions/arm_q7_to_q31.c ****   {
 108:./Libraries/CMSIS/DSP/Source/SupportFunctions/arm_q7_to_q31.c ****     /* C = (q31_t) A << 24 */
 109:./Libraries/CMSIS/DSP/Source/SupportFunctions/arm_q7_to_q31.c **** 
 110:./Libraries/CMSIS/DSP/Source/SupportFunctions/arm_q7_to_q31.c ****     /* Convert from q7 to q31 and store result in destination buffer */
 111:./Libraries/CMSIS/DSP/Source/SupportFunctions/arm_q7_to_q31.c ****     *pDst++ = (q31_t) * pIn++ << 24;
  44              		.loc 1 111 5 view .LVU6
  45              		.loc 1 111 15 is_stmt 0 view .LVU7
  46 0004 10F9013B 		ldrsb	r3, [r0], #1
  47              	.LVL2:
  48              		.loc 1 111 31 view .LVU8
  49 0008 1B06     		lsls	r3, r3, #24
 106:./Libraries/CMSIS/DSP/Source/SupportFunctions/arm_q7_to_q31.c ****   {
  50              		.loc 1 106 9 view .LVU9
  51 000a 9042     		cmp	r0, r2
  52              		.loc 1 111 13 view .LVU10
  53 000c 41F8043B 		str	r3, [r1], #4
  54              	.LVL3:
 112:./Libraries/CMSIS/DSP/Source/SupportFunctions/arm_q7_to_q31.c **** 
 113:./Libraries/CMSIS/DSP/Source/SupportFunctions/arm_q7_to_q31.c ****     /* Decrement loop counter */
 114:./Libraries/CMSIS/DSP/Source/SupportFunctions/arm_q7_to_q31.c ****     blkCnt--;
  55              		.loc 1 114 5 is_stmt 1 view .LVU11
 106:./Libraries/CMSIS/DSP/Source/SupportFunctions/arm_q7_to_q31.c ****   {
  56              		.loc 1 106 9 view .LVU12
ARM GAS  /tmp/cctTfCfK.s 			page 4


  57 0010 F8D1     		bne	.L3
  58              	.L1:
 115:./Libraries/CMSIS/DSP/Source/SupportFunctions/arm_q7_to_q31.c ****   }
 116:./Libraries/CMSIS/DSP/Source/SupportFunctions/arm_q7_to_q31.c **** 
 117:./Libraries/CMSIS/DSP/Source/SupportFunctions/arm_q7_to_q31.c **** }
  59              		.loc 1 117 1 is_stmt 0 view .LVU13
  60 0012 7047     		bx	lr
  61              		.cfi_endproc
  62              	.LFE145:
  64              		.text
  65              	.Letext0:
  66              		.file 2 "/usr/lib/gcc/arm-none-eabi/9.2.1/include/stdint.h"
  67              		.file 3 "/usr/lib/gcc/arm-none-eabi/9.2.1/include/stddef.h"
  68              		.file 4 "/usr/include/newlib/sys/_types.h"
  69              		.file 5 "/usr/include/newlib/sys/reent.h"
  70              		.file 6 "/usr/include/newlib/sys/lock.h"
  71              		.file 7 "/usr/include/newlib/math.h"
  72              		.file 8 "./Libraries/CMSIS/DSP/Include/arm_math.h"
ARM GAS  /tmp/cctTfCfK.s 			page 5


DEFINED SYMBOLS
                            *ABS*:0000000000000000 arm_q7_to_q31.c
     /tmp/cctTfCfK.s:17     .text.arm_q7_to_q31:0000000000000000 $t
     /tmp/cctTfCfK.s:26     .text.arm_q7_to_q31:0000000000000000 arm_q7_to_q31

NO UNDEFINED SYMBOLS
