ARM GAS  /var/folders/wl/rshn8xbx1dsfj1zgryf4g1240000gn/T//ccdKZGE9.s 			page 1


   1              		.cpu cortex-m7
   2              		.eabi_attribute 28, 1
   3              		.eabi_attribute 20, 1
   4              		.eabi_attribute 21, 1
   5              		.eabi_attribute 23, 3
   6              		.eabi_attribute 24, 1
   7              		.eabi_attribute 25, 1
   8              		.eabi_attribute 26, 1
   9              		.eabi_attribute 30, 2
  10              		.eabi_attribute 34, 1
  11              		.eabi_attribute 18, 4
  12              		.file	"arm_min_q15.c"
  13              		.text
  14              	.Ltext0:
  15              		.cfi_sections	.debug_frame
  16              		.section	.text.arm_min_q15,"ax",%progbits
  17              		.align	1
  18              		.p2align 2,,3
  19              		.global	arm_min_q15
  20              		.arch armv7e-m
  21              		.syntax unified
  22              		.thumb
  23              		.thumb_func
  24              		.fpu fpv5-d16
  26              	arm_min_q15:
  27              	.LVL0:
  28              	.LFB145:
  29              		.file 1 ".//Libraries/CMSIS/DSP/Source/StatisticsFunctions/arm_min_q15.c"
   1:.//Libraries/CMSIS/DSP/Source/StatisticsFunctions/arm_min_q15.c **** /* ----------------------------------------------------------------------
   2:.//Libraries/CMSIS/DSP/Source/StatisticsFunctions/arm_min_q15.c ****  * Project:      CMSIS DSP Library
   3:.//Libraries/CMSIS/DSP/Source/StatisticsFunctions/arm_min_q15.c ****  * Title:        arm_min_q15.c
   4:.//Libraries/CMSIS/DSP/Source/StatisticsFunctions/arm_min_q15.c ****  * Description:  Minimum value of a Q15 vector
   5:.//Libraries/CMSIS/DSP/Source/StatisticsFunctions/arm_min_q15.c ****  *
   6:.//Libraries/CMSIS/DSP/Source/StatisticsFunctions/arm_min_q15.c ****  * $Date:        18. March 2019
   7:.//Libraries/CMSIS/DSP/Source/StatisticsFunctions/arm_min_q15.c ****  * $Revision:    V1.6.0
   8:.//Libraries/CMSIS/DSP/Source/StatisticsFunctions/arm_min_q15.c ****  *
   9:.//Libraries/CMSIS/DSP/Source/StatisticsFunctions/arm_min_q15.c ****  * Target Processor: Cortex-M cores
  10:.//Libraries/CMSIS/DSP/Source/StatisticsFunctions/arm_min_q15.c ****  * -------------------------------------------------------------------- */
  11:.//Libraries/CMSIS/DSP/Source/StatisticsFunctions/arm_min_q15.c **** /*
  12:.//Libraries/CMSIS/DSP/Source/StatisticsFunctions/arm_min_q15.c ****  * Copyright (C) 2010-2019 ARM Limited or its affiliates. All rights reserved.
  13:.//Libraries/CMSIS/DSP/Source/StatisticsFunctions/arm_min_q15.c ****  *
  14:.//Libraries/CMSIS/DSP/Source/StatisticsFunctions/arm_min_q15.c ****  * SPDX-License-Identifier: Apache-2.0
  15:.//Libraries/CMSIS/DSP/Source/StatisticsFunctions/arm_min_q15.c ****  *
  16:.//Libraries/CMSIS/DSP/Source/StatisticsFunctions/arm_min_q15.c ****  * Licensed under the Apache License, Version 2.0 (the License); you may
  17:.//Libraries/CMSIS/DSP/Source/StatisticsFunctions/arm_min_q15.c ****  * not use this file except in compliance with the License.
  18:.//Libraries/CMSIS/DSP/Source/StatisticsFunctions/arm_min_q15.c ****  * You may obtain a copy of the License at
  19:.//Libraries/CMSIS/DSP/Source/StatisticsFunctions/arm_min_q15.c ****  *
  20:.//Libraries/CMSIS/DSP/Source/StatisticsFunctions/arm_min_q15.c ****  * www.apache.org/licenses/LICENSE-2.0
  21:.//Libraries/CMSIS/DSP/Source/StatisticsFunctions/arm_min_q15.c ****  *
  22:.//Libraries/CMSIS/DSP/Source/StatisticsFunctions/arm_min_q15.c ****  * Unless required by applicable law or agreed to in writing, software
  23:.//Libraries/CMSIS/DSP/Source/StatisticsFunctions/arm_min_q15.c ****  * distributed under the License is distributed on an AS IS BASIS, WITHOUT
  24:.//Libraries/CMSIS/DSP/Source/StatisticsFunctions/arm_min_q15.c ****  * WARRANTIES OR CONDITIONS OF ANY KIND, either express or implied.
  25:.//Libraries/CMSIS/DSP/Source/StatisticsFunctions/arm_min_q15.c ****  * See the License for the specific language governing permissions and
  26:.//Libraries/CMSIS/DSP/Source/StatisticsFunctions/arm_min_q15.c ****  * limitations under the License.
  27:.//Libraries/CMSIS/DSP/Source/StatisticsFunctions/arm_min_q15.c ****  */
  28:.//Libraries/CMSIS/DSP/Source/StatisticsFunctions/arm_min_q15.c **** 
  29:.//Libraries/CMSIS/DSP/Source/StatisticsFunctions/arm_min_q15.c **** #include "arm_math.h"
ARM GAS  /var/folders/wl/rshn8xbx1dsfj1zgryf4g1240000gn/T//ccdKZGE9.s 			page 2


  30:.//Libraries/CMSIS/DSP/Source/StatisticsFunctions/arm_min_q15.c **** 
  31:.//Libraries/CMSIS/DSP/Source/StatisticsFunctions/arm_min_q15.c **** /**
  32:.//Libraries/CMSIS/DSP/Source/StatisticsFunctions/arm_min_q15.c ****   @ingroup groupStats
  33:.//Libraries/CMSIS/DSP/Source/StatisticsFunctions/arm_min_q15.c ****  */
  34:.//Libraries/CMSIS/DSP/Source/StatisticsFunctions/arm_min_q15.c **** 
  35:.//Libraries/CMSIS/DSP/Source/StatisticsFunctions/arm_min_q15.c **** 
  36:.//Libraries/CMSIS/DSP/Source/StatisticsFunctions/arm_min_q15.c **** /**
  37:.//Libraries/CMSIS/DSP/Source/StatisticsFunctions/arm_min_q15.c ****   @addtogroup Min
  38:.//Libraries/CMSIS/DSP/Source/StatisticsFunctions/arm_min_q15.c ****   @{
  39:.//Libraries/CMSIS/DSP/Source/StatisticsFunctions/arm_min_q15.c ****  */
  40:.//Libraries/CMSIS/DSP/Source/StatisticsFunctions/arm_min_q15.c **** 
  41:.//Libraries/CMSIS/DSP/Source/StatisticsFunctions/arm_min_q15.c **** /**
  42:.//Libraries/CMSIS/DSP/Source/StatisticsFunctions/arm_min_q15.c ****   @brief         Minimum value of a Q15 vector.
  43:.//Libraries/CMSIS/DSP/Source/StatisticsFunctions/arm_min_q15.c ****   @param[in]     pSrc       points to the input vector
  44:.//Libraries/CMSIS/DSP/Source/StatisticsFunctions/arm_min_q15.c ****   @param[in]     blockSize  number of samples in input vector
  45:.//Libraries/CMSIS/DSP/Source/StatisticsFunctions/arm_min_q15.c ****   @param[out]    pResult    minimum value returned here
  46:.//Libraries/CMSIS/DSP/Source/StatisticsFunctions/arm_min_q15.c ****   @param[out]    pIndex     index of minimum value returned here
  47:.//Libraries/CMSIS/DSP/Source/StatisticsFunctions/arm_min_q15.c ****   @return        none
  48:.//Libraries/CMSIS/DSP/Source/StatisticsFunctions/arm_min_q15.c ****  */
  49:.//Libraries/CMSIS/DSP/Source/StatisticsFunctions/arm_min_q15.c **** 
  50:.//Libraries/CMSIS/DSP/Source/StatisticsFunctions/arm_min_q15.c **** void arm_min_q15(
  51:.//Libraries/CMSIS/DSP/Source/StatisticsFunctions/arm_min_q15.c ****   const q15_t * pSrc,
  52:.//Libraries/CMSIS/DSP/Source/StatisticsFunctions/arm_min_q15.c ****         uint32_t blockSize,
  53:.//Libraries/CMSIS/DSP/Source/StatisticsFunctions/arm_min_q15.c ****         q15_t * pResult,
  54:.//Libraries/CMSIS/DSP/Source/StatisticsFunctions/arm_min_q15.c ****         uint32_t * pIndex)
  55:.//Libraries/CMSIS/DSP/Source/StatisticsFunctions/arm_min_q15.c **** {
  30              		.loc 1 55 1 view -0
  31              		.cfi_startproc
  32              		@ args = 0, pretend = 0, frame = 0
  33              		@ frame_needed = 0, uses_anonymous_args = 0
  34              		@ link register save eliminated.
  56:.//Libraries/CMSIS/DSP/Source/StatisticsFunctions/arm_min_q15.c ****         q15_t minVal, out;                             /* Temporary variables to store the output v
  35              		.loc 1 56 9 view .LVU1
  57:.//Libraries/CMSIS/DSP/Source/StatisticsFunctions/arm_min_q15.c ****         uint32_t blkCnt, outIndex;                     /* Loop counter */
  36              		.loc 1 57 9 view .LVU2
  58:.//Libraries/CMSIS/DSP/Source/StatisticsFunctions/arm_min_q15.c **** 
  59:.//Libraries/CMSIS/DSP/Source/StatisticsFunctions/arm_min_q15.c **** #if defined (ARM_MATH_LOOPUNROLL)
  60:.//Libraries/CMSIS/DSP/Source/StatisticsFunctions/arm_min_q15.c ****         uint32_t index;                                /* index of maximum value */
  61:.//Libraries/CMSIS/DSP/Source/StatisticsFunctions/arm_min_q15.c **** #endif
  62:.//Libraries/CMSIS/DSP/Source/StatisticsFunctions/arm_min_q15.c **** 
  63:.//Libraries/CMSIS/DSP/Source/StatisticsFunctions/arm_min_q15.c ****   /* Initialise index value to zero. */
  64:.//Libraries/CMSIS/DSP/Source/StatisticsFunctions/arm_min_q15.c ****   outIndex = 0U;
  37              		.loc 1 64 3 view .LVU3
  65:.//Libraries/CMSIS/DSP/Source/StatisticsFunctions/arm_min_q15.c ****   /* Load first input value that act as reference value for comparision */
  66:.//Libraries/CMSIS/DSP/Source/StatisticsFunctions/arm_min_q15.c ****   out = *pSrc++;
  38              		.loc 1 66 3 view .LVU4
  55:.//Libraries/CMSIS/DSP/Source/StatisticsFunctions/arm_min_q15.c ****         q15_t minVal, out;                             /* Temporary variables to store the output v
  39              		.loc 1 55 1 is_stmt 0 view .LVU5
  40 0000 F0B4     		push	{r4, r5, r6, r7}
  41              	.LCFI0:
  42              		.cfi_def_cfa_offset 16
  43              		.cfi_offset 4, -16
  44              		.cfi_offset 5, -12
  45              		.cfi_offset 6, -8
  46              		.cfi_offset 7, -4
  67:.//Libraries/CMSIS/DSP/Source/StatisticsFunctions/arm_min_q15.c **** 
  68:.//Libraries/CMSIS/DSP/Source/StatisticsFunctions/arm_min_q15.c **** #if defined (ARM_MATH_LOOPUNROLL)
ARM GAS  /var/folders/wl/rshn8xbx1dsfj1zgryf4g1240000gn/T//ccdKZGE9.s 			page 3


  69:.//Libraries/CMSIS/DSP/Source/StatisticsFunctions/arm_min_q15.c ****   /* Initialise index of maximum value. */
  70:.//Libraries/CMSIS/DSP/Source/StatisticsFunctions/arm_min_q15.c ****   index = 0U;
  71:.//Libraries/CMSIS/DSP/Source/StatisticsFunctions/arm_min_q15.c **** 
  72:.//Libraries/CMSIS/DSP/Source/StatisticsFunctions/arm_min_q15.c ****   /* Loop unrolling: Compute 4 outputs at a time */
  73:.//Libraries/CMSIS/DSP/Source/StatisticsFunctions/arm_min_q15.c ****   blkCnt = (blockSize - 1U) >> 2U;
  74:.//Libraries/CMSIS/DSP/Source/StatisticsFunctions/arm_min_q15.c **** 
  75:.//Libraries/CMSIS/DSP/Source/StatisticsFunctions/arm_min_q15.c ****   while (blkCnt > 0U)
  76:.//Libraries/CMSIS/DSP/Source/StatisticsFunctions/arm_min_q15.c ****   {
  77:.//Libraries/CMSIS/DSP/Source/StatisticsFunctions/arm_min_q15.c ****     /* Initialize minVal to next consecutive values one by one */
  78:.//Libraries/CMSIS/DSP/Source/StatisticsFunctions/arm_min_q15.c ****     minVal = *pSrc++;
  79:.//Libraries/CMSIS/DSP/Source/StatisticsFunctions/arm_min_q15.c **** 
  80:.//Libraries/CMSIS/DSP/Source/StatisticsFunctions/arm_min_q15.c ****     /* compare for the minimum value */
  81:.//Libraries/CMSIS/DSP/Source/StatisticsFunctions/arm_min_q15.c ****     if (out > minVal)
  82:.//Libraries/CMSIS/DSP/Source/StatisticsFunctions/arm_min_q15.c ****     {
  83:.//Libraries/CMSIS/DSP/Source/StatisticsFunctions/arm_min_q15.c ****       /* Update the minimum value and it's index */
  84:.//Libraries/CMSIS/DSP/Source/StatisticsFunctions/arm_min_q15.c ****       out = minVal;
  85:.//Libraries/CMSIS/DSP/Source/StatisticsFunctions/arm_min_q15.c ****       outIndex = index + 1U;
  86:.//Libraries/CMSIS/DSP/Source/StatisticsFunctions/arm_min_q15.c ****     }
  87:.//Libraries/CMSIS/DSP/Source/StatisticsFunctions/arm_min_q15.c **** 
  88:.//Libraries/CMSIS/DSP/Source/StatisticsFunctions/arm_min_q15.c ****     minVal = *pSrc++;
  89:.//Libraries/CMSIS/DSP/Source/StatisticsFunctions/arm_min_q15.c ****     if (out > minVal)
  90:.//Libraries/CMSIS/DSP/Source/StatisticsFunctions/arm_min_q15.c ****     {
  91:.//Libraries/CMSIS/DSP/Source/StatisticsFunctions/arm_min_q15.c ****       out = minVal;
  92:.//Libraries/CMSIS/DSP/Source/StatisticsFunctions/arm_min_q15.c ****       outIndex = index + 2U;
  93:.//Libraries/CMSIS/DSP/Source/StatisticsFunctions/arm_min_q15.c ****     }
  94:.//Libraries/CMSIS/DSP/Source/StatisticsFunctions/arm_min_q15.c **** 
  95:.//Libraries/CMSIS/DSP/Source/StatisticsFunctions/arm_min_q15.c ****     minVal = *pSrc++;
  96:.//Libraries/CMSIS/DSP/Source/StatisticsFunctions/arm_min_q15.c ****     if (out > minVal)
  97:.//Libraries/CMSIS/DSP/Source/StatisticsFunctions/arm_min_q15.c ****     {
  98:.//Libraries/CMSIS/DSP/Source/StatisticsFunctions/arm_min_q15.c ****       out = minVal;
  99:.//Libraries/CMSIS/DSP/Source/StatisticsFunctions/arm_min_q15.c ****       outIndex = index + 3U;
 100:.//Libraries/CMSIS/DSP/Source/StatisticsFunctions/arm_min_q15.c ****     }
 101:.//Libraries/CMSIS/DSP/Source/StatisticsFunctions/arm_min_q15.c **** 
 102:.//Libraries/CMSIS/DSP/Source/StatisticsFunctions/arm_min_q15.c ****     minVal = *pSrc++;
 103:.//Libraries/CMSIS/DSP/Source/StatisticsFunctions/arm_min_q15.c ****     if (out > minVal)
 104:.//Libraries/CMSIS/DSP/Source/StatisticsFunctions/arm_min_q15.c ****     {
 105:.//Libraries/CMSIS/DSP/Source/StatisticsFunctions/arm_min_q15.c ****       out = minVal;
 106:.//Libraries/CMSIS/DSP/Source/StatisticsFunctions/arm_min_q15.c ****       outIndex = index + 4U;
 107:.//Libraries/CMSIS/DSP/Source/StatisticsFunctions/arm_min_q15.c ****     }
 108:.//Libraries/CMSIS/DSP/Source/StatisticsFunctions/arm_min_q15.c **** 
 109:.//Libraries/CMSIS/DSP/Source/StatisticsFunctions/arm_min_q15.c ****     index += 4U;
 110:.//Libraries/CMSIS/DSP/Source/StatisticsFunctions/arm_min_q15.c **** 
 111:.//Libraries/CMSIS/DSP/Source/StatisticsFunctions/arm_min_q15.c ****     /* Decrement loop counter */
 112:.//Libraries/CMSIS/DSP/Source/StatisticsFunctions/arm_min_q15.c ****     blkCnt--;
 113:.//Libraries/CMSIS/DSP/Source/StatisticsFunctions/arm_min_q15.c ****   }
 114:.//Libraries/CMSIS/DSP/Source/StatisticsFunctions/arm_min_q15.c **** 
 115:.//Libraries/CMSIS/DSP/Source/StatisticsFunctions/arm_min_q15.c ****   /* Loop unrolling: Compute remaining outputs */
 116:.//Libraries/CMSIS/DSP/Source/StatisticsFunctions/arm_min_q15.c ****   blkCnt = (blockSize - 1U) % 4U;
 117:.//Libraries/CMSIS/DSP/Source/StatisticsFunctions/arm_min_q15.c **** 
 118:.//Libraries/CMSIS/DSP/Source/StatisticsFunctions/arm_min_q15.c **** #else
 119:.//Libraries/CMSIS/DSP/Source/StatisticsFunctions/arm_min_q15.c **** 
 120:.//Libraries/CMSIS/DSP/Source/StatisticsFunctions/arm_min_q15.c ****   /* Initialize blkCnt with number of samples */
 121:.//Libraries/CMSIS/DSP/Source/StatisticsFunctions/arm_min_q15.c ****   blkCnt = (blockSize - 1U);
 122:.//Libraries/CMSIS/DSP/Source/StatisticsFunctions/arm_min_q15.c **** 
 123:.//Libraries/CMSIS/DSP/Source/StatisticsFunctions/arm_min_q15.c **** #endif /* #if defined (ARM_MATH_LOOPUNROLL) */
 124:.//Libraries/CMSIS/DSP/Source/StatisticsFunctions/arm_min_q15.c **** 
 125:.//Libraries/CMSIS/DSP/Source/StatisticsFunctions/arm_min_q15.c ****   while (blkCnt > 0U)
ARM GAS  /var/folders/wl/rshn8xbx1dsfj1zgryf4g1240000gn/T//ccdKZGE9.s 			page 4


  47              		.loc 1 125 9 view .LVU6
  48 0002 4C1E     		subs	r4, r1, #1
  66:.//Libraries/CMSIS/DSP/Source/StatisticsFunctions/arm_min_q15.c **** 
  49              		.loc 1 66 7 view .LVU7
  50 0004 30F9026B 		ldrsh	r6, [r0], #2
  51              	.LVL1:
 121:.//Libraries/CMSIS/DSP/Source/StatisticsFunctions/arm_min_q15.c **** 
  52              		.loc 1 121 3 is_stmt 1 view .LVU8
  53              		.loc 1 125 3 view .LVU9
  54              		.loc 1 125 9 view .LVU10
  55 0008 0CD0     		beq	.L5
  64:.//Libraries/CMSIS/DSP/Source/StatisticsFunctions/arm_min_q15.c ****   /* Load first input value that act as reference value for comparision */
  56              		.loc 1 64 12 is_stmt 0 view .LVU11
  57 000a 0027     		movs	r7, #0
  58              	.LVL2:
  59              	.L4:
 126:.//Libraries/CMSIS/DSP/Source/StatisticsFunctions/arm_min_q15.c ****   {
 127:.//Libraries/CMSIS/DSP/Source/StatisticsFunctions/arm_min_q15.c ****     /* Initialize minVal to the next consecutive values one by one */
 128:.//Libraries/CMSIS/DSP/Source/StatisticsFunctions/arm_min_q15.c ****     minVal = *pSrc++;
  60              		.loc 1 128 5 is_stmt 1 view .LVU12
 129:.//Libraries/CMSIS/DSP/Source/StatisticsFunctions/arm_min_q15.c **** 
 130:.//Libraries/CMSIS/DSP/Source/StatisticsFunctions/arm_min_q15.c ****     /* compare for the minimum value */
 131:.//Libraries/CMSIS/DSP/Source/StatisticsFunctions/arm_min_q15.c ****     if (out > minVal)
 132:.//Libraries/CMSIS/DSP/Source/StatisticsFunctions/arm_min_q15.c ****     {
 133:.//Libraries/CMSIS/DSP/Source/StatisticsFunctions/arm_min_q15.c ****       /* Update the minimum value and it's index */
 134:.//Libraries/CMSIS/DSP/Source/StatisticsFunctions/arm_min_q15.c ****       out = minVal;
  61              		.loc 1 134 7 view .LVU13
 128:.//Libraries/CMSIS/DSP/Source/StatisticsFunctions/arm_min_q15.c **** 
  62              		.loc 1 128 12 is_stmt 0 view .LVU14
  63 000c 30F9025B 		ldrsh	r5, [r0], #2
  64              	.LVL3:
 131:.//Libraries/CMSIS/DSP/Source/StatisticsFunctions/arm_min_q15.c ****     {
  65              		.loc 1 131 5 is_stmt 1 view .LVU15
 135:.//Libraries/CMSIS/DSP/Source/StatisticsFunctions/arm_min_q15.c ****       outIndex = blockSize - blkCnt;
  66              		.loc 1 135 7 view .LVU16
 131:.//Libraries/CMSIS/DSP/Source/StatisticsFunctions/arm_min_q15.c ****     {
  67              		.loc 1 131 8 is_stmt 0 view .LVU17
  68 0010 B542     		cmp	r5, r6
  69 0012 01DA     		bge	.L3
 131:.//Libraries/CMSIS/DSP/Source/StatisticsFunctions/arm_min_q15.c ****     {
  70              		.loc 1 131 8 view .LVU18
  71 0014 2E46     		mov	r6, r5
  72 0016 0F1B     		subs	r7, r1, r4
  73              	.LVL4:
  74              	.L3:
 136:.//Libraries/CMSIS/DSP/Source/StatisticsFunctions/arm_min_q15.c ****     }
 137:.//Libraries/CMSIS/DSP/Source/StatisticsFunctions/arm_min_q15.c **** 
 138:.//Libraries/CMSIS/DSP/Source/StatisticsFunctions/arm_min_q15.c ****     /* Decrement loop counter */
 139:.//Libraries/CMSIS/DSP/Source/StatisticsFunctions/arm_min_q15.c ****     blkCnt--;
  75              		.loc 1 139 5 is_stmt 1 view .LVU19
 125:.//Libraries/CMSIS/DSP/Source/StatisticsFunctions/arm_min_q15.c ****   {
  76              		.loc 1 125 9 view .LVU20
  77 0018 013C     		subs	r4, r4, #1
  78              	.LVL5:
 125:.//Libraries/CMSIS/DSP/Source/StatisticsFunctions/arm_min_q15.c ****   {
  79              		.loc 1 125 9 is_stmt 0 view .LVU21
  80 001a F7D1     		bne	.L4
ARM GAS  /var/folders/wl/rshn8xbx1dsfj1zgryf4g1240000gn/T//ccdKZGE9.s 			page 5


 140:.//Libraries/CMSIS/DSP/Source/StatisticsFunctions/arm_min_q15.c ****   }
 141:.//Libraries/CMSIS/DSP/Source/StatisticsFunctions/arm_min_q15.c **** 
 142:.//Libraries/CMSIS/DSP/Source/StatisticsFunctions/arm_min_q15.c ****   /* Store the minimum value and it's index into destination pointers */
 143:.//Libraries/CMSIS/DSP/Source/StatisticsFunctions/arm_min_q15.c ****   *pResult = out;
  81              		.loc 1 143 3 is_stmt 1 view .LVU22
  82              		.loc 1 143 12 is_stmt 0 view .LVU23
  83 001c 1680     		strh	r6, [r2]	@ movhi
 144:.//Libraries/CMSIS/DSP/Source/StatisticsFunctions/arm_min_q15.c ****   *pIndex = outIndex;
  84              		.loc 1 144 3 is_stmt 1 view .LVU24
  85              		.loc 1 144 11 is_stmt 0 view .LVU25
  86 001e 1F60     		str	r7, [r3]
 145:.//Libraries/CMSIS/DSP/Source/StatisticsFunctions/arm_min_q15.c **** }
  87              		.loc 1 145 1 view .LVU26
  88 0020 F0BC     		pop	{r4, r5, r6, r7}
  89              	.LCFI1:
  90              		.cfi_remember_state
  91              		.cfi_restore 7
  92              		.cfi_restore 6
  93              		.cfi_restore 5
  94              		.cfi_restore 4
  95              		.cfi_def_cfa_offset 0
  96              	.LVL6:
  97              		.loc 1 145 1 view .LVU27
  98 0022 7047     		bx	lr
  99              	.LVL7:
 100              	.L5:
 101              	.LCFI2:
 102              		.cfi_restore_state
  64:.//Libraries/CMSIS/DSP/Source/StatisticsFunctions/arm_min_q15.c ****   /* Load first input value that act as reference value for comparision */
 103              		.loc 1 64 12 view .LVU28
 104 0024 2746     		mov	r7, r4
 143:.//Libraries/CMSIS/DSP/Source/StatisticsFunctions/arm_min_q15.c ****   *pIndex = outIndex;
 105              		.loc 1 143 3 is_stmt 1 view .LVU29
 143:.//Libraries/CMSIS/DSP/Source/StatisticsFunctions/arm_min_q15.c ****   *pIndex = outIndex;
 106              		.loc 1 143 12 is_stmt 0 view .LVU30
 107 0026 1680     		strh	r6, [r2]	@ movhi
 144:.//Libraries/CMSIS/DSP/Source/StatisticsFunctions/arm_min_q15.c **** }
 108              		.loc 1 144 3 is_stmt 1 view .LVU31
 144:.//Libraries/CMSIS/DSP/Source/StatisticsFunctions/arm_min_q15.c **** }
 109              		.loc 1 144 11 is_stmt 0 view .LVU32
 110 0028 1F60     		str	r7, [r3]
 111              		.loc 1 145 1 view .LVU33
 112 002a F0BC     		pop	{r4, r5, r6, r7}
 113              	.LCFI3:
 114              		.cfi_restore 7
 115              		.cfi_restore 6
 116              		.cfi_restore 5
 117              		.cfi_restore 4
 118              		.cfi_def_cfa_offset 0
 119              	.LVL8:
 120              		.loc 1 145 1 view .LVU34
 121 002c 7047     		bx	lr
 122              		.cfi_endproc
 123              	.LFE145:
 125 002e 00BF     		.text
 126              	.Letext0:
 127              		.file 2 "/opt/homebrew/Cellar/arm-none-eabi-gcc/9-2019-q4-major/gcc/arm-none-eabi/include/machine/
ARM GAS  /var/folders/wl/rshn8xbx1dsfj1zgryf4g1240000gn/T//ccdKZGE9.s 			page 6


 128              		.file 3 "/opt/homebrew/Cellar/arm-none-eabi-gcc/9-2019-q4-major/gcc/arm-none-eabi/include/sys/_std
 129              		.file 4 "/opt/homebrew/Cellar/arm-none-eabi-gcc/9-2019-q4-major/gcc/arm-none-eabi/include/sys/lock
 130              		.file 5 "/opt/homebrew/Cellar/arm-none-eabi-gcc/9-2019-q4-major/gcc/arm-none-eabi/include/sys/_typ
 131              		.file 6 "/opt/homebrew/Cellar/arm-none-eabi-gcc/9-2019-q4-major/gcc/lib/gcc/arm-none-eabi/9.2.1/in
 132              		.file 7 "/opt/homebrew/Cellar/arm-none-eabi-gcc/9-2019-q4-major/gcc/arm-none-eabi/include/sys/reen
 133              		.file 8 "/opt/homebrew/Cellar/arm-none-eabi-gcc/9-2019-q4-major/gcc/arm-none-eabi/include/math.h"
 134              		.file 9 ".//Libraries/CMSIS/DSP/Include/arm_math.h"
ARM GAS  /var/folders/wl/rshn8xbx1dsfj1zgryf4g1240000gn/T//ccdKZGE9.s 			page 7


DEFINED SYMBOLS
                            *ABS*:0000000000000000 arm_min_q15.c
/var/folders/wl/rshn8xbx1dsfj1zgryf4g1240000gn/T//ccdKZGE9.s:17     .text.arm_min_q15:0000000000000000 $t
/var/folders/wl/rshn8xbx1dsfj1zgryf4g1240000gn/T//ccdKZGE9.s:26     .text.arm_min_q15:0000000000000000 arm_min_q15

NO UNDEFINED SYMBOLS
