ARM GAS  /tmp/ccjbfjFu.s 			page 1


   1              		.cpu cortex-m7
   2              		.eabi_attribute 28, 1
   3              		.eabi_attribute 20, 1
   4              		.eabi_attribute 21, 1
   5              		.eabi_attribute 23, 3
   6              		.eabi_attribute 24, 1
   7              		.eabi_attribute 25, 1
   8              		.eabi_attribute 26, 1
   9              		.eabi_attribute 30, 2
  10              		.eabi_attribute 34, 1
  11              		.eabi_attribute 18, 4
  12              		.file	"arm_biquad_cascade_stereo_df2T_init_f32.c"
  13              		.text
  14              	.Ltext0:
  15              		.cfi_sections	.debug_frame
  16              		.section	.text.arm_biquad_cascade_stereo_df2T_init_f32,"ax",%progbits
  17              		.align	1
  18              		.p2align 2,,3
  19              		.global	arm_biquad_cascade_stereo_df2T_init_f32
  20              		.arch armv7e-m
  21              		.syntax unified
  22              		.thumb
  23              		.thumb_func
  24              		.fpu fpv5-d16
  26              	arm_biquad_cascade_stereo_df2T_init_f32:
  27              	.LVL0:
  28              	.LFB145:
  29              		.file 1 "./Libraries/CMSIS/DSP/Source/FilteringFunctions/arm_biquad_cascade_stereo_df2T_init_f32.c
   1:./Libraries/CMSIS/DSP/Source/FilteringFunctions/arm_biquad_cascade_stereo_df2T_init_f32.c **** /* ----------------------------------------------------------------------
   2:./Libraries/CMSIS/DSP/Source/FilteringFunctions/arm_biquad_cascade_stereo_df2T_init_f32.c ****  * Project:      CMSIS DSP Library
   3:./Libraries/CMSIS/DSP/Source/FilteringFunctions/arm_biquad_cascade_stereo_df2T_init_f32.c ****  * Title:        arm_biquad_cascade_stereo_df2T_init_f32.c
   4:./Libraries/CMSIS/DSP/Source/FilteringFunctions/arm_biquad_cascade_stereo_df2T_init_f32.c ****  * Description:  Initialization function for floating-point transposed direct form II Biquad cascad
   5:./Libraries/CMSIS/DSP/Source/FilteringFunctions/arm_biquad_cascade_stereo_df2T_init_f32.c ****  *
   6:./Libraries/CMSIS/DSP/Source/FilteringFunctions/arm_biquad_cascade_stereo_df2T_init_f32.c ****  * $Date:        18. March 2019
   7:./Libraries/CMSIS/DSP/Source/FilteringFunctions/arm_biquad_cascade_stereo_df2T_init_f32.c ****  * $Revision:    V1.6.0
   8:./Libraries/CMSIS/DSP/Source/FilteringFunctions/arm_biquad_cascade_stereo_df2T_init_f32.c ****  *
   9:./Libraries/CMSIS/DSP/Source/FilteringFunctions/arm_biquad_cascade_stereo_df2T_init_f32.c ****  * Target Processor: Cortex-M cores
  10:./Libraries/CMSIS/DSP/Source/FilteringFunctions/arm_biquad_cascade_stereo_df2T_init_f32.c ****  * -------------------------------------------------------------------- */
  11:./Libraries/CMSIS/DSP/Source/FilteringFunctions/arm_biquad_cascade_stereo_df2T_init_f32.c **** /*
  12:./Libraries/CMSIS/DSP/Source/FilteringFunctions/arm_biquad_cascade_stereo_df2T_init_f32.c ****  * Copyright (C) 2010-2019 ARM Limited or its affiliates. All rights reserved.
  13:./Libraries/CMSIS/DSP/Source/FilteringFunctions/arm_biquad_cascade_stereo_df2T_init_f32.c ****  *
  14:./Libraries/CMSIS/DSP/Source/FilteringFunctions/arm_biquad_cascade_stereo_df2T_init_f32.c ****  * SPDX-License-Identifier: Apache-2.0
  15:./Libraries/CMSIS/DSP/Source/FilteringFunctions/arm_biquad_cascade_stereo_df2T_init_f32.c ****  *
  16:./Libraries/CMSIS/DSP/Source/FilteringFunctions/arm_biquad_cascade_stereo_df2T_init_f32.c ****  * Licensed under the Apache License, Version 2.0 (the License); you may
  17:./Libraries/CMSIS/DSP/Source/FilteringFunctions/arm_biquad_cascade_stereo_df2T_init_f32.c ****  * not use this file except in compliance with the License.
  18:./Libraries/CMSIS/DSP/Source/FilteringFunctions/arm_biquad_cascade_stereo_df2T_init_f32.c ****  * You may obtain a copy of the License at
  19:./Libraries/CMSIS/DSP/Source/FilteringFunctions/arm_biquad_cascade_stereo_df2T_init_f32.c ****  *
  20:./Libraries/CMSIS/DSP/Source/FilteringFunctions/arm_biquad_cascade_stereo_df2T_init_f32.c ****  * www.apache.org/licenses/LICENSE-2.0
  21:./Libraries/CMSIS/DSP/Source/FilteringFunctions/arm_biquad_cascade_stereo_df2T_init_f32.c ****  *
  22:./Libraries/CMSIS/DSP/Source/FilteringFunctions/arm_biquad_cascade_stereo_df2T_init_f32.c ****  * Unless required by applicable law or agreed to in writing, software
  23:./Libraries/CMSIS/DSP/Source/FilteringFunctions/arm_biquad_cascade_stereo_df2T_init_f32.c ****  * distributed under the License is distributed on an AS IS BASIS, WITHOUT
  24:./Libraries/CMSIS/DSP/Source/FilteringFunctions/arm_biquad_cascade_stereo_df2T_init_f32.c ****  * WARRANTIES OR CONDITIONS OF ANY KIND, either express or implied.
  25:./Libraries/CMSIS/DSP/Source/FilteringFunctions/arm_biquad_cascade_stereo_df2T_init_f32.c ****  * See the License for the specific language governing permissions and
  26:./Libraries/CMSIS/DSP/Source/FilteringFunctions/arm_biquad_cascade_stereo_df2T_init_f32.c ****  * limitations under the License.
  27:./Libraries/CMSIS/DSP/Source/FilteringFunctions/arm_biquad_cascade_stereo_df2T_init_f32.c ****  */
  28:./Libraries/CMSIS/DSP/Source/FilteringFunctions/arm_biquad_cascade_stereo_df2T_init_f32.c **** 
  29:./Libraries/CMSIS/DSP/Source/FilteringFunctions/arm_biquad_cascade_stereo_df2T_init_f32.c **** #include "arm_math.h"
ARM GAS  /tmp/ccjbfjFu.s 			page 2


  30:./Libraries/CMSIS/DSP/Source/FilteringFunctions/arm_biquad_cascade_stereo_df2T_init_f32.c **** 
  31:./Libraries/CMSIS/DSP/Source/FilteringFunctions/arm_biquad_cascade_stereo_df2T_init_f32.c **** /**
  32:./Libraries/CMSIS/DSP/Source/FilteringFunctions/arm_biquad_cascade_stereo_df2T_init_f32.c ****   @ingroup groupFilters
  33:./Libraries/CMSIS/DSP/Source/FilteringFunctions/arm_biquad_cascade_stereo_df2T_init_f32.c ****  */
  34:./Libraries/CMSIS/DSP/Source/FilteringFunctions/arm_biquad_cascade_stereo_df2T_init_f32.c **** 
  35:./Libraries/CMSIS/DSP/Source/FilteringFunctions/arm_biquad_cascade_stereo_df2T_init_f32.c **** /**
  36:./Libraries/CMSIS/DSP/Source/FilteringFunctions/arm_biquad_cascade_stereo_df2T_init_f32.c ****   @addtogroup BiquadCascadeDF2T
  37:./Libraries/CMSIS/DSP/Source/FilteringFunctions/arm_biquad_cascade_stereo_df2T_init_f32.c ****   @{
  38:./Libraries/CMSIS/DSP/Source/FilteringFunctions/arm_biquad_cascade_stereo_df2T_init_f32.c ****  */
  39:./Libraries/CMSIS/DSP/Source/FilteringFunctions/arm_biquad_cascade_stereo_df2T_init_f32.c **** 
  40:./Libraries/CMSIS/DSP/Source/FilteringFunctions/arm_biquad_cascade_stereo_df2T_init_f32.c **** /**
  41:./Libraries/CMSIS/DSP/Source/FilteringFunctions/arm_biquad_cascade_stereo_df2T_init_f32.c ****   @brief         Initialization function for the floating-point transposed direct form II Biquad ca
  42:./Libraries/CMSIS/DSP/Source/FilteringFunctions/arm_biquad_cascade_stereo_df2T_init_f32.c ****   @param[in,out] S           points to an instance of the filter data structure.
  43:./Libraries/CMSIS/DSP/Source/FilteringFunctions/arm_biquad_cascade_stereo_df2T_init_f32.c ****   @param[in]     numStages   number of 2nd order stages in the filter.
  44:./Libraries/CMSIS/DSP/Source/FilteringFunctions/arm_biquad_cascade_stereo_df2T_init_f32.c ****   @param[in]     pCoeffs     points to the filter coefficients.
  45:./Libraries/CMSIS/DSP/Source/FilteringFunctions/arm_biquad_cascade_stereo_df2T_init_f32.c ****   @param[in]     pState      points to the state buffer.
  46:./Libraries/CMSIS/DSP/Source/FilteringFunctions/arm_biquad_cascade_stereo_df2T_init_f32.c ****   @return        none
  47:./Libraries/CMSIS/DSP/Source/FilteringFunctions/arm_biquad_cascade_stereo_df2T_init_f32.c **** 
  48:./Libraries/CMSIS/DSP/Source/FilteringFunctions/arm_biquad_cascade_stereo_df2T_init_f32.c ****   @par           Coefficient and State Ordering
  49:./Libraries/CMSIS/DSP/Source/FilteringFunctions/arm_biquad_cascade_stereo_df2T_init_f32.c ****                    The coefficients are stored in the array <code>pCoeffs</code> in the following o
  50:./Libraries/CMSIS/DSP/Source/FilteringFunctions/arm_biquad_cascade_stereo_df2T_init_f32.c ****   <pre>
  51:./Libraries/CMSIS/DSP/Source/FilteringFunctions/arm_biquad_cascade_stereo_df2T_init_f32.c ****       {b10, b11, b12, a11, a12, b20, b21, b22, a21, a22, ...}
  52:./Libraries/CMSIS/DSP/Source/FilteringFunctions/arm_biquad_cascade_stereo_df2T_init_f32.c ****   </pre>
  53:./Libraries/CMSIS/DSP/Source/FilteringFunctions/arm_biquad_cascade_stereo_df2T_init_f32.c ****   @par
  54:./Libraries/CMSIS/DSP/Source/FilteringFunctions/arm_biquad_cascade_stereo_df2T_init_f32.c ****                    where <code>b1x</code> and <code>a1x</code> are the coefficients for the first s
  55:./Libraries/CMSIS/DSP/Source/FilteringFunctions/arm_biquad_cascade_stereo_df2T_init_f32.c ****                    <code>b2x</code> and <code>a2x</code> are the coefficients for the second stage,
  56:./Libraries/CMSIS/DSP/Source/FilteringFunctions/arm_biquad_cascade_stereo_df2T_init_f32.c ****                    and so on.  The <code>pCoeffs</code> array contains a total of <code>5*numStages
  57:./Libraries/CMSIS/DSP/Source/FilteringFunctions/arm_biquad_cascade_stereo_df2T_init_f32.c ****   @par
  58:./Libraries/CMSIS/DSP/Source/FilteringFunctions/arm_biquad_cascade_stereo_df2T_init_f32.c ****                    The <code>pState</code> is a pointer to state array.
  59:./Libraries/CMSIS/DSP/Source/FilteringFunctions/arm_biquad_cascade_stereo_df2T_init_f32.c ****                    Each Biquad stage has 2 state variables <code>d1,</code> and <code>d2</code> for
  60:./Libraries/CMSIS/DSP/Source/FilteringFunctions/arm_biquad_cascade_stereo_df2T_init_f32.c ****                    The 2 state variables for stage 1 are first, then the 2 state variables for stag
  61:./Libraries/CMSIS/DSP/Source/FilteringFunctions/arm_biquad_cascade_stereo_df2T_init_f32.c ****                    The state array has a total length of <code>2*numStages</code> values.
  62:./Libraries/CMSIS/DSP/Source/FilteringFunctions/arm_biquad_cascade_stereo_df2T_init_f32.c ****                    The state variables are updated after each block of data is processed; the coeff
  63:./Libraries/CMSIS/DSP/Source/FilteringFunctions/arm_biquad_cascade_stereo_df2T_init_f32.c ****  */
  64:./Libraries/CMSIS/DSP/Source/FilteringFunctions/arm_biquad_cascade_stereo_df2T_init_f32.c **** 
  65:./Libraries/CMSIS/DSP/Source/FilteringFunctions/arm_biquad_cascade_stereo_df2T_init_f32.c **** void arm_biquad_cascade_stereo_df2T_init_f32(
  66:./Libraries/CMSIS/DSP/Source/FilteringFunctions/arm_biquad_cascade_stereo_df2T_init_f32.c ****         arm_biquad_cascade_stereo_df2T_instance_f32 * S,
  67:./Libraries/CMSIS/DSP/Source/FilteringFunctions/arm_biquad_cascade_stereo_df2T_init_f32.c ****         uint8_t numStages,
  68:./Libraries/CMSIS/DSP/Source/FilteringFunctions/arm_biquad_cascade_stereo_df2T_init_f32.c ****   const float32_t * pCoeffs,
  69:./Libraries/CMSIS/DSP/Source/FilteringFunctions/arm_biquad_cascade_stereo_df2T_init_f32.c ****         float32_t * pState)
  70:./Libraries/CMSIS/DSP/Source/FilteringFunctions/arm_biquad_cascade_stereo_df2T_init_f32.c **** {
  30              		.loc 1 70 1 view -0
  31              		.cfi_startproc
  32              		@ args = 0, pretend = 0, frame = 0
  33              		@ frame_needed = 0, uses_anonymous_args = 0
  71:./Libraries/CMSIS/DSP/Source/FilteringFunctions/arm_biquad_cascade_stereo_df2T_init_f32.c ****   /* Assign filter stages */
  72:./Libraries/CMSIS/DSP/Source/FilteringFunctions/arm_biquad_cascade_stereo_df2T_init_f32.c ****   S->numStages = numStages;
  34              		.loc 1 72 3 view .LVU1
  70:./Libraries/CMSIS/DSP/Source/FilteringFunctions/arm_biquad_cascade_stereo_df2T_init_f32.c ****   /* Assign filter stages */
  35              		.loc 1 70 1 is_stmt 0 view .LVU2
  36 0000 38B5     		push	{r3, r4, r5, lr}
  37              	.LCFI0:
  38              		.cfi_def_cfa_offset 16
  39              		.cfi_offset 3, -16
  40              		.cfi_offset 4, -12
  41              		.cfi_offset 5, -8
  42              		.cfi_offset 14, -4
ARM GAS  /tmp/ccjbfjFu.s 			page 3


  70:./Libraries/CMSIS/DSP/Source/FilteringFunctions/arm_biquad_cascade_stereo_df2T_init_f32.c ****   /* Assign filter stages */
  43              		.loc 1 70 1 view .LVU3
  44 0002 1546     		mov	r5, r2
  45 0004 0A46     		mov	r2, r1
  46              	.LVL1:
  70:./Libraries/CMSIS/DSP/Source/FilteringFunctions/arm_biquad_cascade_stereo_df2T_init_f32.c ****   /* Assign filter stages */
  47              		.loc 1 70 1 view .LVU4
  48 0006 0446     		mov	r4, r0
  73:./Libraries/CMSIS/DSP/Source/FilteringFunctions/arm_biquad_cascade_stereo_df2T_init_f32.c **** 
  74:./Libraries/CMSIS/DSP/Source/FilteringFunctions/arm_biquad_cascade_stereo_df2T_init_f32.c ****   /* Assign coefficient pointer */
  75:./Libraries/CMSIS/DSP/Source/FilteringFunctions/arm_biquad_cascade_stereo_df2T_init_f32.c ****   S->pCoeffs = pCoeffs;
  76:./Libraries/CMSIS/DSP/Source/FilteringFunctions/arm_biquad_cascade_stereo_df2T_init_f32.c **** 
  77:./Libraries/CMSIS/DSP/Source/FilteringFunctions/arm_biquad_cascade_stereo_df2T_init_f32.c ****   /* Clear state buffer and size is always 4 * numStages */
  78:./Libraries/CMSIS/DSP/Source/FilteringFunctions/arm_biquad_cascade_stereo_df2T_init_f32.c ****   memset(pState, 0, (4U * (uint32_t) numStages) * sizeof(float32_t));
  49              		.loc 1 78 3 view .LVU5
  50 0008 0021     		movs	r1, #0
  51              	.LVL2:
  72:./Libraries/CMSIS/DSP/Source/FilteringFunctions/arm_biquad_cascade_stereo_df2T_init_f32.c **** 
  52              		.loc 1 72 16 view .LVU6
  53 000a 0270     		strb	r2, [r0]
  75:./Libraries/CMSIS/DSP/Source/FilteringFunctions/arm_biquad_cascade_stereo_df2T_init_f32.c **** 
  54              		.loc 1 75 3 is_stmt 1 view .LVU7
  55              		.loc 1 78 3 is_stmt 0 view .LVU8
  56 000c 1201     		lsls	r2, r2, #4
  75:./Libraries/CMSIS/DSP/Source/FilteringFunctions/arm_biquad_cascade_stereo_df2T_init_f32.c **** 
  57              		.loc 1 75 14 view .LVU9
  58 000e 8560     		str	r5, [r0, #8]
  59              		.loc 1 78 3 is_stmt 1 view .LVU10
  60 0010 1846     		mov	r0, r3
  61              	.LVL3:
  62              		.loc 1 78 3 is_stmt 0 view .LVU11
  63 0012 FFF7FEFF 		bl	memset
  64              	.LVL4:
  79:./Libraries/CMSIS/DSP/Source/FilteringFunctions/arm_biquad_cascade_stereo_df2T_init_f32.c **** 
  80:./Libraries/CMSIS/DSP/Source/FilteringFunctions/arm_biquad_cascade_stereo_df2T_init_f32.c ****   /* Assign state pointer */
  81:./Libraries/CMSIS/DSP/Source/FilteringFunctions/arm_biquad_cascade_stereo_df2T_init_f32.c ****   S->pState = pState;
  65              		.loc 1 81 3 is_stmt 1 view .LVU12
  66              		.loc 1 81 13 is_stmt 0 view .LVU13
  67 0016 6060     		str	r0, [r4, #4]
  82:./Libraries/CMSIS/DSP/Source/FilteringFunctions/arm_biquad_cascade_stereo_df2T_init_f32.c **** }
  68              		.loc 1 82 1 view .LVU14
  69 0018 38BD     		pop	{r3, r4, r5, pc}
  70              		.loc 1 82 1 view .LVU15
  71              		.cfi_endproc
  72              	.LFE145:
  74 001a 00BF     		.text
  75              	.Letext0:
  76              		.file 2 "/usr/lib/gcc/arm-none-eabi/9.2.1/include/stdint.h"
  77              		.file 3 "/usr/lib/gcc/arm-none-eabi/9.2.1/include/stddef.h"
  78              		.file 4 "/usr/include/newlib/sys/_types.h"
  79              		.file 5 "/usr/include/newlib/sys/reent.h"
  80              		.file 6 "/usr/include/newlib/sys/lock.h"
  81              		.file 7 "/usr/include/newlib/math.h"
  82              		.file 8 "./Libraries/CMSIS/DSP/Include/arm_math.h"
  83              		.file 9 "<built-in>"
ARM GAS  /tmp/ccjbfjFu.s 			page 4


DEFINED SYMBOLS
                            *ABS*:0000000000000000 arm_biquad_cascade_stereo_df2T_init_f32.c
     /tmp/ccjbfjFu.s:17     .text.arm_biquad_cascade_stereo_df2T_init_f32:0000000000000000 $t
     /tmp/ccjbfjFu.s:26     .text.arm_biquad_cascade_stereo_df2T_init_f32:0000000000000000 arm_biquad_cascade_stereo_df2T_init_f32

UNDEFINED SYMBOLS
memset
