ARM GAS  /tmp/cckFe295.s 			page 1


   1              		.cpu cortex-m7
   2              		.eabi_attribute 28, 1
   3              		.eabi_attribute 20, 1
   4              		.eabi_attribute 21, 1
   5              		.eabi_attribute 23, 3
   6              		.eabi_attribute 24, 1
   7              		.eabi_attribute 25, 1
   8              		.eabi_attribute 26, 1
   9              		.eabi_attribute 30, 6
  10              		.eabi_attribute 34, 1
  11              		.eabi_attribute 18, 4
  12              		.file	"ff_gen_drv.c"
  13              		.text
  14              	.Ltext0:
  15              		.cfi_sections	.debug_frame
  16              		.global	disk
  17              		.section	.bss.disk,"aw",%nobits
  18              		.align	2
  21              	disk:
  22 0000 00000000 		.space	12
  22      00000000 
  22      00000000 
  23              		.section	.text.FATFS_LinkDriverEx,"ax",%progbits
  24              		.align	1
  25              		.global	FATFS_LinkDriverEx
  26              		.arch armv7e-m
  27              		.syntax unified
  28              		.thumb
  29              		.thumb_func
  30              		.fpu fpv5-d16
  32              	FATFS_LinkDriverEx:
  33              	.LFB335:
  34              		.file 1 "./Libraries/FatFs/Src/ff_gen_drv.c"
   1:./Libraries/FatFs/Src/ff_gen_drv.c **** /**
   2:./Libraries/FatFs/Src/ff_gen_drv.c ****   ******************************************************************************
   3:./Libraries/FatFs/Src/ff_gen_drv.c ****   * @file    ff_gen_drv.c
   4:./Libraries/FatFs/Src/ff_gen_drv.c ****   * @author  MCD Application Team
   5:./Libraries/FatFs/Src/ff_gen_drv.c ****   * @brief   FatFs generic low level driver.
   6:./Libraries/FatFs/Src/ff_gen_drv.c ****   *****************************************************************************
   7:./Libraries/FatFs/Src/ff_gen_drv.c ****   * @attention
   8:./Libraries/FatFs/Src/ff_gen_drv.c ****   *
   9:./Libraries/FatFs/Src/ff_gen_drv.c ****   * Copyright (c) 2017 STMicroelectronics. All rights reserved.
  10:./Libraries/FatFs/Src/ff_gen_drv.c ****   *
  11:./Libraries/FatFs/Src/ff_gen_drv.c ****   * This software component is licensed by ST under BSD 3-Clause license,
  12:./Libraries/FatFs/Src/ff_gen_drv.c ****   * the "License"; You may not use this file except in compliance with the
  13:./Libraries/FatFs/Src/ff_gen_drv.c ****   * License. You may obtain a copy of the License at:
  14:./Libraries/FatFs/Src/ff_gen_drv.c ****   *                       opensource.org/licenses/BSD-3-Clause
  15:./Libraries/FatFs/Src/ff_gen_drv.c ****   *
  16:./Libraries/FatFs/Src/ff_gen_drv.c ****   ******************************************************************************
  17:./Libraries/FatFs/Src/ff_gen_drv.c **** **/
  18:./Libraries/FatFs/Src/ff_gen_drv.c **** /* Includes ------------------------------------------------------------------*/
  19:./Libraries/FatFs/Src/ff_gen_drv.c **** #include "ff_gen_drv.h"
  20:./Libraries/FatFs/Src/ff_gen_drv.c **** 
  21:./Libraries/FatFs/Src/ff_gen_drv.c **** /* Private typedef -----------------------------------------------------------*/
  22:./Libraries/FatFs/Src/ff_gen_drv.c **** /* Private define ------------------------------------------------------------*/
  23:./Libraries/FatFs/Src/ff_gen_drv.c **** /* Private variables ---------------------------------------------------------*/
  24:./Libraries/FatFs/Src/ff_gen_drv.c **** Disk_drvTypeDef disk = {{0},{0},{0},0};
ARM GAS  /tmp/cckFe295.s 			page 2


  25:./Libraries/FatFs/Src/ff_gen_drv.c **** 
  26:./Libraries/FatFs/Src/ff_gen_drv.c **** /* Private function prototypes -----------------------------------------------*/
  27:./Libraries/FatFs/Src/ff_gen_drv.c **** /* Private functions ---------------------------------------------------------*/
  28:./Libraries/FatFs/Src/ff_gen_drv.c **** 
  29:./Libraries/FatFs/Src/ff_gen_drv.c **** /**
  30:./Libraries/FatFs/Src/ff_gen_drv.c ****   * @brief  Links a compatible diskio driver/lun id and increments the number of active
  31:./Libraries/FatFs/Src/ff_gen_drv.c ****   *         linked drivers.
  32:./Libraries/FatFs/Src/ff_gen_drv.c ****   * @note   The number of linked drivers (volumes) is up to 10 due to FatFs limits.
  33:./Libraries/FatFs/Src/ff_gen_drv.c ****   * @param  drv: pointer to the disk IO Driver structure
  34:./Libraries/FatFs/Src/ff_gen_drv.c ****   * @param  path: pointer to the logical drive path
  35:./Libraries/FatFs/Src/ff_gen_drv.c ****   * @param  lun : only used for USB Key Disk to add multi-lun management
  36:./Libraries/FatFs/Src/ff_gen_drv.c ****             else the parameter must be equal to 0
  37:./Libraries/FatFs/Src/ff_gen_drv.c ****   * @retval Returns 0 in case of success, otherwise 1.
  38:./Libraries/FatFs/Src/ff_gen_drv.c ****   */
  39:./Libraries/FatFs/Src/ff_gen_drv.c **** uint8_t FATFS_LinkDriverEx(const Diskio_drvTypeDef *drv, char *path, uint8_t lun)
  40:./Libraries/FatFs/Src/ff_gen_drv.c **** {
  35              		.loc 1 40 1
  36              		.cfi_startproc
  37              		@ args = 0, pretend = 0, frame = 24
  38              		@ frame_needed = 1, uses_anonymous_args = 0
  39              		@ link register save eliminated.
  40 0000 80B4     		push	{r7}
  41              	.LCFI0:
  42              		.cfi_def_cfa_offset 4
  43              		.cfi_offset 7, -4
  44 0002 87B0     		sub	sp, sp, #28
  45              	.LCFI1:
  46              		.cfi_def_cfa_offset 32
  47 0004 00AF     		add	r7, sp, #0
  48              	.LCFI2:
  49              		.cfi_def_cfa_register 7
  50 0006 F860     		str	r0, [r7, #12]
  51 0008 B960     		str	r1, [r7, #8]
  52 000a 1346     		mov	r3, r2
  53 000c FB71     		strb	r3, [r7, #7]
  41:./Libraries/FatFs/Src/ff_gen_drv.c ****   uint8_t ret = 1;
  54              		.loc 1 41 11
  55 000e 0123     		movs	r3, #1
  56 0010 FB75     		strb	r3, [r7, #23]
  42:./Libraries/FatFs/Src/ff_gen_drv.c ****   uint8_t DiskNum = 0;
  57              		.loc 1 42 11
  58 0012 0023     		movs	r3, #0
  59 0014 BB75     		strb	r3, [r7, #22]
  43:./Libraries/FatFs/Src/ff_gen_drv.c **** 
  44:./Libraries/FatFs/Src/ff_gen_drv.c ****   if(disk.nbr < _VOLUMES)
  60              		.loc 1 44 10
  61 0016 1F4B     		ldr	r3, .L4
  62 0018 5B7A     		ldrb	r3, [r3, #9]
  63 001a DBB2     		uxtb	r3, r3
  64              		.loc 1 44 5
  65 001c 002B     		cmp	r3, #0
  66 001e 31D1     		bne	.L2
  45:./Libraries/FatFs/Src/ff_gen_drv.c ****   {
  46:./Libraries/FatFs/Src/ff_gen_drv.c ****     disk.is_initialized[disk.nbr] = 0;
  67              		.loc 1 46 29
  68 0020 1C4B     		ldr	r3, .L4
  69 0022 5B7A     		ldrb	r3, [r3, #9]
ARM GAS  /tmp/cckFe295.s 			page 3


  70 0024 DBB2     		uxtb	r3, r3
  71 0026 1A46     		mov	r2, r3
  72              		.loc 1 46 35
  73 0028 1A4B     		ldr	r3, .L4
  74 002a 0021     		movs	r1, #0
  75 002c 9954     		strb	r1, [r3, r2]
  47:./Libraries/FatFs/Src/ff_gen_drv.c ****     disk.drv[disk.nbr] = drv;
  76              		.loc 1 47 18
  77 002e 194B     		ldr	r3, .L4
  78 0030 5B7A     		ldrb	r3, [r3, #9]
  79 0032 DBB2     		uxtb	r3, r3
  80              		.loc 1 47 24
  81 0034 174A     		ldr	r2, .L4
  82 0036 9B00     		lsls	r3, r3, #2
  83 0038 1344     		add	r3, r3, r2
  84 003a FA68     		ldr	r2, [r7, #12]
  85 003c 5A60     		str	r2, [r3, #4]
  48:./Libraries/FatFs/Src/ff_gen_drv.c ****     disk.lun[disk.nbr] = lun;
  86              		.loc 1 48 18
  87 003e 154B     		ldr	r3, .L4
  88 0040 5B7A     		ldrb	r3, [r3, #9]
  89 0042 DBB2     		uxtb	r3, r3
  90 0044 1A46     		mov	r2, r3
  91              		.loc 1 48 24
  92 0046 134B     		ldr	r3, .L4
  93 0048 1344     		add	r3, r3, r2
  94 004a FA79     		ldrb	r2, [r7, #7]
  95 004c 1A72     		strb	r2, [r3, #8]
  49:./Libraries/FatFs/Src/ff_gen_drv.c ****     DiskNum = disk.nbr++;
  96              		.loc 1 49 19
  97 004e 114B     		ldr	r3, .L4
  98 0050 5B7A     		ldrb	r3, [r3, #9]
  99 0052 DBB2     		uxtb	r3, r3
 100              		.loc 1 49 23
 101 0054 5A1C     		adds	r2, r3, #1
 102 0056 D1B2     		uxtb	r1, r2
 103 0058 0E4A     		ldr	r2, .L4
 104 005a 5172     		strb	r1, [r2, #9]
 105              		.loc 1 49 13
 106 005c BB75     		strb	r3, [r7, #22]
  50:./Libraries/FatFs/Src/ff_gen_drv.c ****     path[0] = DiskNum + '0';
 107              		.loc 1 50 23
 108 005e BB7D     		ldrb	r3, [r7, #22]
 109 0060 3033     		adds	r3, r3, #48
 110 0062 DAB2     		uxtb	r2, r3
 111              		.loc 1 50 13
 112 0064 BB68     		ldr	r3, [r7, #8]
 113 0066 1A70     		strb	r2, [r3]
  51:./Libraries/FatFs/Src/ff_gen_drv.c ****     path[1] = ':';
 114              		.loc 1 51 9
 115 0068 BB68     		ldr	r3, [r7, #8]
 116 006a 0133     		adds	r3, r3, #1
 117              		.loc 1 51 13
 118 006c 3A22     		movs	r2, #58
 119 006e 1A70     		strb	r2, [r3]
  52:./Libraries/FatFs/Src/ff_gen_drv.c ****     path[2] = '/';
 120              		.loc 1 52 9
ARM GAS  /tmp/cckFe295.s 			page 4


 121 0070 BB68     		ldr	r3, [r7, #8]
 122 0072 0233     		adds	r3, r3, #2
 123              		.loc 1 52 13
 124 0074 2F22     		movs	r2, #47
 125 0076 1A70     		strb	r2, [r3]
  53:./Libraries/FatFs/Src/ff_gen_drv.c ****     path[3] = 0;
 126              		.loc 1 53 9
 127 0078 BB68     		ldr	r3, [r7, #8]
 128 007a 0333     		adds	r3, r3, #3
 129              		.loc 1 53 13
 130 007c 0022     		movs	r2, #0
 131 007e 1A70     		strb	r2, [r3]
  54:./Libraries/FatFs/Src/ff_gen_drv.c ****     ret = 0;
 132              		.loc 1 54 9
 133 0080 0023     		movs	r3, #0
 134 0082 FB75     		strb	r3, [r7, #23]
 135              	.L2:
  55:./Libraries/FatFs/Src/ff_gen_drv.c ****   }
  56:./Libraries/FatFs/Src/ff_gen_drv.c **** 
  57:./Libraries/FatFs/Src/ff_gen_drv.c ****   return ret;
 136              		.loc 1 57 10
 137 0084 FB7D     		ldrb	r3, [r7, #23]	@ zero_extendqisi2
  58:./Libraries/FatFs/Src/ff_gen_drv.c **** }
 138              		.loc 1 58 1
 139 0086 1846     		mov	r0, r3
 140 0088 1C37     		adds	r7, r7, #28
 141              	.LCFI3:
 142              		.cfi_def_cfa_offset 4
 143 008a BD46     		mov	sp, r7
 144              	.LCFI4:
 145              		.cfi_def_cfa_register 13
 146              		@ sp needed
 147 008c 5DF8047B 		ldr	r7, [sp], #4
 148              	.LCFI5:
 149              		.cfi_restore 7
 150              		.cfi_def_cfa_offset 0
 151 0090 7047     		bx	lr
 152              	.L5:
 153 0092 00BF     		.align	2
 154              	.L4:
 155 0094 00000000 		.word	disk
 156              		.cfi_endproc
 157              	.LFE335:
 159              		.section	.text.FATFS_LinkDriver,"ax",%progbits
 160              		.align	1
 161              		.global	FATFS_LinkDriver
 162              		.syntax unified
 163              		.thumb
 164              		.thumb_func
 165              		.fpu fpv5-d16
 167              	FATFS_LinkDriver:
 168              	.LFB336:
  59:./Libraries/FatFs/Src/ff_gen_drv.c **** 
  60:./Libraries/FatFs/Src/ff_gen_drv.c **** /**
  61:./Libraries/FatFs/Src/ff_gen_drv.c ****   * @brief  Links a compatible diskio driver and increments the number of active
  62:./Libraries/FatFs/Src/ff_gen_drv.c ****   *         linked drivers.
  63:./Libraries/FatFs/Src/ff_gen_drv.c ****   * @note   The number of linked drivers (volumes) is up to 10 due to FatFs limits
ARM GAS  /tmp/cckFe295.s 			page 5


  64:./Libraries/FatFs/Src/ff_gen_drv.c ****   * @param  drv: pointer to the disk IO Driver structure
  65:./Libraries/FatFs/Src/ff_gen_drv.c ****   * @param  path: pointer to the logical drive path
  66:./Libraries/FatFs/Src/ff_gen_drv.c ****   * @retval Returns 0 in case of success, otherwise 1.
  67:./Libraries/FatFs/Src/ff_gen_drv.c ****   */
  68:./Libraries/FatFs/Src/ff_gen_drv.c **** uint8_t FATFS_LinkDriver(const Diskio_drvTypeDef *drv, char *path)
  69:./Libraries/FatFs/Src/ff_gen_drv.c **** {
 169              		.loc 1 69 1
 170              		.cfi_startproc
 171              		@ args = 0, pretend = 0, frame = 8
 172              		@ frame_needed = 1, uses_anonymous_args = 0
 173 0000 80B5     		push	{r7, lr}
 174              	.LCFI6:
 175              		.cfi_def_cfa_offset 8
 176              		.cfi_offset 7, -8
 177              		.cfi_offset 14, -4
 178 0002 82B0     		sub	sp, sp, #8
 179              	.LCFI7:
 180              		.cfi_def_cfa_offset 16
 181 0004 00AF     		add	r7, sp, #0
 182              	.LCFI8:
 183              		.cfi_def_cfa_register 7
 184 0006 7860     		str	r0, [r7, #4]
 185 0008 3960     		str	r1, [r7]
  70:./Libraries/FatFs/Src/ff_gen_drv.c ****   return FATFS_LinkDriverEx(drv, path, 0);
 186              		.loc 1 70 10
 187 000a 0022     		movs	r2, #0
 188 000c 3968     		ldr	r1, [r7]
 189 000e 7868     		ldr	r0, [r7, #4]
 190 0010 FFF7FEFF 		bl	FATFS_LinkDriverEx
 191 0014 0346     		mov	r3, r0
  71:./Libraries/FatFs/Src/ff_gen_drv.c **** }
 192              		.loc 1 71 1
 193 0016 1846     		mov	r0, r3
 194 0018 0837     		adds	r7, r7, #8
 195              	.LCFI9:
 196              		.cfi_def_cfa_offset 8
 197 001a BD46     		mov	sp, r7
 198              	.LCFI10:
 199              		.cfi_def_cfa_register 13
 200              		@ sp needed
 201 001c 80BD     		pop	{r7, pc}
 202              		.cfi_endproc
 203              	.LFE336:
 205              		.section	.text.FATFS_UnLinkDriverEx,"ax",%progbits
 206              		.align	1
 207              		.global	FATFS_UnLinkDriverEx
 208              		.syntax unified
 209              		.thumb
 210              		.thumb_func
 211              		.fpu fpv5-d16
 213              	FATFS_UnLinkDriverEx:
 214              	.LFB337:
  72:./Libraries/FatFs/Src/ff_gen_drv.c **** 
  73:./Libraries/FatFs/Src/ff_gen_drv.c **** /**
  74:./Libraries/FatFs/Src/ff_gen_drv.c ****   * @brief  Unlinks a diskio driver and decrements the number of active linked
  75:./Libraries/FatFs/Src/ff_gen_drv.c ****   *         drivers.
  76:./Libraries/FatFs/Src/ff_gen_drv.c ****   * @param  path: pointer to the logical drive path
ARM GAS  /tmp/cckFe295.s 			page 6


  77:./Libraries/FatFs/Src/ff_gen_drv.c ****   * @param  lun : not used
  78:./Libraries/FatFs/Src/ff_gen_drv.c ****   * @retval Returns 0 in case of success, otherwise 1.
  79:./Libraries/FatFs/Src/ff_gen_drv.c ****   */
  80:./Libraries/FatFs/Src/ff_gen_drv.c **** uint8_t FATFS_UnLinkDriverEx(char *path, uint8_t lun)
  81:./Libraries/FatFs/Src/ff_gen_drv.c **** {
 215              		.loc 1 81 1
 216              		.cfi_startproc
 217              		@ args = 0, pretend = 0, frame = 16
 218              		@ frame_needed = 1, uses_anonymous_args = 0
 219              		@ link register save eliminated.
 220 0000 80B4     		push	{r7}
 221              	.LCFI11:
 222              		.cfi_def_cfa_offset 4
 223              		.cfi_offset 7, -4
 224 0002 85B0     		sub	sp, sp, #20
 225              	.LCFI12:
 226              		.cfi_def_cfa_offset 24
 227 0004 00AF     		add	r7, sp, #0
 228              	.LCFI13:
 229              		.cfi_def_cfa_register 7
 230 0006 7860     		str	r0, [r7, #4]
 231 0008 0B46     		mov	r3, r1
 232 000a FB70     		strb	r3, [r7, #3]
  82:./Libraries/FatFs/Src/ff_gen_drv.c ****   uint8_t DiskNum = 0;
 233              		.loc 1 82 11
 234 000c 0023     		movs	r3, #0
 235 000e BB73     		strb	r3, [r7, #14]
  83:./Libraries/FatFs/Src/ff_gen_drv.c ****   uint8_t ret = 1;
 236              		.loc 1 83 11
 237 0010 0123     		movs	r3, #1
 238 0012 FB73     		strb	r3, [r7, #15]
  84:./Libraries/FatFs/Src/ff_gen_drv.c **** 
  85:./Libraries/FatFs/Src/ff_gen_drv.c ****   if(disk.nbr >= 1)
 239              		.loc 1 85 10
 240 0014 154B     		ldr	r3, .L11
 241 0016 5B7A     		ldrb	r3, [r3, #9]
 242 0018 DBB2     		uxtb	r3, r3
 243              		.loc 1 85 5
 244 001a 002B     		cmp	r3, #0
 245 001c 1ED0     		beq	.L9
  86:./Libraries/FatFs/Src/ff_gen_drv.c ****   {
  87:./Libraries/FatFs/Src/ff_gen_drv.c ****     DiskNum = path[0] - '0';
 246              		.loc 1 87 19
 247 001e 7B68     		ldr	r3, [r7, #4]
 248 0020 1B78     		ldrb	r3, [r3]	@ zero_extendqisi2
 249              		.loc 1 87 13
 250 0022 303B     		subs	r3, r3, #48
 251 0024 BB73     		strb	r3, [r7, #14]
  88:./Libraries/FatFs/Src/ff_gen_drv.c ****     if(disk.drv[DiskNum] != 0)
 252              		.loc 1 88 16
 253 0026 BB7B     		ldrb	r3, [r7, #14]	@ zero_extendqisi2
 254 0028 104A     		ldr	r2, .L11
 255 002a 9B00     		lsls	r3, r3, #2
 256 002c 1344     		add	r3, r3, r2
 257 002e 5B68     		ldr	r3, [r3, #4]
 258              		.loc 1 88 7
 259 0030 002B     		cmp	r3, #0
ARM GAS  /tmp/cckFe295.s 			page 7


 260 0032 13D0     		beq	.L9
  89:./Libraries/FatFs/Src/ff_gen_drv.c ****     {
  90:./Libraries/FatFs/Src/ff_gen_drv.c ****       disk.drv[DiskNum] = 0;
 261              		.loc 1 90 15
 262 0034 BB7B     		ldrb	r3, [r7, #14]	@ zero_extendqisi2
 263              		.loc 1 90 25
 264 0036 0D4A     		ldr	r2, .L11
 265 0038 9B00     		lsls	r3, r3, #2
 266 003a 1344     		add	r3, r3, r2
 267 003c 0022     		movs	r2, #0
 268 003e 5A60     		str	r2, [r3, #4]
  91:./Libraries/FatFs/Src/ff_gen_drv.c ****       disk.lun[DiskNum] = 0;
 269              		.loc 1 91 15
 270 0040 BB7B     		ldrb	r3, [r7, #14]	@ zero_extendqisi2
 271              		.loc 1 91 25
 272 0042 0A4A     		ldr	r2, .L11
 273 0044 1344     		add	r3, r3, r2
 274 0046 0022     		movs	r2, #0
 275 0048 1A72     		strb	r2, [r3, #8]
  92:./Libraries/FatFs/Src/ff_gen_drv.c ****       disk.nbr--;
 276              		.loc 1 92 11
 277 004a 084B     		ldr	r3, .L11
 278 004c 5B7A     		ldrb	r3, [r3, #9]
 279 004e DBB2     		uxtb	r3, r3
 280              		.loc 1 92 15
 281 0050 013B     		subs	r3, r3, #1
 282 0052 DAB2     		uxtb	r2, r3
 283 0054 054B     		ldr	r3, .L11
 284 0056 5A72     		strb	r2, [r3, #9]
  93:./Libraries/FatFs/Src/ff_gen_drv.c ****       ret = 0;
 285              		.loc 1 93 11
 286 0058 0023     		movs	r3, #0
 287 005a FB73     		strb	r3, [r7, #15]
 288              	.L9:
  94:./Libraries/FatFs/Src/ff_gen_drv.c ****     }
  95:./Libraries/FatFs/Src/ff_gen_drv.c ****   }
  96:./Libraries/FatFs/Src/ff_gen_drv.c **** 
  97:./Libraries/FatFs/Src/ff_gen_drv.c ****   return ret;
 289              		.loc 1 97 10
 290 005c FB7B     		ldrb	r3, [r7, #15]	@ zero_extendqisi2
  98:./Libraries/FatFs/Src/ff_gen_drv.c **** }
 291              		.loc 1 98 1
 292 005e 1846     		mov	r0, r3
 293 0060 1437     		adds	r7, r7, #20
 294              	.LCFI14:
 295              		.cfi_def_cfa_offset 4
 296 0062 BD46     		mov	sp, r7
 297              	.LCFI15:
 298              		.cfi_def_cfa_register 13
 299              		@ sp needed
 300 0064 5DF8047B 		ldr	r7, [sp], #4
 301              	.LCFI16:
 302              		.cfi_restore 7
 303              		.cfi_def_cfa_offset 0
 304 0068 7047     		bx	lr
 305              	.L12:
 306 006a 00BF     		.align	2
ARM GAS  /tmp/cckFe295.s 			page 8


 307              	.L11:
 308 006c 00000000 		.word	disk
 309              		.cfi_endproc
 310              	.LFE337:
 312              		.section	.text.FATFS_UnLinkDriver,"ax",%progbits
 313              		.align	1
 314              		.global	FATFS_UnLinkDriver
 315              		.syntax unified
 316              		.thumb
 317              		.thumb_func
 318              		.fpu fpv5-d16
 320              	FATFS_UnLinkDriver:
 321              	.LFB338:
  99:./Libraries/FatFs/Src/ff_gen_drv.c **** 
 100:./Libraries/FatFs/Src/ff_gen_drv.c **** /**
 101:./Libraries/FatFs/Src/ff_gen_drv.c ****   * @brief  Unlinks a diskio driver and decrements the number of active linked
 102:./Libraries/FatFs/Src/ff_gen_drv.c ****   *         drivers.
 103:./Libraries/FatFs/Src/ff_gen_drv.c ****   * @param  path: pointer to the logical drive path
 104:./Libraries/FatFs/Src/ff_gen_drv.c ****   * @retval Returns 0 in case of success, otherwise 1.
 105:./Libraries/FatFs/Src/ff_gen_drv.c ****   */
 106:./Libraries/FatFs/Src/ff_gen_drv.c **** uint8_t FATFS_UnLinkDriver(char *path)
 107:./Libraries/FatFs/Src/ff_gen_drv.c **** {
 322              		.loc 1 107 1
 323              		.cfi_startproc
 324              		@ args = 0, pretend = 0, frame = 8
 325              		@ frame_needed = 1, uses_anonymous_args = 0
 326 0000 80B5     		push	{r7, lr}
 327              	.LCFI17:
 328              		.cfi_def_cfa_offset 8
 329              		.cfi_offset 7, -8
 330              		.cfi_offset 14, -4
 331 0002 82B0     		sub	sp, sp, #8
 332              	.LCFI18:
 333              		.cfi_def_cfa_offset 16
 334 0004 00AF     		add	r7, sp, #0
 335              	.LCFI19:
 336              		.cfi_def_cfa_register 7
 337 0006 7860     		str	r0, [r7, #4]
 108:./Libraries/FatFs/Src/ff_gen_drv.c ****   return FATFS_UnLinkDriverEx(path, 0);
 338              		.loc 1 108 10
 339 0008 0021     		movs	r1, #0
 340 000a 7868     		ldr	r0, [r7, #4]
 341 000c FFF7FEFF 		bl	FATFS_UnLinkDriverEx
 342 0010 0346     		mov	r3, r0
 109:./Libraries/FatFs/Src/ff_gen_drv.c **** }
 343              		.loc 1 109 1
 344 0012 1846     		mov	r0, r3
 345 0014 0837     		adds	r7, r7, #8
 346              	.LCFI20:
 347              		.cfi_def_cfa_offset 8
 348 0016 BD46     		mov	sp, r7
 349              	.LCFI21:
 350              		.cfi_def_cfa_register 13
 351              		@ sp needed
 352 0018 80BD     		pop	{r7, pc}
 353              		.cfi_endproc
 354              	.LFE338:
ARM GAS  /tmp/cckFe295.s 			page 9


 356              		.section	.text.FATFS_GetAttachedDriversNbr,"ax",%progbits
 357              		.align	1
 358              		.global	FATFS_GetAttachedDriversNbr
 359              		.syntax unified
 360              		.thumb
 361              		.thumb_func
 362              		.fpu fpv5-d16
 364              	FATFS_GetAttachedDriversNbr:
 365              	.LFB339:
 110:./Libraries/FatFs/Src/ff_gen_drv.c **** 
 111:./Libraries/FatFs/Src/ff_gen_drv.c **** /**
 112:./Libraries/FatFs/Src/ff_gen_drv.c ****   * @brief  Gets number of linked drivers to the FatFs module.
 113:./Libraries/FatFs/Src/ff_gen_drv.c ****   * @param  None
 114:./Libraries/FatFs/Src/ff_gen_drv.c ****   * @retval Number of attached drivers.
 115:./Libraries/FatFs/Src/ff_gen_drv.c ****   */
 116:./Libraries/FatFs/Src/ff_gen_drv.c **** uint8_t FATFS_GetAttachedDriversNbr(void)
 117:./Libraries/FatFs/Src/ff_gen_drv.c **** {
 366              		.loc 1 117 1
 367              		.cfi_startproc
 368              		@ args = 0, pretend = 0, frame = 0
 369              		@ frame_needed = 1, uses_anonymous_args = 0
 370              		@ link register save eliminated.
 371 0000 80B4     		push	{r7}
 372              	.LCFI22:
 373              		.cfi_def_cfa_offset 4
 374              		.cfi_offset 7, -4
 375 0002 00AF     		add	r7, sp, #0
 376              	.LCFI23:
 377              		.cfi_def_cfa_register 7
 118:./Libraries/FatFs/Src/ff_gen_drv.c ****   return disk.nbr;
 378              		.loc 1 118 14
 379 0004 034B     		ldr	r3, .L17
 380 0006 5B7A     		ldrb	r3, [r3, #9]
 381 0008 DBB2     		uxtb	r3, r3
 119:./Libraries/FatFs/Src/ff_gen_drv.c **** }
 382              		.loc 1 119 1
 383 000a 1846     		mov	r0, r3
 384 000c BD46     		mov	sp, r7
 385              	.LCFI24:
 386              		.cfi_def_cfa_register 13
 387              		@ sp needed
 388 000e 5DF8047B 		ldr	r7, [sp], #4
 389              	.LCFI25:
 390              		.cfi_restore 7
 391              		.cfi_def_cfa_offset 0
 392 0012 7047     		bx	lr
 393              	.L18:
 394              		.align	2
 395              	.L17:
 396 0014 00000000 		.word	disk
 397              		.cfi_endproc
 398              	.LFE339:
 400              		.text
 401              	.Letext0:
 402              		.file 2 "./Libraries/FatFs/Inc/integer.h"
 403              		.file 3 "./Libraries/FatFs/Inc/diskio.h"
 404              		.file 4 "/usr/lib/gcc/arm-none-eabi/9.2.1/include/stdint.h"
ARM GAS  /tmp/cckFe295.s 			page 10


 405              		.file 5 "./Libraries/CMSIS/Core/Include/core_cm7.h"
 406              		.file 6 "./Libraries/CMSIS/Device/ST/STM32H7xx/Include/system_stm32h7xx.h"
 407              		.file 7 "/usr/lib/gcc/arm-none-eabi/9.2.1/include/stddef.h"
 408              		.file 8 "/usr/include/newlib/sys/_types.h"
 409              		.file 9 "/usr/include/newlib/sys/reent.h"
 410              		.file 10 "/usr/include/newlib/sys/lock.h"
 411              		.file 11 "/usr/include/newlib/math.h"
 412              		.file 12 "./Libraries/STM32H7xx_HAL_Driver/Inc/stm32h7xx_hal_def.h"
 413              		.file 13 "./Libraries/STM32H7xx_HAL_Driver/Inc/stm32h7xx_hal_flash.h"
 414              		.file 14 "./Libraries/STM32H7xx_HAL_Driver/Inc/stm32h7xx_hal_uart.h"
 415              		.file 15 "./Libraries/STM32H7xx_HAL_Driver/Inc/stm32h7xx_hal.h"
 416              		.file 16 "./Libraries/FatFs/Inc/ff_gen_drv.h"
ARM GAS  /tmp/cckFe295.s 			page 11


DEFINED SYMBOLS
                            *ABS*:0000000000000000 ff_gen_drv.c
     /tmp/cckFe295.s:21     .bss.disk:0000000000000000 disk
     /tmp/cckFe295.s:18     .bss.disk:0000000000000000 $d
     /tmp/cckFe295.s:24     .text.FATFS_LinkDriverEx:0000000000000000 $t
     /tmp/cckFe295.s:32     .text.FATFS_LinkDriverEx:0000000000000000 FATFS_LinkDriverEx
     /tmp/cckFe295.s:155    .text.FATFS_LinkDriverEx:0000000000000094 $d
     /tmp/cckFe295.s:160    .text.FATFS_LinkDriver:0000000000000000 $t
     /tmp/cckFe295.s:167    .text.FATFS_LinkDriver:0000000000000000 FATFS_LinkDriver
     /tmp/cckFe295.s:206    .text.FATFS_UnLinkDriverEx:0000000000000000 $t
     /tmp/cckFe295.s:213    .text.FATFS_UnLinkDriverEx:0000000000000000 FATFS_UnLinkDriverEx
     /tmp/cckFe295.s:308    .text.FATFS_UnLinkDriverEx:000000000000006c $d
     /tmp/cckFe295.s:313    .text.FATFS_UnLinkDriver:0000000000000000 $t
     /tmp/cckFe295.s:320    .text.FATFS_UnLinkDriver:0000000000000000 FATFS_UnLinkDriver
     /tmp/cckFe295.s:357    .text.FATFS_GetAttachedDriversNbr:0000000000000000 $t
     /tmp/cckFe295.s:364    .text.FATFS_GetAttachedDriversNbr:0000000000000000 FATFS_GetAttachedDriversNbr
     /tmp/cckFe295.s:396    .text.FATFS_GetAttachedDriversNbr:0000000000000014 $d

NO UNDEFINED SYMBOLS
