ARM GAS  /tmp/ccPndOVs.s 			page 1


   1              		.cpu cortex-m7
   2              		.eabi_attribute 28, 1
   3              		.eabi_attribute 20, 1
   4              		.eabi_attribute 21, 1
   5              		.eabi_attribute 23, 3
   6              		.eabi_attribute 24, 1
   7              		.eabi_attribute 25, 1
   8              		.eabi_attribute 26, 1
   9              		.eabi_attribute 30, 2
  10              		.eabi_attribute 34, 1
  11              		.eabi_attribute 18, 4
  12              		.file	"stm32h7xx_hal_timebase_tim.c"
  13              		.text
  14              	.Ltext0:
  15              		.cfi_sections	.debug_frame
  16              		.section	.text.HAL_InitTick,"ax",%progbits
  17              		.align	1
  18              		.p2align 2,,3
  19              		.global	HAL_InitTick
  20              		.arch armv7e-m
  21              		.syntax unified
  22              		.thumb
  23              		.thumb_func
  24              		.fpu fpv5-d16
  26              	HAL_InitTick:
  27              	.LVL0:
  28              	.LFB331:
  29              		.file 1 "./User/code/Src/stm32h7xx_hal_timebase_tim.c"
   1:./User/code/Src/stm32h7xx_hal_timebase_tim.c **** /* USER CODE BEGIN Header */
   2:./User/code/Src/stm32h7xx_hal_timebase_tim.c **** /**
   3:./User/code/Src/stm32h7xx_hal_timebase_tim.c ****   ******************************************************************************
   4:./User/code/Src/stm32h7xx_hal_timebase_tim.c ****   * @file    stm32h7xx_hal_timebase_TIM.c
   5:./User/code/Src/stm32h7xx_hal_timebase_tim.c ****   * @brief   HAL time base based on the hardware TIM.
   6:./User/code/Src/stm32h7xx_hal_timebase_tim.c ****   ******************************************************************************
   7:./User/code/Src/stm32h7xx_hal_timebase_tim.c ****   * @attention
   8:./User/code/Src/stm32h7xx_hal_timebase_tim.c ****   *
   9:./User/code/Src/stm32h7xx_hal_timebase_tim.c ****   * <h2><center>&copy; Copyright (c) 2021 STMicroelectronics.
  10:./User/code/Src/stm32h7xx_hal_timebase_tim.c ****   * All rights reserved.</center></h2>
  11:./User/code/Src/stm32h7xx_hal_timebase_tim.c ****   *
  12:./User/code/Src/stm32h7xx_hal_timebase_tim.c ****   * This software component is licensed by ST under Ultimate Liberty license
  13:./User/code/Src/stm32h7xx_hal_timebase_tim.c ****   * SLA0044, the "License"; You may not use this file except in compliance with
  14:./User/code/Src/stm32h7xx_hal_timebase_tim.c ****   * the License. You may obtain a copy of the License at:
  15:./User/code/Src/stm32h7xx_hal_timebase_tim.c ****   *                             www.st.com/SLA0044
  16:./User/code/Src/stm32h7xx_hal_timebase_tim.c ****   *
  17:./User/code/Src/stm32h7xx_hal_timebase_tim.c ****   ******************************************************************************
  18:./User/code/Src/stm32h7xx_hal_timebase_tim.c ****   */
  19:./User/code/Src/stm32h7xx_hal_timebase_tim.c **** /* USER CODE END Header */
  20:./User/code/Src/stm32h7xx_hal_timebase_tim.c **** 
  21:./User/code/Src/stm32h7xx_hal_timebase_tim.c **** /* Includes ------------------------------------------------------------------*/
  22:./User/code/Src/stm32h7xx_hal_timebase_tim.c **** #include "stm32h7xx_hal.h"
  23:./User/code/Src/stm32h7xx_hal_timebase_tim.c **** #include "stm32h7xx_hal_tim.h"
  24:./User/code/Src/stm32h7xx_hal_timebase_tim.c **** 
  25:./User/code/Src/stm32h7xx_hal_timebase_tim.c **** /* Private typedef -----------------------------------------------------------*/
  26:./User/code/Src/stm32h7xx_hal_timebase_tim.c **** /* Private define ------------------------------------------------------------*/
  27:./User/code/Src/stm32h7xx_hal_timebase_tim.c **** /* Private macro -------------------------------------------------------------*/
  28:./User/code/Src/stm32h7xx_hal_timebase_tim.c **** /* Private variables ---------------------------------------------------------*/
  29:./User/code/Src/stm32h7xx_hal_timebase_tim.c **** TIM_HandleTypeDef        htim2;
ARM GAS  /tmp/ccPndOVs.s 			page 2


  30:./User/code/Src/stm32h7xx_hal_timebase_tim.c **** /* Private function prototypes -----------------------------------------------*/
  31:./User/code/Src/stm32h7xx_hal_timebase_tim.c **** /* Private functions ---------------------------------------------------------*/
  32:./User/code/Src/stm32h7xx_hal_timebase_tim.c **** 
  33:./User/code/Src/stm32h7xx_hal_timebase_tim.c **** /**
  34:./User/code/Src/stm32h7xx_hal_timebase_tim.c ****   * @brief  This function configures the TIM2 as a time base source.
  35:./User/code/Src/stm32h7xx_hal_timebase_tim.c ****   *         The time source is configured  to have 1ms time base with a dedicated
  36:./User/code/Src/stm32h7xx_hal_timebase_tim.c ****   *         Tick interrupt priority.
  37:./User/code/Src/stm32h7xx_hal_timebase_tim.c ****   * @note   This function is called  automatically at the beginning of program after
  38:./User/code/Src/stm32h7xx_hal_timebase_tim.c ****   *         reset by HAL_Init() or at any time when clock is configured, by HAL_RCC_ClockConfig().
  39:./User/code/Src/stm32h7xx_hal_timebase_tim.c ****   * @param  TickPriority: Tick interrupt priority.
  40:./User/code/Src/stm32h7xx_hal_timebase_tim.c ****   * @retval HAL status
  41:./User/code/Src/stm32h7xx_hal_timebase_tim.c ****   */
  42:./User/code/Src/stm32h7xx_hal_timebase_tim.c **** HAL_StatusTypeDef HAL_InitTick(uint32_t TickPriority)
  43:./User/code/Src/stm32h7xx_hal_timebase_tim.c **** {
  30              		.loc 1 43 1 view -0
  31              		.cfi_startproc
  32              		@ args = 0, pretend = 0, frame = 40
  33              		@ frame_needed = 0, uses_anonymous_args = 0
  44:./User/code/Src/stm32h7xx_hal_timebase_tim.c ****   RCC_ClkInitTypeDef    clkconfig;
  34              		.loc 1 44 3 view .LVU1
  45:./User/code/Src/stm32h7xx_hal_timebase_tim.c ****   uint32_t              uwTimclock, uwAPB1Prescaler;
  35              		.loc 1 45 3 view .LVU2
  46:./User/code/Src/stm32h7xx_hal_timebase_tim.c **** 
  47:./User/code/Src/stm32h7xx_hal_timebase_tim.c ****   uint32_t              uwPrescalerValue;
  36              		.loc 1 47 3 view .LVU3
  48:./User/code/Src/stm32h7xx_hal_timebase_tim.c ****   uint32_t              pFLatency;
  37              		.loc 1 48 3 view .LVU4
  49:./User/code/Src/stm32h7xx_hal_timebase_tim.c **** /*Configure the TIM2 IRQ priority */
  50:./User/code/Src/stm32h7xx_hal_timebase_tim.c ****   if (TickPriority < (1UL << __NVIC_PRIO_BITS))
  38              		.loc 1 50 3 view .LVU5
  39              		.loc 1 50 6 is_stmt 0 view .LVU6
  40 0000 0F28     		cmp	r0, #15
  41 0002 01D9     		bls	.L2
  51:./User/code/Src/stm32h7xx_hal_timebase_tim.c ****   {
  52:./User/code/Src/stm32h7xx_hal_timebase_tim.c ****   HAL_NVIC_SetPriority(TIM2_IRQn, TickPriority ,0U);
  53:./User/code/Src/stm32h7xx_hal_timebase_tim.c **** 
  54:./User/code/Src/stm32h7xx_hal_timebase_tim.c ****   /* Enable the TIM2 global Interrupt */
  55:./User/code/Src/stm32h7xx_hal_timebase_tim.c ****   HAL_NVIC_EnableIRQ(TIM2_IRQn);
  56:./User/code/Src/stm32h7xx_hal_timebase_tim.c ****     uwTickPrio = TickPriority;
  57:./User/code/Src/stm32h7xx_hal_timebase_tim.c ****     }
  58:./User/code/Src/stm32h7xx_hal_timebase_tim.c ****   else
  59:./User/code/Src/stm32h7xx_hal_timebase_tim.c ****   {
  60:./User/code/Src/stm32h7xx_hal_timebase_tim.c ****     return HAL_ERROR;
  42              		.loc 1 60 12 view .LVU7
  43 0004 0120     		movs	r0, #1
  44              	.LVL1:
  61:./User/code/Src/stm32h7xx_hal_timebase_tim.c ****   }
  62:./User/code/Src/stm32h7xx_hal_timebase_tim.c ****   /* Enable TIM2 clock */
  63:./User/code/Src/stm32h7xx_hal_timebase_tim.c ****   __HAL_RCC_TIM2_CLK_ENABLE();
  64:./User/code/Src/stm32h7xx_hal_timebase_tim.c **** 
  65:./User/code/Src/stm32h7xx_hal_timebase_tim.c ****   /* Get clock configuration */
  66:./User/code/Src/stm32h7xx_hal_timebase_tim.c ****   HAL_RCC_GetClockConfig(&clkconfig, &pFLatency);
  67:./User/code/Src/stm32h7xx_hal_timebase_tim.c **** 
  68:./User/code/Src/stm32h7xx_hal_timebase_tim.c ****   /* Get APB1 prescaler */
  69:./User/code/Src/stm32h7xx_hal_timebase_tim.c ****   uwAPB1Prescaler = clkconfig.APB1CLKDivider;
  70:./User/code/Src/stm32h7xx_hal_timebase_tim.c ****   /* Compute TIM2 clock */
  71:./User/code/Src/stm32h7xx_hal_timebase_tim.c ****   if (uwAPB1Prescaler == RCC_HCLK_DIV1)
ARM GAS  /tmp/ccPndOVs.s 			page 3


  72:./User/code/Src/stm32h7xx_hal_timebase_tim.c ****   {
  73:./User/code/Src/stm32h7xx_hal_timebase_tim.c ****     uwTimclock = HAL_RCC_GetPCLK1Freq();
  74:./User/code/Src/stm32h7xx_hal_timebase_tim.c ****   }
  75:./User/code/Src/stm32h7xx_hal_timebase_tim.c ****   else
  76:./User/code/Src/stm32h7xx_hal_timebase_tim.c ****   {
  77:./User/code/Src/stm32h7xx_hal_timebase_tim.c ****     uwTimclock = 2UL * HAL_RCC_GetPCLK1Freq();
  78:./User/code/Src/stm32h7xx_hal_timebase_tim.c ****   }
  79:./User/code/Src/stm32h7xx_hal_timebase_tim.c **** 
  80:./User/code/Src/stm32h7xx_hal_timebase_tim.c ****   /* Compute the prescaler value to have TIM2 counter clock equal to 1MHz */
  81:./User/code/Src/stm32h7xx_hal_timebase_tim.c ****   uwPrescalerValue = (uint32_t) ((uwTimclock / 1000000U) - 1U);
  82:./User/code/Src/stm32h7xx_hal_timebase_tim.c **** 
  83:./User/code/Src/stm32h7xx_hal_timebase_tim.c ****   /* Initialize TIM2 */
  84:./User/code/Src/stm32h7xx_hal_timebase_tim.c ****   htim2.Instance = TIM2;
  85:./User/code/Src/stm32h7xx_hal_timebase_tim.c **** 
  86:./User/code/Src/stm32h7xx_hal_timebase_tim.c ****   /* Initialize TIMx peripheral as follow:
  87:./User/code/Src/stm32h7xx_hal_timebase_tim.c ****   + Period = [(TIM2CLK/1000) - 1]. to have a (1/1000) s time base.
  88:./User/code/Src/stm32h7xx_hal_timebase_tim.c ****   + Prescaler = (uwTimclock/1000000 - 1) to have a 1MHz counter clock.
  89:./User/code/Src/stm32h7xx_hal_timebase_tim.c ****   + ClockDivision = 0
  90:./User/code/Src/stm32h7xx_hal_timebase_tim.c ****   + Counter direction = Up
  91:./User/code/Src/stm32h7xx_hal_timebase_tim.c ****   */
  92:./User/code/Src/stm32h7xx_hal_timebase_tim.c ****   htim2.Init.Period = (1000000U / 1000U) - 1U;
  93:./User/code/Src/stm32h7xx_hal_timebase_tim.c ****   htim2.Init.Prescaler = uwPrescalerValue;
  94:./User/code/Src/stm32h7xx_hal_timebase_tim.c ****   htim2.Init.ClockDivision = 0;
  95:./User/code/Src/stm32h7xx_hal_timebase_tim.c ****   htim2.Init.CounterMode = TIM_COUNTERMODE_UP;
  96:./User/code/Src/stm32h7xx_hal_timebase_tim.c ****   if(HAL_TIM_Base_Init(&htim2) == HAL_OK)
  97:./User/code/Src/stm32h7xx_hal_timebase_tim.c ****   {
  98:./User/code/Src/stm32h7xx_hal_timebase_tim.c ****     /* Start the TIM time Base generation in interrupt mode */
  99:./User/code/Src/stm32h7xx_hal_timebase_tim.c ****     return HAL_TIM_Base_Start_IT(&htim2);
 100:./User/code/Src/stm32h7xx_hal_timebase_tim.c ****   }
 101:./User/code/Src/stm32h7xx_hal_timebase_tim.c **** 
 102:./User/code/Src/stm32h7xx_hal_timebase_tim.c ****   /* Return function status */
 103:./User/code/Src/stm32h7xx_hal_timebase_tim.c ****   return HAL_ERROR;
 104:./User/code/Src/stm32h7xx_hal_timebase_tim.c **** }
  45              		.loc 1 104 1 view .LVU8
  46 0006 7047     		bx	lr
  47              	.LVL2:
  48              	.L2:
  52:./User/code/Src/stm32h7xx_hal_timebase_tim.c **** 
  49              		.loc 1 52 3 is_stmt 1 view .LVU9
  43:./User/code/Src/stm32h7xx_hal_timebase_tim.c ****   RCC_ClkInitTypeDef    clkconfig;
  50              		.loc 1 43 1 is_stmt 0 view .LVU10
  51 0008 30B5     		push	{r4, r5, lr}
  52              	.LCFI0:
  53              		.cfi_def_cfa_offset 12
  54              		.cfi_offset 4, -12
  55              		.cfi_offset 5, -8
  56              		.cfi_offset 14, -4
  52:./User/code/Src/stm32h7xx_hal_timebase_tim.c **** 
  57              		.loc 1 52 3 view .LVU11
  58 000a 0146     		mov	r1, r0
  43:./User/code/Src/stm32h7xx_hal_timebase_tim.c ****   RCC_ClkInitTypeDef    clkconfig;
  59              		.loc 1 43 1 view .LVU12
  60 000c 8BB0     		sub	sp, sp, #44
  61              	.LCFI1:
  62              		.cfi_def_cfa_offset 56
  52:./User/code/Src/stm32h7xx_hal_timebase_tim.c **** 
  63              		.loc 1 52 3 view .LVU13
ARM GAS  /tmp/ccPndOVs.s 			page 4


  64 000e 0022     		movs	r2, #0
  65 0010 0446     		mov	r4, r0
  66 0012 1C20     		movs	r0, #28
  67              	.LVL3:
  52:./User/code/Src/stm32h7xx_hal_timebase_tim.c **** 
  68              		.loc 1 52 3 view .LVU14
  69 0014 FFF7FEFF 		bl	HAL_NVIC_SetPriority
  70              	.LVL4:
  55:./User/code/Src/stm32h7xx_hal_timebase_tim.c ****     uwTickPrio = TickPriority;
  71              		.loc 1 55 3 is_stmt 1 view .LVU15
  72 0018 1C20     		movs	r0, #28
  73 001a FFF7FEFF 		bl	HAL_NVIC_EnableIRQ
  74              	.LVL5:
  56:./User/code/Src/stm32h7xx_hal_timebase_tim.c ****     }
  75              		.loc 1 56 5 view .LVU16
  76              	.LBB2:
  63:./User/code/Src/stm32h7xx_hal_timebase_tim.c **** 
  77              		.loc 1 63 3 is_stmt 0 view .LVU17
  78 001e 1B4B     		ldr	r3, .L12
  79              	.LBE2:
  56:./User/code/Src/stm32h7xx_hal_timebase_tim.c ****     }
  80              		.loc 1 56 16 view .LVU18
  81 0020 1B4A     		ldr	r2, .L12+4
  66:./User/code/Src/stm32h7xx_hal_timebase_tim.c **** 
  82              		.loc 1 66 3 view .LVU19
  83 0022 6946     		mov	r1, sp
  84 0024 02A8     		add	r0, sp, #8
  56:./User/code/Src/stm32h7xx_hal_timebase_tim.c ****     }
  85              		.loc 1 56 16 view .LVU20
  86 0026 1460     		str	r4, [r2]
  63:./User/code/Src/stm32h7xx_hal_timebase_tim.c **** 
  87              		.loc 1 63 3 is_stmt 1 view .LVU21
  88              	.LBB3:
  63:./User/code/Src/stm32h7xx_hal_timebase_tim.c **** 
  89              		.loc 1 63 3 view .LVU22
  63:./User/code/Src/stm32h7xx_hal_timebase_tim.c **** 
  90              		.loc 1 63 3 view .LVU23
  91 0028 D3F8E820 		ldr	r2, [r3, #232]
  92 002c 42F00102 		orr	r2, r2, #1
  93 0030 C3F8E820 		str	r2, [r3, #232]
  63:./User/code/Src/stm32h7xx_hal_timebase_tim.c **** 
  94              		.loc 1 63 3 view .LVU24
  95 0034 D3F8E830 		ldr	r3, [r3, #232]
  96 0038 03F00103 		and	r3, r3, #1
  97 003c 0193     		str	r3, [sp, #4]
  63:./User/code/Src/stm32h7xx_hal_timebase_tim.c **** 
  98              		.loc 1 63 3 view .LVU25
  99 003e 019B     		ldr	r3, [sp, #4]
 100              	.LBE3:
  63:./User/code/Src/stm32h7xx_hal_timebase_tim.c **** 
 101              		.loc 1 63 3 view .LVU26
  66:./User/code/Src/stm32h7xx_hal_timebase_tim.c **** 
 102              		.loc 1 66 3 view .LVU27
 103 0040 FFF7FEFF 		bl	HAL_RCC_GetClockConfig
 104              	.LVL6:
  69:./User/code/Src/stm32h7xx_hal_timebase_tim.c ****   /* Compute TIM2 clock */
 105              		.loc 1 69 3 view .LVU28
ARM GAS  /tmp/ccPndOVs.s 			page 5


  71:./User/code/Src/stm32h7xx_hal_timebase_tim.c ****   {
 106              		.loc 1 71 3 view .LVU29
  71:./User/code/Src/stm32h7xx_hal_timebase_tim.c ****   {
 107              		.loc 1 71 6 is_stmt 0 view .LVU30
 108 0044 079B     		ldr	r3, [sp, #28]
 109 0046 C3B9     		cbnz	r3, .L4
  73:./User/code/Src/stm32h7xx_hal_timebase_tim.c ****   }
 110              		.loc 1 73 5 is_stmt 1 view .LVU31
  73:./User/code/Src/stm32h7xx_hal_timebase_tim.c ****   }
 111              		.loc 1 73 18 is_stmt 0 view .LVU32
 112 0048 FFF7FEFF 		bl	HAL_RCC_GetPCLK1Freq
 113              	.LVL7:
 114              	.L5:
  81:./User/code/Src/stm32h7xx_hal_timebase_tim.c **** 
 115              		.loc 1 81 3 is_stmt 1 view .LVU33
  84:./User/code/Src/stm32h7xx_hal_timebase_tim.c **** 
 116              		.loc 1 84 3 view .LVU34
  81:./User/code/Src/stm32h7xx_hal_timebase_tim.c **** 
 117              		.loc 1 81 46 is_stmt 0 view .LVU35
 118 004c 114B     		ldr	r3, .L12+8
  84:./User/code/Src/stm32h7xx_hal_timebase_tim.c **** 
 119              		.loc 1 84 18 view .LVU36
 120 004e 4FF08045 		mov	r5, #1073741824
 121 0052 114C     		ldr	r4, .L12+12
 122              	.LVL8:
  92:./User/code/Src/stm32h7xx_hal_timebase_tim.c ****   htim2.Init.Prescaler = uwPrescalerValue;
 123              		.loc 1 92 21 view .LVU37
 124 0054 40F2E731 		movw	r1, #999
  81:./User/code/Src/stm32h7xx_hal_timebase_tim.c **** 
 125              		.loc 1 81 46 view .LVU38
 126 0058 A3FB0023 		umull	r2, r3, r3, r0
  94:./User/code/Src/stm32h7xx_hal_timebase_tim.c ****   htim2.Init.CounterMode = TIM_COUNTERMODE_UP;
 127              		.loc 1 94 28 view .LVU39
 128 005c 0022     		movs	r2, #0
  96:./User/code/Src/stm32h7xx_hal_timebase_tim.c ****   {
 129              		.loc 1 96 6 view .LVU40
 130 005e 2046     		mov	r0, r4
 131              	.LVL9:
  84:./User/code/Src/stm32h7xx_hal_timebase_tim.c **** 
 132              		.loc 1 84 18 view .LVU41
 133 0060 2560     		str	r5, [r4]
  92:./User/code/Src/stm32h7xx_hal_timebase_tim.c ****   htim2.Init.Prescaler = uwPrescalerValue;
 134              		.loc 1 92 3 is_stmt 1 view .LVU42
  81:./User/code/Src/stm32h7xx_hal_timebase_tim.c **** 
 135              		.loc 1 81 46 is_stmt 0 view .LVU43
 136 0062 9B0C     		lsrs	r3, r3, #18
  81:./User/code/Src/stm32h7xx_hal_timebase_tim.c **** 
 137              		.loc 1 81 20 view .LVU44
 138 0064 013B     		subs	r3, r3, #1
  94:./User/code/Src/stm32h7xx_hal_timebase_tim.c ****   htim2.Init.CounterMode = TIM_COUNTERMODE_UP;
 139              		.loc 1 94 28 view .LVU45
 140 0066 C4E90312 		strd	r1, r2, [r4, #12]
  93:./User/code/Src/stm32h7xx_hal_timebase_tim.c ****   htim2.Init.ClockDivision = 0;
 141              		.loc 1 93 24 view .LVU46
 142 006a C4E90132 		strd	r3, r2, [r4, #4]
  94:./User/code/Src/stm32h7xx_hal_timebase_tim.c ****   htim2.Init.CounterMode = TIM_COUNTERMODE_UP;
 143              		.loc 1 94 3 is_stmt 1 view .LVU47
ARM GAS  /tmp/ccPndOVs.s 			page 6


  95:./User/code/Src/stm32h7xx_hal_timebase_tim.c ****   if(HAL_TIM_Base_Init(&htim2) == HAL_OK)
 144              		.loc 1 95 3 view .LVU48
  96:./User/code/Src/stm32h7xx_hal_timebase_tim.c ****   {
 145              		.loc 1 96 3 view .LVU49
  96:./User/code/Src/stm32h7xx_hal_timebase_tim.c ****   {
 146              		.loc 1 96 6 is_stmt 0 view .LVU50
 147 006e FFF7FEFF 		bl	HAL_TIM_Base_Init
 148              	.LVL10:
  96:./User/code/Src/stm32h7xx_hal_timebase_tim.c ****   {
 149              		.loc 1 96 5 view .LVU51
 150 0072 30B1     		cbz	r0, .L11
  60:./User/code/Src/stm32h7xx_hal_timebase_tim.c ****   }
 151              		.loc 1 60 12 view .LVU52
 152 0074 0120     		movs	r0, #1
 153              	.L3:
 154              		.loc 1 104 1 view .LVU53
 155 0076 0BB0     		add	sp, sp, #44
 156              	.LCFI2:
 157              		.cfi_remember_state
 158              		.cfi_def_cfa_offset 12
 159              		@ sp needed
 160 0078 30BD     		pop	{r4, r5, pc}
 161              	.LVL11:
 162              	.L4:
 163              	.LCFI3:
 164              		.cfi_restore_state
  77:./User/code/Src/stm32h7xx_hal_timebase_tim.c ****   }
 165              		.loc 1 77 5 is_stmt 1 view .LVU54
  77:./User/code/Src/stm32h7xx_hal_timebase_tim.c ****   }
 166              		.loc 1 77 24 is_stmt 0 view .LVU55
 167 007a FFF7FEFF 		bl	HAL_RCC_GetPCLK1Freq
 168              	.LVL12:
  77:./User/code/Src/stm32h7xx_hal_timebase_tim.c ****   }
 169              		.loc 1 77 16 view .LVU56
 170 007e 4000     		lsls	r0, r0, #1
 171              	.LVL13:
  77:./User/code/Src/stm32h7xx_hal_timebase_tim.c ****   }
 172              		.loc 1 77 16 view .LVU57
 173 0080 E4E7     		b	.L5
 174              	.LVL14:
 175              	.L11:
  99:./User/code/Src/stm32h7xx_hal_timebase_tim.c ****   }
 176              		.loc 1 99 5 is_stmt 1 view .LVU58
  99:./User/code/Src/stm32h7xx_hal_timebase_tim.c ****   }
 177              		.loc 1 99 12 is_stmt 0 view .LVU59
 178 0082 2046     		mov	r0, r4
 179 0084 FFF7FEFF 		bl	HAL_TIM_Base_Start_IT
 180              	.LVL15:
 181 0088 F5E7     		b	.L3
 182              	.L13:
 183 008a 00BF     		.align	2
 184              	.L12:
 185 008c 00440258 		.word	1476543488
 186 0090 00000000 		.word	uwTickPrio
 187 0094 83DE1B43 		.word	1125899907
 188 0098 00000000 		.word	htim2
 189              		.cfi_endproc
ARM GAS  /tmp/ccPndOVs.s 			page 7


 190              	.LFE331:
 192              		.section	.text.HAL_SuspendTick,"ax",%progbits
 193              		.align	1
 194              		.p2align 2,,3
 195              		.global	HAL_SuspendTick
 196              		.syntax unified
 197              		.thumb
 198              		.thumb_func
 199              		.fpu fpv5-d16
 201              	HAL_SuspendTick:
 202              	.LFB332:
 105:./User/code/Src/stm32h7xx_hal_timebase_tim.c **** 
 106:./User/code/Src/stm32h7xx_hal_timebase_tim.c **** /**
 107:./User/code/Src/stm32h7xx_hal_timebase_tim.c ****   * @brief  Suspend Tick increment.
 108:./User/code/Src/stm32h7xx_hal_timebase_tim.c ****   * @note   Disable the tick increment by disabling TIM2 update interrupt.
 109:./User/code/Src/stm32h7xx_hal_timebase_tim.c ****   * @param  None
 110:./User/code/Src/stm32h7xx_hal_timebase_tim.c ****   * @retval None
 111:./User/code/Src/stm32h7xx_hal_timebase_tim.c ****   */
 112:./User/code/Src/stm32h7xx_hal_timebase_tim.c **** void HAL_SuspendTick(void)
 113:./User/code/Src/stm32h7xx_hal_timebase_tim.c **** {
 203              		.loc 1 113 1 is_stmt 1 view -0
 204              		.cfi_startproc
 205              		@ args = 0, pretend = 0, frame = 0
 206              		@ frame_needed = 0, uses_anonymous_args = 0
 207              		@ link register save eliminated.
 114:./User/code/Src/stm32h7xx_hal_timebase_tim.c ****   /* Disable TIM2 update Interrupt */
 115:./User/code/Src/stm32h7xx_hal_timebase_tim.c ****   __HAL_TIM_DISABLE_IT(&htim2, TIM_IT_UPDATE);
 208              		.loc 1 115 3 view .LVU61
 209 0000 034B     		ldr	r3, .L15
 210 0002 1A68     		ldr	r2, [r3]
 211 0004 D368     		ldr	r3, [r2, #12]
 212 0006 23F00103 		bic	r3, r3, #1
 213 000a D360     		str	r3, [r2, #12]
 116:./User/code/Src/stm32h7xx_hal_timebase_tim.c **** }
 214              		.loc 1 116 1 is_stmt 0 view .LVU62
 215 000c 7047     		bx	lr
 216              	.L16:
 217 000e 00BF     		.align	2
 218              	.L15:
 219 0010 00000000 		.word	htim2
 220              		.cfi_endproc
 221              	.LFE332:
 223              		.section	.text.HAL_ResumeTick,"ax",%progbits
 224              		.align	1
 225              		.p2align 2,,3
 226              		.global	HAL_ResumeTick
 227              		.syntax unified
 228              		.thumb
 229              		.thumb_func
 230              		.fpu fpv5-d16
 232              	HAL_ResumeTick:
 233              	.LFB333:
 117:./User/code/Src/stm32h7xx_hal_timebase_tim.c **** 
 118:./User/code/Src/stm32h7xx_hal_timebase_tim.c **** /**
 119:./User/code/Src/stm32h7xx_hal_timebase_tim.c ****   * @brief  Resume Tick increment.
 120:./User/code/Src/stm32h7xx_hal_timebase_tim.c ****   * @note   Enable the tick increment by Enabling TIM2 update interrupt.
 121:./User/code/Src/stm32h7xx_hal_timebase_tim.c ****   * @param  None
ARM GAS  /tmp/ccPndOVs.s 			page 8


 122:./User/code/Src/stm32h7xx_hal_timebase_tim.c ****   * @retval None
 123:./User/code/Src/stm32h7xx_hal_timebase_tim.c ****   */
 124:./User/code/Src/stm32h7xx_hal_timebase_tim.c **** void HAL_ResumeTick(void)
 125:./User/code/Src/stm32h7xx_hal_timebase_tim.c **** {
 234              		.loc 1 125 1 is_stmt 1 view -0
 235              		.cfi_startproc
 236              		@ args = 0, pretend = 0, frame = 0
 237              		@ frame_needed = 0, uses_anonymous_args = 0
 238              		@ link register save eliminated.
 126:./User/code/Src/stm32h7xx_hal_timebase_tim.c ****   /* Enable TIM2 Update interrupt */
 127:./User/code/Src/stm32h7xx_hal_timebase_tim.c ****   __HAL_TIM_ENABLE_IT(&htim2, TIM_IT_UPDATE);
 239              		.loc 1 127 3 view .LVU64
 240 0000 034B     		ldr	r3, .L18
 241 0002 1A68     		ldr	r2, [r3]
 242 0004 D368     		ldr	r3, [r2, #12]
 243 0006 43F00103 		orr	r3, r3, #1
 244 000a D360     		str	r3, [r2, #12]
 128:./User/code/Src/stm32h7xx_hal_timebase_tim.c **** }
 245              		.loc 1 128 1 is_stmt 0 view .LVU65
 246 000c 7047     		bx	lr
 247              	.L19:
 248 000e 00BF     		.align	2
 249              	.L18:
 250 0010 00000000 		.word	htim2
 251              		.cfi_endproc
 252              	.LFE333:
 254              		.comm	htim2,76,4
 255              		.text
 256              	.Letext0:
 257              		.file 2 "/usr/lib/gcc/arm-none-eabi/9.2.1/include/stdint.h"
 258              		.file 3 "./Libraries/CMSIS/Core/Include/core_cm7.h"
 259              		.file 4 "./Libraries/CMSIS/Device/ST/STM32H7xx/Include/system_stm32h7xx.h"
 260              		.file 5 "./Libraries/CMSIS/Device/ST/STM32H7xx/Include/stm32h747xx.h"
 261              		.file 6 "/usr/lib/gcc/arm-none-eabi/9.2.1/include/stddef.h"
 262              		.file 7 "/usr/include/newlib/sys/_types.h"
 263              		.file 8 "/usr/include/newlib/sys/reent.h"
 264              		.file 9 "/usr/include/newlib/sys/lock.h"
 265              		.file 10 "/usr/include/newlib/math.h"
 266              		.file 11 "./Libraries/STM32H7xx_HAL_Driver/Inc/stm32h7xx_hal_def.h"
 267              		.file 12 "./Libraries/STM32H7xx_HAL_Driver/Inc/stm32h7xx_hal_rcc.h"
 268              		.file 13 "./Libraries/STM32H7xx_HAL_Driver/Inc/stm32h7xx_hal_dma.h"
 269              		.file 14 "./Libraries/STM32H7xx_HAL_Driver/Inc/stm32h7xx_hal_flash.h"
 270              		.file 15 "./Libraries/STM32H7xx_HAL_Driver/Inc/stm32h7xx_hal_tim.h"
 271              		.file 16 "./Libraries/STM32H7xx_HAL_Driver/Inc/stm32h7xx_hal_uart.h"
 272              		.file 17 "./Libraries/STM32H7xx_HAL_Driver/Inc/stm32h7xx_hal.h"
 273              		.file 18 "./Libraries/STM32H7xx_HAL_Driver/Inc/stm32h7xx_hal_cortex.h"
ARM GAS  /tmp/ccPndOVs.s 			page 9


DEFINED SYMBOLS
                            *ABS*:0000000000000000 stm32h7xx_hal_timebase_tim.c
     /tmp/ccPndOVs.s:17     .text.HAL_InitTick:0000000000000000 $t
     /tmp/ccPndOVs.s:26     .text.HAL_InitTick:0000000000000000 HAL_InitTick
     /tmp/ccPndOVs.s:185    .text.HAL_InitTick:000000000000008c $d
                            *COM*:000000000000004c htim2
     /tmp/ccPndOVs.s:193    .text.HAL_SuspendTick:0000000000000000 $t
     /tmp/ccPndOVs.s:201    .text.HAL_SuspendTick:0000000000000000 HAL_SuspendTick
     /tmp/ccPndOVs.s:219    .text.HAL_SuspendTick:0000000000000010 $d
     /tmp/ccPndOVs.s:224    .text.HAL_ResumeTick:0000000000000000 $t
     /tmp/ccPndOVs.s:232    .text.HAL_ResumeTick:0000000000000000 HAL_ResumeTick
     /tmp/ccPndOVs.s:250    .text.HAL_ResumeTick:0000000000000010 $d

UNDEFINED SYMBOLS
HAL_NVIC_SetPriority
HAL_NVIC_EnableIRQ
HAL_RCC_GetClockConfig
HAL_RCC_GetPCLK1Freq
HAL_TIM_Base_Init
HAL_TIM_Base_Start_IT
uwTickPrio
