ARM GAS  /var/folders/wl/rshn8xbx1dsfj1zgryf4g1240000gn/T//ccwB8qsj.s 			page 1


   1              		.cpu cortex-m7
   2              		.eabi_attribute 28, 1
   3              		.eabi_attribute 20, 1
   4              		.eabi_attribute 21, 1
   5              		.eabi_attribute 23, 3
   6              		.eabi_attribute 24, 1
   7              		.eabi_attribute 25, 1
   8              		.eabi_attribute 26, 1
   9              		.eabi_attribute 30, 2
  10              		.eabi_attribute 34, 1
  11              		.eabi_attribute 18, 4
  12              		.file	"stm32h7xx_hal_ltdc_ex.c"
  13              		.text
  14              	.Ltext0:
  15              		.cfi_sections	.debug_frame
  16              		.section	.text.HAL_LTDCEx_StructInitFromVideoConfig,"ax",%progbits
  17              		.align	1
  18              		.p2align 2,,3
  19              		.global	HAL_LTDCEx_StructInitFromVideoConfig
  20              		.arch armv7e-m
  21              		.syntax unified
  22              		.thumb
  23              		.thumb_func
  24              		.fpu fpv5-d16
  26              	HAL_LTDCEx_StructInitFromVideoConfig:
  27              	.LVL0:
  28              	.LFB144:
  29              		.file 1 ".//Libraries/STM32H7xx_HAL_Driver/Src/stm32h7xx_hal_ltdc_ex.c"
   1:.//Libraries/STM32H7xx_HAL_Driver/Src/stm32h7xx_hal_ltdc_ex.c **** /**
   2:.//Libraries/STM32H7xx_HAL_Driver/Src/stm32h7xx_hal_ltdc_ex.c ****   ******************************************************************************
   3:.//Libraries/STM32H7xx_HAL_Driver/Src/stm32h7xx_hal_ltdc_ex.c ****   * @file    stm32h7xx_hal_ltdc_ex.c
   4:.//Libraries/STM32H7xx_HAL_Driver/Src/stm32h7xx_hal_ltdc_ex.c ****   * @author  MCD Application Team
   5:.//Libraries/STM32H7xx_HAL_Driver/Src/stm32h7xx_hal_ltdc_ex.c ****   * @brief   LTDC Extension HAL module driver.
   6:.//Libraries/STM32H7xx_HAL_Driver/Src/stm32h7xx_hal_ltdc_ex.c ****   ******************************************************************************
   7:.//Libraries/STM32H7xx_HAL_Driver/Src/stm32h7xx_hal_ltdc_ex.c ****   * @attention
   8:.//Libraries/STM32H7xx_HAL_Driver/Src/stm32h7xx_hal_ltdc_ex.c ****   *
   9:.//Libraries/STM32H7xx_HAL_Driver/Src/stm32h7xx_hal_ltdc_ex.c ****   * <h2><center>&copy; Copyright (c) 2017 STMicroelectronics.
  10:.//Libraries/STM32H7xx_HAL_Driver/Src/stm32h7xx_hal_ltdc_ex.c ****   * All rights reserved.</center></h2>
  11:.//Libraries/STM32H7xx_HAL_Driver/Src/stm32h7xx_hal_ltdc_ex.c ****   *
  12:.//Libraries/STM32H7xx_HAL_Driver/Src/stm32h7xx_hal_ltdc_ex.c ****   * This software component is licensed by ST under BSD 3-Clause license,
  13:.//Libraries/STM32H7xx_HAL_Driver/Src/stm32h7xx_hal_ltdc_ex.c ****   * the "License"; You may not use this file except in compliance with the
  14:.//Libraries/STM32H7xx_HAL_Driver/Src/stm32h7xx_hal_ltdc_ex.c ****   * License. You may obtain a copy of the License at:
  15:.//Libraries/STM32H7xx_HAL_Driver/Src/stm32h7xx_hal_ltdc_ex.c ****   *                        opensource.org/licenses/BSD-3-Clause
  16:.//Libraries/STM32H7xx_HAL_Driver/Src/stm32h7xx_hal_ltdc_ex.c ****   *
  17:.//Libraries/STM32H7xx_HAL_Driver/Src/stm32h7xx_hal_ltdc_ex.c ****   ******************************************************************************
  18:.//Libraries/STM32H7xx_HAL_Driver/Src/stm32h7xx_hal_ltdc_ex.c ****   */
  19:.//Libraries/STM32H7xx_HAL_Driver/Src/stm32h7xx_hal_ltdc_ex.c **** 
  20:.//Libraries/STM32H7xx_HAL_Driver/Src/stm32h7xx_hal_ltdc_ex.c **** /* Includes ------------------------------------------------------------------*/
  21:.//Libraries/STM32H7xx_HAL_Driver/Src/stm32h7xx_hal_ltdc_ex.c **** #include "stm32h7xx_hal.h"
  22:.//Libraries/STM32H7xx_HAL_Driver/Src/stm32h7xx_hal_ltdc_ex.c **** 
  23:.//Libraries/STM32H7xx_HAL_Driver/Src/stm32h7xx_hal_ltdc_ex.c **** /** @addtogroup STM32H7xx_HAL_Driver
  24:.//Libraries/STM32H7xx_HAL_Driver/Src/stm32h7xx_hal_ltdc_ex.c ****   * @{
  25:.//Libraries/STM32H7xx_HAL_Driver/Src/stm32h7xx_hal_ltdc_ex.c ****   */
  26:.//Libraries/STM32H7xx_HAL_Driver/Src/stm32h7xx_hal_ltdc_ex.c **** 
  27:.//Libraries/STM32H7xx_HAL_Driver/Src/stm32h7xx_hal_ltdc_ex.c **** #if defined(HAL_LTDC_MODULE_ENABLED) && defined(HAL_DSI_MODULE_ENABLED)
  28:.//Libraries/STM32H7xx_HAL_Driver/Src/stm32h7xx_hal_ltdc_ex.c **** 
  29:.//Libraries/STM32H7xx_HAL_Driver/Src/stm32h7xx_hal_ltdc_ex.c **** #if defined (LTDC) && defined (DSI)
ARM GAS  /var/folders/wl/rshn8xbx1dsfj1zgryf4g1240000gn/T//ccwB8qsj.s 			page 2


  30:.//Libraries/STM32H7xx_HAL_Driver/Src/stm32h7xx_hal_ltdc_ex.c **** 
  31:.//Libraries/STM32H7xx_HAL_Driver/Src/stm32h7xx_hal_ltdc_ex.c **** /** @defgroup LTDCEx LTDCEx
  32:.//Libraries/STM32H7xx_HAL_Driver/Src/stm32h7xx_hal_ltdc_ex.c ****   * @brief LTDC HAL module driver
  33:.//Libraries/STM32H7xx_HAL_Driver/Src/stm32h7xx_hal_ltdc_ex.c ****   * @{
  34:.//Libraries/STM32H7xx_HAL_Driver/Src/stm32h7xx_hal_ltdc_ex.c ****   */
  35:.//Libraries/STM32H7xx_HAL_Driver/Src/stm32h7xx_hal_ltdc_ex.c **** 
  36:.//Libraries/STM32H7xx_HAL_Driver/Src/stm32h7xx_hal_ltdc_ex.c **** /* Private typedef -----------------------------------------------------------*/
  37:.//Libraries/STM32H7xx_HAL_Driver/Src/stm32h7xx_hal_ltdc_ex.c **** /* Private define ------------------------------------------------------------*/
  38:.//Libraries/STM32H7xx_HAL_Driver/Src/stm32h7xx_hal_ltdc_ex.c **** /* Private macro -------------------------------------------------------------*/
  39:.//Libraries/STM32H7xx_HAL_Driver/Src/stm32h7xx_hal_ltdc_ex.c **** /* Private variables ---------------------------------------------------------*/
  40:.//Libraries/STM32H7xx_HAL_Driver/Src/stm32h7xx_hal_ltdc_ex.c **** /* Private function prototypes -----------------------------------------------*/
  41:.//Libraries/STM32H7xx_HAL_Driver/Src/stm32h7xx_hal_ltdc_ex.c **** /* Exported functions --------------------------------------------------------*/
  42:.//Libraries/STM32H7xx_HAL_Driver/Src/stm32h7xx_hal_ltdc_ex.c **** 
  43:.//Libraries/STM32H7xx_HAL_Driver/Src/stm32h7xx_hal_ltdc_ex.c **** /** @defgroup LTDCEx_Exported_Functions LTDC Extended Exported Functions
  44:.//Libraries/STM32H7xx_HAL_Driver/Src/stm32h7xx_hal_ltdc_ex.c ****   * @{
  45:.//Libraries/STM32H7xx_HAL_Driver/Src/stm32h7xx_hal_ltdc_ex.c ****   */
  46:.//Libraries/STM32H7xx_HAL_Driver/Src/stm32h7xx_hal_ltdc_ex.c **** 
  47:.//Libraries/STM32H7xx_HAL_Driver/Src/stm32h7xx_hal_ltdc_ex.c **** /** @defgroup LTDCEx_Exported_Functions_Group1 Initialization and Configuration functions
  48:.//Libraries/STM32H7xx_HAL_Driver/Src/stm32h7xx_hal_ltdc_ex.c ****   *  @brief   Initialization and Configuration functions
  49:.//Libraries/STM32H7xx_HAL_Driver/Src/stm32h7xx_hal_ltdc_ex.c ****   *
  50:.//Libraries/STM32H7xx_HAL_Driver/Src/stm32h7xx_hal_ltdc_ex.c **** @verbatim
  51:.//Libraries/STM32H7xx_HAL_Driver/Src/stm32h7xx_hal_ltdc_ex.c ****  ===============================================================================
  52:.//Libraries/STM32H7xx_HAL_Driver/Src/stm32h7xx_hal_ltdc_ex.c ****                 ##### Initialization and Configuration functions #####
  53:.//Libraries/STM32H7xx_HAL_Driver/Src/stm32h7xx_hal_ltdc_ex.c ****  ===============================================================================
  54:.//Libraries/STM32H7xx_HAL_Driver/Src/stm32h7xx_hal_ltdc_ex.c ****     [..]  This section provides functions allowing to:
  55:.//Libraries/STM32H7xx_HAL_Driver/Src/stm32h7xx_hal_ltdc_ex.c ****       (+) Initialize and configure the LTDC
  56:.//Libraries/STM32H7xx_HAL_Driver/Src/stm32h7xx_hal_ltdc_ex.c **** 
  57:.//Libraries/STM32H7xx_HAL_Driver/Src/stm32h7xx_hal_ltdc_ex.c **** @endverbatim
  58:.//Libraries/STM32H7xx_HAL_Driver/Src/stm32h7xx_hal_ltdc_ex.c ****   * @{
  59:.//Libraries/STM32H7xx_HAL_Driver/Src/stm32h7xx_hal_ltdc_ex.c ****   */
  60:.//Libraries/STM32H7xx_HAL_Driver/Src/stm32h7xx_hal_ltdc_ex.c **** 
  61:.//Libraries/STM32H7xx_HAL_Driver/Src/stm32h7xx_hal_ltdc_ex.c **** /**
  62:.//Libraries/STM32H7xx_HAL_Driver/Src/stm32h7xx_hal_ltdc_ex.c ****   * @brief  Retrieve common parameters from DSI Video mode configuration structure
  63:.//Libraries/STM32H7xx_HAL_Driver/Src/stm32h7xx_hal_ltdc_ex.c ****   * @param  hltdc   pointer to a LTDC_HandleTypeDef structure that contains
  64:.//Libraries/STM32H7xx_HAL_Driver/Src/stm32h7xx_hal_ltdc_ex.c ****   *                 the configuration information for the LTDC.
  65:.//Libraries/STM32H7xx_HAL_Driver/Src/stm32h7xx_hal_ltdc_ex.c ****   * @param  VidCfg  pointer to a DSI_VidCfgTypeDef structure that contains
  66:.//Libraries/STM32H7xx_HAL_Driver/Src/stm32h7xx_hal_ltdc_ex.c ****   *                 the DSI video mode configuration parameters
  67:.//Libraries/STM32H7xx_HAL_Driver/Src/stm32h7xx_hal_ltdc_ex.c ****   * @note   The implementation of this function is taking into account the LTDC
  68:.//Libraries/STM32H7xx_HAL_Driver/Src/stm32h7xx_hal_ltdc_ex.c ****   *         polarities inversion as described in the current LTDC specification
  69:.//Libraries/STM32H7xx_HAL_Driver/Src/stm32h7xx_hal_ltdc_ex.c ****   * @retval HAL status
  70:.//Libraries/STM32H7xx_HAL_Driver/Src/stm32h7xx_hal_ltdc_ex.c ****   */
  71:.//Libraries/STM32H7xx_HAL_Driver/Src/stm32h7xx_hal_ltdc_ex.c **** HAL_StatusTypeDef HAL_LTDCEx_StructInitFromVideoConfig(LTDC_HandleTypeDef *hltdc, DSI_VidCfgTypeDef
  72:.//Libraries/STM32H7xx_HAL_Driver/Src/stm32h7xx_hal_ltdc_ex.c **** {
  30              		.loc 1 72 1 view -0
  31              		.cfi_startproc
  32              		@ args = 0, pretend = 0, frame = 0
  33              		@ frame_needed = 0, uses_anonymous_args = 0
  34              		@ link register save eliminated.
  73:.//Libraries/STM32H7xx_HAL_Driver/Src/stm32h7xx_hal_ltdc_ex.c ****   /* Retrieve signal polarities from DSI */
  74:.//Libraries/STM32H7xx_HAL_Driver/Src/stm32h7xx_hal_ltdc_ex.c **** 
  75:.//Libraries/STM32H7xx_HAL_Driver/Src/stm32h7xx_hal_ltdc_ex.c ****   /* The following polarity is inverted:
  76:.//Libraries/STM32H7xx_HAL_Driver/Src/stm32h7xx_hal_ltdc_ex.c ****                      LTDC_DEPOLARITY_AL <-> LTDC_DEPOLARITY_AH */
  77:.//Libraries/STM32H7xx_HAL_Driver/Src/stm32h7xx_hal_ltdc_ex.c **** 
  78:.//Libraries/STM32H7xx_HAL_Driver/Src/stm32h7xx_hal_ltdc_ex.c ****   /* Note 1 : Code in line w/ Current LTDC specification */
  79:.//Libraries/STM32H7xx_HAL_Driver/Src/stm32h7xx_hal_ltdc_ex.c ****   hltdc->Init.DEPolarity = (VidCfg->DEPolarity == DSI_DATA_ENABLE_ACTIVE_HIGH) ? LTDC_DEPOLARITY_AL
  35              		.loc 1 79 3 view .LVU1
  72:.//Libraries/STM32H7xx_HAL_Driver/Src/stm32h7xx_hal_ltdc_ex.c ****   /* Retrieve signal polarities from DSI */
ARM GAS  /var/folders/wl/rshn8xbx1dsfj1zgryf4g1240000gn/T//ccwB8qsj.s 			page 3


  36              		.loc 1 72 1 is_stmt 0 view .LVU2
  37 0000 F0B4     		push	{r4, r5, r6, r7}
  38              	.LCFI0:
  39              		.cfi_def_cfa_offset 16
  40              		.cfi_offset 4, -16
  41              		.cfi_offset 5, -12
  42              		.cfi_offset 6, -8
  43              		.cfi_offset 7, -4
  72:.//Libraries/STM32H7xx_HAL_Driver/Src/stm32h7xx_hal_ltdc_ex.c ****   /* Retrieve signal polarities from DSI */
  44              		.loc 1 72 1 view .LVU3
  45 0002 0346     		mov	r3, r0
  80:.//Libraries/STM32H7xx_HAL_Driver/Src/stm32h7xx_hal_ltdc_ex.c ****   hltdc->Init.VSPolarity = (VidCfg->VSPolarity == DSI_VSYNC_ACTIVE_HIGH) ? LTDC_VSPOLARITY_AH : LTD
  81:.//Libraries/STM32H7xx_HAL_Driver/Src/stm32h7xx_hal_ltdc_ex.c ****   hltdc->Init.HSPolarity = (VidCfg->HSPolarity == DSI_HSYNC_ACTIVE_HIGH) ? LTDC_HSPOLARITY_AH : LTD
  82:.//Libraries/STM32H7xx_HAL_Driver/Src/stm32h7xx_hal_ltdc_ex.c **** 
  83:.//Libraries/STM32H7xx_HAL_Driver/Src/stm32h7xx_hal_ltdc_ex.c ****   /* Note 2: Code to be used in case LTDC polarities inversion updated in the specification */
  84:.//Libraries/STM32H7xx_HAL_Driver/Src/stm32h7xx_hal_ltdc_ex.c ****   /* hltdc->Init.DEPolarity = VidCfg->DEPolarity << 29;
  85:.//Libraries/STM32H7xx_HAL_Driver/Src/stm32h7xx_hal_ltdc_ex.c ****      hltdc->Init.VSPolarity = VidCfg->VSPolarity << 29;
  86:.//Libraries/STM32H7xx_HAL_Driver/Src/stm32h7xx_hal_ltdc_ex.c ****      hltdc->Init.HSPolarity = VidCfg->HSPolarity << 29; */
  87:.//Libraries/STM32H7xx_HAL_Driver/Src/stm32h7xx_hal_ltdc_ex.c **** 
  88:.//Libraries/STM32H7xx_HAL_Driver/Src/stm32h7xx_hal_ltdc_ex.c ****   /* Retrieve vertical timing parameters from DSI */
  89:.//Libraries/STM32H7xx_HAL_Driver/Src/stm32h7xx_hal_ltdc_ex.c ****   hltdc->Init.VerticalSync       = VidCfg->VerticalSyncActive - 1U;
  90:.//Libraries/STM32H7xx_HAL_Driver/Src/stm32h7xx_hal_ltdc_ex.c ****   hltdc->Init.AccumulatedVBP     = VidCfg->VerticalSyncActive + VidCfg->VerticalBackPorch - 1U;
  91:.//Libraries/STM32H7xx_HAL_Driver/Src/stm32h7xx_hal_ltdc_ex.c ****   hltdc->Init.AccumulatedActiveH = VidCfg->VerticalSyncActive + VidCfg->VerticalBackPorch + VidCfg-
  92:.//Libraries/STM32H7xx_HAL_Driver/Src/stm32h7xx_hal_ltdc_ex.c ****   hltdc->Init.TotalHeigh         = VidCfg->VerticalSyncActive + VidCfg->VerticalBackPorch + VidCfg-
  93:.//Libraries/STM32H7xx_HAL_Driver/Src/stm32h7xx_hal_ltdc_ex.c **** 
  94:.//Libraries/STM32H7xx_HAL_Driver/Src/stm32h7xx_hal_ltdc_ex.c ****   return HAL_OK;
  95:.//Libraries/STM32H7xx_HAL_Driver/Src/stm32h7xx_hal_ltdc_ex.c **** }
  46              		.loc 1 95 1 view .LVU4
  47 0004 0020     		movs	r0, #0
  48              	.LVL1:
  81:.//Libraries/STM32H7xx_HAL_Driver/Src/stm32h7xx_hal_ltdc_ex.c **** 
  49              		.loc 1 81 95 view .LVU5
  50 0006 CF69     		ldr	r7, [r1, #28]
  80:.//Libraries/STM32H7xx_HAL_Driver/Src/stm32h7xx_hal_ltdc_ex.c ****   hltdc->Init.VSPolarity = (VidCfg->VSPolarity == DSI_VSYNC_ACTIVE_HIGH) ? LTDC_VSPOLARITY_AH : LTD
  51              		.loc 1 80 95 view .LVU6
  52 0008 D1E90825 		ldrd	r2, r5, [r1, #32]
  90:.//Libraries/STM32H7xx_HAL_Driver/Src/stm32h7xx_hal_ltdc_ex.c ****   hltdc->Init.AccumulatedActiveH = VidCfg->VerticalSyncActive + VidCfg->VerticalBackPorch + VidCfg-
  53              		.loc 1 90 63 view .LVU7
  54 000c D1E90D64 		ldrd	r6, r4, [r1, #52]
  79:.//Libraries/STM32H7xx_HAL_Driver/Src/stm32h7xx_hal_ltdc_ex.c ****   hltdc->Init.VSPolarity = (VidCfg->VSPolarity == DSI_VSYNC_ACTIVE_HIGH) ? LTDC_VSPOLARITY_AH : LTD
  55              		.loc 1 79 101 view .LVU8
  56 0010 8542     		cmp	r5, r0
  90:.//Libraries/STM32H7xx_HAL_Driver/Src/stm32h7xx_hal_ltdc_ex.c ****   hltdc->Init.AccumulatedActiveH = VidCfg->VerticalSyncActive + VidCfg->VerticalBackPorch + VidCfg-
  57              		.loc 1 90 63 view .LVU9
  58 0012 3444     		add	r4, r4, r6
  89:.//Libraries/STM32H7xx_HAL_Driver/Src/stm32h7xx_hal_ltdc_ex.c ****   hltdc->Init.AccumulatedVBP     = VidCfg->VerticalSyncActive + VidCfg->VerticalBackPorch - 1U;
  59              		.loc 1 89 63 view .LVU10
  60 0014 06F1FF36 		add	r6, r6, #-1
  79:.//Libraries/STM32H7xx_HAL_Driver/Src/stm32h7xx_hal_ltdc_ex.c ****   hltdc->Init.VSPolarity = (VidCfg->VSPolarity == DSI_VSYNC_ACTIVE_HIGH) ? LTDC_VSPOLARITY_AH : LTD
  61              		.loc 1 79 101 view .LVU11
  62 0018 18BF     		it	ne
  63 001a 4FF00055 		movne	r5, #536870912
  80:.//Libraries/STM32H7xx_HAL_Driver/Src/stm32h7xx_hal_ltdc_ex.c ****   hltdc->Init.HSPolarity = (VidCfg->HSPolarity == DSI_HSYNC_ACTIVE_HIGH) ? LTDC_HSPOLARITY_AH : LTD
  64              		.loc 1 80 95 view .LVU12
  65 001e 8242     		cmp	r2, r0
  91:.//Libraries/STM32H7xx_HAL_Driver/Src/stm32h7xx_hal_ltdc_ex.c ****   hltdc->Init.TotalHeigh         = VidCfg->VerticalSyncActive + VidCfg->VerticalBackPorch + VidCfg-
  66              		.loc 1 91 91 view .LVU13
ARM GAS  /var/folders/wl/rshn8xbx1dsfj1zgryf4g1240000gn/T//ccwB8qsj.s 			page 4


  67 0020 0A6C     		ldr	r2, [r1, #64]
  92:.//Libraries/STM32H7xx_HAL_Driver/Src/stm32h7xx_hal_ltdc_ex.c **** 
  68              		.loc 1 92 145 view .LVU14
  69 0022 C96B     		ldr	r1, [r1, #60]
  70              	.LVL2:
  91:.//Libraries/STM32H7xx_HAL_Driver/Src/stm32h7xx_hal_ltdc_ex.c ****   hltdc->Init.TotalHeigh         = VidCfg->VerticalSyncActive + VidCfg->VerticalBackPorch + VidCfg-
  71              		.loc 1 91 91 view .LVU15
  72 0024 2244     		add	r2, r2, r4
  79:.//Libraries/STM32H7xx_HAL_Driver/Src/stm32h7xx_hal_ltdc_ex.c ****   hltdc->Init.VSPolarity = (VidCfg->VSPolarity == DSI_VSYNC_ACTIVE_HIGH) ? LTDC_VSPOLARITY_AH : LTD
  73              		.loc 1 79 26 view .LVU16
  74 0026 DD60     		str	r5, [r3, #12]
  80:.//Libraries/STM32H7xx_HAL_Driver/Src/stm32h7xx_hal_ltdc_ex.c ****   hltdc->Init.HSPolarity = (VidCfg->HSPolarity == DSI_HSYNC_ACTIVE_HIGH) ? LTDC_HSPOLARITY_AH : LTD
  75              		.loc 1 80 3 is_stmt 1 view .LVU17
  92:.//Libraries/STM32H7xx_HAL_Driver/Src/stm32h7xx_hal_ltdc_ex.c **** 
  76              		.loc 1 92 145 is_stmt 0 view .LVU18
  77 0028 01F1FF31 		add	r1, r1, #-1
  80:.//Libraries/STM32H7xx_HAL_Driver/Src/stm32h7xx_hal_ltdc_ex.c ****   hltdc->Init.HSPolarity = (VidCfg->HSPolarity == DSI_HSYNC_ACTIVE_HIGH) ? LTDC_HSPOLARITY_AH : LTD
  78              		.loc 1 80 95 view .LVU19
  79 002c 0CBF     		ite	eq
  80 002e 4FF08045 		moveq	r5, #1073741824
  81 0032 0546     		movne	r5, r0
  81:.//Libraries/STM32H7xx_HAL_Driver/Src/stm32h7xx_hal_ltdc_ex.c **** 
  82              		.loc 1 81 95 view .LVU20
  83 0034 8742     		cmp	r7, r0
  90:.//Libraries/STM32H7xx_HAL_Driver/Src/stm32h7xx_hal_ltdc_ex.c ****   hltdc->Init.AccumulatedActiveH = VidCfg->VerticalSyncActive + VidCfg->VerticalBackPorch + VidCfg-
  84              		.loc 1 90 91 view .LVU21
  85 0036 04F1FF34 		add	r4, r4, #-1
  92:.//Libraries/STM32H7xx_HAL_Driver/Src/stm32h7xx_hal_ltdc_ex.c **** 
  86              		.loc 1 92 145 view .LVU22
  87 003a 1144     		add	r1, r1, r2
  80:.//Libraries/STM32H7xx_HAL_Driver/Src/stm32h7xx_hal_ltdc_ex.c ****   hltdc->Init.HSPolarity = (VidCfg->HSPolarity == DSI_HSYNC_ACTIVE_HIGH) ? LTDC_HSPOLARITY_AH : LTD
  88              		.loc 1 80 26 view .LVU23
  89 003c 9D60     		str	r5, [r3, #8]
  81:.//Libraries/STM32H7xx_HAL_Driver/Src/stm32h7xx_hal_ltdc_ex.c **** 
  90              		.loc 1 81 3 is_stmt 1 view .LVU24
  91:.//Libraries/STM32H7xx_HAL_Driver/Src/stm32h7xx_hal_ltdc_ex.c ****   hltdc->Init.TotalHeigh         = VidCfg->VerticalSyncActive + VidCfg->VerticalBackPorch + VidCfg-
  91              		.loc 1 91 116 is_stmt 0 view .LVU25
  92 003e 02F1FF32 		add	r2, r2, #-1
  81:.//Libraries/STM32H7xx_HAL_Driver/Src/stm32h7xx_hal_ltdc_ex.c **** 
  93              		.loc 1 81 95 view .LVU26
  94 0042 0CBF     		ite	eq
  95 0044 4FF00045 		moveq	r5, #-2147483648
  96 0048 0546     		movne	r5, r0
  89:.//Libraries/STM32H7xx_HAL_Driver/Src/stm32h7xx_hal_ltdc_ex.c ****   hltdc->Init.AccumulatedVBP     = VidCfg->VerticalSyncActive + VidCfg->VerticalBackPorch - 1U;
  97              		.loc 1 89 34 view .LVU27
  98 004a 9E61     		str	r6, [r3, #24]
  81:.//Libraries/STM32H7xx_HAL_Driver/Src/stm32h7xx_hal_ltdc_ex.c **** 
  99              		.loc 1 81 26 view .LVU28
 100 004c 5D60     		str	r5, [r3, #4]
  89:.//Libraries/STM32H7xx_HAL_Driver/Src/stm32h7xx_hal_ltdc_ex.c ****   hltdc->Init.AccumulatedVBP     = VidCfg->VerticalSyncActive + VidCfg->VerticalBackPorch - 1U;
 101              		.loc 1 89 3 is_stmt 1 view .LVU29
  90:.//Libraries/STM32H7xx_HAL_Driver/Src/stm32h7xx_hal_ltdc_ex.c ****   hltdc->Init.AccumulatedActiveH = VidCfg->VerticalSyncActive + VidCfg->VerticalBackPorch + VidCfg-
 102              		.loc 1 90 3 view .LVU30
  90:.//Libraries/STM32H7xx_HAL_Driver/Src/stm32h7xx_hal_ltdc_ex.c ****   hltdc->Init.AccumulatedActiveH = VidCfg->VerticalSyncActive + VidCfg->VerticalBackPorch + VidCfg-
 103              		.loc 1 90 34 is_stmt 0 view .LVU31
 104 004e 1C62     		str	r4, [r3, #32]
  91:.//Libraries/STM32H7xx_HAL_Driver/Src/stm32h7xx_hal_ltdc_ex.c ****   hltdc->Init.TotalHeigh         = VidCfg->VerticalSyncActive + VidCfg->VerticalBackPorch + VidCfg-
ARM GAS  /var/folders/wl/rshn8xbx1dsfj1zgryf4g1240000gn/T//ccwB8qsj.s 			page 5


 105              		.loc 1 91 3 is_stmt 1 view .LVU32
  92:.//Libraries/STM32H7xx_HAL_Driver/Src/stm32h7xx_hal_ltdc_ex.c **** 
 106              		.loc 1 92 34 is_stmt 0 view .LVU33
 107 0050 1963     		str	r1, [r3, #48]
  91:.//Libraries/STM32H7xx_HAL_Driver/Src/stm32h7xx_hal_ltdc_ex.c ****   hltdc->Init.TotalHeigh         = VidCfg->VerticalSyncActive + VidCfg->VerticalBackPorch + VidCfg-
 108              		.loc 1 91 34 view .LVU34
 109 0052 9A62     		str	r2, [r3, #40]
  92:.//Libraries/STM32H7xx_HAL_Driver/Src/stm32h7xx_hal_ltdc_ex.c **** 
 110              		.loc 1 92 3 is_stmt 1 view .LVU35
  94:.//Libraries/STM32H7xx_HAL_Driver/Src/stm32h7xx_hal_ltdc_ex.c **** }
 111              		.loc 1 94 3 view .LVU36
 112              		.loc 1 95 1 is_stmt 0 view .LVU37
 113 0054 F0BC     		pop	{r4, r5, r6, r7}
 114              	.LCFI1:
 115              		.cfi_restore 7
 116              		.cfi_restore 6
 117              		.cfi_restore 5
 118              		.cfi_restore 4
 119              		.cfi_def_cfa_offset 0
 120 0056 7047     		bx	lr
 121              		.cfi_endproc
 122              	.LFE144:
 124              		.section	.text.HAL_LTDCEx_StructInitFromAdaptedCommandConfig,"ax",%progbits
 125              		.align	1
 126              		.p2align 2,,3
 127              		.global	HAL_LTDCEx_StructInitFromAdaptedCommandConfig
 128              		.syntax unified
 129              		.thumb
 130              		.thumb_func
 131              		.fpu fpv5-d16
 133              	HAL_LTDCEx_StructInitFromAdaptedCommandConfig:
 134              	.LVL3:
 135              	.LFB145:
  96:.//Libraries/STM32H7xx_HAL_Driver/Src/stm32h7xx_hal_ltdc_ex.c **** 
  97:.//Libraries/STM32H7xx_HAL_Driver/Src/stm32h7xx_hal_ltdc_ex.c **** /**
  98:.//Libraries/STM32H7xx_HAL_Driver/Src/stm32h7xx_hal_ltdc_ex.c ****   * @brief  Retrieve common parameters from DSI Adapted command mode configuration structure
  99:.//Libraries/STM32H7xx_HAL_Driver/Src/stm32h7xx_hal_ltdc_ex.c ****   * @param  hltdc   pointer to a LTDC_HandleTypeDef structure that contains
 100:.//Libraries/STM32H7xx_HAL_Driver/Src/stm32h7xx_hal_ltdc_ex.c ****   *                 the configuration information for the LTDC.
 101:.//Libraries/STM32H7xx_HAL_Driver/Src/stm32h7xx_hal_ltdc_ex.c ****   * @param  CmdCfg  pointer to a DSI_CmdCfgTypeDef structure that contains
 102:.//Libraries/STM32H7xx_HAL_Driver/Src/stm32h7xx_hal_ltdc_ex.c ****   *                 the DSI command mode configuration parameters
 103:.//Libraries/STM32H7xx_HAL_Driver/Src/stm32h7xx_hal_ltdc_ex.c ****   * @note   The implementation of this function is taking into account the LTDC
 104:.//Libraries/STM32H7xx_HAL_Driver/Src/stm32h7xx_hal_ltdc_ex.c ****   *         polarities inversion as described in the current LTDC specification
 105:.//Libraries/STM32H7xx_HAL_Driver/Src/stm32h7xx_hal_ltdc_ex.c ****   * @retval HAL status
 106:.//Libraries/STM32H7xx_HAL_Driver/Src/stm32h7xx_hal_ltdc_ex.c ****   */
 107:.//Libraries/STM32H7xx_HAL_Driver/Src/stm32h7xx_hal_ltdc_ex.c **** HAL_StatusTypeDef HAL_LTDCEx_StructInitFromAdaptedCommandConfig(LTDC_HandleTypeDef *hltdc, DSI_CmdC
 108:.//Libraries/STM32H7xx_HAL_Driver/Src/stm32h7xx_hal_ltdc_ex.c **** {
 136              		.loc 1 108 1 is_stmt 1 view -0
 137              		.cfi_startproc
 138              		@ args = 0, pretend = 0, frame = 0
 139              		@ frame_needed = 0, uses_anonymous_args = 0
 140              		@ link register save eliminated.
 109:.//Libraries/STM32H7xx_HAL_Driver/Src/stm32h7xx_hal_ltdc_ex.c ****   /* Retrieve signal polarities from DSI */
 110:.//Libraries/STM32H7xx_HAL_Driver/Src/stm32h7xx_hal_ltdc_ex.c **** 
 111:.//Libraries/STM32H7xx_HAL_Driver/Src/stm32h7xx_hal_ltdc_ex.c ****   /* The following polarities are inverted:
 112:.//Libraries/STM32H7xx_HAL_Driver/Src/stm32h7xx_hal_ltdc_ex.c ****                      LTDC_DEPOLARITY_AL <-> LTDC_DEPOLARITY_AH
 113:.//Libraries/STM32H7xx_HAL_Driver/Src/stm32h7xx_hal_ltdc_ex.c ****                      LTDC_VSPOLARITY_AL <-> LTDC_VSPOLARITY_AH
 114:.//Libraries/STM32H7xx_HAL_Driver/Src/stm32h7xx_hal_ltdc_ex.c ****                      LTDC_HSPOLARITY_AL <-> LTDC_HSPOLARITY_AH)*/
ARM GAS  /var/folders/wl/rshn8xbx1dsfj1zgryf4g1240000gn/T//ccwB8qsj.s 			page 6


 115:.//Libraries/STM32H7xx_HAL_Driver/Src/stm32h7xx_hal_ltdc_ex.c **** 
 116:.//Libraries/STM32H7xx_HAL_Driver/Src/stm32h7xx_hal_ltdc_ex.c ****   /* Note 1 : Code in line w/ Current LTDC specification */
 117:.//Libraries/STM32H7xx_HAL_Driver/Src/stm32h7xx_hal_ltdc_ex.c ****   hltdc->Init.DEPolarity = (CmdCfg->DEPolarity == DSI_DATA_ENABLE_ACTIVE_HIGH) ? LTDC_DEPOLARITY_AL
 141              		.loc 1 117 3 view .LVU39
 108:.//Libraries/STM32H7xx_HAL_Driver/Src/stm32h7xx_hal_ltdc_ex.c ****   /* Retrieve signal polarities from DSI */
 142              		.loc 1 108 1 is_stmt 0 view .LVU40
 143 0000 30B4     		push	{r4, r5}
 144              	.LCFI2:
 145              		.cfi_def_cfa_offset 8
 146              		.cfi_offset 4, -8
 147              		.cfi_offset 5, -4
 108:.//Libraries/STM32H7xx_HAL_Driver/Src/stm32h7xx_hal_ltdc_ex.c ****   /* Retrieve signal polarities from DSI */
 148              		.loc 1 108 1 view .LVU41
 149 0002 0346     		mov	r3, r0
 118:.//Libraries/STM32H7xx_HAL_Driver/Src/stm32h7xx_hal_ltdc_ex.c ****   hltdc->Init.VSPolarity = (CmdCfg->VSPolarity == DSI_VSYNC_ACTIVE_HIGH) ? LTDC_VSPOLARITY_AL : LTD
 119:.//Libraries/STM32H7xx_HAL_Driver/Src/stm32h7xx_hal_ltdc_ex.c ****   hltdc->Init.HSPolarity = (CmdCfg->HSPolarity == DSI_HSYNC_ACTIVE_HIGH) ? LTDC_HSPOLARITY_AL : LTD
 120:.//Libraries/STM32H7xx_HAL_Driver/Src/stm32h7xx_hal_ltdc_ex.c **** 
 121:.//Libraries/STM32H7xx_HAL_Driver/Src/stm32h7xx_hal_ltdc_ex.c ****   /* Note 2: Code to be used in case LTDC polarities inversion updated in the specification */
 122:.//Libraries/STM32H7xx_HAL_Driver/Src/stm32h7xx_hal_ltdc_ex.c ****   /* hltdc->Init.DEPolarity = CmdCfg->DEPolarity << 29;
 123:.//Libraries/STM32H7xx_HAL_Driver/Src/stm32h7xx_hal_ltdc_ex.c ****      hltdc->Init.VSPolarity = CmdCfg->VSPolarity << 29;
 124:.//Libraries/STM32H7xx_HAL_Driver/Src/stm32h7xx_hal_ltdc_ex.c ****      hltdc->Init.HSPolarity = CmdCfg->HSPolarity << 29; */
 125:.//Libraries/STM32H7xx_HAL_Driver/Src/stm32h7xx_hal_ltdc_ex.c **** 
 126:.//Libraries/STM32H7xx_HAL_Driver/Src/stm32h7xx_hal_ltdc_ex.c ****   return HAL_OK;
 127:.//Libraries/STM32H7xx_HAL_Driver/Src/stm32h7xx_hal_ltdc_ex.c **** }
 150              		.loc 1 127 1 view .LVU42
 151 0004 0020     		movs	r0, #0
 152              	.LVL4:
 119:.//Libraries/STM32H7xx_HAL_Driver/Src/stm32h7xx_hal_ltdc_ex.c **** 
 153              		.loc 1 119 35 view .LVU43
 154 0006 4A69     		ldr	r2, [r1, #20]
 118:.//Libraries/STM32H7xx_HAL_Driver/Src/stm32h7xx_hal_ltdc_ex.c ****   hltdc->Init.VSPolarity = (CmdCfg->VSPolarity == DSI_VSYNC_ACTIVE_HIGH) ? LTDC_VSPOLARITY_AL : LTD
 155              		.loc 1 118 35 view .LVU44
 156 0008 D1E90645 		ldrd	r4, r5, [r1, #24]
 117:.//Libraries/STM32H7xx_HAL_Driver/Src/stm32h7xx_hal_ltdc_ex.c ****   hltdc->Init.VSPolarity = (CmdCfg->VSPolarity == DSI_VSYNC_ACTIVE_HIGH) ? LTDC_VSPOLARITY_AL : LTD
 157              		.loc 1 117 101 view .LVU45
 158 000c 8542     		cmp	r5, r0
 159 000e 18BF     		it	ne
 160 0010 4FF00055 		movne	r5, #536870912
 118:.//Libraries/STM32H7xx_HAL_Driver/Src/stm32h7xx_hal_ltdc_ex.c ****   hltdc->Init.VSPolarity = (CmdCfg->VSPolarity == DSI_VSYNC_ACTIVE_HIGH) ? LTDC_VSPOLARITY_AL : LTD
 161              		.loc 1 118 95 view .LVU46
 162 0014 8442     		cmp	r4, r0
 163 0016 18BF     		it	ne
 164 0018 4FF08044 		movne	r4, #1073741824
 119:.//Libraries/STM32H7xx_HAL_Driver/Src/stm32h7xx_hal_ltdc_ex.c **** 
 165              		.loc 1 119 95 view .LVU47
 166 001c 8242     		cmp	r2, r0
 117:.//Libraries/STM32H7xx_HAL_Driver/Src/stm32h7xx_hal_ltdc_ex.c ****   hltdc->Init.VSPolarity = (CmdCfg->VSPolarity == DSI_VSYNC_ACTIVE_HIGH) ? LTDC_VSPOLARITY_AL : LTD
 167              		.loc 1 117 26 view .LVU48
 168 001e DD60     		str	r5, [r3, #12]
 118:.//Libraries/STM32H7xx_HAL_Driver/Src/stm32h7xx_hal_ltdc_ex.c ****   hltdc->Init.VSPolarity = (CmdCfg->VSPolarity == DSI_VSYNC_ACTIVE_HIGH) ? LTDC_VSPOLARITY_AL : LTD
 169              		.loc 1 118 3 is_stmt 1 view .LVU49
 119:.//Libraries/STM32H7xx_HAL_Driver/Src/stm32h7xx_hal_ltdc_ex.c **** 
 170              		.loc 1 119 95 is_stmt 0 view .LVU50
 171 0020 18BF     		it	ne
 172 0022 4FF00042 		movne	r2, #-2147483648
 119:.//Libraries/STM32H7xx_HAL_Driver/Src/stm32h7xx_hal_ltdc_ex.c **** 
 173              		.loc 1 119 26 view .LVU51
ARM GAS  /var/folders/wl/rshn8xbx1dsfj1zgryf4g1240000gn/T//ccwB8qsj.s 			page 7


 174 0026 C3E90124 		strd	r2, r4, [r3, #4]
 126:.//Libraries/STM32H7xx_HAL_Driver/Src/stm32h7xx_hal_ltdc_ex.c **** }
 175              		.loc 1 126 3 is_stmt 1 view .LVU52
 176              		.loc 1 127 1 is_stmt 0 view .LVU53
 177 002a 30BC     		pop	{r4, r5}
 178              	.LCFI3:
 179              		.cfi_restore 5
 180              		.cfi_restore 4
 181              		.cfi_def_cfa_offset 0
 182 002c 7047     		bx	lr
 183              		.cfi_endproc
 184              	.LFE145:
 186 002e 00BF     		.text
 187              	.Letext0:
 188              		.file 2 "/opt/homebrew/Cellar/arm-none-eabi-gcc/9-2019-q4-major/gcc/arm-none-eabi/include/machine/
 189              		.file 3 "/opt/homebrew/Cellar/arm-none-eabi-gcc/9-2019-q4-major/gcc/arm-none-eabi/include/sys/_std
 190              		.file 4 ".//Libraries/CMSIS/Core/Include/core_cm7.h"
 191              		.file 5 ".//Libraries/CMSIS/Device/ST/STM32H7xx/Include/system_stm32h7xx.h"
 192              		.file 6 ".//Libraries/CMSIS/Device/ST/STM32H7xx/Include/stm32h747xx.h"
 193              		.file 7 "/opt/homebrew/Cellar/arm-none-eabi-gcc/9-2019-q4-major/gcc/arm-none-eabi/include/sys/lock
 194              		.file 8 "/opt/homebrew/Cellar/arm-none-eabi-gcc/9-2019-q4-major/gcc/arm-none-eabi/include/sys/_typ
 195              		.file 9 "/opt/homebrew/Cellar/arm-none-eabi-gcc/9-2019-q4-major/gcc/lib/gcc/arm-none-eabi/9.2.1/in
 196              		.file 10 "/opt/homebrew/Cellar/arm-none-eabi-gcc/9-2019-q4-major/gcc/arm-none-eabi/include/sys/ree
 197              		.file 11 "/opt/homebrew/Cellar/arm-none-eabi-gcc/9-2019-q4-major/gcc/arm-none-eabi/include/math.h"
 198              		.file 12 ".//Libraries/STM32H7xx_HAL_Driver/Inc/stm32h7xx_hal_def.h"
 199              		.file 13 ".//Libraries/STM32H7xx_HAL_Driver/Inc/stm32h7xx_hal_dsi.h"
 200              		.file 14 ".//Libraries/STM32H7xx_HAL_Driver/Inc/stm32h7xx_hal_flash.h"
 201              		.file 15 ".//Libraries/STM32H7xx_HAL_Driver/Inc/stm32h7xx_hal_ltdc.h"
 202              		.file 16 ".//Libraries/STM32H7xx_HAL_Driver/Inc/stm32h7xx_hal_uart.h"
 203              		.file 17 ".//Libraries/STM32H7xx_HAL_Driver/Inc/stm32h7xx_hal.h"
ARM GAS  /var/folders/wl/rshn8xbx1dsfj1zgryf4g1240000gn/T//ccwB8qsj.s 			page 8


DEFINED SYMBOLS
                            *ABS*:0000000000000000 stm32h7xx_hal_ltdc_ex.c
/var/folders/wl/rshn8xbx1dsfj1zgryf4g1240000gn/T//ccwB8qsj.s:17     .text.HAL_LTDCEx_StructInitFromVideoConfig:0000000000000000 $t
/var/folders/wl/rshn8xbx1dsfj1zgryf4g1240000gn/T//ccwB8qsj.s:26     .text.HAL_LTDCEx_StructInitFromVideoConfig:0000000000000000 HAL_LTDCEx_StructInitFromVideoConfig
/var/folders/wl/rshn8xbx1dsfj1zgryf4g1240000gn/T//ccwB8qsj.s:125    .text.HAL_LTDCEx_StructInitFromAdaptedCommandConfig:0000000000000000 $t
/var/folders/wl/rshn8xbx1dsfj1zgryf4g1240000gn/T//ccwB8qsj.s:133    .text.HAL_LTDCEx_StructInitFromAdaptedCommandConfig:0000000000000000 HAL_LTDCEx_StructInitFromAdaptedCommandConfig

NO UNDEFINED SYMBOLS
