ARM GAS  /tmp/cc1yteXS.s 			page 1


   1              		.cpu cortex-m7
   2              		.eabi_attribute 28, 1
   3              		.eabi_attribute 20, 1
   4              		.eabi_attribute 21, 1
   5              		.eabi_attribute 23, 3
   6              		.eabi_attribute 24, 1
   7              		.eabi_attribute 25, 1
   8              		.eabi_attribute 26, 1
   9              		.eabi_attribute 30, 6
  10              		.eabi_attribute 34, 1
  11              		.eabi_attribute 18, 4
  12              		.file	"usbh_ioreq.c"
  13              		.text
  14              	.Ltext0:
  15              		.cfi_sections	.debug_frame
  16              		.section	.text.USBH_CtlSendSetup,"ax",%progbits
  17              		.align	1
  18              		.global	USBH_CtlSendSetup
  19              		.arch armv7e-m
  20              		.syntax unified
  21              		.thumb
  22              		.thumb_func
  23              		.fpu fpv5-d16
  25              	USBH_CtlSendSetup:
  26              	.LFB338:
  27              		.file 1 "./Libraries/STM32_USB_Host_Library/Core/Src/usbh_ioreq.c"
   1:./Libraries/STM32_USB_Host_Library/Core/Src/usbh_ioreq.c **** /**
   2:./Libraries/STM32_USB_Host_Library/Core/Src/usbh_ioreq.c ****   ******************************************************************************
   3:./Libraries/STM32_USB_Host_Library/Core/Src/usbh_ioreq.c ****   * @file    usbh_ioreq.c
   4:./Libraries/STM32_USB_Host_Library/Core/Src/usbh_ioreq.c ****   * @author  MCD Application Team
   5:./Libraries/STM32_USB_Host_Library/Core/Src/usbh_ioreq.c ****   * @brief   This file handles the issuing of the USB transactions
   6:./Libraries/STM32_USB_Host_Library/Core/Src/usbh_ioreq.c ****   ******************************************************************************
   7:./Libraries/STM32_USB_Host_Library/Core/Src/usbh_ioreq.c ****   * @attention
   8:./Libraries/STM32_USB_Host_Library/Core/Src/usbh_ioreq.c ****   *
   9:./Libraries/STM32_USB_Host_Library/Core/Src/usbh_ioreq.c ****   * <h2><center>&copy; Copyright (c) 2015 STMicroelectronics.
  10:./Libraries/STM32_USB_Host_Library/Core/Src/usbh_ioreq.c ****   * All rights reserved.</center></h2>
  11:./Libraries/STM32_USB_Host_Library/Core/Src/usbh_ioreq.c ****   *
  12:./Libraries/STM32_USB_Host_Library/Core/Src/usbh_ioreq.c ****   * This software component is licensed by ST under Ultimate Liberty license
  13:./Libraries/STM32_USB_Host_Library/Core/Src/usbh_ioreq.c ****   * SLA0044, the "License"; You may not use this file except in compliance with
  14:./Libraries/STM32_USB_Host_Library/Core/Src/usbh_ioreq.c ****   * the License. You may obtain a copy of the License at:
  15:./Libraries/STM32_USB_Host_Library/Core/Src/usbh_ioreq.c ****   *                      www.st.com/SLA0044
  16:./Libraries/STM32_USB_Host_Library/Core/Src/usbh_ioreq.c ****   *
  17:./Libraries/STM32_USB_Host_Library/Core/Src/usbh_ioreq.c ****   ******************************************************************************
  18:./Libraries/STM32_USB_Host_Library/Core/Src/usbh_ioreq.c ****   */
  19:./Libraries/STM32_USB_Host_Library/Core/Src/usbh_ioreq.c **** 
  20:./Libraries/STM32_USB_Host_Library/Core/Src/usbh_ioreq.c **** /* Includes ------------------------------------------------------------------*/
  21:./Libraries/STM32_USB_Host_Library/Core/Src/usbh_ioreq.c **** #include "usbh_ioreq.h"
  22:./Libraries/STM32_USB_Host_Library/Core/Src/usbh_ioreq.c **** 
  23:./Libraries/STM32_USB_Host_Library/Core/Src/usbh_ioreq.c **** /** @addtogroup USBH_LIB
  24:./Libraries/STM32_USB_Host_Library/Core/Src/usbh_ioreq.c ****   * @{
  25:./Libraries/STM32_USB_Host_Library/Core/Src/usbh_ioreq.c ****   */
  26:./Libraries/STM32_USB_Host_Library/Core/Src/usbh_ioreq.c **** 
  27:./Libraries/STM32_USB_Host_Library/Core/Src/usbh_ioreq.c **** /** @addtogroup USBH_LIB_CORE
  28:./Libraries/STM32_USB_Host_Library/Core/Src/usbh_ioreq.c **** * @{
  29:./Libraries/STM32_USB_Host_Library/Core/Src/usbh_ioreq.c **** */
  30:./Libraries/STM32_USB_Host_Library/Core/Src/usbh_ioreq.c **** 
  31:./Libraries/STM32_USB_Host_Library/Core/Src/usbh_ioreq.c **** /** @defgroup USBH_IOREQ
ARM GAS  /tmp/cc1yteXS.s 			page 2


  32:./Libraries/STM32_USB_Host_Library/Core/Src/usbh_ioreq.c ****   * @brief This file handles the standard protocol processing (USB v2.0)
  33:./Libraries/STM32_USB_Host_Library/Core/Src/usbh_ioreq.c ****   * @{
  34:./Libraries/STM32_USB_Host_Library/Core/Src/usbh_ioreq.c ****   */
  35:./Libraries/STM32_USB_Host_Library/Core/Src/usbh_ioreq.c **** 
  36:./Libraries/STM32_USB_Host_Library/Core/Src/usbh_ioreq.c **** 
  37:./Libraries/STM32_USB_Host_Library/Core/Src/usbh_ioreq.c **** /** @defgroup USBH_IOREQ_Private_Defines
  38:./Libraries/STM32_USB_Host_Library/Core/Src/usbh_ioreq.c ****   * @{
  39:./Libraries/STM32_USB_Host_Library/Core/Src/usbh_ioreq.c ****   */
  40:./Libraries/STM32_USB_Host_Library/Core/Src/usbh_ioreq.c **** 
  41:./Libraries/STM32_USB_Host_Library/Core/Src/usbh_ioreq.c **** /**
  42:./Libraries/STM32_USB_Host_Library/Core/Src/usbh_ioreq.c ****   * @}
  43:./Libraries/STM32_USB_Host_Library/Core/Src/usbh_ioreq.c ****   */
  44:./Libraries/STM32_USB_Host_Library/Core/Src/usbh_ioreq.c **** 
  45:./Libraries/STM32_USB_Host_Library/Core/Src/usbh_ioreq.c **** 
  46:./Libraries/STM32_USB_Host_Library/Core/Src/usbh_ioreq.c **** /** @defgroup USBH_IOREQ_Private_TypesDefinitions
  47:./Libraries/STM32_USB_Host_Library/Core/Src/usbh_ioreq.c ****   * @{
  48:./Libraries/STM32_USB_Host_Library/Core/Src/usbh_ioreq.c ****   */
  49:./Libraries/STM32_USB_Host_Library/Core/Src/usbh_ioreq.c **** /**
  50:./Libraries/STM32_USB_Host_Library/Core/Src/usbh_ioreq.c ****   * @}
  51:./Libraries/STM32_USB_Host_Library/Core/Src/usbh_ioreq.c ****   */
  52:./Libraries/STM32_USB_Host_Library/Core/Src/usbh_ioreq.c **** 
  53:./Libraries/STM32_USB_Host_Library/Core/Src/usbh_ioreq.c **** 
  54:./Libraries/STM32_USB_Host_Library/Core/Src/usbh_ioreq.c **** 
  55:./Libraries/STM32_USB_Host_Library/Core/Src/usbh_ioreq.c **** /** @defgroup USBH_IOREQ_Private_Macros
  56:./Libraries/STM32_USB_Host_Library/Core/Src/usbh_ioreq.c ****   * @{
  57:./Libraries/STM32_USB_Host_Library/Core/Src/usbh_ioreq.c ****   */
  58:./Libraries/STM32_USB_Host_Library/Core/Src/usbh_ioreq.c **** /**
  59:./Libraries/STM32_USB_Host_Library/Core/Src/usbh_ioreq.c ****   * @}
  60:./Libraries/STM32_USB_Host_Library/Core/Src/usbh_ioreq.c ****   */
  61:./Libraries/STM32_USB_Host_Library/Core/Src/usbh_ioreq.c **** 
  62:./Libraries/STM32_USB_Host_Library/Core/Src/usbh_ioreq.c **** 
  63:./Libraries/STM32_USB_Host_Library/Core/Src/usbh_ioreq.c **** /** @defgroup USBH_IOREQ_Private_Variables
  64:./Libraries/STM32_USB_Host_Library/Core/Src/usbh_ioreq.c ****   * @{
  65:./Libraries/STM32_USB_Host_Library/Core/Src/usbh_ioreq.c ****   */
  66:./Libraries/STM32_USB_Host_Library/Core/Src/usbh_ioreq.c **** /**
  67:./Libraries/STM32_USB_Host_Library/Core/Src/usbh_ioreq.c ****   * @}
  68:./Libraries/STM32_USB_Host_Library/Core/Src/usbh_ioreq.c ****   */
  69:./Libraries/STM32_USB_Host_Library/Core/Src/usbh_ioreq.c **** /** @defgroup USBH_IOREQ_Private_FunctionPrototypes
  70:./Libraries/STM32_USB_Host_Library/Core/Src/usbh_ioreq.c ****   * @{
  71:./Libraries/STM32_USB_Host_Library/Core/Src/usbh_ioreq.c ****   */
  72:./Libraries/STM32_USB_Host_Library/Core/Src/usbh_ioreq.c **** 
  73:./Libraries/STM32_USB_Host_Library/Core/Src/usbh_ioreq.c **** /**
  74:./Libraries/STM32_USB_Host_Library/Core/Src/usbh_ioreq.c ****   * @}
  75:./Libraries/STM32_USB_Host_Library/Core/Src/usbh_ioreq.c ****   */
  76:./Libraries/STM32_USB_Host_Library/Core/Src/usbh_ioreq.c **** 
  77:./Libraries/STM32_USB_Host_Library/Core/Src/usbh_ioreq.c **** 
  78:./Libraries/STM32_USB_Host_Library/Core/Src/usbh_ioreq.c **** /** @defgroup USBH_IOREQ_Private_Functions
  79:./Libraries/STM32_USB_Host_Library/Core/Src/usbh_ioreq.c ****   * @{
  80:./Libraries/STM32_USB_Host_Library/Core/Src/usbh_ioreq.c ****   */
  81:./Libraries/STM32_USB_Host_Library/Core/Src/usbh_ioreq.c **** 
  82:./Libraries/STM32_USB_Host_Library/Core/Src/usbh_ioreq.c **** 
  83:./Libraries/STM32_USB_Host_Library/Core/Src/usbh_ioreq.c **** 
  84:./Libraries/STM32_USB_Host_Library/Core/Src/usbh_ioreq.c **** /**
  85:./Libraries/STM32_USB_Host_Library/Core/Src/usbh_ioreq.c ****   * @brief  USBH_CtlSendSetup
  86:./Libraries/STM32_USB_Host_Library/Core/Src/usbh_ioreq.c ****   *         Sends the Setup Packet to the Device
  87:./Libraries/STM32_USB_Host_Library/Core/Src/usbh_ioreq.c ****   * @param  phost: Host Handle
  88:./Libraries/STM32_USB_Host_Library/Core/Src/usbh_ioreq.c ****   * @param  buff: Buffer pointer from which the Data will be send to Device
ARM GAS  /tmp/cc1yteXS.s 			page 3


  89:./Libraries/STM32_USB_Host_Library/Core/Src/usbh_ioreq.c ****   * @param  pipe_num: Pipe Number
  90:./Libraries/STM32_USB_Host_Library/Core/Src/usbh_ioreq.c ****   * @retval USBH Status
  91:./Libraries/STM32_USB_Host_Library/Core/Src/usbh_ioreq.c ****   */
  92:./Libraries/STM32_USB_Host_Library/Core/Src/usbh_ioreq.c **** USBH_StatusTypeDef USBH_CtlSendSetup(USBH_HandleTypeDef *phost,
  93:./Libraries/STM32_USB_Host_Library/Core/Src/usbh_ioreq.c ****                                      uint8_t *buff,
  94:./Libraries/STM32_USB_Host_Library/Core/Src/usbh_ioreq.c ****                                      uint8_t pipe_num)
  95:./Libraries/STM32_USB_Host_Library/Core/Src/usbh_ioreq.c **** {
  28              		.loc 1 95 1
  29              		.cfi_startproc
  30              		@ args = 0, pretend = 0, frame = 16
  31              		@ frame_needed = 1, uses_anonymous_args = 0
  32 0000 80B5     		push	{r7, lr}
  33              	.LCFI0:
  34              		.cfi_def_cfa_offset 8
  35              		.cfi_offset 7, -8
  36              		.cfi_offset 14, -4
  37 0002 88B0     		sub	sp, sp, #32
  38              	.LCFI1:
  39              		.cfi_def_cfa_offset 40
  40 0004 04AF     		add	r7, sp, #16
  41              	.LCFI2:
  42              		.cfi_def_cfa 7, 24
  43 0006 F860     		str	r0, [r7, #12]
  44 0008 B960     		str	r1, [r7, #8]
  45 000a 1346     		mov	r3, r2
  46 000c FB71     		strb	r3, [r7, #7]
  96:./Libraries/STM32_USB_Host_Library/Core/Src/usbh_ioreq.c **** 
  97:./Libraries/STM32_USB_Host_Library/Core/Src/usbh_ioreq.c ****   USBH_LL_SubmitURB(phost,                      /* Driver handle    */
  47              		.loc 1 97 3
  48 000e F979     		ldrb	r1, [r7, #7]	@ zero_extendqisi2
  49 0010 0023     		movs	r3, #0
  50 0012 0393     		str	r3, [sp, #12]
  51 0014 0823     		movs	r3, #8
  52 0016 0293     		str	r3, [sp, #8]
  53 0018 BB68     		ldr	r3, [r7, #8]
  54 001a 0193     		str	r3, [sp, #4]
  55 001c 0023     		movs	r3, #0
  56 001e 0093     		str	r3, [sp]
  57 0020 0023     		movs	r3, #0
  58 0022 0022     		movs	r2, #0
  59 0024 F868     		ldr	r0, [r7, #12]
  60 0026 FFF7FEFF 		bl	USBH_LL_SubmitURB
  98:./Libraries/STM32_USB_Host_Library/Core/Src/usbh_ioreq.c ****                     pipe_num,             /* Pipe index       */
  99:./Libraries/STM32_USB_Host_Library/Core/Src/usbh_ioreq.c ****                     0U,                    /* Direction : OUT  */
 100:./Libraries/STM32_USB_Host_Library/Core/Src/usbh_ioreq.c ****                     USBH_EP_CONTROL,      /* EP type          */
 101:./Libraries/STM32_USB_Host_Library/Core/Src/usbh_ioreq.c ****                     USBH_PID_SETUP,       /* Type setup       */
 102:./Libraries/STM32_USB_Host_Library/Core/Src/usbh_ioreq.c ****                     buff,                 /* data buffer      */
 103:./Libraries/STM32_USB_Host_Library/Core/Src/usbh_ioreq.c ****                     USBH_SETUP_PKT_SIZE,  /* data length      */
 104:./Libraries/STM32_USB_Host_Library/Core/Src/usbh_ioreq.c ****                     0U);
 105:./Libraries/STM32_USB_Host_Library/Core/Src/usbh_ioreq.c ****   return USBH_OK;
  61              		.loc 1 105 10
  62 002a 0023     		movs	r3, #0
 106:./Libraries/STM32_USB_Host_Library/Core/Src/usbh_ioreq.c **** }
  63              		.loc 1 106 1
  64 002c 1846     		mov	r0, r3
  65 002e 1037     		adds	r7, r7, #16
  66              	.LCFI3:
ARM GAS  /tmp/cc1yteXS.s 			page 4


  67              		.cfi_def_cfa_offset 8
  68 0030 BD46     		mov	sp, r7
  69              	.LCFI4:
  70              		.cfi_def_cfa_register 13
  71              		@ sp needed
  72 0032 80BD     		pop	{r7, pc}
  73              		.cfi_endproc
  74              	.LFE338:
  76              		.section	.text.USBH_CtlSendData,"ax",%progbits
  77              		.align	1
  78              		.global	USBH_CtlSendData
  79              		.syntax unified
  80              		.thumb
  81              		.thumb_func
  82              		.fpu fpv5-d16
  84              	USBH_CtlSendData:
  85              	.LFB339:
 107:./Libraries/STM32_USB_Host_Library/Core/Src/usbh_ioreq.c **** 
 108:./Libraries/STM32_USB_Host_Library/Core/Src/usbh_ioreq.c **** 
 109:./Libraries/STM32_USB_Host_Library/Core/Src/usbh_ioreq.c **** /**
 110:./Libraries/STM32_USB_Host_Library/Core/Src/usbh_ioreq.c ****   * @brief  USBH_CtlSendData
 111:./Libraries/STM32_USB_Host_Library/Core/Src/usbh_ioreq.c ****   *         Sends a data Packet to the Device
 112:./Libraries/STM32_USB_Host_Library/Core/Src/usbh_ioreq.c ****   * @param  phost: Host Handle
 113:./Libraries/STM32_USB_Host_Library/Core/Src/usbh_ioreq.c ****   * @param  buff: Buffer pointer from which the Data will be sent to Device
 114:./Libraries/STM32_USB_Host_Library/Core/Src/usbh_ioreq.c ****   * @param  length: Length of the data to be sent
 115:./Libraries/STM32_USB_Host_Library/Core/Src/usbh_ioreq.c ****   * @param  pipe_num: Pipe Number
 116:./Libraries/STM32_USB_Host_Library/Core/Src/usbh_ioreq.c ****   * @retval USBH Status
 117:./Libraries/STM32_USB_Host_Library/Core/Src/usbh_ioreq.c ****   */
 118:./Libraries/STM32_USB_Host_Library/Core/Src/usbh_ioreq.c **** USBH_StatusTypeDef USBH_CtlSendData(USBH_HandleTypeDef *phost,
 119:./Libraries/STM32_USB_Host_Library/Core/Src/usbh_ioreq.c ****                                     uint8_t *buff,
 120:./Libraries/STM32_USB_Host_Library/Core/Src/usbh_ioreq.c ****                                     uint16_t length,
 121:./Libraries/STM32_USB_Host_Library/Core/Src/usbh_ioreq.c ****                                     uint8_t pipe_num,
 122:./Libraries/STM32_USB_Host_Library/Core/Src/usbh_ioreq.c ****                                     uint8_t do_ping)
 123:./Libraries/STM32_USB_Host_Library/Core/Src/usbh_ioreq.c **** {
  86              		.loc 1 123 1
  87              		.cfi_startproc
  88              		@ args = 4, pretend = 0, frame = 16
  89              		@ frame_needed = 1, uses_anonymous_args = 0
  90 0000 80B5     		push	{r7, lr}
  91              	.LCFI5:
  92              		.cfi_def_cfa_offset 8
  93              		.cfi_offset 7, -8
  94              		.cfi_offset 14, -4
  95 0002 88B0     		sub	sp, sp, #32
  96              	.LCFI6:
  97              		.cfi_def_cfa_offset 40
  98 0004 04AF     		add	r7, sp, #16
  99              	.LCFI7:
 100              		.cfi_def_cfa 7, 24
 101 0006 F860     		str	r0, [r7, #12]
 102 0008 B960     		str	r1, [r7, #8]
 103 000a 1146     		mov	r1, r2
 104 000c 1A46     		mov	r2, r3
 105 000e 0B46     		mov	r3, r1	@ movhi
 106 0010 FB80     		strh	r3, [r7, #6]	@ movhi
 107 0012 1346     		mov	r3, r2
 108 0014 7B71     		strb	r3, [r7, #5]
ARM GAS  /tmp/cc1yteXS.s 			page 5


 124:./Libraries/STM32_USB_Host_Library/Core/Src/usbh_ioreq.c ****   if (phost->device.speed != USBH_SPEED_HIGH)
 109              		.loc 1 124 20
 110 0016 FB68     		ldr	r3, [r7, #12]
 111 0018 93F81D34 		ldrb	r3, [r3, #1053]	@ zero_extendqisi2
 112              		.loc 1 124 6
 113 001c 002B     		cmp	r3, #0
 114 001e 01D0     		beq	.L4
 125:./Libraries/STM32_USB_Host_Library/Core/Src/usbh_ioreq.c ****   {
 126:./Libraries/STM32_USB_Host_Library/Core/Src/usbh_ioreq.c ****     do_ping = 0U;
 115              		.loc 1 126 13
 116 0020 0023     		movs	r3, #0
 117 0022 3B76     		strb	r3, [r7, #24]
 118              	.L4:
 127:./Libraries/STM32_USB_Host_Library/Core/Src/usbh_ioreq.c ****   }
 128:./Libraries/STM32_USB_Host_Library/Core/Src/usbh_ioreq.c **** 
 129:./Libraries/STM32_USB_Host_Library/Core/Src/usbh_ioreq.c ****   USBH_LL_SubmitURB(phost,                      /* Driver handle    */
 119              		.loc 1 129 3
 120 0024 7979     		ldrb	r1, [r7, #5]	@ zero_extendqisi2
 121 0026 3B7E     		ldrb	r3, [r7, #24]	@ zero_extendqisi2
 122 0028 0393     		str	r3, [sp, #12]
 123 002a FB88     		ldrh	r3, [r7, #6]
 124 002c 0293     		str	r3, [sp, #8]
 125 002e BB68     		ldr	r3, [r7, #8]
 126 0030 0193     		str	r3, [sp, #4]
 127 0032 0123     		movs	r3, #1
 128 0034 0093     		str	r3, [sp]
 129 0036 0023     		movs	r3, #0
 130 0038 0022     		movs	r2, #0
 131 003a F868     		ldr	r0, [r7, #12]
 132 003c FFF7FEFF 		bl	USBH_LL_SubmitURB
 130:./Libraries/STM32_USB_Host_Library/Core/Src/usbh_ioreq.c ****                     pipe_num,             /* Pipe index       */
 131:./Libraries/STM32_USB_Host_Library/Core/Src/usbh_ioreq.c ****                     0U,                   /* Direction : OUT  */
 132:./Libraries/STM32_USB_Host_Library/Core/Src/usbh_ioreq.c ****                     USBH_EP_CONTROL,      /* EP type          */
 133:./Libraries/STM32_USB_Host_Library/Core/Src/usbh_ioreq.c ****                     USBH_PID_DATA,        /* Type Data        */
 134:./Libraries/STM32_USB_Host_Library/Core/Src/usbh_ioreq.c ****                     buff,                 /* data buffer      */
 135:./Libraries/STM32_USB_Host_Library/Core/Src/usbh_ioreq.c ****                     length,               /* data length      */
 136:./Libraries/STM32_USB_Host_Library/Core/Src/usbh_ioreq.c ****                     do_ping);             /* do ping (HS Only)*/
 137:./Libraries/STM32_USB_Host_Library/Core/Src/usbh_ioreq.c **** 
 138:./Libraries/STM32_USB_Host_Library/Core/Src/usbh_ioreq.c ****   return USBH_OK;
 133              		.loc 1 138 10
 134 0040 0023     		movs	r3, #0
 139:./Libraries/STM32_USB_Host_Library/Core/Src/usbh_ioreq.c **** }
 135              		.loc 1 139 1
 136 0042 1846     		mov	r0, r3
 137 0044 1037     		adds	r7, r7, #16
 138              	.LCFI8:
 139              		.cfi_def_cfa_offset 8
 140 0046 BD46     		mov	sp, r7
 141              	.LCFI9:
 142              		.cfi_def_cfa_register 13
 143              		@ sp needed
 144 0048 80BD     		pop	{r7, pc}
 145              		.cfi_endproc
 146              	.LFE339:
 148              		.section	.text.USBH_CtlReceiveData,"ax",%progbits
 149              		.align	1
 150              		.global	USBH_CtlReceiveData
ARM GAS  /tmp/cc1yteXS.s 			page 6


 151              		.syntax unified
 152              		.thumb
 153              		.thumb_func
 154              		.fpu fpv5-d16
 156              	USBH_CtlReceiveData:
 157              	.LFB340:
 140:./Libraries/STM32_USB_Host_Library/Core/Src/usbh_ioreq.c **** 
 141:./Libraries/STM32_USB_Host_Library/Core/Src/usbh_ioreq.c **** 
 142:./Libraries/STM32_USB_Host_Library/Core/Src/usbh_ioreq.c **** /**
 143:./Libraries/STM32_USB_Host_Library/Core/Src/usbh_ioreq.c ****   * @brief  USBH_CtlReceiveData
 144:./Libraries/STM32_USB_Host_Library/Core/Src/usbh_ioreq.c ****   *         Receives the Device Response to the Setup Packet
 145:./Libraries/STM32_USB_Host_Library/Core/Src/usbh_ioreq.c ****   * @param  phost: Host Handle
 146:./Libraries/STM32_USB_Host_Library/Core/Src/usbh_ioreq.c ****   * @param  buff: Buffer pointer in which the response needs to be copied
 147:./Libraries/STM32_USB_Host_Library/Core/Src/usbh_ioreq.c ****   * @param  length: Length of the data to be received
 148:./Libraries/STM32_USB_Host_Library/Core/Src/usbh_ioreq.c ****   * @param  pipe_num: Pipe Number
 149:./Libraries/STM32_USB_Host_Library/Core/Src/usbh_ioreq.c ****   * @retval USBH Status.
 150:./Libraries/STM32_USB_Host_Library/Core/Src/usbh_ioreq.c ****   */
 151:./Libraries/STM32_USB_Host_Library/Core/Src/usbh_ioreq.c **** USBH_StatusTypeDef USBH_CtlReceiveData(USBH_HandleTypeDef *phost,
 152:./Libraries/STM32_USB_Host_Library/Core/Src/usbh_ioreq.c ****                                        uint8_t *buff,
 153:./Libraries/STM32_USB_Host_Library/Core/Src/usbh_ioreq.c ****                                        uint16_t length,
 154:./Libraries/STM32_USB_Host_Library/Core/Src/usbh_ioreq.c ****                                        uint8_t pipe_num)
 155:./Libraries/STM32_USB_Host_Library/Core/Src/usbh_ioreq.c **** {
 158              		.loc 1 155 1
 159              		.cfi_startproc
 160              		@ args = 0, pretend = 0, frame = 16
 161              		@ frame_needed = 1, uses_anonymous_args = 0
 162 0000 80B5     		push	{r7, lr}
 163              	.LCFI10:
 164              		.cfi_def_cfa_offset 8
 165              		.cfi_offset 7, -8
 166              		.cfi_offset 14, -4
 167 0002 88B0     		sub	sp, sp, #32
 168              	.LCFI11:
 169              		.cfi_def_cfa_offset 40
 170 0004 04AF     		add	r7, sp, #16
 171              	.LCFI12:
 172              		.cfi_def_cfa 7, 24
 173 0006 F860     		str	r0, [r7, #12]
 174 0008 B960     		str	r1, [r7, #8]
 175 000a 1146     		mov	r1, r2
 176 000c 1A46     		mov	r2, r3
 177 000e 0B46     		mov	r3, r1	@ movhi
 178 0010 FB80     		strh	r3, [r7, #6]	@ movhi
 179 0012 1346     		mov	r3, r2
 180 0014 7B71     		strb	r3, [r7, #5]
 156:./Libraries/STM32_USB_Host_Library/Core/Src/usbh_ioreq.c ****   USBH_LL_SubmitURB(phost,                      /* Driver handle    */
 181              		.loc 1 156 3
 182 0016 7979     		ldrb	r1, [r7, #5]	@ zero_extendqisi2
 183 0018 0023     		movs	r3, #0
 184 001a 0393     		str	r3, [sp, #12]
 185 001c FB88     		ldrh	r3, [r7, #6]
 186 001e 0293     		str	r3, [sp, #8]
 187 0020 BB68     		ldr	r3, [r7, #8]
 188 0022 0193     		str	r3, [sp, #4]
 189 0024 0123     		movs	r3, #1
 190 0026 0093     		str	r3, [sp]
 191 0028 0023     		movs	r3, #0
ARM GAS  /tmp/cc1yteXS.s 			page 7


 192 002a 0122     		movs	r2, #1
 193 002c F868     		ldr	r0, [r7, #12]
 194 002e FFF7FEFF 		bl	USBH_LL_SubmitURB
 157:./Libraries/STM32_USB_Host_Library/Core/Src/usbh_ioreq.c ****                     pipe_num,             /* Pipe index       */
 158:./Libraries/STM32_USB_Host_Library/Core/Src/usbh_ioreq.c ****                     1U,                    /* Direction : IN   */
 159:./Libraries/STM32_USB_Host_Library/Core/Src/usbh_ioreq.c ****                     USBH_EP_CONTROL,      /* EP type          */
 160:./Libraries/STM32_USB_Host_Library/Core/Src/usbh_ioreq.c ****                     USBH_PID_DATA,        /* Type Data        */
 161:./Libraries/STM32_USB_Host_Library/Core/Src/usbh_ioreq.c ****                     buff,                 /* data buffer      */
 162:./Libraries/STM32_USB_Host_Library/Core/Src/usbh_ioreq.c ****                     length,               /* data length      */
 163:./Libraries/STM32_USB_Host_Library/Core/Src/usbh_ioreq.c ****                     0U);
 164:./Libraries/STM32_USB_Host_Library/Core/Src/usbh_ioreq.c ****   return USBH_OK;
 195              		.loc 1 164 10
 196 0032 0023     		movs	r3, #0
 165:./Libraries/STM32_USB_Host_Library/Core/Src/usbh_ioreq.c **** 
 166:./Libraries/STM32_USB_Host_Library/Core/Src/usbh_ioreq.c **** }
 197              		.loc 1 166 1
 198 0034 1846     		mov	r0, r3
 199 0036 1037     		adds	r7, r7, #16
 200              	.LCFI13:
 201              		.cfi_def_cfa_offset 8
 202 0038 BD46     		mov	sp, r7
 203              	.LCFI14:
 204              		.cfi_def_cfa_register 13
 205              		@ sp needed
 206 003a 80BD     		pop	{r7, pc}
 207              		.cfi_endproc
 208              	.LFE340:
 210              		.section	.text.USBH_BulkSendData,"ax",%progbits
 211              		.align	1
 212              		.global	USBH_BulkSendData
 213              		.syntax unified
 214              		.thumb
 215              		.thumb_func
 216              		.fpu fpv5-d16
 218              	USBH_BulkSendData:
 219              	.LFB341:
 167:./Libraries/STM32_USB_Host_Library/Core/Src/usbh_ioreq.c **** 
 168:./Libraries/STM32_USB_Host_Library/Core/Src/usbh_ioreq.c **** 
 169:./Libraries/STM32_USB_Host_Library/Core/Src/usbh_ioreq.c **** /**
 170:./Libraries/STM32_USB_Host_Library/Core/Src/usbh_ioreq.c ****   * @brief  USBH_BulkSendData
 171:./Libraries/STM32_USB_Host_Library/Core/Src/usbh_ioreq.c ****   *         Sends the Bulk Packet to the device
 172:./Libraries/STM32_USB_Host_Library/Core/Src/usbh_ioreq.c ****   * @param  phost: Host Handle
 173:./Libraries/STM32_USB_Host_Library/Core/Src/usbh_ioreq.c ****   * @param  buff: Buffer pointer from which the Data will be sent to Device
 174:./Libraries/STM32_USB_Host_Library/Core/Src/usbh_ioreq.c ****   * @param  length: Length of the data to be sent
 175:./Libraries/STM32_USB_Host_Library/Core/Src/usbh_ioreq.c ****   * @param  pipe_num: Pipe Number
 176:./Libraries/STM32_USB_Host_Library/Core/Src/usbh_ioreq.c ****   * @retval USBH Status
 177:./Libraries/STM32_USB_Host_Library/Core/Src/usbh_ioreq.c ****   */
 178:./Libraries/STM32_USB_Host_Library/Core/Src/usbh_ioreq.c **** USBH_StatusTypeDef USBH_BulkSendData(USBH_HandleTypeDef *phost,
 179:./Libraries/STM32_USB_Host_Library/Core/Src/usbh_ioreq.c ****                                      uint8_t *buff,
 180:./Libraries/STM32_USB_Host_Library/Core/Src/usbh_ioreq.c ****                                      uint16_t length,
 181:./Libraries/STM32_USB_Host_Library/Core/Src/usbh_ioreq.c ****                                      uint8_t pipe_num,
 182:./Libraries/STM32_USB_Host_Library/Core/Src/usbh_ioreq.c ****                                      uint8_t do_ping)
 183:./Libraries/STM32_USB_Host_Library/Core/Src/usbh_ioreq.c **** {
 220              		.loc 1 183 1
 221              		.cfi_startproc
 222              		@ args = 4, pretend = 0, frame = 16
 223              		@ frame_needed = 1, uses_anonymous_args = 0
ARM GAS  /tmp/cc1yteXS.s 			page 8


 224 0000 80B5     		push	{r7, lr}
 225              	.LCFI15:
 226              		.cfi_def_cfa_offset 8
 227              		.cfi_offset 7, -8
 228              		.cfi_offset 14, -4
 229 0002 88B0     		sub	sp, sp, #32
 230              	.LCFI16:
 231              		.cfi_def_cfa_offset 40
 232 0004 04AF     		add	r7, sp, #16
 233              	.LCFI17:
 234              		.cfi_def_cfa 7, 24
 235 0006 F860     		str	r0, [r7, #12]
 236 0008 B960     		str	r1, [r7, #8]
 237 000a 1146     		mov	r1, r2
 238 000c 1A46     		mov	r2, r3
 239 000e 0B46     		mov	r3, r1	@ movhi
 240 0010 FB80     		strh	r3, [r7, #6]	@ movhi
 241 0012 1346     		mov	r3, r2
 242 0014 7B71     		strb	r3, [r7, #5]
 184:./Libraries/STM32_USB_Host_Library/Core/Src/usbh_ioreq.c ****   if (phost->device.speed != USBH_SPEED_HIGH)
 243              		.loc 1 184 20
 244 0016 FB68     		ldr	r3, [r7, #12]
 245 0018 93F81D34 		ldrb	r3, [r3, #1053]	@ zero_extendqisi2
 246              		.loc 1 184 6
 247 001c 002B     		cmp	r3, #0
 248 001e 01D0     		beq	.L9
 185:./Libraries/STM32_USB_Host_Library/Core/Src/usbh_ioreq.c ****   {
 186:./Libraries/STM32_USB_Host_Library/Core/Src/usbh_ioreq.c ****     do_ping = 0U;
 249              		.loc 1 186 13
 250 0020 0023     		movs	r3, #0
 251 0022 3B76     		strb	r3, [r7, #24]
 252              	.L9:
 187:./Libraries/STM32_USB_Host_Library/Core/Src/usbh_ioreq.c ****   }
 188:./Libraries/STM32_USB_Host_Library/Core/Src/usbh_ioreq.c **** 
 189:./Libraries/STM32_USB_Host_Library/Core/Src/usbh_ioreq.c ****   USBH_LL_SubmitURB(phost,                      /* Driver handle    */
 253              		.loc 1 189 3
 254 0024 7979     		ldrb	r1, [r7, #5]	@ zero_extendqisi2
 255 0026 3B7E     		ldrb	r3, [r7, #24]	@ zero_extendqisi2
 256 0028 0393     		str	r3, [sp, #12]
 257 002a FB88     		ldrh	r3, [r7, #6]
 258 002c 0293     		str	r3, [sp, #8]
 259 002e BB68     		ldr	r3, [r7, #8]
 260 0030 0193     		str	r3, [sp, #4]
 261 0032 0123     		movs	r3, #1
 262 0034 0093     		str	r3, [sp]
 263 0036 0223     		movs	r3, #2
 264 0038 0022     		movs	r2, #0
 265 003a F868     		ldr	r0, [r7, #12]
 266 003c FFF7FEFF 		bl	USBH_LL_SubmitURB
 190:./Libraries/STM32_USB_Host_Library/Core/Src/usbh_ioreq.c ****                     pipe_num,             /* Pipe index       */
 191:./Libraries/STM32_USB_Host_Library/Core/Src/usbh_ioreq.c ****                     0U,                    /* Direction : IN   */
 192:./Libraries/STM32_USB_Host_Library/Core/Src/usbh_ioreq.c ****                     USBH_EP_BULK,         /* EP type          */
 193:./Libraries/STM32_USB_Host_Library/Core/Src/usbh_ioreq.c ****                     USBH_PID_DATA,        /* Type Data        */
 194:./Libraries/STM32_USB_Host_Library/Core/Src/usbh_ioreq.c ****                     buff,                 /* data buffer      */
 195:./Libraries/STM32_USB_Host_Library/Core/Src/usbh_ioreq.c ****                     length,               /* data length      */
 196:./Libraries/STM32_USB_Host_Library/Core/Src/usbh_ioreq.c ****                     do_ping);             /* do ping (HS Only)*/
 197:./Libraries/STM32_USB_Host_Library/Core/Src/usbh_ioreq.c ****   return USBH_OK;
ARM GAS  /tmp/cc1yteXS.s 			page 9


 267              		.loc 1 197 10
 268 0040 0023     		movs	r3, #0
 198:./Libraries/STM32_USB_Host_Library/Core/Src/usbh_ioreq.c **** }
 269              		.loc 1 198 1
 270 0042 1846     		mov	r0, r3
 271 0044 1037     		adds	r7, r7, #16
 272              	.LCFI18:
 273              		.cfi_def_cfa_offset 8
 274 0046 BD46     		mov	sp, r7
 275              	.LCFI19:
 276              		.cfi_def_cfa_register 13
 277              		@ sp needed
 278 0048 80BD     		pop	{r7, pc}
 279              		.cfi_endproc
 280              	.LFE341:
 282              		.section	.text.USBH_BulkReceiveData,"ax",%progbits
 283              		.align	1
 284              		.global	USBH_BulkReceiveData
 285              		.syntax unified
 286              		.thumb
 287              		.thumb_func
 288              		.fpu fpv5-d16
 290              	USBH_BulkReceiveData:
 291              	.LFB342:
 199:./Libraries/STM32_USB_Host_Library/Core/Src/usbh_ioreq.c **** 
 200:./Libraries/STM32_USB_Host_Library/Core/Src/usbh_ioreq.c **** 
 201:./Libraries/STM32_USB_Host_Library/Core/Src/usbh_ioreq.c **** /**
 202:./Libraries/STM32_USB_Host_Library/Core/Src/usbh_ioreq.c ****   * @brief  USBH_BulkReceiveData
 203:./Libraries/STM32_USB_Host_Library/Core/Src/usbh_ioreq.c ****   *         Receives IN bulk packet from device
 204:./Libraries/STM32_USB_Host_Library/Core/Src/usbh_ioreq.c ****   * @param  phost: Host Handle
 205:./Libraries/STM32_USB_Host_Library/Core/Src/usbh_ioreq.c ****   * @param  buff: Buffer pointer in which the received data packet to be copied
 206:./Libraries/STM32_USB_Host_Library/Core/Src/usbh_ioreq.c ****   * @param  length: Length of the data to be received
 207:./Libraries/STM32_USB_Host_Library/Core/Src/usbh_ioreq.c ****   * @param  pipe_num: Pipe Number
 208:./Libraries/STM32_USB_Host_Library/Core/Src/usbh_ioreq.c ****   * @retval USBH Status.
 209:./Libraries/STM32_USB_Host_Library/Core/Src/usbh_ioreq.c ****   */
 210:./Libraries/STM32_USB_Host_Library/Core/Src/usbh_ioreq.c **** USBH_StatusTypeDef USBH_BulkReceiveData(USBH_HandleTypeDef *phost,
 211:./Libraries/STM32_USB_Host_Library/Core/Src/usbh_ioreq.c ****                                         uint8_t *buff,
 212:./Libraries/STM32_USB_Host_Library/Core/Src/usbh_ioreq.c ****                                         uint16_t length,
 213:./Libraries/STM32_USB_Host_Library/Core/Src/usbh_ioreq.c ****                                         uint8_t pipe_num)
 214:./Libraries/STM32_USB_Host_Library/Core/Src/usbh_ioreq.c **** {
 292              		.loc 1 214 1
 293              		.cfi_startproc
 294              		@ args = 0, pretend = 0, frame = 16
 295              		@ frame_needed = 1, uses_anonymous_args = 0
 296 0000 80B5     		push	{r7, lr}
 297              	.LCFI20:
 298              		.cfi_def_cfa_offset 8
 299              		.cfi_offset 7, -8
 300              		.cfi_offset 14, -4
 301 0002 88B0     		sub	sp, sp, #32
 302              	.LCFI21:
 303              		.cfi_def_cfa_offset 40
 304 0004 04AF     		add	r7, sp, #16
 305              	.LCFI22:
 306              		.cfi_def_cfa 7, 24
 307 0006 F860     		str	r0, [r7, #12]
 308 0008 B960     		str	r1, [r7, #8]
ARM GAS  /tmp/cc1yteXS.s 			page 10


 309 000a 1146     		mov	r1, r2
 310 000c 1A46     		mov	r2, r3
 311 000e 0B46     		mov	r3, r1	@ movhi
 312 0010 FB80     		strh	r3, [r7, #6]	@ movhi
 313 0012 1346     		mov	r3, r2
 314 0014 7B71     		strb	r3, [r7, #5]
 215:./Libraries/STM32_USB_Host_Library/Core/Src/usbh_ioreq.c ****   USBH_LL_SubmitURB(phost,                      /* Driver handle    */
 315              		.loc 1 215 3
 316 0016 7979     		ldrb	r1, [r7, #5]	@ zero_extendqisi2
 317 0018 0023     		movs	r3, #0
 318 001a 0393     		str	r3, [sp, #12]
 319 001c FB88     		ldrh	r3, [r7, #6]
 320 001e 0293     		str	r3, [sp, #8]
 321 0020 BB68     		ldr	r3, [r7, #8]
 322 0022 0193     		str	r3, [sp, #4]
 323 0024 0123     		movs	r3, #1
 324 0026 0093     		str	r3, [sp]
 325 0028 0223     		movs	r3, #2
 326 002a 0122     		movs	r2, #1
 327 002c F868     		ldr	r0, [r7, #12]
 328 002e FFF7FEFF 		bl	USBH_LL_SubmitURB
 216:./Libraries/STM32_USB_Host_Library/Core/Src/usbh_ioreq.c ****                     pipe_num,             /* Pipe index       */
 217:./Libraries/STM32_USB_Host_Library/Core/Src/usbh_ioreq.c ****                     1U,                    /* Direction : IN   */
 218:./Libraries/STM32_USB_Host_Library/Core/Src/usbh_ioreq.c ****                     USBH_EP_BULK,         /* EP type          */
 219:./Libraries/STM32_USB_Host_Library/Core/Src/usbh_ioreq.c ****                     USBH_PID_DATA,        /* Type Data        */
 220:./Libraries/STM32_USB_Host_Library/Core/Src/usbh_ioreq.c ****                     buff,                 /* data buffer      */
 221:./Libraries/STM32_USB_Host_Library/Core/Src/usbh_ioreq.c ****                     length,               /* data length      */
 222:./Libraries/STM32_USB_Host_Library/Core/Src/usbh_ioreq.c ****                     0U);
 223:./Libraries/STM32_USB_Host_Library/Core/Src/usbh_ioreq.c ****   return USBH_OK;
 329              		.loc 1 223 10
 330 0032 0023     		movs	r3, #0
 224:./Libraries/STM32_USB_Host_Library/Core/Src/usbh_ioreq.c **** }
 331              		.loc 1 224 1
 332 0034 1846     		mov	r0, r3
 333 0036 1037     		adds	r7, r7, #16
 334              	.LCFI23:
 335              		.cfi_def_cfa_offset 8
 336 0038 BD46     		mov	sp, r7
 337              	.LCFI24:
 338              		.cfi_def_cfa_register 13
 339              		@ sp needed
 340 003a 80BD     		pop	{r7, pc}
 341              		.cfi_endproc
 342              	.LFE342:
 344              		.section	.text.USBH_InterruptReceiveData,"ax",%progbits
 345              		.align	1
 346              		.global	USBH_InterruptReceiveData
 347              		.syntax unified
 348              		.thumb
 349              		.thumb_func
 350              		.fpu fpv5-d16
 352              	USBH_InterruptReceiveData:
 353              	.LFB343:
 225:./Libraries/STM32_USB_Host_Library/Core/Src/usbh_ioreq.c **** 
 226:./Libraries/STM32_USB_Host_Library/Core/Src/usbh_ioreq.c **** 
 227:./Libraries/STM32_USB_Host_Library/Core/Src/usbh_ioreq.c **** /**
 228:./Libraries/STM32_USB_Host_Library/Core/Src/usbh_ioreq.c ****   * @brief  USBH_InterruptReceiveData
ARM GAS  /tmp/cc1yteXS.s 			page 11


 229:./Libraries/STM32_USB_Host_Library/Core/Src/usbh_ioreq.c ****   *         Receives the Device Response to the Interrupt IN token
 230:./Libraries/STM32_USB_Host_Library/Core/Src/usbh_ioreq.c ****   * @param  phost: Host Handle
 231:./Libraries/STM32_USB_Host_Library/Core/Src/usbh_ioreq.c ****   * @param  buff: Buffer pointer in which the response needs to be copied
 232:./Libraries/STM32_USB_Host_Library/Core/Src/usbh_ioreq.c ****   * @param  length: Length of the data to be received
 233:./Libraries/STM32_USB_Host_Library/Core/Src/usbh_ioreq.c ****   * @param  pipe_num: Pipe Number
 234:./Libraries/STM32_USB_Host_Library/Core/Src/usbh_ioreq.c ****   * @retval USBH Status.
 235:./Libraries/STM32_USB_Host_Library/Core/Src/usbh_ioreq.c ****   */
 236:./Libraries/STM32_USB_Host_Library/Core/Src/usbh_ioreq.c **** USBH_StatusTypeDef USBH_InterruptReceiveData(USBH_HandleTypeDef *phost,
 237:./Libraries/STM32_USB_Host_Library/Core/Src/usbh_ioreq.c ****                                              uint8_t *buff,
 238:./Libraries/STM32_USB_Host_Library/Core/Src/usbh_ioreq.c ****                                              uint8_t length,
 239:./Libraries/STM32_USB_Host_Library/Core/Src/usbh_ioreq.c ****                                              uint8_t pipe_num)
 240:./Libraries/STM32_USB_Host_Library/Core/Src/usbh_ioreq.c **** {
 354              		.loc 1 240 1
 355              		.cfi_startproc
 356              		@ args = 0, pretend = 0, frame = 16
 357              		@ frame_needed = 1, uses_anonymous_args = 0
 358 0000 80B5     		push	{r7, lr}
 359              	.LCFI25:
 360              		.cfi_def_cfa_offset 8
 361              		.cfi_offset 7, -8
 362              		.cfi_offset 14, -4
 363 0002 88B0     		sub	sp, sp, #32
 364              	.LCFI26:
 365              		.cfi_def_cfa_offset 40
 366 0004 04AF     		add	r7, sp, #16
 367              	.LCFI27:
 368              		.cfi_def_cfa 7, 24
 369 0006 F860     		str	r0, [r7, #12]
 370 0008 B960     		str	r1, [r7, #8]
 371 000a 1146     		mov	r1, r2
 372 000c 1A46     		mov	r2, r3
 373 000e 0B46     		mov	r3, r1
 374 0010 FB71     		strb	r3, [r7, #7]
 375 0012 1346     		mov	r3, r2
 376 0014 BB71     		strb	r3, [r7, #6]
 241:./Libraries/STM32_USB_Host_Library/Core/Src/usbh_ioreq.c ****   USBH_LL_SubmitURB(phost,                      /* Driver handle    */
 377              		.loc 1 241 3
 378 0016 FB79     		ldrb	r3, [r7, #7]	@ zero_extendqisi2
 379 0018 9BB2     		uxth	r3, r3
 380 001a B979     		ldrb	r1, [r7, #6]	@ zero_extendqisi2
 381 001c 0022     		movs	r2, #0
 382 001e 0392     		str	r2, [sp, #12]
 383 0020 0293     		str	r3, [sp, #8]
 384 0022 BB68     		ldr	r3, [r7, #8]
 385 0024 0193     		str	r3, [sp, #4]
 386 0026 0123     		movs	r3, #1
 387 0028 0093     		str	r3, [sp]
 388 002a 0323     		movs	r3, #3
 389 002c 0122     		movs	r2, #1
 390 002e F868     		ldr	r0, [r7, #12]
 391 0030 FFF7FEFF 		bl	USBH_LL_SubmitURB
 242:./Libraries/STM32_USB_Host_Library/Core/Src/usbh_ioreq.c ****                     pipe_num,             /* Pipe index       */
 243:./Libraries/STM32_USB_Host_Library/Core/Src/usbh_ioreq.c ****                     1U,                   /* Direction : IN   */
 244:./Libraries/STM32_USB_Host_Library/Core/Src/usbh_ioreq.c ****                     USBH_EP_INTERRUPT,    /* EP type          */
 245:./Libraries/STM32_USB_Host_Library/Core/Src/usbh_ioreq.c ****                     USBH_PID_DATA,        /* Type Data        */
 246:./Libraries/STM32_USB_Host_Library/Core/Src/usbh_ioreq.c ****                     buff,                 /* data buffer      */
 247:./Libraries/STM32_USB_Host_Library/Core/Src/usbh_ioreq.c ****                     (uint16_t)length,     /* data length      */
ARM GAS  /tmp/cc1yteXS.s 			page 12


 248:./Libraries/STM32_USB_Host_Library/Core/Src/usbh_ioreq.c ****                     0U);
 249:./Libraries/STM32_USB_Host_Library/Core/Src/usbh_ioreq.c **** 
 250:./Libraries/STM32_USB_Host_Library/Core/Src/usbh_ioreq.c ****   return USBH_OK;
 392              		.loc 1 250 10
 393 0034 0023     		movs	r3, #0
 251:./Libraries/STM32_USB_Host_Library/Core/Src/usbh_ioreq.c **** }
 394              		.loc 1 251 1
 395 0036 1846     		mov	r0, r3
 396 0038 1037     		adds	r7, r7, #16
 397              	.LCFI28:
 398              		.cfi_def_cfa_offset 8
 399 003a BD46     		mov	sp, r7
 400              	.LCFI29:
 401              		.cfi_def_cfa_register 13
 402              		@ sp needed
 403 003c 80BD     		pop	{r7, pc}
 404              		.cfi_endproc
 405              	.LFE343:
 407              		.section	.text.USBH_InterruptSendData,"ax",%progbits
 408              		.align	1
 409              		.global	USBH_InterruptSendData
 410              		.syntax unified
 411              		.thumb
 412              		.thumb_func
 413              		.fpu fpv5-d16
 415              	USBH_InterruptSendData:
 416              	.LFB344:
 252:./Libraries/STM32_USB_Host_Library/Core/Src/usbh_ioreq.c **** 
 253:./Libraries/STM32_USB_Host_Library/Core/Src/usbh_ioreq.c **** /**
 254:./Libraries/STM32_USB_Host_Library/Core/Src/usbh_ioreq.c ****   * @brief  USBH_InterruptSendData
 255:./Libraries/STM32_USB_Host_Library/Core/Src/usbh_ioreq.c ****   *         Sends the data on Interrupt OUT Endpoint
 256:./Libraries/STM32_USB_Host_Library/Core/Src/usbh_ioreq.c ****   * @param  phost: Host Handle
 257:./Libraries/STM32_USB_Host_Library/Core/Src/usbh_ioreq.c ****   * @param  buff: Buffer pointer from where the data needs to be copied
 258:./Libraries/STM32_USB_Host_Library/Core/Src/usbh_ioreq.c ****   * @param  length: Length of the data to be sent
 259:./Libraries/STM32_USB_Host_Library/Core/Src/usbh_ioreq.c ****   * @param  pipe_num: Pipe Number
 260:./Libraries/STM32_USB_Host_Library/Core/Src/usbh_ioreq.c ****   * @retval USBH Status.
 261:./Libraries/STM32_USB_Host_Library/Core/Src/usbh_ioreq.c ****   */
 262:./Libraries/STM32_USB_Host_Library/Core/Src/usbh_ioreq.c **** USBH_StatusTypeDef USBH_InterruptSendData(USBH_HandleTypeDef *phost,
 263:./Libraries/STM32_USB_Host_Library/Core/Src/usbh_ioreq.c ****                                           uint8_t *buff,
 264:./Libraries/STM32_USB_Host_Library/Core/Src/usbh_ioreq.c ****                                           uint8_t length,
 265:./Libraries/STM32_USB_Host_Library/Core/Src/usbh_ioreq.c ****                                           uint8_t pipe_num)
 266:./Libraries/STM32_USB_Host_Library/Core/Src/usbh_ioreq.c **** {
 417              		.loc 1 266 1
 418              		.cfi_startproc
 419              		@ args = 0, pretend = 0, frame = 16
 420              		@ frame_needed = 1, uses_anonymous_args = 0
 421 0000 80B5     		push	{r7, lr}
 422              	.LCFI30:
 423              		.cfi_def_cfa_offset 8
 424              		.cfi_offset 7, -8
 425              		.cfi_offset 14, -4
 426 0002 88B0     		sub	sp, sp, #32
 427              	.LCFI31:
 428              		.cfi_def_cfa_offset 40
 429 0004 04AF     		add	r7, sp, #16
 430              	.LCFI32:
 431              		.cfi_def_cfa 7, 24
ARM GAS  /tmp/cc1yteXS.s 			page 13


 432 0006 F860     		str	r0, [r7, #12]
 433 0008 B960     		str	r1, [r7, #8]
 434 000a 1146     		mov	r1, r2
 435 000c 1A46     		mov	r2, r3
 436 000e 0B46     		mov	r3, r1
 437 0010 FB71     		strb	r3, [r7, #7]
 438 0012 1346     		mov	r3, r2
 439 0014 BB71     		strb	r3, [r7, #6]
 267:./Libraries/STM32_USB_Host_Library/Core/Src/usbh_ioreq.c ****   USBH_LL_SubmitURB(phost,                      /* Driver handle    */
 440              		.loc 1 267 3
 441 0016 FB79     		ldrb	r3, [r7, #7]	@ zero_extendqisi2
 442 0018 9BB2     		uxth	r3, r3
 443 001a B979     		ldrb	r1, [r7, #6]	@ zero_extendqisi2
 444 001c 0022     		movs	r2, #0
 445 001e 0392     		str	r2, [sp, #12]
 446 0020 0293     		str	r3, [sp, #8]
 447 0022 BB68     		ldr	r3, [r7, #8]
 448 0024 0193     		str	r3, [sp, #4]
 449 0026 0123     		movs	r3, #1
 450 0028 0093     		str	r3, [sp]
 451 002a 0323     		movs	r3, #3
 452 002c 0022     		movs	r2, #0
 453 002e F868     		ldr	r0, [r7, #12]
 454 0030 FFF7FEFF 		bl	USBH_LL_SubmitURB
 268:./Libraries/STM32_USB_Host_Library/Core/Src/usbh_ioreq.c ****                     pipe_num,             /* Pipe index       */
 269:./Libraries/STM32_USB_Host_Library/Core/Src/usbh_ioreq.c ****                     0U,                   /* Direction : OUT   */
 270:./Libraries/STM32_USB_Host_Library/Core/Src/usbh_ioreq.c ****                     USBH_EP_INTERRUPT,    /* EP type          */
 271:./Libraries/STM32_USB_Host_Library/Core/Src/usbh_ioreq.c ****                     USBH_PID_DATA,        /* Type Data        */
 272:./Libraries/STM32_USB_Host_Library/Core/Src/usbh_ioreq.c ****                     buff,                 /* data buffer      */
 273:./Libraries/STM32_USB_Host_Library/Core/Src/usbh_ioreq.c ****                     (uint16_t)length,     /* data length      */
 274:./Libraries/STM32_USB_Host_Library/Core/Src/usbh_ioreq.c ****                     0U);
 275:./Libraries/STM32_USB_Host_Library/Core/Src/usbh_ioreq.c **** 
 276:./Libraries/STM32_USB_Host_Library/Core/Src/usbh_ioreq.c ****   return USBH_OK;
 455              		.loc 1 276 10
 456 0034 0023     		movs	r3, #0
 277:./Libraries/STM32_USB_Host_Library/Core/Src/usbh_ioreq.c **** }
 457              		.loc 1 277 1
 458 0036 1846     		mov	r0, r3
 459 0038 1037     		adds	r7, r7, #16
 460              	.LCFI33:
 461              		.cfi_def_cfa_offset 8
 462 003a BD46     		mov	sp, r7
 463              	.LCFI34:
 464              		.cfi_def_cfa_register 13
 465              		@ sp needed
 466 003c 80BD     		pop	{r7, pc}
 467              		.cfi_endproc
 468              	.LFE344:
 470              		.section	.text.USBH_IsocReceiveData,"ax",%progbits
 471              		.align	1
 472              		.global	USBH_IsocReceiveData
 473              		.syntax unified
 474              		.thumb
 475              		.thumb_func
 476              		.fpu fpv5-d16
 478              	USBH_IsocReceiveData:
 479              	.LFB345:
ARM GAS  /tmp/cc1yteXS.s 			page 14


 278:./Libraries/STM32_USB_Host_Library/Core/Src/usbh_ioreq.c **** 
 279:./Libraries/STM32_USB_Host_Library/Core/Src/usbh_ioreq.c **** /**
 280:./Libraries/STM32_USB_Host_Library/Core/Src/usbh_ioreq.c ****   * @brief  USBH_IsocReceiveData
 281:./Libraries/STM32_USB_Host_Library/Core/Src/usbh_ioreq.c ****   *         Receives the Device Response to the Isochronous IN token
 282:./Libraries/STM32_USB_Host_Library/Core/Src/usbh_ioreq.c ****   * @param  phost: Host Handle
 283:./Libraries/STM32_USB_Host_Library/Core/Src/usbh_ioreq.c ****   * @param  buff: Buffer pointer in which the response needs to be copied
 284:./Libraries/STM32_USB_Host_Library/Core/Src/usbh_ioreq.c ****   * @param  length: Length of the data to be received
 285:./Libraries/STM32_USB_Host_Library/Core/Src/usbh_ioreq.c ****   * @param  pipe_num: Pipe Number
 286:./Libraries/STM32_USB_Host_Library/Core/Src/usbh_ioreq.c ****   * @retval USBH Status.
 287:./Libraries/STM32_USB_Host_Library/Core/Src/usbh_ioreq.c ****   */
 288:./Libraries/STM32_USB_Host_Library/Core/Src/usbh_ioreq.c **** USBH_StatusTypeDef USBH_IsocReceiveData(USBH_HandleTypeDef *phost,
 289:./Libraries/STM32_USB_Host_Library/Core/Src/usbh_ioreq.c ****                                         uint8_t *buff,
 290:./Libraries/STM32_USB_Host_Library/Core/Src/usbh_ioreq.c ****                                         uint32_t length,
 291:./Libraries/STM32_USB_Host_Library/Core/Src/usbh_ioreq.c ****                                         uint8_t pipe_num)
 292:./Libraries/STM32_USB_Host_Library/Core/Src/usbh_ioreq.c **** {
 480              		.loc 1 292 1
 481              		.cfi_startproc
 482              		@ args = 0, pretend = 0, frame = 16
 483              		@ frame_needed = 1, uses_anonymous_args = 0
 484 0000 80B5     		push	{r7, lr}
 485              	.LCFI35:
 486              		.cfi_def_cfa_offset 8
 487              		.cfi_offset 7, -8
 488              		.cfi_offset 14, -4
 489 0002 88B0     		sub	sp, sp, #32
 490              	.LCFI36:
 491              		.cfi_def_cfa_offset 40
 492 0004 04AF     		add	r7, sp, #16
 493              	.LCFI37:
 494              		.cfi_def_cfa 7, 24
 495 0006 F860     		str	r0, [r7, #12]
 496 0008 B960     		str	r1, [r7, #8]
 497 000a 7A60     		str	r2, [r7, #4]
 498 000c FB70     		strb	r3, [r7, #3]
 293:./Libraries/STM32_USB_Host_Library/Core/Src/usbh_ioreq.c ****   USBH_LL_SubmitURB(phost,                      /* Driver handle    */
 499              		.loc 1 293 3
 500 000e 7B68     		ldr	r3, [r7, #4]
 501 0010 9BB2     		uxth	r3, r3
 502 0012 F978     		ldrb	r1, [r7, #3]	@ zero_extendqisi2
 503 0014 0022     		movs	r2, #0
 504 0016 0392     		str	r2, [sp, #12]
 505 0018 0293     		str	r3, [sp, #8]
 506 001a BB68     		ldr	r3, [r7, #8]
 507 001c 0193     		str	r3, [sp, #4]
 508 001e 0123     		movs	r3, #1
 509 0020 0093     		str	r3, [sp]
 510 0022 0123     		movs	r3, #1
 511 0024 0122     		movs	r2, #1
 512 0026 F868     		ldr	r0, [r7, #12]
 513 0028 FFF7FEFF 		bl	USBH_LL_SubmitURB
 294:./Libraries/STM32_USB_Host_Library/Core/Src/usbh_ioreq.c ****                     pipe_num,             /* Pipe index       */
 295:./Libraries/STM32_USB_Host_Library/Core/Src/usbh_ioreq.c ****                     1U,                   /* Direction : IN   */
 296:./Libraries/STM32_USB_Host_Library/Core/Src/usbh_ioreq.c ****                     USBH_EP_ISO,          /* EP type          */
 297:./Libraries/STM32_USB_Host_Library/Core/Src/usbh_ioreq.c ****                     USBH_PID_DATA,        /* Type Data        */
 298:./Libraries/STM32_USB_Host_Library/Core/Src/usbh_ioreq.c ****                     buff,                 /* data buffer      */
 299:./Libraries/STM32_USB_Host_Library/Core/Src/usbh_ioreq.c ****                     (uint16_t)length,     /* data length      */
 300:./Libraries/STM32_USB_Host_Library/Core/Src/usbh_ioreq.c ****                     0U);
ARM GAS  /tmp/cc1yteXS.s 			page 15


 301:./Libraries/STM32_USB_Host_Library/Core/Src/usbh_ioreq.c **** 
 302:./Libraries/STM32_USB_Host_Library/Core/Src/usbh_ioreq.c **** 
 303:./Libraries/STM32_USB_Host_Library/Core/Src/usbh_ioreq.c ****   return USBH_OK;
 514              		.loc 1 303 10
 515 002c 0023     		movs	r3, #0
 304:./Libraries/STM32_USB_Host_Library/Core/Src/usbh_ioreq.c **** }
 516              		.loc 1 304 1
 517 002e 1846     		mov	r0, r3
 518 0030 1037     		adds	r7, r7, #16
 519              	.LCFI38:
 520              		.cfi_def_cfa_offset 8
 521 0032 BD46     		mov	sp, r7
 522              	.LCFI39:
 523              		.cfi_def_cfa_register 13
 524              		@ sp needed
 525 0034 80BD     		pop	{r7, pc}
 526              		.cfi_endproc
 527              	.LFE345:
 529              		.section	.text.USBH_IsocSendData,"ax",%progbits
 530              		.align	1
 531              		.global	USBH_IsocSendData
 532              		.syntax unified
 533              		.thumb
 534              		.thumb_func
 535              		.fpu fpv5-d16
 537              	USBH_IsocSendData:
 538              	.LFB346:
 305:./Libraries/STM32_USB_Host_Library/Core/Src/usbh_ioreq.c **** 
 306:./Libraries/STM32_USB_Host_Library/Core/Src/usbh_ioreq.c **** /**
 307:./Libraries/STM32_USB_Host_Library/Core/Src/usbh_ioreq.c ****   * @brief  USBH_IsocSendData
 308:./Libraries/STM32_USB_Host_Library/Core/Src/usbh_ioreq.c ****   *         Sends the data on Isochronous OUT Endpoint
 309:./Libraries/STM32_USB_Host_Library/Core/Src/usbh_ioreq.c ****   * @param  phost: Host Handle
 310:./Libraries/STM32_USB_Host_Library/Core/Src/usbh_ioreq.c ****   * @param  buff: Buffer pointer from where the data needs to be copied
 311:./Libraries/STM32_USB_Host_Library/Core/Src/usbh_ioreq.c ****   * @param  length: Length of the data to be sent
 312:./Libraries/STM32_USB_Host_Library/Core/Src/usbh_ioreq.c ****   * @param  pipe_num: Pipe Number
 313:./Libraries/STM32_USB_Host_Library/Core/Src/usbh_ioreq.c ****   * @retval USBH Status.
 314:./Libraries/STM32_USB_Host_Library/Core/Src/usbh_ioreq.c ****   */
 315:./Libraries/STM32_USB_Host_Library/Core/Src/usbh_ioreq.c **** USBH_StatusTypeDef USBH_IsocSendData(USBH_HandleTypeDef *phost,
 316:./Libraries/STM32_USB_Host_Library/Core/Src/usbh_ioreq.c ****                                      uint8_t *buff,
 317:./Libraries/STM32_USB_Host_Library/Core/Src/usbh_ioreq.c ****                                      uint32_t length,
 318:./Libraries/STM32_USB_Host_Library/Core/Src/usbh_ioreq.c ****                                      uint8_t pipe_num)
 319:./Libraries/STM32_USB_Host_Library/Core/Src/usbh_ioreq.c **** {
 539              		.loc 1 319 1
 540              		.cfi_startproc
 541              		@ args = 0, pretend = 0, frame = 16
 542              		@ frame_needed = 1, uses_anonymous_args = 0
 543 0000 80B5     		push	{r7, lr}
 544              	.LCFI40:
 545              		.cfi_def_cfa_offset 8
 546              		.cfi_offset 7, -8
 547              		.cfi_offset 14, -4
 548 0002 88B0     		sub	sp, sp, #32
 549              	.LCFI41:
 550              		.cfi_def_cfa_offset 40
 551 0004 04AF     		add	r7, sp, #16
 552              	.LCFI42:
 553              		.cfi_def_cfa 7, 24
ARM GAS  /tmp/cc1yteXS.s 			page 16


 554 0006 F860     		str	r0, [r7, #12]
 555 0008 B960     		str	r1, [r7, #8]
 556 000a 7A60     		str	r2, [r7, #4]
 557 000c FB70     		strb	r3, [r7, #3]
 320:./Libraries/STM32_USB_Host_Library/Core/Src/usbh_ioreq.c ****   USBH_LL_SubmitURB(phost,                      /* Driver handle    */
 558              		.loc 1 320 3
 559 000e 7B68     		ldr	r3, [r7, #4]
 560 0010 9BB2     		uxth	r3, r3
 561 0012 F978     		ldrb	r1, [r7, #3]	@ zero_extendqisi2
 562 0014 0022     		movs	r2, #0
 563 0016 0392     		str	r2, [sp, #12]
 564 0018 0293     		str	r3, [sp, #8]
 565 001a BB68     		ldr	r3, [r7, #8]
 566 001c 0193     		str	r3, [sp, #4]
 567 001e 0123     		movs	r3, #1
 568 0020 0093     		str	r3, [sp]
 569 0022 0123     		movs	r3, #1
 570 0024 0022     		movs	r2, #0
 571 0026 F868     		ldr	r0, [r7, #12]
 572 0028 FFF7FEFF 		bl	USBH_LL_SubmitURB
 321:./Libraries/STM32_USB_Host_Library/Core/Src/usbh_ioreq.c ****                     pipe_num,             /* Pipe index       */
 322:./Libraries/STM32_USB_Host_Library/Core/Src/usbh_ioreq.c ****                     0U,                   /* Direction : OUT   */
 323:./Libraries/STM32_USB_Host_Library/Core/Src/usbh_ioreq.c ****                     USBH_EP_ISO,          /* EP type          */
 324:./Libraries/STM32_USB_Host_Library/Core/Src/usbh_ioreq.c ****                     USBH_PID_DATA,        /* Type Data        */
 325:./Libraries/STM32_USB_Host_Library/Core/Src/usbh_ioreq.c ****                     buff,                 /* data buffer      */
 326:./Libraries/STM32_USB_Host_Library/Core/Src/usbh_ioreq.c ****                     (uint16_t)length,     /* data length      */
 327:./Libraries/STM32_USB_Host_Library/Core/Src/usbh_ioreq.c ****                     0U);
 328:./Libraries/STM32_USB_Host_Library/Core/Src/usbh_ioreq.c **** 
 329:./Libraries/STM32_USB_Host_Library/Core/Src/usbh_ioreq.c ****   return USBH_OK;
 573              		.loc 1 329 10
 574 002c 0023     		movs	r3, #0
 330:./Libraries/STM32_USB_Host_Library/Core/Src/usbh_ioreq.c **** }
 575              		.loc 1 330 1
 576 002e 1846     		mov	r0, r3
 577 0030 1037     		adds	r7, r7, #16
 578              	.LCFI43:
 579              		.cfi_def_cfa_offset 8
 580 0032 BD46     		mov	sp, r7
 581              	.LCFI44:
 582              		.cfi_def_cfa_register 13
 583              		@ sp needed
 584 0034 80BD     		pop	{r7, pc}
 585              		.cfi_endproc
 586              	.LFE346:
 588              		.text
 589              	.Letext0:
 590              		.file 2 "/usr/lib/gcc/arm-none-eabi/9.2.1/include/stdint.h"
 591              		.file 3 "./Libraries/CMSIS/Core/Include/core_cm7.h"
 592              		.file 4 "./Libraries/CMSIS/Device/ST/STM32H7xx/Include/system_stm32h7xx.h"
 593              		.file 5 "/usr/lib/gcc/arm-none-eabi/9.2.1/include/stddef.h"
 594              		.file 6 "/usr/include/newlib/sys/_types.h"
 595              		.file 7 "/usr/include/newlib/sys/reent.h"
 596              		.file 8 "/usr/include/newlib/sys/lock.h"
 597              		.file 9 "/usr/include/newlib/math.h"
 598              		.file 10 "./Libraries/STM32H7xx_HAL_Driver/Inc/stm32h7xx_hal_def.h"
 599              		.file 11 "./Libraries/STM32H7xx_HAL_Driver/Inc/stm32h7xx_hal_flash.h"
 600              		.file 12 "./Libraries/STM32H7xx_HAL_Driver/Inc/stm32h7xx_hal_uart.h"
ARM GAS  /tmp/cc1yteXS.s 			page 17


 601              		.file 13 "./Libraries/STM32H7xx_HAL_Driver/Inc/stm32h7xx_hal.h"
 602              		.file 14 "/usr/include/newlib/stdlib.h"
 603              		.file 15 "./Libraries/FreeRTOS/Source/CMSIS_RTOS/cmsis_os2.h"
 604              		.file 16 "./Libraries/STM32_USB_Host_Library/Core/Inc/usbh_def.h"
 605              		.file 17 "./Libraries/STM32_USB_Host_Library/Core/Inc/usbh_ctlreq.h"
ARM GAS  /tmp/cc1yteXS.s 			page 18


DEFINED SYMBOLS
                            *ABS*:0000000000000000 usbh_ioreq.c
     /tmp/cc1yteXS.s:17     .text.USBH_CtlSendSetup:0000000000000000 $t
     /tmp/cc1yteXS.s:25     .text.USBH_CtlSendSetup:0000000000000000 USBH_CtlSendSetup
     /tmp/cc1yteXS.s:77     .text.USBH_CtlSendData:0000000000000000 $t
     /tmp/cc1yteXS.s:84     .text.USBH_CtlSendData:0000000000000000 USBH_CtlSendData
     /tmp/cc1yteXS.s:149    .text.USBH_CtlReceiveData:0000000000000000 $t
     /tmp/cc1yteXS.s:156    .text.USBH_CtlReceiveData:0000000000000000 USBH_CtlReceiveData
     /tmp/cc1yteXS.s:211    .text.USBH_BulkSendData:0000000000000000 $t
     /tmp/cc1yteXS.s:218    .text.USBH_BulkSendData:0000000000000000 USBH_BulkSendData
     /tmp/cc1yteXS.s:283    .text.USBH_BulkReceiveData:0000000000000000 $t
     /tmp/cc1yteXS.s:290    .text.USBH_BulkReceiveData:0000000000000000 USBH_BulkReceiveData
     /tmp/cc1yteXS.s:345    .text.USBH_InterruptReceiveData:0000000000000000 $t
     /tmp/cc1yteXS.s:352    .text.USBH_InterruptReceiveData:0000000000000000 USBH_InterruptReceiveData
     /tmp/cc1yteXS.s:408    .text.USBH_InterruptSendData:0000000000000000 $t
     /tmp/cc1yteXS.s:415    .text.USBH_InterruptSendData:0000000000000000 USBH_InterruptSendData
     /tmp/cc1yteXS.s:471    .text.USBH_IsocReceiveData:0000000000000000 $t
     /tmp/cc1yteXS.s:478    .text.USBH_IsocReceiveData:0000000000000000 USBH_IsocReceiveData
     /tmp/cc1yteXS.s:530    .text.USBH_IsocSendData:0000000000000000 $t
     /tmp/cc1yteXS.s:537    .text.USBH_IsocSendData:0000000000000000 USBH_IsocSendData

UNDEFINED SYMBOLS
USBH_LL_SubmitURB
